[17.709s] Invoking command in '/home/admin1/URC/urc_ws_interbotix/src/IMU_control': DEBUGINFOD_URLS=https://debuginfod.ubuntu.com PYTHONPATH=/home/admin1/URC/build/IMU_control/prefix_override:/usr/lib/python3/dist-packages/colcon_core/task/python/colcon_distutils_commands:/home/admin1/URC/install/IMU_control/lib/python3.12/site-packages:${PYTHONPATH} /usr/bin/python3 -W ignore:setup.py install is deprecated -W ignore:easy_install command is deprecated setup.py egg_info --egg-base ../../../build/IMU_control build --build-base /home/admin1/URC/build/IMU_control/build install --record /home/admin1/URC/build/IMU_control/install.log --single-version-externally-managed install_data
[21.209s] running egg_info
[21.533s] writing ../../../build/IMU_control/IMU_control.egg-info/PKG-INFO
[21.541s] writing dependency_links to ../../../build/IMU_control/IMU_control.egg-info/dependency_links.txt
[21.542s] writing entry points to ../../../build/IMU_control/IMU_control.egg-info/entry_points.txt
[21.549s] writing requirements to ../../../build/IMU_control/IMU_control.egg-info/requires.txt
[21.551s] writing top-level names to ../../../build/IMU_control/IMU_control.egg-info/top_level.txt
[22.346s] reading manifest file '../../../build/IMU_control/IMU_control.egg-info/SOURCES.txt'
[22.359s] writing manifest file '../../../build/IMU_control/IMU_control.egg-info/SOURCES.txt'
[22.365s] running build
[22.366s] running build_py
[22.382s] running install
[22.487s] running install_lib
[23.007s] running install_data
[23.012s] running install_egg_info
[23.261s] removing '/home/admin1/URC/install/IMU_control/lib/python3.12/site-packages/IMU_control-0.0.0-py3.12.egg-info' (and everything under it)
[23.277s] Copying ../../../build/IMU_control/IMU_control.egg-info to /home/admin1/URC/install/IMU_control/lib/python3.12/site-packages/IMU_control-0.0.0-py3.12.egg-info
[23.292s] running install_scripts
[24.916s] Installing IMU_control script to /home/admin1/URC/install/IMU_control/lib/IMU_control
[24.940s] writing list of installed files to '/home/admin1/URC/build/IMU_control/install.log'
[26.953s] Invoked command in '/home/admin1/URC/urc_ws_interbotix/src/IMU_control' returned '0': DEBUGINFOD_URLS=https://debuginfod.ubuntu.com PYTHONPATH=/home/admin1/URC/build/IMU_control/prefix_override:/usr/lib/python3/dist-packages/colcon_core/task/python/colcon_distutils_commands:/home/admin1/URC/install/IMU_control/lib/python3.12/site-packages:${PYTHONPATH} /usr/bin/python3 -W ignore:setup.py install is deprecated -W ignore:easy_install command is deprecated setup.py egg_info --egg-base ../../../build/IMU_control build --build-base /home/admin1/URC/build/IMU_control/build install --record /home/admin1/URC/build/IMU_control/install.log --single-version-externally-managed install_data
