[0.107s] Invoking command in '/home/adam/URC/build/receiver': CMAKE_PREFIX_PATH=${CMAKE_PREFIX_PATH}:/home/adam/interbotix_ws/install/interbotix_xs_modules:/home/adam/interbotix_ws/install/interbotix_perception_modules:/home/adam/interbotix_ws/install/interbotix_common_modules:/opt/ros/galactic /usr/bin/cmake /home/adam/URC/urc_ws_interbotix/src/receiver -DCMAKE_INSTALL_PREFIX=/home/adam/URC/install/receiver
[0.647s] -- The C compiler identification is GNU 9.4.0
[1.074s] -- The CXX compiler identification is GNU 9.4.0
[1.112s] -- Check for working C compiler: /usr/bin/cc
[1.586s] -- Check for working C compiler: /usr/bin/cc -- works
[1.590s] -- Detecting C compiler ABI info
[2.159s] -- Detecting C compiler ABI info - done
[2.229s] -- Detecting C compile features
[2.230s] -- Detecting C compile features - done
[2.245s] -- Check for working CXX compiler: /usr/bin/c++
[2.961s] -- Check for working CXX compiler: /usr/bin/c++ -- works
[2.962s] -- Detecting CXX compiler ABI info
[3.406s] -- Detecting CXX compiler ABI info - done
[3.452s] -- Detecting CXX compile features
[3.453s] -- Detecting CXX compile features - done
[3.484s] -- Found ament_cmake: 1.1.6 (/opt/ros/galactic/share/ament_cmake/cmake)
[3.608s] -- Found PythonInterp: /usr/bin/python3 (found suitable version "3.8.10", minimum required is "3") 
[3.609s] -- Using PYTHON_EXECUTABLE: /usr/bin/python3
[3.904s] -- Found rclcpp: 9.2.2 (/opt/ros/galactic/share/rclcpp/cmake)
[4.114s] -- Using all available rosidl_typesupport_c: rosidl_typesupport_fastrtps_c;rosidl_typesupport_introspection_c
[4.161s] -- Found rosidl_adapter: 2.2.3 (/opt/ros/galactic/share/rosidl_adapter/cmake)
[4.530s] -- Found OpenSSL: /usr/lib/x86_64-linux-gnu/libcrypto.so (found version "1.1.1f")  
[4.675s] -- Found FastRTPS: /opt/ros/galactic/include  
[5.060s] -- Using all available rosidl_typesupport_cpp: rosidl_typesupport_fastrtps_cpp;rosidl_typesupport_introspection_cpp
[5.359s] -- Found rmw_implementation_cmake: 3.3.1 (/opt/ros/galactic/share/rmw_implementation_cmake/cmake)
[5.407s] -- Found rmw_cyclonedds_cpp: 0.22.6 (/opt/ros/galactic/share/rmw_cyclonedds_cpp/cmake)
[5.535s] -- Using RMW implementation 'rmw_cyclonedds_cpp' as default
[5.542s] -- Looking for pthread.h
[5.975s] -- Looking for pthread.h - found
[5.976s] -- Performing Test CMAKE_HAVE_LIBC_PTHREAD
[6.222s] -- Performing Test CMAKE_HAVE_LIBC_PTHREAD - Failed
[6.222s] -- Looking for pthread_create in pthreads
[6.803s] -- Looking for pthread_create in pthreads - not found
[6.803s] -- Looking for pthread_create in pthread
[7.433s] -- Looking for pthread_create in pthread - found
[7.435s] -- Found Threads: TRUE  
[8.208s] -- Found sensor_msgs: 2.2.4 (/opt/ros/galactic/share/sensor_msgs/cmake)
[8.971s] -- Found ament_lint_auto: 0.10.7 (/opt/ros/galactic/share/ament_lint_auto/cmake)
[9.496s] -- Added test 'cppcheck' to perform static code analysis on C / C++ code
[9.497s] -- Configured cppcheck include dirs: 
[9.497s] -- Configured cppcheck exclude dirs and/or files: 
[9.502s] -- Added test 'flake8' to check Python code syntax and style conventions
[9.519s] -- Added test 'lint_cmake' to check CMake code style
[9.528s] -- Added test 'pep257' to check Python code against some of the style conventions in PEP 257
[9.537s] -- Added test 'uncrustify' to check C / C++ code style
[9.538s] -- Configured uncrustify additional arguments: 
[9.543s] -- Added test 'xmllint' to check XML markup files
[9.584s] -- Configuring done
[9.641s] -- Generating done
[9.667s] -- Build files have been written to: /home/adam/URC/build/receiver
[9.704s] Invoked command in '/home/adam/URC/build/receiver' returned '0': CMAKE_PREFIX_PATH=${CMAKE_PREFIX_PATH}:/home/adam/interbotix_ws/install/interbotix_xs_modules:/home/adam/interbotix_ws/install/interbotix_perception_modules:/home/adam/interbotix_ws/install/interbotix_common_modules:/opt/ros/galactic /usr/bin/cmake /home/adam/URC/urc_ws_interbotix/src/receiver -DCMAKE_INSTALL_PREFIX=/home/adam/URC/install/receiver
[9.705s] Invoking command in '/home/adam/URC/build/receiver': CMAKE_PREFIX_PATH=${CMAKE_PREFIX_PATH}:/home/adam/interbotix_ws/install/interbotix_xs_modules:/home/adam/interbotix_ws/install/interbotix_perception_modules:/home/adam/interbotix_ws/install/interbotix_common_modules:/opt/ros/galactic /usr/bin/cmake --build /home/adam/URC/build/receiver -- -j4 -l4
[10.010s] [35m[1mScanning dependencies of target receive[0m
[10.258s] [ 50%] [32mBuilding CXX object CMakeFiles/receive.dir/src/receive.cpp.o[0m
[29.788s] [100%] [32m[1mLinking CXX executable receive[0m
[30.627s] [100%] Built target receive
[30.682s] Invoked command in '/home/adam/URC/build/receiver' returned '0': CMAKE_PREFIX_PATH=${CMAKE_PREFIX_PATH}:/home/adam/interbotix_ws/install/interbotix_xs_modules:/home/adam/interbotix_ws/install/interbotix_perception_modules:/home/adam/interbotix_ws/install/interbotix_common_modules:/opt/ros/galactic /usr/bin/cmake --build /home/adam/URC/build/receiver -- -j4 -l4
[30.686s] Invoking command in '/home/adam/URC/build/receiver': CMAKE_PREFIX_PATH=${CMAKE_PREFIX_PATH}:/home/adam/interbotix_ws/install/interbotix_xs_modules:/home/adam/interbotix_ws/install/interbotix_perception_modules:/home/adam/interbotix_ws/install/interbotix_common_modules:/opt/ros/galactic /usr/bin/cmake --install /home/adam/URC/build/receiver
[30.734s] -- Install configuration: ""
[30.734s] -- Installing: /home/adam/URC/install/receiver/share/receiver/launch
[30.734s] -- Installing: /home/adam/URC/install/receiver/share/receiver/launch/receiver_launch.py
[30.734s] -- Installing: /home/adam/URC/install/receiver/lib/receiver/receive
[30.747s] -- Set runtime path of "/home/adam/URC/install/receiver/lib/receiver/receive" to ""
[30.747s] -- Installing: /home/adam/URC/install/receiver/share/ament_index/resource_index/package_run_dependencies/receiver
[30.747s] -- Installing: /home/adam/URC/install/receiver/share/ament_index/resource_index/parent_prefix_path/receiver
[30.748s] -- Installing: /home/adam/URC/install/receiver/share/receiver/environment/ament_prefix_path.sh
[30.748s] -- Installing: /home/adam/URC/install/receiver/share/receiver/environment/ament_prefix_path.dsv
[30.748s] -- Installing: /home/adam/URC/install/receiver/share/receiver/environment/path.sh
[30.748s] -- Installing: /home/adam/URC/install/receiver/share/receiver/environment/path.dsv
[30.748s] -- Installing: /home/adam/URC/install/receiver/share/receiver/local_setup.bash
[30.749s] -- Installing: /home/adam/URC/install/receiver/share/receiver/local_setup.sh
[30.749s] -- Installing: /home/adam/URC/install/receiver/share/receiver/local_setup.zsh
[30.749s] -- Installing: /home/adam/URC/install/receiver/share/receiver/local_setup.dsv
[30.749s] -- Installing: /home/adam/URC/install/receiver/share/receiver/package.dsv
[30.749s] -- Installing: /home/adam/URC/install/receiver/share/ament_index/resource_index/packages/receiver
[30.750s] -- Installing: /home/adam/URC/install/receiver/share/receiver/cmake/receiverConfig.cmake
[30.750s] -- Installing: /home/adam/URC/install/receiver/share/receiver/cmake/receiverConfig-version.cmake
[30.750s] -- Installing: /home/adam/URC/install/receiver/share/receiver/package.xml
[30.761s] Invoked command in '/home/adam/URC/build/receiver' returned '0': CMAKE_PREFIX_PATH=${CMAKE_PREFIX_PATH}:/home/adam/interbotix_ws/install/interbotix_xs_modules:/home/adam/interbotix_ws/install/interbotix_perception_modules:/home/adam/interbotix_ws/install/interbotix_common_modules:/opt/ros/galactic /usr/bin/cmake --install /home/adam/URC/build/receiver
