[0.798s] Invoking command in '/home/adam/URC/urc_ws_interbotix/src/interbotix_xs_modules': AMENT_PREFIX_PATH=/home/adam/URC/install/interbotix_xs_sdk:/home/adam/URC/install/interbotix_xs_driver:/home/adam/URC/install/dynamixel_workbench_toolbox:/home/adam/URC/install/interbotix_xs_msgs:/home/adam/URC/install/interbotix_common_modules:/home/adam/URC/install/dynamixel_sdk:${AMENT_PREFIX_PATH} CMAKE_PREFIX_PATH=/home/adam/URC/install/interbotix_xs_sdk:/home/adam/URC/install/interbotix_xs_driver:/home/adam/URC/install/dynamixel_workbench_toolbox:/home/adam/URC/install/interbotix_xs_msgs:/home/adam/URC/install/dynamixel_sdk:${CMAKE_PREFIX_PATH} LD_LIBRARY_PATH=/home/adam/URC/install/interbotix_xs_driver/lib:/home/adam/URC/install/dynamixel_workbench_toolbox/lib:/home/adam/URC/install/interbotix_xs_msgs/lib:/home/adam/URC/install/dynamixel_sdk/lib:${LD_LIBRARY_PATH} PYTHONPATH=/home/adam/URC/build/interbotix_xs_modules/prefix_override:/usr/lib/python3/dist-packages/colcon_core/task/python/colcon_distutils_commands:/home/adam/URC/install/interbotix_xs_modules/lib/python3.8/site-packages:/home/adam/URC/install/interbotix_xs_msgs/lib/python3.8/site-packages:/home/adam/URC/install/interbotix_common_modules/lib/python3.8/site-packages:/home/adam/URC/install/dynamixel_sdk/lib/python3.8/site-packages:${PYTHONPATH} /usr/bin/python3 -W ignore:setup.py install is deprecated -W ignore:easy_install command is deprecated setup.py egg_info --egg-base ../../../build/interbotix_xs_modules build --build-base /home/adam/URC/build/interbotix_xs_modules/build install --record /home/adam/URC/build/interbotix_xs_modules/install.log --single-version-externally-managed install_data
[1.046s] running egg_info
[1.047s] creating ../../../build/interbotix_xs_modules/interbotix_xs_modules.egg-info
[1.047s] writing ../../../build/interbotix_xs_modules/interbotix_xs_modules.egg-info/PKG-INFO
[1.047s] writing dependency_links to ../../../build/interbotix_xs_modules/interbotix_xs_modules.egg-info/dependency_links.txt
[1.048s] writing entry points to ../../../build/interbotix_xs_modules/interbotix_xs_modules.egg-info/entry_points.txt
[1.048s] writing requirements to ../../../build/interbotix_xs_modules/interbotix_xs_modules.egg-info/requires.txt
[1.048s] writing top-level names to ../../../build/interbotix_xs_modules/interbotix_xs_modules.egg-info/top_level.txt
[1.050s] writing manifest file '../../../build/interbotix_xs_modules/interbotix_xs_modules.egg-info/SOURCES.txt'
[1.083s] reading manifest file '../../../build/interbotix_xs_modules/interbotix_xs_modules.egg-info/SOURCES.txt'
[1.084s] writing manifest file '../../../build/interbotix_xs_modules/interbotix_xs_modules.egg-info/SOURCES.txt'
[1.084s] running build
[1.084s] running build_py
[1.084s] creating /home/adam/URC/build/interbotix_xs_modules/build
[1.084s] creating /home/adam/URC/build/interbotix_xs_modules/build/lib
[1.084s] creating /home/adam/URC/build/interbotix_xs_modules/build/lib/interbotix_xs_modules
[1.084s] copying interbotix_xs_modules/__init__.py -> /home/adam/URC/build/interbotix_xs_modules/build/lib/interbotix_xs_modules
[1.085s] creating /home/adam/URC/build/interbotix_xs_modules/build/lib/interbotix_xs_modules/xs_common
[1.085s] copying interbotix_xs_modules/xs_common/__init__.py -> /home/adam/URC/build/interbotix_xs_modules/build/lib/interbotix_xs_modules/xs_common
[1.085s] copying interbotix_xs_modules/xs_common/xs_common.py -> /home/adam/URC/build/interbotix_xs_modules/build/lib/interbotix_xs_modules/xs_common
[1.085s] creating /home/adam/URC/build/interbotix_xs_modules/build/lib/interbotix_xs_modules/xs_robot
[1.085s] copying interbotix_xs_modules/xs_robot/turret.py -> /home/adam/URC/build/interbotix_xs_modules/build/lib/interbotix_xs_modules/xs_robot
[1.085s] copying interbotix_xs_modules/xs_robot/arm.py -> /home/adam/URC/build/interbotix_xs_modules/build/lib/interbotix_xs_modules/xs_robot
[1.085s] copying interbotix_xs_modules/xs_robot/create3.py -> /home/adam/URC/build/interbotix_xs_modules/build/lib/interbotix_xs_modules/xs_robot
[1.085s] copying interbotix_xs_modules/xs_robot/slate.py -> /home/adam/URC/build/interbotix_xs_modules/build/lib/interbotix_xs_modules/xs_robot
[1.086s] copying interbotix_xs_modules/xs_robot/__init__.py -> /home/adam/URC/build/interbotix_xs_modules/build/lib/interbotix_xs_modules/xs_robot
[1.086s] copying interbotix_xs_modules/xs_robot/gravity_compensation.py -> /home/adam/URC/build/interbotix_xs_modules/build/lib/interbotix_xs_modules/xs_robot
[1.086s] copying interbotix_xs_modules/xs_robot/gripper.py -> /home/adam/URC/build/interbotix_xs_modules/build/lib/interbotix_xs_modules/xs_robot
[1.086s] copying interbotix_xs_modules/xs_robot/core.py -> /home/adam/URC/build/interbotix_xs_modules/build/lib/interbotix_xs_modules/xs_robot
[1.086s] copying interbotix_xs_modules/xs_robot/hexapod.py -> /home/adam/URC/build/interbotix_xs_modules/build/lib/interbotix_xs_modules/xs_robot
[1.086s] copying interbotix_xs_modules/xs_robot/mobile_base.py -> /home/adam/URC/build/interbotix_xs_modules/build/lib/interbotix_xs_modules/xs_robot
[1.086s] copying interbotix_xs_modules/xs_robot/mr_descriptions.py -> /home/adam/URC/build/interbotix_xs_modules/build/lib/interbotix_xs_modules/xs_robot
[1.086s] copying interbotix_xs_modules/xs_robot/kobuki.py -> /home/adam/URC/build/interbotix_xs_modules/build/lib/interbotix_xs_modules/xs_robot
[1.087s] copying interbotix_xs_modules/xs_robot/locobot.py -> /home/adam/URC/build/interbotix_xs_modules/build/lib/interbotix_xs_modules/xs_robot
[1.087s] creating /home/adam/URC/build/interbotix_xs_modules/build/lib/interbotix_xs_modules/xs_launch
[1.087s] copying interbotix_xs_modules/xs_launch/xs_launch.py -> /home/adam/URC/build/interbotix_xs_modules/build/lib/interbotix_xs_modules/xs_launch
[1.087s] copying interbotix_xs_modules/xs_launch/__init__.py -> /home/adam/URC/build/interbotix_xs_modules/build/lib/interbotix_xs_modules/xs_launch
[1.087s] running install
[1.089s] running install_lib
[1.090s] creating /home/adam/URC/install/interbotix_xs_modules/lib/python3.8/site-packages/interbotix_xs_modules
[1.090s] creating /home/adam/URC/install/interbotix_xs_modules/lib/python3.8/site-packages/interbotix_xs_modules/xs_common
[1.090s] copying /home/adam/URC/build/interbotix_xs_modules/build/lib/interbotix_xs_modules/xs_common/__init__.py -> /home/adam/URC/install/interbotix_xs_modules/lib/python3.8/site-packages/interbotix_xs_modules/xs_common
[1.090s] copying /home/adam/URC/build/interbotix_xs_modules/build/lib/interbotix_xs_modules/xs_common/xs_common.py -> /home/adam/URC/install/interbotix_xs_modules/lib/python3.8/site-packages/interbotix_xs_modules/xs_common
[1.090s] copying /home/adam/URC/build/interbotix_xs_modules/build/lib/interbotix_xs_modules/__init__.py -> /home/adam/URC/install/interbotix_xs_modules/lib/python3.8/site-packages/interbotix_xs_modules
[1.090s] creating /home/adam/URC/install/interbotix_xs_modules/lib/python3.8/site-packages/interbotix_xs_modules/xs_robot
[1.090s] copying /home/adam/URC/build/interbotix_xs_modules/build/lib/interbotix_xs_modules/xs_robot/turret.py -> /home/adam/URC/install/interbotix_xs_modules/lib/python3.8/site-packages/interbotix_xs_modules/xs_robot
[1.091s] copying /home/adam/URC/build/interbotix_xs_modules/build/lib/interbotix_xs_modules/xs_robot/arm.py -> /home/adam/URC/install/interbotix_xs_modules/lib/python3.8/site-packages/interbotix_xs_modules/xs_robot
[1.091s] copying /home/adam/URC/build/interbotix_xs_modules/build/lib/interbotix_xs_modules/xs_robot/create3.py -> /home/adam/URC/install/interbotix_xs_modules/lib/python3.8/site-packages/interbotix_xs_modules/xs_robot
[1.091s] copying /home/adam/URC/build/interbotix_xs_modules/build/lib/interbotix_xs_modules/xs_robot/slate.py -> /home/adam/URC/install/interbotix_xs_modules/lib/python3.8/site-packages/interbotix_xs_modules/xs_robot
[1.091s] copying /home/adam/URC/build/interbotix_xs_modules/build/lib/interbotix_xs_modules/xs_robot/__init__.py -> /home/adam/URC/install/interbotix_xs_modules/lib/python3.8/site-packages/interbotix_xs_modules/xs_robot
[1.091s] copying /home/adam/URC/build/interbotix_xs_modules/build/lib/interbotix_xs_modules/xs_robot/gravity_compensation.py -> /home/adam/URC/install/interbotix_xs_modules/lib/python3.8/site-packages/interbotix_xs_modules/xs_robot
[1.091s] copying /home/adam/URC/build/interbotix_xs_modules/build/lib/interbotix_xs_modules/xs_robot/gripper.py -> /home/adam/URC/install/interbotix_xs_modules/lib/python3.8/site-packages/interbotix_xs_modules/xs_robot
[1.091s] copying /home/adam/URC/build/interbotix_xs_modules/build/lib/interbotix_xs_modules/xs_robot/core.py -> /home/adam/URC/install/interbotix_xs_modules/lib/python3.8/site-packages/interbotix_xs_modules/xs_robot
[1.092s] copying /home/adam/URC/build/interbotix_xs_modules/build/lib/interbotix_xs_modules/xs_robot/hexapod.py -> /home/adam/URC/install/interbotix_xs_modules/lib/python3.8/site-packages/interbotix_xs_modules/xs_robot
[1.092s] copying /home/adam/URC/build/interbotix_xs_modules/build/lib/interbotix_xs_modules/xs_robot/mobile_base.py -> /home/adam/URC/install/interbotix_xs_modules/lib/python3.8/site-packages/interbotix_xs_modules/xs_robot
[1.092s] copying /home/adam/URC/build/interbotix_xs_modules/build/lib/interbotix_xs_modules/xs_robot/mr_descriptions.py -> /home/adam/URC/install/interbotix_xs_modules/lib/python3.8/site-packages/interbotix_xs_modules/xs_robot
[1.092s] copying /home/adam/URC/build/interbotix_xs_modules/build/lib/interbotix_xs_modules/xs_robot/kobuki.py -> /home/adam/URC/install/interbotix_xs_modules/lib/python3.8/site-packages/interbotix_xs_modules/xs_robot
[1.092s] copying /home/adam/URC/build/interbotix_xs_modules/build/lib/interbotix_xs_modules/xs_robot/locobot.py -> /home/adam/URC/install/interbotix_xs_modules/lib/python3.8/site-packages/interbotix_xs_modules/xs_robot
[1.092s] creating /home/adam/URC/install/interbotix_xs_modules/lib/python3.8/site-packages/interbotix_xs_modules/xs_launch
[1.092s] copying /home/adam/URC/build/interbotix_xs_modules/build/lib/interbotix_xs_modules/xs_launch/xs_launch.py -> /home/adam/URC/install/interbotix_xs_modules/lib/python3.8/site-packages/interbotix_xs_modules/xs_launch
[1.092s] copying /home/adam/URC/build/interbotix_xs_modules/build/lib/interbotix_xs_modules/xs_launch/__init__.py -> /home/adam/URC/install/interbotix_xs_modules/lib/python3.8/site-packages/interbotix_xs_modules/xs_launch
[1.093s] byte-compiling /home/adam/URC/install/interbotix_xs_modules/lib/python3.8/site-packages/interbotix_xs_modules/xs_common/__init__.py to __init__.cpython-38.pyc
[1.094s] byte-compiling /home/adam/URC/install/interbotix_xs_modules/lib/python3.8/site-packages/interbotix_xs_modules/xs_common/xs_common.py to xs_common.cpython-38.pyc
[1.094s] byte-compiling /home/adam/URC/install/interbotix_xs_modules/lib/python3.8/site-packages/interbotix_xs_modules/__init__.py to __init__.cpython-38.pyc
[1.095s] byte-compiling /home/adam/URC/install/interbotix_xs_modules/lib/python3.8/site-packages/interbotix_xs_modules/xs_robot/turret.py to turret.cpython-38.pyc
[1.097s] byte-compiling /home/adam/URC/install/interbotix_xs_modules/lib/python3.8/site-packages/interbotix_xs_modules/xs_robot/arm.py to arm.cpython-38.pyc
[1.100s] byte-compiling /home/adam/URC/install/interbotix_xs_modules/lib/python3.8/site-packages/interbotix_xs_modules/xs_robot/create3.py to create3.cpython-38.pyc
[1.101s] byte-compiling /home/adam/URC/install/interbotix_xs_modules/lib/python3.8/site-packages/interbotix_xs_modules/xs_robot/slate.py to slate.cpython-38.pyc
[1.102s] byte-compiling /home/adam/URC/install/interbotix_xs_modules/lib/python3.8/site-packages/interbotix_xs_modules/xs_robot/__init__.py to __init__.cpython-38.pyc
[1.102s] byte-compiling /home/adam/URC/install/interbotix_xs_modules/lib/python3.8/site-packages/interbotix_xs_modules/xs_robot/gravity_compensation.py to gravity_compensation.cpython-38.pyc
[1.102s] byte-compiling /home/adam/URC/install/interbotix_xs_modules/lib/python3.8/site-packages/interbotix_xs_modules/xs_robot/gripper.py to gripper.cpython-38.pyc
[1.104s] byte-compiling /home/adam/URC/install/interbotix_xs_modules/lib/python3.8/site-packages/interbotix_xs_modules/xs_robot/core.py to core.cpython-38.pyc
[1.105s] byte-compiling /home/adam/URC/install/interbotix_xs_modules/lib/python3.8/site-packages/interbotix_xs_modules/xs_robot/hexapod.py to hexapod.cpython-38.pyc
[1.111s] byte-compiling /home/adam/URC/install/interbotix_xs_modules/lib/python3.8/site-packages/interbotix_xs_modules/xs_robot/mobile_base.py to mobile_base.cpython-38.pyc
[1.112s] byte-compiling /home/adam/URC/install/interbotix_xs_modules/lib/python3.8/site-packages/interbotix_xs_modules/xs_robot/mr_descriptions.py to mr_descriptions.cpython-38.pyc
[1.114s] byte-compiling /home/adam/URC/install/interbotix_xs_modules/lib/python3.8/site-packages/interbotix_xs_modules/xs_robot/kobuki.py to kobuki.cpython-38.pyc
[1.114s] byte-compiling /home/adam/URC/install/interbotix_xs_modules/lib/python3.8/site-packages/interbotix_xs_modules/xs_robot/locobot.py to locobot.cpython-38.pyc
[1.115s] byte-compiling /home/adam/URC/install/interbotix_xs_modules/lib/python3.8/site-packages/interbotix_xs_modules/xs_launch/xs_launch.py to xs_launch.cpython-38.pyc
[1.117s] byte-compiling /home/adam/URC/install/interbotix_xs_modules/lib/python3.8/site-packages/interbotix_xs_modules/xs_launch/__init__.py to __init__.cpython-38.pyc
[1.117s] running install_data
[1.117s] creating /home/adam/URC/install/interbotix_xs_modules/share/ament_index
[1.117s] creating /home/adam/URC/install/interbotix_xs_modules/share/ament_index/resource_index
[1.117s] creating /home/adam/URC/install/interbotix_xs_modules/share/ament_index/resource_index/packages
[1.117s] copying resource/interbotix_xs_modules -> /home/adam/URC/install/interbotix_xs_modules/share/ament_index/resource_index/packages
[1.118s] copying package.xml -> /home/adam/URC/install/interbotix_xs_modules/share/interbotix_xs_modules
[1.118s] running install_egg_info
[1.120s] Copying ../../../build/interbotix_xs_modules/interbotix_xs_modules.egg-info to /home/adam/URC/install/interbotix_xs_modules/lib/python3.8/site-packages/interbotix_xs_modules-0.0.0-py3.8.egg-info
[1.121s] running install_scripts
[1.140s] writing list of installed files to '/home/adam/URC/build/interbotix_xs_modules/install.log'
[1.163s] Invoked command in '/home/adam/URC/urc_ws_interbotix/src/interbotix_xs_modules' returned '0': AMENT_PREFIX_PATH=/home/adam/URC/install/interbotix_xs_sdk:/home/adam/URC/install/interbotix_xs_driver:/home/adam/URC/install/dynamixel_workbench_toolbox:/home/adam/URC/install/interbotix_xs_msgs:/home/adam/URC/install/interbotix_common_modules:/home/adam/URC/install/dynamixel_sdk:${AMENT_PREFIX_PATH} CMAKE_PREFIX_PATH=/home/adam/URC/install/interbotix_xs_sdk:/home/adam/URC/install/interbotix_xs_driver:/home/adam/URC/install/dynamixel_workbench_toolbox:/home/adam/URC/install/interbotix_xs_msgs:/home/adam/URC/install/dynamixel_sdk:${CMAKE_PREFIX_PATH} LD_LIBRARY_PATH=/home/adam/URC/install/interbotix_xs_driver/lib:/home/adam/URC/install/dynamixel_workbench_toolbox/lib:/home/adam/URC/install/interbotix_xs_msgs/lib:/home/adam/URC/install/dynamixel_sdk/lib:${LD_LIBRARY_PATH} PYTHONPATH=/home/adam/URC/build/interbotix_xs_modules/prefix_override:/usr/lib/python3/dist-packages/colcon_core/task/python/colcon_distutils_commands:/home/adam/URC/install/interbotix_xs_modules/lib/python3.8/site-packages:/home/adam/URC/install/interbotix_xs_msgs/lib/python3.8/site-packages:/home/adam/URC/install/interbotix_common_modules/lib/python3.8/site-packages:/home/adam/URC/install/dynamixel_sdk/lib/python3.8/site-packages:${PYTHONPATH} /usr/bin/python3 -W ignore:setup.py install is deprecated -W ignore:easy_install command is deprecated setup.py egg_info --egg-base ../../../build/interbotix_xs_modules build --build-base /home/adam/URC/build/interbotix_xs_modules/build install --record /home/adam/URC/build/interbotix_xs_modules/install.log --single-version-externally-managed install_data
