[1.008s] Invoking command in '/home/ayaan/URC/urc_ws_interbotix/src/modern_robotics': DEBUGINFOD_URLS=https://debuginfod.ubuntu.com PYTHONPATH=/home/ayaan/URC/build/modern_robotics/prefix_override:/usr/lib/python3/dist-packages/colcon_core/task/python/colcon_distutils_commands:/home/ayaan/URC/install/modern_robotics/lib/python3.12/site-packages:${PYTHONPATH} /usr/bin/python3 -W ignore:setup.py install is deprecated -W ignore:easy_install command is deprecated setup.py egg_info --egg-base ../../../build/modern_robotics build --build-base /home/ayaan/URC/build/modern_robotics/build install --record /home/ayaan/URC/build/modern_robotics/install.log --single-version-externally-managed install_data
[1.210s] running egg_info
[1.212s] creating ../../../build/modern_robotics/modern_robotics.egg-info
[1.227s] writing ../../../build/modern_robotics/modern_robotics.egg-info/PKG-INFO
[1.228s] writing dependency_links to ../../../build/modern_robotics/modern_robotics.egg-info/dependency_links.txt
[1.228s] writing requirements to ../../../build/modern_robotics/modern_robotics.egg-info/requires.txt
[1.228s] writing top-level names to ../../../build/modern_robotics/modern_robotics.egg-info/top_level.txt
[1.228s] writing manifest file '../../../build/modern_robotics/modern_robotics.egg-info/SOURCES.txt'
[1.262s] reading manifest file '../../../build/modern_robotics/modern_robotics.egg-info/SOURCES.txt'
[1.262s] writing manifest file '../../../build/modern_robotics/modern_robotics.egg-info/SOURCES.txt'
[1.263s] running build
[1.263s] running build_py
[1.263s] creating /home/ayaan/URC/build/modern_robotics/build
[1.263s] creating /home/ayaan/URC/build/modern_robotics/build/lib
[1.263s] creating /home/ayaan/URC/build/modern_robotics/build/lib/modern_robotics
[1.263s] copying modern_robotics/core.py -> /home/ayaan/URC/build/modern_robotics/build/lib/modern_robotics
[1.263s] copying modern_robotics/__init__.py -> /home/ayaan/URC/build/modern_robotics/build/lib/modern_robotics
[1.264s] running install
[1.270s] running install_lib
[1.287s] creating /home/ayaan/URC/install/modern_robotics/lib/python3.12/site-packages/modern_robotics
[1.287s] copying /home/ayaan/URC/build/modern_robotics/build/lib/modern_robotics/core.py -> /home/ayaan/URC/install/modern_robotics/lib/python3.12/site-packages/modern_robotics
[1.288s] copying /home/ayaan/URC/build/modern_robotics/build/lib/modern_robotics/__init__.py -> /home/ayaan/URC/install/modern_robotics/lib/python3.12/site-packages/modern_robotics
[1.288s] byte-compiling /home/ayaan/URC/install/modern_robotics/lib/python3.12/site-packages/modern_robotics/core.py to core.cpython-312.pyc
[1.296s] byte-compiling /home/ayaan/URC/install/modern_robotics/lib/python3.12/site-packages/modern_robotics/__init__.py to __init__.cpython-312.pyc
[1.296s] running install_data
[1.296s] creating /home/ayaan/URC/install/modern_robotics/share/ament_index
[1.296s] creating /home/ayaan/URC/install/modern_robotics/share/ament_index/resource_index
[1.296s] creating /home/ayaan/URC/install/modern_robotics/share/ament_index/resource_index/packages
[1.297s] copying resource/modern_robotics -> /home/ayaan/URC/install/modern_robotics/share/ament_index/resource_index/packages
[1.297s] copying package.xml -> /home/ayaan/URC/install/modern_robotics/share/modern_robotics
[1.297s] running install_egg_info
[1.317s] Copying ../../../build/modern_robotics/modern_robotics.egg-info to /home/ayaan/URC/install/modern_robotics/lib/python3.12/site-packages/modern_robotics-0.0.0-py3.12.egg-info
[1.320s] running install_scripts
[1.443s] writing list of installed files to '/home/ayaan/URC/build/modern_robotics/install.log'
[1.516s] Invoked command in '/home/ayaan/URC/urc_ws_interbotix/src/modern_robotics' returned '0': DEBUGINFOD_URLS=https://debuginfod.ubuntu.com PYTHONPATH=/home/ayaan/URC/build/modern_robotics/prefix_override:/usr/lib/python3/dist-packages/colcon_core/task/python/colcon_distutils_commands:/home/ayaan/URC/install/modern_robotics/lib/python3.12/site-packages:${PYTHONPATH} /usr/bin/python3 -W ignore:setup.py install is deprecated -W ignore:easy_install command is deprecated setup.py egg_info --egg-base ../../../build/modern_robotics build --build-base /home/ayaan/URC/build/modern_robotics/build install --record /home/ayaan/URC/build/modern_robotics/install.log --single-version-externally-managed install_data
