[0.321s] Invoking command in '/home/ayaan/URC/URC/build/dynamixel_sdk_custom_interfaces': CMAKE_PREFIX_PATH=${CMAKE_PREFIX_PATH}:/home/ayaan/imprimis/imprimis_ws/install/utils:/home/ayaan/imprimis/imprimis_ws/install/map_goal_to_odom:/home/ayaan/imprimis/imprimis_ws/install/gps_nav_bridge:/opt/ros/jazzy DEBUGINFOD_URLS=https://debuginfod.ubuntu.com /usr/bin/cmake --build /home/ayaan/URC/URC/build/dynamixel_sdk_custom_interfaces -- -j16 -l16
[0.452s] [  2%] Built target dynamixel_sdk_custom_interfaces__rosidl_generator_type_description
[0.452s] [  2%] Built target ament_cmake_python_copy_dynamixel_sdk_custom_interfaces
[0.453s] [ 20%] Built target dynamixel_sdk_custom_interfaces__rosidl_generator_c
[0.453s] [ 22%] Built target dynamixel_sdk_custom_interfaces__cpp
[0.453s] [ 40%] Built target dynamixel_sdk_custom_interfaces__rosidl_typesupport_introspection_c
[0.453s] [ 40%] Built target dynamixel_sdk_custom_interfaces__rosidl_typesupport_fastrtps_c
[0.453s] [ 50%] Built target dynamixel_sdk_custom_interfaces__rosidl_typesupport_introspection_cpp
[0.453s] [ 59%] Built target dynamixel_sdk_custom_interfaces__rosidl_typesupport_c
[0.453s] [ 68%] Built target dynamixel_sdk_custom_interfaces__rosidl_typesupport_fastrtps_cpp
[0.453s] [ 77%] Built target dynamixel_sdk_custom_interfaces__rosidl_typesupport_cpp
[0.453s] [ 77%] Built target dynamixel_sdk_custom_interfaces
[0.453s] [ 79%] Built target dynamixel_sdk_custom_interfaces__py
[0.453s] [ 86%] Built target dynamixel_sdk_custom_interfaces__rosidl_generator_py
[0.464s] [ 90%] Built target dynamixel_sdk_custom_interfaces_s__rosidl_typesupport_fastrtps_c
[0.467s] [ 95%] Built target dynamixel_sdk_custom_interfaces_s__rosidl_typesupport_c
[0.496s] [100%] Built target dynamixel_sdk_custom_interfaces_s__rosidl_typesupport_introspection_c
[0.510s] running egg_info
[0.528s] writing dynamixel_sdk_custom_interfaces.egg-info/PKG-INFO
[0.528s] writing dependency_links to dynamixel_sdk_custom_interfaces.egg-info/dependency_links.txt
[0.528s] writing top-level names to dynamixel_sdk_custom_interfaces.egg-info/top_level.txt
[0.530s] reading manifest file 'dynamixel_sdk_custom_interfaces.egg-info/SOURCES.txt'
[0.531s] writing manifest file 'dynamixel_sdk_custom_interfaces.egg-info/SOURCES.txt'
[0.550s] [100%] Built target ament_cmake_python_build_dynamixel_sdk_custom_interfaces_egg
[0.572s] Invoked command in '/home/ayaan/URC/URC/build/dynamixel_sdk_custom_interfaces' returned '0': CMAKE_PREFIX_PATH=${CMAKE_PREFIX_PATH}:/home/ayaan/imprimis/imprimis_ws/install/utils:/home/ayaan/imprimis/imprimis_ws/install/map_goal_to_odom:/home/ayaan/imprimis/imprimis_ws/install/gps_nav_bridge:/opt/ros/jazzy DEBUGINFOD_URLS=https://debuginfod.ubuntu.com /usr/bin/cmake --build /home/ayaan/URC/URC/build/dynamixel_sdk_custom_interfaces -- -j16 -l16
[0.572s] Invoking command in '/home/ayaan/URC/URC/build/dynamixel_sdk_custom_interfaces': CMAKE_PREFIX_PATH=${CMAKE_PREFIX_PATH}:/home/ayaan/imprimis/imprimis_ws/install/utils:/home/ayaan/imprimis/imprimis_ws/install/map_goal_to_odom:/home/ayaan/imprimis/imprimis_ws/install/gps_nav_bridge:/opt/ros/jazzy DEBUGINFOD_URLS=https://debuginfod.ubuntu.com /usr/bin/cmake --install /home/ayaan/URC/URC/build/dynamixel_sdk_custom_interfaces
[0.581s] -- Install configuration: ""
[0.581s] -- Up-to-date: /home/ayaan/URC/URC/install/dynamixel_sdk_custom_interfaces/share/ament_index/resource_index/rosidl_interfaces/dynamixel_sdk_custom_interfaces
[0.581s] -- Up-to-date: /home/ayaan/URC/URC/install/dynamixel_sdk_custom_interfaces/share/dynamixel_sdk_custom_interfaces/msg/SetPosition.json
[0.581s] -- Up-to-date: /home/ayaan/URC/URC/install/dynamixel_sdk_custom_interfaces/share/dynamixel_sdk_custom_interfaces/srv/GetPosition.json
[0.581s] -- Up-to-date: /home/ayaan/URC/URC/install/dynamixel_sdk_custom_interfaces/include/dynamixel_sdk_custom_interfaces/dynamixel_sdk_custom_interfaces
[0.581s] -- Up-to-date: /home/ayaan/URC/URC/install/dynamixel_sdk_custom_interfaces/include/dynamixel_sdk_custom_interfaces/dynamixel_sdk_custom_interfaces/msg
[0.581s] -- Up-to-date: /home/ayaan/URC/URC/install/dynamixel_sdk_custom_interfaces/include/dynamixel_sdk_custom_interfaces/dynamixel_sdk_custom_interfaces/msg/detail
[0.581s] -- Up-to-date: /home/ayaan/URC/URC/install/dynamixel_sdk_custom_interfaces/include/dynamixel_sdk_custom_interfaces/dynamixel_sdk_custom_interfaces/msg/detail/set_position__struct.h
[0.581s] -- Up-to-date: /home/ayaan/URC/URC/install/dynamixel_sdk_custom_interfaces/include/dynamixel_sdk_custom_interfaces/dynamixel_sdk_custom_interfaces/msg/detail/set_position__type_support.h
[0.582s] -- Up-to-date: /home/ayaan/URC/URC/install/dynamixel_sdk_custom_interfaces/include/dynamixel_sdk_custom_interfaces/dynamixel_sdk_custom_interfaces/msg/detail/set_position__description.c
[0.582s] -- Up-to-date: /home/ayaan/URC/URC/install/dynamixel_sdk_custom_interfaces/include/dynamixel_sdk_custom_interfaces/dynamixel_sdk_custom_interfaces/msg/detail/set_position__functions.c
[0.582s] -- Up-to-date: /home/ayaan/URC/URC/install/dynamixel_sdk_custom_interfaces/include/dynamixel_sdk_custom_interfaces/dynamixel_sdk_custom_interfaces/msg/detail/set_position__functions.h
[0.582s] -- Up-to-date: /home/ayaan/URC/URC/install/dynamixel_sdk_custom_interfaces/include/dynamixel_sdk_custom_interfaces/dynamixel_sdk_custom_interfaces/msg/detail/set_position__type_support.c
[0.582s] -- Up-to-date: /home/ayaan/URC/URC/install/dynamixel_sdk_custom_interfaces/include/dynamixel_sdk_custom_interfaces/dynamixel_sdk_custom_interfaces/msg/set_position.h
[0.582s] -- Up-to-date: /home/ayaan/URC/URC/install/dynamixel_sdk_custom_interfaces/include/dynamixel_sdk_custom_interfaces/dynamixel_sdk_custom_interfaces/msg/rosidl_generator_c__visibility_control.h
[0.582s] -- Up-to-date: /home/ayaan/URC/URC/install/dynamixel_sdk_custom_interfaces/include/dynamixel_sdk_custom_interfaces/dynamixel_sdk_custom_interfaces/srv
[0.582s] -- Up-to-date: /home/ayaan/URC/URC/install/dynamixel_sdk_custom_interfaces/include/dynamixel_sdk_custom_interfaces/dynamixel_sdk_custom_interfaces/srv/detail
[0.582s] -- Up-to-date: /home/ayaan/URC/URC/install/dynamixel_sdk_custom_interfaces/include/dynamixel_sdk_custom_interfaces/dynamixel_sdk_custom_interfaces/srv/detail/get_position__functions.c
[0.582s] -- Up-to-date: /home/ayaan/URC/URC/install/dynamixel_sdk_custom_interfaces/include/dynamixel_sdk_custom_interfaces/dynamixel_sdk_custom_interfaces/srv/detail/get_position__type_support.c
[0.582s] -- Up-to-date: /home/ayaan/URC/URC/install/dynamixel_sdk_custom_interfaces/include/dynamixel_sdk_custom_interfaces/dynamixel_sdk_custom_interfaces/srv/detail/get_position__type_support.h
[0.582s] -- Up-to-date: /home/ayaan/URC/URC/install/dynamixel_sdk_custom_interfaces/include/dynamixel_sdk_custom_interfaces/dynamixel_sdk_custom_interfaces/srv/detail/get_position__struct.h
[0.582s] -- Up-to-date: /home/ayaan/URC/URC/install/dynamixel_sdk_custom_interfaces/include/dynamixel_sdk_custom_interfaces/dynamixel_sdk_custom_interfaces/srv/detail/get_position__description.c
[0.582s] -- Up-to-date: /home/ayaan/URC/URC/install/dynamixel_sdk_custom_interfaces/include/dynamixel_sdk_custom_interfaces/dynamixel_sdk_custom_interfaces/srv/detail/get_position__functions.h
[0.582s] -- Up-to-date: /home/ayaan/URC/URC/install/dynamixel_sdk_custom_interfaces/include/dynamixel_sdk_custom_interfaces/dynamixel_sdk_custom_interfaces/srv/get_position.h
[0.582s] -- Up-to-date: /home/ayaan/URC/URC/install/dynamixel_sdk_custom_interfaces/share/dynamixel_sdk_custom_interfaces/environment/library_path.sh
[0.582s] -- Up-to-date: /home/ayaan/URC/URC/install/dynamixel_sdk_custom_interfaces/share/dynamixel_sdk_custom_interfaces/environment/library_path.dsv
[0.582s] -- Up-to-date: /home/ayaan/URC/URC/install/dynamixel_sdk_custom_interfaces/lib/libdynamixel_sdk_custom_interfaces__rosidl_generator_c.so
[0.582s] -- Up-to-date: /home/ayaan/URC/URC/install/dynamixel_sdk_custom_interfaces/include/dynamixel_sdk_custom_interfaces/dynamixel_sdk_custom_interfaces
[0.582s] -- Up-to-date: /home/ayaan/URC/URC/install/dynamixel_sdk_custom_interfaces/include/dynamixel_sdk_custom_interfaces/dynamixel_sdk_custom_interfaces/msg
[0.582s] -- Up-to-date: /home/ayaan/URC/URC/install/dynamixel_sdk_custom_interfaces/include/dynamixel_sdk_custom_interfaces/dynamixel_sdk_custom_interfaces/msg/detail
[0.582s] -- Up-to-date: /home/ayaan/URC/URC/install/dynamixel_sdk_custom_interfaces/include/dynamixel_sdk_custom_interfaces/dynamixel_sdk_custom_interfaces/msg/detail/set_position__rosidl_typesupport_fastrtps_c.h
[0.583s] -- Up-to-date: /home/ayaan/URC/URC/install/dynamixel_sdk_custom_interfaces/include/dynamixel_sdk_custom_interfaces/dynamixel_sdk_custom_interfaces/msg/rosidl_typesupport_fastrtps_c__visibility_control.h
[0.583s] -- Up-to-date: /home/ayaan/URC/URC/install/dynamixel_sdk_custom_interfaces/include/dynamixel_sdk_custom_interfaces/dynamixel_sdk_custom_interfaces/srv
[0.583s] -- Up-to-date: /home/ayaan/URC/URC/install/dynamixel_sdk_custom_interfaces/include/dynamixel_sdk_custom_interfaces/dynamixel_sdk_custom_interfaces/srv/detail
[0.583s] -- Up-to-date: /home/ayaan/URC/URC/install/dynamixel_sdk_custom_interfaces/include/dynamixel_sdk_custom_interfaces/dynamixel_sdk_custom_interfaces/srv/detail/get_position__rosidl_typesupport_fastrtps_c.h
[0.583s] -- Up-to-date: /home/ayaan/URC/URC/install/dynamixel_sdk_custom_interfaces/lib/libdynamixel_sdk_custom_interfaces__rosidl_typesupport_fastrtps_c.so
[0.583s] -- Up-to-date: /home/ayaan/URC/URC/install/dynamixel_sdk_custom_interfaces/include/dynamixel_sdk_custom_interfaces/dynamixel_sdk_custom_interfaces
[0.583s] -- Up-to-date: /home/ayaan/URC/URC/install/dynamixel_sdk_custom_interfaces/include/dynamixel_sdk_custom_interfaces/dynamixel_sdk_custom_interfaces/msg
[0.583s] -- Up-to-date: /home/ayaan/URC/URC/install/dynamixel_sdk_custom_interfaces/include/dynamixel_sdk_custom_interfaces/dynamixel_sdk_custom_interfaces/msg/detail
[0.583s] -- Up-to-date: /home/ayaan/URC/URC/install/dynamixel_sdk_custom_interfaces/include/dynamixel_sdk_custom_interfaces/dynamixel_sdk_custom_interfaces/msg/detail/set_position__builder.hpp
[0.584s] -- Up-to-date: /home/ayaan/URC/URC/install/dynamixel_sdk_custom_interfaces/include/dynamixel_sdk_custom_interfaces/dynamixel_sdk_custom_interfaces/msg/detail/set_position__type_support.hpp
[0.584s] -- Up-to-date: /home/ayaan/URC/URC/install/dynamixel_sdk_custom_interfaces/include/dynamixel_sdk_custom_interfaces/dynamixel_sdk_custom_interfaces/msg/detail/set_position__struct.hpp
[0.584s] -- Up-to-date: /home/ayaan/URC/URC/install/dynamixel_sdk_custom_interfaces/include/dynamixel_sdk_custom_interfaces/dynamixel_sdk_custom_interfaces/msg/detail/set_position__traits.hpp
[0.584s] -- Up-to-date: /home/ayaan/URC/URC/install/dynamixel_sdk_custom_interfaces/include/dynamixel_sdk_custom_interfaces/dynamixel_sdk_custom_interfaces/msg/rosidl_generator_cpp__visibility_control.hpp
[0.584s] -- Up-to-date: /home/ayaan/URC/URC/install/dynamixel_sdk_custom_interfaces/include/dynamixel_sdk_custom_interfaces/dynamixel_sdk_custom_interfaces/msg/set_position.hpp
[0.584s] -- Up-to-date: /home/ayaan/URC/URC/install/dynamixel_sdk_custom_interfaces/include/dynamixel_sdk_custom_interfaces/dynamixel_sdk_custom_interfaces/srv
[0.584s] -- Up-to-date: /home/ayaan/URC/URC/install/dynamixel_sdk_custom_interfaces/include/dynamixel_sdk_custom_interfaces/dynamixel_sdk_custom_interfaces/srv/detail
[0.584s] -- Up-to-date: /home/ayaan/URC/URC/install/dynamixel_sdk_custom_interfaces/include/dynamixel_sdk_custom_interfaces/dynamixel_sdk_custom_interfaces/srv/detail/get_position__traits.hpp
[0.584s] -- Up-to-date: /home/ayaan/URC/URC/install/dynamixel_sdk_custom_interfaces/include/dynamixel_sdk_custom_interfaces/dynamixel_sdk_custom_interfaces/srv/detail/get_position__builder.hpp
[0.584s] -- Up-to-date: /home/ayaan/URC/URC/install/dynamixel_sdk_custom_interfaces/include/dynamixel_sdk_custom_interfaces/dynamixel_sdk_custom_interfaces/srv/detail/get_position__type_support.hpp
[0.584s] -- Up-to-date: /home/ayaan/URC/URC/install/dynamixel_sdk_custom_interfaces/include/dynamixel_sdk_custom_interfaces/dynamixel_sdk_custom_interfaces/srv/detail/get_position__struct.hpp
[0.584s] -- Up-to-date: /home/ayaan/URC/URC/install/dynamixel_sdk_custom_interfaces/include/dynamixel_sdk_custom_interfaces/dynamixel_sdk_custom_interfaces/srv/get_position.hpp
[0.584s] -- Up-to-date: /home/ayaan/URC/URC/install/dynamixel_sdk_custom_interfaces/include/dynamixel_sdk_custom_interfaces/dynamixel_sdk_custom_interfaces
[0.584s] -- Up-to-date: /home/ayaan/URC/URC/install/dynamixel_sdk_custom_interfaces/include/dynamixel_sdk_custom_interfaces/dynamixel_sdk_custom_interfaces/msg
[0.584s] -- Up-to-date: /home/ayaan/URC/URC/install/dynamixel_sdk_custom_interfaces/include/dynamixel_sdk_custom_interfaces/dynamixel_sdk_custom_interfaces/msg/detail
[0.584s] -- Up-to-date: /home/ayaan/URC/URC/install/dynamixel_sdk_custom_interfaces/include/dynamixel_sdk_custom_interfaces/dynamixel_sdk_custom_interfaces/msg/detail/dds_fastrtps
[0.584s] -- Up-to-date: /home/ayaan/URC/URC/install/dynamixel_sdk_custom_interfaces/include/dynamixel_sdk_custom_interfaces/dynamixel_sdk_custom_interfaces/msg/detail/set_position__rosidl_typesupport_fastrtps_cpp.hpp
[0.585s] -- Up-to-date: /home/ayaan/URC/URC/install/dynamixel_sdk_custom_interfaces/include/dynamixel_sdk_custom_interfaces/dynamixel_sdk_custom_interfaces/msg/rosidl_typesupport_fastrtps_cpp__visibility_control.h
[0.585s] -- Up-to-date: /home/ayaan/URC/URC/install/dynamixel_sdk_custom_interfaces/include/dynamixel_sdk_custom_interfaces/dynamixel_sdk_custom_interfaces/srv
[0.585s] -- Up-to-date: /home/ayaan/URC/URC/install/dynamixel_sdk_custom_interfaces/include/dynamixel_sdk_custom_interfaces/dynamixel_sdk_custom_interfaces/srv/detail
[0.585s] -- Up-to-date: /home/ayaan/URC/URC/install/dynamixel_sdk_custom_interfaces/include/dynamixel_sdk_custom_interfaces/dynamixel_sdk_custom_interfaces/srv/detail/get_position__rosidl_typesupport_fastrtps_cpp.hpp
[0.585s] -- Up-to-date: /home/ayaan/URC/URC/install/dynamixel_sdk_custom_interfaces/include/dynamixel_sdk_custom_interfaces/dynamixel_sdk_custom_interfaces/srv/detail/dds_fastrtps
[0.585s] -- Up-to-date: /home/ayaan/URC/URC/install/dynamixel_sdk_custom_interfaces/lib/libdynamixel_sdk_custom_interfaces__rosidl_typesupport_fastrtps_cpp.so
[0.585s] -- Up-to-date: /home/ayaan/URC/URC/install/dynamixel_sdk_custom_interfaces/include/dynamixel_sdk_custom_interfaces/dynamixel_sdk_custom_interfaces
[0.585s] -- Up-to-date: /home/ayaan/URC/URC/install/dynamixel_sdk_custom_interfaces/include/dynamixel_sdk_custom_interfaces/dynamixel_sdk_custom_interfaces/msg
[0.585s] -- Up-to-date: /home/ayaan/URC/URC/install/dynamixel_sdk_custom_interfaces/include/dynamixel_sdk_custom_interfaces/dynamixel_sdk_custom_interfaces/msg/detail
[0.585s] -- Up-to-date: /home/ayaan/URC/URC/install/dynamixel_sdk_custom_interfaces/include/dynamixel_sdk_custom_interfaces/dynamixel_sdk_custom_interfaces/msg/detail/set_position__rosidl_typesupport_introspection_c.h
[0.585s] -- Up-to-date: /home/ayaan/URC/URC/install/dynamixel_sdk_custom_interfaces/include/dynamixel_sdk_custom_interfaces/dynamixel_sdk_custom_interfaces/msg/detail/set_position__type_support.c
[0.585s] -- Up-to-date: /home/ayaan/URC/URC/install/dynamixel_sdk_custom_interfaces/include/dynamixel_sdk_custom_interfaces/dynamixel_sdk_custom_interfaces/msg/rosidl_typesupport_introspection_c__visibility_control.h
[0.585s] -- Up-to-date: /home/ayaan/URC/URC/install/dynamixel_sdk_custom_interfaces/include/dynamixel_sdk_custom_interfaces/dynamixel_sdk_custom_interfaces/srv
[0.585s] -- Up-to-date: /home/ayaan/URC/URC/install/dynamixel_sdk_custom_interfaces/include/dynamixel_sdk_custom_interfaces/dynamixel_sdk_custom_interfaces/srv/detail
[0.585s] -- Up-to-date: /home/ayaan/URC/URC/install/dynamixel_sdk_custom_interfaces/include/dynamixel_sdk_custom_interfaces/dynamixel_sdk_custom_interfaces/srv/detail/get_position__type_support.c
[0.585s] -- Up-to-date: /home/ayaan/URC/URC/install/dynamixel_sdk_custom_interfaces/include/dynamixel_sdk_custom_interfaces/dynamixel_sdk_custom_interfaces/srv/detail/get_position__rosidl_typesupport_introspection_c.h
[0.585s] -- Up-to-date: /home/ayaan/URC/URC/install/dynamixel_sdk_custom_interfaces/lib/libdynamixel_sdk_custom_interfaces__rosidl_typesupport_introspection_c.so
[0.585s] -- Up-to-date: /home/ayaan/URC/URC/install/dynamixel_sdk_custom_interfaces/lib/libdynamixel_sdk_custom_interfaces__rosidl_typesupport_c.so
[0.586s] -- Up-to-date: /home/ayaan/URC/URC/install/dynamixel_sdk_custom_interfaces/include/dynamixel_sdk_custom_interfaces/dynamixel_sdk_custom_interfaces
[0.586s] -- Up-to-date: /home/ayaan/URC/URC/install/dynamixel_sdk_custom_interfaces/include/dynamixel_sdk_custom_interfaces/dynamixel_sdk_custom_interfaces/msg
[0.586s] -- Up-to-date: /home/ayaan/URC/URC/install/dynamixel_sdk_custom_interfaces/include/dynamixel_sdk_custom_interfaces/dynamixel_sdk_custom_interfaces/msg/detail
[0.586s] -- Up-to-date: /home/ayaan/URC/URC/install/dynamixel_sdk_custom_interfaces/include/dynamixel_sdk_custom_interfaces/dynamixel_sdk_custom_interfaces/msg/detail/set_position__rosidl_typesupport_introspection_cpp.hpp
[0.586s] -- Up-to-date: /home/ayaan/URC/URC/install/dynamixel_sdk_custom_interfaces/include/dynamixel_sdk_custom_interfaces/dynamixel_sdk_custom_interfaces/msg/detail/set_position__type_support.cpp
[0.586s] -- Up-to-date: /home/ayaan/URC/URC/install/dynamixel_sdk_custom_interfaces/include/dynamixel_sdk_custom_interfaces/dynamixel_sdk_custom_interfaces/srv
[0.586s] -- Up-to-date: /home/ayaan/URC/URC/install/dynamixel_sdk_custom_interfaces/include/dynamixel_sdk_custom_interfaces/dynamixel_sdk_custom_interfaces/srv/detail
[0.586s] -- Up-to-date: /home/ayaan/URC/URC/install/dynamixel_sdk_custom_interfaces/include/dynamixel_sdk_custom_interfaces/dynamixel_sdk_custom_interfaces/srv/detail/get_position__type_support.cpp
[0.586s] -- Up-to-date: /home/ayaan/URC/URC/install/dynamixel_sdk_custom_interfaces/include/dynamixel_sdk_custom_interfaces/dynamixel_sdk_custom_interfaces/srv/detail/get_position__rosidl_typesupport_introspection_cpp.hpp
[0.586s] -- Up-to-date: /home/ayaan/URC/URC/install/dynamixel_sdk_custom_interfaces/lib/libdynamixel_sdk_custom_interfaces__rosidl_typesupport_introspection_cpp.so
[0.586s] -- Up-to-date: /home/ayaan/URC/URC/install/dynamixel_sdk_custom_interfaces/lib/libdynamixel_sdk_custom_interfaces__rosidl_typesupport_cpp.so
[0.586s] -- Up-to-date: /home/ayaan/URC/URC/install/dynamixel_sdk_custom_interfaces/share/dynamixel_sdk_custom_interfaces/environment/pythonpath.sh
[0.586s] -- Up-to-date: /home/ayaan/URC/URC/install/dynamixel_sdk_custom_interfaces/share/dynamixel_sdk_custom_interfaces/environment/pythonpath.dsv
[0.587s] -- Up-to-date: /home/ayaan/URC/URC/install/dynamixel_sdk_custom_interfaces/lib/python3.12/site-packages/dynamixel_sdk_custom_interfaces-4.0.3-py3.12.egg-info
[0.587s] -- Installing: /home/ayaan/URC/URC/install/dynamixel_sdk_custom_interfaces/lib/python3.12/site-packages/dynamixel_sdk_custom_interfaces-4.0.3-py3.12.egg-info/top_level.txt
[0.587s] -- Installing: /home/ayaan/URC/URC/install/dynamixel_sdk_custom_interfaces/lib/python3.12/site-packages/dynamixel_sdk_custom_interfaces-4.0.3-py3.12.egg-info/dependency_links.txt
[0.587s] -- Installing: /home/ayaan/URC/URC/install/dynamixel_sdk_custom_interfaces/lib/python3.12/site-packages/dynamixel_sdk_custom_interfaces-4.0.3-py3.12.egg-info/PKG-INFO
[0.587s] -- Installing: /home/ayaan/URC/URC/install/dynamixel_sdk_custom_interfaces/lib/python3.12/site-packages/dynamixel_sdk_custom_interfaces-4.0.3-py3.12.egg-info/SOURCES.txt
[0.587s] -- Up-to-date: /home/ayaan/URC/URC/install/dynamixel_sdk_custom_interfaces/lib/python3.12/site-packages/dynamixel_sdk_custom_interfaces
[0.587s] -- Up-to-date: /home/ayaan/URC/URC/install/dynamixel_sdk_custom_interfaces/lib/python3.12/site-packages/dynamixel_sdk_custom_interfaces/msg
[0.588s] -- Up-to-date: /home/ayaan/URC/URC/install/dynamixel_sdk_custom_interfaces/lib/python3.12/site-packages/dynamixel_sdk_custom_interfaces/msg/_set_position_s.c
[0.588s] -- Up-to-date: /home/ayaan/URC/URC/install/dynamixel_sdk_custom_interfaces/lib/python3.12/site-packages/dynamixel_sdk_custom_interfaces/msg/__init__.py
[0.588s] -- Up-to-date: /home/ayaan/URC/URC/install/dynamixel_sdk_custom_interfaces/lib/python3.12/site-packages/dynamixel_sdk_custom_interfaces/msg/_set_position.py
[0.588s] -- Up-to-date: /home/ayaan/URC/URC/install/dynamixel_sdk_custom_interfaces/lib/python3.12/site-packages/dynamixel_sdk_custom_interfaces/srv
[0.588s] -- Up-to-date: /home/ayaan/URC/URC/install/dynamixel_sdk_custom_interfaces/lib/python3.12/site-packages/dynamixel_sdk_custom_interfaces/srv/__init__.py
[0.588s] -- Up-to-date: /home/ayaan/URC/URC/install/dynamixel_sdk_custom_interfaces/lib/python3.12/site-packages/dynamixel_sdk_custom_interfaces/srv/_get_position.py
[0.588s] -- Up-to-date: /home/ayaan/URC/URC/install/dynamixel_sdk_custom_interfaces/lib/python3.12/site-packages/dynamixel_sdk_custom_interfaces/srv/_get_position_s.c
[0.588s] -- Up-to-date: /home/ayaan/URC/URC/install/dynamixel_sdk_custom_interfaces/lib/python3.12/site-packages/dynamixel_sdk_custom_interfaces/_dynamixel_sdk_custom_interfaces_s.ep.rosidl_typesupport_c.c
[0.588s] -- Up-to-date: /home/ayaan/URC/URC/install/dynamixel_sdk_custom_interfaces/lib/python3.12/site-packages/dynamixel_sdk_custom_interfaces/__init__.py
[0.588s] -- Up-to-date: /home/ayaan/URC/URC/install/dynamixel_sdk_custom_interfaces/lib/python3.12/site-packages/dynamixel_sdk_custom_interfaces/dynamixel_sdk_custom_interfaces_s__rosidl_typesupport_fastrtps_c.so
[0.588s] -- Up-to-date: /home/ayaan/URC/URC/install/dynamixel_sdk_custom_interfaces/lib/python3.12/site-packages/dynamixel_sdk_custom_interfaces/_dynamixel_sdk_custom_interfaces_s.ep.rosidl_typesupport_fastrtps_c.c
[0.588s] -- Up-to-date: /home/ayaan/URC/URC/install/dynamixel_sdk_custom_interfaces/lib/python3.12/site-packages/dynamixel_sdk_custom_interfaces/_dynamixel_sdk_custom_interfaces_s.ep.rosidl_typesupport_introspection_c.c
[0.589s] -- Up-to-date: /home/ayaan/URC/URC/install/dynamixel_sdk_custom_interfaces/lib/python3.12/site-packages/dynamixel_sdk_custom_interfaces/dynamixel_sdk_custom_interfaces_s__rosidl_typesupport_c.so
[0.589s] -- Up-to-date: /home/ayaan/URC/URC/install/dynamixel_sdk_custom_interfaces/lib/python3.12/site-packages/dynamixel_sdk_custom_interfaces/dynamixel_sdk_custom_interfaces_s__rosidl_typesupport_introspection_c.so
[0.623s] Listing '/home/ayaan/URC/URC/install/dynamixel_sdk_custom_interfaces/lib/python3.12/site-packages/dynamixel_sdk_custom_interfaces'...
[0.624s] Listing '/home/ayaan/URC/URC/install/dynamixel_sdk_custom_interfaces/lib/python3.12/site-packages/dynamixel_sdk_custom_interfaces/msg'...
[0.624s] Listing '/home/ayaan/URC/URC/install/dynamixel_sdk_custom_interfaces/lib/python3.12/site-packages/dynamixel_sdk_custom_interfaces/srv'...
[0.631s] -- Up-to-date: /home/ayaan/URC/URC/install/dynamixel_sdk_custom_interfaces/lib/python3.12/site-packages/dynamixel_sdk_custom_interfaces/dynamixel_sdk_custom_interfaces_s__rosidl_typesupport_fastrtps_c.so
[0.631s] -- Up-to-date: /home/ayaan/URC/URC/install/dynamixel_sdk_custom_interfaces/lib/python3.12/site-packages/dynamixel_sdk_custom_interfaces/dynamixel_sdk_custom_interfaces_s__rosidl_typesupport_introspection_c.so
[0.631s] -- Up-to-date: /home/ayaan/URC/URC/install/dynamixel_sdk_custom_interfaces/lib/python3.12/site-packages/dynamixel_sdk_custom_interfaces/dynamixel_sdk_custom_interfaces_s__rosidl_typesupport_c.so
[0.632s] -- Up-to-date: /home/ayaan/URC/URC/install/dynamixel_sdk_custom_interfaces/lib/libdynamixel_sdk_custom_interfaces__rosidl_generator_py.so
[0.632s] -- Up-to-date: /home/ayaan/URC/URC/install/dynamixel_sdk_custom_interfaces/share/dynamixel_sdk_custom_interfaces/msg/SetPosition.idl
[0.632s] -- Up-to-date: /home/ayaan/URC/URC/install/dynamixel_sdk_custom_interfaces/share/dynamixel_sdk_custom_interfaces/srv/GetPosition.idl
[0.632s] -- Up-to-date: /home/ayaan/URC/URC/install/dynamixel_sdk_custom_interfaces/share/dynamixel_sdk_custom_interfaces/msg/SetPosition.msg
[0.632s] -- Up-to-date: /home/ayaan/URC/URC/install/dynamixel_sdk_custom_interfaces/share/dynamixel_sdk_custom_interfaces/srv/GetPosition.srv
[0.632s] -- Up-to-date: /home/ayaan/URC/URC/install/dynamixel_sdk_custom_interfaces/share/ament_index/resource_index/package_run_dependencies/dynamixel_sdk_custom_interfaces
[0.632s] -- Up-to-date: /home/ayaan/URC/URC/install/dynamixel_sdk_custom_interfaces/share/ament_index/resource_index/parent_prefix_path/dynamixel_sdk_custom_interfaces
[0.632s] -- Up-to-date: /home/ayaan/URC/URC/install/dynamixel_sdk_custom_interfaces/share/dynamixel_sdk_custom_interfaces/environment/ament_prefix_path.sh
[0.632s] -- Up-to-date: /home/ayaan/URC/URC/install/dynamixel_sdk_custom_interfaces/share/dynamixel_sdk_custom_interfaces/environment/ament_prefix_path.dsv
[0.632s] -- Up-to-date: /home/ayaan/URC/URC/install/dynamixel_sdk_custom_interfaces/share/dynamixel_sdk_custom_interfaces/environment/path.sh
[0.632s] -- Up-to-date: /home/ayaan/URC/URC/install/dynamixel_sdk_custom_interfaces/share/dynamixel_sdk_custom_interfaces/environment/path.dsv
[0.632s] -- Up-to-date: /home/ayaan/URC/URC/install/dynamixel_sdk_custom_interfaces/share/dynamixel_sdk_custom_interfaces/local_setup.bash
[0.632s] -- Up-to-date: /home/ayaan/URC/URC/install/dynamixel_sdk_custom_interfaces/share/dynamixel_sdk_custom_interfaces/local_setup.sh
[0.633s] -- Up-to-date: /home/ayaan/URC/URC/install/dynamixel_sdk_custom_interfaces/share/dynamixel_sdk_custom_interfaces/local_setup.zsh
[0.633s] -- Up-to-date: /home/ayaan/URC/URC/install/dynamixel_sdk_custom_interfaces/share/dynamixel_sdk_custom_interfaces/local_setup.dsv
[0.633s] -- Installing: /home/ayaan/URC/URC/install/dynamixel_sdk_custom_interfaces/share/dynamixel_sdk_custom_interfaces/package.dsv
[0.633s] -- Up-to-date: /home/ayaan/URC/URC/install/dynamixel_sdk_custom_interfaces/share/ament_index/resource_index/packages/dynamixel_sdk_custom_interfaces
[0.633s] -- Up-to-date: /home/ayaan/URC/URC/install/dynamixel_sdk_custom_interfaces/share/dynamixel_sdk_custom_interfaces/cmake/export_dynamixel_sdk_custom_interfaces__rosidl_generator_cExport.cmake
[0.633s] -- Up-to-date: /home/ayaan/URC/URC/install/dynamixel_sdk_custom_interfaces/share/dynamixel_sdk_custom_interfaces/cmake/export_dynamixel_sdk_custom_interfaces__rosidl_generator_cExport-noconfig.cmake
[0.633s] -- Up-to-date: /home/ayaan/URC/URC/install/dynamixel_sdk_custom_interfaces/share/dynamixel_sdk_custom_interfaces/cmake/export_dynamixel_sdk_custom_interfaces__rosidl_typesupport_fastrtps_cExport.cmake
[0.633s] -- Up-to-date: /home/ayaan/URC/URC/install/dynamixel_sdk_custom_interfaces/share/dynamixel_sdk_custom_interfaces/cmake/export_dynamixel_sdk_custom_interfaces__rosidl_typesupport_fastrtps_cExport-noconfig.cmake
[0.633s] -- Up-to-date: /home/ayaan/URC/URC/install/dynamixel_sdk_custom_interfaces/share/dynamixel_sdk_custom_interfaces/cmake/export_dynamixel_sdk_custom_interfaces__rosidl_generator_cppExport.cmake
[0.633s] -- Up-to-date: /home/ayaan/URC/URC/install/dynamixel_sdk_custom_interfaces/share/dynamixel_sdk_custom_interfaces/cmake/export_dynamixel_sdk_custom_interfaces__rosidl_typesupport_fastrtps_cppExport.cmake
[0.633s] -- Up-to-date: /home/ayaan/URC/URC/install/dynamixel_sdk_custom_interfaces/share/dynamixel_sdk_custom_interfaces/cmake/export_dynamixel_sdk_custom_interfaces__rosidl_typesupport_fastrtps_cppExport-noconfig.cmake
[0.633s] -- Up-to-date: /home/ayaan/URC/URC/install/dynamixel_sdk_custom_interfaces/share/dynamixel_sdk_custom_interfaces/cmake/dynamixel_sdk_custom_interfaces__rosidl_typesupport_introspection_cExport.cmake
[0.633s] -- Up-to-date: /home/ayaan/URC/URC/install/dynamixel_sdk_custom_interfaces/share/dynamixel_sdk_custom_interfaces/cmake/dynamixel_sdk_custom_interfaces__rosidl_typesupport_introspection_cExport-noconfig.cmake
[0.633s] -- Up-to-date: /home/ayaan/URC/URC/install/dynamixel_sdk_custom_interfaces/share/dynamixel_sdk_custom_interfaces/cmake/dynamixel_sdk_custom_interfaces__rosidl_typesupport_cExport.cmake
[0.633s] -- Up-to-date: /home/ayaan/URC/URC/install/dynamixel_sdk_custom_interfaces/share/dynamixel_sdk_custom_interfaces/cmake/dynamixel_sdk_custom_interfaces__rosidl_typesupport_cExport-noconfig.cmake
[0.633s] -- Up-to-date: /home/ayaan/URC/URC/install/dynamixel_sdk_custom_interfaces/share/dynamixel_sdk_custom_interfaces/cmake/dynamixel_sdk_custom_interfaces__rosidl_typesupport_introspection_cppExport.cmake
[0.633s] -- Up-to-date: /home/ayaan/URC/URC/install/dynamixel_sdk_custom_interfaces/share/dynamixel_sdk_custom_interfaces/cmake/dynamixel_sdk_custom_interfaces__rosidl_typesupport_introspection_cppExport-noconfig.cmake
[0.633s] -- Up-to-date: /home/ayaan/URC/URC/install/dynamixel_sdk_custom_interfaces/share/dynamixel_sdk_custom_interfaces/cmake/dynamixel_sdk_custom_interfaces__rosidl_typesupport_cppExport.cmake
[0.633s] -- Up-to-date: /home/ayaan/URC/URC/install/dynamixel_sdk_custom_interfaces/share/dynamixel_sdk_custom_interfaces/cmake/dynamixel_sdk_custom_interfaces__rosidl_typesupport_cppExport-noconfig.cmake
[0.633s] -- Up-to-date: /home/ayaan/URC/URC/install/dynamixel_sdk_custom_interfaces/share/dynamixel_sdk_custom_interfaces/cmake/export_dynamixel_sdk_custom_interfaces__rosidl_generator_pyExport.cmake
[0.633s] -- Up-to-date: /home/ayaan/URC/URC/install/dynamixel_sdk_custom_interfaces/share/dynamixel_sdk_custom_interfaces/cmake/export_dynamixel_sdk_custom_interfaces__rosidl_generator_pyExport-noconfig.cmake
[0.633s] -- Up-to-date: /home/ayaan/URC/URC/install/dynamixel_sdk_custom_interfaces/share/dynamixel_sdk_custom_interfaces/cmake/rosidl_cmake-extras.cmake
[0.633s] -- Up-to-date: /home/ayaan/URC/URC/install/dynamixel_sdk_custom_interfaces/share/dynamixel_sdk_custom_interfaces/cmake/ament_cmake_export_dependencies-extras.cmake
[0.634s] -- Up-to-date: /home/ayaan/URC/URC/install/dynamixel_sdk_custom_interfaces/share/dynamixel_sdk_custom_interfaces/cmake/ament_cmake_export_include_directories-extras.cmake
[0.634s] -- Up-to-date: /home/ayaan/URC/URC/install/dynamixel_sdk_custom_interfaces/share/dynamixel_sdk_custom_interfaces/cmake/ament_cmake_export_libraries-extras.cmake
[0.634s] -- Up-to-date: /home/ayaan/URC/URC/install/dynamixel_sdk_custom_interfaces/share/dynamixel_sdk_custom_interfaces/cmake/ament_cmake_export_targets-extras.cmake
[0.634s] -- Up-to-date: /home/ayaan/URC/URC/install/dynamixel_sdk_custom_interfaces/share/dynamixel_sdk_custom_interfaces/cmake/rosidl_cmake_export_typesupport_targets-extras.cmake
[0.634s] -- Up-to-date: /home/ayaan/URC/URC/install/dynamixel_sdk_custom_interfaces/share/dynamixel_sdk_custom_interfaces/cmake/rosidl_cmake_export_typesupport_libraries-extras.cmake
[0.634s] -- Up-to-date: /home/ayaan/URC/URC/install/dynamixel_sdk_custom_interfaces/share/dynamixel_sdk_custom_interfaces/cmake/dynamixel_sdk_custom_interfacesConfig.cmake
[0.634s] -- Up-to-date: /home/ayaan/URC/URC/install/dynamixel_sdk_custom_interfaces/share/dynamixel_sdk_custom_interfaces/cmake/dynamixel_sdk_custom_interfacesConfig-version.cmake
[0.634s] -- Up-to-date: /home/ayaan/URC/URC/install/dynamixel_sdk_custom_interfaces/share/dynamixel_sdk_custom_interfaces/package.xml
[0.635s] Invoked command in '/home/ayaan/URC/URC/build/dynamixel_sdk_custom_interfaces' returned '0': CMAKE_PREFIX_PATH=${CMAKE_PREFIX_PATH}:/home/ayaan/imprimis/imprimis_ws/install/utils:/home/ayaan/imprimis/imprimis_ws/install/map_goal_to_odom:/home/ayaan/imprimis/imprimis_ws/install/gps_nav_bridge:/opt/ros/jazzy DEBUGINFOD_URLS=https://debuginfod.ubuntu.com /usr/bin/cmake --install /home/ayaan/URC/URC/build/dynamixel_sdk_custom_interfaces
