[0.767s] DEBUG:colcon:Command line arguments: ['/usr/bin/colcon', 'build', '--packages-select', 'interbotix_xsarm_control']
[0.768s] DEBUG:colcon:Parsed command line arguments: Namespace(log_base=None, log_level=None, verb_name='build', build_base='build', install_base='install', merge_install=False, symlink_install=False, test_result_base=None, continue_on_error=False, executor='parallel', parallel_workers=4, event_handlers=None, ignore_user_meta=False, metas=['./colcon.meta'], base_paths=['.'], packages_ignore=None, packages_ignore_regex=None, paths=None, packages_up_to=None, packages_up_to_regex=None, packages_above=None, packages_above_and_dependencies=None, packages_above_depth=None, packages_select_by_dep=None, packages_skip_by_dep=None, packages_skip_up_to=None, packages_select_build_failed=False, packages_skip_build_finished=False, packages_select_test_failures=False, packages_skip_test_passed=False, packages_select=['interbotix_xsarm_control'], packages_skip=None, packages_select_regex=None, packages_skip_regex=None, packages_start=None, packages_end=None, allow_overriding=[], cmake_args=None, cmake_target=None, cmake_target_skip_unavailable=False, cmake_clean_cache=False, cmake_clean_first=False, cmake_force_configure=False, ament_cmake_args=None, catkin_cmake_args=None, catkin_skip_building_tests=False, mixin_files=None, mixin=None, verb_parser=<colcon_mixin.mixin.mixin_argument.MixinArgumentDecorator object at 0xffffabe64f50>, verb_extension=<colcon_core.verb.build.BuildVerb object at 0xffffad70b1a0>, main=<bound method BuildVerb.main of <colcon_core.verb.build.BuildVerb object at 0xffffad70b1a0>>, mixin_verb=('build',))
[1.037s] Level 1:colcon.colcon_core.package_discovery:discover_packages(colcon_meta) check parameters
[1.038s] Level 1:colcon.colcon_core.package_discovery:discover_packages(recursive) check parameters
[1.039s] Level 1:colcon.colcon_core.package_discovery:discover_packages(ignore) check parameters
[1.039s] Level 1:colcon.colcon_core.package_discovery:discover_packages(path) check parameters
[1.039s] Level 1:colcon.colcon_core.package_discovery:discover_packages(colcon_meta) discover
[1.040s] Level 1:colcon.colcon_core.package_discovery:discover_packages(recursive) discover
[1.040s] INFO:colcon.colcon_core.package_discovery:Crawling recursively for packages in '/home/admin1/URC'
[1.041s] Level 1:colcon.colcon_core.package_identification:_identify(.) by extensions ['ignore', 'ignore_ament_install']
[1.042s] Level 1:colcon.colcon_core.package_identification:_identify(.) by extension 'ignore'
[1.042s] Level 1:colcon.colcon_core.package_identification:_identify(.) by extension 'ignore_ament_install'
[1.042s] Level 1:colcon.colcon_core.package_identification:_identify(.) by extensions ['colcon_pkg']
[1.042s] Level 1:colcon.colcon_core.package_identification:_identify(.) by extension 'colcon_pkg'
[1.043s] Level 1:colcon.colcon_core.package_identification:_identify(.) by extensions ['colcon_meta']
[1.043s] Level 1:colcon.colcon_core.package_identification:_identify(.) by extension 'colcon_meta'
[1.043s] Level 1:colcon.colcon_core.package_identification:_identify(.) by extensions ['ros']
[1.044s] Level 1:colcon.colcon_core.package_identification:_identify(.) by extension 'ros'
[1.200s] Level 1:colcon.colcon_core.package_identification:_identify(.) by extensions ['cmake', 'python']
[1.201s] Level 1:colcon.colcon_core.package_identification:_identify(.) by extension 'cmake'
[1.201s] Level 1:colcon.colcon_core.package_identification:_identify(.) by extension 'python'
[1.202s] Level 1:colcon.colcon_core.package_identification:_identify(.) by extensions ['python_setup_py']
[1.202s] Level 1:colcon.colcon_core.package_identification:_identify(.) by extension 'python_setup_py'
[1.205s] Level 1:colcon.colcon_core.package_identification:_identify(EspFirmware) by extensions ['ignore', 'ignore_ament_install']
[1.206s] Level 1:colcon.colcon_core.package_identification:_identify(EspFirmware) by extension 'ignore'
[1.207s] Level 1:colcon.colcon_core.package_identification:_identify(EspFirmware) by extension 'ignore_ament_install'
[1.208s] Level 1:colcon.colcon_core.package_identification:_identify(EspFirmware) by extensions ['colcon_pkg']
[1.209s] Level 1:colcon.colcon_core.package_identification:_identify(EspFirmware) by extension 'colcon_pkg'
[1.209s] Level 1:colcon.colcon_core.package_identification:_identify(EspFirmware) by extensions ['colcon_meta']
[1.210s] Level 1:colcon.colcon_core.package_identification:_identify(EspFirmware) by extension 'colcon_meta'
[1.210s] Level 1:colcon.colcon_core.package_identification:_identify(EspFirmware) by extensions ['ros']
[1.210s] Level 1:colcon.colcon_core.package_identification:_identify(EspFirmware) by extension 'ros'
[1.212s] Level 1:colcon.colcon_core.package_identification:_identify(EspFirmware) by extensions ['cmake', 'python']
[1.212s] Level 1:colcon.colcon_core.package_identification:_identify(EspFirmware) by extension 'cmake'
[1.212s] Level 1:colcon.colcon_core.package_identification:_identify(EspFirmware) by extension 'python'
[1.213s] Level 1:colcon.colcon_core.package_identification:_identify(EspFirmware) by extensions ['python_setup_py']
[1.213s] Level 1:colcon.colcon_core.package_identification:_identify(EspFirmware) by extension 'python_setup_py'
[1.214s] Level 1:colcon.colcon_core.package_identification:_identify(EspFirmware/ArmController) by extensions ['ignore', 'ignore_ament_install']
[1.214s] Level 1:colcon.colcon_core.package_identification:_identify(EspFirmware/ArmController) by extension 'ignore'
[1.215s] Level 1:colcon.colcon_core.package_identification:_identify(EspFirmware/ArmController) by extension 'ignore_ament_install'
[1.215s] Level 1:colcon.colcon_core.package_identification:_identify(EspFirmware/ArmController) by extensions ['colcon_pkg']
[1.215s] Level 1:colcon.colcon_core.package_identification:_identify(EspFirmware/ArmController) by extension 'colcon_pkg'
[1.216s] Level 1:colcon.colcon_core.package_identification:_identify(EspFirmware/ArmController) by extensions ['colcon_meta']
[1.216s] Level 1:colcon.colcon_core.package_identification:_identify(EspFirmware/ArmController) by extension 'colcon_meta'
[1.217s] Level 1:colcon.colcon_core.package_identification:_identify(EspFirmware/ArmController) by extensions ['ros']
[1.217s] Level 1:colcon.colcon_core.package_identification:_identify(EspFirmware/ArmController) by extension 'ros'
[1.218s] Level 1:colcon.colcon_core.package_identification:_identify(EspFirmware/ArmController) by extensions ['cmake', 'python']
[1.218s] Level 1:colcon.colcon_core.package_identification:_identify(EspFirmware/ArmController) by extension 'cmake'
[1.218s] Level 1:colcon.colcon_core.package_identification:_identify(EspFirmware/ArmController) by extension 'python'
[1.218s] Level 1:colcon.colcon_core.package_identification:_identify(EspFirmware/ArmController) by extensions ['python_setup_py']
[1.219s] Level 1:colcon.colcon_core.package_identification:_identify(EspFirmware/ArmController) by extension 'python_setup_py'
[1.219s] Level 1:colcon.colcon_core.package_identification:_identify(EspFirmware/ArmController/build) by extensions ['ignore', 'ignore_ament_install']
[1.220s] Level 1:colcon.colcon_core.package_identification:_identify(EspFirmware/ArmController/build) by extension 'ignore'
[1.220s] Level 1:colcon.colcon_core.package_identification:_identify(EspFirmware/ArmController/build) ignored
[1.221s] Level 1:colcon.colcon_core.package_identification:_identify(EspFirmware/ArmController/include) by extensions ['ignore', 'ignore_ament_install']
[1.222s] Level 1:colcon.colcon_core.package_identification:_identify(EspFirmware/ArmController/include) by extension 'ignore'
[1.222s] Level 1:colcon.colcon_core.package_identification:_identify(EspFirmware/ArmController/include) by extension 'ignore_ament_install'
[1.222s] Level 1:colcon.colcon_core.package_identification:_identify(EspFirmware/ArmController/include) by extensions ['colcon_pkg']
[1.223s] Level 1:colcon.colcon_core.package_identification:_identify(EspFirmware/ArmController/include) by extension 'colcon_pkg'
[1.223s] Level 1:colcon.colcon_core.package_identification:_identify(EspFirmware/ArmController/include) by extensions ['colcon_meta']
[1.223s] Level 1:colcon.colcon_core.package_identification:_identify(EspFirmware/ArmController/include) by extension 'colcon_meta'
[1.224s] Level 1:colcon.colcon_core.package_identification:_identify(EspFirmware/ArmController/include) by extensions ['ros']
[1.224s] Level 1:colcon.colcon_core.package_identification:_identify(EspFirmware/ArmController/include) by extension 'ros'
[1.225s] Level 1:colcon.colcon_core.package_identification:_identify(EspFirmware/ArmController/include) by extensions ['cmake', 'python']
[1.225s] Level 1:colcon.colcon_core.package_identification:_identify(EspFirmware/ArmController/include) by extension 'cmake'
[1.225s] Level 1:colcon.colcon_core.package_identification:_identify(EspFirmware/ArmController/include) by extension 'python'
[1.226s] Level 1:colcon.colcon_core.package_identification:_identify(EspFirmware/ArmController/include) by extensions ['python_setup_py']
[1.227s] Level 1:colcon.colcon_core.package_identification:_identify(EspFirmware/ArmController/include) by extension 'python_setup_py'
[1.229s] Level 1:colcon.colcon_core.package_identification:_identify(EspFirmware/ArmController/install) by extensions ['ignore', 'ignore_ament_install']
[1.229s] Level 1:colcon.colcon_core.package_identification:_identify(EspFirmware/ArmController/install) by extension 'ignore'
[1.230s] Level 1:colcon.colcon_core.package_identification:_identify(EspFirmware/ArmController/install) ignored
[1.232s] Level 1:colcon.colcon_core.package_identification:_identify(EspFirmware/ArmController/lib) by extensions ['ignore', 'ignore_ament_install']
[1.233s] Level 1:colcon.colcon_core.package_identification:_identify(EspFirmware/ArmController/lib) by extension 'ignore'
[1.234s] Level 1:colcon.colcon_core.package_identification:_identify(EspFirmware/ArmController/lib) by extension 'ignore_ament_install'
[1.234s] Level 1:colcon.colcon_core.package_identification:_identify(EspFirmware/ArmController/lib) by extensions ['colcon_pkg']
[1.235s] Level 1:colcon.colcon_core.package_identification:_identify(EspFirmware/ArmController/lib) by extension 'colcon_pkg'
[1.235s] Level 1:colcon.colcon_core.package_identification:_identify(EspFirmware/ArmController/lib) by extensions ['colcon_meta']
[1.235s] Level 1:colcon.colcon_core.package_identification:_identify(EspFirmware/ArmController/lib) by extension 'colcon_meta'
[1.236s] Level 1:colcon.colcon_core.package_identification:_identify(EspFirmware/ArmController/lib) by extensions ['ros']
[1.236s] Level 1:colcon.colcon_core.package_identification:_identify(EspFirmware/ArmController/lib) by extension 'ros'
[1.236s] Level 1:colcon.colcon_core.package_identification:_identify(EspFirmware/ArmController/lib) by extensions ['cmake', 'python']
[1.237s] Level 1:colcon.colcon_core.package_identification:_identify(EspFirmware/ArmController/lib) by extension 'cmake'
[1.237s] Level 1:colcon.colcon_core.package_identification:_identify(EspFirmware/ArmController/lib) by extension 'python'
[1.238s] Level 1:colcon.colcon_core.package_identification:_identify(EspFirmware/ArmController/lib) by extensions ['python_setup_py']
[1.238s] Level 1:colcon.colcon_core.package_identification:_identify(EspFirmware/ArmController/lib) by extension 'python_setup_py'
[1.239s] Level 1:colcon.colcon_core.package_identification:_identify(EspFirmware/ArmController/log) by extensions ['ignore', 'ignore_ament_install']
[1.240s] Level 1:colcon.colcon_core.package_identification:_identify(EspFirmware/ArmController/log) by extension 'ignore'
[1.240s] Level 1:colcon.colcon_core.package_identification:_identify(EspFirmware/ArmController/log) ignored
[1.241s] Level 1:colcon.colcon_core.package_identification:_identify(EspFirmware/ArmController/src) by extensions ['ignore', 'ignore_ament_install']
[1.241s] Level 1:colcon.colcon_core.package_identification:_identify(EspFirmware/ArmController/src) by extension 'ignore'
[1.241s] Level 1:colcon.colcon_core.package_identification:_identify(EspFirmware/ArmController/src) by extension 'ignore_ament_install'
[1.242s] Level 1:colcon.colcon_core.package_identification:_identify(EspFirmware/ArmController/src) by extensions ['colcon_pkg']
[1.242s] Level 1:colcon.colcon_core.package_identification:_identify(EspFirmware/ArmController/src) by extension 'colcon_pkg'
[1.242s] Level 1:colcon.colcon_core.package_identification:_identify(EspFirmware/ArmController/src) by extensions ['colcon_meta']
[1.242s] Level 1:colcon.colcon_core.package_identification:_identify(EspFirmware/ArmController/src) by extension 'colcon_meta'
[1.242s] Level 1:colcon.colcon_core.package_identification:_identify(EspFirmware/ArmController/src) by extensions ['ros']
[1.243s] Level 1:colcon.colcon_core.package_identification:_identify(EspFirmware/ArmController/src) by extension 'ros'
[1.243s] Level 1:colcon.colcon_core.package_identification:_identify(EspFirmware/ArmController/src) by extensions ['cmake', 'python']
[1.243s] Level 1:colcon.colcon_core.package_identification:_identify(EspFirmware/ArmController/src) by extension 'cmake'
[1.244s] Level 1:colcon.colcon_core.package_identification:_identify(EspFirmware/ArmController/src) by extension 'python'
[1.244s] Level 1:colcon.colcon_core.package_identification:_identify(EspFirmware/ArmController/src) by extensions ['python_setup_py']
[1.244s] Level 1:colcon.colcon_core.package_identification:_identify(EspFirmware/ArmController/src) by extension 'python_setup_py'
[1.244s] Level 1:colcon.colcon_core.package_identification:_identify(EspFirmware/ArmController/test) by extensions ['ignore', 'ignore_ament_install']
[1.245s] Level 1:colcon.colcon_core.package_identification:_identify(EspFirmware/ArmController/test) by extension 'ignore'
[1.245s] Level 1:colcon.colcon_core.package_identification:_identify(EspFirmware/ArmController/test) by extension 'ignore_ament_install'
[1.245s] Level 1:colcon.colcon_core.package_identification:_identify(EspFirmware/ArmController/test) by extensions ['colcon_pkg']
[1.246s] Level 1:colcon.colcon_core.package_identification:_identify(EspFirmware/ArmController/test) by extension 'colcon_pkg'
[1.246s] Level 1:colcon.colcon_core.package_identification:_identify(EspFirmware/ArmController/test) by extensions ['colcon_meta']
[1.246s] Level 1:colcon.colcon_core.package_identification:_identify(EspFirmware/ArmController/test) by extension 'colcon_meta'
[1.247s] Level 1:colcon.colcon_core.package_identification:_identify(EspFirmware/ArmController/test) by extensions ['ros']
[1.247s] Level 1:colcon.colcon_core.package_identification:_identify(EspFirmware/ArmController/test) by extension 'ros'
[1.247s] Level 1:colcon.colcon_core.package_identification:_identify(EspFirmware/ArmController/test) by extensions ['cmake', 'python']
[1.248s] Level 1:colcon.colcon_core.package_identification:_identify(EspFirmware/ArmController/test) by extension 'cmake'
[1.248s] Level 1:colcon.colcon_core.package_identification:_identify(EspFirmware/ArmController/test) by extension 'python'
[1.249s] Level 1:colcon.colcon_core.package_identification:_identify(EspFirmware/ArmController/test) by extensions ['python_setup_py']
[1.249s] Level 1:colcon.colcon_core.package_identification:_identify(EspFirmware/ArmController/test) by extension 'python_setup_py'
[1.250s] Level 1:colcon.colcon_core.package_identification:_identify(EspFirmware/HandController) by extensions ['ignore', 'ignore_ament_install']
[1.250s] Level 1:colcon.colcon_core.package_identification:_identify(EspFirmware/HandController) by extension 'ignore'
[1.251s] Level 1:colcon.colcon_core.package_identification:_identify(EspFirmware/HandController) by extension 'ignore_ament_install'
[1.251s] Level 1:colcon.colcon_core.package_identification:_identify(EspFirmware/HandController) by extensions ['colcon_pkg']
[1.251s] Level 1:colcon.colcon_core.package_identification:_identify(EspFirmware/HandController) by extension 'colcon_pkg'
[1.251s] Level 1:colcon.colcon_core.package_identification:_identify(EspFirmware/HandController) by extensions ['colcon_meta']
[1.252s] Level 1:colcon.colcon_core.package_identification:_identify(EspFirmware/HandController) by extension 'colcon_meta'
[1.252s] Level 1:colcon.colcon_core.package_identification:_identify(EspFirmware/HandController) by extensions ['ros']
[1.252s] Level 1:colcon.colcon_core.package_identification:_identify(EspFirmware/HandController) by extension 'ros'
[1.253s] Level 1:colcon.colcon_core.package_identification:_identify(EspFirmware/HandController) by extensions ['cmake', 'python']
[1.253s] Level 1:colcon.colcon_core.package_identification:_identify(EspFirmware/HandController) by extension 'cmake'
[1.253s] Level 1:colcon.colcon_core.package_identification:_identify(EspFirmware/HandController) by extension 'python'
[1.254s] Level 1:colcon.colcon_core.package_identification:_identify(EspFirmware/HandController) by extensions ['python_setup_py']
[1.254s] Level 1:colcon.colcon_core.package_identification:_identify(EspFirmware/HandController) by extension 'python_setup_py'
[1.255s] Level 1:colcon.colcon_core.package_identification:_identify(EspFirmware/HandController/include) by extensions ['ignore', 'ignore_ament_install']
[1.255s] Level 1:colcon.colcon_core.package_identification:_identify(EspFirmware/HandController/include) by extension 'ignore'
[1.256s] Level 1:colcon.colcon_core.package_identification:_identify(EspFirmware/HandController/include) by extension 'ignore_ament_install'
[1.257s] Level 1:colcon.colcon_core.package_identification:_identify(EspFirmware/HandController/include) by extensions ['colcon_pkg']
[1.257s] Level 1:colcon.colcon_core.package_identification:_identify(EspFirmware/HandController/include) by extension 'colcon_pkg'
[1.257s] Level 1:colcon.colcon_core.package_identification:_identify(EspFirmware/HandController/include) by extensions ['colcon_meta']
[1.257s] Level 1:colcon.colcon_core.package_identification:_identify(EspFirmware/HandController/include) by extension 'colcon_meta'
[1.258s] Level 1:colcon.colcon_core.package_identification:_identify(EspFirmware/HandController/include) by extensions ['ros']
[1.258s] Level 1:colcon.colcon_core.package_identification:_identify(EspFirmware/HandController/include) by extension 'ros'
[1.259s] Level 1:colcon.colcon_core.package_identification:_identify(EspFirmware/HandController/include) by extensions ['cmake', 'python']
[1.259s] Level 1:colcon.colcon_core.package_identification:_identify(EspFirmware/HandController/include) by extension 'cmake'
[1.260s] Level 1:colcon.colcon_core.package_identification:_identify(EspFirmware/HandController/include) by extension 'python'
[1.260s] Level 1:colcon.colcon_core.package_identification:_identify(EspFirmware/HandController/include) by extensions ['python_setup_py']
[1.261s] Level 1:colcon.colcon_core.package_identification:_identify(EspFirmware/HandController/include) by extension 'python_setup_py'
[1.261s] Level 1:colcon.colcon_core.package_identification:_identify(EspFirmware/HandController/lib) by extensions ['ignore', 'ignore_ament_install']
[1.262s] Level 1:colcon.colcon_core.package_identification:_identify(EspFirmware/HandController/lib) by extension 'ignore'
[1.262s] Level 1:colcon.colcon_core.package_identification:_identify(EspFirmware/HandController/lib) by extension 'ignore_ament_install'
[1.263s] Level 1:colcon.colcon_core.package_identification:_identify(EspFirmware/HandController/lib) by extensions ['colcon_pkg']
[1.263s] Level 1:colcon.colcon_core.package_identification:_identify(EspFirmware/HandController/lib) by extension 'colcon_pkg'
[1.264s] Level 1:colcon.colcon_core.package_identification:_identify(EspFirmware/HandController/lib) by extensions ['colcon_meta']
[1.264s] Level 1:colcon.colcon_core.package_identification:_identify(EspFirmware/HandController/lib) by extension 'colcon_meta'
[1.264s] Level 1:colcon.colcon_core.package_identification:_identify(EspFirmware/HandController/lib) by extensions ['ros']
[1.265s] Level 1:colcon.colcon_core.package_identification:_identify(EspFirmware/HandController/lib) by extension 'ros'
[1.266s] Level 1:colcon.colcon_core.package_identification:_identify(EspFirmware/HandController/lib) by extensions ['cmake', 'python']
[1.266s] Level 1:colcon.colcon_core.package_identification:_identify(EspFirmware/HandController/lib) by extension 'cmake'
[1.267s] Level 1:colcon.colcon_core.package_identification:_identify(EspFirmware/HandController/lib) by extension 'python'
[1.268s] Level 1:colcon.colcon_core.package_identification:_identify(EspFirmware/HandController/lib) by extensions ['python_setup_py']
[1.268s] Level 1:colcon.colcon_core.package_identification:_identify(EspFirmware/HandController/lib) by extension 'python_setup_py'
[1.269s] Level 1:colcon.colcon_core.package_identification:_identify(EspFirmware/HandController/src) by extensions ['ignore', 'ignore_ament_install']
[1.269s] Level 1:colcon.colcon_core.package_identification:_identify(EspFirmware/HandController/src) by extension 'ignore'
[1.269s] Level 1:colcon.colcon_core.package_identification:_identify(EspFirmware/HandController/src) by extension 'ignore_ament_install'
[1.270s] Level 1:colcon.colcon_core.package_identification:_identify(EspFirmware/HandController/src) by extensions ['colcon_pkg']
[1.270s] Level 1:colcon.colcon_core.package_identification:_identify(EspFirmware/HandController/src) by extension 'colcon_pkg'
[1.270s] Level 1:colcon.colcon_core.package_identification:_identify(EspFirmware/HandController/src) by extensions ['colcon_meta']
[1.270s] Level 1:colcon.colcon_core.package_identification:_identify(EspFirmware/HandController/src) by extension 'colcon_meta'
[1.270s] Level 1:colcon.colcon_core.package_identification:_identify(EspFirmware/HandController/src) by extensions ['ros']
[1.271s] Level 1:colcon.colcon_core.package_identification:_identify(EspFirmware/HandController/src) by extension 'ros'
[1.271s] Level 1:colcon.colcon_core.package_identification:_identify(EspFirmware/HandController/src) by extensions ['cmake', 'python']
[1.271s] Level 1:colcon.colcon_core.package_identification:_identify(EspFirmware/HandController/src) by extension 'cmake'
[1.271s] Level 1:colcon.colcon_core.package_identification:_identify(EspFirmware/HandController/src) by extension 'python'
[1.272s] Level 1:colcon.colcon_core.package_identification:_identify(EspFirmware/HandController/src) by extensions ['python_setup_py']
[1.272s] Level 1:colcon.colcon_core.package_identification:_identify(EspFirmware/HandController/src) by extension 'python_setup_py'
[1.272s] Level 1:colcon.colcon_core.package_identification:_identify(EspFirmware/HandController/test) by extensions ['ignore', 'ignore_ament_install']
[1.273s] Level 1:colcon.colcon_core.package_identification:_identify(EspFirmware/HandController/test) by extension 'ignore'
[1.273s] Level 1:colcon.colcon_core.package_identification:_identify(EspFirmware/HandController/test) by extension 'ignore_ament_install'
[1.273s] Level 1:colcon.colcon_core.package_identification:_identify(EspFirmware/HandController/test) by extensions ['colcon_pkg']
[1.274s] Level 1:colcon.colcon_core.package_identification:_identify(EspFirmware/HandController/test) by extension 'colcon_pkg'
[1.274s] Level 1:colcon.colcon_core.package_identification:_identify(EspFirmware/HandController/test) by extensions ['colcon_meta']
[1.274s] Level 1:colcon.colcon_core.package_identification:_identify(EspFirmware/HandController/test) by extension 'colcon_meta'
[1.274s] Level 1:colcon.colcon_core.package_identification:_identify(EspFirmware/HandController/test) by extensions ['ros']
[1.274s] Level 1:colcon.colcon_core.package_identification:_identify(EspFirmware/HandController/test) by extension 'ros'
[1.275s] Level 1:colcon.colcon_core.package_identification:_identify(EspFirmware/HandController/test) by extensions ['cmake', 'python']
[1.275s] Level 1:colcon.colcon_core.package_identification:_identify(EspFirmware/HandController/test) by extension 'cmake'
[1.275s] Level 1:colcon.colcon_core.package_identification:_identify(EspFirmware/HandController/test) by extension 'python'
[1.275s] Level 1:colcon.colcon_core.package_identification:_identify(EspFirmware/HandController/test) by extensions ['python_setup_py']
[1.275s] Level 1:colcon.colcon_core.package_identification:_identify(EspFirmware/HandController/test) by extension 'python_setup_py'
[1.276s] Level 1:colcon.colcon_core.package_identification:_identify(EspFirmware/ReceiverBoard) by extensions ['ignore', 'ignore_ament_install']
[1.277s] Level 1:colcon.colcon_core.package_identification:_identify(EspFirmware/ReceiverBoard) by extension 'ignore'
[1.277s] Level 1:colcon.colcon_core.package_identification:_identify(EspFirmware/ReceiverBoard) by extension 'ignore_ament_install'
[1.277s] Level 1:colcon.colcon_core.package_identification:_identify(EspFirmware/ReceiverBoard) by extensions ['colcon_pkg']
[1.278s] Level 1:colcon.colcon_core.package_identification:_identify(EspFirmware/ReceiverBoard) by extension 'colcon_pkg'
[1.278s] Level 1:colcon.colcon_core.package_identification:_identify(EspFirmware/ReceiverBoard) by extensions ['colcon_meta']
[1.278s] Level 1:colcon.colcon_core.package_identification:_identify(EspFirmware/ReceiverBoard) by extension 'colcon_meta'
[1.278s] Level 1:colcon.colcon_core.package_identification:_identify(EspFirmware/ReceiverBoard) by extensions ['ros']
[1.279s] Level 1:colcon.colcon_core.package_identification:_identify(EspFirmware/ReceiverBoard) by extension 'ros'
[1.279s] Level 1:colcon.colcon_core.package_identification:_identify(EspFirmware/ReceiverBoard) by extensions ['cmake', 'python']
[1.279s] Level 1:colcon.colcon_core.package_identification:_identify(EspFirmware/ReceiverBoard) by extension 'cmake'
[1.280s] Level 1:colcon.colcon_core.package_identification:_identify(EspFirmware/ReceiverBoard) by extension 'python'
[1.280s] Level 1:colcon.colcon_core.package_identification:_identify(EspFirmware/ReceiverBoard) by extensions ['python_setup_py']
[1.280s] Level 1:colcon.colcon_core.package_identification:_identify(EspFirmware/ReceiverBoard) by extension 'python_setup_py'
[1.281s] Level 1:colcon.colcon_core.package_identification:_identify(EspFirmware/ReceiverBoard/include) by extensions ['ignore', 'ignore_ament_install']
[1.282s] Level 1:colcon.colcon_core.package_identification:_identify(EspFirmware/ReceiverBoard/include) by extension 'ignore'
[1.282s] Level 1:colcon.colcon_core.package_identification:_identify(EspFirmware/ReceiverBoard/include) by extension 'ignore_ament_install'
[1.282s] Level 1:colcon.colcon_core.package_identification:_identify(EspFirmware/ReceiverBoard/include) by extensions ['colcon_pkg']
[1.283s] Level 1:colcon.colcon_core.package_identification:_identify(EspFirmware/ReceiverBoard/include) by extension 'colcon_pkg'
[1.283s] Level 1:colcon.colcon_core.package_identification:_identify(EspFirmware/ReceiverBoard/include) by extensions ['colcon_meta']
[1.283s] Level 1:colcon.colcon_core.package_identification:_identify(EspFirmware/ReceiverBoard/include) by extension 'colcon_meta'
[1.284s] Level 1:colcon.colcon_core.package_identification:_identify(EspFirmware/ReceiverBoard/include) by extensions ['ros']
[1.284s] Level 1:colcon.colcon_core.package_identification:_identify(EspFirmware/ReceiverBoard/include) by extension 'ros'
[1.285s] Level 1:colcon.colcon_core.package_identification:_identify(EspFirmware/ReceiverBoard/include) by extensions ['cmake', 'python']
[1.285s] Level 1:colcon.colcon_core.package_identification:_identify(EspFirmware/ReceiverBoard/include) by extension 'cmake'
[1.285s] Level 1:colcon.colcon_core.package_identification:_identify(EspFirmware/ReceiverBoard/include) by extension 'python'
[1.286s] Level 1:colcon.colcon_core.package_identification:_identify(EspFirmware/ReceiverBoard/include) by extensions ['python_setup_py']
[1.286s] Level 1:colcon.colcon_core.package_identification:_identify(EspFirmware/ReceiverBoard/include) by extension 'python_setup_py'
[1.287s] Level 1:colcon.colcon_core.package_identification:_identify(EspFirmware/ReceiverBoard/lib) by extensions ['ignore', 'ignore_ament_install']
[1.287s] Level 1:colcon.colcon_core.package_identification:_identify(EspFirmware/ReceiverBoard/lib) by extension 'ignore'
[1.288s] Level 1:colcon.colcon_core.package_identification:_identify(EspFirmware/ReceiverBoard/lib) by extension 'ignore_ament_install'
[1.288s] Level 1:colcon.colcon_core.package_identification:_identify(EspFirmware/ReceiverBoard/lib) by extensions ['colcon_pkg']
[1.289s] Level 1:colcon.colcon_core.package_identification:_identify(EspFirmware/ReceiverBoard/lib) by extension 'colcon_pkg'
[1.289s] Level 1:colcon.colcon_core.package_identification:_identify(EspFirmware/ReceiverBoard/lib) by extensions ['colcon_meta']
[1.289s] Level 1:colcon.colcon_core.package_identification:_identify(EspFirmware/ReceiverBoard/lib) by extension 'colcon_meta'
[1.290s] Level 1:colcon.colcon_core.package_identification:_identify(EspFirmware/ReceiverBoard/lib) by extensions ['ros']
[1.290s] Level 1:colcon.colcon_core.package_identification:_identify(EspFirmware/ReceiverBoard/lib) by extension 'ros'
[1.291s] Level 1:colcon.colcon_core.package_identification:_identify(EspFirmware/ReceiverBoard/lib) by extensions ['cmake', 'python']
[1.291s] Level 1:colcon.colcon_core.package_identification:_identify(EspFirmware/ReceiverBoard/lib) by extension 'cmake'
[1.292s] Level 1:colcon.colcon_core.package_identification:_identify(EspFirmware/ReceiverBoard/lib) by extension 'python'
[1.292s] Level 1:colcon.colcon_core.package_identification:_identify(EspFirmware/ReceiverBoard/lib) by extensions ['python_setup_py']
[1.292s] Level 1:colcon.colcon_core.package_identification:_identify(EspFirmware/ReceiverBoard/lib) by extension 'python_setup_py'
[1.293s] Level 1:colcon.colcon_core.package_identification:_identify(EspFirmware/ReceiverBoard/src) by extensions ['ignore', 'ignore_ament_install']
[1.294s] Level 1:colcon.colcon_core.package_identification:_identify(EspFirmware/ReceiverBoard/src) by extension 'ignore'
[1.294s] Level 1:colcon.colcon_core.package_identification:_identify(EspFirmware/ReceiverBoard/src) by extension 'ignore_ament_install'
[1.295s] Level 1:colcon.colcon_core.package_identification:_identify(EspFirmware/ReceiverBoard/src) by extensions ['colcon_pkg']
[1.295s] Level 1:colcon.colcon_core.package_identification:_identify(EspFirmware/ReceiverBoard/src) by extension 'colcon_pkg'
[1.296s] Level 1:colcon.colcon_core.package_identification:_identify(EspFirmware/ReceiverBoard/src) by extensions ['colcon_meta']
[1.296s] Level 1:colcon.colcon_core.package_identification:_identify(EspFirmware/ReceiverBoard/src) by extension 'colcon_meta'
[1.297s] Level 1:colcon.colcon_core.package_identification:_identify(EspFirmware/ReceiverBoard/src) by extensions ['ros']
[1.298s] Level 1:colcon.colcon_core.package_identification:_identify(EspFirmware/ReceiverBoard/src) by extension 'ros'
[1.299s] Level 1:colcon.colcon_core.package_identification:_identify(EspFirmware/ReceiverBoard/src) by extensions ['cmake', 'python']
[1.299s] Level 1:colcon.colcon_core.package_identification:_identify(EspFirmware/ReceiverBoard/src) by extension 'cmake'
[1.299s] Level 1:colcon.colcon_core.package_identification:_identify(EspFirmware/ReceiverBoard/src) by extension 'python'
[1.300s] Level 1:colcon.colcon_core.package_identification:_identify(EspFirmware/ReceiverBoard/src) by extensions ['python_setup_py']
[1.300s] Level 1:colcon.colcon_core.package_identification:_identify(EspFirmware/ReceiverBoard/src) by extension 'python_setup_py'
[1.301s] Level 1:colcon.colcon_core.package_identification:_identify(EspFirmware/ReceiverBoard/test) by extensions ['ignore', 'ignore_ament_install']
[1.301s] Level 1:colcon.colcon_core.package_identification:_identify(EspFirmware/ReceiverBoard/test) by extension 'ignore'
[1.301s] Level 1:colcon.colcon_core.package_identification:_identify(EspFirmware/ReceiverBoard/test) by extension 'ignore_ament_install'
[1.302s] Level 1:colcon.colcon_core.package_identification:_identify(EspFirmware/ReceiverBoard/test) by extensions ['colcon_pkg']
[1.302s] Level 1:colcon.colcon_core.package_identification:_identify(EspFirmware/ReceiverBoard/test) by extension 'colcon_pkg'
[1.302s] Level 1:colcon.colcon_core.package_identification:_identify(EspFirmware/ReceiverBoard/test) by extensions ['colcon_meta']
[1.302s] Level 1:colcon.colcon_core.package_identification:_identify(EspFirmware/ReceiverBoard/test) by extension 'colcon_meta'
[1.302s] Level 1:colcon.colcon_core.package_identification:_identify(EspFirmware/ReceiverBoard/test) by extensions ['ros']
[1.303s] Level 1:colcon.colcon_core.package_identification:_identify(EspFirmware/ReceiverBoard/test) by extension 'ros'
[1.303s] Level 1:colcon.colcon_core.package_identification:_identify(EspFirmware/ReceiverBoard/test) by extensions ['cmake', 'python']
[1.304s] Level 1:colcon.colcon_core.package_identification:_identify(EspFirmware/ReceiverBoard/test) by extension 'cmake'
[1.304s] Level 1:colcon.colcon_core.package_identification:_identify(EspFirmware/ReceiverBoard/test) by extension 'python'
[1.304s] Level 1:colcon.colcon_core.package_identification:_identify(EspFirmware/ReceiverBoard/test) by extensions ['python_setup_py']
[1.304s] Level 1:colcon.colcon_core.package_identification:_identify(EspFirmware/ReceiverBoard/test) by extension 'python_setup_py'
[1.305s] Level 1:colcon.colcon_core.package_identification:_identify(EspFirmware/microRos_sender) by extensions ['ignore', 'ignore_ament_install']
[1.305s] Level 1:colcon.colcon_core.package_identification:_identify(EspFirmware/microRos_sender) by extension 'ignore'
[1.305s] Level 1:colcon.colcon_core.package_identification:_identify(EspFirmware/microRos_sender) by extension 'ignore_ament_install'
[1.306s] Level 1:colcon.colcon_core.package_identification:_identify(EspFirmware/microRos_sender) by extensions ['colcon_pkg']
[1.306s] Level 1:colcon.colcon_core.package_identification:_identify(EspFirmware/microRos_sender) by extension 'colcon_pkg'
[1.306s] Level 1:colcon.colcon_core.package_identification:_identify(EspFirmware/microRos_sender) by extensions ['colcon_meta']
[1.307s] Level 1:colcon.colcon_core.package_identification:_identify(EspFirmware/microRos_sender) by extension 'colcon_meta'
[1.307s] Level 1:colcon.colcon_core.package_identification:_identify(EspFirmware/microRos_sender) by extensions ['ros']
[1.307s] Level 1:colcon.colcon_core.package_identification:_identify(EspFirmware/microRos_sender) by extension 'ros'
[1.307s] Level 1:colcon.colcon_core.package_identification:_identify(EspFirmware/microRos_sender) by extensions ['cmake', 'python']
[1.307s] Level 1:colcon.colcon_core.package_identification:_identify(EspFirmware/microRos_sender) by extension 'cmake'
[1.308s] Level 1:colcon.colcon_core.package_identification:_identify(EspFirmware/microRos_sender) by extension 'python'
[1.308s] Level 1:colcon.colcon_core.package_identification:_identify(EspFirmware/microRos_sender) by extensions ['python_setup_py']
[1.308s] Level 1:colcon.colcon_core.package_identification:_identify(EspFirmware/microRos_sender) by extension 'python_setup_py'
[1.308s] Level 1:colcon.colcon_core.package_identification:_identify(EspFirmware/microRos_sender/include) by extensions ['ignore', 'ignore_ament_install']
[1.309s] Level 1:colcon.colcon_core.package_identification:_identify(EspFirmware/microRos_sender/include) by extension 'ignore'
[1.309s] Level 1:colcon.colcon_core.package_identification:_identify(EspFirmware/microRos_sender/include) by extension 'ignore_ament_install'
[1.310s] Level 1:colcon.colcon_core.package_identification:_identify(EspFirmware/microRos_sender/include) by extensions ['colcon_pkg']
[1.310s] Level 1:colcon.colcon_core.package_identification:_identify(EspFirmware/microRos_sender/include) by extension 'colcon_pkg'
[1.310s] Level 1:colcon.colcon_core.package_identification:_identify(EspFirmware/microRos_sender/include) by extensions ['colcon_meta']
[1.310s] Level 1:colcon.colcon_core.package_identification:_identify(EspFirmware/microRos_sender/include) by extension 'colcon_meta'
[1.311s] Level 1:colcon.colcon_core.package_identification:_identify(EspFirmware/microRos_sender/include) by extensions ['ros']
[1.311s] Level 1:colcon.colcon_core.package_identification:_identify(EspFirmware/microRos_sender/include) by extension 'ros'
[1.311s] Level 1:colcon.colcon_core.package_identification:_identify(EspFirmware/microRos_sender/include) by extensions ['cmake', 'python']
[1.312s] Level 1:colcon.colcon_core.package_identification:_identify(EspFirmware/microRos_sender/include) by extension 'cmake'
[1.312s] Level 1:colcon.colcon_core.package_identification:_identify(EspFirmware/microRos_sender/include) by extension 'python'
[1.313s] Level 1:colcon.colcon_core.package_identification:_identify(EspFirmware/microRos_sender/include) by extensions ['python_setup_py']
[1.313s] Level 1:colcon.colcon_core.package_identification:_identify(EspFirmware/microRos_sender/include) by extension 'python_setup_py'
[1.314s] Level 1:colcon.colcon_core.package_identification:_identify(EspFirmware/microRos_sender/lib) by extensions ['ignore', 'ignore_ament_install']
[1.315s] Level 1:colcon.colcon_core.package_identification:_identify(EspFirmware/microRos_sender/lib) by extension 'ignore'
[1.315s] Level 1:colcon.colcon_core.package_identification:_identify(EspFirmware/microRos_sender/lib) by extension 'ignore_ament_install'
[1.315s] Level 1:colcon.colcon_core.package_identification:_identify(EspFirmware/microRos_sender/lib) by extensions ['colcon_pkg']
[1.316s] Level 1:colcon.colcon_core.package_identification:_identify(EspFirmware/microRos_sender/lib) by extension 'colcon_pkg'
[1.316s] Level 1:colcon.colcon_core.package_identification:_identify(EspFirmware/microRos_sender/lib) by extensions ['colcon_meta']
[1.316s] Level 1:colcon.colcon_core.package_identification:_identify(EspFirmware/microRos_sender/lib) by extension 'colcon_meta'
[1.317s] Level 1:colcon.colcon_core.package_identification:_identify(EspFirmware/microRos_sender/lib) by extensions ['ros']
[1.317s] Level 1:colcon.colcon_core.package_identification:_identify(EspFirmware/microRos_sender/lib) by extension 'ros'
[1.318s] Level 1:colcon.colcon_core.package_identification:_identify(EspFirmware/microRos_sender/lib) by extensions ['cmake', 'python']
[1.319s] Level 1:colcon.colcon_core.package_identification:_identify(EspFirmware/microRos_sender/lib) by extension 'cmake'
[1.319s] Level 1:colcon.colcon_core.package_identification:_identify(EspFirmware/microRos_sender/lib) by extension 'python'
[1.319s] Level 1:colcon.colcon_core.package_identification:_identify(EspFirmware/microRos_sender/lib) by extensions ['python_setup_py']
[1.320s] Level 1:colcon.colcon_core.package_identification:_identify(EspFirmware/microRos_sender/lib) by extension 'python_setup_py'
[1.321s] Level 1:colcon.colcon_core.package_identification:_identify(EspFirmware/microRos_sender/src) by extensions ['ignore', 'ignore_ament_install']
[1.321s] Level 1:colcon.colcon_core.package_identification:_identify(EspFirmware/microRos_sender/src) by extension 'ignore'
[1.325s] Level 1:colcon.colcon_core.package_identification:_identify(EspFirmware/microRos_sender/src) by extension 'ignore_ament_install'
[1.326s] Level 1:colcon.colcon_core.package_identification:_identify(EspFirmware/microRos_sender/src) by extensions ['colcon_pkg']
[1.328s] Level 1:colcon.colcon_core.package_identification:_identify(EspFirmware/microRos_sender/src) by extension 'colcon_pkg'
[1.329s] Level 1:colcon.colcon_core.package_identification:_identify(EspFirmware/microRos_sender/src) by extensions ['colcon_meta']
[1.329s] Level 1:colcon.colcon_core.package_identification:_identify(EspFirmware/microRos_sender/src) by extension 'colcon_meta'
[1.330s] Level 1:colcon.colcon_core.package_identification:_identify(EspFirmware/microRos_sender/src) by extensions ['ros']
[1.330s] Level 1:colcon.colcon_core.package_identification:_identify(EspFirmware/microRos_sender/src) by extension 'ros'
[1.332s] Level 1:colcon.colcon_core.package_identification:_identify(EspFirmware/microRos_sender/src) by extensions ['cmake', 'python']
[1.334s] Level 1:colcon.colcon_core.package_identification:_identify(EspFirmware/microRos_sender/src) by extension 'cmake'
[1.335s] Level 1:colcon.colcon_core.package_identification:_identify(EspFirmware/microRos_sender/src) by extension 'python'
[1.336s] Level 1:colcon.colcon_core.package_identification:_identify(EspFirmware/microRos_sender/src) by extensions ['python_setup_py']
[1.336s] Level 1:colcon.colcon_core.package_identification:_identify(EspFirmware/microRos_sender/src) by extension 'python_setup_py'
[1.337s] Level 1:colcon.colcon_core.package_identification:_identify(EspFirmware/microRos_sender/test) by extensions ['ignore', 'ignore_ament_install']
[1.338s] Level 1:colcon.colcon_core.package_identification:_identify(EspFirmware/microRos_sender/test) by extension 'ignore'
[1.338s] Level 1:colcon.colcon_core.package_identification:_identify(EspFirmware/microRos_sender/test) by extension 'ignore_ament_install'
[1.339s] Level 1:colcon.colcon_core.package_identification:_identify(EspFirmware/microRos_sender/test) by extensions ['colcon_pkg']
[1.339s] Level 1:colcon.colcon_core.package_identification:_identify(EspFirmware/microRos_sender/test) by extension 'colcon_pkg'
[1.340s] Level 1:colcon.colcon_core.package_identification:_identify(EspFirmware/microRos_sender/test) by extensions ['colcon_meta']
[1.340s] Level 1:colcon.colcon_core.package_identification:_identify(EspFirmware/microRos_sender/test) by extension 'colcon_meta'
[1.340s] Level 1:colcon.colcon_core.package_identification:_identify(EspFirmware/microRos_sender/test) by extensions ['ros']
[1.341s] Level 1:colcon.colcon_core.package_identification:_identify(EspFirmware/microRos_sender/test) by extension 'ros'
[1.341s] Level 1:colcon.colcon_core.package_identification:_identify(EspFirmware/microRos_sender/test) by extensions ['cmake', 'python']
[1.341s] Level 1:colcon.colcon_core.package_identification:_identify(EspFirmware/microRos_sender/test) by extension 'cmake'
[1.342s] Level 1:colcon.colcon_core.package_identification:_identify(EspFirmware/microRos_sender/test) by extension 'python'
[1.342s] Level 1:colcon.colcon_core.package_identification:_identify(EspFirmware/microRos_sender/test) by extensions ['python_setup_py']
[1.342s] Level 1:colcon.colcon_core.package_identification:_identify(EspFirmware/microRos_sender/test) by extension 'python_setup_py'
[1.343s] Level 1:colcon.colcon_core.package_identification:_identify(build) by extensions ['ignore', 'ignore_ament_install']
[1.344s] Level 1:colcon.colcon_core.package_identification:_identify(build) by extension 'ignore'
[1.344s] Level 1:colcon.colcon_core.package_identification:_identify(build) ignored
[1.345s] Level 1:colcon.colcon_core.package_identification:_identify(install) by extensions ['ignore', 'ignore_ament_install']
[1.346s] Level 1:colcon.colcon_core.package_identification:_identify(install) by extension 'ignore'
[1.346s] Level 1:colcon.colcon_core.package_identification:_identify(install) ignored
[1.347s] Level 1:colcon.colcon_core.package_identification:_identify(log) by extensions ['ignore', 'ignore_ament_install']
[1.348s] Level 1:colcon.colcon_core.package_identification:_identify(log) by extension 'ignore'
[1.349s] Level 1:colcon.colcon_core.package_identification:_identify(log) ignored
[1.349s] Level 1:colcon.colcon_core.package_identification:_identify(urc_ws_interbotix) by extensions ['ignore', 'ignore_ament_install']
[1.350s] Level 1:colcon.colcon_core.package_identification:_identify(urc_ws_interbotix) by extension 'ignore'
[1.351s] Level 1:colcon.colcon_core.package_identification:_identify(urc_ws_interbotix) by extension 'ignore_ament_install'
[1.351s] Level 1:colcon.colcon_core.package_identification:_identify(urc_ws_interbotix) by extensions ['colcon_pkg']
[1.354s] Level 1:colcon.colcon_core.package_identification:_identify(urc_ws_interbotix) by extension 'colcon_pkg'
[1.354s] Level 1:colcon.colcon_core.package_identification:_identify(urc_ws_interbotix) by extensions ['colcon_meta']
[1.355s] Level 1:colcon.colcon_core.package_identification:_identify(urc_ws_interbotix) by extension 'colcon_meta'
[1.355s] Level 1:colcon.colcon_core.package_identification:_identify(urc_ws_interbotix) by extensions ['ros']
[1.355s] Level 1:colcon.colcon_core.package_identification:_identify(urc_ws_interbotix) by extension 'ros'
[1.357s] Level 1:colcon.colcon_core.package_identification:_identify(urc_ws_interbotix) by extensions ['cmake', 'python']
[1.357s] Level 1:colcon.colcon_core.package_identification:_identify(urc_ws_interbotix) by extension 'cmake'
[1.359s] Level 1:colcon.colcon_core.package_identification:_identify(urc_ws_interbotix) by extension 'python'
[1.360s] Level 1:colcon.colcon_core.package_identification:_identify(urc_ws_interbotix) by extensions ['python_setup_py']
[1.360s] Level 1:colcon.colcon_core.package_identification:_identify(urc_ws_interbotix) by extension 'python_setup_py'
[1.363s] Level 1:colcon.colcon_core.package_identification:_identify(urc_ws_interbotix/src) by extensions ['ignore', 'ignore_ament_install']
[1.364s] Level 1:colcon.colcon_core.package_identification:_identify(urc_ws_interbotix/src) by extension 'ignore'
[1.366s] Level 1:colcon.colcon_core.package_identification:_identify(urc_ws_interbotix/src) by extension 'ignore_ament_install'
[1.369s] Level 1:colcon.colcon_core.package_identification:_identify(urc_ws_interbotix/src) by extensions ['colcon_pkg']
[1.370s] Level 1:colcon.colcon_core.package_identification:_identify(urc_ws_interbotix/src) by extension 'colcon_pkg'
[1.371s] Level 1:colcon.colcon_core.package_identification:_identify(urc_ws_interbotix/src) by extensions ['colcon_meta']
[1.371s] Level 1:colcon.colcon_core.package_identification:_identify(urc_ws_interbotix/src) by extension 'colcon_meta'
[1.372s] Level 1:colcon.colcon_core.package_identification:_identify(urc_ws_interbotix/src) by extensions ['ros']
[1.372s] Level 1:colcon.colcon_core.package_identification:_identify(urc_ws_interbotix/src) by extension 'ros'
[1.374s] Level 1:colcon.colcon_core.package_identification:_identify(urc_ws_interbotix/src) by extensions ['cmake', 'python']
[1.374s] Level 1:colcon.colcon_core.package_identification:_identify(urc_ws_interbotix/src) by extension 'cmake'
[1.375s] Level 1:colcon.colcon_core.package_identification:_identify(urc_ws_interbotix/src) by extension 'python'
[1.375s] Level 1:colcon.colcon_core.package_identification:_identify(urc_ws_interbotix/src) by extensions ['python_setup_py']
[1.375s] Level 1:colcon.colcon_core.package_identification:_identify(urc_ws_interbotix/src) by extension 'python_setup_py'
[1.376s] Level 1:colcon.colcon_core.package_identification:_identify(urc_ws_interbotix/src/IMU_control) by extensions ['ignore', 'ignore_ament_install']
[1.378s] Level 1:colcon.colcon_core.package_identification:_identify(urc_ws_interbotix/src/IMU_control) by extension 'ignore'
[1.378s] Level 1:colcon.colcon_core.package_identification:_identify(urc_ws_interbotix/src/IMU_control) by extension 'ignore_ament_install'
[1.379s] Level 1:colcon.colcon_core.package_identification:_identify(urc_ws_interbotix/src/IMU_control) by extensions ['colcon_pkg']
[1.380s] Level 1:colcon.colcon_core.package_identification:_identify(urc_ws_interbotix/src/IMU_control) by extension 'colcon_pkg'
[1.381s] Level 1:colcon.colcon_core.package_identification:_identify(urc_ws_interbotix/src/IMU_control) by extensions ['colcon_meta']
[1.381s] Level 1:colcon.colcon_core.package_identification:_identify(urc_ws_interbotix/src/IMU_control) by extension 'colcon_meta'
[1.382s] Level 1:colcon.colcon_core.package_identification:_identify(urc_ws_interbotix/src/IMU_control) by extensions ['ros']
[1.382s] Level 1:colcon.colcon_core.package_identification:_identify(urc_ws_interbotix/src/IMU_control) by extension 'ros'
[1.405s] DEBUG:colcon.colcon_core.package_identification:Package 'urc_ws_interbotix/src/IMU_control' with type 'ros.ament_python' and name 'IMU_control'
[1.407s] Level 1:colcon.colcon_core.package_identification:_identify(urc_ws_interbotix/src/dynamixel-workbench) by extensions ['ignore', 'ignore_ament_install']
[1.408s] Level 1:colcon.colcon_core.package_identification:_identify(urc_ws_interbotix/src/dynamixel-workbench) by extension 'ignore'
[1.409s] Level 1:colcon.colcon_core.package_identification:_identify(urc_ws_interbotix/src/dynamixel-workbench) by extension 'ignore_ament_install'
[1.410s] Level 1:colcon.colcon_core.package_identification:_identify(urc_ws_interbotix/src/dynamixel-workbench) by extensions ['colcon_pkg']
[1.411s] Level 1:colcon.colcon_core.package_identification:_identify(urc_ws_interbotix/src/dynamixel-workbench) by extension 'colcon_pkg'
[1.411s] Level 1:colcon.colcon_core.package_identification:_identify(urc_ws_interbotix/src/dynamixel-workbench) by extensions ['colcon_meta']
[1.412s] Level 1:colcon.colcon_core.package_identification:_identify(urc_ws_interbotix/src/dynamixel-workbench) by extension 'colcon_meta'
[1.412s] Level 1:colcon.colcon_core.package_identification:_identify(urc_ws_interbotix/src/dynamixel-workbench) by extensions ['ros']
[1.413s] Level 1:colcon.colcon_core.package_identification:_identify(urc_ws_interbotix/src/dynamixel-workbench) by extension 'ros'
[1.418s] DEBUG:colcon.colcon_core.package_identification:Package 'urc_ws_interbotix/src/dynamixel-workbench' with type 'ros.ament_cmake' and name 'dynamixel_workbench_toolbox'
[1.419s] Level 1:colcon.colcon_core.package_identification:_identify(urc_ws_interbotix/src/dynamixel_sdk) by extensions ['ignore', 'ignore_ament_install']
[1.419s] Level 1:colcon.colcon_core.package_identification:_identify(urc_ws_interbotix/src/dynamixel_sdk) by extension 'ignore'
[1.420s] Level 1:colcon.colcon_core.package_identification:_identify(urc_ws_interbotix/src/dynamixel_sdk) by extension 'ignore_ament_install'
[1.422s] Level 1:colcon.colcon_core.package_identification:_identify(urc_ws_interbotix/src/dynamixel_sdk) by extensions ['colcon_pkg']
[1.422s] Level 1:colcon.colcon_core.package_identification:_identify(urc_ws_interbotix/src/dynamixel_sdk) by extension 'colcon_pkg'
[1.423s] Level 1:colcon.colcon_core.package_identification:_identify(urc_ws_interbotix/src/dynamixel_sdk) by extensions ['colcon_meta']
[1.423s] Level 1:colcon.colcon_core.package_identification:_identify(urc_ws_interbotix/src/dynamixel_sdk) by extension 'colcon_meta'
[1.424s] Level 1:colcon.colcon_core.package_identification:_identify(urc_ws_interbotix/src/dynamixel_sdk) by extensions ['ros']
[1.426s] Level 1:colcon.colcon_core.package_identification:_identify(urc_ws_interbotix/src/dynamixel_sdk) by extension 'ros'
[1.431s] DEBUG:colcon.colcon_core.package_identification:Package 'urc_ws_interbotix/src/dynamixel_sdk' with type 'ros.ament_cmake' and name 'dynamixel_sdk'
[1.432s] Level 1:colcon.colcon_core.package_identification:_identify(urc_ws_interbotix/src/dynamixel_sdk_custom_interfaces) by extensions ['ignore', 'ignore_ament_install']
[1.433s] Level 1:colcon.colcon_core.package_identification:_identify(urc_ws_interbotix/src/dynamixel_sdk_custom_interfaces) by extension 'ignore'
[1.434s] Level 1:colcon.colcon_core.package_identification:_identify(urc_ws_interbotix/src/dynamixel_sdk_custom_interfaces) by extension 'ignore_ament_install'
[1.435s] Level 1:colcon.colcon_core.package_identification:_identify(urc_ws_interbotix/src/dynamixel_sdk_custom_interfaces) by extensions ['colcon_pkg']
[1.435s] Level 1:colcon.colcon_core.package_identification:_identify(urc_ws_interbotix/src/dynamixel_sdk_custom_interfaces) by extension 'colcon_pkg'
[1.436s] Level 1:colcon.colcon_core.package_identification:_identify(urc_ws_interbotix/src/dynamixel_sdk_custom_interfaces) by extensions ['colcon_meta']
[1.436s] Level 1:colcon.colcon_core.package_identification:_identify(urc_ws_interbotix/src/dynamixel_sdk_custom_interfaces) by extension 'colcon_meta'
[1.437s] Level 1:colcon.colcon_core.package_identification:_identify(urc_ws_interbotix/src/dynamixel_sdk_custom_interfaces) by extensions ['ros']
[1.437s] Level 1:colcon.colcon_core.package_identification:_identify(urc_ws_interbotix/src/dynamixel_sdk_custom_interfaces) by extension 'ros'
[1.442s] DEBUG:colcon.colcon_core.package_identification:Package 'urc_ws_interbotix/src/dynamixel_sdk_custom_interfaces' with type 'ros.ament_cmake' and name 'dynamixel_sdk_custom_interfaces'
[1.444s] Level 1:colcon.colcon_core.package_identification:_identify(urc_ws_interbotix/src/interbotix_common_modules) by extensions ['ignore', 'ignore_ament_install']
[1.446s] Level 1:colcon.colcon_core.package_identification:_identify(urc_ws_interbotix/src/interbotix_common_modules) by extension 'ignore'
[1.449s] Level 1:colcon.colcon_core.package_identification:_identify(urc_ws_interbotix/src/interbotix_common_modules) by extension 'ignore_ament_install'
[1.452s] Level 1:colcon.colcon_core.package_identification:_identify(urc_ws_interbotix/src/interbotix_common_modules) by extensions ['colcon_pkg']
[1.453s] Level 1:colcon.colcon_core.package_identification:_identify(urc_ws_interbotix/src/interbotix_common_modules) by extension 'colcon_pkg'
[1.454s] Level 1:colcon.colcon_core.package_identification:_identify(urc_ws_interbotix/src/interbotix_common_modules) by extensions ['colcon_meta']
[1.454s] Level 1:colcon.colcon_core.package_identification:_identify(urc_ws_interbotix/src/interbotix_common_modules) by extension 'colcon_meta'
[1.455s] Level 1:colcon.colcon_core.package_identification:_identify(urc_ws_interbotix/src/interbotix_common_modules) by extensions ['ros']
[1.456s] Level 1:colcon.colcon_core.package_identification:_identify(urc_ws_interbotix/src/interbotix_common_modules) by extension 'ros'
[1.459s] DEBUG:colcon.colcon_core.package_identification:Package 'urc_ws_interbotix/src/interbotix_common_modules' with type 'ros.ament_python' and name 'interbotix_common_modules'
[1.461s] Level 1:colcon.colcon_core.package_identification:_identify(urc_ws_interbotix/src/interbotix_xs_driver) by extensions ['ignore', 'ignore_ament_install']
[1.461s] Level 1:colcon.colcon_core.package_identification:_identify(urc_ws_interbotix/src/interbotix_xs_driver) by extension 'ignore'
[1.462s] Level 1:colcon.colcon_core.package_identification:_identify(urc_ws_interbotix/src/interbotix_xs_driver) by extension 'ignore_ament_install'
[1.463s] Level 1:colcon.colcon_core.package_identification:_identify(urc_ws_interbotix/src/interbotix_xs_driver) by extensions ['colcon_pkg']
[1.464s] Level 1:colcon.colcon_core.package_identification:_identify(urc_ws_interbotix/src/interbotix_xs_driver) by extension 'colcon_pkg'
[1.464s] Level 1:colcon.colcon_core.package_identification:_identify(urc_ws_interbotix/src/interbotix_xs_driver) by extensions ['colcon_meta']
[1.465s] Level 1:colcon.colcon_core.package_identification:_identify(urc_ws_interbotix/src/interbotix_xs_driver) by extension 'colcon_meta'
[1.466s] Level 1:colcon.colcon_core.package_identification:_identify(urc_ws_interbotix/src/interbotix_xs_driver) by extensions ['ros']
[1.467s] Level 1:colcon.colcon_core.package_identification:_identify(urc_ws_interbotix/src/interbotix_xs_driver) by extension 'ros'
[1.475s] DEBUG:colcon.colcon_core.package_identification:Package 'urc_ws_interbotix/src/interbotix_xs_driver' with type 'ros.ament_cmake' and name 'interbotix_xs_driver'
[1.477s] Level 1:colcon.colcon_core.package_identification:_identify(urc_ws_interbotix/src/interbotix_xs_modules) by extensions ['ignore', 'ignore_ament_install']
[1.478s] Level 1:colcon.colcon_core.package_identification:_identify(urc_ws_interbotix/src/interbotix_xs_modules) by extension 'ignore'
[1.479s] Level 1:colcon.colcon_core.package_identification:_identify(urc_ws_interbotix/src/interbotix_xs_modules) by extension 'ignore_ament_install'
[1.480s] Level 1:colcon.colcon_core.package_identification:_identify(urc_ws_interbotix/src/interbotix_xs_modules) by extensions ['colcon_pkg']
[1.480s] Level 1:colcon.colcon_core.package_identification:_identify(urc_ws_interbotix/src/interbotix_xs_modules) by extension 'colcon_pkg'
[1.480s] Level 1:colcon.colcon_core.package_identification:_identify(urc_ws_interbotix/src/interbotix_xs_modules) by extensions ['colcon_meta']
[1.480s] Level 1:colcon.colcon_core.package_identification:_identify(urc_ws_interbotix/src/interbotix_xs_modules) by extension 'colcon_meta'
[1.481s] Level 1:colcon.colcon_core.package_identification:_identify(urc_ws_interbotix/src/interbotix_xs_modules) by extensions ['ros']
[1.482s] Level 1:colcon.colcon_core.package_identification:_identify(urc_ws_interbotix/src/interbotix_xs_modules) by extension 'ros'
[1.488s] DEBUG:colcon.colcon_core.package_identification:Package 'urc_ws_interbotix/src/interbotix_xs_modules' with type 'ros.ament_python' and name 'interbotix_xs_modules'
[1.489s] Level 1:colcon.colcon_core.package_identification:_identify(urc_ws_interbotix/src/interbotix_xs_msgs) by extensions ['ignore', 'ignore_ament_install']
[1.491s] Level 1:colcon.colcon_core.package_identification:_identify(urc_ws_interbotix/src/interbotix_xs_msgs) by extension 'ignore'
[1.492s] Level 1:colcon.colcon_core.package_identification:_identify(urc_ws_interbotix/src/interbotix_xs_msgs) by extension 'ignore_ament_install'
[1.493s] Level 1:colcon.colcon_core.package_identification:_identify(urc_ws_interbotix/src/interbotix_xs_msgs) by extensions ['colcon_pkg']
[1.493s] Level 1:colcon.colcon_core.package_identification:_identify(urc_ws_interbotix/src/interbotix_xs_msgs) by extension 'colcon_pkg'
[1.494s] Level 1:colcon.colcon_core.package_identification:_identify(urc_ws_interbotix/src/interbotix_xs_msgs) by extensions ['colcon_meta']
[1.495s] Level 1:colcon.colcon_core.package_identification:_identify(urc_ws_interbotix/src/interbotix_xs_msgs) by extension 'colcon_meta'
[1.495s] Level 1:colcon.colcon_core.package_identification:_identify(urc_ws_interbotix/src/interbotix_xs_msgs) by extensions ['ros']
[1.496s] Level 1:colcon.colcon_core.package_identification:_identify(urc_ws_interbotix/src/interbotix_xs_msgs) by extension 'ros'
[1.500s] DEBUG:colcon.colcon_core.package_identification:Package 'urc_ws_interbotix/src/interbotix_xs_msgs' with type 'ros.ament_cmake' and name 'interbotix_xs_msgs'
[1.501s] Level 1:colcon.colcon_core.package_identification:_identify(urc_ws_interbotix/src/interbotix_xs_sdk) by extensions ['ignore', 'ignore_ament_install']
[1.502s] Level 1:colcon.colcon_core.package_identification:_identify(urc_ws_interbotix/src/interbotix_xs_sdk) by extension 'ignore'
[1.503s] Level 1:colcon.colcon_core.package_identification:_identify(urc_ws_interbotix/src/interbotix_xs_sdk) by extension 'ignore_ament_install'
[1.504s] Level 1:colcon.colcon_core.package_identification:_identify(urc_ws_interbotix/src/interbotix_xs_sdk) by extensions ['colcon_pkg']
[1.506s] Level 1:colcon.colcon_core.package_identification:_identify(urc_ws_interbotix/src/interbotix_xs_sdk) by extension 'colcon_pkg'
[1.508s] Level 1:colcon.colcon_core.package_identification:_identify(urc_ws_interbotix/src/interbotix_xs_sdk) by extensions ['colcon_meta']
[1.511s] Level 1:colcon.colcon_core.package_identification:_identify(urc_ws_interbotix/src/interbotix_xs_sdk) by extension 'colcon_meta'
[1.515s] Level 1:colcon.colcon_core.package_identification:_identify(urc_ws_interbotix/src/interbotix_xs_sdk) by extensions ['ros']
[1.515s] Level 1:colcon.colcon_core.package_identification:_identify(urc_ws_interbotix/src/interbotix_xs_sdk) by extension 'ros'
[1.525s] DEBUG:colcon.colcon_core.package_identification:Package 'urc_ws_interbotix/src/interbotix_xs_sdk' with type 'ros.ament_cmake' and name 'interbotix_xs_sdk'
[1.526s] Level 1:colcon.colcon_core.package_identification:_identify(urc_ws_interbotix/src/interbotix_xsarm_control) by extensions ['ignore', 'ignore_ament_install']
[1.527s] Level 1:colcon.colcon_core.package_identification:_identify(urc_ws_interbotix/src/interbotix_xsarm_control) by extension 'ignore'
[1.528s] Level 1:colcon.colcon_core.package_identification:_identify(urc_ws_interbotix/src/interbotix_xsarm_control) by extension 'ignore_ament_install'
[1.529s] Level 1:colcon.colcon_core.package_identification:_identify(urc_ws_interbotix/src/interbotix_xsarm_control) by extensions ['colcon_pkg']
[1.529s] Level 1:colcon.colcon_core.package_identification:_identify(urc_ws_interbotix/src/interbotix_xsarm_control) by extension 'colcon_pkg'
[1.530s] Level 1:colcon.colcon_core.package_identification:_identify(urc_ws_interbotix/src/interbotix_xsarm_control) by extensions ['colcon_meta']
[1.530s] Level 1:colcon.colcon_core.package_identification:_identify(urc_ws_interbotix/src/interbotix_xsarm_control) by extension 'colcon_meta'
[1.531s] Level 1:colcon.colcon_core.package_identification:_identify(urc_ws_interbotix/src/interbotix_xsarm_control) by extensions ['ros']
[1.531s] Level 1:colcon.colcon_core.package_identification:_identify(urc_ws_interbotix/src/interbotix_xsarm_control) by extension 'ros'
[1.535s] DEBUG:colcon.colcon_core.package_identification:Package 'urc_ws_interbotix/src/interbotix_xsarm_control' with type 'ros.ament_cmake' and name 'interbotix_xsarm_control'
[1.538s] Level 1:colcon.colcon_core.package_identification:_identify(urc_ws_interbotix/src/interbotix_xsarm_descriptions) by extensions ['ignore', 'ignore_ament_install']
[1.539s] Level 1:colcon.colcon_core.package_identification:_identify(urc_ws_interbotix/src/interbotix_xsarm_descriptions) by extension 'ignore'
[1.540s] Level 1:colcon.colcon_core.package_identification:_identify(urc_ws_interbotix/src/interbotix_xsarm_descriptions) by extension 'ignore_ament_install'
[1.542s] Level 1:colcon.colcon_core.package_identification:_identify(urc_ws_interbotix/src/interbotix_xsarm_descriptions) by extensions ['colcon_pkg']
[1.543s] Level 1:colcon.colcon_core.package_identification:_identify(urc_ws_interbotix/src/interbotix_xsarm_descriptions) by extension 'colcon_pkg'
[1.545s] Level 1:colcon.colcon_core.package_identification:_identify(urc_ws_interbotix/src/interbotix_xsarm_descriptions) by extensions ['colcon_meta']
[1.546s] Level 1:colcon.colcon_core.package_identification:_identify(urc_ws_interbotix/src/interbotix_xsarm_descriptions) by extension 'colcon_meta'
[1.546s] Level 1:colcon.colcon_core.package_identification:_identify(urc_ws_interbotix/src/interbotix_xsarm_descriptions) by extensions ['ros']
[1.547s] Level 1:colcon.colcon_core.package_identification:_identify(urc_ws_interbotix/src/interbotix_xsarm_descriptions) by extension 'ros'
[1.555s] DEBUG:colcon.colcon_core.package_identification:Package 'urc_ws_interbotix/src/interbotix_xsarm_descriptions' with type 'ros.ament_cmake' and name 'interbotix_xsarm_descriptions'
[1.556s] Level 1:colcon.colcon_core.package_identification:_identify(urc_ws_interbotix/src/modern_robotics) by extensions ['ignore', 'ignore_ament_install']
[1.557s] Level 1:colcon.colcon_core.package_identification:_identify(urc_ws_interbotix/src/modern_robotics) by extension 'ignore'
[1.558s] Level 1:colcon.colcon_core.package_identification:_identify(urc_ws_interbotix/src/modern_robotics) by extension 'ignore_ament_install'
[1.558s] Level 1:colcon.colcon_core.package_identification:_identify(urc_ws_interbotix/src/modern_robotics) by extensions ['colcon_pkg']
[1.559s] Level 1:colcon.colcon_core.package_identification:_identify(urc_ws_interbotix/src/modern_robotics) by extension 'colcon_pkg'
[1.559s] Level 1:colcon.colcon_core.package_identification:_identify(urc_ws_interbotix/src/modern_robotics) by extensions ['colcon_meta']
[1.560s] Level 1:colcon.colcon_core.package_identification:_identify(urc_ws_interbotix/src/modern_robotics) by extension 'colcon_meta'
[1.560s] Level 1:colcon.colcon_core.package_identification:_identify(urc_ws_interbotix/src/modern_robotics) by extensions ['ros']
[1.561s] Level 1:colcon.colcon_core.package_identification:_identify(urc_ws_interbotix/src/modern_robotics) by extension 'ros'
[1.565s] DEBUG:colcon.colcon_core.package_identification:Package 'urc_ws_interbotix/src/modern_robotics' with type 'ros.ament_python' and name 'modern_robotics'
[1.570s] Level 1:colcon.colcon_core.package_identification:_identify(urc_ws_interbotix/src/piReceiver) by extensions ['ignore', 'ignore_ament_install']
[1.572s] Level 1:colcon.colcon_core.package_identification:_identify(urc_ws_interbotix/src/piReceiver) by extension 'ignore'
[1.575s] Level 1:colcon.colcon_core.package_identification:_identify(urc_ws_interbotix/src/piReceiver) by extension 'ignore_ament_install'
[1.576s] Level 1:colcon.colcon_core.package_identification:_identify(urc_ws_interbotix/src/piReceiver) by extensions ['colcon_pkg']
[1.576s] Level 1:colcon.colcon_core.package_identification:_identify(urc_ws_interbotix/src/piReceiver) by extension 'colcon_pkg'
[1.577s] Level 1:colcon.colcon_core.package_identification:_identify(urc_ws_interbotix/src/piReceiver) by extensions ['colcon_meta']
[1.577s] Level 1:colcon.colcon_core.package_identification:_identify(urc_ws_interbotix/src/piReceiver) by extension 'colcon_meta'
[1.578s] Level 1:colcon.colcon_core.package_identification:_identify(urc_ws_interbotix/src/piReceiver) by extensions ['ros']
[1.578s] Level 1:colcon.colcon_core.package_identification:_identify(urc_ws_interbotix/src/piReceiver) by extension 'ros'
[1.585s] DEBUG:colcon.colcon_core.package_identification:Package 'urc_ws_interbotix/src/piReceiver' with type 'ros.ament_cmake' and name 'piReceiver'
[1.587s] Level 1:colcon.colcon_core.package_identification:_identify(urc_ws_interbotix/src/receiver) by extensions ['ignore', 'ignore_ament_install']
[1.590s] Level 1:colcon.colcon_core.package_identification:_identify(urc_ws_interbotix/src/receiver) by extension 'ignore'
[1.591s] Level 1:colcon.colcon_core.package_identification:_identify(urc_ws_interbotix/src/receiver) by extension 'ignore_ament_install'
[1.594s] Level 1:colcon.colcon_core.package_identification:_identify(urc_ws_interbotix/src/receiver) by extensions ['colcon_pkg']
[1.595s] Level 1:colcon.colcon_core.package_identification:_identify(urc_ws_interbotix/src/receiver) by extension 'colcon_pkg'
[1.598s] Level 1:colcon.colcon_core.package_identification:_identify(urc_ws_interbotix/src/receiver) by extensions ['colcon_meta']
[1.600s] Level 1:colcon.colcon_core.package_identification:_identify(urc_ws_interbotix/src/receiver) by extension 'colcon_meta'
[1.602s] Level 1:colcon.colcon_core.package_identification:_identify(urc_ws_interbotix/src/receiver) by extensions ['ros']
[1.602s] Level 1:colcon.colcon_core.package_identification:_identify(urc_ws_interbotix/src/receiver) by extension 'ros'
[1.606s] DEBUG:colcon.colcon_core.package_identification:Package 'urc_ws_interbotix/src/receiver' with type 'ros.ament_cmake' and name 'receiver'
[1.607s] Level 1:colcon.colcon_core.package_discovery:discover_packages(recursive) using defaults
[1.609s] Level 1:colcon.colcon_core.package_discovery:discover_packages(ignore) discover
[1.611s] Level 1:colcon.colcon_core.package_discovery:discover_packages(ignore) using defaults
[1.611s] Level 1:colcon.colcon_core.package_discovery:discover_packages(path) discover
[1.612s] Level 1:colcon.colcon_core.package_discovery:discover_packages(path) using defaults
[1.862s] INFO:colcon.colcon_core.package_selection:Skipping not selected package 'IMU_control' in 'urc_ws_interbotix/src/IMU_control'
[1.862s] INFO:colcon.colcon_core.package_selection:Skipping not selected package 'dynamixel_sdk' in 'urc_ws_interbotix/src/dynamixel_sdk'
[1.862s] INFO:colcon.colcon_core.package_selection:Skipping not selected package 'dynamixel_sdk_custom_interfaces' in 'urc_ws_interbotix/src/dynamixel_sdk_custom_interfaces'
[1.863s] INFO:colcon.colcon_core.package_selection:Skipping not selected package 'interbotix_common_modules' in 'urc_ws_interbotix/src/interbotix_common_modules'
[1.863s] INFO:colcon.colcon_core.package_selection:Skipping not selected package 'interbotix_xs_msgs' in 'urc_ws_interbotix/src/interbotix_xs_msgs'
[1.864s] INFO:colcon.colcon_core.package_selection:Skipping not selected package 'modern_robotics' in 'urc_ws_interbotix/src/modern_robotics'
[1.864s] INFO:colcon.colcon_core.package_selection:Skipping not selected package 'piReceiver' in 'urc_ws_interbotix/src/piReceiver'
[1.864s] INFO:colcon.colcon_core.package_selection:Skipping not selected package 'receiver' in 'urc_ws_interbotix/src/receiver'
[1.864s] INFO:colcon.colcon_core.package_selection:Skipping not selected package 'dynamixel_workbench_toolbox' in 'urc_ws_interbotix/src/dynamixel-workbench'
[1.864s] INFO:colcon.colcon_core.package_selection:Skipping not selected package 'interbotix_xs_driver' in 'urc_ws_interbotix/src/interbotix_xs_driver'
[1.864s] INFO:colcon.colcon_core.package_selection:Skipping not selected package 'interbotix_xs_sdk' in 'urc_ws_interbotix/src/interbotix_xs_sdk'
[1.865s] INFO:colcon.colcon_core.package_selection:Skipping not selected package 'interbotix_xs_modules' in 'urc_ws_interbotix/src/interbotix_xs_modules'
[1.865s] INFO:colcon.colcon_core.package_selection:Skipping not selected package 'interbotix_xsarm_descriptions' in 'urc_ws_interbotix/src/interbotix_xsarm_descriptions'
[1.868s] Level 1:colcon.colcon_core.package_discovery:discover_packages(prefix_path) check parameters
[1.868s] Level 1:colcon.colcon_core.package_discovery:discover_packages(prefix_path) discover
[1.913s] DEBUG:colcon.colcon_installed_package_information.package_discovery:Found 14 installed packages in /home/admin1/URC/install
[1.929s] DEBUG:colcon.colcon_installed_package_information.package_discovery:Found 288 installed packages in /opt/ros/jazzy
[1.936s] Level 1:colcon.colcon_core.package_discovery:discover_packages(prefix_path) using defaults
[2.371s] Level 5:colcon.colcon_core.verb:set package 'interbotix_xsarm_control' build argument 'cmake_args' from command line to 'None'
[2.371s] Level 5:colcon.colcon_core.verb:set package 'interbotix_xsarm_control' build argument 'cmake_target' from command line to 'None'
[2.372s] Level 5:colcon.colcon_core.verb:set package 'interbotix_xsarm_control' build argument 'cmake_target_skip_unavailable' from command line to 'False'
[2.372s] Level 5:colcon.colcon_core.verb:set package 'interbotix_xsarm_control' build argument 'cmake_clean_cache' from command line to 'False'
[2.372s] Level 5:colcon.colcon_core.verb:set package 'interbotix_xsarm_control' build argument 'cmake_clean_first' from command line to 'False'
[2.372s] Level 5:colcon.colcon_core.verb:set package 'interbotix_xsarm_control' build argument 'cmake_force_configure' from command line to 'False'
[2.372s] Level 5:colcon.colcon_core.verb:set package 'interbotix_xsarm_control' build argument 'ament_cmake_args' from command line to 'None'
[2.373s] Level 5:colcon.colcon_core.verb:set package 'interbotix_xsarm_control' build argument 'catkin_cmake_args' from command line to 'None'
[2.373s] Level 5:colcon.colcon_core.verb:set package 'interbotix_xsarm_control' build argument 'catkin_skip_building_tests' from command line to 'False'
[2.374s] DEBUG:colcon.colcon_core.verb:Building package 'interbotix_xsarm_control' with the following arguments: {'ament_cmake_args': None, 'build_base': '/home/admin1/URC/build/interbotix_xsarm_control', 'catkin_cmake_args': None, 'catkin_skip_building_tests': False, 'cmake_args': None, 'cmake_clean_cache': False, 'cmake_clean_first': False, 'cmake_force_configure': False, 'cmake_target': None, 'cmake_target_skip_unavailable': False, 'install_base': '/home/admin1/URC/install/interbotix_xsarm_control', 'merge_install': False, 'path': '/home/admin1/URC/urc_ws_interbotix/src/interbotix_xsarm_control', 'symlink_install': False, 'test_result_base': None}
[2.375s] INFO:colcon.colcon_core.executor:Executing jobs using 'parallel' executor
[2.382s] DEBUG:colcon.colcon_parallel_executor.executor.parallel:run_until_complete
[2.384s] INFO:colcon.colcon_ros.task.ament_cmake.build:Building ROS package in '/home/admin1/URC/urc_ws_interbotix/src/interbotix_xsarm_control' with build type 'ament_cmake'
[2.385s] INFO:colcon.colcon_cmake.task.cmake.build:Building CMake package in '/home/admin1/URC/urc_ws_interbotix/src/interbotix_xsarm_control'
[2.420s] INFO:colcon.colcon_core.plugin_system:Skipping extension 'colcon_core.shell.bat': Not used on non-Windows systems
[2.423s] INFO:colcon.colcon_core.shell:Skip shell extension 'powershell' for command environment: Not usable outside of PowerShell
[2.425s] DEBUG:colcon.colcon_core.shell:Skip shell extension 'dsv' for command environment
[2.624s] DEBUG:colcon.colcon_core.event_handler.log_command:Invoking command in '/home/admin1/URC/build/interbotix_xsarm_control': AMENT_PREFIX_PATH=/home/admin1/URC/install/interbotix_xs_modules:/home/admin1/URC/install/interbotix_common_modules:/home/admin1/URC/install/receiver:/home/admin1/URC/install/piReceiver:/home/admin1/URC/install/modern_robotics:/home/admin1/URC/install/interbotix_xsarm_control:/home/admin1/URC/install/interbotix_xsarm_descriptions:/home/admin1/URC/install/interbotix_xs_sdk:/home/admin1/URC/install/interbotix_xs_msgs:/home/admin1/URC/install/interbotix_xs_driver:/home/admin1/URC/install/dynamixel_workbench_toolbox:/home/admin1/URC/install/dynamixel_sdk_custom_interfaces:/home/admin1/URC/install/dynamixel_sdk:/home/admin1/URC/install/IMU_control:/opt/ros/jazzy CMAKE_PREFIX_PATH=/home/admin1/URC/install/interbotix_xsarm_descriptions:/home/admin1/URC/install/interbotix_xs_sdk:/home/admin1/URC/install/interbotix_xs_driver:/home/admin1/URC/install/dynamixel_workbench_toolbox:/home/admin1/URC/install/interbotix_xs_msgs:/home/admin1/URC/install/dynamixel_sdk:/home/admin1/URC/install/receiver:/home/admin1/URC/install/piReceiver:/home/admin1/URC/install/interbotix_xsarm_control:/home/admin1/URC/install/dynamixel_sdk_custom_interfaces:/opt/ros/jazzy/opt/gz_math_vendor:/opt/ros/jazzy/opt/gz_utils_vendor:/opt/ros/jazzy/opt/gz_cmake_vendor:/home/admin1/URC/install/modern_robotics:/home/admin1/URC/install/interbotix_xs_modules:/home/admin1/URC/install/interbotix_common_modules:/home/admin1/URC/install/IMU_control:/opt/ros/jazzy DEBUGINFOD_URLS=https://debuginfod.ubuntu.com LD_LIBRARY_PATH=/home/admin1/URC/install/interbotix_xs_driver/lib:/home/admin1/URC/install/dynamixel_workbench_toolbox/lib:/home/admin1/URC/install/interbotix_xs_msgs/lib:/home/admin1/URC/install/dynamixel_sdk/lib:/home/admin1/URC/install/dynamixel_sdk_custom_interfaces/lib:/opt/ros/jazzy/opt/rviz_ogre_vendor/lib:/opt/ros/jazzy/lib/aarch64-linux-gnu:/opt/ros/jazzy/opt/gz_math_vendor/lib:/opt/ros/jazzy/opt/gz_utils_vendor/lib:/opt/ros/jazzy/opt/gz_cmake_vendor/lib:/opt/ros/jazzy/lib PYTHONPATH=/home/admin1/URC/install/interbotix_xs_modules/lib/python3.12/site-packages:/home/admin1/URC/install/interbotix_xs_msgs/lib/python3.12/site-packages:/home/admin1/URC/install/interbotix_common_modules/lib/python3.12/site-packages:/home/admin1/URC/install/dynamixel_sdk/lib/python3.12/site-packages:/home/admin1/URC/install/modern_robotics/lib/python3.12/site-packages:/home/admin1/URC/install/dynamixel_sdk_custom_interfaces/lib/python3.12/site-packages:/home/admin1/URC/install/IMU_control/lib/python3.12/site-packages:/opt/ros/jazzy/lib/python3.12/site-packages /usr/bin/cmake --build /home/admin1/URC/build/interbotix_xsarm_control -- -j4 -l4
[3.001s] DEBUG:colcon.colcon_core.event_handler.log_command:Invoked command in '/home/admin1/URC/build/interbotix_xsarm_control' returned '0': AMENT_PREFIX_PATH=/home/admin1/URC/install/interbotix_xs_modules:/home/admin1/URC/install/interbotix_common_modules:/home/admin1/URC/install/receiver:/home/admin1/URC/install/piReceiver:/home/admin1/URC/install/modern_robotics:/home/admin1/URC/install/interbotix_xsarm_control:/home/admin1/URC/install/interbotix_xsarm_descriptions:/home/admin1/URC/install/interbotix_xs_sdk:/home/admin1/URC/install/interbotix_xs_msgs:/home/admin1/URC/install/interbotix_xs_driver:/home/admin1/URC/install/dynamixel_workbench_toolbox:/home/admin1/URC/install/dynamixel_sdk_custom_interfaces:/home/admin1/URC/install/dynamixel_sdk:/home/admin1/URC/install/IMU_control:/opt/ros/jazzy CMAKE_PREFIX_PATH=/home/admin1/URC/install/interbotix_xsarm_descriptions:/home/admin1/URC/install/interbotix_xs_sdk:/home/admin1/URC/install/interbotix_xs_driver:/home/admin1/URC/install/dynamixel_workbench_toolbox:/home/admin1/URC/install/interbotix_xs_msgs:/home/admin1/URC/install/dynamixel_sdk:/home/admin1/URC/install/receiver:/home/admin1/URC/install/piReceiver:/home/admin1/URC/install/interbotix_xsarm_control:/home/admin1/URC/install/dynamixel_sdk_custom_interfaces:/opt/ros/jazzy/opt/gz_math_vendor:/opt/ros/jazzy/opt/gz_utils_vendor:/opt/ros/jazzy/opt/gz_cmake_vendor:/home/admin1/URC/install/modern_robotics:/home/admin1/URC/install/interbotix_xs_modules:/home/admin1/URC/install/interbotix_common_modules:/home/admin1/URC/install/IMU_control:/opt/ros/jazzy DEBUGINFOD_URLS=https://debuginfod.ubuntu.com LD_LIBRARY_PATH=/home/admin1/URC/install/interbotix_xs_driver/lib:/home/admin1/URC/install/dynamixel_workbench_toolbox/lib:/home/admin1/URC/install/interbotix_xs_msgs/lib:/home/admin1/URC/install/dynamixel_sdk/lib:/home/admin1/URC/install/dynamixel_sdk_custom_interfaces/lib:/opt/ros/jazzy/opt/rviz_ogre_vendor/lib:/opt/ros/jazzy/lib/aarch64-linux-gnu:/opt/ros/jazzy/opt/gz_math_vendor/lib:/opt/ros/jazzy/opt/gz_utils_vendor/lib:/opt/ros/jazzy/opt/gz_cmake_vendor/lib:/opt/ros/jazzy/lib PYTHONPATH=/home/admin1/URC/install/interbotix_xs_modules/lib/python3.12/site-packages:/home/admin1/URC/install/interbotix_xs_msgs/lib/python3.12/site-packages:/home/admin1/URC/install/interbotix_common_modules/lib/python3.12/site-packages:/home/admin1/URC/install/dynamixel_sdk/lib/python3.12/site-packages:/home/admin1/URC/install/modern_robotics/lib/python3.12/site-packages:/home/admin1/URC/install/dynamixel_sdk_custom_interfaces/lib/python3.12/site-packages:/home/admin1/URC/install/IMU_control/lib/python3.12/site-packages:/opt/ros/jazzy/lib/python3.12/site-packages /usr/bin/cmake --build /home/admin1/URC/build/interbotix_xsarm_control -- -j4 -l4
[3.077s] DEBUG:colcon.colcon_core.event_handler.log_command:Invoking command in '/home/admin1/URC/build/interbotix_xsarm_control': AMENT_PREFIX_PATH=/home/admin1/URC/install/interbotix_xs_modules:/home/admin1/URC/install/interbotix_common_modules:/home/admin1/URC/install/receiver:/home/admin1/URC/install/piReceiver:/home/admin1/URC/install/modern_robotics:/home/admin1/URC/install/interbotix_xsarm_control:/home/admin1/URC/install/interbotix_xsarm_descriptions:/home/admin1/URC/install/interbotix_xs_sdk:/home/admin1/URC/install/interbotix_xs_msgs:/home/admin1/URC/install/interbotix_xs_driver:/home/admin1/URC/install/dynamixel_workbench_toolbox:/home/admin1/URC/install/dynamixel_sdk_custom_interfaces:/home/admin1/URC/install/dynamixel_sdk:/home/admin1/URC/install/IMU_control:/opt/ros/jazzy CMAKE_PREFIX_PATH=/home/admin1/URC/install/interbotix_xsarm_descriptions:/home/admin1/URC/install/interbotix_xs_sdk:/home/admin1/URC/install/interbotix_xs_driver:/home/admin1/URC/install/dynamixel_workbench_toolbox:/home/admin1/URC/install/interbotix_xs_msgs:/home/admin1/URC/install/dynamixel_sdk:/home/admin1/URC/install/receiver:/home/admin1/URC/install/piReceiver:/home/admin1/URC/install/interbotix_xsarm_control:/home/admin1/URC/install/dynamixel_sdk_custom_interfaces:/opt/ros/jazzy/opt/gz_math_vendor:/opt/ros/jazzy/opt/gz_utils_vendor:/opt/ros/jazzy/opt/gz_cmake_vendor:/home/admin1/URC/install/modern_robotics:/home/admin1/URC/install/interbotix_xs_modules:/home/admin1/URC/install/interbotix_common_modules:/home/admin1/URC/install/IMU_control:/opt/ros/jazzy DEBUGINFOD_URLS=https://debuginfod.ubuntu.com LD_LIBRARY_PATH=/home/admin1/URC/install/interbotix_xs_driver/lib:/home/admin1/URC/install/dynamixel_workbench_toolbox/lib:/home/admin1/URC/install/interbotix_xs_msgs/lib:/home/admin1/URC/install/dynamixel_sdk/lib:/home/admin1/URC/install/dynamixel_sdk_custom_interfaces/lib:/opt/ros/jazzy/opt/rviz_ogre_vendor/lib:/opt/ros/jazzy/lib/aarch64-linux-gnu:/opt/ros/jazzy/opt/gz_math_vendor/lib:/opt/ros/jazzy/opt/gz_utils_vendor/lib:/opt/ros/jazzy/opt/gz_cmake_vendor/lib:/opt/ros/jazzy/lib PYTHONPATH=/home/admin1/URC/install/interbotix_xs_modules/lib/python3.12/site-packages:/home/admin1/URC/install/interbotix_xs_msgs/lib/python3.12/site-packages:/home/admin1/URC/install/interbotix_common_modules/lib/python3.12/site-packages:/home/admin1/URC/install/dynamixel_sdk/lib/python3.12/site-packages:/home/admin1/URC/install/modern_robotics/lib/python3.12/site-packages:/home/admin1/URC/install/dynamixel_sdk_custom_interfaces/lib/python3.12/site-packages:/home/admin1/URC/install/IMU_control/lib/python3.12/site-packages:/opt/ros/jazzy/lib/python3.12/site-packages /usr/bin/cmake --install /home/admin1/URC/build/interbotix_xsarm_control
[3.250s] Level 1:colcon.colcon_core.environment:create_environment_scripts_only(interbotix_xsarm_control)
[3.291s] DEBUG:colcon.colcon_core.event_handler.log_command:Invoked command in '/home/admin1/URC/build/interbotix_xsarm_control' returned '0': AMENT_PREFIX_PATH=/home/admin1/URC/install/interbotix_xs_modules:/home/admin1/URC/install/interbotix_common_modules:/home/admin1/URC/install/receiver:/home/admin1/URC/install/piReceiver:/home/admin1/URC/install/modern_robotics:/home/admin1/URC/install/interbotix_xsarm_control:/home/admin1/URC/install/interbotix_xsarm_descriptions:/home/admin1/URC/install/interbotix_xs_sdk:/home/admin1/URC/install/interbotix_xs_msgs:/home/admin1/URC/install/interbotix_xs_driver:/home/admin1/URC/install/dynamixel_workbench_toolbox:/home/admin1/URC/install/dynamixel_sdk_custom_interfaces:/home/admin1/URC/install/dynamixel_sdk:/home/admin1/URC/install/IMU_control:/opt/ros/jazzy CMAKE_PREFIX_PATH=/home/admin1/URC/install/interbotix_xsarm_descriptions:/home/admin1/URC/install/interbotix_xs_sdk:/home/admin1/URC/install/interbotix_xs_driver:/home/admin1/URC/install/dynamixel_workbench_toolbox:/home/admin1/URC/install/interbotix_xs_msgs:/home/admin1/URC/install/dynamixel_sdk:/home/admin1/URC/install/receiver:/home/admin1/URC/install/piReceiver:/home/admin1/URC/install/interbotix_xsarm_control:/home/admin1/URC/install/dynamixel_sdk_custom_interfaces:/opt/ros/jazzy/opt/gz_math_vendor:/opt/ros/jazzy/opt/gz_utils_vendor:/opt/ros/jazzy/opt/gz_cmake_vendor:/home/admin1/URC/install/modern_robotics:/home/admin1/URC/install/interbotix_xs_modules:/home/admin1/URC/install/interbotix_common_modules:/home/admin1/URC/install/IMU_control:/opt/ros/jazzy DEBUGINFOD_URLS=https://debuginfod.ubuntu.com LD_LIBRARY_PATH=/home/admin1/URC/install/interbotix_xs_driver/lib:/home/admin1/URC/install/dynamixel_workbench_toolbox/lib:/home/admin1/URC/install/interbotix_xs_msgs/lib:/home/admin1/URC/install/dynamixel_sdk/lib:/home/admin1/URC/install/dynamixel_sdk_custom_interfaces/lib:/opt/ros/jazzy/opt/rviz_ogre_vendor/lib:/opt/ros/jazzy/lib/aarch64-linux-gnu:/opt/ros/jazzy/opt/gz_math_vendor/lib:/opt/ros/jazzy/opt/gz_utils_vendor/lib:/opt/ros/jazzy/opt/gz_cmake_vendor/lib:/opt/ros/jazzy/lib PYTHONPATH=/home/admin1/URC/install/interbotix_xs_modules/lib/python3.12/site-packages:/home/admin1/URC/install/interbotix_xs_msgs/lib/python3.12/site-packages:/home/admin1/URC/install/interbotix_common_modules/lib/python3.12/site-packages:/home/admin1/URC/install/dynamixel_sdk/lib/python3.12/site-packages:/home/admin1/URC/install/modern_robotics/lib/python3.12/site-packages:/home/admin1/URC/install/dynamixel_sdk_custom_interfaces/lib/python3.12/site-packages:/home/admin1/URC/install/IMU_control/lib/python3.12/site-packages:/opt/ros/jazzy/lib/python3.12/site-packages /usr/bin/cmake --install /home/admin1/URC/build/interbotix_xsarm_control
[3.303s] Level 1:colcon.colcon_core.environment:checking '/home/admin1/URC/install/interbotix_xsarm_control' for CMake module files
[3.316s] Level 1:colcon.colcon_core.environment:checking '/home/admin1/URC/install/interbotix_xsarm_control' for CMake config files
[3.319s] Level 1:colcon.colcon_core.shell:create_environment_hook('interbotix_xsarm_control', 'cmake_prefix_path')
[3.321s] INFO:colcon.colcon_core.shell:Creating environment hook '/home/admin1/URC/install/interbotix_xsarm_control/share/interbotix_xsarm_control/hook/cmake_prefix_path.ps1'
[3.336s] INFO:colcon.colcon_core.shell:Creating environment descriptor '/home/admin1/URC/install/interbotix_xsarm_control/share/interbotix_xsarm_control/hook/cmake_prefix_path.dsv'
[3.342s] INFO:colcon.colcon_core.shell:Creating environment hook '/home/admin1/URC/install/interbotix_xsarm_control/share/interbotix_xsarm_control/hook/cmake_prefix_path.sh'
[3.347s] Level 1:colcon.colcon_core.environment:checking '/home/admin1/URC/install/interbotix_xsarm_control/lib'
[3.348s] Level 1:colcon.colcon_core.environment:checking '/home/admin1/URC/install/interbotix_xsarm_control/bin'
[3.349s] Level 1:colcon.colcon_core.environment:checking '/home/admin1/URC/install/interbotix_xsarm_control/lib/pkgconfig/interbotix_xsarm_control.pc'
[3.350s] Level 1:colcon.colcon_core.environment:checking '/home/admin1/URC/install/interbotix_xsarm_control/lib/python3.12/site-packages'
[3.352s] Level 1:colcon.colcon_core.environment:checking '/home/admin1/URC/install/interbotix_xsarm_control/bin'
[3.356s] INFO:colcon.colcon_core.shell:Creating package script '/home/admin1/URC/install/interbotix_xsarm_control/share/interbotix_xsarm_control/package.ps1'
[3.363s] INFO:colcon.colcon_core.shell:Creating package descriptor '/home/admin1/URC/install/interbotix_xsarm_control/share/interbotix_xsarm_control/package.dsv'
[3.369s] INFO:colcon.colcon_core.shell:Creating package script '/home/admin1/URC/install/interbotix_xsarm_control/share/interbotix_xsarm_control/package.sh'
[3.373s] INFO:colcon.colcon_core.shell:Creating package script '/home/admin1/URC/install/interbotix_xsarm_control/share/interbotix_xsarm_control/package.bash'
[3.381s] INFO:colcon.colcon_core.shell:Creating package script '/home/admin1/URC/install/interbotix_xsarm_control/share/interbotix_xsarm_control/package.zsh'
[3.386s] Level 1:colcon.colcon_core.environment:create_file_with_runtime_dependencies(/home/admin1/URC/install/interbotix_xsarm_control/share/colcon-core/packages/interbotix_xsarm_control)
[3.395s] Level 1:colcon.colcon_core.environment:create_environment_scripts_only(interbotix_xsarm_control)
[3.396s] Level 1:colcon.colcon_core.environment:checking '/home/admin1/URC/install/interbotix_xsarm_control' for CMake module files
[3.402s] Level 1:colcon.colcon_core.environment:checking '/home/admin1/URC/install/interbotix_xsarm_control' for CMake config files
[3.406s] Level 1:colcon.colcon_core.shell:create_environment_hook('interbotix_xsarm_control', 'cmake_prefix_path')
[3.410s] INFO:colcon.colcon_core.shell:Creating environment hook '/home/admin1/URC/install/interbotix_xsarm_control/share/interbotix_xsarm_control/hook/cmake_prefix_path.ps1'
[3.416s] INFO:colcon.colcon_core.shell:Creating environment descriptor '/home/admin1/URC/install/interbotix_xsarm_control/share/interbotix_xsarm_control/hook/cmake_prefix_path.dsv'
[3.422s] INFO:colcon.colcon_core.shell:Creating environment hook '/home/admin1/URC/install/interbotix_xsarm_control/share/interbotix_xsarm_control/hook/cmake_prefix_path.sh'
[3.426s] Level 1:colcon.colcon_core.environment:checking '/home/admin1/URC/install/interbotix_xsarm_control/lib'
[3.428s] Level 1:colcon.colcon_core.environment:checking '/home/admin1/URC/install/interbotix_xsarm_control/bin'
[3.428s] Level 1:colcon.colcon_core.environment:checking '/home/admin1/URC/install/interbotix_xsarm_control/lib/pkgconfig/interbotix_xsarm_control.pc'
[3.429s] Level 1:colcon.colcon_core.environment:checking '/home/admin1/URC/install/interbotix_xsarm_control/lib/python3.12/site-packages'
[3.431s] Level 1:colcon.colcon_core.environment:checking '/home/admin1/URC/install/interbotix_xsarm_control/bin'
[3.433s] INFO:colcon.colcon_core.shell:Creating package script '/home/admin1/URC/install/interbotix_xsarm_control/share/interbotix_xsarm_control/package.ps1'
[3.436s] INFO:colcon.colcon_core.shell:Creating package descriptor '/home/admin1/URC/install/interbotix_xsarm_control/share/interbotix_xsarm_control/package.dsv'
[3.441s] INFO:colcon.colcon_core.shell:Creating package script '/home/admin1/URC/install/interbotix_xsarm_control/share/interbotix_xsarm_control/package.sh'
[3.447s] INFO:colcon.colcon_core.shell:Creating package script '/home/admin1/URC/install/interbotix_xsarm_control/share/interbotix_xsarm_control/package.bash'
[3.451s] INFO:colcon.colcon_core.shell:Creating package script '/home/admin1/URC/install/interbotix_xsarm_control/share/interbotix_xsarm_control/package.zsh'
[3.455s] Level 1:colcon.colcon_core.environment:create_file_with_runtime_dependencies(/home/admin1/URC/install/interbotix_xsarm_control/share/colcon-core/packages/interbotix_xsarm_control)
[3.457s] DEBUG:colcon.colcon_parallel_executor.executor.parallel:closing loop
[3.460s] DEBUG:colcon.colcon_parallel_executor.executor.parallel:loop closed
[3.461s] DEBUG:colcon.colcon_parallel_executor.executor.parallel:run_until_complete finished with '0'
[3.461s] DEBUG:colcon.colcon_core.event_reactor:joining thread
[3.523s] INFO:colcon.colcon_core.plugin_system:Skipping extension 'colcon_notification.desktop_notification.terminal_notifier': Not used on non-Darwin systems
[3.526s] INFO:colcon.colcon_core.plugin_system:Skipping extension 'colcon_notification.desktop_notification.win32': Not used on non-Windows systems
[3.526s] INFO:colcon.colcon_notification.desktop_notification:Sending desktop notification using 'notify2'
[3.686s] DEBUG:colcon.colcon_core.event_reactor:joined thread
[3.687s] INFO:colcon.colcon_core.shell:Creating prefix script '/home/admin1/URC/install/local_setup.ps1'
[3.707s] INFO:colcon.colcon_core.shell:Creating prefix util module '/home/admin1/URC/install/_local_setup_util_ps1.py'
[3.721s] INFO:colcon.colcon_core.shell:Creating prefix chain script '/home/admin1/URC/install/setup.ps1'
[3.745s] INFO:colcon.colcon_core.shell:Creating prefix script '/home/admin1/URC/install/local_setup.sh'
[3.748s] INFO:colcon.colcon_core.shell:Creating prefix util module '/home/admin1/URC/install/_local_setup_util_sh.py'
[3.752s] INFO:colcon.colcon_core.shell:Creating prefix chain script '/home/admin1/URC/install/setup.sh'
[3.764s] INFO:colcon.colcon_core.shell:Creating prefix script '/home/admin1/URC/install/local_setup.bash'
[3.768s] INFO:colcon.colcon_core.shell:Creating prefix chain script '/home/admin1/URC/install/setup.bash'
[3.789s] INFO:colcon.colcon_core.shell:Creating prefix script '/home/admin1/URC/install/local_setup.zsh'
[3.794s] INFO:colcon.colcon_core.shell:Creating prefix chain script '/home/admin1/URC/install/setup.zsh'
