[1.117s] Invoking command in '/home/ayaan/URC/URC/urc_ws_interbotix/src/IMU_control': DEBUGINFOD_URLS=https://debuginfod.ubuntu.com PYTHONPATH=/home/ayaan/URC/URC/build/IMU_control/prefix_override:/usr/lib/python3/dist-packages/colcon_core/task/python/colcon_distutils_commands:/home/ayaan/URC/URC/install/IMU_control/lib/python3.12/site-packages:${PYTHONPATH} /usr/bin/python3 -W ignore:setup.py install is deprecated -W ignore:easy_install command is deprecated setup.py egg_info --egg-base ../../../build/IMU_control build --build-base /home/ayaan/URC/URC/build/IMU_control/build install --record /home/ayaan/URC/URC/build/IMU_control/install.log --single-version-externally-managed install_data
[1.411s] running egg_info
[1.411s] creating ../../../build/IMU_control/IMU_control.egg-info
[1.426s] writing ../../../build/IMU_control/IMU_control.egg-info/PKG-INFO
[1.426s] writing dependency_links to ../../../build/IMU_control/IMU_control.egg-info/dependency_links.txt
[1.426s] writing entry points to ../../../build/IMU_control/IMU_control.egg-info/entry_points.txt
[1.426s] writing requirements to ../../../build/IMU_control/IMU_control.egg-info/requires.txt
[1.426s] writing top-level names to ../../../build/IMU_control/IMU_control.egg-info/top_level.txt
[1.426s] writing manifest file '../../../build/IMU_control/IMU_control.egg-info/SOURCES.txt'
[1.453s] reading manifest file '../../../build/IMU_control/IMU_control.egg-info/SOURCES.txt'
[1.453s] writing manifest file '../../../build/IMU_control/IMU_control.egg-info/SOURCES.txt'
[1.453s] running build
[1.454s] running build_py
[1.454s] creating /home/ayaan/URC/URC/build/IMU_control/build
[1.454s] creating /home/ayaan/URC/URC/build/IMU_control/build/lib
[1.454s] creating /home/ayaan/URC/URC/build/IMU_control/build/lib/IMU_control
[1.454s] copying IMU_control/__init__.py -> /home/ayaan/URC/URC/build/IMU_control/build/lib/IMU_control
[1.454s] copying IMU_control/main.py -> /home/ayaan/URC/URC/build/IMU_control/build/lib/IMU_control
[1.454s] running install
[1.459s] running install_lib
[1.472s] creating /home/ayaan/URC/URC/install/IMU_control/lib/python3.12/site-packages/IMU_control
[1.472s] copying /home/ayaan/URC/URC/build/IMU_control/build/lib/IMU_control/__init__.py -> /home/ayaan/URC/URC/install/IMU_control/lib/python3.12/site-packages/IMU_control
[1.472s] copying /home/ayaan/URC/URC/build/IMU_control/build/lib/IMU_control/main.py -> /home/ayaan/URC/URC/install/IMU_control/lib/python3.12/site-packages/IMU_control
[1.472s] byte-compiling /home/ayaan/URC/URC/install/IMU_control/lib/python3.12/site-packages/IMU_control/__init__.py to __init__.cpython-312.pyc
[1.473s] byte-compiling /home/ayaan/URC/URC/install/IMU_control/lib/python3.12/site-packages/IMU_control/main.py to main.cpython-312.pyc
[1.473s] running install_data
[1.473s] creating /home/ayaan/URC/URC/install/IMU_control/share/ament_index
[1.473s] creating /home/ayaan/URC/URC/install/IMU_control/share/ament_index/resource_index
[1.473s] creating /home/ayaan/URC/URC/install/IMU_control/share/ament_index/resource_index/packages
[1.473s] copying resource/IMU_control -> /home/ayaan/URC/URC/install/IMU_control/share/ament_index/resource_index/packages
[1.474s] copying package.xml -> /home/ayaan/URC/URC/install/IMU_control/share/IMU_control
[1.474s] running install_egg_info
[1.489s] Copying ../../../build/IMU_control/IMU_control.egg-info to /home/ayaan/URC/URC/install/IMU_control/lib/python3.12/site-packages/IMU_control-0.0.0-py3.12.egg-info
[1.490s] running install_scripts
[1.594s] Installing IMU_control script to /home/ayaan/URC/URC/install/IMU_control/lib/IMU_control
[1.595s] writing list of installed files to '/home/ayaan/URC/URC/build/IMU_control/install.log'
[1.639s] Invoked command in '/home/ayaan/URC/URC/urc_ws_interbotix/src/IMU_control' returned '0': DEBUGINFOD_URLS=https://debuginfod.ubuntu.com PYTHONPATH=/home/ayaan/URC/URC/build/IMU_control/prefix_override:/usr/lib/python3/dist-packages/colcon_core/task/python/colcon_distutils_commands:/home/ayaan/URC/URC/install/IMU_control/lib/python3.12/site-packages:${PYTHONPATH} /usr/bin/python3 -W ignore:setup.py install is deprecated -W ignore:easy_install command is deprecated setup.py egg_info --egg-base ../../../build/IMU_control build --build-base /home/ayaan/URC/URC/build/IMU_control/build install --record /home/ayaan/URC/URC/build/IMU_control/install.log --single-version-externally-managed install_data
