[0.117s] Invoking command in '/home/admin1/URC/build/piReceiver': CMAKE_PREFIX_PATH=${CMAKE_PREFIX_PATH}:/opt/ros/jazzy DEBUGINFOD_URLS=https://debuginfod.ubuntu.com /usr/bin/cmake /home/admin1/URC/urc_ws_interbotix/src/piReceiver -DCMAKE_INSTALL_PREFIX=/home/admin1/URC/install/piReceiver
[0.778s] -- The C compiler identification is GNU 13.3.0
[1.360s] -- The CXX compiler identification is GNU 13.3.0
[1.497s] -- Detecting C compiler ABI info
[2.583s] -- Detecting C compiler ABI info - done
[2.704s] -- Check for working C compiler: /usr/bin/cc - skipped
[2.713s] -- Detecting C compile features
[2.748s] -- Detecting C compile features - done
[2.898s] -- Detecting CXX compiler ABI info
[4.195s] -- Detecting CXX compiler ABI info - done
[4.315s] -- Check for working CXX compiler: /usr/bin/c++ - skipped
[4.316s] -- Detecting CXX compile features
[4.319s] -- Detecting CXX compile features - done
[4.379s] -- Found ament_cmake: 2.5.5 (/opt/ros/jazzy/share/ament_cmake/cmake)
[5.621s] -- Found Python3: /usr/bin/python3 (found version "3.12.3") found components: Interpreter 
[6.829s] -- Found rclcpp: 28.1.16 (/opt/ros/jazzy/share/rclcpp/cmake)
[7.322s] -- Found rosidl_generator_c: 4.6.7 (/opt/ros/jazzy/share/rosidl_generator_c/cmake)
[7.463s] -- Found rosidl_generator_cpp: 4.6.7 (/opt/ros/jazzy/share/rosidl_generator_cpp/cmake)
[7.612s] -- Using all available rosidl_typesupport_c: rosidl_typesupport_fastrtps_c;rosidl_typesupport_introspection_c
[7.785s] -- Using all available rosidl_typesupport_cpp: rosidl_typesupport_fastrtps_cpp;rosidl_typesupport_introspection_cpp
[9.112s] -- Found rmw_implementation_cmake: 7.3.3 (/opt/ros/jazzy/share/rmw_implementation_cmake/cmake)
[9.210s] -- Found rmw_fastrtps_cpp: 8.4.3 (/opt/ros/jazzy/share/rmw_fastrtps_cpp/cmake)
[10.633s] -- Found OpenSSL: /usr/lib/aarch64-linux-gnu/libcrypto.so (found version "3.0.13")  
[10.810s] -- Found FastRTPS: /opt/ros/jazzy/include (Required is at least version "2.13") 
[11.031s] -- Using RMW implementation 'rmw_fastrtps_cpp' as default
[12.305s] -- Found sensor_msgs: 5.3.6 (/opt/ros/jazzy/share/sensor_msgs/cmake)
[13.062s] -- Found ament_lint_auto: 0.17.4 (/opt/ros/jazzy/share/ament_lint_auto/cmake)
[13.734s] WARNING: Package name "piReceiver" does not follow the naming conventions. It should start with a lower case letter and only contain lower case letters, digits, underscores, and dashes.
[14.442s] -- Added test 'cppcheck' to perform static code analysis on C / C++ code
[14.442s] -- Configured cppcheck include dirs: 
[14.449s] -- Configured cppcheck exclude dirs and/or files: 
[14.463s] -- Added test 'flake8' to check Python code syntax and style conventions
[14.465s] -- Configured 'flake8' exclude dirs and/or files: 
[14.740s] -- Added test 'lint_cmake' to check CMake code style
[14.858s] -- Added test 'pep257' to check Python code against some of the docstring style conventions in PEP 257
[14.893s] -- Added test 'uncrustify' to check C / C++ code style
[14.906s] -- Configured uncrustify additional arguments: 
[14.914s] -- Added test 'xmllint' to check XML markup files
[14.926s] -- Configuring done (14.7s)
[15.104s] -- Generating done (0.1s)
[15.173s] -- Build files have been written to: /home/admin1/URC/build/piReceiver
[15.361s] Invoked command in '/home/admin1/URC/build/piReceiver' returned '0': CMAKE_PREFIX_PATH=${CMAKE_PREFIX_PATH}:/opt/ros/jazzy DEBUGINFOD_URLS=https://debuginfod.ubuntu.com /usr/bin/cmake /home/admin1/URC/urc_ws_interbotix/src/piReceiver -DCMAKE_INSTALL_PREFIX=/home/admin1/URC/install/piReceiver
[15.374s] Invoking command in '/home/admin1/URC/build/piReceiver': CMAKE_PREFIX_PATH=${CMAKE_PREFIX_PATH}:/opt/ros/jazzy DEBUGINFOD_URLS=https://debuginfod.ubuntu.com /usr/bin/cmake --build /home/admin1/URC/build/piReceiver -- -j4 -l4
[15.918s] [ 50%] [32mBuilding CXX object CMakeFiles/receive.dir/src/receive.cpp.o[0m
[92.813s] [100%] [32m[1mLinking CXX executable receive[0m
[96.804s] [100%] Built target receive
[96.939s] Invoked command in '/home/admin1/URC/build/piReceiver' returned '0': CMAKE_PREFIX_PATH=${CMAKE_PREFIX_PATH}:/opt/ros/jazzy DEBUGINFOD_URLS=https://debuginfod.ubuntu.com /usr/bin/cmake --build /home/admin1/URC/build/piReceiver -- -j4 -l4
[96.972s] Invoking command in '/home/admin1/URC/build/piReceiver': CMAKE_PREFIX_PATH=${CMAKE_PREFIX_PATH}:/opt/ros/jazzy DEBUGINFOD_URLS=https://debuginfod.ubuntu.com /usr/bin/cmake --install /home/admin1/URC/build/piReceiver
[97.069s] -- Install configuration: ""
[97.080s] -- Installing: /home/admin1/URC/install/piReceiver/share/piReceiver/launch
[97.083s] -- Installing: /home/admin1/URC/install/piReceiver/share/piReceiver/launch/receiver_launch.py
[97.108s] -- Installing: /home/admin1/URC/install/piReceiver/lib/piReceiver/receive
[97.152s] -- Set non-toolchain portion of runtime path of "/home/admin1/URC/install/piReceiver/lib/piReceiver/receive" to ""
[97.159s] -- Installing: /home/admin1/URC/install/piReceiver/share/ament_index/resource_index/package_run_dependencies/piReceiver
[97.169s] -- Installing: /home/admin1/URC/install/piReceiver/share/ament_index/resource_index/parent_prefix_path/piReceiver
[97.171s] -- Installing: /home/admin1/URC/install/piReceiver/share/piReceiver/environment/ament_prefix_path.sh
[97.177s] -- Installing: /home/admin1/URC/install/piReceiver/share/piReceiver/environment/ament_prefix_path.dsv
[97.190s] -- Installing: /home/admin1/URC/install/piReceiver/share/piReceiver/environment/path.sh
[97.191s] -- Installing: /home/admin1/URC/install/piReceiver/share/piReceiver/environment/path.dsv
[97.202s] -- Installing: /home/admin1/URC/install/piReceiver/share/piReceiver/local_setup.bash
[97.203s] -- Installing: /home/admin1/URC/install/piReceiver/share/piReceiver/local_setup.sh
[97.207s] -- Installing: /home/admin1/URC/install/piReceiver/share/piReceiver/local_setup.zsh
[97.211s] -- Installing: /home/admin1/URC/install/piReceiver/share/piReceiver/local_setup.dsv
[97.218s] -- Installing: /home/admin1/URC/install/piReceiver/share/piReceiver/package.dsv
[97.219s] -- Installing: /home/admin1/URC/install/piReceiver/share/ament_index/resource_index/packages/piReceiver
[97.228s] -- Installing: /home/admin1/URC/install/piReceiver/share/piReceiver/cmake/piReceiverConfig.cmake
[97.228s] -- Installing: /home/admin1/URC/install/piReceiver/share/piReceiver/cmake/piReceiverConfig-version.cmake
[97.230s] -- Installing: /home/admin1/URC/install/piReceiver/share/piReceiver/package.xml
[97.249s] Invoked command in '/home/admin1/URC/build/piReceiver' returned '0': CMAKE_PREFIX_PATH=${CMAKE_PREFIX_PATH}:/opt/ros/jazzy DEBUGINFOD_URLS=https://debuginfod.ubuntu.com /usr/bin/cmake --install /home/admin1/URC/build/piReceiver
