[4.172s] Invoking command in '/home/ayaan/URC/URC/urc_ws_interbotix/src/IMU_control': DEBUGINFOD_URLS=https://debuginfod.ubuntu.com PYTHONPATH=/home/ayaan/URC/URC/build/IMU_control/prefix_override:/usr/lib/python3/dist-packages/colcon_core/task/python/colcon_distutils_commands:/home/ayaan/URC/URC/install/IMU_control/lib/python3.12/site-packages:${PYTHONPATH} /usr/bin/python3 -W ignore:setup.py install is deprecated -W ignore:easy_install command is deprecated setup.py egg_info --egg-base ../../../build/IMU_control build --build-base /home/ayaan/URC/URC/build/IMU_control/build install --record /home/ayaan/URC/URC/build/IMU_control/install.log --single-version-externally-managed install_data
[4.925s] running egg_info
[4.972s] writing ../../../build/IMU_control/IMU_control.egg-info/PKG-INFO
[4.972s] writing dependency_links to ../../../build/IMU_control/IMU_control.egg-info/dependency_links.txt
[4.973s] writing entry points to ../../../build/IMU_control/IMU_control.egg-info/entry_points.txt
[4.973s] writing requirements to ../../../build/IMU_control/IMU_control.egg-info/requires.txt
[4.973s] writing top-level names to ../../../build/IMU_control/IMU_control.egg-info/top_level.txt
[5.083s] reading manifest file '../../../build/IMU_control/IMU_control.egg-info/SOURCES.txt'
[5.087s] writing manifest file '../../../build/IMU_control/IMU_control.egg-info/SOURCES.txt'
[5.088s] running build
[5.088s] running build_py
[5.090s] running install
[5.113s] running install_lib
[5.163s] running install_data
[5.163s] running install_egg_info
[5.214s] removing '/home/ayaan/URC/URC/install/IMU_control/lib/python3.12/site-packages/IMU_control-0.0.0-py3.12.egg-info' (and everything under it)
[5.215s] Copying ../../../build/IMU_control/IMU_control.egg-info to /home/ayaan/URC/URC/install/IMU_control/lib/python3.12/site-packages/IMU_control-0.0.0-py3.12.egg-info
[5.217s] running install_scripts
[5.572s] Installing IMU_control script to /home/ayaan/URC/URC/install/IMU_control/lib/IMU_control
[5.573s] writing list of installed files to '/home/ayaan/URC/URC/build/IMU_control/install.log'
[5.679s] Invoked command in '/home/ayaan/URC/URC/urc_ws_interbotix/src/IMU_control' returned '0': DEBUGINFOD_URLS=https://debuginfod.ubuntu.com PYTHONPATH=/home/ayaan/URC/URC/build/IMU_control/prefix_override:/usr/lib/python3/dist-packages/colcon_core/task/python/colcon_distutils_commands:/home/ayaan/URC/URC/install/IMU_control/lib/python3.12/site-packages:${PYTHONPATH} /usr/bin/python3 -W ignore:setup.py install is deprecated -W ignore:easy_install command is deprecated setup.py egg_info --egg-base ../../../build/IMU_control build --build-base /home/ayaan/URC/URC/build/IMU_control/build install --record /home/ayaan/URC/URC/build/IMU_control/install.log --single-version-externally-managed install_data
