[6.679s] Invoking command in '/home/admin1/URC/urc_ws_interbotix/src/interbotix_xs_modules': AMENT_PREFIX_PATH=/home/admin1/URC/install/interbotix_xs_sdk:/home/admin1/URC/install/interbotix_xs_driver:/home/admin1/URC/install/dynamixel_workbench_toolbox:/home/admin1/URC/install/interbotix_xs_msgs:/home/admin1/URC/install/interbotix_common_modules:/home/admin1/URC/install/dynamixel_sdk:${AMENT_PREFIX_PATH} CMAKE_PREFIX_PATH=/home/admin1/URC/install/interbotix_xs_sdk:/home/admin1/URC/install/interbotix_xs_driver:/home/admin1/URC/install/dynamixel_workbench_toolbox:/home/admin1/URC/install/interbotix_xs_msgs:/home/admin1/URC/install/dynamixel_sdk:${CMAKE_PREFIX_PATH} DEBUGINFOD_URLS=https://debuginfod.ubuntu.com LD_LIBRARY_PATH=/home/admin1/URC/install/interbotix_xs_driver/lib:/home/admin1/URC/install/dynamixel_workbench_toolbox/lib:/home/admin1/URC/install/interbotix_xs_msgs/lib:/home/admin1/URC/install/dynamixel_sdk/lib:${LD_LIBRARY_PATH} PYTHONPATH=/home/admin1/URC/build/interbotix_xs_modules/prefix_override:/usr/lib/python3/dist-packages/colcon_core/task/python/colcon_distutils_commands:/home/admin1/URC/install/interbotix_xs_modules/lib/python3.12/site-packages:/home/admin1/URC/install/interbotix_xs_msgs/lib/python3.12/site-packages:/home/admin1/URC/install/interbotix_common_modules/lib/python3.12/site-packages:/home/admin1/URC/install/dynamixel_sdk/lib/python3.12/site-packages:${PYTHONPATH} /usr/bin/python3 -W ignore:setup.py install is deprecated -W ignore:easy_install command is deprecated setup.py egg_info --egg-base ../../../build/interbotix_xs_modules build --build-base /home/admin1/URC/build/interbotix_xs_modules/build install --record /home/admin1/URC/build/interbotix_xs_modules/install.log --single-version-externally-managed install_data
[8.145s] running egg_info
[8.146s] creating ../../../build/interbotix_xs_modules/interbotix_xs_modules.egg-info
[8.253s] writing ../../../build/interbotix_xs_modules/interbotix_xs_modules.egg-info/PKG-INFO
[8.260s] writing dependency_links to ../../../build/interbotix_xs_modules/interbotix_xs_modules.egg-info/dependency_links.txt
[8.263s] writing requirements to ../../../build/interbotix_xs_modules/interbotix_xs_modules.egg-info/requires.txt
[8.264s] writing top-level names to ../../../build/interbotix_xs_modules/interbotix_xs_modules.egg-info/top_level.txt
[8.264s] writing manifest file '../../../build/interbotix_xs_modules/interbotix_xs_modules.egg-info/SOURCES.txt'
[8.491s] reading manifest file '../../../build/interbotix_xs_modules/interbotix_xs_modules.egg-info/SOURCES.txt'
[8.494s] writing manifest file '../../../build/interbotix_xs_modules/interbotix_xs_modules.egg-info/SOURCES.txt'
[8.495s] running build
[8.496s] running build_py
[8.496s] creating /home/admin1/URC/build/interbotix_xs_modules/build
[8.497s] creating /home/admin1/URC/build/interbotix_xs_modules/build/lib
[8.498s] creating /home/admin1/URC/build/interbotix_xs_modules/build/lib/interbotix_xs_modules
[8.498s] copying interbotix_xs_modules/__init__.py -> /home/admin1/URC/build/interbotix_xs_modules/build/lib/interbotix_xs_modules
[8.500s] creating /home/admin1/URC/build/interbotix_xs_modules/build/lib/interbotix_xs_modules/xs_launch
[8.501s] copying interbotix_xs_modules/xs_launch/__init__.py -> /home/admin1/URC/build/interbotix_xs_modules/build/lib/interbotix_xs_modules/xs_launch
[8.503s] copying interbotix_xs_modules/xs_launch/xs_launch.py -> /home/admin1/URC/build/interbotix_xs_modules/build/lib/interbotix_xs_modules/xs_launch
[8.505s] creating /home/admin1/URC/build/interbotix_xs_modules/build/lib/interbotix_xs_modules/xs_common
[8.506s] copying interbotix_xs_modules/xs_common/__init__.py -> /home/admin1/URC/build/interbotix_xs_modules/build/lib/interbotix_xs_modules/xs_common
[8.507s] copying interbotix_xs_modules/xs_common/xs_common.py -> /home/admin1/URC/build/interbotix_xs_modules/build/lib/interbotix_xs_modules/xs_common
[8.510s] creating /home/admin1/URC/build/interbotix_xs_modules/build/lib/interbotix_xs_modules/xs_robot
[8.511s] copying interbotix_xs_modules/xs_robot/turret.py -> /home/admin1/URC/build/interbotix_xs_modules/build/lib/interbotix_xs_modules/xs_robot
[8.514s] copying interbotix_xs_modules/xs_robot/slate.py -> /home/admin1/URC/build/interbotix_xs_modules/build/lib/interbotix_xs_modules/xs_robot
[8.515s] copying interbotix_xs_modules/xs_robot/locobot.py -> /home/admin1/URC/build/interbotix_xs_modules/build/lib/interbotix_xs_modules/xs_robot
[8.517s] copying interbotix_xs_modules/xs_robot/__init__.py -> /home/admin1/URC/build/interbotix_xs_modules/build/lib/interbotix_xs_modules/xs_robot
[8.519s] copying interbotix_xs_modules/xs_robot/kobuki.py -> /home/admin1/URC/build/interbotix_xs_modules/build/lib/interbotix_xs_modules/xs_robot
[8.521s] copying interbotix_xs_modules/xs_robot/mobile_base.py -> /home/admin1/URC/build/interbotix_xs_modules/build/lib/interbotix_xs_modules/xs_robot
[8.526s] copying interbotix_xs_modules/xs_robot/hexapod.py -> /home/admin1/URC/build/interbotix_xs_modules/build/lib/interbotix_xs_modules/xs_robot
[8.529s] copying interbotix_xs_modules/xs_robot/create3.py -> /home/admin1/URC/build/interbotix_xs_modules/build/lib/interbotix_xs_modules/xs_robot
[8.533s] copying interbotix_xs_modules/xs_robot/core.py -> /home/admin1/URC/build/interbotix_xs_modules/build/lib/interbotix_xs_modules/xs_robot
[8.536s] copying interbotix_xs_modules/xs_robot/gripper.py -> /home/admin1/URC/build/interbotix_xs_modules/build/lib/interbotix_xs_modules/xs_robot
[8.538s] copying interbotix_xs_modules/xs_robot/mr_descriptions.py -> /home/admin1/URC/build/interbotix_xs_modules/build/lib/interbotix_xs_modules/xs_robot
[8.541s] copying interbotix_xs_modules/xs_robot/arm.py -> /home/admin1/URC/build/interbotix_xs_modules/build/lib/interbotix_xs_modules/xs_robot
[8.544s] copying interbotix_xs_modules/xs_robot/gravity_compensation.py -> /home/admin1/URC/build/interbotix_xs_modules/build/lib/interbotix_xs_modules/xs_robot
[8.548s] running install
[8.578s] running install_lib
[8.688s] creating /home/admin1/URC/install/interbotix_xs_modules/lib/python3.12/site-packages/interbotix_xs_modules
[8.689s] creating /home/admin1/URC/install/interbotix_xs_modules/lib/python3.12/site-packages/interbotix_xs_modules/xs_launch
[8.690s] copying /home/admin1/URC/build/interbotix_xs_modules/build/lib/interbotix_xs_modules/xs_launch/__init__.py -> /home/admin1/URC/install/interbotix_xs_modules/lib/python3.12/site-packages/interbotix_xs_modules/xs_launch
[8.691s] copying /home/admin1/URC/build/interbotix_xs_modules/build/lib/interbotix_xs_modules/xs_launch/xs_launch.py -> /home/admin1/URC/install/interbotix_xs_modules/lib/python3.12/site-packages/interbotix_xs_modules/xs_launch
[8.692s] copying /home/admin1/URC/build/interbotix_xs_modules/build/lib/interbotix_xs_modules/__init__.py -> /home/admin1/URC/install/interbotix_xs_modules/lib/python3.12/site-packages/interbotix_xs_modules
[8.693s] creating /home/admin1/URC/install/interbotix_xs_modules/lib/python3.12/site-packages/interbotix_xs_modules/xs_common
[8.694s] copying /home/admin1/URC/build/interbotix_xs_modules/build/lib/interbotix_xs_modules/xs_common/__init__.py -> /home/admin1/URC/install/interbotix_xs_modules/lib/python3.12/site-packages/interbotix_xs_modules/xs_common
[8.695s] copying /home/admin1/URC/build/interbotix_xs_modules/build/lib/interbotix_xs_modules/xs_common/xs_common.py -> /home/admin1/URC/install/interbotix_xs_modules/lib/python3.12/site-packages/interbotix_xs_modules/xs_common
[8.696s] creating /home/admin1/URC/install/interbotix_xs_modules/lib/python3.12/site-packages/interbotix_xs_modules/xs_robot
[8.697s] copying /home/admin1/URC/build/interbotix_xs_modules/build/lib/interbotix_xs_modules/xs_robot/turret.py -> /home/admin1/URC/install/interbotix_xs_modules/lib/python3.12/site-packages/interbotix_xs_modules/xs_robot
[8.698s] copying /home/admin1/URC/build/interbotix_xs_modules/build/lib/interbotix_xs_modules/xs_robot/slate.py -> /home/admin1/URC/install/interbotix_xs_modules/lib/python3.12/site-packages/interbotix_xs_modules/xs_robot
[8.699s] copying /home/admin1/URC/build/interbotix_xs_modules/build/lib/interbotix_xs_modules/xs_robot/locobot.py -> /home/admin1/URC/install/interbotix_xs_modules/lib/python3.12/site-packages/interbotix_xs_modules/xs_robot
[8.699s] copying /home/admin1/URC/build/interbotix_xs_modules/build/lib/interbotix_xs_modules/xs_robot/__init__.py -> /home/admin1/URC/install/interbotix_xs_modules/lib/python3.12/site-packages/interbotix_xs_modules/xs_robot
[8.700s] copying /home/admin1/URC/build/interbotix_xs_modules/build/lib/interbotix_xs_modules/xs_robot/kobuki.py -> /home/admin1/URC/install/interbotix_xs_modules/lib/python3.12/site-packages/interbotix_xs_modules/xs_robot
[8.701s] copying /home/admin1/URC/build/interbotix_xs_modules/build/lib/interbotix_xs_modules/xs_robot/mobile_base.py -> /home/admin1/URC/install/interbotix_xs_modules/lib/python3.12/site-packages/interbotix_xs_modules/xs_robot
[8.702s] copying /home/admin1/URC/build/interbotix_xs_modules/build/lib/interbotix_xs_modules/xs_robot/hexapod.py -> /home/admin1/URC/install/interbotix_xs_modules/lib/python3.12/site-packages/interbotix_xs_modules/xs_robot
[8.704s] copying /home/admin1/URC/build/interbotix_xs_modules/build/lib/interbotix_xs_modules/xs_robot/create3.py -> /home/admin1/URC/install/interbotix_xs_modules/lib/python3.12/site-packages/interbotix_xs_modules/xs_robot
[8.706s] copying /home/admin1/URC/build/interbotix_xs_modules/build/lib/interbotix_xs_modules/xs_robot/core.py -> /home/admin1/URC/install/interbotix_xs_modules/lib/python3.12/site-packages/interbotix_xs_modules/xs_robot
[8.707s] copying /home/admin1/URC/build/interbotix_xs_modules/build/lib/interbotix_xs_modules/xs_robot/gripper.py -> /home/admin1/URC/install/interbotix_xs_modules/lib/python3.12/site-packages/interbotix_xs_modules/xs_robot
[8.707s] copying /home/admin1/URC/build/interbotix_xs_modules/build/lib/interbotix_xs_modules/xs_robot/mr_descriptions.py -> /home/admin1/URC/install/interbotix_xs_modules/lib/python3.12/site-packages/interbotix_xs_modules/xs_robot
[8.708s] copying /home/admin1/URC/build/interbotix_xs_modules/build/lib/interbotix_xs_modules/xs_robot/arm.py -> /home/admin1/URC/install/interbotix_xs_modules/lib/python3.12/site-packages/interbotix_xs_modules/xs_robot
[8.709s] copying /home/admin1/URC/build/interbotix_xs_modules/build/lib/interbotix_xs_modules/xs_robot/gravity_compensation.py -> /home/admin1/URC/install/interbotix_xs_modules/lib/python3.12/site-packages/interbotix_xs_modules/xs_robot
[8.717s] byte-compiling /home/admin1/URC/install/interbotix_xs_modules/lib/python3.12/site-packages/interbotix_xs_modules/xs_launch/__init__.py to __init__.cpython-312.pyc
[8.717s] byte-compiling /home/admin1/URC/install/interbotix_xs_modules/lib/python3.12/site-packages/interbotix_xs_modules/xs_launch/xs_launch.py to xs_launch.cpython-312.pyc
[8.733s] byte-compiling /home/admin1/URC/install/interbotix_xs_modules/lib/python3.12/site-packages/interbotix_xs_modules/__init__.py to __init__.cpython-312.pyc
[8.733s] byte-compiling /home/admin1/URC/install/interbotix_xs_modules/lib/python3.12/site-packages/interbotix_xs_modules/xs_common/__init__.py to __init__.cpython-312.pyc
[8.736s] byte-compiling /home/admin1/URC/install/interbotix_xs_modules/lib/python3.12/site-packages/interbotix_xs_modules/xs_common/xs_common.py to xs_common.cpython-312.pyc
[8.740s] byte-compiling /home/admin1/URC/install/interbotix_xs_modules/lib/python3.12/site-packages/interbotix_xs_modules/xs_robot/turret.py to turret.cpython-312.pyc
[8.753s] byte-compiling /home/admin1/URC/install/interbotix_xs_modules/lib/python3.12/site-packages/interbotix_xs_modules/xs_robot/slate.py to slate.cpython-312.pyc
[8.756s] byte-compiling /home/admin1/URC/install/interbotix_xs_modules/lib/python3.12/site-packages/interbotix_xs_modules/xs_robot/locobot.py to locobot.cpython-312.pyc
[8.760s] byte-compiling /home/admin1/URC/install/interbotix_xs_modules/lib/python3.12/site-packages/interbotix_xs_modules/xs_robot/__init__.py to __init__.cpython-312.pyc
[8.762s] byte-compiling /home/admin1/URC/install/interbotix_xs_modules/lib/python3.12/site-packages/interbotix_xs_modules/xs_robot/kobuki.py to kobuki.cpython-312.pyc
[8.764s] byte-compiling /home/admin1/URC/install/interbotix_xs_modules/lib/python3.12/site-packages/interbotix_xs_modules/xs_robot/mobile_base.py to mobile_base.cpython-312.pyc
[8.772s] byte-compiling /home/admin1/URC/install/interbotix_xs_modules/lib/python3.12/site-packages/interbotix_xs_modules/xs_robot/hexapod.py to hexapod.cpython-312.pyc
[8.801s] byte-compiling /home/admin1/URC/install/interbotix_xs_modules/lib/python3.12/site-packages/interbotix_xs_modules/xs_robot/create3.py to create3.cpython-312.pyc
[8.804s] byte-compiling /home/admin1/URC/install/interbotix_xs_modules/lib/python3.12/site-packages/interbotix_xs_modules/xs_robot/core.py to core.cpython-312.pyc
[8.812s] byte-compiling /home/admin1/URC/install/interbotix_xs_modules/lib/python3.12/site-packages/interbotix_xs_modules/xs_robot/gripper.py to gripper.cpython-312.pyc
[8.819s] byte-compiling /home/admin1/URC/install/interbotix_xs_modules/lib/python3.12/site-packages/interbotix_xs_modules/xs_robot/mr_descriptions.py to mr_descriptions.cpython-312.pyc
[8.832s] byte-compiling /home/admin1/URC/install/interbotix_xs_modules/lib/python3.12/site-packages/interbotix_xs_modules/xs_robot/arm.py to arm.cpython-312.pyc
[8.850s] byte-compiling /home/admin1/URC/install/interbotix_xs_modules/lib/python3.12/site-packages/interbotix_xs_modules/xs_robot/gravity_compensation.py to gravity_compensation.cpython-312.pyc
[8.853s] running install_data
[8.854s] creating /home/admin1/URC/install/interbotix_xs_modules/share/ament_index
[8.855s] creating /home/admin1/URC/install/interbotix_xs_modules/share/ament_index/resource_index
[8.855s] creating /home/admin1/URC/install/interbotix_xs_modules/share/ament_index/resource_index/packages
[8.856s] copying resource/interbotix_xs_modules -> /home/admin1/URC/install/interbotix_xs_modules/share/ament_index/resource_index/packages
[8.856s] copying package.xml -> /home/admin1/URC/install/interbotix_xs_modules/share/interbotix_xs_modules
[8.859s] running install_egg_info
[8.974s] Copying ../../../build/interbotix_xs_modules/interbotix_xs_modules.egg-info to /home/admin1/URC/install/interbotix_xs_modules/lib/python3.12/site-packages/interbotix_xs_modules-0.0.0-py3.12.egg-info
[8.980s] running install_scripts
[9.795s] writing list of installed files to '/home/admin1/URC/build/interbotix_xs_modules/install.log'
[9.969s] Invoked command in '/home/admin1/URC/urc_ws_interbotix/src/interbotix_xs_modules' returned '0': AMENT_PREFIX_PATH=/home/admin1/URC/install/interbotix_xs_sdk:/home/admin1/URC/install/interbotix_xs_driver:/home/admin1/URC/install/dynamixel_workbench_toolbox:/home/admin1/URC/install/interbotix_xs_msgs:/home/admin1/URC/install/interbotix_common_modules:/home/admin1/URC/install/dynamixel_sdk:${AMENT_PREFIX_PATH} CMAKE_PREFIX_PATH=/home/admin1/URC/install/interbotix_xs_sdk:/home/admin1/URC/install/interbotix_xs_driver:/home/admin1/URC/install/dynamixel_workbench_toolbox:/home/admin1/URC/install/interbotix_xs_msgs:/home/admin1/URC/install/dynamixel_sdk:${CMAKE_PREFIX_PATH} DEBUGINFOD_URLS=https://debuginfod.ubuntu.com LD_LIBRARY_PATH=/home/admin1/URC/install/interbotix_xs_driver/lib:/home/admin1/URC/install/dynamixel_workbench_toolbox/lib:/home/admin1/URC/install/interbotix_xs_msgs/lib:/home/admin1/URC/install/dynamixel_sdk/lib:${LD_LIBRARY_PATH} PYTHONPATH=/home/admin1/URC/build/interbotix_xs_modules/prefix_override:/usr/lib/python3/dist-packages/colcon_core/task/python/colcon_distutils_commands:/home/admin1/URC/install/interbotix_xs_modules/lib/python3.12/site-packages:/home/admin1/URC/install/interbotix_xs_msgs/lib/python3.12/site-packages:/home/admin1/URC/install/interbotix_common_modules/lib/python3.12/site-packages:/home/admin1/URC/install/dynamixel_sdk/lib/python3.12/site-packages:${PYTHONPATH} /usr/bin/python3 -W ignore:setup.py install is deprecated -W ignore:easy_install command is deprecated setup.py egg_info --egg-base ../../../build/interbotix_xs_modules build --build-base /home/admin1/URC/build/interbotix_xs_modules/build install --record /home/admin1/URC/build/interbotix_xs_modules/install.log --single-version-externally-managed install_data
