[0.264s] Invoking command in '/home/ayaan/URC/build/interbotix_common_sim': CMAKE_PREFIX_PATH=${CMAKE_PREFIX_PATH}:/home/ayaan/ROS-workshop/install/spin_service_caller:/home/ayaan/ROS-workshop/install/orbit_pkg:/home/ayaan/ROS-workshop/install/launch_file_example_pkg:/home/ayaan/ROS-workshop/install/imu_example:/home/ayaan/ROS-workshop/install/example_ros_package:/home/ayaan/ROS-workshop/install/broken_ros_package:/home/ayaan/imprimis/imprimis_ws/install/utils:/home/ayaan/imprimis/imprimis_ws/install/map_goal_to_odom:/home/ayaan/imprimis/imprimis_ws/install/gps_nav_bridge:/opt/ros/jazzy DEBUGINFOD_URLS=https://debuginfod.ubuntu.com /usr/bin/cmake /home/ayaan/URC/urc_ws_interbotix/src/interbotix_common_sim -DCMAKE_INSTALL_PREFIX=/home/ayaan/URC/install/interbotix_common_sim
[0.515s] -- The C compiler identification is GNU 13.3.0
[0.515s] -- The CXX compiler identification is GNU 13.3.0
[0.515s] -- Detecting C compiler ABI info
[0.515s] -- Detecting C compiler ABI info - done
[0.525s] -- Check for working C compiler: /usr/bin/cc - skipped
[0.525s] -- Detecting C compile features
[0.526s] -- Detecting C compile features - done
[0.535s] -- Detecting CXX compiler ABI info
[0.630s] -- Detecting CXX compiler ABI info - done
[0.642s] -- Check for working CXX compiler: /usr/bin/c++ - skipped
[0.642s] -- Detecting CXX compile features
[0.642s] -- Detecting CXX compile features - done
[0.645s] -- Found ament_cmake: 2.5.5 (/opt/ros/jazzy/share/ament_cmake/cmake)
[0.789s] -- Found Python3: /usr/bin/python3 (found version "3.12.3") found components: Interpreter 
[0.914s] -- Found ament_lint_auto: 0.17.4 (/opt/ros/jazzy/share/ament_lint_auto/cmake)
[0.979s] -- Configuring done (0.7s)
[0.981s] -- Generating done (0.0s)
[0.982s] -- Build files have been written to: /home/ayaan/URC/build/interbotix_common_sim
[0.988s] Invoked command in '/home/ayaan/URC/build/interbotix_common_sim' returned '0': CMAKE_PREFIX_PATH=${CMAKE_PREFIX_PATH}:/home/ayaan/ROS-workshop/install/spin_service_caller:/home/ayaan/ROS-workshop/install/orbit_pkg:/home/ayaan/ROS-workshop/install/launch_file_example_pkg:/home/ayaan/ROS-workshop/install/imu_example:/home/ayaan/ROS-workshop/install/example_ros_package:/home/ayaan/ROS-workshop/install/broken_ros_package:/home/ayaan/imprimis/imprimis_ws/install/utils:/home/ayaan/imprimis/imprimis_ws/install/map_goal_to_odom:/home/ayaan/imprimis/imprimis_ws/install/gps_nav_bridge:/opt/ros/jazzy DEBUGINFOD_URLS=https://debuginfod.ubuntu.com /usr/bin/cmake /home/ayaan/URC/urc_ws_interbotix/src/interbotix_common_sim -DCMAKE_INSTALL_PREFIX=/home/ayaan/URC/install/interbotix_common_sim
[0.989s] Invoking command in '/home/ayaan/URC/build/interbotix_common_sim': CMAKE_PREFIX_PATH=${CMAKE_PREFIX_PATH}:/home/ayaan/ROS-workshop/install/spin_service_caller:/home/ayaan/ROS-workshop/install/orbit_pkg:/home/ayaan/ROS-workshop/install/launch_file_example_pkg:/home/ayaan/ROS-workshop/install/imu_example:/home/ayaan/ROS-workshop/install/example_ros_package:/home/ayaan/ROS-workshop/install/broken_ros_package:/home/ayaan/imprimis/imprimis_ws/install/utils:/home/ayaan/imprimis/imprimis_ws/install/map_goal_to_odom:/home/ayaan/imprimis/imprimis_ws/install/gps_nav_bridge:/opt/ros/jazzy DEBUGINFOD_URLS=https://debuginfod.ubuntu.com /usr/bin/cmake --build /home/ayaan/URC/build/interbotix_common_sim -- -j16 -l16
[1.038s] Invoked command in '/home/ayaan/URC/build/interbotix_common_sim' returned '0': CMAKE_PREFIX_PATH=${CMAKE_PREFIX_PATH}:/home/ayaan/ROS-workshop/install/spin_service_caller:/home/ayaan/ROS-workshop/install/orbit_pkg:/home/ayaan/ROS-workshop/install/launch_file_example_pkg:/home/ayaan/ROS-workshop/install/imu_example:/home/ayaan/ROS-workshop/install/example_ros_package:/home/ayaan/ROS-workshop/install/broken_ros_package:/home/ayaan/imprimis/imprimis_ws/install/utils:/home/ayaan/imprimis/imprimis_ws/install/map_goal_to_odom:/home/ayaan/imprimis/imprimis_ws/install/gps_nav_bridge:/opt/ros/jazzy DEBUGINFOD_URLS=https://debuginfod.ubuntu.com /usr/bin/cmake --build /home/ayaan/URC/build/interbotix_common_sim -- -j16 -l16
[1.050s] Invoking command in '/home/ayaan/URC/build/interbotix_common_sim': CMAKE_PREFIX_PATH=${CMAKE_PREFIX_PATH}:/home/ayaan/ROS-workshop/install/spin_service_caller:/home/ayaan/ROS-workshop/install/orbit_pkg:/home/ayaan/ROS-workshop/install/launch_file_example_pkg:/home/ayaan/ROS-workshop/install/imu_example:/home/ayaan/ROS-workshop/install/example_ros_package:/home/ayaan/ROS-workshop/install/broken_ros_package:/home/ayaan/imprimis/imprimis_ws/install/utils:/home/ayaan/imprimis/imprimis_ws/install/map_goal_to_odom:/home/ayaan/imprimis/imprimis_ws/install/gps_nav_bridge:/opt/ros/jazzy DEBUGINFOD_URLS=https://debuginfod.ubuntu.com /usr/bin/cmake --install /home/ayaan/URC/build/interbotix_common_sim
[1.060s] -- Install configuration: ""
[1.060s] -- Installing: /home/ayaan/URC/install/interbotix_common_sim/share/interbotix_common_sim/models
[1.060s] -- Installing: /home/ayaan/URC/install/interbotix_common_sim/share/interbotix_common_sim/models/RealSenseD415
[1.060s] -- Installing: /home/ayaan/URC/install/interbotix_common_sim/share/interbotix_common_sim/models/RealSenseD415/camera.stl
[1.060s] -- Installing: /home/ayaan/URC/install/interbotix_common_sim/share/interbotix_common_sim/models/RealSenseD415/model.config
[1.060s] -- Installing: /home/ayaan/URC/install/interbotix_common_sim/share/interbotix_common_sim/models/RealSenseD415/RealSenseD415.sdf
[1.060s] -- Installing: /home/ayaan/URC/install/interbotix_common_sim/share/interbotix_common_sim/models/TrossenRoboticsOfficeBuilding
[1.061s] -- Installing: /home/ayaan/URC/install/interbotix_common_sim/share/interbotix_common_sim/models/TrossenRoboticsOfficeBuilding/TrossenRoboticsOfficeBuilding.sdf
[1.061s] -- Installing: /home/ayaan/URC/install/interbotix_common_sim/share/interbotix_common_sim/models/TrossenRoboticsOfficeBuilding/model.config
[1.061s] -- Installing: /home/ayaan/URC/install/interbotix_common_sim/share/interbotix_common_sim/models/VisionKit
[1.061s] -- Installing: /home/ayaan/URC/install/interbotix_common_sim/share/interbotix_common_sim/models/VisionKit/stand.stl
[1.061s] -- Installing: /home/ayaan/URC/install/interbotix_common_sim/share/interbotix_common_sim/models/VisionKit/model.config
[1.061s] -- Installing: /home/ayaan/URC/install/interbotix_common_sim/share/interbotix_common_sim/models/VisionKit/VisionKit.sdf
[1.061s] -- Installing: /home/ayaan/URC/install/interbotix_common_sim/share/interbotix_common_sim/worlds
[1.061s] -- Installing: /home/ayaan/URC/install/interbotix_common_sim/share/interbotix_common_sim/worlds/vision_kit.world
[1.061s] -- Installing: /home/ayaan/URC/install/interbotix_common_sim/share/interbotix_common_sim/worlds/interbotix.world
[1.061s] -- Installing: /home/ayaan/URC/install/interbotix_common_sim/share/interbotix_common_sim/media
[1.061s] -- Installing: /home/ayaan/URC/install/interbotix_common_sim/share/interbotix_common_sim/media/materials
[1.061s] -- Installing: /home/ayaan/URC/install/interbotix_common_sim/share/interbotix_common_sim/media/materials/scripts
[1.061s] -- Installing: /home/ayaan/URC/install/interbotix_common_sim/share/interbotix_common_sim/media/materials/scripts/interbotix_black.material
[1.061s] -- Installing: /home/ayaan/URC/install/interbotix_common_sim/share/interbotix_common_sim/media/materials/scripts/interbotix_texture.gazebo
[1.062s] -- Installing: /home/ayaan/URC/install/interbotix_common_sim/share/interbotix_common_sim/media/materials/textures
[1.062s] -- Installing: /home/ayaan/URC/install/interbotix_common_sim/share/interbotix_common_sim/media/materials/textures/interbotix_black.png
[1.062s] -- Installing: /home/ayaan/URC/install/interbotix_common_sim/share/interbotix_common_sim/media/interbotix_black.png
[1.062s] -- Installing: /home/ayaan/URC/install/interbotix_common_sim/share/ament_index/resource_index/package_run_dependencies/interbotix_common_sim
[1.062s] -- Installing: /home/ayaan/URC/install/interbotix_common_sim/share/ament_index/resource_index/parent_prefix_path/interbotix_common_sim
[1.062s] -- Installing: /home/ayaan/URC/install/interbotix_common_sim/share/interbotix_common_sim/environment/ament_prefix_path.sh
[1.062s] -- Installing: /home/ayaan/URC/install/interbotix_common_sim/share/interbotix_common_sim/environment/ament_prefix_path.dsv
[1.062s] -- Installing: /home/ayaan/URC/install/interbotix_common_sim/share/interbotix_common_sim/environment/path.sh
[1.062s] -- Installing: /home/ayaan/URC/install/interbotix_common_sim/share/interbotix_common_sim/environment/path.dsv
[1.062s] -- Installing: /home/ayaan/URC/install/interbotix_common_sim/share/interbotix_common_sim/local_setup.bash
[1.063s] -- Installing: /home/ayaan/URC/install/interbotix_common_sim/share/interbotix_common_sim/local_setup.sh
[1.063s] -- Installing: /home/ayaan/URC/install/interbotix_common_sim/share/interbotix_common_sim/local_setup.zsh
[1.063s] -- Installing: /home/ayaan/URC/install/interbotix_common_sim/share/interbotix_common_sim/local_setup.dsv
[1.063s] -- Installing: /home/ayaan/URC/install/interbotix_common_sim/share/interbotix_common_sim/package.dsv
[1.063s] -- Installing: /home/ayaan/URC/install/interbotix_common_sim/share/ament_index/resource_index/packages/interbotix_common_sim
[1.063s] -- Installing: /home/ayaan/URC/install/interbotix_common_sim/share/interbotix_common_sim/cmake/interbotix_common_simConfig.cmake
[1.063s] -- Installing: /home/ayaan/URC/install/interbotix_common_sim/share/interbotix_common_sim/cmake/interbotix_common_simConfig-version.cmake
[1.063s] -- Installing: /home/ayaan/URC/install/interbotix_common_sim/share/interbotix_common_sim/package.xml
[1.066s] Invoked command in '/home/ayaan/URC/build/interbotix_common_sim' returned '0': CMAKE_PREFIX_PATH=${CMAKE_PREFIX_PATH}:/home/ayaan/ROS-workshop/install/spin_service_caller:/home/ayaan/ROS-workshop/install/orbit_pkg:/home/ayaan/ROS-workshop/install/launch_file_example_pkg:/home/ayaan/ROS-workshop/install/imu_example:/home/ayaan/ROS-workshop/install/example_ros_package:/home/ayaan/ROS-workshop/install/broken_ros_package:/home/ayaan/imprimis/imprimis_ws/install/utils:/home/ayaan/imprimis/imprimis_ws/install/map_goal_to_odom:/home/ayaan/imprimis/imprimis_ws/install/gps_nav_bridge:/opt/ros/jazzy DEBUGINFOD_URLS=https://debuginfod.ubuntu.com /usr/bin/cmake --install /home/ayaan/URC/build/interbotix_common_sim
