[0.139s] Invoking command in '/home/admin1/URC/build/interbotix_xs_sdk': AMENT_PREFIX_PATH=/home/admin1/URC/install/interbotix_xs_driver:/home/admin1/URC/install/dynamixel_workbench_toolbox:/home/admin1/URC/install/interbotix_xs_msgs:/home/admin1/URC/install/dynamixel_sdk:${AMENT_PREFIX_PATH} CMAKE_PREFIX_PATH=/home/admin1/URC/install/interbotix_xs_driver:/home/admin1/URC/install/dynamixel_workbench_toolbox:/home/admin1/URC/install/interbotix_xs_msgs:/home/admin1/URC/install/dynamixel_sdk:/opt/ros/jazzy/opt/gz_math_vendor:/opt/ros/jazzy/opt/gz_utils_vendor:/opt/ros/jazzy/opt/gz_cmake_vendor:/opt/ros/jazzy DEBUGINFOD_URLS=https://debuginfod.ubuntu.com LD_LIBRARY_PATH=/home/admin1/URC/install/interbotix_xs_driver/lib:/home/admin1/URC/install/dynamixel_workbench_toolbox/lib:/home/admin1/URC/install/interbotix_xs_msgs/lib:/home/admin1/URC/install/dynamixel_sdk/lib:${LD_LIBRARY_PATH} PYTHONPATH=/home/admin1/URC/install/interbotix_xs_msgs/lib/python3.12/site-packages:/home/admin1/URC/install/dynamixel_sdk/lib/python3.12/site-packages:${PYTHONPATH} /usr/bin/cmake --build /home/admin1/URC/build/interbotix_xs_sdk -- -j4 -l4
[0.859s] [100%] Built target xs_sdk
[0.979s] Invoked command in '/home/admin1/URC/build/interbotix_xs_sdk' returned '0': AMENT_PREFIX_PATH=/home/admin1/URC/install/interbotix_xs_driver:/home/admin1/URC/install/dynamixel_workbench_toolbox:/home/admin1/URC/install/interbotix_xs_msgs:/home/admin1/URC/install/dynamixel_sdk:${AMENT_PREFIX_PATH} CMAKE_PREFIX_PATH=/home/admin1/URC/install/interbotix_xs_driver:/home/admin1/URC/install/dynamixel_workbench_toolbox:/home/admin1/URC/install/interbotix_xs_msgs:/home/admin1/URC/install/dynamixel_sdk:/opt/ros/jazzy/opt/gz_math_vendor:/opt/ros/jazzy/opt/gz_utils_vendor:/opt/ros/jazzy/opt/gz_cmake_vendor:/opt/ros/jazzy DEBUGINFOD_URLS=https://debuginfod.ubuntu.com LD_LIBRARY_PATH=/home/admin1/URC/install/interbotix_xs_driver/lib:/home/admin1/URC/install/dynamixel_workbench_toolbox/lib:/home/admin1/URC/install/interbotix_xs_msgs/lib:/home/admin1/URC/install/dynamixel_sdk/lib:${LD_LIBRARY_PATH} PYTHONPATH=/home/admin1/URC/install/interbotix_xs_msgs/lib/python3.12/site-packages:/home/admin1/URC/install/dynamixel_sdk/lib/python3.12/site-packages:${PYTHONPATH} /usr/bin/cmake --build /home/admin1/URC/build/interbotix_xs_sdk -- -j4 -l4
[1.003s] Invoking command in '/home/admin1/URC/build/interbotix_xs_sdk': AMENT_PREFIX_PATH=/home/admin1/URC/install/interbotix_xs_driver:/home/admin1/URC/install/dynamixel_workbench_toolbox:/home/admin1/URC/install/interbotix_xs_msgs:/home/admin1/URC/install/dynamixel_sdk:${AMENT_PREFIX_PATH} CMAKE_PREFIX_PATH=/home/admin1/URC/install/interbotix_xs_driver:/home/admin1/URC/install/dynamixel_workbench_toolbox:/home/admin1/URC/install/interbotix_xs_msgs:/home/admin1/URC/install/dynamixel_sdk:/opt/ros/jazzy/opt/gz_math_vendor:/opt/ros/jazzy/opt/gz_utils_vendor:/opt/ros/jazzy/opt/gz_cmake_vendor:/opt/ros/jazzy DEBUGINFOD_URLS=https://debuginfod.ubuntu.com LD_LIBRARY_PATH=/home/admin1/URC/install/interbotix_xs_driver/lib:/home/admin1/URC/install/dynamixel_workbench_toolbox/lib:/home/admin1/URC/install/interbotix_xs_msgs/lib:/home/admin1/URC/install/dynamixel_sdk/lib:${LD_LIBRARY_PATH} PYTHONPATH=/home/admin1/URC/install/interbotix_xs_msgs/lib/python3.12/site-packages:/home/admin1/URC/install/dynamixel_sdk/lib/python3.12/site-packages:${PYTHONPATH} /usr/bin/cmake --install /home/admin1/URC/build/interbotix_xs_sdk
[1.068s] -- Install configuration: ""
[1.076s] -- Up-to-date: /home/admin1/URC/install/interbotix_xs_sdk/lib/interbotix_xs_sdk/xs_sdk
[1.082s] -- Up-to-date: /home/admin1/URC/install/interbotix_xs_sdk/lib/interbotix_xs_sdk/xs_sdk_sim.py
[1.087s] -- Up-to-date: /home/admin1/URC/install/interbotix_xs_sdk/share/interbotix_xs_sdk//config
[1.092s] -- Up-to-date: /home/admin1/URC/install/interbotix_xs_sdk/share/interbotix_xs_sdk//config/mode_configs_template.yaml
[1.095s] -- Up-to-date: /home/admin1/URC/install/interbotix_xs_sdk/share/interbotix_xs_sdk//config/motor_configs_template.yaml
[1.096s] -- Up-to-date: /home/admin1/URC/install/interbotix_xs_sdk/share/ament_index/resource_index/package_run_dependencies/interbotix_xs_sdk
[1.096s] -- Up-to-date: /home/admin1/URC/install/interbotix_xs_sdk/share/ament_index/resource_index/parent_prefix_path/interbotix_xs_sdk
[1.097s] -- Up-to-date: /home/admin1/URC/install/interbotix_xs_sdk/share/interbotix_xs_sdk/environment/ament_prefix_path.sh
[1.099s] -- Up-to-date: /home/admin1/URC/install/interbotix_xs_sdk/share/interbotix_xs_sdk/environment/ament_prefix_path.dsv
[1.102s] -- Up-to-date: /home/admin1/URC/install/interbotix_xs_sdk/share/interbotix_xs_sdk/environment/path.sh
[1.102s] -- Up-to-date: /home/admin1/URC/install/interbotix_xs_sdk/share/interbotix_xs_sdk/environment/path.dsv
[1.103s] -- Up-to-date: /home/admin1/URC/install/interbotix_xs_sdk/share/interbotix_xs_sdk/local_setup.bash
[1.104s] -- Up-to-date: /home/admin1/URC/install/interbotix_xs_sdk/share/interbotix_xs_sdk/local_setup.sh
[1.110s] -- Up-to-date: /home/admin1/URC/install/interbotix_xs_sdk/share/interbotix_xs_sdk/local_setup.zsh
[1.117s] -- Up-to-date: /home/admin1/URC/install/interbotix_xs_sdk/share/interbotix_xs_sdk/local_setup.dsv
[1.117s] -- Installing: /home/admin1/URC/install/interbotix_xs_sdk/share/interbotix_xs_sdk/package.dsv
[1.118s] -- Up-to-date: /home/admin1/URC/install/interbotix_xs_sdk/share/ament_index/resource_index/packages/interbotix_xs_sdk
[1.118s] -- Up-to-date: /home/admin1/URC/install/interbotix_xs_sdk/share/interbotix_xs_sdk/cmake/interbotix_xs_sdkConfig.cmake
[1.119s] -- Up-to-date: /home/admin1/URC/install/interbotix_xs_sdk/share/interbotix_xs_sdk/cmake/interbotix_xs_sdkConfig-version.cmake
[1.129s] -- Up-to-date: /home/admin1/URC/install/interbotix_xs_sdk/share/interbotix_xs_sdk/package.xml
[1.130s] Invoked command in '/home/admin1/URC/build/interbotix_xs_sdk' returned '0': AMENT_PREFIX_PATH=/home/admin1/URC/install/interbotix_xs_driver:/home/admin1/URC/install/dynamixel_workbench_toolbox:/home/admin1/URC/install/interbotix_xs_msgs:/home/admin1/URC/install/dynamixel_sdk:${AMENT_PREFIX_PATH} CMAKE_PREFIX_PATH=/home/admin1/URC/install/interbotix_xs_driver:/home/admin1/URC/install/dynamixel_workbench_toolbox:/home/admin1/URC/install/interbotix_xs_msgs:/home/admin1/URC/install/dynamixel_sdk:/opt/ros/jazzy/opt/gz_math_vendor:/opt/ros/jazzy/opt/gz_utils_vendor:/opt/ros/jazzy/opt/gz_cmake_vendor:/opt/ros/jazzy DEBUGINFOD_URLS=https://debuginfod.ubuntu.com LD_LIBRARY_PATH=/home/admin1/URC/install/interbotix_xs_driver/lib:/home/admin1/URC/install/dynamixel_workbench_toolbox/lib:/home/admin1/URC/install/interbotix_xs_msgs/lib:/home/admin1/URC/install/dynamixel_sdk/lib:${LD_LIBRARY_PATH} PYTHONPATH=/home/admin1/URC/install/interbotix_xs_msgs/lib/python3.12/site-packages:/home/admin1/URC/install/dynamixel_sdk/lib/python3.12/site-packages:${PYTHONPATH} /usr/bin/cmake --install /home/admin1/URC/build/interbotix_xs_sdk
