[0.181s] Invoking command in '/home/admin1/URC/build/piReceiver': CMAKE_PREFIX_PATH=${CMAKE_PREFIX_PATH}:/opt/ros/jazzy DEBUGINFOD_URLS=https://debuginfod.ubuntu.com /usr/bin/cmake --build /home/admin1/URC/build/piReceiver -- -j4 -l4
[0.820s] [100%] Built target receive
[0.910s] Invoked command in '/home/admin1/URC/build/piReceiver' returned '0': CMAKE_PREFIX_PATH=${CMAKE_PREFIX_PATH}:/opt/ros/jazzy DEBUGINFOD_URLS=https://debuginfod.ubuntu.com /usr/bin/cmake --build /home/admin1/URC/build/piReceiver -- -j4 -l4
[0.924s] Invoking command in '/home/admin1/URC/build/piReceiver': CMAKE_PREFIX_PATH=${CMAKE_PREFIX_PATH}:/opt/ros/jazzy DEBUGINFOD_URLS=https://debuginfod.ubuntu.com /usr/bin/cmake --install /home/admin1/URC/build/piReceiver
[1.091s] -- Install configuration: ""
[1.092s] -- Up-to-date: /home/admin1/URC/install/piReceiver/share/piReceiver/launch
[1.096s] -- Up-to-date: /home/admin1/URC/install/piReceiver/share/piReceiver/launch/receiver_launch.py
[1.099s] -- Up-to-date: /home/admin1/URC/install/piReceiver/lib/piReceiver/receive
[1.111s] -- Up-to-date: /home/admin1/URC/install/piReceiver/share/ament_index/resource_index/package_run_dependencies/piReceiver
[1.112s] -- Up-to-date: /home/admin1/URC/install/piReceiver/share/ament_index/resource_index/parent_prefix_path/piReceiver
[1.126s] -- Up-to-date: /home/admin1/URC/install/piReceiver/share/piReceiver/environment/ament_prefix_path.sh
[1.132s] -- Up-to-date: /home/admin1/URC/install/piReceiver/share/piReceiver/environment/ament_prefix_path.dsv
[1.135s] -- Up-to-date: /home/admin1/URC/install/piReceiver/share/piReceiver/environment/path.sh
[1.136s] -- Up-to-date: /home/admin1/URC/install/piReceiver/share/piReceiver/environment/path.dsv
[1.137s] -- Up-to-date: /home/admin1/URC/install/piReceiver/share/piReceiver/local_setup.bash
[1.143s] -- Up-to-date: /home/admin1/URC/install/piReceiver/share/piReceiver/local_setup.sh
[1.146s] -- Up-to-date: /home/admin1/URC/install/piReceiver/share/piReceiver/local_setup.zsh
[1.147s] -- Up-to-date: /home/admin1/URC/install/piReceiver/share/piReceiver/local_setup.dsv
[1.155s] -- Installing: /home/admin1/URC/install/piReceiver/share/piReceiver/package.dsv
[1.156s] -- Up-to-date: /home/admin1/URC/install/piReceiver/share/ament_index/resource_index/packages/piReceiver
[1.163s] -- Up-to-date: /home/admin1/URC/install/piReceiver/share/piReceiver/cmake/piReceiverConfig.cmake
[1.164s] -- Up-to-date: /home/admin1/URC/install/piReceiver/share/piReceiver/cmake/piReceiverConfig-version.cmake
[1.170s] -- Up-to-date: /home/admin1/URC/install/piReceiver/share/piReceiver/package.xml
[1.207s] Invoked command in '/home/admin1/URC/build/piReceiver' returned '0': CMAKE_PREFIX_PATH=${CMAKE_PREFIX_PATH}:/opt/ros/jazzy DEBUGINFOD_URLS=https://debuginfod.ubuntu.com /usr/bin/cmake --install /home/admin1/URC/build/piReceiver
