[0.147s] Invoking command in '/home/ayaan/URC/URC/build/interbotix_xs_msgs': CMAKE_PREFIX_PATH=${CMAKE_PREFIX_PATH}:/home/ayaan/imprimis/imprimis_ws/install/utils:/home/ayaan/imprimis/imprimis_ws/install/map_goal_to_odom:/home/ayaan/imprimis/imprimis_ws/install/gps_nav_bridge:/opt/ros/jazzy DEBUGINFOD_URLS=https://debuginfod.ubuntu.com /usr/bin/cmake --build /home/ayaan/URC/URC/build/interbotix_xs_msgs -- -j16 -l16
[2.245s] [  0%] Built target interbotix_xs_msgs__rosidl_generator_type_description
[2.245s] [  0%] Built target ament_cmake_python_copy_interbotix_xs_msgs
[2.245s] [  0%] Built target interbotix_xs_msgs__cpp
[2.245s] [ 27%] Built target interbotix_xs_msgs__rosidl_generator_c
[2.245s] [ 37%] Built target interbotix_xs_msgs__rosidl_typesupport_c
[2.246s] [ 47%] Built target interbotix_xs_msgs__rosidl_typesupport_cpp
[2.246s] [ 57%] Built target interbotix_xs_msgs__rosidl_typesupport_introspection_c
[2.246s] [ 76%] Built target interbotix_xs_msgs__rosidl_typesupport_fastrtps_c
[2.246s] [ 77%] Built target interbotix_xs_msgs__rosidl_typesupport_introspection_cpp
[2.246s] [ 86%] Built target interbotix_xs_msgs__rosidl_typesupport_fastrtps_cpp
[2.247s] [ 86%] Built target interbotix_xs_msgs
[2.247s] [ 87%] Built target interbotix_xs_msgs__py
[2.247s] [ 96%] Built target interbotix_xs_msgs__rosidl_generator_py
[2.247s] [ 98%] Built target interbotix_xs_msgs_s__rosidl_typesupport_fastrtps_c
[2.247s] [ 99%] Built target interbotix_xs_msgs_s__rosidl_typesupport_introspection_c
[2.247s] [100%] Built target interbotix_xs_msgs_s__rosidl_typesupport_c
[2.248s] running egg_info
[2.248s] writing interbotix_xs_msgs.egg-info/PKG-INFO
[2.248s] writing dependency_links to interbotix_xs_msgs.egg-info/dependency_links.txt
[2.248s] writing top-level names to interbotix_xs_msgs.egg-info/top_level.txt
[2.248s] reading manifest file 'interbotix_xs_msgs.egg-info/SOURCES.txt'
[2.248s] writing manifest file 'interbotix_xs_msgs.egg-info/SOURCES.txt'
[2.249s] [100%] Built target ament_cmake_python_build_interbotix_xs_msgs_egg
[2.275s] Invoked command in '/home/ayaan/URC/URC/build/interbotix_xs_msgs' returned '0': CMAKE_PREFIX_PATH=${CMAKE_PREFIX_PATH}:/home/ayaan/imprimis/imprimis_ws/install/utils:/home/ayaan/imprimis/imprimis_ws/install/map_goal_to_odom:/home/ayaan/imprimis/imprimis_ws/install/gps_nav_bridge:/opt/ros/jazzy DEBUGINFOD_URLS=https://debuginfod.ubuntu.com /usr/bin/cmake --build /home/ayaan/URC/URC/build/interbotix_xs_msgs -- -j16 -l16
[2.279s] Invoking command in '/home/ayaan/URC/URC/build/interbotix_xs_msgs': CMAKE_PREFIX_PATH=${CMAKE_PREFIX_PATH}:/home/ayaan/imprimis/imprimis_ws/install/utils:/home/ayaan/imprimis/imprimis_ws/install/map_goal_to_odom:/home/ayaan/imprimis/imprimis_ws/install/gps_nav_bridge:/opt/ros/jazzy DEBUGINFOD_URLS=https://debuginfod.ubuntu.com /usr/bin/cmake --install /home/ayaan/URC/URC/build/interbotix_xs_msgs
[2.437s] -- Install configuration: ""
[2.438s] -- Up-to-date: /home/ayaan/URC/URC/install/interbotix_xs_msgs/share/ament_index/resource_index/rosidl_interfaces/interbotix_xs_msgs
[2.438s] -- Up-to-date: /home/ayaan/URC/URC/install/interbotix_xs_msgs/share/interbotix_xs_msgs/msg/ArmJoy.json
[2.438s] -- Up-to-date: /home/ayaan/URC/URC/install/interbotix_xs_msgs/share/interbotix_xs_msgs/msg/HexJoy.json
[2.438s] -- Up-to-date: /home/ayaan/URC/URC/install/interbotix_xs_msgs/share/interbotix_xs_msgs/msg/JointGroupCommand.json
[2.439s] -- Up-to-date: /home/ayaan/URC/URC/install/interbotix_xs_msgs/share/interbotix_xs_msgs/msg/JointSingleCommand.json
[2.439s] -- Up-to-date: /home/ayaan/URC/URC/install/interbotix_xs_msgs/share/interbotix_xs_msgs/msg/JointTemps.json
[2.439s] -- Up-to-date: /home/ayaan/URC/URC/install/interbotix_xs_msgs/share/interbotix_xs_msgs/msg/JointTrajectoryCommand.json
[2.439s] -- Up-to-date: /home/ayaan/URC/URC/install/interbotix_xs_msgs/share/interbotix_xs_msgs/msg/LocobotJoy.json
[2.439s] -- Up-to-date: /home/ayaan/URC/URC/install/interbotix_xs_msgs/share/interbotix_xs_msgs/msg/TurretJoy.json
[2.440s] -- Up-to-date: /home/ayaan/URC/URC/install/interbotix_xs_msgs/share/interbotix_xs_msgs/srv/MotorGains.json
[2.440s] -- Up-to-date: /home/ayaan/URC/URC/install/interbotix_xs_msgs/share/interbotix_xs_msgs/srv/OperatingModes.json
[2.440s] -- Up-to-date: /home/ayaan/URC/URC/install/interbotix_xs_msgs/share/interbotix_xs_msgs/srv/Reboot.json
[2.440s] -- Up-to-date: /home/ayaan/URC/URC/install/interbotix_xs_msgs/share/interbotix_xs_msgs/srv/RegisterValues.json
[2.440s] -- Up-to-date: /home/ayaan/URC/URC/install/interbotix_xs_msgs/share/interbotix_xs_msgs/srv/RobotInfo.json
[2.441s] -- Up-to-date: /home/ayaan/URC/URC/install/interbotix_xs_msgs/share/interbotix_xs_msgs/srv/TorqueEnable.json
[2.441s] -- Up-to-date: /home/ayaan/URC/URC/install/interbotix_xs_msgs/include/interbotix_xs_msgs/interbotix_xs_msgs
[2.441s] -- Up-to-date: /home/ayaan/URC/URC/install/interbotix_xs_msgs/include/interbotix_xs_msgs/interbotix_xs_msgs/msg
[2.441s] -- Up-to-date: /home/ayaan/URC/URC/install/interbotix_xs_msgs/include/interbotix_xs_msgs/interbotix_xs_msgs/msg/locobot_joy.h
[2.441s] -- Up-to-date: /home/ayaan/URC/URC/install/interbotix_xs_msgs/include/interbotix_xs_msgs/interbotix_xs_msgs/msg/detail
[2.442s] -- Up-to-date: /home/ayaan/URC/URC/install/interbotix_xs_msgs/include/interbotix_xs_msgs/interbotix_xs_msgs/msg/detail/joint_single_command__description.c
[2.442s] -- Up-to-date: /home/ayaan/URC/URC/install/interbotix_xs_msgs/include/interbotix_xs_msgs/interbotix_xs_msgs/msg/detail/joint_trajectory_command__type_support.h
[2.442s] -- Up-to-date: /home/ayaan/URC/URC/install/interbotix_xs_msgs/include/interbotix_xs_msgs/interbotix_xs_msgs/msg/detail/turret_joy__functions.c
[2.442s] -- Installing: /home/ayaan/URC/URC/install/interbotix_xs_msgs/include/interbotix_xs_msgs/interbotix_xs_msgs/msg/detail/joint_single_command__type_support.c
[2.442s] -- Up-to-date: /home/ayaan/URC/URC/install/interbotix_xs_msgs/include/interbotix_xs_msgs/interbotix_xs_msgs/msg/detail/joint_trajectory_command__functions.h
[2.443s] -- Up-to-date: /home/ayaan/URC/URC/install/interbotix_xs_msgs/include/interbotix_xs_msgs/interbotix_xs_msgs/msg/detail/joint_single_command__functions.c
[2.443s] -- Up-to-date: /home/ayaan/URC/URC/install/interbotix_xs_msgs/include/interbotix_xs_msgs/interbotix_xs_msgs/msg/detail/hex_joy__description.c
[2.443s] -- Up-to-date: /home/ayaan/URC/URC/install/interbotix_xs_msgs/include/interbotix_xs_msgs/interbotix_xs_msgs/msg/detail/arm_joy__type_support.h
[2.443s] -- Up-to-date: /home/ayaan/URC/URC/install/interbotix_xs_msgs/include/interbotix_xs_msgs/interbotix_xs_msgs/msg/detail/arm_joy__functions.c
[2.444s] -- Up-to-date: /home/ayaan/URC/URC/install/interbotix_xs_msgs/include/interbotix_xs_msgs/interbotix_xs_msgs/msg/detail/locobot_joy__description.c
[2.444s] -- Up-to-date: /home/ayaan/URC/URC/install/interbotix_xs_msgs/include/interbotix_xs_msgs/interbotix_xs_msgs/msg/detail/joint_group_command__description.c
[2.444s] -- Up-to-date: /home/ayaan/URC/URC/install/interbotix_xs_msgs/include/interbotix_xs_msgs/interbotix_xs_msgs/msg/detail/joint_group_command__type_support.h
[2.444s] -- Up-to-date: /home/ayaan/URC/URC/install/interbotix_xs_msgs/include/interbotix_xs_msgs/interbotix_xs_msgs/msg/detail/arm_joy__struct.h
[2.444s] -- Up-to-date: /home/ayaan/URC/URC/install/interbotix_xs_msgs/include/interbotix_xs_msgs/interbotix_xs_msgs/msg/detail/joint_temps__type_support.h
[2.445s] -- Up-to-date: /home/ayaan/URC/URC/install/interbotix_xs_msgs/include/interbotix_xs_msgs/interbotix_xs_msgs/msg/detail/joint_single_command__type_support.h
[2.445s] -- Up-to-date: /home/ayaan/URC/URC/install/interbotix_xs_msgs/include/interbotix_xs_msgs/interbotix_xs_msgs/msg/detail/joint_trajectory_command__functions.c
[2.445s] -- Installing: /home/ayaan/URC/URC/install/interbotix_xs_msgs/include/interbotix_xs_msgs/interbotix_xs_msgs/msg/detail/hex_joy__type_support.c
[2.445s] -- Up-to-date: /home/ayaan/URC/URC/install/interbotix_xs_msgs/include/interbotix_xs_msgs/interbotix_xs_msgs/msg/detail/hex_joy__type_support.h
[2.445s] -- Installing: /home/ayaan/URC/URC/install/interbotix_xs_msgs/include/interbotix_xs_msgs/interbotix_xs_msgs/msg/detail/joint_group_command__type_support.c
[2.446s] -- Up-to-date: /home/ayaan/URC/URC/install/interbotix_xs_msgs/include/interbotix_xs_msgs/interbotix_xs_msgs/msg/detail/joint_single_command__struct.h
[2.446s] -- Up-to-date: /home/ayaan/URC/URC/install/interbotix_xs_msgs/include/interbotix_xs_msgs/interbotix_xs_msgs/msg/detail/joint_temps__functions.h
[2.446s] -- Up-to-date: /home/ayaan/URC/URC/install/interbotix_xs_msgs/include/interbotix_xs_msgs/interbotix_xs_msgs/msg/detail/turret_joy__type_support.h
[2.446s] -- Up-to-date: /home/ayaan/URC/URC/install/interbotix_xs_msgs/include/interbotix_xs_msgs/interbotix_xs_msgs/msg/detail/turret_joy__functions.h
[2.446s] -- Up-to-date: /home/ayaan/URC/URC/install/interbotix_xs_msgs/include/interbotix_xs_msgs/interbotix_xs_msgs/msg/detail/joint_trajectory_command__struct.h
[2.447s] -- Up-to-date: /home/ayaan/URC/URC/install/interbotix_xs_msgs/include/interbotix_xs_msgs/interbotix_xs_msgs/msg/detail/hex_joy__struct.h
[2.447s] -- Up-to-date: /home/ayaan/URC/URC/install/interbotix_xs_msgs/include/interbotix_xs_msgs/interbotix_xs_msgs/msg/detail/joint_group_command__functions.h
[2.447s] -- Up-to-date: /home/ayaan/URC/URC/install/interbotix_xs_msgs/include/interbotix_xs_msgs/interbotix_xs_msgs/msg/detail/joint_group_command__struct.h
[2.447s] -- Up-to-date: /home/ayaan/URC/URC/install/interbotix_xs_msgs/include/interbotix_xs_msgs/interbotix_xs_msgs/msg/detail/locobot_joy__functions.h
[2.447s] -- Installing: /home/ayaan/URC/URC/install/interbotix_xs_msgs/include/interbotix_xs_msgs/interbotix_xs_msgs/msg/detail/arm_joy__type_support.c
[2.448s] -- Up-to-date: /home/ayaan/URC/URC/install/interbotix_xs_msgs/include/interbotix_xs_msgs/interbotix_xs_msgs/msg/detail/joint_trajectory_command__description.c
[2.448s] -- Installing: /home/ayaan/URC/URC/install/interbotix_xs_msgs/include/interbotix_xs_msgs/interbotix_xs_msgs/msg/detail/joint_temps__type_support.c
[2.448s] -- Up-to-date: /home/ayaan/URC/URC/install/interbotix_xs_msgs/include/interbotix_xs_msgs/interbotix_xs_msgs/msg/detail/turret_joy__description.c
[2.448s] -- Installing: /home/ayaan/URC/URC/install/interbotix_xs_msgs/include/interbotix_xs_msgs/interbotix_xs_msgs/msg/detail/locobot_joy__type_support.c
[2.448s] -- Up-to-date: /home/ayaan/URC/URC/install/interbotix_xs_msgs/include/interbotix_xs_msgs/interbotix_xs_msgs/msg/detail/joint_temps__description.c
[2.449s] -- Up-to-date: /home/ayaan/URC/URC/install/interbotix_xs_msgs/include/interbotix_xs_msgs/interbotix_xs_msgs/msg/detail/locobot_joy__type_support.h
[2.449s] -- Up-to-date: /home/ayaan/URC/URC/install/interbotix_xs_msgs/include/interbotix_xs_msgs/interbotix_xs_msgs/msg/detail/turret_joy__struct.h
[2.449s] -- Installing: /home/ayaan/URC/URC/install/interbotix_xs_msgs/include/interbotix_xs_msgs/interbotix_xs_msgs/msg/detail/joint_trajectory_command__type_support.c
[2.449s] -- Up-to-date: /home/ayaan/URC/URC/install/interbotix_xs_msgs/include/interbotix_xs_msgs/interbotix_xs_msgs/msg/detail/joint_single_command__functions.h
[2.449s] -- Up-to-date: /home/ayaan/URC/URC/install/interbotix_xs_msgs/include/interbotix_xs_msgs/interbotix_xs_msgs/msg/detail/locobot_joy__functions.c
[2.450s] -- Up-to-date: /home/ayaan/URC/URC/install/interbotix_xs_msgs/include/interbotix_xs_msgs/interbotix_xs_msgs/msg/detail/hex_joy__functions.h
[2.450s] -- Installing: /home/ayaan/URC/URC/install/interbotix_xs_msgs/include/interbotix_xs_msgs/interbotix_xs_msgs/msg/detail/turret_joy__type_support.c
[2.450s] -- Up-to-date: /home/ayaan/URC/URC/install/interbotix_xs_msgs/include/interbotix_xs_msgs/interbotix_xs_msgs/msg/detail/locobot_joy__struct.h
[2.450s] -- Up-to-date: /home/ayaan/URC/URC/install/interbotix_xs_msgs/include/interbotix_xs_msgs/interbotix_xs_msgs/msg/detail/arm_joy__description.c
[2.450s] -- Up-to-date: /home/ayaan/URC/URC/install/interbotix_xs_msgs/include/interbotix_xs_msgs/interbotix_xs_msgs/msg/detail/arm_joy__functions.h
[2.451s] -- Up-to-date: /home/ayaan/URC/URC/install/interbotix_xs_msgs/include/interbotix_xs_msgs/interbotix_xs_msgs/msg/detail/joint_temps__struct.h
[2.451s] -- Up-to-date: /home/ayaan/URC/URC/install/interbotix_xs_msgs/include/interbotix_xs_msgs/interbotix_xs_msgs/msg/detail/joint_group_command__functions.c
[2.451s] -- Up-to-date: /home/ayaan/URC/URC/install/interbotix_xs_msgs/include/interbotix_xs_msgs/interbotix_xs_msgs/msg/detail/hex_joy__functions.c
[2.452s] -- Up-to-date: /home/ayaan/URC/URC/install/interbotix_xs_msgs/include/interbotix_xs_msgs/interbotix_xs_msgs/msg/detail/joint_temps__functions.c
[2.452s] -- Up-to-date: /home/ayaan/URC/URC/install/interbotix_xs_msgs/include/interbotix_xs_msgs/interbotix_xs_msgs/msg/rosidl_generator_c__visibility_control.h
[2.452s] -- Up-to-date: /home/ayaan/URC/URC/install/interbotix_xs_msgs/include/interbotix_xs_msgs/interbotix_xs_msgs/msg/arm_joy.h
[2.452s] -- Up-to-date: /home/ayaan/URC/URC/install/interbotix_xs_msgs/include/interbotix_xs_msgs/interbotix_xs_msgs/msg/joint_trajectory_command.h
[2.452s] -- Up-to-date: /home/ayaan/URC/URC/install/interbotix_xs_msgs/include/interbotix_xs_msgs/interbotix_xs_msgs/msg/joint_group_command.h
[2.453s] -- Up-to-date: /home/ayaan/URC/URC/install/interbotix_xs_msgs/include/interbotix_xs_msgs/interbotix_xs_msgs/msg/joint_temps.h
[2.453s] -- Up-to-date: /home/ayaan/URC/URC/install/interbotix_xs_msgs/include/interbotix_xs_msgs/interbotix_xs_msgs/msg/hex_joy.h
[2.453s] -- Up-to-date: /home/ayaan/URC/URC/install/interbotix_xs_msgs/include/interbotix_xs_msgs/interbotix_xs_msgs/msg/joint_single_command.h
[2.453s] -- Up-to-date: /home/ayaan/URC/URC/install/interbotix_xs_msgs/include/interbotix_xs_msgs/interbotix_xs_msgs/msg/turret_joy.h
[2.453s] -- Up-to-date: /home/ayaan/URC/URC/install/interbotix_xs_msgs/include/interbotix_xs_msgs/interbotix_xs_msgs/srv
[2.454s] -- Up-to-date: /home/ayaan/URC/URC/install/interbotix_xs_msgs/include/interbotix_xs_msgs/interbotix_xs_msgs/srv/reboot.h
[2.454s] -- Up-to-date: /home/ayaan/URC/URC/install/interbotix_xs_msgs/include/interbotix_xs_msgs/interbotix_xs_msgs/srv/robot_info.h
[2.454s] -- Up-to-date: /home/ayaan/URC/URC/install/interbotix_xs_msgs/include/interbotix_xs_msgs/interbotix_xs_msgs/srv/detail
[2.454s] -- Installing: /home/ayaan/URC/URC/install/interbotix_xs_msgs/include/interbotix_xs_msgs/interbotix_xs_msgs/srv/detail/register_values__type_support.c
[2.454s] -- Up-to-date: /home/ayaan/URC/URC/install/interbotix_xs_msgs/include/interbotix_xs_msgs/interbotix_xs_msgs/srv/detail/register_values__struct.h
[2.455s] -- Up-to-date: /home/ayaan/URC/URC/install/interbotix_xs_msgs/include/interbotix_xs_msgs/interbotix_xs_msgs/srv/detail/torque_enable__struct.h
[2.455s] -- Up-to-date: /home/ayaan/URC/URC/install/interbotix_xs_msgs/include/interbotix_xs_msgs/interbotix_xs_msgs/srv/detail/operating_modes__functions.c
[2.455s] -- Up-to-date: /home/ayaan/URC/URC/install/interbotix_xs_msgs/include/interbotix_xs_msgs/interbotix_xs_msgs/srv/detail/robot_info__functions.h
[2.455s] -- Up-to-date: /home/ayaan/URC/URC/install/interbotix_xs_msgs/include/interbotix_xs_msgs/interbotix_xs_msgs/srv/detail/torque_enable__functions.h
[2.455s] -- Up-to-date: /home/ayaan/URC/URC/install/interbotix_xs_msgs/include/interbotix_xs_msgs/interbotix_xs_msgs/srv/detail/operating_modes__description.c
[2.456s] -- Up-to-date: /home/ayaan/URC/URC/install/interbotix_xs_msgs/include/interbotix_xs_msgs/interbotix_xs_msgs/srv/detail/robot_info__description.c
[2.456s] -- Up-to-date: /home/ayaan/URC/URC/install/interbotix_xs_msgs/include/interbotix_xs_msgs/interbotix_xs_msgs/srv/detail/torque_enable__description.c
[2.456s] -- Up-to-date: /home/ayaan/URC/URC/install/interbotix_xs_msgs/include/interbotix_xs_msgs/interbotix_xs_msgs/srv/detail/operating_modes__type_support.h
[2.456s] -- Up-to-date: /home/ayaan/URC/URC/install/interbotix_xs_msgs/include/interbotix_xs_msgs/interbotix_xs_msgs/srv/detail/register_values__description.c
[2.456s] -- Up-to-date: /home/ayaan/URC/URC/install/interbotix_xs_msgs/include/interbotix_xs_msgs/interbotix_xs_msgs/srv/detail/operating_modes__functions.h
[2.457s] -- Up-to-date: /home/ayaan/URC/URC/install/interbotix_xs_msgs/include/interbotix_xs_msgs/interbotix_xs_msgs/srv/detail/reboot__description.c
[2.457s] -- Up-to-date: /home/ayaan/URC/URC/install/interbotix_xs_msgs/include/interbotix_xs_msgs/interbotix_xs_msgs/srv/detail/robot_info__functions.c
[2.457s] -- Installing: /home/ayaan/URC/URC/install/interbotix_xs_msgs/include/interbotix_xs_msgs/interbotix_xs_msgs/srv/detail/torque_enable__type_support.c
[2.457s] -- Up-to-date: /home/ayaan/URC/URC/install/interbotix_xs_msgs/include/interbotix_xs_msgs/interbotix_xs_msgs/srv/detail/motor_gains__struct.h
[2.457s] -- Up-to-date: /home/ayaan/URC/URC/install/interbotix_xs_msgs/include/interbotix_xs_msgs/interbotix_xs_msgs/srv/detail/reboot__type_support.h
[2.458s] -- Up-to-date: /home/ayaan/URC/URC/install/interbotix_xs_msgs/include/interbotix_xs_msgs/interbotix_xs_msgs/srv/detail/operating_modes__struct.h
[2.458s] -- Up-to-date: /home/ayaan/URC/URC/install/interbotix_xs_msgs/include/interbotix_xs_msgs/interbotix_xs_msgs/srv/detail/motor_gains__type_support.h
[2.458s] -- Up-to-date: /home/ayaan/URC/URC/install/interbotix_xs_msgs/include/interbotix_xs_msgs/interbotix_xs_msgs/srv/detail/motor_gains__functions.h
[2.458s] -- Up-to-date: /home/ayaan/URC/URC/install/interbotix_xs_msgs/include/interbotix_xs_msgs/interbotix_xs_msgs/srv/detail/reboot__functions.h
[2.458s] -- Installing: /home/ayaan/URC/URC/install/interbotix_xs_msgs/include/interbotix_xs_msgs/interbotix_xs_msgs/srv/detail/motor_gains__type_support.c
[2.459s] -- Up-to-date: /home/ayaan/URC/URC/install/interbotix_xs_msgs/include/interbotix_xs_msgs/interbotix_xs_msgs/srv/detail/reboot__struct.h
[2.459s] -- Up-to-date: /home/ayaan/URC/URC/install/interbotix_xs_msgs/include/interbotix_xs_msgs/interbotix_xs_msgs/srv/detail/register_values__type_support.h
[2.459s] -- Up-to-date: /home/ayaan/URC/URC/install/interbotix_xs_msgs/include/interbotix_xs_msgs/interbotix_xs_msgs/srv/detail/torque_enable__functions.c
[2.459s] -- Up-to-date: /home/ayaan/URC/URC/install/interbotix_xs_msgs/include/interbotix_xs_msgs/interbotix_xs_msgs/srv/detail/reboot__functions.c
[2.460s] -- Up-to-date: /home/ayaan/URC/URC/install/interbotix_xs_msgs/include/interbotix_xs_msgs/interbotix_xs_msgs/srv/detail/robot_info__struct.h
[2.460s] -- Up-to-date: /home/ayaan/URC/URC/install/interbotix_xs_msgs/include/interbotix_xs_msgs/interbotix_xs_msgs/srv/detail/register_values__functions.c
[2.460s] -- Installing: /home/ayaan/URC/URC/install/interbotix_xs_msgs/include/interbotix_xs_msgs/interbotix_xs_msgs/srv/detail/operating_modes__type_support.c
[2.460s] -- Installing: /home/ayaan/URC/URC/install/interbotix_xs_msgs/include/interbotix_xs_msgs/interbotix_xs_msgs/srv/detail/reboot__type_support.c
[2.461s] -- Up-to-date: /home/ayaan/URC/URC/install/interbotix_xs_msgs/include/interbotix_xs_msgs/interbotix_xs_msgs/srv/detail/motor_gains__functions.c
[2.461s] -- Up-to-date: /home/ayaan/URC/URC/install/interbotix_xs_msgs/include/interbotix_xs_msgs/interbotix_xs_msgs/srv/detail/motor_gains__description.c
[2.461s] -- Up-to-date: /home/ayaan/URC/URC/install/interbotix_xs_msgs/include/interbotix_xs_msgs/interbotix_xs_msgs/srv/detail/register_values__functions.h
[2.461s] -- Up-to-date: /home/ayaan/URC/URC/install/interbotix_xs_msgs/include/interbotix_xs_msgs/interbotix_xs_msgs/srv/detail/torque_enable__type_support.h
[2.461s] -- Installing: /home/ayaan/URC/URC/install/interbotix_xs_msgs/include/interbotix_xs_msgs/interbotix_xs_msgs/srv/detail/robot_info__type_support.c
[2.462s] -- Up-to-date: /home/ayaan/URC/URC/install/interbotix_xs_msgs/include/interbotix_xs_msgs/interbotix_xs_msgs/srv/detail/robot_info__type_support.h
[2.462s] -- Up-to-date: /home/ayaan/URC/URC/install/interbotix_xs_msgs/include/interbotix_xs_msgs/interbotix_xs_msgs/srv/register_values.h
[2.462s] -- Up-to-date: /home/ayaan/URC/URC/install/interbotix_xs_msgs/include/interbotix_xs_msgs/interbotix_xs_msgs/srv/motor_gains.h
[2.462s] -- Up-to-date: /home/ayaan/URC/URC/install/interbotix_xs_msgs/include/interbotix_xs_msgs/interbotix_xs_msgs/srv/torque_enable.h
[2.462s] -- Up-to-date: /home/ayaan/URC/URC/install/interbotix_xs_msgs/include/interbotix_xs_msgs/interbotix_xs_msgs/srv/operating_modes.h
[2.463s] -- Up-to-date: /home/ayaan/URC/URC/install/interbotix_xs_msgs/share/interbotix_xs_msgs/environment/library_path.sh
[2.463s] -- Up-to-date: /home/ayaan/URC/URC/install/interbotix_xs_msgs/share/interbotix_xs_msgs/environment/library_path.dsv
[2.463s] -- Up-to-date: /home/ayaan/URC/URC/install/interbotix_xs_msgs/lib/libinterbotix_xs_msgs__rosidl_generator_c.so
[2.463s] -- Up-to-date: /home/ayaan/URC/URC/install/interbotix_xs_msgs/include/interbotix_xs_msgs/interbotix_xs_msgs
[2.464s] -- Up-to-date: /home/ayaan/URC/URC/install/interbotix_xs_msgs/include/interbotix_xs_msgs/interbotix_xs_msgs/msg
[2.464s] -- Up-to-date: /home/ayaan/URC/URC/install/interbotix_xs_msgs/include/interbotix_xs_msgs/interbotix_xs_msgs/msg/detail
[2.464s] -- Up-to-date: /home/ayaan/URC/URC/install/interbotix_xs_msgs/include/interbotix_xs_msgs/interbotix_xs_msgs/msg/detail/joint_temps__rosidl_typesupport_fastrtps_c.h
[2.464s] -- Up-to-date: /home/ayaan/URC/URC/install/interbotix_xs_msgs/include/interbotix_xs_msgs/interbotix_xs_msgs/msg/detail/locobot_joy__rosidl_typesupport_fastrtps_c.h
[2.464s] -- Up-to-date: /home/ayaan/URC/URC/install/interbotix_xs_msgs/include/interbotix_xs_msgs/interbotix_xs_msgs/msg/detail/arm_joy__rosidl_typesupport_fastrtps_c.h
[2.465s] -- Up-to-date: /home/ayaan/URC/URC/install/interbotix_xs_msgs/include/interbotix_xs_msgs/interbotix_xs_msgs/msg/detail/hex_joy__rosidl_typesupport_fastrtps_c.h
[2.465s] -- Up-to-date: /home/ayaan/URC/URC/install/interbotix_xs_msgs/include/interbotix_xs_msgs/interbotix_xs_msgs/msg/detail/joint_single_command__rosidl_typesupport_fastrtps_c.h
[2.465s] -- Up-to-date: /home/ayaan/URC/URC/install/interbotix_xs_msgs/include/interbotix_xs_msgs/interbotix_xs_msgs/msg/detail/joint_group_command__rosidl_typesupport_fastrtps_c.h
[2.465s] -- Up-to-date: /home/ayaan/URC/URC/install/interbotix_xs_msgs/include/interbotix_xs_msgs/interbotix_xs_msgs/msg/detail/joint_trajectory_command__rosidl_typesupport_fastrtps_c.h
[2.465s] -- Up-to-date: /home/ayaan/URC/URC/install/interbotix_xs_msgs/include/interbotix_xs_msgs/interbotix_xs_msgs/msg/detail/turret_joy__rosidl_typesupport_fastrtps_c.h
[2.466s] -- Up-to-date: /home/ayaan/URC/URC/install/interbotix_xs_msgs/include/interbotix_xs_msgs/interbotix_xs_msgs/msg/rosidl_typesupport_fastrtps_c__visibility_control.h
[2.466s] -- Up-to-date: /home/ayaan/URC/URC/install/interbotix_xs_msgs/include/interbotix_xs_msgs/interbotix_xs_msgs/srv
[2.466s] -- Up-to-date: /home/ayaan/URC/URC/install/interbotix_xs_msgs/include/interbotix_xs_msgs/interbotix_xs_msgs/srv/detail
[2.466s] -- Up-to-date: /home/ayaan/URC/URC/install/interbotix_xs_msgs/include/interbotix_xs_msgs/interbotix_xs_msgs/srv/detail/register_values__rosidl_typesupport_fastrtps_c.h
[2.466s] -- Up-to-date: /home/ayaan/URC/URC/install/interbotix_xs_msgs/include/interbotix_xs_msgs/interbotix_xs_msgs/srv/detail/robot_info__rosidl_typesupport_fastrtps_c.h
[2.467s] -- Up-to-date: /home/ayaan/URC/URC/install/interbotix_xs_msgs/include/interbotix_xs_msgs/interbotix_xs_msgs/srv/detail/motor_gains__rosidl_typesupport_fastrtps_c.h
[2.467s] -- Up-to-date: /home/ayaan/URC/URC/install/interbotix_xs_msgs/include/interbotix_xs_msgs/interbotix_xs_msgs/srv/detail/reboot__rosidl_typesupport_fastrtps_c.h
[2.467s] -- Up-to-date: /home/ayaan/URC/URC/install/interbotix_xs_msgs/include/interbotix_xs_msgs/interbotix_xs_msgs/srv/detail/operating_modes__rosidl_typesupport_fastrtps_c.h
[2.467s] -- Up-to-date: /home/ayaan/URC/URC/install/interbotix_xs_msgs/include/interbotix_xs_msgs/interbotix_xs_msgs/srv/detail/torque_enable__rosidl_typesupport_fastrtps_c.h
[2.468s] -- Up-to-date: /home/ayaan/URC/URC/install/interbotix_xs_msgs/lib/libinterbotix_xs_msgs__rosidl_typesupport_fastrtps_c.so
[2.468s] -- Up-to-date: /home/ayaan/URC/URC/install/interbotix_xs_msgs/include/interbotix_xs_msgs/interbotix_xs_msgs
[2.468s] -- Up-to-date: /home/ayaan/URC/URC/install/interbotix_xs_msgs/include/interbotix_xs_msgs/interbotix_xs_msgs/msg
[2.468s] -- Up-to-date: /home/ayaan/URC/URC/install/interbotix_xs_msgs/include/interbotix_xs_msgs/interbotix_xs_msgs/msg/detail
[2.468s] -- Up-to-date: /home/ayaan/URC/URC/install/interbotix_xs_msgs/include/interbotix_xs_msgs/interbotix_xs_msgs/msg/detail/joint_group_command__rosidl_typesupport_introspection_c.h
[2.469s] -- Installing: /home/ayaan/URC/URC/install/interbotix_xs_msgs/include/interbotix_xs_msgs/interbotix_xs_msgs/msg/detail/joint_single_command__type_support.c
[2.469s] -- Up-to-date: /home/ayaan/URC/URC/install/interbotix_xs_msgs/include/interbotix_xs_msgs/interbotix_xs_msgs/msg/detail/joint_temps__rosidl_typesupport_introspection_c.h
[2.469s] -- Up-to-date: /home/ayaan/URC/URC/install/interbotix_xs_msgs/include/interbotix_xs_msgs/interbotix_xs_msgs/msg/detail/turret_joy__rosidl_typesupport_introspection_c.h
[2.469s] -- Up-to-date: /home/ayaan/URC/URC/install/interbotix_xs_msgs/include/interbotix_xs_msgs/interbotix_xs_msgs/msg/detail/joint_trajectory_command__rosidl_typesupport_introspection_c.h
[2.469s] -- Up-to-date: /home/ayaan/URC/URC/install/interbotix_xs_msgs/include/interbotix_xs_msgs/interbotix_xs_msgs/msg/detail/hex_joy__rosidl_typesupport_introspection_c.h
[2.470s] -- Up-to-date: /home/ayaan/URC/URC/install/interbotix_xs_msgs/include/interbotix_xs_msgs/interbotix_xs_msgs/msg/detail/joint_single_command__rosidl_typesupport_introspection_c.h
[2.470s] -- Installing: /home/ayaan/URC/URC/install/interbotix_xs_msgs/include/interbotix_xs_msgs/interbotix_xs_msgs/msg/detail/hex_joy__type_support.c
[2.470s] -- Installing: /home/ayaan/URC/URC/install/interbotix_xs_msgs/include/interbotix_xs_msgs/interbotix_xs_msgs/msg/detail/joint_group_command__type_support.c
[2.470s] -- Installing: /home/ayaan/URC/URC/install/interbotix_xs_msgs/include/interbotix_xs_msgs/interbotix_xs_msgs/msg/detail/arm_joy__type_support.c
[2.470s] -- Up-to-date: /home/ayaan/URC/URC/install/interbotix_xs_msgs/include/interbotix_xs_msgs/interbotix_xs_msgs/msg/detail/locobot_joy__rosidl_typesupport_introspection_c.h
[2.471s] -- Installing: /home/ayaan/URC/URC/install/interbotix_xs_msgs/include/interbotix_xs_msgs/interbotix_xs_msgs/msg/detail/joint_temps__type_support.c
[2.471s] -- Installing: /home/ayaan/URC/URC/install/interbotix_xs_msgs/include/interbotix_xs_msgs/interbotix_xs_msgs/msg/detail/locobot_joy__type_support.c
[2.471s] -- Installing: /home/ayaan/URC/URC/install/interbotix_xs_msgs/include/interbotix_xs_msgs/interbotix_xs_msgs/msg/detail/joint_trajectory_command__type_support.c
[2.471s] -- Installing: /home/ayaan/URC/URC/install/interbotix_xs_msgs/include/interbotix_xs_msgs/interbotix_xs_msgs/msg/detail/turret_joy__type_support.c
[2.472s] -- Up-to-date: /home/ayaan/URC/URC/install/interbotix_xs_msgs/include/interbotix_xs_msgs/interbotix_xs_msgs/msg/detail/arm_joy__rosidl_typesupport_introspection_c.h
[2.472s] -- Up-to-date: /home/ayaan/URC/URC/install/interbotix_xs_msgs/include/interbotix_xs_msgs/interbotix_xs_msgs/msg/rosidl_typesupport_introspection_c__visibility_control.h
[2.472s] -- Up-to-date: /home/ayaan/URC/URC/install/interbotix_xs_msgs/include/interbotix_xs_msgs/interbotix_xs_msgs/srv
[2.472s] -- Up-to-date: /home/ayaan/URC/URC/install/interbotix_xs_msgs/include/interbotix_xs_msgs/interbotix_xs_msgs/srv/detail
[2.473s] -- Installing: /home/ayaan/URC/URC/install/interbotix_xs_msgs/include/interbotix_xs_msgs/interbotix_xs_msgs/srv/detail/register_values__type_support.c
[2.473s] -- Up-to-date: /home/ayaan/URC/URC/install/interbotix_xs_msgs/include/interbotix_xs_msgs/interbotix_xs_msgs/srv/detail/torque_enable__rosidl_typesupport_introspection_c.h
[2.473s] -- Up-to-date: /home/ayaan/URC/URC/install/interbotix_xs_msgs/include/interbotix_xs_msgs/interbotix_xs_msgs/srv/detail/robot_info__rosidl_typesupport_introspection_c.h
[2.473s] -- Up-to-date: /home/ayaan/URC/URC/install/interbotix_xs_msgs/include/interbotix_xs_msgs/interbotix_xs_msgs/srv/detail/register_values__rosidl_typesupport_introspection_c.h
[2.474s] -- Installing: /home/ayaan/URC/URC/install/interbotix_xs_msgs/include/interbotix_xs_msgs/interbotix_xs_msgs/srv/detail/torque_enable__type_support.c
[2.474s] -- Up-to-date: /home/ayaan/URC/URC/install/interbotix_xs_msgs/include/interbotix_xs_msgs/interbotix_xs_msgs/srv/detail/operating_modes__rosidl_typesupport_introspection_c.h
[2.474s] -- Installing: /home/ayaan/URC/URC/install/interbotix_xs_msgs/include/interbotix_xs_msgs/interbotix_xs_msgs/srv/detail/motor_gains__type_support.c
[2.474s] -- Installing: /home/ayaan/URC/URC/install/interbotix_xs_msgs/include/interbotix_xs_msgs/interbotix_xs_msgs/srv/detail/operating_modes__type_support.c
[2.475s] -- Installing: /home/ayaan/URC/URC/install/interbotix_xs_msgs/include/interbotix_xs_msgs/interbotix_xs_msgs/srv/detail/reboot__type_support.c
[2.475s] -- Up-to-date: /home/ayaan/URC/URC/install/interbotix_xs_msgs/include/interbotix_xs_msgs/interbotix_xs_msgs/srv/detail/motor_gains__rosidl_typesupport_introspection_c.h
[2.475s] -- Installing: /home/ayaan/URC/URC/install/interbotix_xs_msgs/include/interbotix_xs_msgs/interbotix_xs_msgs/srv/detail/robot_info__type_support.c
[2.475s] -- Up-to-date: /home/ayaan/URC/URC/install/interbotix_xs_msgs/include/interbotix_xs_msgs/interbotix_xs_msgs/srv/detail/reboot__rosidl_typesupport_introspection_c.h
[2.475s] -- Up-to-date: /home/ayaan/URC/URC/install/interbotix_xs_msgs/lib/libinterbotix_xs_msgs__rosidl_typesupport_introspection_c.so
[2.476s] -- Up-to-date: /home/ayaan/URC/URC/install/interbotix_xs_msgs/lib/libinterbotix_xs_msgs__rosidl_typesupport_c.so
[2.476s] -- Up-to-date: /home/ayaan/URC/URC/install/interbotix_xs_msgs/include/interbotix_xs_msgs/interbotix_xs_msgs
[2.476s] -- Up-to-date: /home/ayaan/URC/URC/install/interbotix_xs_msgs/include/interbotix_xs_msgs/interbotix_xs_msgs/msg
[2.476s] -- Up-to-date: /home/ayaan/URC/URC/install/interbotix_xs_msgs/include/interbotix_xs_msgs/interbotix_xs_msgs/msg/joint_group_command.hpp
[2.477s] -- Up-to-date: /home/ayaan/URC/URC/install/interbotix_xs_msgs/include/interbotix_xs_msgs/interbotix_xs_msgs/msg/hex_joy.hpp
[2.477s] -- Up-to-date: /home/ayaan/URC/URC/install/interbotix_xs_msgs/include/interbotix_xs_msgs/interbotix_xs_msgs/msg/joint_single_command.hpp
[2.477s] -- Up-to-date: /home/ayaan/URC/URC/install/interbotix_xs_msgs/include/interbotix_xs_msgs/interbotix_xs_msgs/msg/arm_joy.hpp
[2.477s] -- Up-to-date: /home/ayaan/URC/URC/install/interbotix_xs_msgs/include/interbotix_xs_msgs/interbotix_xs_msgs/msg/detail
[2.478s] -- Up-to-date: /home/ayaan/URC/URC/install/interbotix_xs_msgs/include/interbotix_xs_msgs/interbotix_xs_msgs/msg/detail/hex_joy__builder.hpp
[2.478s] -- Up-to-date: /home/ayaan/URC/URC/install/interbotix_xs_msgs/include/interbotix_xs_msgs/interbotix_xs_msgs/msg/detail/joint_trajectory_command__struct.hpp
[2.478s] -- Up-to-date: /home/ayaan/URC/URC/install/interbotix_xs_msgs/include/interbotix_xs_msgs/interbotix_xs_msgs/msg/detail/turret_joy__traits.hpp
[2.478s] -- Up-to-date: /home/ayaan/URC/URC/install/interbotix_xs_msgs/include/interbotix_xs_msgs/interbotix_xs_msgs/msg/detail/joint_group_command__traits.hpp
[2.479s] -- Up-to-date: /home/ayaan/URC/URC/install/interbotix_xs_msgs/include/interbotix_xs_msgs/interbotix_xs_msgs/msg/detail/joint_temps__struct.hpp
[2.479s] -- Up-to-date: /home/ayaan/URC/URC/install/interbotix_xs_msgs/include/interbotix_xs_msgs/interbotix_xs_msgs/msg/detail/joint_single_command__type_support.hpp
[2.479s] -- Up-to-date: /home/ayaan/URC/URC/install/interbotix_xs_msgs/include/interbotix_xs_msgs/interbotix_xs_msgs/msg/detail/joint_temps__type_support.hpp
[2.479s] -- Up-to-date: /home/ayaan/URC/URC/install/interbotix_xs_msgs/include/interbotix_xs_msgs/interbotix_xs_msgs/msg/detail/locobot_joy__type_support.hpp
[2.479s] -- Up-to-date: /home/ayaan/URC/URC/install/interbotix_xs_msgs/include/interbotix_xs_msgs/interbotix_xs_msgs/msg/detail/arm_joy__builder.hpp
[2.480s] -- Up-to-date: /home/ayaan/URC/URC/install/interbotix_xs_msgs/include/interbotix_xs_msgs/interbotix_xs_msgs/msg/detail/arm_joy__struct.hpp
[2.480s] -- Up-to-date: /home/ayaan/URC/URC/install/interbotix_xs_msgs/include/interbotix_xs_msgs/interbotix_xs_msgs/msg/detail/arm_joy__type_support.hpp
[2.480s] -- Up-to-date: /home/ayaan/URC/URC/install/interbotix_xs_msgs/include/interbotix_xs_msgs/interbotix_xs_msgs/msg/detail/joint_group_command__builder.hpp
[2.480s] -- Up-to-date: /home/ayaan/URC/URC/install/interbotix_xs_msgs/include/interbotix_xs_msgs/interbotix_xs_msgs/msg/detail/joint_single_command__builder.hpp
[2.480s] -- Up-to-date: /home/ayaan/URC/URC/install/interbotix_xs_msgs/include/interbotix_xs_msgs/interbotix_xs_msgs/msg/detail/turret_joy__type_support.hpp
[2.481s] -- Up-to-date: /home/ayaan/URC/URC/install/interbotix_xs_msgs/include/interbotix_xs_msgs/interbotix_xs_msgs/msg/detail/locobot_joy__builder.hpp
[2.481s] -- Up-to-date: /home/ayaan/URC/URC/install/interbotix_xs_msgs/include/interbotix_xs_msgs/interbotix_xs_msgs/msg/detail/joint_group_command__type_support.hpp
[2.481s] -- Up-to-date: /home/ayaan/URC/URC/install/interbotix_xs_msgs/include/interbotix_xs_msgs/interbotix_xs_msgs/msg/detail/turret_joy__struct.hpp
[2.481s] -- Up-to-date: /home/ayaan/URC/URC/install/interbotix_xs_msgs/include/interbotix_xs_msgs/interbotix_xs_msgs/msg/detail/joint_temps__traits.hpp
[2.481s] -- Up-to-date: /home/ayaan/URC/URC/install/interbotix_xs_msgs/include/interbotix_xs_msgs/interbotix_xs_msgs/msg/detail/joint_group_command__struct.hpp
[2.482s] -- Up-to-date: /home/ayaan/URC/URC/install/interbotix_xs_msgs/include/interbotix_xs_msgs/interbotix_xs_msgs/msg/detail/joint_trajectory_command__traits.hpp
[2.482s] -- Up-to-date: /home/ayaan/URC/URC/install/interbotix_xs_msgs/include/interbotix_xs_msgs/interbotix_xs_msgs/msg/detail/joint_trajectory_command__builder.hpp
[2.482s] -- Up-to-date: /home/ayaan/URC/URC/install/interbotix_xs_msgs/include/interbotix_xs_msgs/interbotix_xs_msgs/msg/detail/joint_single_command__traits.hpp
[2.482s] -- Up-to-date: /home/ayaan/URC/URC/install/interbotix_xs_msgs/include/interbotix_xs_msgs/interbotix_xs_msgs/msg/detail/joint_temps__builder.hpp
[2.483s] -- Up-to-date: /home/ayaan/URC/URC/install/interbotix_xs_msgs/include/interbotix_xs_msgs/interbotix_xs_msgs/msg/detail/hex_joy__traits.hpp
[2.483s] -- Up-to-date: /home/ayaan/URC/URC/install/interbotix_xs_msgs/include/interbotix_xs_msgs/interbotix_xs_msgs/msg/detail/locobot_joy__traits.hpp
[2.483s] -- Up-to-date: /home/ayaan/URC/URC/install/interbotix_xs_msgs/include/interbotix_xs_msgs/interbotix_xs_msgs/msg/detail/hex_joy__struct.hpp
[2.483s] -- Up-to-date: /home/ayaan/URC/URC/install/interbotix_xs_msgs/include/interbotix_xs_msgs/interbotix_xs_msgs/msg/detail/joint_single_command__struct.hpp
[2.483s] -- Up-to-date: /home/ayaan/URC/URC/install/interbotix_xs_msgs/include/interbotix_xs_msgs/interbotix_xs_msgs/msg/detail/locobot_joy__struct.hpp
[2.484s] -- Up-to-date: /home/ayaan/URC/URC/install/interbotix_xs_msgs/include/interbotix_xs_msgs/interbotix_xs_msgs/msg/detail/turret_joy__builder.hpp
[2.484s] -- Up-to-date: /home/ayaan/URC/URC/install/interbotix_xs_msgs/include/interbotix_xs_msgs/interbotix_xs_msgs/msg/detail/arm_joy__traits.hpp
[2.484s] -- Up-to-date: /home/ayaan/URC/URC/install/interbotix_xs_msgs/include/interbotix_xs_msgs/interbotix_xs_msgs/msg/detail/hex_joy__type_support.hpp
[2.484s] -- Up-to-date: /home/ayaan/URC/URC/install/interbotix_xs_msgs/include/interbotix_xs_msgs/interbotix_xs_msgs/msg/detail/joint_trajectory_command__type_support.hpp
[2.484s] -- Up-to-date: /home/ayaan/URC/URC/install/interbotix_xs_msgs/include/interbotix_xs_msgs/interbotix_xs_msgs/msg/turret_joy.hpp
[2.485s] -- Up-to-date: /home/ayaan/URC/URC/install/interbotix_xs_msgs/include/interbotix_xs_msgs/interbotix_xs_msgs/msg/joint_trajectory_command.hpp
[2.485s] -- Up-to-date: /home/ayaan/URC/URC/install/interbotix_xs_msgs/include/interbotix_xs_msgs/interbotix_xs_msgs/msg/locobot_joy.hpp
[2.485s] -- Up-to-date: /home/ayaan/URC/URC/install/interbotix_xs_msgs/include/interbotix_xs_msgs/interbotix_xs_msgs/msg/joint_temps.hpp
[2.485s] -- Up-to-date: /home/ayaan/URC/URC/install/interbotix_xs_msgs/include/interbotix_xs_msgs/interbotix_xs_msgs/msg/rosidl_generator_cpp__visibility_control.hpp
[2.485s] -- Up-to-date: /home/ayaan/URC/URC/install/interbotix_xs_msgs/include/interbotix_xs_msgs/interbotix_xs_msgs/srv
[2.486s] -- Up-to-date: /home/ayaan/URC/URC/install/interbotix_xs_msgs/include/interbotix_xs_msgs/interbotix_xs_msgs/srv/reboot.hpp
[2.486s] -- Up-to-date: /home/ayaan/URC/URC/install/interbotix_xs_msgs/include/interbotix_xs_msgs/interbotix_xs_msgs/srv/robot_info.hpp
[2.486s] -- Up-to-date: /home/ayaan/URC/URC/install/interbotix_xs_msgs/include/interbotix_xs_msgs/interbotix_xs_msgs/srv/detail
[2.486s] -- Up-to-date: /home/ayaan/URC/URC/install/interbotix_xs_msgs/include/interbotix_xs_msgs/interbotix_xs_msgs/srv/detail/register_values__type_support.hpp
[2.486s] -- Up-to-date: /home/ayaan/URC/URC/install/interbotix_xs_msgs/include/interbotix_xs_msgs/interbotix_xs_msgs/srv/detail/motor_gains__struct.hpp
[2.487s] -- Up-to-date: /home/ayaan/URC/URC/install/interbotix_xs_msgs/include/interbotix_xs_msgs/interbotix_xs_msgs/srv/detail/robot_info__builder.hpp
[2.487s] -- Up-to-date: /home/ayaan/URC/URC/install/interbotix_xs_msgs/include/interbotix_xs_msgs/interbotix_xs_msgs/srv/detail/robot_info__struct.hpp
[2.487s] -- Up-to-date: /home/ayaan/URC/URC/install/interbotix_xs_msgs/include/interbotix_xs_msgs/interbotix_xs_msgs/srv/detail/operating_modes__type_support.hpp
[2.487s] -- Up-to-date: /home/ayaan/URC/URC/install/interbotix_xs_msgs/include/interbotix_xs_msgs/interbotix_xs_msgs/srv/detail/reboot__traits.hpp
[2.487s] -- Up-to-date: /home/ayaan/URC/URC/install/interbotix_xs_msgs/include/interbotix_xs_msgs/interbotix_xs_msgs/srv/detail/register_values__struct.hpp
[2.488s] -- Up-to-date: /home/ayaan/URC/URC/install/interbotix_xs_msgs/include/interbotix_xs_msgs/interbotix_xs_msgs/srv/detail/operating_modes__builder.hpp
[2.488s] -- Up-to-date: /home/ayaan/URC/URC/install/interbotix_xs_msgs/include/interbotix_xs_msgs/interbotix_xs_msgs/srv/detail/operating_modes__struct.hpp
[2.488s] -- Up-to-date: /home/ayaan/URC/URC/install/interbotix_xs_msgs/include/interbotix_xs_msgs/interbotix_xs_msgs/srv/detail/torque_enable__type_support.hpp
[2.488s] -- Up-to-date: /home/ayaan/URC/URC/install/interbotix_xs_msgs/include/interbotix_xs_msgs/interbotix_xs_msgs/srv/detail/reboot__type_support.hpp
[2.489s] -- Up-to-date: /home/ayaan/URC/URC/install/interbotix_xs_msgs/include/interbotix_xs_msgs/interbotix_xs_msgs/srv/detail/motor_gains__builder.hpp
[2.489s] -- Up-to-date: /home/ayaan/URC/URC/install/interbotix_xs_msgs/include/interbotix_xs_msgs/interbotix_xs_msgs/srv/detail/register_values__traits.hpp
[2.489s] -- Up-to-date: /home/ayaan/URC/URC/install/interbotix_xs_msgs/include/interbotix_xs_msgs/interbotix_xs_msgs/srv/detail/motor_gains__type_support.hpp
[2.489s] -- Up-to-date: /home/ayaan/URC/URC/install/interbotix_xs_msgs/include/interbotix_xs_msgs/interbotix_xs_msgs/srv/detail/reboot__builder.hpp
[2.489s] -- Up-to-date: /home/ayaan/URC/URC/install/interbotix_xs_msgs/include/interbotix_xs_msgs/interbotix_xs_msgs/srv/detail/torque_enable__traits.hpp
[2.490s] -- Up-to-date: /home/ayaan/URC/URC/install/interbotix_xs_msgs/include/interbotix_xs_msgs/interbotix_xs_msgs/srv/detail/reboot__struct.hpp
[2.490s] -- Up-to-date: /home/ayaan/URC/URC/install/interbotix_xs_msgs/include/interbotix_xs_msgs/interbotix_xs_msgs/srv/detail/robot_info__type_support.hpp
[2.490s] -- Up-to-date: /home/ayaan/URC/URC/install/interbotix_xs_msgs/include/interbotix_xs_msgs/interbotix_xs_msgs/srv/detail/torque_enable__builder.hpp
[2.490s] -- Up-to-date: /home/ayaan/URC/URC/install/interbotix_xs_msgs/include/interbotix_xs_msgs/interbotix_xs_msgs/srv/detail/register_values__builder.hpp
[2.490s] -- Up-to-date: /home/ayaan/URC/URC/install/interbotix_xs_msgs/include/interbotix_xs_msgs/interbotix_xs_msgs/srv/detail/torque_enable__struct.hpp
[2.491s] -- Up-to-date: /home/ayaan/URC/URC/install/interbotix_xs_msgs/include/interbotix_xs_msgs/interbotix_xs_msgs/srv/detail/operating_modes__traits.hpp
[2.491s] -- Up-to-date: /home/ayaan/URC/URC/install/interbotix_xs_msgs/include/interbotix_xs_msgs/interbotix_xs_msgs/srv/detail/robot_info__traits.hpp
[2.491s] -- Up-to-date: /home/ayaan/URC/URC/install/interbotix_xs_msgs/include/interbotix_xs_msgs/interbotix_xs_msgs/srv/detail/motor_gains__traits.hpp
[2.491s] -- Up-to-date: /home/ayaan/URC/URC/install/interbotix_xs_msgs/include/interbotix_xs_msgs/interbotix_xs_msgs/srv/register_values.hpp
[2.492s] -- Up-to-date: /home/ayaan/URC/URC/install/interbotix_xs_msgs/include/interbotix_xs_msgs/interbotix_xs_msgs/srv/operating_modes.hpp
[2.492s] -- Up-to-date: /home/ayaan/URC/URC/install/interbotix_xs_msgs/include/interbotix_xs_msgs/interbotix_xs_msgs/srv/torque_enable.hpp
[2.492s] -- Up-to-date: /home/ayaan/URC/URC/install/interbotix_xs_msgs/include/interbotix_xs_msgs/interbotix_xs_msgs/srv/motor_gains.hpp
[2.492s] -- Up-to-date: /home/ayaan/URC/URC/install/interbotix_xs_msgs/include/interbotix_xs_msgs/interbotix_xs_msgs
[2.492s] -- Up-to-date: /home/ayaan/URC/URC/install/interbotix_xs_msgs/include/interbotix_xs_msgs/interbotix_xs_msgs/msg
[2.493s] -- Up-to-date: /home/ayaan/URC/URC/install/interbotix_xs_msgs/include/interbotix_xs_msgs/interbotix_xs_msgs/msg/detail
[2.493s] -- Up-to-date: /home/ayaan/URC/URC/install/interbotix_xs_msgs/include/interbotix_xs_msgs/interbotix_xs_msgs/msg/detail/arm_joy__rosidl_typesupport_fastrtps_cpp.hpp
[2.493s] -- Up-to-date: /home/ayaan/URC/URC/install/interbotix_xs_msgs/include/interbotix_xs_msgs/interbotix_xs_msgs/msg/detail/locobot_joy__rosidl_typesupport_fastrtps_cpp.hpp
[2.493s] -- Up-to-date: /home/ayaan/URC/URC/install/interbotix_xs_msgs/include/interbotix_xs_msgs/interbotix_xs_msgs/msg/detail/joint_single_command__rosidl_typesupport_fastrtps_cpp.hpp
[2.493s] -- Up-to-date: /home/ayaan/URC/URC/install/interbotix_xs_msgs/include/interbotix_xs_msgs/interbotix_xs_msgs/msg/detail/turret_joy__rosidl_typesupport_fastrtps_cpp.hpp
[2.494s] -- Up-to-date: /home/ayaan/URC/URC/install/interbotix_xs_msgs/include/interbotix_xs_msgs/interbotix_xs_msgs/msg/detail/hex_joy__rosidl_typesupport_fastrtps_cpp.hpp
[2.494s] -- Up-to-date: /home/ayaan/URC/URC/install/interbotix_xs_msgs/include/interbotix_xs_msgs/interbotix_xs_msgs/msg/detail/joint_group_command__rosidl_typesupport_fastrtps_cpp.hpp
[2.494s] -- Up-to-date: /home/ayaan/URC/URC/install/interbotix_xs_msgs/include/interbotix_xs_msgs/interbotix_xs_msgs/msg/detail/dds_fastrtps
[2.494s] -- Up-to-date: /home/ayaan/URC/URC/install/interbotix_xs_msgs/include/interbotix_xs_msgs/interbotix_xs_msgs/msg/detail/joint_temps__rosidl_typesupport_fastrtps_cpp.hpp
[2.495s] -- Up-to-date: /home/ayaan/URC/URC/install/interbotix_xs_msgs/include/interbotix_xs_msgs/interbotix_xs_msgs/msg/detail/joint_trajectory_command__rosidl_typesupport_fastrtps_cpp.hpp
[2.495s] -- Up-to-date: /home/ayaan/URC/URC/install/interbotix_xs_msgs/include/interbotix_xs_msgs/interbotix_xs_msgs/msg/rosidl_typesupport_fastrtps_cpp__visibility_control.h
[2.495s] -- Up-to-date: /home/ayaan/URC/URC/install/interbotix_xs_msgs/include/interbotix_xs_msgs/interbotix_xs_msgs/srv
[2.495s] -- Up-to-date: /home/ayaan/URC/URC/install/interbotix_xs_msgs/include/interbotix_xs_msgs/interbotix_xs_msgs/srv/detail
[2.495s] -- Up-to-date: /home/ayaan/URC/URC/install/interbotix_xs_msgs/include/interbotix_xs_msgs/interbotix_xs_msgs/srv/detail/reboot__rosidl_typesupport_fastrtps_cpp.hpp
[2.496s] -- Up-to-date: /home/ayaan/URC/URC/install/interbotix_xs_msgs/include/interbotix_xs_msgs/interbotix_xs_msgs/srv/detail/register_values__rosidl_typesupport_fastrtps_cpp.hpp
[2.496s] -- Up-to-date: /home/ayaan/URC/URC/install/interbotix_xs_msgs/include/interbotix_xs_msgs/interbotix_xs_msgs/srv/detail/dds_fastrtps
[2.496s] -- Up-to-date: /home/ayaan/URC/URC/install/interbotix_xs_msgs/include/interbotix_xs_msgs/interbotix_xs_msgs/srv/detail/torque_enable__rosidl_typesupport_fastrtps_cpp.hpp
[2.496s] -- Up-to-date: /home/ayaan/URC/URC/install/interbotix_xs_msgs/include/interbotix_xs_msgs/interbotix_xs_msgs/srv/detail/operating_modes__rosidl_typesupport_fastrtps_cpp.hpp
[2.496s] -- Up-to-date: /home/ayaan/URC/URC/install/interbotix_xs_msgs/include/interbotix_xs_msgs/interbotix_xs_msgs/srv/detail/robot_info__rosidl_typesupport_fastrtps_cpp.hpp
[2.497s] -- Up-to-date: /home/ayaan/URC/URC/install/interbotix_xs_msgs/include/interbotix_xs_msgs/interbotix_xs_msgs/srv/detail/motor_gains__rosidl_typesupport_fastrtps_cpp.hpp
[2.497s] -- Up-to-date: /home/ayaan/URC/URC/install/interbotix_xs_msgs/lib/libinterbotix_xs_msgs__rosidl_typesupport_fastrtps_cpp.so
[2.497s] -- Up-to-date: /home/ayaan/URC/URC/install/interbotix_xs_msgs/include/interbotix_xs_msgs/interbotix_xs_msgs
[2.497s] -- Up-to-date: /home/ayaan/URC/URC/install/interbotix_xs_msgs/include/interbotix_xs_msgs/interbotix_xs_msgs/msg
[2.497s] -- Up-to-date: /home/ayaan/URC/URC/install/interbotix_xs_msgs/include/interbotix_xs_msgs/interbotix_xs_msgs/msg/detail
[2.498s] -- Up-to-date: /home/ayaan/URC/URC/install/interbotix_xs_msgs/include/interbotix_xs_msgs/interbotix_xs_msgs/msg/detail/joint_single_command__type_support.cpp
[2.498s] -- Up-to-date: /home/ayaan/URC/URC/install/interbotix_xs_msgs/include/interbotix_xs_msgs/interbotix_xs_msgs/msg/detail/locobot_joy__rosidl_typesupport_introspection_cpp.hpp
[2.498s] -- Up-to-date: /home/ayaan/URC/URC/install/interbotix_xs_msgs/include/interbotix_xs_msgs/interbotix_xs_msgs/msg/detail/joint_single_command__rosidl_typesupport_introspection_cpp.hpp
[2.498s] -- Up-to-date: /home/ayaan/URC/URC/install/interbotix_xs_msgs/include/interbotix_xs_msgs/interbotix_xs_msgs/msg/detail/joint_trajectory_command__rosidl_typesupport_introspection_cpp.hpp
[2.499s] -- Up-to-date: /home/ayaan/URC/URC/install/interbotix_xs_msgs/include/interbotix_xs_msgs/interbotix_xs_msgs/msg/detail/turret_joy__type_support.cpp
[2.499s] -- Up-to-date: /home/ayaan/URC/URC/install/interbotix_xs_msgs/include/interbotix_xs_msgs/interbotix_xs_msgs/msg/detail/joint_temps__rosidl_typesupport_introspection_cpp.hpp
[2.499s] -- Up-to-date: /home/ayaan/URC/URC/install/interbotix_xs_msgs/include/interbotix_xs_msgs/interbotix_xs_msgs/msg/detail/joint_group_command__type_support.cpp
[2.499s] -- Up-to-date: /home/ayaan/URC/URC/install/interbotix_xs_msgs/include/interbotix_xs_msgs/interbotix_xs_msgs/msg/detail/arm_joy__rosidl_typesupport_introspection_cpp.hpp
[2.499s] -- Up-to-date: /home/ayaan/URC/URC/install/interbotix_xs_msgs/include/interbotix_xs_msgs/interbotix_xs_msgs/msg/detail/joint_group_command__rosidl_typesupport_introspection_cpp.hpp
[2.500s] -- Up-to-date: /home/ayaan/URC/URC/install/interbotix_xs_msgs/include/interbotix_xs_msgs/interbotix_xs_msgs/msg/detail/locobot_joy__type_support.cpp
[2.500s] -- Up-to-date: /home/ayaan/URC/URC/install/interbotix_xs_msgs/include/interbotix_xs_msgs/interbotix_xs_msgs/msg/detail/hex_joy__type_support.cpp
[2.500s] -- Up-to-date: /home/ayaan/URC/URC/install/interbotix_xs_msgs/include/interbotix_xs_msgs/interbotix_xs_msgs/msg/detail/joint_trajectory_command__type_support.cpp
[2.500s] -- Up-to-date: /home/ayaan/URC/URC/install/interbotix_xs_msgs/include/interbotix_xs_msgs/interbotix_xs_msgs/msg/detail/joint_temps__type_support.cpp
[2.501s] -- Up-to-date: /home/ayaan/URC/URC/install/interbotix_xs_msgs/include/interbotix_xs_msgs/interbotix_xs_msgs/msg/detail/arm_joy__type_support.cpp
[2.501s] -- Up-to-date: /home/ayaan/URC/URC/install/interbotix_xs_msgs/include/interbotix_xs_msgs/interbotix_xs_msgs/msg/detail/hex_joy__rosidl_typesupport_introspection_cpp.hpp
[2.501s] -- Up-to-date: /home/ayaan/URC/URC/install/interbotix_xs_msgs/include/interbotix_xs_msgs/interbotix_xs_msgs/msg/detail/turret_joy__rosidl_typesupport_introspection_cpp.hpp
[2.501s] -- Up-to-date: /home/ayaan/URC/URC/install/interbotix_xs_msgs/include/interbotix_xs_msgs/interbotix_xs_msgs/srv
[2.502s] -- Up-to-date: /home/ayaan/URC/URC/install/interbotix_xs_msgs/include/interbotix_xs_msgs/interbotix_xs_msgs/srv/detail
[2.502s] -- Up-to-date: /home/ayaan/URC/URC/install/interbotix_xs_msgs/include/interbotix_xs_msgs/interbotix_xs_msgs/srv/detail/torque_enable__type_support.cpp
[2.502s] -- Up-to-date: /home/ayaan/URC/URC/install/interbotix_xs_msgs/include/interbotix_xs_msgs/interbotix_xs_msgs/srv/detail/motor_gains__rosidl_typesupport_introspection_cpp.hpp
[2.502s] -- Up-to-date: /home/ayaan/URC/URC/install/interbotix_xs_msgs/include/interbotix_xs_msgs/interbotix_xs_msgs/srv/detail/reboot__rosidl_typesupport_introspection_cpp.hpp
[2.502s] -- Up-to-date: /home/ayaan/URC/URC/install/interbotix_xs_msgs/include/interbotix_xs_msgs/interbotix_xs_msgs/srv/detail/torque_enable__rosidl_typesupport_introspection_cpp.hpp
[2.503s] -- Up-to-date: /home/ayaan/URC/URC/install/interbotix_xs_msgs/include/interbotix_xs_msgs/interbotix_xs_msgs/srv/detail/register_values__type_support.cpp
[2.503s] -- Up-to-date: /home/ayaan/URC/URC/install/interbotix_xs_msgs/include/interbotix_xs_msgs/interbotix_xs_msgs/srv/detail/operating_modes__type_support.cpp
[2.503s] -- Up-to-date: /home/ayaan/URC/URC/install/interbotix_xs_msgs/include/interbotix_xs_msgs/interbotix_xs_msgs/srv/detail/robot_info__type_support.cpp
[2.503s] -- Up-to-date: /home/ayaan/URC/URC/install/interbotix_xs_msgs/include/interbotix_xs_msgs/interbotix_xs_msgs/srv/detail/motor_gains__type_support.cpp
[2.503s] -- Up-to-date: /home/ayaan/URC/URC/install/interbotix_xs_msgs/include/interbotix_xs_msgs/interbotix_xs_msgs/srv/detail/reboot__type_support.cpp
[2.504s] -- Up-to-date: /home/ayaan/URC/URC/install/interbotix_xs_msgs/include/interbotix_xs_msgs/interbotix_xs_msgs/srv/detail/robot_info__rosidl_typesupport_introspection_cpp.hpp
[2.504s] -- Up-to-date: /home/ayaan/URC/URC/install/interbotix_xs_msgs/include/interbotix_xs_msgs/interbotix_xs_msgs/srv/detail/register_values__rosidl_typesupport_introspection_cpp.hpp
[2.504s] -- Up-to-date: /home/ayaan/URC/URC/install/interbotix_xs_msgs/include/interbotix_xs_msgs/interbotix_xs_msgs/srv/detail/operating_modes__rosidl_typesupport_introspection_cpp.hpp
[2.504s] -- Up-to-date: /home/ayaan/URC/URC/install/interbotix_xs_msgs/lib/libinterbotix_xs_msgs__rosidl_typesupport_introspection_cpp.so
[2.505s] -- Up-to-date: /home/ayaan/URC/URC/install/interbotix_xs_msgs/lib/libinterbotix_xs_msgs__rosidl_typesupport_cpp.so
[2.505s] -- Up-to-date: /home/ayaan/URC/URC/install/interbotix_xs_msgs/share/interbotix_xs_msgs/environment/pythonpath.sh
[2.505s] -- Up-to-date: /home/ayaan/URC/URC/install/interbotix_xs_msgs/share/interbotix_xs_msgs/environment/pythonpath.dsv
[2.505s] -- Up-to-date: /home/ayaan/URC/URC/install/interbotix_xs_msgs/lib/python3.12/site-packages/interbotix_xs_msgs-0.0.0-py3.12.egg-info
[2.505s] -- Installing: /home/ayaan/URC/URC/install/interbotix_xs_msgs/lib/python3.12/site-packages/interbotix_xs_msgs-0.0.0-py3.12.egg-info/top_level.txt
[2.506s] -- Installing: /home/ayaan/URC/URC/install/interbotix_xs_msgs/lib/python3.12/site-packages/interbotix_xs_msgs-0.0.0-py3.12.egg-info/dependency_links.txt
[2.506s] -- Installing: /home/ayaan/URC/URC/install/interbotix_xs_msgs/lib/python3.12/site-packages/interbotix_xs_msgs-0.0.0-py3.12.egg-info/PKG-INFO
[2.506s] -- Installing: /home/ayaan/URC/URC/install/interbotix_xs_msgs/lib/python3.12/site-packages/interbotix_xs_msgs-0.0.0-py3.12.egg-info/SOURCES.txt
[2.506s] -- Up-to-date: /home/ayaan/URC/URC/install/interbotix_xs_msgs/lib/python3.12/site-packages/interbotix_xs_msgs
[2.506s] -- Up-to-date: /home/ayaan/URC/URC/install/interbotix_xs_msgs/lib/python3.12/site-packages/interbotix_xs_msgs/msg
[2.507s] -- Up-to-date: /home/ayaan/URC/URC/install/interbotix_xs_msgs/lib/python3.12/site-packages/interbotix_xs_msgs/msg/_locobot_joy_s.c
[2.507s] -- Up-to-date: /home/ayaan/URC/URC/install/interbotix_xs_msgs/lib/python3.12/site-packages/interbotix_xs_msgs/msg/_hex_joy_s.c
[2.507s] -- Up-to-date: /home/ayaan/URC/URC/install/interbotix_xs_msgs/lib/python3.12/site-packages/interbotix_xs_msgs/msg/_joint_trajectory_command.py
[2.507s] -- Up-to-date: /home/ayaan/URC/URC/install/interbotix_xs_msgs/lib/python3.12/site-packages/interbotix_xs_msgs/msg/_locobot_joy.py
[2.507s] -- Up-to-date: /home/ayaan/URC/URC/install/interbotix_xs_msgs/lib/python3.12/site-packages/interbotix_xs_msgs/msg/_arm_joy_s.c
[2.508s] -- Up-to-date: /home/ayaan/URC/URC/install/interbotix_xs_msgs/lib/python3.12/site-packages/interbotix_xs_msgs/msg/_arm_joy.py
[2.508s] -- Up-to-date: /home/ayaan/URC/URC/install/interbotix_xs_msgs/lib/python3.12/site-packages/interbotix_xs_msgs/msg/_hex_joy.py
[2.508s] -- Up-to-date: /home/ayaan/URC/URC/install/interbotix_xs_msgs/lib/python3.12/site-packages/interbotix_xs_msgs/msg/_joint_trajectory_command_s.c
[2.508s] -- Up-to-date: /home/ayaan/URC/URC/install/interbotix_xs_msgs/lib/python3.12/site-packages/interbotix_xs_msgs/msg/_joint_temps_s.c
[2.508s] -- Up-to-date: /home/ayaan/URC/URC/install/interbotix_xs_msgs/lib/python3.12/site-packages/interbotix_xs_msgs/msg/_joint_single_command.py
[2.509s] -- Up-to-date: /home/ayaan/URC/URC/install/interbotix_xs_msgs/lib/python3.12/site-packages/interbotix_xs_msgs/msg/_joint_group_command.py
[2.509s] -- Up-to-date: /home/ayaan/URC/URC/install/interbotix_xs_msgs/lib/python3.12/site-packages/interbotix_xs_msgs/msg/__init__.py
[2.509s] -- Up-to-date: /home/ayaan/URC/URC/install/interbotix_xs_msgs/lib/python3.12/site-packages/interbotix_xs_msgs/msg/_turret_joy_s.c
[2.509s] -- Up-to-date: /home/ayaan/URC/URC/install/interbotix_xs_msgs/lib/python3.12/site-packages/interbotix_xs_msgs/msg/_joint_group_command_s.c
[2.509s] -- Up-to-date: /home/ayaan/URC/URC/install/interbotix_xs_msgs/lib/python3.12/site-packages/interbotix_xs_msgs/msg/_turret_joy.py
[2.509s] -- Up-to-date: /home/ayaan/URC/URC/install/interbotix_xs_msgs/lib/python3.12/site-packages/interbotix_xs_msgs/msg/_joint_temps.py
[2.510s] -- Up-to-date: /home/ayaan/URC/URC/install/interbotix_xs_msgs/lib/python3.12/site-packages/interbotix_xs_msgs/msg/_joint_single_command_s.c
[2.510s] -- Up-to-date: /home/ayaan/URC/URC/install/interbotix_xs_msgs/lib/python3.12/site-packages/interbotix_xs_msgs/srv
[2.510s] -- Up-to-date: /home/ayaan/URC/URC/install/interbotix_xs_msgs/lib/python3.12/site-packages/interbotix_xs_msgs/srv/_torque_enable.py
[2.510s] -- Up-to-date: /home/ayaan/URC/URC/install/interbotix_xs_msgs/lib/python3.12/site-packages/interbotix_xs_msgs/srv/_robot_info.py
[2.510s] -- Up-to-date: /home/ayaan/URC/URC/install/interbotix_xs_msgs/lib/python3.12/site-packages/interbotix_xs_msgs/srv/_motor_gains.py
[2.511s] -- Up-to-date: /home/ayaan/URC/URC/install/interbotix_xs_msgs/lib/python3.12/site-packages/interbotix_xs_msgs/srv/_operating_modes.py
[2.511s] -- Up-to-date: /home/ayaan/URC/URC/install/interbotix_xs_msgs/lib/python3.12/site-packages/interbotix_xs_msgs/srv/_register_values.py
[2.511s] -- Up-to-date: /home/ayaan/URC/URC/install/interbotix_xs_msgs/lib/python3.12/site-packages/interbotix_xs_msgs/srv/_robot_info_s.c
[2.511s] -- Up-to-date: /home/ayaan/URC/URC/install/interbotix_xs_msgs/lib/python3.12/site-packages/interbotix_xs_msgs/srv/_reboot_s.c
[2.511s] -- Up-to-date: /home/ayaan/URC/URC/install/interbotix_xs_msgs/lib/python3.12/site-packages/interbotix_xs_msgs/srv/_operating_modes_s.c
[2.511s] -- Up-to-date: /home/ayaan/URC/URC/install/interbotix_xs_msgs/lib/python3.12/site-packages/interbotix_xs_msgs/srv/_torque_enable_s.c
[2.512s] -- Up-to-date: /home/ayaan/URC/URC/install/interbotix_xs_msgs/lib/python3.12/site-packages/interbotix_xs_msgs/srv/__init__.py
[2.512s] -- Up-to-date: /home/ayaan/URC/URC/install/interbotix_xs_msgs/lib/python3.12/site-packages/interbotix_xs_msgs/srv/_reboot.py
[2.512s] -- Up-to-date: /home/ayaan/URC/URC/install/interbotix_xs_msgs/lib/python3.12/site-packages/interbotix_xs_msgs/srv/_motor_gains_s.c
[2.512s] -- Up-to-date: /home/ayaan/URC/URC/install/interbotix_xs_msgs/lib/python3.12/site-packages/interbotix_xs_msgs/srv/_register_values_s.c
[2.512s] -- Up-to-date: /home/ayaan/URC/URC/install/interbotix_xs_msgs/lib/python3.12/site-packages/interbotix_xs_msgs/_interbotix_xs_msgs_s.ep.rosidl_typesupport_c.c
[2.513s] -- Up-to-date: /home/ayaan/URC/URC/install/interbotix_xs_msgs/lib/python3.12/site-packages/interbotix_xs_msgs/interbotix_xs_msgs_s__rosidl_typesupport_fastrtps_c.so
[2.513s] -- Up-to-date: /home/ayaan/URC/URC/install/interbotix_xs_msgs/lib/python3.12/site-packages/interbotix_xs_msgs/__init__.py
[2.513s] -- Up-to-date: /home/ayaan/URC/URC/install/interbotix_xs_msgs/lib/python3.12/site-packages/interbotix_xs_msgs/interbotix_xs_msgs_s__rosidl_typesupport_c.so
[2.513s] -- Up-to-date: /home/ayaan/URC/URC/install/interbotix_xs_msgs/lib/python3.12/site-packages/interbotix_xs_msgs/_interbotix_xs_msgs_s.ep.rosidl_typesupport_fastrtps_c.c
[2.513s] -- Up-to-date: /home/ayaan/URC/URC/install/interbotix_xs_msgs/lib/python3.12/site-packages/interbotix_xs_msgs/interbotix_xs_msgs_s__rosidl_typesupport_introspection_c.so
[2.514s] -- Up-to-date: /home/ayaan/URC/URC/install/interbotix_xs_msgs/lib/python3.12/site-packages/interbotix_xs_msgs/_interbotix_xs_msgs_s.ep.rosidl_typesupport_introspection_c.c
[2.588s] Listing '/home/ayaan/URC/URC/install/interbotix_xs_msgs/lib/python3.12/site-packages/interbotix_xs_msgs'...
[2.589s] Listing '/home/ayaan/URC/URC/install/interbotix_xs_msgs/lib/python3.12/site-packages/interbotix_xs_msgs/msg'...
[2.589s] Listing '/home/ayaan/URC/URC/install/interbotix_xs_msgs/lib/python3.12/site-packages/interbotix_xs_msgs/srv'...
[2.620s] -- Up-to-date: /home/ayaan/URC/URC/install/interbotix_xs_msgs/lib/python3.12/site-packages/interbotix_xs_msgs/interbotix_xs_msgs_s__rosidl_typesupport_fastrtps_c.so
[2.622s] -- Up-to-date: /home/ayaan/URC/URC/install/interbotix_xs_msgs/lib/python3.12/site-packages/interbotix_xs_msgs/interbotix_xs_msgs_s__rosidl_typesupport_introspection_c.so
[2.623s] -- Up-to-date: /home/ayaan/URC/URC/install/interbotix_xs_msgs/lib/python3.12/site-packages/interbotix_xs_msgs/interbotix_xs_msgs_s__rosidl_typesupport_c.so
[2.623s] -- Up-to-date: /home/ayaan/URC/URC/install/interbotix_xs_msgs/lib/libinterbotix_xs_msgs__rosidl_generator_py.so
[2.624s] -- Up-to-date: /home/ayaan/URC/URC/install/interbotix_xs_msgs/share/interbotix_xs_msgs/msg/ArmJoy.idl
[2.624s] -- Up-to-date: /home/ayaan/URC/URC/install/interbotix_xs_msgs/share/interbotix_xs_msgs/msg/HexJoy.idl
[2.625s] -- Up-to-date: /home/ayaan/URC/URC/install/interbotix_xs_msgs/share/interbotix_xs_msgs/msg/JointGroupCommand.idl
[2.625s] -- Up-to-date: /home/ayaan/URC/URC/install/interbotix_xs_msgs/share/interbotix_xs_msgs/msg/JointSingleCommand.idl
[2.626s] -- Up-to-date: /home/ayaan/URC/URC/install/interbotix_xs_msgs/share/interbotix_xs_msgs/msg/JointTemps.idl
[2.627s] -- Up-to-date: /home/ayaan/URC/URC/install/interbotix_xs_msgs/share/interbotix_xs_msgs/msg/JointTrajectoryCommand.idl
[2.628s] -- Up-to-date: /home/ayaan/URC/URC/install/interbotix_xs_msgs/share/interbotix_xs_msgs/msg/LocobotJoy.idl
[2.628s] -- Up-to-date: /home/ayaan/URC/URC/install/interbotix_xs_msgs/share/interbotix_xs_msgs/msg/TurretJoy.idl
[2.629s] -- Up-to-date: /home/ayaan/URC/URC/install/interbotix_xs_msgs/share/interbotix_xs_msgs/srv/MotorGains.idl
[2.629s] -- Up-to-date: /home/ayaan/URC/URC/install/interbotix_xs_msgs/share/interbotix_xs_msgs/srv/OperatingModes.idl
[2.629s] -- Up-to-date: /home/ayaan/URC/URC/install/interbotix_xs_msgs/share/interbotix_xs_msgs/srv/Reboot.idl
[2.630s] -- Up-to-date: /home/ayaan/URC/URC/install/interbotix_xs_msgs/share/interbotix_xs_msgs/srv/RegisterValues.idl
[2.630s] -- Up-to-date: /home/ayaan/URC/URC/install/interbotix_xs_msgs/share/interbotix_xs_msgs/srv/RobotInfo.idl
[2.630s] -- Up-to-date: /home/ayaan/URC/URC/install/interbotix_xs_msgs/share/interbotix_xs_msgs/srv/TorqueEnable.idl
[2.631s] -- Up-to-date: /home/ayaan/URC/URC/install/interbotix_xs_msgs/share/interbotix_xs_msgs/msg/ArmJoy.msg
[2.631s] -- Up-to-date: /home/ayaan/URC/URC/install/interbotix_xs_msgs/share/interbotix_xs_msgs/msg/HexJoy.msg
[2.631s] -- Up-to-date: /home/ayaan/URC/URC/install/interbotix_xs_msgs/share/interbotix_xs_msgs/msg/JointGroupCommand.msg
[2.632s] -- Up-to-date: /home/ayaan/URC/URC/install/interbotix_xs_msgs/share/interbotix_xs_msgs/msg/JointSingleCommand.msg
[2.632s] -- Up-to-date: /home/ayaan/URC/URC/install/interbotix_xs_msgs/share/interbotix_xs_msgs/msg/JointTemps.msg
[2.632s] -- Up-to-date: /home/ayaan/URC/URC/install/interbotix_xs_msgs/share/interbotix_xs_msgs/msg/JointTrajectoryCommand.msg
[2.633s] -- Up-to-date: /home/ayaan/URC/URC/install/interbotix_xs_msgs/share/interbotix_xs_msgs/msg/LocobotJoy.msg
[2.636s] -- Up-to-date: /home/ayaan/URC/URC/install/interbotix_xs_msgs/share/interbotix_xs_msgs/msg/TurretJoy.msg
[2.637s] -- Up-to-date: /home/ayaan/URC/URC/install/interbotix_xs_msgs/share/interbotix_xs_msgs/srv/MotorGains.srv
[2.637s] -- Up-to-date: /home/ayaan/URC/URC/install/interbotix_xs_msgs/share/interbotix_xs_msgs/srv/OperatingModes.srv
[2.637s] -- Up-to-date: /home/ayaan/URC/URC/install/interbotix_xs_msgs/share/interbotix_xs_msgs/srv/Reboot.srv
[2.638s] -- Up-to-date: /home/ayaan/URC/URC/install/interbotix_xs_msgs/share/interbotix_xs_msgs/srv/RegisterValues.srv
[2.638s] -- Up-to-date: /home/ayaan/URC/URC/install/interbotix_xs_msgs/share/interbotix_xs_msgs/srv/RobotInfo.srv
[2.639s] -- Up-to-date: /home/ayaan/URC/URC/install/interbotix_xs_msgs/share/interbotix_xs_msgs/srv/TorqueEnable.srv
[2.639s] -- Up-to-date: /home/ayaan/URC/URC/install/interbotix_xs_msgs/share/ament_index/resource_index/package_run_dependencies/interbotix_xs_msgs
[2.639s] -- Up-to-date: /home/ayaan/URC/URC/install/interbotix_xs_msgs/share/ament_index/resource_index/parent_prefix_path/interbotix_xs_msgs
[2.639s] -- Up-to-date: /home/ayaan/URC/URC/install/interbotix_xs_msgs/share/interbotix_xs_msgs/environment/ament_prefix_path.sh
[2.640s] -- Up-to-date: /home/ayaan/URC/URC/install/interbotix_xs_msgs/share/interbotix_xs_msgs/environment/ament_prefix_path.dsv
[2.642s] -- Up-to-date: /home/ayaan/URC/URC/install/interbotix_xs_msgs/share/interbotix_xs_msgs/environment/path.sh
[2.643s] -- Up-to-date: /home/ayaan/URC/URC/install/interbotix_xs_msgs/share/interbotix_xs_msgs/environment/path.dsv
[2.643s] -- Up-to-date: /home/ayaan/URC/URC/install/interbotix_xs_msgs/share/interbotix_xs_msgs/local_setup.bash
[2.643s] -- Up-to-date: /home/ayaan/URC/URC/install/interbotix_xs_msgs/share/interbotix_xs_msgs/local_setup.sh
[2.644s] -- Up-to-date: /home/ayaan/URC/URC/install/interbotix_xs_msgs/share/interbotix_xs_msgs/local_setup.zsh
[2.644s] -- Up-to-date: /home/ayaan/URC/URC/install/interbotix_xs_msgs/share/interbotix_xs_msgs/local_setup.dsv
[2.645s] -- Installing: /home/ayaan/URC/URC/install/interbotix_xs_msgs/share/interbotix_xs_msgs/package.dsv
[2.645s] -- Up-to-date: /home/ayaan/URC/URC/install/interbotix_xs_msgs/share/ament_index/resource_index/packages/interbotix_xs_msgs
[2.645s] -- Up-to-date: /home/ayaan/URC/URC/install/interbotix_xs_msgs/share/interbotix_xs_msgs/cmake/export_interbotix_xs_msgs__rosidl_generator_cExport.cmake
[2.645s] -- Up-to-date: /home/ayaan/URC/URC/install/interbotix_xs_msgs/share/interbotix_xs_msgs/cmake/export_interbotix_xs_msgs__rosidl_generator_cExport-noconfig.cmake
[2.646s] -- Up-to-date: /home/ayaan/URC/URC/install/interbotix_xs_msgs/share/interbotix_xs_msgs/cmake/export_interbotix_xs_msgs__rosidl_typesupport_fastrtps_cExport.cmake
[2.646s] -- Up-to-date: /home/ayaan/URC/URC/install/interbotix_xs_msgs/share/interbotix_xs_msgs/cmake/export_interbotix_xs_msgs__rosidl_typesupport_fastrtps_cExport-noconfig.cmake
[2.646s] -- Up-to-date: /home/ayaan/URC/URC/install/interbotix_xs_msgs/share/interbotix_xs_msgs/cmake/interbotix_xs_msgs__rosidl_typesupport_introspection_cExport.cmake
[2.646s] -- Up-to-date: /home/ayaan/URC/URC/install/interbotix_xs_msgs/share/interbotix_xs_msgs/cmake/interbotix_xs_msgs__rosidl_typesupport_introspection_cExport-noconfig.cmake
[2.646s] -- Up-to-date: /home/ayaan/URC/URC/install/interbotix_xs_msgs/share/interbotix_xs_msgs/cmake/interbotix_xs_msgs__rosidl_typesupport_cExport.cmake
[2.647s] -- Up-to-date: /home/ayaan/URC/URC/install/interbotix_xs_msgs/share/interbotix_xs_msgs/cmake/interbotix_xs_msgs__rosidl_typesupport_cExport-noconfig.cmake
[2.647s] -- Up-to-date: /home/ayaan/URC/URC/install/interbotix_xs_msgs/share/interbotix_xs_msgs/cmake/export_interbotix_xs_msgs__rosidl_generator_cppExport.cmake
[2.647s] -- Up-to-date: /home/ayaan/URC/URC/install/interbotix_xs_msgs/share/interbotix_xs_msgs/cmake/export_interbotix_xs_msgs__rosidl_typesupport_fastrtps_cppExport.cmake
[2.647s] -- Up-to-date: /home/ayaan/URC/URC/install/interbotix_xs_msgs/share/interbotix_xs_msgs/cmake/export_interbotix_xs_msgs__rosidl_typesupport_fastrtps_cppExport-noconfig.cmake
[2.648s] -- Up-to-date: /home/ayaan/URC/URC/install/interbotix_xs_msgs/share/interbotix_xs_msgs/cmake/interbotix_xs_msgs__rosidl_typesupport_introspection_cppExport.cmake
[2.648s] -- Up-to-date: /home/ayaan/URC/URC/install/interbotix_xs_msgs/share/interbotix_xs_msgs/cmake/interbotix_xs_msgs__rosidl_typesupport_introspection_cppExport-noconfig.cmake
[2.649s] -- Up-to-date: /home/ayaan/URC/URC/install/interbotix_xs_msgs/share/interbotix_xs_msgs/cmake/interbotix_xs_msgs__rosidl_typesupport_cppExport.cmake
[2.650s] -- Up-to-date: /home/ayaan/URC/URC/install/interbotix_xs_msgs/share/interbotix_xs_msgs/cmake/interbotix_xs_msgs__rosidl_typesupport_cppExport-noconfig.cmake
[2.650s] -- Up-to-date: /home/ayaan/URC/URC/install/interbotix_xs_msgs/share/interbotix_xs_msgs/cmake/export_interbotix_xs_msgs__rosidl_generator_pyExport.cmake
[2.652s] -- Up-to-date: /home/ayaan/URC/URC/install/interbotix_xs_msgs/share/interbotix_xs_msgs/cmake/export_interbotix_xs_msgs__rosidl_generator_pyExport-noconfig.cmake
[2.653s] -- Up-to-date: /home/ayaan/URC/URC/install/interbotix_xs_msgs/share/interbotix_xs_msgs/cmake/rosidl_cmake-extras.cmake
[2.653s] -- Up-to-date: /home/ayaan/URC/URC/install/interbotix_xs_msgs/share/interbotix_xs_msgs/cmake/ament_cmake_export_dependencies-extras.cmake
[2.653s] -- Up-to-date: /home/ayaan/URC/URC/install/interbotix_xs_msgs/share/interbotix_xs_msgs/cmake/ament_cmake_export_include_directories-extras.cmake
[2.654s] -- Up-to-date: /home/ayaan/URC/URC/install/interbotix_xs_msgs/share/interbotix_xs_msgs/cmake/ament_cmake_export_libraries-extras.cmake
[2.654s] -- Up-to-date: /home/ayaan/URC/URC/install/interbotix_xs_msgs/share/interbotix_xs_msgs/cmake/ament_cmake_export_targets-extras.cmake
[2.654s] -- Up-to-date: /home/ayaan/URC/URC/install/interbotix_xs_msgs/share/interbotix_xs_msgs/cmake/rosidl_cmake_export_typesupport_targets-extras.cmake
[2.655s] -- Up-to-date: /home/ayaan/URC/URC/install/interbotix_xs_msgs/share/interbotix_xs_msgs/cmake/rosidl_cmake_export_typesupport_libraries-extras.cmake
[2.655s] -- Up-to-date: /home/ayaan/URC/URC/install/interbotix_xs_msgs/share/interbotix_xs_msgs/cmake/interbotix_xs_msgsConfig.cmake
[2.655s] -- Up-to-date: /home/ayaan/URC/URC/install/interbotix_xs_msgs/share/interbotix_xs_msgs/cmake/interbotix_xs_msgsConfig-version.cmake
[2.655s] -- Up-to-date: /home/ayaan/URC/URC/install/interbotix_xs_msgs/share/interbotix_xs_msgs/package.xml
[2.693s] Invoked command in '/home/ayaan/URC/URC/build/interbotix_xs_msgs' returned '0': CMAKE_PREFIX_PATH=${CMAKE_PREFIX_PATH}:/home/ayaan/imprimis/imprimis_ws/install/utils:/home/ayaan/imprimis/imprimis_ws/install/map_goal_to_odom:/home/ayaan/imprimis/imprimis_ws/install/gps_nav_bridge:/opt/ros/jazzy DEBUGINFOD_URLS=https://debuginfod.ubuntu.com /usr/bin/cmake --install /home/ayaan/URC/URC/build/interbotix_xs_msgs
