[0.097s] Invoking command in '/home/admin1/URC/build/receiver': CMAKE_PREFIX_PATH=${CMAKE_PREFIX_PATH}:/opt/ros/jazzy DEBUGINFOD_URLS=https://debuginfod.ubuntu.com /usr/bin/cmake --build /home/admin1/URC/build/receiver -- -j4 -l4
[0.641s] [100%] Built target receive
[0.724s] Invoked command in '/home/admin1/URC/build/receiver' returned '0': CMAKE_PREFIX_PATH=${CMAKE_PREFIX_PATH}:/opt/ros/jazzy DEBUGINFOD_URLS=https://debuginfod.ubuntu.com /usr/bin/cmake --build /home/admin1/URC/build/receiver -- -j4 -l4
[0.735s] Invoking command in '/home/admin1/URC/build/receiver': CMAKE_PREFIX_PATH=${CMAKE_PREFIX_PATH}:/opt/ros/jazzy DEBUGINFOD_URLS=https://debuginfod.ubuntu.com /usr/bin/cmake --install /home/admin1/URC/build/receiver
[0.798s] -- Install configuration: ""
[0.799s] -- Up-to-date: /home/admin1/URC/install/receiver/share/receiver/launch
[0.800s] -- Up-to-date: /home/admin1/URC/install/receiver/share/receiver/launch/receiver_launch.py
[0.812s] -- Up-to-date: /home/admin1/URC/install/receiver/lib/receiver/receive
[0.818s] -- Up-to-date: /home/admin1/URC/install/receiver/share/ament_index/resource_index/package_run_dependencies/receiver
[0.818s] -- Up-to-date: /home/admin1/URC/install/receiver/share/ament_index/resource_index/parent_prefix_path/receiver
[0.819s] -- Up-to-date: /home/admin1/URC/install/receiver/share/receiver/environment/ament_prefix_path.sh
[0.820s] -- Up-to-date: /home/admin1/URC/install/receiver/share/receiver/environment/ament_prefix_path.dsv
[0.832s] -- Up-to-date: /home/admin1/URC/install/receiver/share/receiver/environment/path.sh
[0.833s] -- Up-to-date: /home/admin1/URC/install/receiver/share/receiver/environment/path.dsv
[0.834s] -- Up-to-date: /home/admin1/URC/install/receiver/share/receiver/local_setup.bash
[0.834s] -- Up-to-date: /home/admin1/URC/install/receiver/share/receiver/local_setup.sh
[0.835s] -- Up-to-date: /home/admin1/URC/install/receiver/share/receiver/local_setup.zsh
[0.844s] -- Up-to-date: /home/admin1/URC/install/receiver/share/receiver/local_setup.dsv
[0.845s] -- Installing: /home/admin1/URC/install/receiver/share/receiver/package.dsv
[0.846s] -- Up-to-date: /home/admin1/URC/install/receiver/share/ament_index/resource_index/packages/receiver
[0.846s] -- Up-to-date: /home/admin1/URC/install/receiver/share/receiver/cmake/receiverConfig.cmake
[0.850s] -- Up-to-date: /home/admin1/URC/install/receiver/share/receiver/cmake/receiverConfig-version.cmake
[0.851s] -- Up-to-date: /home/admin1/URC/install/receiver/share/receiver/package.xml
[0.867s] Invoked command in '/home/admin1/URC/build/receiver' returned '0': CMAKE_PREFIX_PATH=${CMAKE_PREFIX_PATH}:/opt/ros/jazzy DEBUGINFOD_URLS=https://debuginfod.ubuntu.com /usr/bin/cmake --install /home/admin1/URC/build/receiver
