[0.122s] Invoking command in '/home/ayaan/URC/URC/build/interbotix_xs_msgs': CMAKE_PREFIX_PATH=${CMAKE_PREFIX_PATH}:/home/ayaan/imprimis/imprimis_ws/install/utils:/home/ayaan/imprimis/imprimis_ws/install/map_goal_to_odom:/home/ayaan/imprimis/imprimis_ws/install/gps_nav_bridge:/opt/ros/jazzy DEBUGINFOD_URLS=https://debuginfod.ubuntu.com /usr/bin/cmake --build /home/ayaan/URC/URC/build/interbotix_xs_msgs -- -j16 -l16
[2.350s] [  0%] Built target interbotix_xs_msgs__rosidl_generator_type_description
[2.350s] [  0%] Built target ament_cmake_python_copy_interbotix_xs_msgs
[2.351s] [  0%] Built target interbotix_xs_msgs__cpp
[2.351s] [ 27%] Built target interbotix_xs_msgs__rosidl_generator_c
[2.351s] [ 37%] Built target interbotix_xs_msgs__rosidl_typesupport_cpp
[2.352s] [ 47%] Built target interbotix_xs_msgs__rosidl_typesupport_c
[2.352s] [ 57%] Built target interbotix_xs_msgs__rosidl_typesupport_introspection_c
[2.352s] [ 66%] Built target interbotix_xs_msgs__rosidl_typesupport_fastrtps_cpp
[2.352s] [ 81%] Built target interbotix_xs_msgs__rosidl_typesupport_introspection_cpp
[2.353s] [ 86%] Built target interbotix_xs_msgs__rosidl_typesupport_fastrtps_c
[2.353s] [ 86%] Built target interbotix_xs_msgs
[2.353s] [ 87%] Built target interbotix_xs_msgs__py
[2.353s] [ 96%] Built target interbotix_xs_msgs__rosidl_generator_py
[2.353s] [ 97%] Built target interbotix_xs_msgs_s__rosidl_typesupport_fastrtps_c
[2.354s] [ 98%] Built target interbotix_xs_msgs_s__rosidl_typesupport_c
[2.355s] [100%] Built target interbotix_xs_msgs_s__rosidl_typesupport_introspection_c
[2.355s] running egg_info
[2.355s] writing interbotix_xs_msgs.egg-info/PKG-INFO
[2.355s] writing dependency_links to interbotix_xs_msgs.egg-info/dependency_links.txt
[2.356s] writing top-level names to interbotix_xs_msgs.egg-info/top_level.txt
[2.356s] reading manifest file 'interbotix_xs_msgs.egg-info/SOURCES.txt'
[2.356s] writing manifest file 'interbotix_xs_msgs.egg-info/SOURCES.txt'
[2.356s] [100%] Built target ament_cmake_python_build_interbotix_xs_msgs_egg
[2.401s] Invoked command in '/home/ayaan/URC/URC/build/interbotix_xs_msgs' returned '0': CMAKE_PREFIX_PATH=${CMAKE_PREFIX_PATH}:/home/ayaan/imprimis/imprimis_ws/install/utils:/home/ayaan/imprimis/imprimis_ws/install/map_goal_to_odom:/home/ayaan/imprimis/imprimis_ws/install/gps_nav_bridge:/opt/ros/jazzy DEBUGINFOD_URLS=https://debuginfod.ubuntu.com /usr/bin/cmake --build /home/ayaan/URC/URC/build/interbotix_xs_msgs -- -j16 -l16
[2.404s] Invoking command in '/home/ayaan/URC/URC/build/interbotix_xs_msgs': CMAKE_PREFIX_PATH=${CMAKE_PREFIX_PATH}:/home/ayaan/imprimis/imprimis_ws/install/utils:/home/ayaan/imprimis/imprimis_ws/install/map_goal_to_odom:/home/ayaan/imprimis/imprimis_ws/install/gps_nav_bridge:/opt/ros/jazzy DEBUGINFOD_URLS=https://debuginfod.ubuntu.com /usr/bin/cmake --install /home/ayaan/URC/URC/build/interbotix_xs_msgs
[2.554s] -- Install configuration: ""
[2.555s] -- Up-to-date: /home/ayaan/URC/URC/install/interbotix_xs_msgs/share/ament_index/resource_index/rosidl_interfaces/interbotix_xs_msgs
[2.555s] -- Up-to-date: /home/ayaan/URC/URC/install/interbotix_xs_msgs/share/interbotix_xs_msgs/msg/ArmJoy.json
[2.555s] -- Up-to-date: /home/ayaan/URC/URC/install/interbotix_xs_msgs/share/interbotix_xs_msgs/msg/HexJoy.json
[2.555s] -- Up-to-date: /home/ayaan/URC/URC/install/interbotix_xs_msgs/share/interbotix_xs_msgs/msg/JointGroupCommand.json
[2.555s] -- Up-to-date: /home/ayaan/URC/URC/install/interbotix_xs_msgs/share/interbotix_xs_msgs/msg/JointSingleCommand.json
[2.556s] -- Up-to-date: /home/ayaan/URC/URC/install/interbotix_xs_msgs/share/interbotix_xs_msgs/msg/JointTemps.json
[2.556s] -- Up-to-date: /home/ayaan/URC/URC/install/interbotix_xs_msgs/share/interbotix_xs_msgs/msg/JointTrajectoryCommand.json
[2.556s] -- Up-to-date: /home/ayaan/URC/URC/install/interbotix_xs_msgs/share/interbotix_xs_msgs/msg/LocobotJoy.json
[2.556s] -- Up-to-date: /home/ayaan/URC/URC/install/interbotix_xs_msgs/share/interbotix_xs_msgs/msg/TurretJoy.json
[2.556s] -- Up-to-date: /home/ayaan/URC/URC/install/interbotix_xs_msgs/share/interbotix_xs_msgs/srv/MotorGains.json
[2.557s] -- Up-to-date: /home/ayaan/URC/URC/install/interbotix_xs_msgs/share/interbotix_xs_msgs/srv/OperatingModes.json
[2.557s] -- Up-to-date: /home/ayaan/URC/URC/install/interbotix_xs_msgs/share/interbotix_xs_msgs/srv/Reboot.json
[2.557s] -- Up-to-date: /home/ayaan/URC/URC/install/interbotix_xs_msgs/share/interbotix_xs_msgs/srv/RegisterValues.json
[2.557s] -- Up-to-date: /home/ayaan/URC/URC/install/interbotix_xs_msgs/share/interbotix_xs_msgs/srv/RobotInfo.json
[2.558s] -- Up-to-date: /home/ayaan/URC/URC/install/interbotix_xs_msgs/share/interbotix_xs_msgs/srv/TorqueEnable.json
[2.558s] -- Up-to-date: /home/ayaan/URC/URC/install/interbotix_xs_msgs/include/interbotix_xs_msgs/interbotix_xs_msgs
[2.558s] -- Up-to-date: /home/ayaan/URC/URC/install/interbotix_xs_msgs/include/interbotix_xs_msgs/interbotix_xs_msgs/msg
[2.558s] -- Up-to-date: /home/ayaan/URC/URC/install/interbotix_xs_msgs/include/interbotix_xs_msgs/interbotix_xs_msgs/msg/locobot_joy.h
[2.558s] -- Up-to-date: /home/ayaan/URC/URC/install/interbotix_xs_msgs/include/interbotix_xs_msgs/interbotix_xs_msgs/msg/detail
[2.559s] -- Up-to-date: /home/ayaan/URC/URC/install/interbotix_xs_msgs/include/interbotix_xs_msgs/interbotix_xs_msgs/msg/detail/joint_single_command__description.c
[2.559s] -- Up-to-date: /home/ayaan/URC/URC/install/interbotix_xs_msgs/include/interbotix_xs_msgs/interbotix_xs_msgs/msg/detail/joint_trajectory_command__type_support.h
[2.559s] -- Up-to-date: /home/ayaan/URC/URC/install/interbotix_xs_msgs/include/interbotix_xs_msgs/interbotix_xs_msgs/msg/detail/turret_joy__functions.c
[2.560s] -- Installing: /home/ayaan/URC/URC/install/interbotix_xs_msgs/include/interbotix_xs_msgs/interbotix_xs_msgs/msg/detail/joint_single_command__type_support.c
[2.560s] -- Up-to-date: /home/ayaan/URC/URC/install/interbotix_xs_msgs/include/interbotix_xs_msgs/interbotix_xs_msgs/msg/detail/joint_trajectory_command__functions.h
[2.560s] -- Up-to-date: /home/ayaan/URC/URC/install/interbotix_xs_msgs/include/interbotix_xs_msgs/interbotix_xs_msgs/msg/detail/joint_single_command__functions.c
[2.560s] -- Up-to-date: /home/ayaan/URC/URC/install/interbotix_xs_msgs/include/interbotix_xs_msgs/interbotix_xs_msgs/msg/detail/hex_joy__description.c
[2.561s] -- Up-to-date: /home/ayaan/URC/URC/install/interbotix_xs_msgs/include/interbotix_xs_msgs/interbotix_xs_msgs/msg/detail/arm_joy__type_support.h
[2.561s] -- Up-to-date: /home/ayaan/URC/URC/install/interbotix_xs_msgs/include/interbotix_xs_msgs/interbotix_xs_msgs/msg/detail/arm_joy__functions.c
[2.561s] -- Up-to-date: /home/ayaan/URC/URC/install/interbotix_xs_msgs/include/interbotix_xs_msgs/interbotix_xs_msgs/msg/detail/locobot_joy__description.c
[2.561s] -- Up-to-date: /home/ayaan/URC/URC/install/interbotix_xs_msgs/include/interbotix_xs_msgs/interbotix_xs_msgs/msg/detail/joint_group_command__description.c
[2.561s] -- Up-to-date: /home/ayaan/URC/URC/install/interbotix_xs_msgs/include/interbotix_xs_msgs/interbotix_xs_msgs/msg/detail/joint_group_command__type_support.h
[2.562s] -- Up-to-date: /home/ayaan/URC/URC/install/interbotix_xs_msgs/include/interbotix_xs_msgs/interbotix_xs_msgs/msg/detail/arm_joy__struct.h
[2.562s] -- Up-to-date: /home/ayaan/URC/URC/install/interbotix_xs_msgs/include/interbotix_xs_msgs/interbotix_xs_msgs/msg/detail/joint_temps__type_support.h
[2.562s] -- Up-to-date: /home/ayaan/URC/URC/install/interbotix_xs_msgs/include/interbotix_xs_msgs/interbotix_xs_msgs/msg/detail/joint_single_command__type_support.h
[2.562s] -- Up-to-date: /home/ayaan/URC/URC/install/interbotix_xs_msgs/include/interbotix_xs_msgs/interbotix_xs_msgs/msg/detail/joint_trajectory_command__functions.c
[2.563s] -- Installing: /home/ayaan/URC/URC/install/interbotix_xs_msgs/include/interbotix_xs_msgs/interbotix_xs_msgs/msg/detail/hex_joy__type_support.c
[2.563s] -- Up-to-date: /home/ayaan/URC/URC/install/interbotix_xs_msgs/include/interbotix_xs_msgs/interbotix_xs_msgs/msg/detail/hex_joy__type_support.h
[2.563s] -- Installing: /home/ayaan/URC/URC/install/interbotix_xs_msgs/include/interbotix_xs_msgs/interbotix_xs_msgs/msg/detail/joint_group_command__type_support.c
[2.563s] -- Up-to-date: /home/ayaan/URC/URC/install/interbotix_xs_msgs/include/interbotix_xs_msgs/interbotix_xs_msgs/msg/detail/joint_single_command__struct.h
[2.563s] -- Up-to-date: /home/ayaan/URC/URC/install/interbotix_xs_msgs/include/interbotix_xs_msgs/interbotix_xs_msgs/msg/detail/joint_temps__functions.h
[2.564s] -- Up-to-date: /home/ayaan/URC/URC/install/interbotix_xs_msgs/include/interbotix_xs_msgs/interbotix_xs_msgs/msg/detail/turret_joy__type_support.h
[2.564s] -- Up-to-date: /home/ayaan/URC/URC/install/interbotix_xs_msgs/include/interbotix_xs_msgs/interbotix_xs_msgs/msg/detail/turret_joy__functions.h
[2.564s] -- Up-to-date: /home/ayaan/URC/URC/install/interbotix_xs_msgs/include/interbotix_xs_msgs/interbotix_xs_msgs/msg/detail/joint_trajectory_command__struct.h
[2.564s] -- Up-to-date: /home/ayaan/URC/URC/install/interbotix_xs_msgs/include/interbotix_xs_msgs/interbotix_xs_msgs/msg/detail/hex_joy__struct.h
[2.565s] -- Up-to-date: /home/ayaan/URC/URC/install/interbotix_xs_msgs/include/interbotix_xs_msgs/interbotix_xs_msgs/msg/detail/joint_group_command__functions.h
[2.565s] -- Up-to-date: /home/ayaan/URC/URC/install/interbotix_xs_msgs/include/interbotix_xs_msgs/interbotix_xs_msgs/msg/detail/joint_group_command__struct.h
[2.565s] -- Up-to-date: /home/ayaan/URC/URC/install/interbotix_xs_msgs/include/interbotix_xs_msgs/interbotix_xs_msgs/msg/detail/locobot_joy__functions.h
[2.565s] -- Installing: /home/ayaan/URC/URC/install/interbotix_xs_msgs/include/interbotix_xs_msgs/interbotix_xs_msgs/msg/detail/arm_joy__type_support.c
[2.565s] -- Up-to-date: /home/ayaan/URC/URC/install/interbotix_xs_msgs/include/interbotix_xs_msgs/interbotix_xs_msgs/msg/detail/joint_trajectory_command__description.c
[2.566s] -- Installing: /home/ayaan/URC/URC/install/interbotix_xs_msgs/include/interbotix_xs_msgs/interbotix_xs_msgs/msg/detail/joint_temps__type_support.c
[2.566s] -- Up-to-date: /home/ayaan/URC/URC/install/interbotix_xs_msgs/include/interbotix_xs_msgs/interbotix_xs_msgs/msg/detail/turret_joy__description.c
[2.566s] -- Installing: /home/ayaan/URC/URC/install/interbotix_xs_msgs/include/interbotix_xs_msgs/interbotix_xs_msgs/msg/detail/locobot_joy__type_support.c
[2.566s] -- Up-to-date: /home/ayaan/URC/URC/install/interbotix_xs_msgs/include/interbotix_xs_msgs/interbotix_xs_msgs/msg/detail/joint_temps__description.c
[2.567s] -- Up-to-date: /home/ayaan/URC/URC/install/interbotix_xs_msgs/include/interbotix_xs_msgs/interbotix_xs_msgs/msg/detail/locobot_joy__type_support.h
[2.567s] -- Up-to-date: /home/ayaan/URC/URC/install/interbotix_xs_msgs/include/interbotix_xs_msgs/interbotix_xs_msgs/msg/detail/turret_joy__struct.h
[2.567s] -- Installing: /home/ayaan/URC/URC/install/interbotix_xs_msgs/include/interbotix_xs_msgs/interbotix_xs_msgs/msg/detail/joint_trajectory_command__type_support.c
[2.567s] -- Up-to-date: /home/ayaan/URC/URC/install/interbotix_xs_msgs/include/interbotix_xs_msgs/interbotix_xs_msgs/msg/detail/joint_single_command__functions.h
[2.567s] -- Up-to-date: /home/ayaan/URC/URC/install/interbotix_xs_msgs/include/interbotix_xs_msgs/interbotix_xs_msgs/msg/detail/locobot_joy__functions.c
[2.568s] -- Up-to-date: /home/ayaan/URC/URC/install/interbotix_xs_msgs/include/interbotix_xs_msgs/interbotix_xs_msgs/msg/detail/hex_joy__functions.h
[2.568s] -- Installing: /home/ayaan/URC/URC/install/interbotix_xs_msgs/include/interbotix_xs_msgs/interbotix_xs_msgs/msg/detail/turret_joy__type_support.c
[2.568s] -- Up-to-date: /home/ayaan/URC/URC/install/interbotix_xs_msgs/include/interbotix_xs_msgs/interbotix_xs_msgs/msg/detail/locobot_joy__struct.h
[2.568s] -- Up-to-date: /home/ayaan/URC/URC/install/interbotix_xs_msgs/include/interbotix_xs_msgs/interbotix_xs_msgs/msg/detail/arm_joy__description.c
[2.568s] -- Up-to-date: /home/ayaan/URC/URC/install/interbotix_xs_msgs/include/interbotix_xs_msgs/interbotix_xs_msgs/msg/detail/arm_joy__functions.h
[2.569s] -- Up-to-date: /home/ayaan/URC/URC/install/interbotix_xs_msgs/include/interbotix_xs_msgs/interbotix_xs_msgs/msg/detail/joint_temps__struct.h
[2.569s] -- Up-to-date: /home/ayaan/URC/URC/install/interbotix_xs_msgs/include/interbotix_xs_msgs/interbotix_xs_msgs/msg/detail/joint_group_command__functions.c
[2.569s] -- Up-to-date: /home/ayaan/URC/URC/install/interbotix_xs_msgs/include/interbotix_xs_msgs/interbotix_xs_msgs/msg/detail/hex_joy__functions.c
[2.569s] -- Up-to-date: /home/ayaan/URC/URC/install/interbotix_xs_msgs/include/interbotix_xs_msgs/interbotix_xs_msgs/msg/detail/joint_temps__functions.c
[2.570s] -- Up-to-date: /home/ayaan/URC/URC/install/interbotix_xs_msgs/include/interbotix_xs_msgs/interbotix_xs_msgs/msg/rosidl_generator_c__visibility_control.h
[2.570s] -- Up-to-date: /home/ayaan/URC/URC/install/interbotix_xs_msgs/include/interbotix_xs_msgs/interbotix_xs_msgs/msg/arm_joy.h
[2.570s] -- Up-to-date: /home/ayaan/URC/URC/install/interbotix_xs_msgs/include/interbotix_xs_msgs/interbotix_xs_msgs/msg/joint_trajectory_command.h
[2.570s] -- Up-to-date: /home/ayaan/URC/URC/install/interbotix_xs_msgs/include/interbotix_xs_msgs/interbotix_xs_msgs/msg/joint_group_command.h
[2.570s] -- Up-to-date: /home/ayaan/URC/URC/install/interbotix_xs_msgs/include/interbotix_xs_msgs/interbotix_xs_msgs/msg/joint_temps.h
[2.571s] -- Up-to-date: /home/ayaan/URC/URC/install/interbotix_xs_msgs/include/interbotix_xs_msgs/interbotix_xs_msgs/msg/hex_joy.h
[2.571s] -- Up-to-date: /home/ayaan/URC/URC/install/interbotix_xs_msgs/include/interbotix_xs_msgs/interbotix_xs_msgs/msg/joint_single_command.h
[2.571s] -- Up-to-date: /home/ayaan/URC/URC/install/interbotix_xs_msgs/include/interbotix_xs_msgs/interbotix_xs_msgs/msg/turret_joy.h
[2.571s] -- Up-to-date: /home/ayaan/URC/URC/install/interbotix_xs_msgs/include/interbotix_xs_msgs/interbotix_xs_msgs/srv
[2.572s] -- Up-to-date: /home/ayaan/URC/URC/install/interbotix_xs_msgs/include/interbotix_xs_msgs/interbotix_xs_msgs/srv/reboot.h
[2.572s] -- Up-to-date: /home/ayaan/URC/URC/install/interbotix_xs_msgs/include/interbotix_xs_msgs/interbotix_xs_msgs/srv/robot_info.h
[2.572s] -- Up-to-date: /home/ayaan/URC/URC/install/interbotix_xs_msgs/include/interbotix_xs_msgs/interbotix_xs_msgs/srv/detail
[2.572s] -- Installing: /home/ayaan/URC/URC/install/interbotix_xs_msgs/include/interbotix_xs_msgs/interbotix_xs_msgs/srv/detail/register_values__type_support.c
[2.572s] -- Up-to-date: /home/ayaan/URC/URC/install/interbotix_xs_msgs/include/interbotix_xs_msgs/interbotix_xs_msgs/srv/detail/register_values__struct.h
[2.573s] -- Up-to-date: /home/ayaan/URC/URC/install/interbotix_xs_msgs/include/interbotix_xs_msgs/interbotix_xs_msgs/srv/detail/torque_enable__struct.h
[2.573s] -- Up-to-date: /home/ayaan/URC/URC/install/interbotix_xs_msgs/include/interbotix_xs_msgs/interbotix_xs_msgs/srv/detail/operating_modes__functions.c
[2.573s] -- Up-to-date: /home/ayaan/URC/URC/install/interbotix_xs_msgs/include/interbotix_xs_msgs/interbotix_xs_msgs/srv/detail/robot_info__functions.h
[2.573s] -- Up-to-date: /home/ayaan/URC/URC/install/interbotix_xs_msgs/include/interbotix_xs_msgs/interbotix_xs_msgs/srv/detail/torque_enable__functions.h
[2.573s] -- Up-to-date: /home/ayaan/URC/URC/install/interbotix_xs_msgs/include/interbotix_xs_msgs/interbotix_xs_msgs/srv/detail/operating_modes__description.c
[2.574s] -- Up-to-date: /home/ayaan/URC/URC/install/interbotix_xs_msgs/include/interbotix_xs_msgs/interbotix_xs_msgs/srv/detail/robot_info__description.c
[2.574s] -- Up-to-date: /home/ayaan/URC/URC/install/interbotix_xs_msgs/include/interbotix_xs_msgs/interbotix_xs_msgs/srv/detail/torque_enable__description.c
[2.574s] -- Up-to-date: /home/ayaan/URC/URC/install/interbotix_xs_msgs/include/interbotix_xs_msgs/interbotix_xs_msgs/srv/detail/operating_modes__type_support.h
[2.574s] -- Up-to-date: /home/ayaan/URC/URC/install/interbotix_xs_msgs/include/interbotix_xs_msgs/interbotix_xs_msgs/srv/detail/register_values__description.c
[2.575s] -- Up-to-date: /home/ayaan/URC/URC/install/interbotix_xs_msgs/include/interbotix_xs_msgs/interbotix_xs_msgs/srv/detail/operating_modes__functions.h
[2.575s] -- Up-to-date: /home/ayaan/URC/URC/install/interbotix_xs_msgs/include/interbotix_xs_msgs/interbotix_xs_msgs/srv/detail/reboot__description.c
[2.575s] -- Up-to-date: /home/ayaan/URC/URC/install/interbotix_xs_msgs/include/interbotix_xs_msgs/interbotix_xs_msgs/srv/detail/robot_info__functions.c
[2.575s] -- Installing: /home/ayaan/URC/URC/install/interbotix_xs_msgs/include/interbotix_xs_msgs/interbotix_xs_msgs/srv/detail/torque_enable__type_support.c
[2.575s] -- Up-to-date: /home/ayaan/URC/URC/install/interbotix_xs_msgs/include/interbotix_xs_msgs/interbotix_xs_msgs/srv/detail/motor_gains__struct.h
[2.576s] -- Up-to-date: /home/ayaan/URC/URC/install/interbotix_xs_msgs/include/interbotix_xs_msgs/interbotix_xs_msgs/srv/detail/reboot__type_support.h
[2.576s] -- Up-to-date: /home/ayaan/URC/URC/install/interbotix_xs_msgs/include/interbotix_xs_msgs/interbotix_xs_msgs/srv/detail/operating_modes__struct.h
[2.576s] -- Up-to-date: /home/ayaan/URC/URC/install/interbotix_xs_msgs/include/interbotix_xs_msgs/interbotix_xs_msgs/srv/detail/motor_gains__type_support.h
[2.576s] -- Up-to-date: /home/ayaan/URC/URC/install/interbotix_xs_msgs/include/interbotix_xs_msgs/interbotix_xs_msgs/srv/detail/motor_gains__functions.h
[2.577s] -- Up-to-date: /home/ayaan/URC/URC/install/interbotix_xs_msgs/include/interbotix_xs_msgs/interbotix_xs_msgs/srv/detail/reboot__functions.h
[2.577s] -- Installing: /home/ayaan/URC/URC/install/interbotix_xs_msgs/include/interbotix_xs_msgs/interbotix_xs_msgs/srv/detail/motor_gains__type_support.c
[2.577s] -- Up-to-date: /home/ayaan/URC/URC/install/interbotix_xs_msgs/include/interbotix_xs_msgs/interbotix_xs_msgs/srv/detail/reboot__struct.h
[2.577s] -- Up-to-date: /home/ayaan/URC/URC/install/interbotix_xs_msgs/include/interbotix_xs_msgs/interbotix_xs_msgs/srv/detail/register_values__type_support.h
[2.577s] -- Up-to-date: /home/ayaan/URC/URC/install/interbotix_xs_msgs/include/interbotix_xs_msgs/interbotix_xs_msgs/srv/detail/torque_enable__functions.c
[2.578s] -- Up-to-date: /home/ayaan/URC/URC/install/interbotix_xs_msgs/include/interbotix_xs_msgs/interbotix_xs_msgs/srv/detail/reboot__functions.c
[2.578s] -- Up-to-date: /home/ayaan/URC/URC/install/interbotix_xs_msgs/include/interbotix_xs_msgs/interbotix_xs_msgs/srv/detail/robot_info__struct.h
[2.578s] -- Up-to-date: /home/ayaan/URC/URC/install/interbotix_xs_msgs/include/interbotix_xs_msgs/interbotix_xs_msgs/srv/detail/register_values__functions.c
[2.578s] -- Installing: /home/ayaan/URC/URC/install/interbotix_xs_msgs/include/interbotix_xs_msgs/interbotix_xs_msgs/srv/detail/operating_modes__type_support.c
[2.578s] -- Installing: /home/ayaan/URC/URC/install/interbotix_xs_msgs/include/interbotix_xs_msgs/interbotix_xs_msgs/srv/detail/reboot__type_support.c
[2.579s] -- Up-to-date: /home/ayaan/URC/URC/install/interbotix_xs_msgs/include/interbotix_xs_msgs/interbotix_xs_msgs/srv/detail/motor_gains__functions.c
[2.579s] -- Up-to-date: /home/ayaan/URC/URC/install/interbotix_xs_msgs/include/interbotix_xs_msgs/interbotix_xs_msgs/srv/detail/motor_gains__description.c
[2.579s] -- Up-to-date: /home/ayaan/URC/URC/install/interbotix_xs_msgs/include/interbotix_xs_msgs/interbotix_xs_msgs/srv/detail/register_values__functions.h
[2.579s] -- Up-to-date: /home/ayaan/URC/URC/install/interbotix_xs_msgs/include/interbotix_xs_msgs/interbotix_xs_msgs/srv/detail/torque_enable__type_support.h
[2.580s] -- Installing: /home/ayaan/URC/URC/install/interbotix_xs_msgs/include/interbotix_xs_msgs/interbotix_xs_msgs/srv/detail/robot_info__type_support.c
[2.580s] -- Up-to-date: /home/ayaan/URC/URC/install/interbotix_xs_msgs/include/interbotix_xs_msgs/interbotix_xs_msgs/srv/detail/robot_info__type_support.h
[2.580s] -- Up-to-date: /home/ayaan/URC/URC/install/interbotix_xs_msgs/include/interbotix_xs_msgs/interbotix_xs_msgs/srv/register_values.h
[2.580s] -- Up-to-date: /home/ayaan/URC/URC/install/interbotix_xs_msgs/include/interbotix_xs_msgs/interbotix_xs_msgs/srv/motor_gains.h
[2.580s] -- Up-to-date: /home/ayaan/URC/URC/install/interbotix_xs_msgs/include/interbotix_xs_msgs/interbotix_xs_msgs/srv/torque_enable.h
[2.581s] -- Up-to-date: /home/ayaan/URC/URC/install/interbotix_xs_msgs/include/interbotix_xs_msgs/interbotix_xs_msgs/srv/operating_modes.h
[2.581s] -- Up-to-date: /home/ayaan/URC/URC/install/interbotix_xs_msgs/share/interbotix_xs_msgs/environment/library_path.sh
[2.581s] -- Up-to-date: /home/ayaan/URC/URC/install/interbotix_xs_msgs/share/interbotix_xs_msgs/environment/library_path.dsv
[2.582s] -- Up-to-date: /home/ayaan/URC/URC/install/interbotix_xs_msgs/lib/libinterbotix_xs_msgs__rosidl_generator_c.so
[2.583s] -- Up-to-date: /home/ayaan/URC/URC/install/interbotix_xs_msgs/include/interbotix_xs_msgs/interbotix_xs_msgs
[2.583s] -- Up-to-date: /home/ayaan/URC/URC/install/interbotix_xs_msgs/include/interbotix_xs_msgs/interbotix_xs_msgs/msg
[2.583s] -- Up-to-date: /home/ayaan/URC/URC/install/interbotix_xs_msgs/include/interbotix_xs_msgs/interbotix_xs_msgs/msg/detail
[2.584s] -- Up-to-date: /home/ayaan/URC/URC/install/interbotix_xs_msgs/include/interbotix_xs_msgs/interbotix_xs_msgs/msg/detail/joint_temps__rosidl_typesupport_fastrtps_c.h
[2.584s] -- Up-to-date: /home/ayaan/URC/URC/install/interbotix_xs_msgs/include/interbotix_xs_msgs/interbotix_xs_msgs/msg/detail/locobot_joy__rosidl_typesupport_fastrtps_c.h
[2.585s] -- Up-to-date: /home/ayaan/URC/URC/install/interbotix_xs_msgs/include/interbotix_xs_msgs/interbotix_xs_msgs/msg/detail/arm_joy__rosidl_typesupport_fastrtps_c.h
[2.585s] -- Up-to-date: /home/ayaan/URC/URC/install/interbotix_xs_msgs/include/interbotix_xs_msgs/interbotix_xs_msgs/msg/detail/hex_joy__rosidl_typesupport_fastrtps_c.h
[2.585s] -- Up-to-date: /home/ayaan/URC/URC/install/interbotix_xs_msgs/include/interbotix_xs_msgs/interbotix_xs_msgs/msg/detail/joint_single_command__rosidl_typesupport_fastrtps_c.h
[2.585s] -- Up-to-date: /home/ayaan/URC/URC/install/interbotix_xs_msgs/include/interbotix_xs_msgs/interbotix_xs_msgs/msg/detail/joint_group_command__rosidl_typesupport_fastrtps_c.h
[2.586s] -- Up-to-date: /home/ayaan/URC/URC/install/interbotix_xs_msgs/include/interbotix_xs_msgs/interbotix_xs_msgs/msg/detail/joint_trajectory_command__rosidl_typesupport_fastrtps_c.h
[2.586s] -- Up-to-date: /home/ayaan/URC/URC/install/interbotix_xs_msgs/include/interbotix_xs_msgs/interbotix_xs_msgs/msg/detail/turret_joy__rosidl_typesupport_fastrtps_c.h
[2.586s] -- Up-to-date: /home/ayaan/URC/URC/install/interbotix_xs_msgs/include/interbotix_xs_msgs/interbotix_xs_msgs/msg/rosidl_typesupport_fastrtps_c__visibility_control.h
[2.586s] -- Up-to-date: /home/ayaan/URC/URC/install/interbotix_xs_msgs/include/interbotix_xs_msgs/interbotix_xs_msgs/srv
[2.587s] -- Up-to-date: /home/ayaan/URC/URC/install/interbotix_xs_msgs/include/interbotix_xs_msgs/interbotix_xs_msgs/srv/detail
[2.587s] -- Up-to-date: /home/ayaan/URC/URC/install/interbotix_xs_msgs/include/interbotix_xs_msgs/interbotix_xs_msgs/srv/detail/register_values__rosidl_typesupport_fastrtps_c.h
[2.587s] -- Up-to-date: /home/ayaan/URC/URC/install/interbotix_xs_msgs/include/interbotix_xs_msgs/interbotix_xs_msgs/srv/detail/robot_info__rosidl_typesupport_fastrtps_c.h
[2.588s] -- Up-to-date: /home/ayaan/URC/URC/install/interbotix_xs_msgs/include/interbotix_xs_msgs/interbotix_xs_msgs/srv/detail/motor_gains__rosidl_typesupport_fastrtps_c.h
[2.588s] -- Up-to-date: /home/ayaan/URC/URC/install/interbotix_xs_msgs/include/interbotix_xs_msgs/interbotix_xs_msgs/srv/detail/reboot__rosidl_typesupport_fastrtps_c.h
[2.588s] -- Up-to-date: /home/ayaan/URC/URC/install/interbotix_xs_msgs/include/interbotix_xs_msgs/interbotix_xs_msgs/srv/detail/operating_modes__rosidl_typesupport_fastrtps_c.h
[2.588s] -- Up-to-date: /home/ayaan/URC/URC/install/interbotix_xs_msgs/include/interbotix_xs_msgs/interbotix_xs_msgs/srv/detail/torque_enable__rosidl_typesupport_fastrtps_c.h
[2.589s] -- Up-to-date: /home/ayaan/URC/URC/install/interbotix_xs_msgs/lib/libinterbotix_xs_msgs__rosidl_typesupport_fastrtps_c.so
[2.589s] -- Up-to-date: /home/ayaan/URC/URC/install/interbotix_xs_msgs/include/interbotix_xs_msgs/interbotix_xs_msgs
[2.589s] -- Up-to-date: /home/ayaan/URC/URC/install/interbotix_xs_msgs/include/interbotix_xs_msgs/interbotix_xs_msgs/msg
[2.589s] -- Up-to-date: /home/ayaan/URC/URC/install/interbotix_xs_msgs/include/interbotix_xs_msgs/interbotix_xs_msgs/msg/detail
[2.590s] -- Up-to-date: /home/ayaan/URC/URC/install/interbotix_xs_msgs/include/interbotix_xs_msgs/interbotix_xs_msgs/msg/detail/joint_group_command__rosidl_typesupport_introspection_c.h
[2.590s] -- Installing: /home/ayaan/URC/URC/install/interbotix_xs_msgs/include/interbotix_xs_msgs/interbotix_xs_msgs/msg/detail/joint_single_command__type_support.c
[2.590s] -- Up-to-date: /home/ayaan/URC/URC/install/interbotix_xs_msgs/include/interbotix_xs_msgs/interbotix_xs_msgs/msg/detail/joint_temps__rosidl_typesupport_introspection_c.h
[2.591s] -- Up-to-date: /home/ayaan/URC/URC/install/interbotix_xs_msgs/include/interbotix_xs_msgs/interbotix_xs_msgs/msg/detail/turret_joy__rosidl_typesupport_introspection_c.h
[2.591s] -- Up-to-date: /home/ayaan/URC/URC/install/interbotix_xs_msgs/include/interbotix_xs_msgs/interbotix_xs_msgs/msg/detail/joint_trajectory_command__rosidl_typesupport_introspection_c.h
[2.591s] -- Up-to-date: /home/ayaan/URC/URC/install/interbotix_xs_msgs/include/interbotix_xs_msgs/interbotix_xs_msgs/msg/detail/hex_joy__rosidl_typesupport_introspection_c.h
[2.592s] -- Up-to-date: /home/ayaan/URC/URC/install/interbotix_xs_msgs/include/interbotix_xs_msgs/interbotix_xs_msgs/msg/detail/joint_single_command__rosidl_typesupport_introspection_c.h
[2.592s] -- Installing: /home/ayaan/URC/URC/install/interbotix_xs_msgs/include/interbotix_xs_msgs/interbotix_xs_msgs/msg/detail/hex_joy__type_support.c
[2.592s] -- Installing: /home/ayaan/URC/URC/install/interbotix_xs_msgs/include/interbotix_xs_msgs/interbotix_xs_msgs/msg/detail/joint_group_command__type_support.c
[2.592s] -- Installing: /home/ayaan/URC/URC/install/interbotix_xs_msgs/include/interbotix_xs_msgs/interbotix_xs_msgs/msg/detail/arm_joy__type_support.c
[2.593s] -- Up-to-date: /home/ayaan/URC/URC/install/interbotix_xs_msgs/include/interbotix_xs_msgs/interbotix_xs_msgs/msg/detail/locobot_joy__rosidl_typesupport_introspection_c.h
[2.593s] -- Installing: /home/ayaan/URC/URC/install/interbotix_xs_msgs/include/interbotix_xs_msgs/interbotix_xs_msgs/msg/detail/joint_temps__type_support.c
[2.593s] -- Installing: /home/ayaan/URC/URC/install/interbotix_xs_msgs/include/interbotix_xs_msgs/interbotix_xs_msgs/msg/detail/locobot_joy__type_support.c
[2.593s] -- Installing: /home/ayaan/URC/URC/install/interbotix_xs_msgs/include/interbotix_xs_msgs/interbotix_xs_msgs/msg/detail/joint_trajectory_command__type_support.c
[2.593s] -- Installing: /home/ayaan/URC/URC/install/interbotix_xs_msgs/include/interbotix_xs_msgs/interbotix_xs_msgs/msg/detail/turret_joy__type_support.c
[2.594s] -- Up-to-date: /home/ayaan/URC/URC/install/interbotix_xs_msgs/include/interbotix_xs_msgs/interbotix_xs_msgs/msg/detail/arm_joy__rosidl_typesupport_introspection_c.h
[2.594s] -- Up-to-date: /home/ayaan/URC/URC/install/interbotix_xs_msgs/include/interbotix_xs_msgs/interbotix_xs_msgs/msg/rosidl_typesupport_introspection_c__visibility_control.h
[2.594s] -- Up-to-date: /home/ayaan/URC/URC/install/interbotix_xs_msgs/include/interbotix_xs_msgs/interbotix_xs_msgs/srv
[2.594s] -- Up-to-date: /home/ayaan/URC/URC/install/interbotix_xs_msgs/include/interbotix_xs_msgs/interbotix_xs_msgs/srv/detail
[2.595s] -- Installing: /home/ayaan/URC/URC/install/interbotix_xs_msgs/include/interbotix_xs_msgs/interbotix_xs_msgs/srv/detail/register_values__type_support.c
[2.595s] -- Up-to-date: /home/ayaan/URC/URC/install/interbotix_xs_msgs/include/interbotix_xs_msgs/interbotix_xs_msgs/srv/detail/torque_enable__rosidl_typesupport_introspection_c.h
[2.595s] -- Up-to-date: /home/ayaan/URC/URC/install/interbotix_xs_msgs/include/interbotix_xs_msgs/interbotix_xs_msgs/srv/detail/robot_info__rosidl_typesupport_introspection_c.h
[2.595s] -- Up-to-date: /home/ayaan/URC/URC/install/interbotix_xs_msgs/include/interbotix_xs_msgs/interbotix_xs_msgs/srv/detail/register_values__rosidl_typesupport_introspection_c.h
[2.595s] -- Installing: /home/ayaan/URC/URC/install/interbotix_xs_msgs/include/interbotix_xs_msgs/interbotix_xs_msgs/srv/detail/torque_enable__type_support.c
[2.596s] -- Up-to-date: /home/ayaan/URC/URC/install/interbotix_xs_msgs/include/interbotix_xs_msgs/interbotix_xs_msgs/srv/detail/operating_modes__rosidl_typesupport_introspection_c.h
[2.596s] -- Installing: /home/ayaan/URC/URC/install/interbotix_xs_msgs/include/interbotix_xs_msgs/interbotix_xs_msgs/srv/detail/motor_gains__type_support.c
[2.596s] -- Installing: /home/ayaan/URC/URC/install/interbotix_xs_msgs/include/interbotix_xs_msgs/interbotix_xs_msgs/srv/detail/operating_modes__type_support.c
[2.596s] -- Installing: /home/ayaan/URC/URC/install/interbotix_xs_msgs/include/interbotix_xs_msgs/interbotix_xs_msgs/srv/detail/reboot__type_support.c
[2.596s] -- Up-to-date: /home/ayaan/URC/URC/install/interbotix_xs_msgs/include/interbotix_xs_msgs/interbotix_xs_msgs/srv/detail/motor_gains__rosidl_typesupport_introspection_c.h
[2.597s] -- Installing: /home/ayaan/URC/URC/install/interbotix_xs_msgs/include/interbotix_xs_msgs/interbotix_xs_msgs/srv/detail/robot_info__type_support.c
[2.597s] -- Up-to-date: /home/ayaan/URC/URC/install/interbotix_xs_msgs/include/interbotix_xs_msgs/interbotix_xs_msgs/srv/detail/reboot__rosidl_typesupport_introspection_c.h
[2.597s] -- Up-to-date: /home/ayaan/URC/URC/install/interbotix_xs_msgs/lib/libinterbotix_xs_msgs__rosidl_typesupport_introspection_c.so
[2.597s] -- Up-to-date: /home/ayaan/URC/URC/install/interbotix_xs_msgs/lib/libinterbotix_xs_msgs__rosidl_typesupport_c.so
[2.597s] -- Up-to-date: /home/ayaan/URC/URC/install/interbotix_xs_msgs/include/interbotix_xs_msgs/interbotix_xs_msgs
[2.598s] -- Up-to-date: /home/ayaan/URC/URC/install/interbotix_xs_msgs/include/interbotix_xs_msgs/interbotix_xs_msgs/msg
[2.598s] -- Up-to-date: /home/ayaan/URC/URC/install/interbotix_xs_msgs/include/interbotix_xs_msgs/interbotix_xs_msgs/msg/joint_group_command.hpp
[2.598s] -- Up-to-date: /home/ayaan/URC/URC/install/interbotix_xs_msgs/include/interbotix_xs_msgs/interbotix_xs_msgs/msg/hex_joy.hpp
[2.598s] -- Up-to-date: /home/ayaan/URC/URC/install/interbotix_xs_msgs/include/interbotix_xs_msgs/interbotix_xs_msgs/msg/joint_single_command.hpp
[2.599s] -- Up-to-date: /home/ayaan/URC/URC/install/interbotix_xs_msgs/include/interbotix_xs_msgs/interbotix_xs_msgs/msg/arm_joy.hpp
[2.599s] -- Up-to-date: /home/ayaan/URC/URC/install/interbotix_xs_msgs/include/interbotix_xs_msgs/interbotix_xs_msgs/msg/detail
[2.599s] -- Up-to-date: /home/ayaan/URC/URC/install/interbotix_xs_msgs/include/interbotix_xs_msgs/interbotix_xs_msgs/msg/detail/hex_joy__builder.hpp
[2.599s] -- Up-to-date: /home/ayaan/URC/URC/install/interbotix_xs_msgs/include/interbotix_xs_msgs/interbotix_xs_msgs/msg/detail/joint_trajectory_command__struct.hpp
[2.600s] -- Up-to-date: /home/ayaan/URC/URC/install/interbotix_xs_msgs/include/interbotix_xs_msgs/interbotix_xs_msgs/msg/detail/turret_joy__traits.hpp
[2.600s] -- Up-to-date: /home/ayaan/URC/URC/install/interbotix_xs_msgs/include/interbotix_xs_msgs/interbotix_xs_msgs/msg/detail/joint_group_command__traits.hpp
[2.600s] -- Up-to-date: /home/ayaan/URC/URC/install/interbotix_xs_msgs/include/interbotix_xs_msgs/interbotix_xs_msgs/msg/detail/joint_temps__struct.hpp
[2.600s] -- Up-to-date: /home/ayaan/URC/URC/install/interbotix_xs_msgs/include/interbotix_xs_msgs/interbotix_xs_msgs/msg/detail/joint_single_command__type_support.hpp
[2.600s] -- Up-to-date: /home/ayaan/URC/URC/install/interbotix_xs_msgs/include/interbotix_xs_msgs/interbotix_xs_msgs/msg/detail/joint_temps__type_support.hpp
[2.601s] -- Up-to-date: /home/ayaan/URC/URC/install/interbotix_xs_msgs/include/interbotix_xs_msgs/interbotix_xs_msgs/msg/detail/locobot_joy__type_support.hpp
[2.601s] -- Up-to-date: /home/ayaan/URC/URC/install/interbotix_xs_msgs/include/interbotix_xs_msgs/interbotix_xs_msgs/msg/detail/arm_joy__builder.hpp
[2.601s] -- Up-to-date: /home/ayaan/URC/URC/install/interbotix_xs_msgs/include/interbotix_xs_msgs/interbotix_xs_msgs/msg/detail/arm_joy__struct.hpp
[2.601s] -- Up-to-date: /home/ayaan/URC/URC/install/interbotix_xs_msgs/include/interbotix_xs_msgs/interbotix_xs_msgs/msg/detail/arm_joy__type_support.hpp
[2.601s] -- Up-to-date: /home/ayaan/URC/URC/install/interbotix_xs_msgs/include/interbotix_xs_msgs/interbotix_xs_msgs/msg/detail/joint_group_command__builder.hpp
[2.601s] -- Up-to-date: /home/ayaan/URC/URC/install/interbotix_xs_msgs/include/interbotix_xs_msgs/interbotix_xs_msgs/msg/detail/joint_single_command__builder.hpp
[2.602s] -- Up-to-date: /home/ayaan/URC/URC/install/interbotix_xs_msgs/include/interbotix_xs_msgs/interbotix_xs_msgs/msg/detail/turret_joy__type_support.hpp
[2.602s] -- Up-to-date: /home/ayaan/URC/URC/install/interbotix_xs_msgs/include/interbotix_xs_msgs/interbotix_xs_msgs/msg/detail/locobot_joy__builder.hpp
[2.602s] -- Up-to-date: /home/ayaan/URC/URC/install/interbotix_xs_msgs/include/interbotix_xs_msgs/interbotix_xs_msgs/msg/detail/joint_group_command__type_support.hpp
[2.602s] -- Up-to-date: /home/ayaan/URC/URC/install/interbotix_xs_msgs/include/interbotix_xs_msgs/interbotix_xs_msgs/msg/detail/turret_joy__struct.hpp
[2.603s] -- Up-to-date: /home/ayaan/URC/URC/install/interbotix_xs_msgs/include/interbotix_xs_msgs/interbotix_xs_msgs/msg/detail/joint_temps__traits.hpp
[2.603s] -- Up-to-date: /home/ayaan/URC/URC/install/interbotix_xs_msgs/include/interbotix_xs_msgs/interbotix_xs_msgs/msg/detail/joint_group_command__struct.hpp
[2.603s] -- Up-to-date: /home/ayaan/URC/URC/install/interbotix_xs_msgs/include/interbotix_xs_msgs/interbotix_xs_msgs/msg/detail/joint_trajectory_command__traits.hpp
[2.603s] -- Up-to-date: /home/ayaan/URC/URC/install/interbotix_xs_msgs/include/interbotix_xs_msgs/interbotix_xs_msgs/msg/detail/joint_trajectory_command__builder.hpp
[2.603s] -- Up-to-date: /home/ayaan/URC/URC/install/interbotix_xs_msgs/include/interbotix_xs_msgs/interbotix_xs_msgs/msg/detail/joint_single_command__traits.hpp
[2.603s] -- Up-to-date: /home/ayaan/URC/URC/install/interbotix_xs_msgs/include/interbotix_xs_msgs/interbotix_xs_msgs/msg/detail/joint_temps__builder.hpp
[2.604s] -- Up-to-date: /home/ayaan/URC/URC/install/interbotix_xs_msgs/include/interbotix_xs_msgs/interbotix_xs_msgs/msg/detail/hex_joy__traits.hpp
[2.604s] -- Up-to-date: /home/ayaan/URC/URC/install/interbotix_xs_msgs/include/interbotix_xs_msgs/interbotix_xs_msgs/msg/detail/locobot_joy__traits.hpp
[2.604s] -- Up-to-date: /home/ayaan/URC/URC/install/interbotix_xs_msgs/include/interbotix_xs_msgs/interbotix_xs_msgs/msg/detail/hex_joy__struct.hpp
[2.604s] -- Up-to-date: /home/ayaan/URC/URC/install/interbotix_xs_msgs/include/interbotix_xs_msgs/interbotix_xs_msgs/msg/detail/joint_single_command__struct.hpp
[2.604s] -- Up-to-date: /home/ayaan/URC/URC/install/interbotix_xs_msgs/include/interbotix_xs_msgs/interbotix_xs_msgs/msg/detail/locobot_joy__struct.hpp
[2.604s] -- Up-to-date: /home/ayaan/URC/URC/install/interbotix_xs_msgs/include/interbotix_xs_msgs/interbotix_xs_msgs/msg/detail/turret_joy__builder.hpp
[2.605s] -- Up-to-date: /home/ayaan/URC/URC/install/interbotix_xs_msgs/include/interbotix_xs_msgs/interbotix_xs_msgs/msg/detail/arm_joy__traits.hpp
[2.605s] -- Up-to-date: /home/ayaan/URC/URC/install/interbotix_xs_msgs/include/interbotix_xs_msgs/interbotix_xs_msgs/msg/detail/hex_joy__type_support.hpp
[2.606s] -- Up-to-date: /home/ayaan/URC/URC/install/interbotix_xs_msgs/include/interbotix_xs_msgs/interbotix_xs_msgs/msg/detail/joint_trajectory_command__type_support.hpp
[2.606s] -- Up-to-date: /home/ayaan/URC/URC/install/interbotix_xs_msgs/include/interbotix_xs_msgs/interbotix_xs_msgs/msg/turret_joy.hpp
[2.606s] -- Up-to-date: /home/ayaan/URC/URC/install/interbotix_xs_msgs/include/interbotix_xs_msgs/interbotix_xs_msgs/msg/joint_trajectory_command.hpp
[2.606s] -- Up-to-date: /home/ayaan/URC/URC/install/interbotix_xs_msgs/include/interbotix_xs_msgs/interbotix_xs_msgs/msg/locobot_joy.hpp
[2.606s] -- Up-to-date: /home/ayaan/URC/URC/install/interbotix_xs_msgs/include/interbotix_xs_msgs/interbotix_xs_msgs/msg/joint_temps.hpp
[2.607s] -- Up-to-date: /home/ayaan/URC/URC/install/interbotix_xs_msgs/include/interbotix_xs_msgs/interbotix_xs_msgs/msg/rosidl_generator_cpp__visibility_control.hpp
[2.607s] -- Up-to-date: /home/ayaan/URC/URC/install/interbotix_xs_msgs/include/interbotix_xs_msgs/interbotix_xs_msgs/srv
[2.607s] -- Up-to-date: /home/ayaan/URC/URC/install/interbotix_xs_msgs/include/interbotix_xs_msgs/interbotix_xs_msgs/srv/reboot.hpp
[2.607s] -- Up-to-date: /home/ayaan/URC/URC/install/interbotix_xs_msgs/include/interbotix_xs_msgs/interbotix_xs_msgs/srv/robot_info.hpp
[2.607s] -- Up-to-date: /home/ayaan/URC/URC/install/interbotix_xs_msgs/include/interbotix_xs_msgs/interbotix_xs_msgs/srv/detail
[2.607s] -- Up-to-date: /home/ayaan/URC/URC/install/interbotix_xs_msgs/include/interbotix_xs_msgs/interbotix_xs_msgs/srv/detail/register_values__type_support.hpp
[2.608s] -- Up-to-date: /home/ayaan/URC/URC/install/interbotix_xs_msgs/include/interbotix_xs_msgs/interbotix_xs_msgs/srv/detail/motor_gains__struct.hpp
[2.608s] -- Up-to-date: /home/ayaan/URC/URC/install/interbotix_xs_msgs/include/interbotix_xs_msgs/interbotix_xs_msgs/srv/detail/robot_info__builder.hpp
[2.608s] -- Up-to-date: /home/ayaan/URC/URC/install/interbotix_xs_msgs/include/interbotix_xs_msgs/interbotix_xs_msgs/srv/detail/robot_info__struct.hpp
[2.608s] -- Up-to-date: /home/ayaan/URC/URC/install/interbotix_xs_msgs/include/interbotix_xs_msgs/interbotix_xs_msgs/srv/detail/operating_modes__type_support.hpp
[2.608s] -- Up-to-date: /home/ayaan/URC/URC/install/interbotix_xs_msgs/include/interbotix_xs_msgs/interbotix_xs_msgs/srv/detail/reboot__traits.hpp
[2.609s] -- Up-to-date: /home/ayaan/URC/URC/install/interbotix_xs_msgs/include/interbotix_xs_msgs/interbotix_xs_msgs/srv/detail/register_values__struct.hpp
[2.609s] -- Up-to-date: /home/ayaan/URC/URC/install/interbotix_xs_msgs/include/interbotix_xs_msgs/interbotix_xs_msgs/srv/detail/operating_modes__builder.hpp
[2.609s] -- Up-to-date: /home/ayaan/URC/URC/install/interbotix_xs_msgs/include/interbotix_xs_msgs/interbotix_xs_msgs/srv/detail/operating_modes__struct.hpp
[2.609s] -- Up-to-date: /home/ayaan/URC/URC/install/interbotix_xs_msgs/include/interbotix_xs_msgs/interbotix_xs_msgs/srv/detail/torque_enable__type_support.hpp
[2.609s] -- Up-to-date: /home/ayaan/URC/URC/install/interbotix_xs_msgs/include/interbotix_xs_msgs/interbotix_xs_msgs/srv/detail/reboot__type_support.hpp
[2.609s] -- Up-to-date: /home/ayaan/URC/URC/install/interbotix_xs_msgs/include/interbotix_xs_msgs/interbotix_xs_msgs/srv/detail/motor_gains__builder.hpp
[2.610s] -- Up-to-date: /home/ayaan/URC/URC/install/interbotix_xs_msgs/include/interbotix_xs_msgs/interbotix_xs_msgs/srv/detail/register_values__traits.hpp
[2.610s] -- Up-to-date: /home/ayaan/URC/URC/install/interbotix_xs_msgs/include/interbotix_xs_msgs/interbotix_xs_msgs/srv/detail/motor_gains__type_support.hpp
[2.610s] -- Up-to-date: /home/ayaan/URC/URC/install/interbotix_xs_msgs/include/interbotix_xs_msgs/interbotix_xs_msgs/srv/detail/reboot__builder.hpp
[2.610s] -- Up-to-date: /home/ayaan/URC/URC/install/interbotix_xs_msgs/include/interbotix_xs_msgs/interbotix_xs_msgs/srv/detail/torque_enable__traits.hpp
[2.610s] -- Up-to-date: /home/ayaan/URC/URC/install/interbotix_xs_msgs/include/interbotix_xs_msgs/interbotix_xs_msgs/srv/detail/reboot__struct.hpp
[2.610s] -- Up-to-date: /home/ayaan/URC/URC/install/interbotix_xs_msgs/include/interbotix_xs_msgs/interbotix_xs_msgs/srv/detail/robot_info__type_support.hpp
[2.611s] -- Up-to-date: /home/ayaan/URC/URC/install/interbotix_xs_msgs/include/interbotix_xs_msgs/interbotix_xs_msgs/srv/detail/torque_enable__builder.hpp
[2.611s] -- Up-to-date: /home/ayaan/URC/URC/install/interbotix_xs_msgs/include/interbotix_xs_msgs/interbotix_xs_msgs/srv/detail/register_values__builder.hpp
[2.611s] -- Up-to-date: /home/ayaan/URC/URC/install/interbotix_xs_msgs/include/interbotix_xs_msgs/interbotix_xs_msgs/srv/detail/torque_enable__struct.hpp
[2.611s] -- Up-to-date: /home/ayaan/URC/URC/install/interbotix_xs_msgs/include/interbotix_xs_msgs/interbotix_xs_msgs/srv/detail/operating_modes__traits.hpp
[2.611s] -- Up-to-date: /home/ayaan/URC/URC/install/interbotix_xs_msgs/include/interbotix_xs_msgs/interbotix_xs_msgs/srv/detail/robot_info__traits.hpp
[2.612s] -- Up-to-date: /home/ayaan/URC/URC/install/interbotix_xs_msgs/include/interbotix_xs_msgs/interbotix_xs_msgs/srv/detail/motor_gains__traits.hpp
[2.612s] -- Up-to-date: /home/ayaan/URC/URC/install/interbotix_xs_msgs/include/interbotix_xs_msgs/interbotix_xs_msgs/srv/register_values.hpp
[2.612s] -- Up-to-date: /home/ayaan/URC/URC/install/interbotix_xs_msgs/include/interbotix_xs_msgs/interbotix_xs_msgs/srv/operating_modes.hpp
[2.612s] -- Up-to-date: /home/ayaan/URC/URC/install/interbotix_xs_msgs/include/interbotix_xs_msgs/interbotix_xs_msgs/srv/torque_enable.hpp
[2.612s] -- Up-to-date: /home/ayaan/URC/URC/install/interbotix_xs_msgs/include/interbotix_xs_msgs/interbotix_xs_msgs/srv/motor_gains.hpp
[2.613s] -- Up-to-date: /home/ayaan/URC/URC/install/interbotix_xs_msgs/include/interbotix_xs_msgs/interbotix_xs_msgs
[2.613s] -- Up-to-date: /home/ayaan/URC/URC/install/interbotix_xs_msgs/include/interbotix_xs_msgs/interbotix_xs_msgs/msg
[2.613s] -- Up-to-date: /home/ayaan/URC/URC/install/interbotix_xs_msgs/include/interbotix_xs_msgs/interbotix_xs_msgs/msg/detail
[2.613s] -- Up-to-date: /home/ayaan/URC/URC/install/interbotix_xs_msgs/include/interbotix_xs_msgs/interbotix_xs_msgs/msg/detail/arm_joy__rosidl_typesupport_fastrtps_cpp.hpp
[2.613s] -- Up-to-date: /home/ayaan/URC/URC/install/interbotix_xs_msgs/include/interbotix_xs_msgs/interbotix_xs_msgs/msg/detail/locobot_joy__rosidl_typesupport_fastrtps_cpp.hpp
[2.614s] -- Up-to-date: /home/ayaan/URC/URC/install/interbotix_xs_msgs/include/interbotix_xs_msgs/interbotix_xs_msgs/msg/detail/joint_single_command__rosidl_typesupport_fastrtps_cpp.hpp
[2.614s] -- Up-to-date: /home/ayaan/URC/URC/install/interbotix_xs_msgs/include/interbotix_xs_msgs/interbotix_xs_msgs/msg/detail/turret_joy__rosidl_typesupport_fastrtps_cpp.hpp
[2.614s] -- Up-to-date: /home/ayaan/URC/URC/install/interbotix_xs_msgs/include/interbotix_xs_msgs/interbotix_xs_msgs/msg/detail/hex_joy__rosidl_typesupport_fastrtps_cpp.hpp
[2.614s] -- Up-to-date: /home/ayaan/URC/URC/install/interbotix_xs_msgs/include/interbotix_xs_msgs/interbotix_xs_msgs/msg/detail/joint_group_command__rosidl_typesupport_fastrtps_cpp.hpp
[2.614s] -- Up-to-date: /home/ayaan/URC/URC/install/interbotix_xs_msgs/include/interbotix_xs_msgs/interbotix_xs_msgs/msg/detail/dds_fastrtps
[2.614s] -- Up-to-date: /home/ayaan/URC/URC/install/interbotix_xs_msgs/include/interbotix_xs_msgs/interbotix_xs_msgs/msg/detail/joint_temps__rosidl_typesupport_fastrtps_cpp.hpp
[2.615s] -- Up-to-date: /home/ayaan/URC/URC/install/interbotix_xs_msgs/include/interbotix_xs_msgs/interbotix_xs_msgs/msg/detail/joint_trajectory_command__rosidl_typesupport_fastrtps_cpp.hpp
[2.615s] -- Up-to-date: /home/ayaan/URC/URC/install/interbotix_xs_msgs/include/interbotix_xs_msgs/interbotix_xs_msgs/msg/rosidl_typesupport_fastrtps_cpp__visibility_control.h
[2.615s] -- Up-to-date: /home/ayaan/URC/URC/install/interbotix_xs_msgs/include/interbotix_xs_msgs/interbotix_xs_msgs/srv
[2.615s] -- Up-to-date: /home/ayaan/URC/URC/install/interbotix_xs_msgs/include/interbotix_xs_msgs/interbotix_xs_msgs/srv/detail
[2.615s] -- Up-to-date: /home/ayaan/URC/URC/install/interbotix_xs_msgs/include/interbotix_xs_msgs/interbotix_xs_msgs/srv/detail/reboot__rosidl_typesupport_fastrtps_cpp.hpp
[2.615s] -- Up-to-date: /home/ayaan/URC/URC/install/interbotix_xs_msgs/include/interbotix_xs_msgs/interbotix_xs_msgs/srv/detail/register_values__rosidl_typesupport_fastrtps_cpp.hpp
[2.616s] -- Up-to-date: /home/ayaan/URC/URC/install/interbotix_xs_msgs/include/interbotix_xs_msgs/interbotix_xs_msgs/srv/detail/dds_fastrtps
[2.616s] -- Up-to-date: /home/ayaan/URC/URC/install/interbotix_xs_msgs/include/interbotix_xs_msgs/interbotix_xs_msgs/srv/detail/torque_enable__rosidl_typesupport_fastrtps_cpp.hpp
[2.616s] -- Up-to-date: /home/ayaan/URC/URC/install/interbotix_xs_msgs/include/interbotix_xs_msgs/interbotix_xs_msgs/srv/detail/operating_modes__rosidl_typesupport_fastrtps_cpp.hpp
[2.616s] -- Up-to-date: /home/ayaan/URC/URC/install/interbotix_xs_msgs/include/interbotix_xs_msgs/interbotix_xs_msgs/srv/detail/robot_info__rosidl_typesupport_fastrtps_cpp.hpp
[2.617s] -- Up-to-date: /home/ayaan/URC/URC/install/interbotix_xs_msgs/include/interbotix_xs_msgs/interbotix_xs_msgs/srv/detail/motor_gains__rosidl_typesupport_fastrtps_cpp.hpp
[2.617s] -- Up-to-date: /home/ayaan/URC/URC/install/interbotix_xs_msgs/lib/libinterbotix_xs_msgs__rosidl_typesupport_fastrtps_cpp.so
[2.617s] -- Up-to-date: /home/ayaan/URC/URC/install/interbotix_xs_msgs/include/interbotix_xs_msgs/interbotix_xs_msgs
[2.617s] -- Up-to-date: /home/ayaan/URC/URC/install/interbotix_xs_msgs/include/interbotix_xs_msgs/interbotix_xs_msgs/msg
[2.618s] -- Up-to-date: /home/ayaan/URC/URC/install/interbotix_xs_msgs/include/interbotix_xs_msgs/interbotix_xs_msgs/msg/detail
[2.618s] -- Up-to-date: /home/ayaan/URC/URC/install/interbotix_xs_msgs/include/interbotix_xs_msgs/interbotix_xs_msgs/msg/detail/joint_single_command__type_support.cpp
[2.618s] -- Up-to-date: /home/ayaan/URC/URC/install/interbotix_xs_msgs/include/interbotix_xs_msgs/interbotix_xs_msgs/msg/detail/locobot_joy__rosidl_typesupport_introspection_cpp.hpp
[2.618s] -- Up-to-date: /home/ayaan/URC/URC/install/interbotix_xs_msgs/include/interbotix_xs_msgs/interbotix_xs_msgs/msg/detail/joint_single_command__rosidl_typesupport_introspection_cpp.hpp
[2.618s] -- Up-to-date: /home/ayaan/URC/URC/install/interbotix_xs_msgs/include/interbotix_xs_msgs/interbotix_xs_msgs/msg/detail/joint_trajectory_command__rosidl_typesupport_introspection_cpp.hpp
[2.619s] -- Up-to-date: /home/ayaan/URC/URC/install/interbotix_xs_msgs/include/interbotix_xs_msgs/interbotix_xs_msgs/msg/detail/turret_joy__type_support.cpp
[2.619s] -- Up-to-date: /home/ayaan/URC/URC/install/interbotix_xs_msgs/include/interbotix_xs_msgs/interbotix_xs_msgs/msg/detail/joint_temps__rosidl_typesupport_introspection_cpp.hpp
[2.619s] -- Up-to-date: /home/ayaan/URC/URC/install/interbotix_xs_msgs/include/interbotix_xs_msgs/interbotix_xs_msgs/msg/detail/joint_group_command__type_support.cpp
[2.619s] -- Up-to-date: /home/ayaan/URC/URC/install/interbotix_xs_msgs/include/interbotix_xs_msgs/interbotix_xs_msgs/msg/detail/arm_joy__rosidl_typesupport_introspection_cpp.hpp
[2.619s] -- Up-to-date: /home/ayaan/URC/URC/install/interbotix_xs_msgs/include/interbotix_xs_msgs/interbotix_xs_msgs/msg/detail/joint_group_command__rosidl_typesupport_introspection_cpp.hpp
[2.620s] -- Up-to-date: /home/ayaan/URC/URC/install/interbotix_xs_msgs/include/interbotix_xs_msgs/interbotix_xs_msgs/msg/detail/locobot_joy__type_support.cpp
[2.620s] -- Up-to-date: /home/ayaan/URC/URC/install/interbotix_xs_msgs/include/interbotix_xs_msgs/interbotix_xs_msgs/msg/detail/hex_joy__type_support.cpp
[2.620s] -- Up-to-date: /home/ayaan/URC/URC/install/interbotix_xs_msgs/include/interbotix_xs_msgs/interbotix_xs_msgs/msg/detail/joint_trajectory_command__type_support.cpp
[2.620s] -- Up-to-date: /home/ayaan/URC/URC/install/interbotix_xs_msgs/include/interbotix_xs_msgs/interbotix_xs_msgs/msg/detail/joint_temps__type_support.cpp
[2.621s] -- Up-to-date: /home/ayaan/URC/URC/install/interbotix_xs_msgs/include/interbotix_xs_msgs/interbotix_xs_msgs/msg/detail/arm_joy__type_support.cpp
[2.621s] -- Up-to-date: /home/ayaan/URC/URC/install/interbotix_xs_msgs/include/interbotix_xs_msgs/interbotix_xs_msgs/msg/detail/hex_joy__rosidl_typesupport_introspection_cpp.hpp
[2.621s] -- Up-to-date: /home/ayaan/URC/URC/install/interbotix_xs_msgs/include/interbotix_xs_msgs/interbotix_xs_msgs/msg/detail/turret_joy__rosidl_typesupport_introspection_cpp.hpp
[2.621s] -- Up-to-date: /home/ayaan/URC/URC/install/interbotix_xs_msgs/include/interbotix_xs_msgs/interbotix_xs_msgs/srv
[2.621s] -- Up-to-date: /home/ayaan/URC/URC/install/interbotix_xs_msgs/include/interbotix_xs_msgs/interbotix_xs_msgs/srv/detail
[2.621s] -- Up-to-date: /home/ayaan/URC/URC/install/interbotix_xs_msgs/include/interbotix_xs_msgs/interbotix_xs_msgs/srv/detail/torque_enable__type_support.cpp
[2.622s] -- Up-to-date: /home/ayaan/URC/URC/install/interbotix_xs_msgs/include/interbotix_xs_msgs/interbotix_xs_msgs/srv/detail/motor_gains__rosidl_typesupport_introspection_cpp.hpp
[2.622s] -- Up-to-date: /home/ayaan/URC/URC/install/interbotix_xs_msgs/include/interbotix_xs_msgs/interbotix_xs_msgs/srv/detail/reboot__rosidl_typesupport_introspection_cpp.hpp
[2.622s] -- Up-to-date: /home/ayaan/URC/URC/install/interbotix_xs_msgs/include/interbotix_xs_msgs/interbotix_xs_msgs/srv/detail/torque_enable__rosidl_typesupport_introspection_cpp.hpp
[2.622s] -- Up-to-date: /home/ayaan/URC/URC/install/interbotix_xs_msgs/include/interbotix_xs_msgs/interbotix_xs_msgs/srv/detail/register_values__type_support.cpp
[2.622s] -- Up-to-date: /home/ayaan/URC/URC/install/interbotix_xs_msgs/include/interbotix_xs_msgs/interbotix_xs_msgs/srv/detail/operating_modes__type_support.cpp
[2.623s] -- Up-to-date: /home/ayaan/URC/URC/install/interbotix_xs_msgs/include/interbotix_xs_msgs/interbotix_xs_msgs/srv/detail/robot_info__type_support.cpp
[2.623s] -- Up-to-date: /home/ayaan/URC/URC/install/interbotix_xs_msgs/include/interbotix_xs_msgs/interbotix_xs_msgs/srv/detail/motor_gains__type_support.cpp
[2.623s] -- Up-to-date: /home/ayaan/URC/URC/install/interbotix_xs_msgs/include/interbotix_xs_msgs/interbotix_xs_msgs/srv/detail/reboot__type_support.cpp
[2.623s] -- Up-to-date: /home/ayaan/URC/URC/install/interbotix_xs_msgs/include/interbotix_xs_msgs/interbotix_xs_msgs/srv/detail/robot_info__rosidl_typesupport_introspection_cpp.hpp
[2.623s] -- Up-to-date: /home/ayaan/URC/URC/install/interbotix_xs_msgs/include/interbotix_xs_msgs/interbotix_xs_msgs/srv/detail/register_values__rosidl_typesupport_introspection_cpp.hpp
[2.623s] -- Up-to-date: /home/ayaan/URC/URC/install/interbotix_xs_msgs/include/interbotix_xs_msgs/interbotix_xs_msgs/srv/detail/operating_modes__rosidl_typesupport_introspection_cpp.hpp
[2.624s] -- Up-to-date: /home/ayaan/URC/URC/install/interbotix_xs_msgs/lib/libinterbotix_xs_msgs__rosidl_typesupport_introspection_cpp.so
[2.624s] -- Up-to-date: /home/ayaan/URC/URC/install/interbotix_xs_msgs/lib/libinterbotix_xs_msgs__rosidl_typesupport_cpp.so
[2.624s] -- Up-to-date: /home/ayaan/URC/URC/install/interbotix_xs_msgs/share/interbotix_xs_msgs/environment/pythonpath.sh
[2.624s] -- Up-to-date: /home/ayaan/URC/URC/install/interbotix_xs_msgs/share/interbotix_xs_msgs/environment/pythonpath.dsv
[2.624s] -- Up-to-date: /home/ayaan/URC/URC/install/interbotix_xs_msgs/lib/python3.12/site-packages/interbotix_xs_msgs-0.0.0-py3.12.egg-info
[2.625s] -- Installing: /home/ayaan/URC/URC/install/interbotix_xs_msgs/lib/python3.12/site-packages/interbotix_xs_msgs-0.0.0-py3.12.egg-info/top_level.txt
[2.625s] -- Installing: /home/ayaan/URC/URC/install/interbotix_xs_msgs/lib/python3.12/site-packages/interbotix_xs_msgs-0.0.0-py3.12.egg-info/dependency_links.txt
[2.625s] -- Installing: /home/ayaan/URC/URC/install/interbotix_xs_msgs/lib/python3.12/site-packages/interbotix_xs_msgs-0.0.0-py3.12.egg-info/PKG-INFO
[2.626s] -- Installing: /home/ayaan/URC/URC/install/interbotix_xs_msgs/lib/python3.12/site-packages/interbotix_xs_msgs-0.0.0-py3.12.egg-info/SOURCES.txt
[2.626s] -- Up-to-date: /home/ayaan/URC/URC/install/interbotix_xs_msgs/lib/python3.12/site-packages/interbotix_xs_msgs
[2.626s] -- Up-to-date: /home/ayaan/URC/URC/install/interbotix_xs_msgs/lib/python3.12/site-packages/interbotix_xs_msgs/msg
[2.626s] -- Up-to-date: /home/ayaan/URC/URC/install/interbotix_xs_msgs/lib/python3.12/site-packages/interbotix_xs_msgs/msg/_locobot_joy_s.c
[2.627s] -- Up-to-date: /home/ayaan/URC/URC/install/interbotix_xs_msgs/lib/python3.12/site-packages/interbotix_xs_msgs/msg/_hex_joy_s.c
[2.627s] -- Up-to-date: /home/ayaan/URC/URC/install/interbotix_xs_msgs/lib/python3.12/site-packages/interbotix_xs_msgs/msg/_joint_trajectory_command.py
[2.627s] -- Up-to-date: /home/ayaan/URC/URC/install/interbotix_xs_msgs/lib/python3.12/site-packages/interbotix_xs_msgs/msg/_locobot_joy.py
[2.627s] -- Up-to-date: /home/ayaan/URC/URC/install/interbotix_xs_msgs/lib/python3.12/site-packages/interbotix_xs_msgs/msg/_arm_joy_s.c
[2.628s] -- Up-to-date: /home/ayaan/URC/URC/install/interbotix_xs_msgs/lib/python3.12/site-packages/interbotix_xs_msgs/msg/_arm_joy.py
[2.628s] -- Up-to-date: /home/ayaan/URC/URC/install/interbotix_xs_msgs/lib/python3.12/site-packages/interbotix_xs_msgs/msg/_hex_joy.py
[2.628s] -- Up-to-date: /home/ayaan/URC/URC/install/interbotix_xs_msgs/lib/python3.12/site-packages/interbotix_xs_msgs/msg/_joint_trajectory_command_s.c
[2.628s] -- Up-to-date: /home/ayaan/URC/URC/install/interbotix_xs_msgs/lib/python3.12/site-packages/interbotix_xs_msgs/msg/_joint_temps_s.c
[2.629s] -- Up-to-date: /home/ayaan/URC/URC/install/interbotix_xs_msgs/lib/python3.12/site-packages/interbotix_xs_msgs/msg/_joint_single_command.py
[2.629s] -- Up-to-date: /home/ayaan/URC/URC/install/interbotix_xs_msgs/lib/python3.12/site-packages/interbotix_xs_msgs/msg/_joint_group_command.py
[2.629s] -- Up-to-date: /home/ayaan/URC/URC/install/interbotix_xs_msgs/lib/python3.12/site-packages/interbotix_xs_msgs/msg/__init__.py
[2.629s] -- Up-to-date: /home/ayaan/URC/URC/install/interbotix_xs_msgs/lib/python3.12/site-packages/interbotix_xs_msgs/msg/_turret_joy_s.c
[2.629s] -- Up-to-date: /home/ayaan/URC/URC/install/interbotix_xs_msgs/lib/python3.12/site-packages/interbotix_xs_msgs/msg/_joint_group_command_s.c
[2.629s] -- Up-to-date: /home/ayaan/URC/URC/install/interbotix_xs_msgs/lib/python3.12/site-packages/interbotix_xs_msgs/msg/_turret_joy.py
[2.630s] -- Up-to-date: /home/ayaan/URC/URC/install/interbotix_xs_msgs/lib/python3.12/site-packages/interbotix_xs_msgs/msg/_joint_temps.py
[2.630s] -- Up-to-date: /home/ayaan/URC/URC/install/interbotix_xs_msgs/lib/python3.12/site-packages/interbotix_xs_msgs/msg/_joint_single_command_s.c
[2.630s] -- Up-to-date: /home/ayaan/URC/URC/install/interbotix_xs_msgs/lib/python3.12/site-packages/interbotix_xs_msgs/srv
[2.630s] -- Up-to-date: /home/ayaan/URC/URC/install/interbotix_xs_msgs/lib/python3.12/site-packages/interbotix_xs_msgs/srv/_torque_enable.py
[2.630s] -- Up-to-date: /home/ayaan/URC/URC/install/interbotix_xs_msgs/lib/python3.12/site-packages/interbotix_xs_msgs/srv/_robot_info.py
[2.631s] -- Up-to-date: /home/ayaan/URC/URC/install/interbotix_xs_msgs/lib/python3.12/site-packages/interbotix_xs_msgs/srv/_motor_gains.py
[2.631s] -- Up-to-date: /home/ayaan/URC/URC/install/interbotix_xs_msgs/lib/python3.12/site-packages/interbotix_xs_msgs/srv/_operating_modes.py
[2.631s] -- Up-to-date: /home/ayaan/URC/URC/install/interbotix_xs_msgs/lib/python3.12/site-packages/interbotix_xs_msgs/srv/_register_values.py
[2.631s] -- Up-to-date: /home/ayaan/URC/URC/install/interbotix_xs_msgs/lib/python3.12/site-packages/interbotix_xs_msgs/srv/_robot_info_s.c
[2.631s] -- Up-to-date: /home/ayaan/URC/URC/install/interbotix_xs_msgs/lib/python3.12/site-packages/interbotix_xs_msgs/srv/_reboot_s.c
[2.632s] -- Up-to-date: /home/ayaan/URC/URC/install/interbotix_xs_msgs/lib/python3.12/site-packages/interbotix_xs_msgs/srv/_operating_modes_s.c
[2.632s] -- Up-to-date: /home/ayaan/URC/URC/install/interbotix_xs_msgs/lib/python3.12/site-packages/interbotix_xs_msgs/srv/_torque_enable_s.c
[2.632s] -- Up-to-date: /home/ayaan/URC/URC/install/interbotix_xs_msgs/lib/python3.12/site-packages/interbotix_xs_msgs/srv/__init__.py
[2.632s] -- Up-to-date: /home/ayaan/URC/URC/install/interbotix_xs_msgs/lib/python3.12/site-packages/interbotix_xs_msgs/srv/_reboot.py
[2.632s] -- Up-to-date: /home/ayaan/URC/URC/install/interbotix_xs_msgs/lib/python3.12/site-packages/interbotix_xs_msgs/srv/_motor_gains_s.c
[2.632s] -- Up-to-date: /home/ayaan/URC/URC/install/interbotix_xs_msgs/lib/python3.12/site-packages/interbotix_xs_msgs/srv/_register_values_s.c
[2.633s] -- Up-to-date: /home/ayaan/URC/URC/install/interbotix_xs_msgs/lib/python3.12/site-packages/interbotix_xs_msgs/_interbotix_xs_msgs_s.ep.rosidl_typesupport_c.c
[2.633s] -- Up-to-date: /home/ayaan/URC/URC/install/interbotix_xs_msgs/lib/python3.12/site-packages/interbotix_xs_msgs/interbotix_xs_msgs_s__rosidl_typesupport_fastrtps_c.so
[2.633s] -- Up-to-date: /home/ayaan/URC/URC/install/interbotix_xs_msgs/lib/python3.12/site-packages/interbotix_xs_msgs/__init__.py
[2.633s] -- Up-to-date: /home/ayaan/URC/URC/install/interbotix_xs_msgs/lib/python3.12/site-packages/interbotix_xs_msgs/interbotix_xs_msgs_s__rosidl_typesupport_c.so
[2.633s] -- Up-to-date: /home/ayaan/URC/URC/install/interbotix_xs_msgs/lib/python3.12/site-packages/interbotix_xs_msgs/_interbotix_xs_msgs_s.ep.rosidl_typesupport_fastrtps_c.c
[2.633s] -- Up-to-date: /home/ayaan/URC/URC/install/interbotix_xs_msgs/lib/python3.12/site-packages/interbotix_xs_msgs/interbotix_xs_msgs_s__rosidl_typesupport_introspection_c.so
[2.634s] -- Up-to-date: /home/ayaan/URC/URC/install/interbotix_xs_msgs/lib/python3.12/site-packages/interbotix_xs_msgs/_interbotix_xs_msgs_s.ep.rosidl_typesupport_introspection_c.c
[2.739s] Listing '/home/ayaan/URC/URC/install/interbotix_xs_msgs/lib/python3.12/site-packages/interbotix_xs_msgs'...
[2.740s] Listing '/home/ayaan/URC/URC/install/interbotix_xs_msgs/lib/python3.12/site-packages/interbotix_xs_msgs/msg'...
[2.740s] Listing '/home/ayaan/URC/URC/install/interbotix_xs_msgs/lib/python3.12/site-packages/interbotix_xs_msgs/srv'...
[2.765s] -- Up-to-date: /home/ayaan/URC/URC/install/interbotix_xs_msgs/lib/python3.12/site-packages/interbotix_xs_msgs/interbotix_xs_msgs_s__rosidl_typesupport_fastrtps_c.so
[2.765s] -- Up-to-date: /home/ayaan/URC/URC/install/interbotix_xs_msgs/lib/python3.12/site-packages/interbotix_xs_msgs/interbotix_xs_msgs_s__rosidl_typesupport_introspection_c.so
[2.767s] -- Up-to-date: /home/ayaan/URC/URC/install/interbotix_xs_msgs/lib/python3.12/site-packages/interbotix_xs_msgs/interbotix_xs_msgs_s__rosidl_typesupport_c.so
[2.769s] -- Up-to-date: /home/ayaan/URC/URC/install/interbotix_xs_msgs/lib/libinterbotix_xs_msgs__rosidl_generator_py.so
[2.769s] -- Up-to-date: /home/ayaan/URC/URC/install/interbotix_xs_msgs/share/interbotix_xs_msgs/msg/ArmJoy.idl
[2.770s] -- Up-to-date: /home/ayaan/URC/URC/install/interbotix_xs_msgs/share/interbotix_xs_msgs/msg/HexJoy.idl
[2.770s] -- Up-to-date: /home/ayaan/URC/URC/install/interbotix_xs_msgs/share/interbotix_xs_msgs/msg/JointGroupCommand.idl
[2.770s] -- Up-to-date: /home/ayaan/URC/URC/install/interbotix_xs_msgs/share/interbotix_xs_msgs/msg/JointSingleCommand.idl
[2.770s] -- Up-to-date: /home/ayaan/URC/URC/install/interbotix_xs_msgs/share/interbotix_xs_msgs/msg/JointTemps.idl
[2.770s] -- Up-to-date: /home/ayaan/URC/URC/install/interbotix_xs_msgs/share/interbotix_xs_msgs/msg/JointTrajectoryCommand.idl
[2.771s] -- Up-to-date: /home/ayaan/URC/URC/install/interbotix_xs_msgs/share/interbotix_xs_msgs/msg/LocobotJoy.idl
[2.771s] -- Up-to-date: /home/ayaan/URC/URC/install/interbotix_xs_msgs/share/interbotix_xs_msgs/msg/TurretJoy.idl
[2.771s] -- Up-to-date: /home/ayaan/URC/URC/install/interbotix_xs_msgs/share/interbotix_xs_msgs/srv/MotorGains.idl
[2.771s] -- Up-to-date: /home/ayaan/URC/URC/install/interbotix_xs_msgs/share/interbotix_xs_msgs/srv/OperatingModes.idl
[2.772s] -- Up-to-date: /home/ayaan/URC/URC/install/interbotix_xs_msgs/share/interbotix_xs_msgs/srv/Reboot.idl
[2.772s] -- Up-to-date: /home/ayaan/URC/URC/install/interbotix_xs_msgs/share/interbotix_xs_msgs/srv/RegisterValues.idl
[2.772s] -- Up-to-date: /home/ayaan/URC/URC/install/interbotix_xs_msgs/share/interbotix_xs_msgs/srv/RobotInfo.idl
[2.772s] -- Up-to-date: /home/ayaan/URC/URC/install/interbotix_xs_msgs/share/interbotix_xs_msgs/srv/TorqueEnable.idl
[2.772s] -- Up-to-date: /home/ayaan/URC/URC/install/interbotix_xs_msgs/share/interbotix_xs_msgs/msg/ArmJoy.msg
[2.772s] -- Up-to-date: /home/ayaan/URC/URC/install/interbotix_xs_msgs/share/interbotix_xs_msgs/msg/HexJoy.msg
[2.773s] -- Up-to-date: /home/ayaan/URC/URC/install/interbotix_xs_msgs/share/interbotix_xs_msgs/msg/JointGroupCommand.msg
[2.773s] -- Up-to-date: /home/ayaan/URC/URC/install/interbotix_xs_msgs/share/interbotix_xs_msgs/msg/JointSingleCommand.msg
[2.773s] -- Up-to-date: /home/ayaan/URC/URC/install/interbotix_xs_msgs/share/interbotix_xs_msgs/msg/JointTemps.msg
[2.774s] -- Up-to-date: /home/ayaan/URC/URC/install/interbotix_xs_msgs/share/interbotix_xs_msgs/msg/JointTrajectoryCommand.msg
[2.774s] -- Up-to-date: /home/ayaan/URC/URC/install/interbotix_xs_msgs/share/interbotix_xs_msgs/msg/LocobotJoy.msg
[2.774s] -- Up-to-date: /home/ayaan/URC/URC/install/interbotix_xs_msgs/share/interbotix_xs_msgs/msg/TurretJoy.msg
[2.774s] -- Up-to-date: /home/ayaan/URC/URC/install/interbotix_xs_msgs/share/interbotix_xs_msgs/srv/MotorGains.srv
[2.775s] -- Up-to-date: /home/ayaan/URC/URC/install/interbotix_xs_msgs/share/interbotix_xs_msgs/srv/OperatingModes.srv
[2.775s] -- Up-to-date: /home/ayaan/URC/URC/install/interbotix_xs_msgs/share/interbotix_xs_msgs/srv/Reboot.srv
[2.775s] -- Up-to-date: /home/ayaan/URC/URC/install/interbotix_xs_msgs/share/interbotix_xs_msgs/srv/RegisterValues.srv
[2.775s] -- Up-to-date: /home/ayaan/URC/URC/install/interbotix_xs_msgs/share/interbotix_xs_msgs/srv/RobotInfo.srv
[2.775s] -- Up-to-date: /home/ayaan/URC/URC/install/interbotix_xs_msgs/share/interbotix_xs_msgs/srv/TorqueEnable.srv
[2.776s] -- Up-to-date: /home/ayaan/URC/URC/install/interbotix_xs_msgs/share/ament_index/resource_index/package_run_dependencies/interbotix_xs_msgs
[2.776s] -- Up-to-date: /home/ayaan/URC/URC/install/interbotix_xs_msgs/share/ament_index/resource_index/parent_prefix_path/interbotix_xs_msgs
[2.776s] -- Up-to-date: /home/ayaan/URC/URC/install/interbotix_xs_msgs/share/interbotix_xs_msgs/environment/ament_prefix_path.sh
[2.776s] -- Up-to-date: /home/ayaan/URC/URC/install/interbotix_xs_msgs/share/interbotix_xs_msgs/environment/ament_prefix_path.dsv
[2.777s] -- Up-to-date: /home/ayaan/URC/URC/install/interbotix_xs_msgs/share/interbotix_xs_msgs/environment/path.sh
[2.777s] -- Up-to-date: /home/ayaan/URC/URC/install/interbotix_xs_msgs/share/interbotix_xs_msgs/environment/path.dsv
[2.777s] -- Up-to-date: /home/ayaan/URC/URC/install/interbotix_xs_msgs/share/interbotix_xs_msgs/local_setup.bash
[2.777s] -- Up-to-date: /home/ayaan/URC/URC/install/interbotix_xs_msgs/share/interbotix_xs_msgs/local_setup.sh
[2.777s] -- Up-to-date: /home/ayaan/URC/URC/install/interbotix_xs_msgs/share/interbotix_xs_msgs/local_setup.zsh
[2.778s] -- Up-to-date: /home/ayaan/URC/URC/install/interbotix_xs_msgs/share/interbotix_xs_msgs/local_setup.dsv
[2.778s] -- Installing: /home/ayaan/URC/URC/install/interbotix_xs_msgs/share/interbotix_xs_msgs/package.dsv
[2.778s] -- Up-to-date: /home/ayaan/URC/URC/install/interbotix_xs_msgs/share/ament_index/resource_index/packages/interbotix_xs_msgs
[2.778s] -- Up-to-date: /home/ayaan/URC/URC/install/interbotix_xs_msgs/share/interbotix_xs_msgs/cmake/export_interbotix_xs_msgs__rosidl_generator_cExport.cmake
[2.778s] -- Up-to-date: /home/ayaan/URC/URC/install/interbotix_xs_msgs/share/interbotix_xs_msgs/cmake/export_interbotix_xs_msgs__rosidl_generator_cExport-noconfig.cmake
[2.779s] -- Up-to-date: /home/ayaan/URC/URC/install/interbotix_xs_msgs/share/interbotix_xs_msgs/cmake/export_interbotix_xs_msgs__rosidl_typesupport_fastrtps_cExport.cmake
[2.779s] -- Up-to-date: /home/ayaan/URC/URC/install/interbotix_xs_msgs/share/interbotix_xs_msgs/cmake/export_interbotix_xs_msgs__rosidl_typesupport_fastrtps_cExport-noconfig.cmake
[2.779s] -- Up-to-date: /home/ayaan/URC/URC/install/interbotix_xs_msgs/share/interbotix_xs_msgs/cmake/interbotix_xs_msgs__rosidl_typesupport_introspection_cExport.cmake
[2.779s] -- Up-to-date: /home/ayaan/URC/URC/install/interbotix_xs_msgs/share/interbotix_xs_msgs/cmake/interbotix_xs_msgs__rosidl_typesupport_introspection_cExport-noconfig.cmake
[2.780s] -- Up-to-date: /home/ayaan/URC/URC/install/interbotix_xs_msgs/share/interbotix_xs_msgs/cmake/interbotix_xs_msgs__rosidl_typesupport_cExport.cmake
[2.780s] -- Up-to-date: /home/ayaan/URC/URC/install/interbotix_xs_msgs/share/interbotix_xs_msgs/cmake/interbotix_xs_msgs__rosidl_typesupport_cExport-noconfig.cmake
[2.780s] -- Up-to-date: /home/ayaan/URC/URC/install/interbotix_xs_msgs/share/interbotix_xs_msgs/cmake/export_interbotix_xs_msgs__rosidl_generator_cppExport.cmake
[2.780s] -- Up-to-date: /home/ayaan/URC/URC/install/interbotix_xs_msgs/share/interbotix_xs_msgs/cmake/export_interbotix_xs_msgs__rosidl_typesupport_fastrtps_cppExport.cmake
[2.781s] -- Up-to-date: /home/ayaan/URC/URC/install/interbotix_xs_msgs/share/interbotix_xs_msgs/cmake/export_interbotix_xs_msgs__rosidl_typesupport_fastrtps_cppExport-noconfig.cmake
[2.781s] -- Up-to-date: /home/ayaan/URC/URC/install/interbotix_xs_msgs/share/interbotix_xs_msgs/cmake/interbotix_xs_msgs__rosidl_typesupport_introspection_cppExport.cmake
[2.781s] -- Up-to-date: /home/ayaan/URC/URC/install/interbotix_xs_msgs/share/interbotix_xs_msgs/cmake/interbotix_xs_msgs__rosidl_typesupport_introspection_cppExport-noconfig.cmake
[2.782s] -- Up-to-date: /home/ayaan/URC/URC/install/interbotix_xs_msgs/share/interbotix_xs_msgs/cmake/interbotix_xs_msgs__rosidl_typesupport_cppExport.cmake
[2.782s] -- Up-to-date: /home/ayaan/URC/URC/install/interbotix_xs_msgs/share/interbotix_xs_msgs/cmake/interbotix_xs_msgs__rosidl_typesupport_cppExport-noconfig.cmake
[2.782s] -- Up-to-date: /home/ayaan/URC/URC/install/interbotix_xs_msgs/share/interbotix_xs_msgs/cmake/export_interbotix_xs_msgs__rosidl_generator_pyExport.cmake
[2.783s] -- Up-to-date: /home/ayaan/URC/URC/install/interbotix_xs_msgs/share/interbotix_xs_msgs/cmake/export_interbotix_xs_msgs__rosidl_generator_pyExport-noconfig.cmake
[2.783s] -- Up-to-date: /home/ayaan/URC/URC/install/interbotix_xs_msgs/share/interbotix_xs_msgs/cmake/rosidl_cmake-extras.cmake
[2.783s] -- Up-to-date: /home/ayaan/URC/URC/install/interbotix_xs_msgs/share/interbotix_xs_msgs/cmake/ament_cmake_export_dependencies-extras.cmake
[2.783s] -- Up-to-date: /home/ayaan/URC/URC/install/interbotix_xs_msgs/share/interbotix_xs_msgs/cmake/ament_cmake_export_include_directories-extras.cmake
[2.784s] -- Up-to-date: /home/ayaan/URC/URC/install/interbotix_xs_msgs/share/interbotix_xs_msgs/cmake/ament_cmake_export_libraries-extras.cmake
[2.784s] -- Up-to-date: /home/ayaan/URC/URC/install/interbotix_xs_msgs/share/interbotix_xs_msgs/cmake/ament_cmake_export_targets-extras.cmake
[2.784s] -- Up-to-date: /home/ayaan/URC/URC/install/interbotix_xs_msgs/share/interbotix_xs_msgs/cmake/rosidl_cmake_export_typesupport_targets-extras.cmake
[2.784s] -- Up-to-date: /home/ayaan/URC/URC/install/interbotix_xs_msgs/share/interbotix_xs_msgs/cmake/rosidl_cmake_export_typesupport_libraries-extras.cmake
[2.785s] -- Up-to-date: /home/ayaan/URC/URC/install/interbotix_xs_msgs/share/interbotix_xs_msgs/cmake/interbotix_xs_msgsConfig.cmake
[2.785s] -- Up-to-date: /home/ayaan/URC/URC/install/interbotix_xs_msgs/share/interbotix_xs_msgs/cmake/interbotix_xs_msgsConfig-version.cmake
[2.785s] -- Up-to-date: /home/ayaan/URC/URC/install/interbotix_xs_msgs/share/interbotix_xs_msgs/package.xml
[2.794s] Invoked command in '/home/ayaan/URC/URC/build/interbotix_xs_msgs' returned '0': CMAKE_PREFIX_PATH=${CMAKE_PREFIX_PATH}:/home/ayaan/imprimis/imprimis_ws/install/utils:/home/ayaan/imprimis/imprimis_ws/install/map_goal_to_odom:/home/ayaan/imprimis/imprimis_ws/install/gps_nav_bridge:/opt/ros/jazzy DEBUGINFOD_URLS=https://debuginfod.ubuntu.com /usr/bin/cmake --install /home/ayaan/URC/URC/build/interbotix_xs_msgs
