[0.120s] Invoking command in '/home/admin1/URC/build/interbotix_xsarm_control': AMENT_PREFIX_PATH=/home/admin1/URC/install/interbotix_xsarm_descriptions:/home/admin1/URC/install/interbotix_xs_modules:/home/admin1/URC/install/interbotix_xs_sdk:/home/admin1/URC/install/interbotix_xs_driver:/home/admin1/URC/install/dynamixel_workbench_toolbox:/home/admin1/URC/install/interbotix_xs_msgs:/home/admin1/URC/install/interbotix_common_modules:/home/admin1/URC/install/dynamixel_sdk:${AMENT_PREFIX_PATH} CMAKE_PREFIX_PATH=/home/admin1/URC/install/interbotix_xsarm_descriptions:/home/admin1/URC/install/interbotix_xs_sdk:/home/admin1/URC/install/interbotix_xs_driver:/home/admin1/URC/install/dynamixel_workbench_toolbox:/home/admin1/URC/install/interbotix_xs_msgs:/home/admin1/URC/install/dynamixel_sdk:/opt/ros/jazzy/opt/gz_math_vendor:/opt/ros/jazzy/opt/gz_utils_vendor:/opt/ros/jazzy/opt/gz_cmake_vendor:/opt/ros/jazzy DEBUGINFOD_URLS=https://debuginfod.ubuntu.com LD_LIBRARY_PATH=/home/admin1/URC/install/interbotix_xs_driver/lib:/home/admin1/URC/install/dynamixel_workbench_toolbox/lib:/home/admin1/URC/install/interbotix_xs_msgs/lib:/home/admin1/URC/install/dynamixel_sdk/lib:${LD_LIBRARY_PATH} PYTHONPATH=/home/admin1/URC/install/interbotix_xs_modules/lib/python3.12/site-packages:/home/admin1/URC/install/interbotix_xs_msgs/lib/python3.12/site-packages:/home/admin1/URC/install/interbotix_common_modules/lib/python3.12/site-packages:/home/admin1/URC/install/dynamixel_sdk/lib/python3.12/site-packages:${PYTHONPATH} /usr/bin/cmake --build /home/admin1/URC/build/interbotix_xsarm_control -- -j4 -l4
[0.291s] -- Found ament_cmake: 2.5.5 (/opt/ros/jazzy/share/ament_cmake/cmake)
[1.691s] -- Found ament_lint_auto: 0.17.4 (/opt/ros/jazzy/share/ament_lint_auto/cmake)
[2.193s] -- Added test 'copyright' to check source files copyright and LICENSE
[2.242s] -- Added test 'flake8' to check Python code syntax and style conventions
[2.243s] -- Configured 'flake8' exclude dirs and/or files: 
[2.250s] -- Added test 'lint_cmake' to check CMake code style
[2.255s] -- Added test 'pep257' to check Python code against some of the docstring style conventions in PEP 257
[2.282s] -- Added test 'xmllint' to check XML markup files
[2.288s] -- Configuring done (2.0s)
[2.327s] -- Generating done (0.0s)
[2.339s] -- Build files have been written to: /home/admin1/URC/build/interbotix_xsarm_control
[2.459s] Invoked command in '/home/admin1/URC/build/interbotix_xsarm_control' returned '0': AMENT_PREFIX_PATH=/home/admin1/URC/install/interbotix_xsarm_descriptions:/home/admin1/URC/install/interbotix_xs_modules:/home/admin1/URC/install/interbotix_xs_sdk:/home/admin1/URC/install/interbotix_xs_driver:/home/admin1/URC/install/dynamixel_workbench_toolbox:/home/admin1/URC/install/interbotix_xs_msgs:/home/admin1/URC/install/interbotix_common_modules:/home/admin1/URC/install/dynamixel_sdk:${AMENT_PREFIX_PATH} CMAKE_PREFIX_PATH=/home/admin1/URC/install/interbotix_xsarm_descriptions:/home/admin1/URC/install/interbotix_xs_sdk:/home/admin1/URC/install/interbotix_xs_driver:/home/admin1/URC/install/dynamixel_workbench_toolbox:/home/admin1/URC/install/interbotix_xs_msgs:/home/admin1/URC/install/dynamixel_sdk:/opt/ros/jazzy/opt/gz_math_vendor:/opt/ros/jazzy/opt/gz_utils_vendor:/opt/ros/jazzy/opt/gz_cmake_vendor:/opt/ros/jazzy DEBUGINFOD_URLS=https://debuginfod.ubuntu.com LD_LIBRARY_PATH=/home/admin1/URC/install/interbotix_xs_driver/lib:/home/admin1/URC/install/dynamixel_workbench_toolbox/lib:/home/admin1/URC/install/interbotix_xs_msgs/lib:/home/admin1/URC/install/dynamixel_sdk/lib:${LD_LIBRARY_PATH} PYTHONPATH=/home/admin1/URC/install/interbotix_xs_modules/lib/python3.12/site-packages:/home/admin1/URC/install/interbotix_xs_msgs/lib/python3.12/site-packages:/home/admin1/URC/install/interbotix_common_modules/lib/python3.12/site-packages:/home/admin1/URC/install/dynamixel_sdk/lib/python3.12/site-packages:${PYTHONPATH} /usr/bin/cmake --build /home/admin1/URC/build/interbotix_xsarm_control -- -j4 -l4
[2.465s] Invoking command in '/home/admin1/URC/build/interbotix_xsarm_control': AMENT_PREFIX_PATH=/home/admin1/URC/install/interbotix_xsarm_descriptions:/home/admin1/URC/install/interbotix_xs_modules:/home/admin1/URC/install/interbotix_xs_sdk:/home/admin1/URC/install/interbotix_xs_driver:/home/admin1/URC/install/dynamixel_workbench_toolbox:/home/admin1/URC/install/interbotix_xs_msgs:/home/admin1/URC/install/interbotix_common_modules:/home/admin1/URC/install/dynamixel_sdk:${AMENT_PREFIX_PATH} CMAKE_PREFIX_PATH=/home/admin1/URC/install/interbotix_xsarm_descriptions:/home/admin1/URC/install/interbotix_xs_sdk:/home/admin1/URC/install/interbotix_xs_driver:/home/admin1/URC/install/dynamixel_workbench_toolbox:/home/admin1/URC/install/interbotix_xs_msgs:/home/admin1/URC/install/dynamixel_sdk:/opt/ros/jazzy/opt/gz_math_vendor:/opt/ros/jazzy/opt/gz_utils_vendor:/opt/ros/jazzy/opt/gz_cmake_vendor:/opt/ros/jazzy DEBUGINFOD_URLS=https://debuginfod.ubuntu.com LD_LIBRARY_PATH=/home/admin1/URC/install/interbotix_xs_driver/lib:/home/admin1/URC/install/dynamixel_workbench_toolbox/lib:/home/admin1/URC/install/interbotix_xs_msgs/lib:/home/admin1/URC/install/dynamixel_sdk/lib:${LD_LIBRARY_PATH} PYTHONPATH=/home/admin1/URC/install/interbotix_xs_modules/lib/python3.12/site-packages:/home/admin1/URC/install/interbotix_xs_msgs/lib/python3.12/site-packages:/home/admin1/URC/install/interbotix_common_modules/lib/python3.12/site-packages:/home/admin1/URC/install/dynamixel_sdk/lib/python3.12/site-packages:${PYTHONPATH} /usr/bin/cmake --install /home/admin1/URC/build/interbotix_xsarm_control
[2.512s] -- Install configuration: ""
[2.513s] -- Up-to-date: /home/admin1/URC/install/interbotix_xsarm_control/lib/interbotix_xsarm_control/bartender.py
[2.513s] -- Up-to-date: /home/admin1/URC/install/interbotix_xsarm_control/lib/interbotix_xsarm_control/ee_cartesian_trajectory.py
[2.514s] -- Up-to-date: /home/admin1/URC/install/interbotix_xsarm_control/lib/interbotix_xsarm_control/ee_pose_components.py
[2.514s] -- Up-to-date: /home/admin1/URC/install/interbotix_xsarm_control/lib/interbotix_xsarm_control/ee_pose_matrix_control.py
[2.515s] -- Up-to-date: /home/admin1/URC/install/interbotix_xsarm_control/lib/interbotix_xsarm_control/gripper_control.py
[2.515s] -- Up-to-date: /home/admin1/URC/install/interbotix_xsarm_control/lib/interbotix_xsarm_control/joint_current_control.py
[2.516s] -- Up-to-date: /home/admin1/URC/install/interbotix_xsarm_control/lib/interbotix_xsarm_control/joint_position_control.py
[2.516s] -- Up-to-date: /home/admin1/URC/install/interbotix_xsarm_control/lib/interbotix_xsarm_control/joint_pwm_control.py
[2.517s] -- Up-to-date: /home/admin1/URC/install/interbotix_xsarm_control/lib/interbotix_xsarm_control/joint_trajectory_control.py
[2.517s] -- Installing: /home/admin1/URC/install/interbotix_xsarm_control/lib/interbotix_xsarm_control/robot_control.py
[2.518s] -- Up-to-date: /home/admin1/URC/install/interbotix_xsarm_control/share/interbotix_xsarm_control//launch
[2.518s] -- Up-to-date: /home/admin1/URC/install/interbotix_xsarm_control/share/interbotix_xsarm_control//launch/xsarm_control.launch.py
[2.519s] -- Up-to-date: /home/admin1/URC/install/interbotix_xsarm_control/share/interbotix_xsarm_control//config
[2.519s] -- Up-to-date: /home/admin1/URC/install/interbotix_xsarm_control/share/interbotix_xsarm_control//config/wx250.yaml
[2.519s] -- Up-to-date: /home/admin1/URC/install/interbotix_xsarm_control/share/interbotix_xsarm_control//config/px100.yaml
[2.520s] -- Up-to-date: /home/admin1/URC/install/interbotix_xsarm_control/share/interbotix_xsarm_control//config/wx250s.yaml
[2.521s] -- Up-to-date: /home/admin1/URC/install/interbotix_xsarm_control/share/interbotix_xsarm_control//config/mobile_wx250s.yaml
[2.521s] -- Up-to-date: /home/admin1/URC/install/interbotix_xsarm_control/share/interbotix_xsarm_control//config/wx200.yaml
[2.522s] -- Up-to-date: /home/admin1/URC/install/interbotix_xsarm_control/share/interbotix_xsarm_control//config/rx200.yaml
[2.522s] -- Up-to-date: /home/admin1/URC/install/interbotix_xsarm_control/share/interbotix_xsarm_control//config/px150.yaml
[2.523s] -- Up-to-date: /home/admin1/URC/install/interbotix_xsarm_control/share/interbotix_xsarm_control//config/vx300.yaml
[2.524s] -- Up-to-date: /home/admin1/URC/install/interbotix_xsarm_control/share/interbotix_xsarm_control//config/mobile_px100.yaml
[2.524s] -- Up-to-date: /home/admin1/URC/install/interbotix_xsarm_control/share/interbotix_xsarm_control//config/aloha_vx300s.yaml
[2.525s] -- Up-to-date: /home/admin1/URC/install/interbotix_xsarm_control/share/interbotix_xsarm_control//config/vx250.yaml
[2.525s] -- Up-to-date: /home/admin1/URC/install/interbotix_xsarm_control/share/interbotix_xsarm_control//config/vx300s.yaml
[2.526s] -- Up-to-date: /home/admin1/URC/install/interbotix_xsarm_control/share/interbotix_xsarm_control//config/modes.yaml
[2.526s] -- Up-to-date: /home/admin1/URC/install/interbotix_xsarm_control/share/interbotix_xsarm_control//config/aloha_wx250s.yaml
[2.527s] -- Up-to-date: /home/admin1/URC/install/interbotix_xsarm_control/share/interbotix_xsarm_control//config/rx150.yaml
[2.527s] -- Up-to-date: /home/admin1/URC/install/interbotix_xsarm_control/share/interbotix_xsarm_control//config/mobile_wx200.yaml
[2.528s] -- Up-to-date: /home/admin1/URC/install/interbotix_xsarm_control/share/ament_index/resource_index/package_run_dependencies/interbotix_xsarm_control
[2.528s] -- Up-to-date: /home/admin1/URC/install/interbotix_xsarm_control/share/ament_index/resource_index/parent_prefix_path/interbotix_xsarm_control
[2.529s] -- Up-to-date: /home/admin1/URC/install/interbotix_xsarm_control/share/interbotix_xsarm_control/environment/ament_prefix_path.sh
[2.529s] -- Up-to-date: /home/admin1/URC/install/interbotix_xsarm_control/share/interbotix_xsarm_control/environment/ament_prefix_path.dsv
[2.530s] -- Up-to-date: /home/admin1/URC/install/interbotix_xsarm_control/share/interbotix_xsarm_control/environment/path.sh
[2.530s] -- Up-to-date: /home/admin1/URC/install/interbotix_xsarm_control/share/interbotix_xsarm_control/environment/path.dsv
[2.531s] -- Up-to-date: /home/admin1/URC/install/interbotix_xsarm_control/share/interbotix_xsarm_control/local_setup.bash
[2.531s] -- Up-to-date: /home/admin1/URC/install/interbotix_xsarm_control/share/interbotix_xsarm_control/local_setup.sh
[2.532s] -- Up-to-date: /home/admin1/URC/install/interbotix_xsarm_control/share/interbotix_xsarm_control/local_setup.zsh
[2.532s] -- Up-to-date: /home/admin1/URC/install/interbotix_xsarm_control/share/interbotix_xsarm_control/local_setup.dsv
[2.533s] -- Up-to-date: /home/admin1/URC/install/interbotix_xsarm_control/share/interbotix_xsarm_control/package.dsv
[2.533s] -- Up-to-date: /home/admin1/URC/install/interbotix_xsarm_control/share/ament_index/resource_index/packages/interbotix_xsarm_control
[2.534s] -- Up-to-date: /home/admin1/URC/install/interbotix_xsarm_control/share/interbotix_xsarm_control/cmake/interbotix_xsarm_controlConfig.cmake
[2.535s] -- Up-to-date: /home/admin1/URC/install/interbotix_xsarm_control/share/interbotix_xsarm_control/cmake/interbotix_xsarm_controlConfig-version.cmake
[2.537s] -- Up-to-date: /home/admin1/URC/install/interbotix_xsarm_control/share/interbotix_xsarm_control/package.xml
[2.538s] Invoked command in '/home/admin1/URC/build/interbotix_xsarm_control' returned '0': AMENT_PREFIX_PATH=/home/admin1/URC/install/interbotix_xsarm_descriptions:/home/admin1/URC/install/interbotix_xs_modules:/home/admin1/URC/install/interbotix_xs_sdk:/home/admin1/URC/install/interbotix_xs_driver:/home/admin1/URC/install/dynamixel_workbench_toolbox:/home/admin1/URC/install/interbotix_xs_msgs:/home/admin1/URC/install/interbotix_common_modules:/home/admin1/URC/install/dynamixel_sdk:${AMENT_PREFIX_PATH} CMAKE_PREFIX_PATH=/home/admin1/URC/install/interbotix_xsarm_descriptions:/home/admin1/URC/install/interbotix_xs_sdk:/home/admin1/URC/install/interbotix_xs_driver:/home/admin1/URC/install/dynamixel_workbench_toolbox:/home/admin1/URC/install/interbotix_xs_msgs:/home/admin1/URC/install/dynamixel_sdk:/opt/ros/jazzy/opt/gz_math_vendor:/opt/ros/jazzy/opt/gz_utils_vendor:/opt/ros/jazzy/opt/gz_cmake_vendor:/opt/ros/jazzy DEBUGINFOD_URLS=https://debuginfod.ubuntu.com LD_LIBRARY_PATH=/home/admin1/URC/install/interbotix_xs_driver/lib:/home/admin1/URC/install/dynamixel_workbench_toolbox/lib:/home/admin1/URC/install/interbotix_xs_msgs/lib:/home/admin1/URC/install/dynamixel_sdk/lib:${LD_LIBRARY_PATH} PYTHONPATH=/home/admin1/URC/install/interbotix_xs_modules/lib/python3.12/site-packages:/home/admin1/URC/install/interbotix_xs_msgs/lib/python3.12/site-packages:/home/admin1/URC/install/interbotix_common_modules/lib/python3.12/site-packages:/home/admin1/URC/install/dynamixel_sdk/lib/python3.12/site-packages:${PYTHONPATH} /usr/bin/cmake --install /home/admin1/URC/build/interbotix_xsarm_control
