[0.124s] Invoking command in '/home/admin1/URC/build/interbotix_xs_driver': AMENT_PREFIX_PATH=/home/admin1/URC/install/dynamixel_workbench_toolbox:/home/admin1/URC/install/dynamixel_sdk:${AMENT_PREFIX_PATH} CMAKE_PREFIX_PATH=/home/admin1/URC/install/dynamixel_workbench_toolbox:/home/admin1/URC/install/dynamixel_sdk:/opt/ros/jazzy/opt/gz_math_vendor:/opt/ros/jazzy/opt/gz_utils_vendor:/opt/ros/jazzy/opt/gz_cmake_vendor:/opt/ros/jazzy DEBUGINFOD_URLS=https://debuginfod.ubuntu.com LD_LIBRARY_PATH=/home/admin1/URC/install/dynamixel_workbench_toolbox/lib:/home/admin1/URC/install/dynamixel_sdk/lib:${LD_LIBRARY_PATH} PYTHONPATH=/home/admin1/URC/install/dynamixel_sdk/lib/python3.12/site-packages:${PYTHONPATH} /usr/bin/cmake /home/admin1/URC/urc_ws_interbotix/src/interbotix_xs_driver -DCMAKE_INSTALL_PREFIX=/home/admin1/URC/install/interbotix_xs_driver
[1.260s] -- The CXX compiler identification is GNU 13.3.0
[1.465s] -- Detecting CXX compiler ABI info
[2.552s] -- Detecting CXX compiler ABI info - done
[2.636s] -- Check for working CXX compiler: /usr/bin/c++ - skipped
[2.642s] -- Detecting CXX compile features
[2.646s] -- Detecting CXX compile features - done
[2.660s] -- Found dynamixel_workbench_toolbox: 2.2.2 (/home/admin1/URC/install/dynamixel_workbench_toolbox/share/dynamixel_workbench_toolbox/cmake)
[5.533s] -- Found Python3: /usr/bin/python3 (found version "3.12.3") found components: Interpreter 
[9.014s] -- Found rosidl_generator_c: 4.6.7 (/opt/ros/jazzy/share/rosidl_generator_c/cmake)
[9.453s] -- Found rosidl_generator_cpp: 4.6.7 (/opt/ros/jazzy/share/rosidl_generator_cpp/cmake)
[10.438s] -- Using all available rosidl_typesupport_c: rosidl_typesupport_fastrtps_c;rosidl_typesupport_introspection_c
[10.652s] -- Using all available rosidl_typesupport_cpp: rosidl_typesupport_fastrtps_cpp;rosidl_typesupport_introspection_cpp
[11.531s] -- Found rmw_implementation_cmake: 7.3.3 (/opt/ros/jazzy/share/rmw_implementation_cmake/cmake)
[11.568s] -- Found rmw_fastrtps_cpp: 8.4.3 (/opt/ros/jazzy/share/rmw_fastrtps_cpp/cmake)
[12.529s] -- Found OpenSSL: /usr/lib/aarch64-linux-gnu/libcrypto.so (found version "3.0.13")  
[12.684s] -- Found FastRTPS: /opt/ros/jazzy/include (Required is at least version "2.13") 
[12.890s] -- Using RMW implementation 'rmw_fastrtps_cpp' as default
[13.869s] -- Found ament_lint_auto: 0.17.4 (/opt/ros/jazzy/share/ament_lint_auto/cmake)
[15.429s] -- Added test 'copyright' to check source files copyright and LICENSE
[15.451s] -- Added test 'cppcheck' to perform static code analysis on C / C++ code
[15.452s] -- Configured cppcheck include dirs: /home/admin1/URC/urc_ws_interbotix/src/interbotix_xs_driver/include;$<BUILD_INTERFACE:/home/admin1/URC/urc_ws_interbotix/src/interbotix_xs_driver/include>
[15.457s] -- Configured cppcheck exclude dirs and/or files: 
[15.497s] -- Added test 'cpplint' to check C / C++ code against the Google style
[15.505s] -- Configured cpplint exclude dirs and/or files: 
[15.512s] -- Added test 'lint_cmake' to check CMake code style
[15.535s] -- Added test 'uncrustify' to check C / C++ code style
[15.536s] -- Configured uncrustify additional arguments: 
[15.542s] -- Added test 'xmllint' to check XML markup files
[15.594s] -- Configuring done (15.3s)
[15.931s] -- Generating done (0.3s)
[15.970s] -- Build files have been written to: /home/admin1/URC/build/interbotix_xs_driver
[16.091s] Invoked command in '/home/admin1/URC/build/interbotix_xs_driver' returned '0': AMENT_PREFIX_PATH=/home/admin1/URC/install/dynamixel_workbench_toolbox:/home/admin1/URC/install/dynamixel_sdk:${AMENT_PREFIX_PATH} CMAKE_PREFIX_PATH=/home/admin1/URC/install/dynamixel_workbench_toolbox:/home/admin1/URC/install/dynamixel_sdk:/opt/ros/jazzy/opt/gz_math_vendor:/opt/ros/jazzy/opt/gz_utils_vendor:/opt/ros/jazzy/opt/gz_cmake_vendor:/opt/ros/jazzy DEBUGINFOD_URLS=https://debuginfod.ubuntu.com LD_LIBRARY_PATH=/home/admin1/URC/install/dynamixel_workbench_toolbox/lib:/home/admin1/URC/install/dynamixel_sdk/lib:${LD_LIBRARY_PATH} PYTHONPATH=/home/admin1/URC/install/dynamixel_sdk/lib/python3.12/site-packages:${PYTHONPATH} /usr/bin/cmake /home/admin1/URC/urc_ws_interbotix/src/interbotix_xs_driver -DCMAKE_INSTALL_PREFIX=/home/admin1/URC/install/interbotix_xs_driver
[16.099s] Invoking command in '/home/admin1/URC/build/interbotix_xs_driver': AMENT_PREFIX_PATH=/home/admin1/URC/install/dynamixel_workbench_toolbox:/home/admin1/URC/install/dynamixel_sdk:${AMENT_PREFIX_PATH} CMAKE_PREFIX_PATH=/home/admin1/URC/install/dynamixel_workbench_toolbox:/home/admin1/URC/install/dynamixel_sdk:/opt/ros/jazzy/opt/gz_math_vendor:/opt/ros/jazzy/opt/gz_utils_vendor:/opt/ros/jazzy/opt/gz_cmake_vendor:/opt/ros/jazzy DEBUGINFOD_URLS=https://debuginfod.ubuntu.com LD_LIBRARY_PATH=/home/admin1/URC/install/dynamixel_workbench_toolbox/lib:/home/admin1/URC/install/dynamixel_sdk/lib:${LD_LIBRARY_PATH} PYTHONPATH=/home/admin1/URC/install/dynamixel_sdk/lib/python3.12/site-packages:${PYTHONPATH} /usr/bin/cmake --build /home/admin1/URC/build/interbotix_xs_driver -- -j4 -l4
[16.651s] [ 33%] [32mBuilding CXX object CMakeFiles/interbotix_xs_driver.dir/src/xs_driver.cpp.o[0m
[43.101s] [ 66%] [32mBuilding CXX object CMakeFiles/interbotix_xs_driver.dir/src/xs_logging.cpp.o[0m
[47.382s] [100%] [32m[1mLinking CXX shared library libinterbotix_xs_driver.so[0m
[49.538s] [100%] Built target interbotix_xs_driver
[49.649s] Invoked command in '/home/admin1/URC/build/interbotix_xs_driver' returned '0': AMENT_PREFIX_PATH=/home/admin1/URC/install/dynamixel_workbench_toolbox:/home/admin1/URC/install/dynamixel_sdk:${AMENT_PREFIX_PATH} CMAKE_PREFIX_PATH=/home/admin1/URC/install/dynamixel_workbench_toolbox:/home/admin1/URC/install/dynamixel_sdk:/opt/ros/jazzy/opt/gz_math_vendor:/opt/ros/jazzy/opt/gz_utils_vendor:/opt/ros/jazzy/opt/gz_cmake_vendor:/opt/ros/jazzy DEBUGINFOD_URLS=https://debuginfod.ubuntu.com LD_LIBRARY_PATH=/home/admin1/URC/install/dynamixel_workbench_toolbox/lib:/home/admin1/URC/install/dynamixel_sdk/lib:${LD_LIBRARY_PATH} PYTHONPATH=/home/admin1/URC/install/dynamixel_sdk/lib/python3.12/site-packages:${PYTHONPATH} /usr/bin/cmake --build /home/admin1/URC/build/interbotix_xs_driver -- -j4 -l4
[49.658s] Invoking command in '/home/admin1/URC/build/interbotix_xs_driver': AMENT_PREFIX_PATH=/home/admin1/URC/install/dynamixel_workbench_toolbox:/home/admin1/URC/install/dynamixel_sdk:${AMENT_PREFIX_PATH} CMAKE_PREFIX_PATH=/home/admin1/URC/install/dynamixel_workbench_toolbox:/home/admin1/URC/install/dynamixel_sdk:/opt/ros/jazzy/opt/gz_math_vendor:/opt/ros/jazzy/opt/gz_utils_vendor:/opt/ros/jazzy/opt/gz_cmake_vendor:/opt/ros/jazzy DEBUGINFOD_URLS=https://debuginfod.ubuntu.com LD_LIBRARY_PATH=/home/admin1/URC/install/dynamixel_workbench_toolbox/lib:/home/admin1/URC/install/dynamixel_sdk/lib:${LD_LIBRARY_PATH} PYTHONPATH=/home/admin1/URC/install/dynamixel_sdk/lib/python3.12/site-packages:${PYTHONPATH} /usr/bin/cmake --install /home/admin1/URC/build/interbotix_xs_driver
[49.811s] -- Install configuration: ""
[49.823s] -- Installing: /home/admin1/URC/install/interbotix_xs_driver/lib/libinterbotix_xs_driver.so
[49.869s] -- Set non-toolchain portion of runtime path of "/home/admin1/URC/install/interbotix_xs_driver/lib/libinterbotix_xs_driver.so" to ""
[49.869s] -- Installing: /home/admin1/URC/install/interbotix_xs_driver/include/interbotix_xs_driver/version.hpp
[49.873s] -- Up-to-date: /home/admin1/URC/install/interbotix_xs_driver/include/interbotix_xs_driver
[49.875s] -- Installing: /home/admin1/URC/install/interbotix_xs_driver/include/interbotix_xs_driver/xs_driver.hpp
[49.876s] -- Installing: /home/admin1/URC/install/interbotix_xs_driver/include/interbotix_xs_driver/xs_logging.hpp
[49.880s] -- Installing: /home/admin1/URC/install/interbotix_xs_driver/include/interbotix_xs_driver/xs_common.hpp
[49.882s] -- Installing: /home/admin1/URC/install/interbotix_xs_driver/share/interbotix_xs_driver/package.xml
[49.894s] -- Installing: /home/admin1/URC/install/interbotix_xs_driver/share/ament_index/resource_index/package_run_dependencies/interbotix_xs_driver
[49.903s] -- Installing: /home/admin1/URC/install/interbotix_xs_driver/share/ament_index/resource_index/parent_prefix_path/interbotix_xs_driver
[49.904s] -- Installing: /home/admin1/URC/install/interbotix_xs_driver/share/interbotix_xs_driver/environment/ament_prefix_path.sh
[49.911s] -- Installing: /home/admin1/URC/install/interbotix_xs_driver/share/interbotix_xs_driver/environment/ament_prefix_path.dsv
[49.915s] -- Installing: /home/admin1/URC/install/interbotix_xs_driver/share/interbotix_xs_driver/environment/path.sh
[49.935s] -- Installing: /home/admin1/URC/install/interbotix_xs_driver/share/interbotix_xs_driver/environment/path.dsv
[49.937s] -- Installing: /home/admin1/URC/install/interbotix_xs_driver/share/interbotix_xs_driver/local_setup.bash
[49.950s] -- Installing: /home/admin1/URC/install/interbotix_xs_driver/share/interbotix_xs_driver/local_setup.sh
[49.952s] -- Installing: /home/admin1/URC/install/interbotix_xs_driver/share/interbotix_xs_driver/local_setup.zsh
[49.956s] -- Installing: /home/admin1/URC/install/interbotix_xs_driver/share/interbotix_xs_driver/local_setup.dsv
[49.956s] -- Installing: /home/admin1/URC/install/interbotix_xs_driver/share/interbotix_xs_driver/package.dsv
[49.958s] -- Installing: /home/admin1/URC/install/interbotix_xs_driver/share/ament_index/resource_index/packages/interbotix_xs_driver
[49.962s] -- Installing: /home/admin1/URC/install/interbotix_xs_driver/share/interbotix_xs_driver/cmake/export_interbotix_xs_driverExport.cmake
[49.963s] -- Installing: /home/admin1/URC/install/interbotix_xs_driver/share/interbotix_xs_driver/cmake/export_interbotix_xs_driverExport-noconfig.cmake
[49.967s] -- Installing: /home/admin1/URC/install/interbotix_xs_driver/share/interbotix_xs_driver/cmake/ament_cmake_export_dependencies-extras.cmake
[49.967s] -- Installing: /home/admin1/URC/install/interbotix_xs_driver/share/interbotix_xs_driver/cmake/ament_cmake_export_targets-extras.cmake
[49.969s] -- Installing: /home/admin1/URC/install/interbotix_xs_driver/share/interbotix_xs_driver/cmake/interbotix_xs_driverConfig.cmake
[49.972s] -- Installing: /home/admin1/URC/install/interbotix_xs_driver/share/interbotix_xs_driver/cmake/interbotix_xs_driverConfig-version.cmake
[49.977s] -- Up-to-date: /home/admin1/URC/install/interbotix_xs_driver/share/interbotix_xs_driver/package.xml
[49.985s] Invoked command in '/home/admin1/URC/build/interbotix_xs_driver' returned '0': AMENT_PREFIX_PATH=/home/admin1/URC/install/dynamixel_workbench_toolbox:/home/admin1/URC/install/dynamixel_sdk:${AMENT_PREFIX_PATH} CMAKE_PREFIX_PATH=/home/admin1/URC/install/dynamixel_workbench_toolbox:/home/admin1/URC/install/dynamixel_sdk:/opt/ros/jazzy/opt/gz_math_vendor:/opt/ros/jazzy/opt/gz_utils_vendor:/opt/ros/jazzy/opt/gz_cmake_vendor:/opt/ros/jazzy DEBUGINFOD_URLS=https://debuginfod.ubuntu.com LD_LIBRARY_PATH=/home/admin1/URC/install/dynamixel_workbench_toolbox/lib:/home/admin1/URC/install/dynamixel_sdk/lib:${LD_LIBRARY_PATH} PYTHONPATH=/home/admin1/URC/install/dynamixel_sdk/lib/python3.12/site-packages:${PYTHONPATH} /usr/bin/cmake --install /home/admin1/URC/build/interbotix_xs_driver
