[0.176s] Invoking command in '/home/admin1/URC/build/dynamixel_sdk': CMAKE_PREFIX_PATH=${CMAKE_PREFIX_PATH}:/opt/ros/jazzy DEBUGINFOD_URLS=https://debuginfod.ubuntu.com /usr/bin/cmake /home/admin1/URC/urc_ws_interbotix/src/dynamixel_sdk -DCMAKE_INSTALL_PREFIX=/home/admin1/URC/install/dynamixel_sdk
[2.135s] -- The C compiler identification is GNU 13.3.0
[2.755s] -- The CXX compiler identification is GNU 13.3.0
[2.904s] -- Detecting C compiler ABI info
[3.610s] -- Detecting C compiler ABI info - done
[3.661s] -- Check for working C compiler: /usr/bin/cc - skipped
[3.665s] -- Detecting C compile features
[3.669s] -- Detecting C compile features - done
[3.784s] -- Detecting CXX compiler ABI info
[4.909s] -- Detecting CXX compiler ABI info - done
[5.002s] -- Check for working CXX compiler: /usr/bin/c++ - skipped
[5.003s] -- Detecting CXX compile features
[5.007s] -- Detecting CXX compile features - done
[5.079s] -- Found ament_cmake: 2.5.5 (/opt/ros/jazzy/share/ament_cmake/cmake)
[6.405s] -- Found Python3: /usr/bin/python3 (found version "3.12.3") found components: Interpreter 
[10.053s] -- Configuring done (9.8s)
[10.337s] -- Generating done (0.2s)
[10.391s] -- Build files have been written to: /home/admin1/URC/build/dynamixel_sdk
[10.456s] Invoked command in '/home/admin1/URC/build/dynamixel_sdk' returned '0': CMAKE_PREFIX_PATH=${CMAKE_PREFIX_PATH}:/opt/ros/jazzy DEBUGINFOD_URLS=https://debuginfod.ubuntu.com /usr/bin/cmake /home/admin1/URC/urc_ws_interbotix/src/dynamixel_sdk -DCMAKE_INSTALL_PREFIX=/home/admin1/URC/install/dynamixel_sdk
[10.467s] Invoking command in '/home/admin1/URC/build/dynamixel_sdk': CMAKE_PREFIX_PATH=${CMAKE_PREFIX_PATH}:/opt/ros/jazzy DEBUGINFOD_URLS=https://debuginfod.ubuntu.com /usr/bin/cmake --build /home/admin1/URC/build/dynamixel_sdk -- -j4 -l4
[10.983s] [  5%] [32mBuilding CXX object CMakeFiles/dynamixel_sdk.dir/src/dynamixel_sdk/packet_handler.cpp.o[0m
[11.012s] [ 11%] [32mBuilding CXX object CMakeFiles/dynamixel_sdk.dir/src/dynamixel_sdk/protocol1_packet_handler.cpp.o[0m
[11.173s] [ 11%] Built target ament_cmake_python_copy_dynamixel_easy_sdk
[11.321s] [ 11%] Built target ament_cmake_python_copy_dynamixel_sdk
[14.238s] [ 16%] [32mBuilding CXX object CMakeFiles/dynamixel_sdk.dir/src/dynamixel_sdk/protocol2_packet_handler.cpp.o[0m
[14.688s] [ 22%] [32mBuilding CXX object CMakeFiles/dynamixel_sdk.dir/src/dynamixel_sdk/group_sync_read.cpp.o[0m
[15.664s] running egg_info
[15.677s] creating dynamixel_sdk.egg-info
[15.856s] writing dynamixel_sdk.egg-info/PKG-INFO
[15.862s] writing dependency_links to dynamixel_sdk.egg-info/dependency_links.txt
[15.863s] writing top-level names to dynamixel_sdk.egg-info/top_level.txt
[15.868s] writing manifest file 'dynamixel_sdk.egg-info/SOURCES.txt'
[16.272s] running egg_info
[16.281s] creating dynamixel_easy_sdk.egg-info
[16.489s] reading manifest file 'dynamixel_sdk.egg-info/SOURCES.txt'
[16.490s] writing manifest file 'dynamixel_sdk.egg-info/SOURCES.txt'
[16.560s] writing dynamixel_easy_sdk.egg-info/PKG-INFO
[16.572s] writing dependency_links to dynamixel_easy_sdk.egg-info/dependency_links.txt
[16.579s] writing top-level names to dynamixel_easy_sdk.egg-info/top_level.txt
[16.580s] writing manifest file 'dynamixel_easy_sdk.egg-info/SOURCES.txt'
[16.972s] [ 22%] Built target ament_cmake_python_build_dynamixel_sdk_egg
[17.186s] [ 27%] [32mBuilding CXX object CMakeFiles/dynamixel_sdk.dir/src/dynamixel_sdk/group_sync_write.cpp.o[0m
[17.408s] reading manifest file 'dynamixel_easy_sdk.egg-info/SOURCES.txt'
[17.422s] writing manifest file 'dynamixel_easy_sdk.egg-info/SOURCES.txt'
[18.274s] [ 27%] Built target ament_cmake_python_build_dynamixel_easy_sdk_egg
[18.484s] [ 33%] [32mBuilding CXX object CMakeFiles/dynamixel_sdk.dir/src/dynamixel_sdk/group_bulk_read.cpp.o[0m
[20.584s] [ 38%] [32mBuilding CXX object CMakeFiles/dynamixel_sdk.dir/src/dynamixel_sdk/group_bulk_write.cpp.o[0m
[21.088s] [ 44%] [32mBuilding CXX object CMakeFiles/dynamixel_sdk.dir/src/dynamixel_sdk/group_fast_bulk_read.cpp.o[0m
[23.487s] [ 50%] [32mBuilding CXX object CMakeFiles/dynamixel_sdk.dir/src/dynamixel_sdk/group_fast_sync_read.cpp.o[0m
[23.821s] [ 55%] [32mBuilding CXX object CMakeFiles/dynamixel_sdk.dir/src/dynamixel_sdk/group_handler.cpp.o[0m
[25.520s] [ 61%] [32mBuilding CXX object CMakeFiles/dynamixel_sdk.dir/src/dynamixel_sdk/port_handler.cpp.o[0m
[26.556s] [ 66%] [32mBuilding CXX object CMakeFiles/dynamixel_sdk.dir/src/dynamixel_easy_sdk/connector.cpp.o[0m
[27.955s] [ 72%] [32mBuilding CXX object CMakeFiles/dynamixel_sdk.dir/src/dynamixel_easy_sdk/control_table.cpp.o[0m
[29.487s] [ 77%] [32mBuilding CXX object CMakeFiles/dynamixel_sdk.dir/src/dynamixel_easy_sdk/dynamixel_error.cpp.o[0m
[41.324s] [ 83%] [32mBuilding CXX object CMakeFiles/dynamixel_sdk.dir/src/dynamixel_sdk/port_handler_linux.cpp.o[0m
[42.083s] [ 88%] [32mBuilding CXX object CMakeFiles/dynamixel_sdk.dir/src/dynamixel_easy_sdk/motor.cpp.o[0m
[54.381s] [ 94%] [32mBuilding CXX object CMakeFiles/dynamixel_sdk.dir/src/dynamixel_easy_sdk/group_executor.cpp.o[0m
[64.273s] [100%] [32m[1mLinking CXX shared library libdynamixel_sdk.so[0m
[65.230s] [100%] Built target dynamixel_sdk
[65.372s] Invoked command in '/home/admin1/URC/build/dynamixel_sdk' returned '0': CMAKE_PREFIX_PATH=${CMAKE_PREFIX_PATH}:/opt/ros/jazzy DEBUGINFOD_URLS=https://debuginfod.ubuntu.com /usr/bin/cmake --build /home/admin1/URC/build/dynamixel_sdk -- -j4 -l4
[65.444s] Invoking command in '/home/admin1/URC/build/dynamixel_sdk': CMAKE_PREFIX_PATH=${CMAKE_PREFIX_PATH}:/opt/ros/jazzy DEBUGINFOD_URLS=https://debuginfod.ubuntu.com /usr/bin/cmake --install /home/admin1/URC/build/dynamixel_sdk
[65.508s] -- Install configuration: ""
[65.510s] -- Installing: /home/admin1/URC/install/dynamixel_sdk/include/
[65.512s] -- Installing: /home/admin1/URC/install/dynamixel_sdk/include//dynamixel_easy_sdk
[65.513s] -- Installing: /home/admin1/URC/install/dynamixel_sdk/include//dynamixel_easy_sdk/connector.hpp
[65.517s] -- Installing: /home/admin1/URC/install/dynamixel_sdk/include//dynamixel_easy_sdk/control_table.hpp
[65.520s] -- Installing: /home/admin1/URC/install/dynamixel_sdk/include//dynamixel_easy_sdk/dynamixel_error.hpp
[65.523s] -- Installing: /home/admin1/URC/install/dynamixel_sdk/include//dynamixel_easy_sdk/motor.hpp
[65.525s] -- Installing: /home/admin1/URC/install/dynamixel_sdk/include//dynamixel_easy_sdk/dynamixel_easy_sdk.hpp
[65.529s] -- Installing: /home/admin1/URC/install/dynamixel_sdk/include//dynamixel_easy_sdk/data_types.hpp
[65.532s] -- Installing: /home/admin1/URC/install/dynamixel_sdk/include//dynamixel_easy_sdk/group_executor.hpp
[65.536s] -- Installing: /home/admin1/URC/install/dynamixel_sdk/include//dynamixel_sdk
[65.537s] -- Installing: /home/admin1/URC/install/dynamixel_sdk/include//dynamixel_sdk/group_bulk_read.h
[65.539s] -- Installing: /home/admin1/URC/install/dynamixel_sdk/include//dynamixel_sdk/group_handler.h
[65.540s] -- Installing: /home/admin1/URC/install/dynamixel_sdk/include//dynamixel_sdk/group_bulk_write.h
[65.541s] -- Installing: /home/admin1/URC/install/dynamixel_sdk/include//dynamixel_sdk/port_handler_windows.h
[65.547s] -- Installing: /home/admin1/URC/install/dynamixel_sdk/include//dynamixel_sdk/group_sync_write.h
[65.548s] -- Installing: /home/admin1/URC/install/dynamixel_sdk/include//dynamixel_sdk/protocol1_packet_handler.h
[65.548s] -- Installing: /home/admin1/URC/install/dynamixel_sdk/include//dynamixel_sdk/packet_handler.h
[65.551s] -- Installing: /home/admin1/URC/install/dynamixel_sdk/include//dynamixel_sdk/group_fast_sync_read.h
[65.552s] -- Installing: /home/admin1/URC/install/dynamixel_sdk/include//dynamixel_sdk/port_handler.h
[65.556s] -- Installing: /home/admin1/URC/install/dynamixel_sdk/include//dynamixel_sdk/port_handler_linux.h
[65.560s] -- Installing: /home/admin1/URC/install/dynamixel_sdk/include//dynamixel_sdk/group_sync_read.h
[65.561s] -- Installing: /home/admin1/URC/install/dynamixel_sdk/include//dynamixel_sdk/port_handler_mac.h
[65.566s] -- Installing: /home/admin1/URC/install/dynamixel_sdk/include//dynamixel_sdk/dynamixel_sdk.h
[65.567s] -- Installing: /home/admin1/URC/install/dynamixel_sdk/include//dynamixel_sdk/port_handler_arduino.h
[65.571s] -- Installing: /home/admin1/URC/install/dynamixel_sdk/include//dynamixel_sdk/protocol2_packet_handler.h
[65.578s] -- Installing: /home/admin1/URC/install/dynamixel_sdk/include//dynamixel_sdk/group_fast_bulk_read.h
[65.578s] -- Installing: /home/admin1/URC/install/dynamixel_sdk/lib/libdynamixel_sdk.so
[65.611s] -- Installing: /home/admin1/URC/install/dynamixel_sdk/share/dynamixel_sdk/control_table
[65.615s] -- Installing: /home/admin1/URC/install/dynamixel_sdk/share/dynamixel_sdk/control_table/xl330_m288.model
[65.617s] -- Installing: /home/admin1/URC/install/dynamixel_sdk/share/dynamixel_sdk/control_table/xl430_w250.model
[65.625s] -- Installing: /home/admin1/URC/install/dynamixel_sdk/share/dynamixel_sdk/control_table/xd430_t350.model
[65.629s] -- Installing: /home/admin1/URC/install/dynamixel_sdk/share/dynamixel_sdk/control_table/xl330_m288_fw52.model
[65.632s] -- Installing: /home/admin1/URC/install/dynamixel_sdk/share/dynamixel_sdk/control_table/2xc430_w250.model
[65.635s] -- Installing: /home/admin1/URC/install/dynamixel_sdk/share/dynamixel_sdk/control_table/xc430_w240.model
[65.636s] -- Installing: /home/admin1/URC/install/dynamixel_sdk/share/dynamixel_sdk/control_table/m54_40_s250_ra.model
[65.638s] -- Installing: /home/admin1/URC/install/dynamixel_sdk/share/dynamixel_sdk/control_table/h54_200_s500_ra.model
[65.639s] -- Installing: /home/admin1/URC/install/dynamixel_sdk/share/dynamixel_sdk/control_table/xc330_t181.model
[65.644s] -- Installing: /home/admin1/URC/install/dynamixel_sdk/share/dynamixel_sdk/control_table/xl330_m077_fw52.model
[65.645s] -- Installing: /home/admin1/URC/install/dynamixel_sdk/share/dynamixel_sdk/control_table/m54_60_s250_ra.model
[65.650s] -- Installing: /home/admin1/URC/install/dynamixel_sdk/share/dynamixel_sdk/control_table/xc330_m288_fw52.model
[65.654s] -- Installing: /home/admin1/URC/install/dynamixel_sdk/share/dynamixel_sdk/control_table/dynamixel.model
[65.656s] -- Installing: /home/admin1/URC/install/dynamixel_sdk/share/dynamixel_sdk/control_table/xc330_t288.model
[65.658s] -- Installing: /home/admin1/URC/install/dynamixel_sdk/share/dynamixel_sdk/control_table/pm54_060_s250.model
[65.660s] -- Installing: /home/admin1/URC/install/dynamixel_sdk/share/dynamixel_sdk/control_table/xw430_t200.model
[65.664s] -- Installing: /home/admin1/URC/install/dynamixel_sdk/share/dynamixel_sdk/control_table/ym070_210_b001.model
[65.665s] -- Installing: /home/admin1/URC/install/dynamixel_sdk/share/dynamixel_sdk/control_table/m42_10_s260_ra.model
[65.667s] -- Installing: /home/admin1/URC/install/dynamixel_sdk/share/dynamixel_sdk/control_table/xm430_w210.model
[65.669s] -- Installing: /home/admin1/URC/install/dynamixel_sdk/share/dynamixel_sdk/control_table/rh_p12_rn.model
[65.673s] -- Installing: /home/admin1/URC/install/dynamixel_sdk/share/dynamixel_sdk/control_table/mx_28.model
[65.677s] -- Installing: /home/admin1/URC/install/dynamixel_sdk/share/dynamixel_sdk/control_table/ym070_210_r099.model
[65.678s] -- Installing: /home/admin1/URC/install/dynamixel_sdk/share/dynamixel_sdk/control_table/mx_106.model
[65.679s] -- Installing: /home/admin1/URC/install/dynamixel_sdk/share/dynamixel_sdk/control_table/ym080_230_r051.model
[65.700s] -- Installing: /home/admin1/URC/install/dynamixel_sdk/share/dynamixel_sdk/control_table/xc330_m181_fw52.model
[65.701s] -- Installing: /home/admin1/URC/install/dynamixel_sdk/share/dynamixel_sdk/control_table/ym080_230_r099.model
[65.703s] -- Installing: /home/admin1/URC/install/dynamixel_sdk/share/dynamixel_sdk/control_table/pm54_040_s250.model
[65.706s] -- Installing: /home/admin1/URC/install/dynamixel_sdk/share/dynamixel_sdk/control_table/xc330_m288.model
[65.706s] -- Installing: /home/admin1/URC/install/dynamixel_sdk/share/dynamixel_sdk/control_table/xw540_t140.model
[65.707s] -- Installing: /home/admin1/URC/install/dynamixel_sdk/share/dynamixel_sdk/control_table/xm430_w350.model
[65.707s] -- Installing: /home/admin1/URC/install/dynamixel_sdk/share/dynamixel_sdk/control_table/xh430_v350.model
[65.708s] -- Installing: /home/admin1/URC/install/dynamixel_sdk/share/dynamixel_sdk/control_table/xc430_w150.model
[65.709s] -- Installing: /home/admin1/URC/install/dynamixel_sdk/share/dynamixel_sdk/control_table/ym080_230_b001.model
[65.710s] -- Installing: /home/admin1/URC/install/dynamixel_sdk/share/dynamixel_sdk/control_table/xm540_w150.model
[65.711s] -- Installing: /home/admin1/URC/install/dynamixel_sdk/share/dynamixel_sdk/control_table/xm540_w270.model
[65.711s] -- Installing: /home/admin1/URC/install/dynamixel_sdk/share/dynamixel_sdk/control_table/ph54_200_s500.model
[65.712s] -- Installing: /home/admin1/URC/install/dynamixel_sdk/share/dynamixel_sdk/control_table/xh540_w150.model
[65.713s] -- Installing: /home/admin1/URC/install/dynamixel_sdk/share/dynamixel_sdk/control_table/xc330_m181.model
[65.714s] -- Installing: /home/admin1/URC/install/dynamixel_sdk/share/dynamixel_sdk/control_table/xh540_v270.model
[65.715s] -- Installing: /home/admin1/URC/install/dynamixel_sdk/share/dynamixel_sdk/control_table/xl330_m077.model
[65.731s] -- Installing: /home/admin1/URC/install/dynamixel_sdk/share/dynamixel_sdk/control_table/xd540_t270.model
[65.732s] -- Installing: /home/admin1/URC/install/dynamixel_sdk/share/dynamixel_sdk/control_table/2xl430_w250.model
[65.733s] -- Installing: /home/admin1/URC/install/dynamixel_sdk/share/dynamixel_sdk/control_table/xc330_t181_fw52.model
[65.733s] -- Installing: /home/admin1/URC/install/dynamixel_sdk/share/dynamixel_sdk/control_table/ym070_210_a099.model
[65.738s] -- Installing: /home/admin1/URC/install/dynamixel_sdk/share/dynamixel_sdk/control_table/xw540_h260.model
[65.739s] -- Installing: /home/admin1/URC/install/dynamixel_sdk/share/dynamixel_sdk/control_table/ym070_210_m001.model
[65.741s] -- Installing: /home/admin1/URC/install/dynamixel_sdk/share/dynamixel_sdk/control_table/h42_20_s300_ra.model
[65.743s] -- Installing: /home/admin1/URC/install/dynamixel_sdk/share/dynamixel_sdk/control_table/xh540_v150.model
[65.746s] -- Installing: /home/admin1/URC/install/dynamixel_sdk/share/dynamixel_sdk/control_table/ph54_100_s500.model
[65.749s] -- Installing: /home/admin1/URC/install/dynamixel_sdk/share/dynamixel_sdk/control_table/ym080_230_a051.model
[65.750s] -- Installing: /home/admin1/URC/install/dynamixel_sdk/share/dynamixel_sdk/control_table/ym070_210_r051.model
[65.754s] -- Installing: /home/admin1/URC/install/dynamixel_sdk/share/dynamixel_sdk/control_table/xl320.model
[65.754s] -- Installing: /home/admin1/URC/install/dynamixel_sdk/share/dynamixel_sdk/control_table/xw540_t260.model
[65.759s] -- Installing: /home/admin1/URC/install/dynamixel_sdk/share/dynamixel_sdk/control_table/xd540_t150.model
[65.760s] -- Installing: /home/admin1/URC/install/dynamixel_sdk/share/dynamixel_sdk/control_table/xh430_v210.model
[65.765s] -- Installing: /home/admin1/URC/install/dynamixel_sdk/share/dynamixel_sdk/control_table/pm42_010_s260.model
[65.765s] -- Installing: /home/admin1/URC/install/dynamixel_sdk/share/dynamixel_sdk/control_table/xd430_t210.model
[65.766s] -- Installing: /home/admin1/URC/install/dynamixel_sdk/share/dynamixel_sdk/control_table/ym080_230_m001.model
[65.769s] -- Installing: /home/admin1/URC/install/dynamixel_sdk/share/dynamixel_sdk/control_table/ym070_210_a051.model
[65.773s] -- Installing: /home/admin1/URC/install/dynamixel_sdk/share/dynamixel_sdk/control_table/xc330_t288_fw52.model
[65.780s] -- Installing: /home/admin1/URC/install/dynamixel_sdk/share/dynamixel_sdk/control_table/ym080_230_a099.model
[65.790s] -- Installing: /home/admin1/URC/install/dynamixel_sdk/share/dynamixel_sdk/control_table/ph42_020_s300.model
[65.808s] -- Installing: /home/admin1/URC/install/dynamixel_sdk/share/dynamixel_sdk/control_table/xw430_t333.model
[65.818s] -- Installing: /home/admin1/URC/install/dynamixel_sdk/share/dynamixel_sdk/control_table/mx_64.model
[65.827s] -- Installing: /home/admin1/URC/install/dynamixel_sdk/share/dynamixel_sdk/control_table/xh430_w210.model
[65.833s] -- Installing: /home/admin1/URC/install/dynamixel_sdk/share/dynamixel_sdk/control_table/h54_100_s500_ra.model
[65.834s] -- Installing: /home/admin1/URC/install/dynamixel_sdk/share/dynamixel_sdk/control_table/xh540_w270.model
[65.835s] -- Installing: /home/admin1/URC/install/dynamixel_sdk/share/dynamixel_sdk/control_table/xh430_w350.model
[65.842s] -- Installing: /home/admin1/URC/install/dynamixel_sdk/share/dynamixel_sdk/environment/pythonpath.sh
[65.843s] -- Installing: /home/admin1/URC/install/dynamixel_sdk/share/dynamixel_sdk/environment/pythonpath.dsv
[65.852s] -- Installing: /home/admin1/URC/install/dynamixel_sdk/lib/python3.12/site-packages/dynamixel_sdk-4.0.3-py3.12.egg-info
[65.853s] -- Installing: /home/admin1/URC/install/dynamixel_sdk/lib/python3.12/site-packages/dynamixel_sdk-4.0.3-py3.12.egg-info/top_level.txt
[65.853s] -- Installing: /home/admin1/URC/install/dynamixel_sdk/lib/python3.12/site-packages/dynamixel_sdk-4.0.3-py3.12.egg-info/PKG-INFO
[65.859s] -- Installing: /home/admin1/URC/install/dynamixel_sdk/lib/python3.12/site-packages/dynamixel_sdk-4.0.3-py3.12.egg-info/SOURCES.txt
[65.861s] -- Installing: /home/admin1/URC/install/dynamixel_sdk/lib/python3.12/site-packages/dynamixel_sdk-4.0.3-py3.12.egg-info/dependency_links.txt
[65.864s] -- Installing: /home/admin1/URC/install/dynamixel_sdk/lib/python3.12/site-packages/dynamixel_sdk
[65.864s] -- Installing: /home/admin1/URC/install/dynamixel_sdk/lib/python3.12/site-packages/dynamixel_sdk/protocol2_packet_handler.py
[65.867s] -- Installing: /home/admin1/URC/install/dynamixel_sdk/lib/python3.12/site-packages/dynamixel_sdk/port_handler.py
[65.872s] -- Installing: /home/admin1/URC/install/dynamixel_sdk/lib/python3.12/site-packages/dynamixel_sdk/packet_handler.py
[65.872s] -- Installing: /home/admin1/URC/install/dynamixel_sdk/lib/python3.12/site-packages/dynamixel_sdk/port_handler.cpp
[65.876s] -- Installing: /home/admin1/URC/install/dynamixel_sdk/lib/python3.12/site-packages/dynamixel_sdk/robotis_def.py
[65.876s] -- Installing: /home/admin1/URC/install/dynamixel_sdk/lib/python3.12/site-packages/dynamixel_sdk/group_bulk_read.cpp
[65.877s] -- Installing: /home/admin1/URC/install/dynamixel_sdk/lib/python3.12/site-packages/dynamixel_sdk/__init__.py
[65.878s] -- Installing: /home/admin1/URC/install/dynamixel_sdk/lib/python3.12/site-packages/dynamixel_sdk/group_sync_write.py
[65.884s] -- Installing: /home/admin1/URC/install/dynamixel_sdk/lib/python3.12/site-packages/dynamixel_sdk/port_handler_mac.cpp
[65.889s] -- Installing: /home/admin1/URC/install/dynamixel_sdk/lib/python3.12/site-packages/dynamixel_sdk/packet_handler.cpp
[65.896s] -- Installing: /home/admin1/URC/install/dynamixel_sdk/lib/python3.12/site-packages/dynamixel_sdk/group_sync_write.cpp
[65.902s] -- Installing: /home/admin1/URC/install/dynamixel_sdk/lib/python3.12/site-packages/dynamixel_sdk/port_handler_arduino.cpp
[65.902s] -- Installing: /home/admin1/URC/install/dynamixel_sdk/lib/python3.12/site-packages/dynamixel_sdk/group_fast_sync_read.cpp
[65.903s] -- Installing: /home/admin1/URC/install/dynamixel_sdk/lib/python3.12/site-packages/dynamixel_sdk/group_bulk_read.py
[65.903s] -- Installing: /home/admin1/URC/install/dynamixel_sdk/lib/python3.12/site-packages/dynamixel_sdk/port_handler_linux.cpp
[65.915s] -- Installing: /home/admin1/URC/install/dynamixel_sdk/lib/python3.12/site-packages/dynamixel_sdk/group_bulk_write.py
[65.918s] -- Installing: /home/admin1/URC/install/dynamixel_sdk/lib/python3.12/site-packages/dynamixel_sdk/protocol1_packet_handler.py
[65.923s] -- Installing: /home/admin1/URC/install/dynamixel_sdk/lib/python3.12/site-packages/dynamixel_sdk/group_bulk_write.cpp
[65.930s] -- Installing: /home/admin1/URC/install/dynamixel_sdk/lib/python3.12/site-packages/dynamixel_sdk/group_handler.cpp
[65.931s] -- Installing: /home/admin1/URC/install/dynamixel_sdk/lib/python3.12/site-packages/dynamixel_sdk/group_sync_read.py
[65.931s] -- Installing: /home/admin1/URC/install/dynamixel_sdk/lib/python3.12/site-packages/dynamixel_sdk/group_fast_bulk_read.cpp
[65.936s] -- Installing: /home/admin1/URC/install/dynamixel_sdk/lib/python3.12/site-packages/dynamixel_sdk/protocol1_packet_handler.cpp
[65.937s] -- Installing: /home/admin1/URC/install/dynamixel_sdk/lib/python3.12/site-packages/dynamixel_sdk/port_handler_windows.cpp
[65.941s] -- Installing: /home/admin1/URC/install/dynamixel_sdk/lib/python3.12/site-packages/dynamixel_sdk/group_sync_read.cpp
[65.943s] -- Installing: /home/admin1/URC/install/dynamixel_sdk/lib/python3.12/site-packages/dynamixel_sdk/protocol2_packet_handler.cpp
[66.367s] Listing '/home/admin1/URC/install/dynamixel_sdk/lib/python3.12/site-packages/dynamixel_sdk'...
[66.371s] Compiling '/home/admin1/URC/install/dynamixel_sdk/lib/python3.12/site-packages/dynamixel_sdk/__init__.py'...
[66.373s] Compiling '/home/admin1/URC/install/dynamixel_sdk/lib/python3.12/site-packages/dynamixel_sdk/group_bulk_read.py'...
[66.377s] Compiling '/home/admin1/URC/install/dynamixel_sdk/lib/python3.12/site-packages/dynamixel_sdk/group_bulk_write.py'...
[66.378s] Compiling '/home/admin1/URC/install/dynamixel_sdk/lib/python3.12/site-packages/dynamixel_sdk/group_sync_read.py'...
[66.382s] Compiling '/home/admin1/URC/install/dynamixel_sdk/lib/python3.12/site-packages/dynamixel_sdk/group_sync_write.py'...
[66.388s] Compiling '/home/admin1/URC/install/dynamixel_sdk/lib/python3.12/site-packages/dynamixel_sdk/packet_handler.py'...
[66.390s] Compiling '/home/admin1/URC/install/dynamixel_sdk/lib/python3.12/site-packages/dynamixel_sdk/port_handler.py'...
[66.390s] Compiling '/home/admin1/URC/install/dynamixel_sdk/lib/python3.12/site-packages/dynamixel_sdk/protocol1_packet_handler.py'...
[66.395s] Compiling '/home/admin1/URC/install/dynamixel_sdk/lib/python3.12/site-packages/dynamixel_sdk/protocol2_packet_handler.py'...
[66.403s] Compiling '/home/admin1/URC/install/dynamixel_sdk/lib/python3.12/site-packages/dynamixel_sdk/robotis_def.py'...
[66.457s] -- Installing: /home/admin1/URC/install/dynamixel_sdk/lib/python3.12/site-packages/dynamixel_easy_sdk-4.0.3-py3.12.egg-info
[66.462s] -- Installing: /home/admin1/URC/install/dynamixel_sdk/lib/python3.12/site-packages/dynamixel_easy_sdk-4.0.3-py3.12.egg-info/top_level.txt
[66.467s] -- Installing: /home/admin1/URC/install/dynamixel_sdk/lib/python3.12/site-packages/dynamixel_easy_sdk-4.0.3-py3.12.egg-info/PKG-INFO
[66.471s] -- Installing: /home/admin1/URC/install/dynamixel_sdk/lib/python3.12/site-packages/dynamixel_easy_sdk-4.0.3-py3.12.egg-info/SOURCES.txt
[66.471s] -- Installing: /home/admin1/URC/install/dynamixel_sdk/lib/python3.12/site-packages/dynamixel_easy_sdk-4.0.3-py3.12.egg-info/dependency_links.txt
[66.476s] -- Installing: /home/admin1/URC/install/dynamixel_sdk/lib/python3.12/site-packages/dynamixel_easy_sdk
[66.478s] -- Installing: /home/admin1/URC/install/dynamixel_sdk/lib/python3.12/site-packages/dynamixel_easy_sdk/dynamixel_error.cpp
[66.489s] -- Installing: /home/admin1/URC/install/dynamixel_sdk/lib/python3.12/site-packages/dynamixel_easy_sdk/control_table.py
[66.491s] -- Installing: /home/admin1/URC/install/dynamixel_sdk/lib/python3.12/site-packages/dynamixel_easy_sdk/group_executor.cpp
[66.495s] -- Installing: /home/admin1/URC/install/dynamixel_sdk/lib/python3.12/site-packages/dynamixel_easy_sdk/__init__.py
[66.496s] -- Installing: /home/admin1/URC/install/dynamixel_sdk/lib/python3.12/site-packages/dynamixel_easy_sdk/connector.cpp
[66.502s] -- Installing: /home/admin1/URC/install/dynamixel_sdk/lib/python3.12/site-packages/dynamixel_easy_sdk/motor.cpp
[66.519s] -- Installing: /home/admin1/URC/install/dynamixel_sdk/lib/python3.12/site-packages/dynamixel_easy_sdk/dynamixel_error.py
[66.520s] -- Installing: /home/admin1/URC/install/dynamixel_sdk/lib/python3.12/site-packages/dynamixel_easy_sdk/control_table.cpp
[66.520s] -- Installing: /home/admin1/URC/install/dynamixel_sdk/lib/python3.12/site-packages/dynamixel_easy_sdk/motor.py
[66.525s] -- Installing: /home/admin1/URC/install/dynamixel_sdk/lib/python3.12/site-packages/dynamixel_easy_sdk/data_types.py
[66.526s] -- Installing: /home/admin1/URC/install/dynamixel_sdk/lib/python3.12/site-packages/dynamixel_easy_sdk/connector.py
[66.529s] -- Installing: /home/admin1/URC/install/dynamixel_sdk/lib/python3.12/site-packages/dynamixel_easy_sdk/group_executor.py
[66.828s] Listing '/home/admin1/URC/install/dynamixel_sdk/lib/python3.12/site-packages/dynamixel_easy_sdk'...
[66.831s] Compiling '/home/admin1/URC/install/dynamixel_sdk/lib/python3.12/site-packages/dynamixel_easy_sdk/__init__.py'...
[66.834s] Compiling '/home/admin1/URC/install/dynamixel_sdk/lib/python3.12/site-packages/dynamixel_easy_sdk/connector.py'...
[66.841s] Compiling '/home/admin1/URC/install/dynamixel_sdk/lib/python3.12/site-packages/dynamixel_easy_sdk/control_table.py'...
[66.844s] Compiling '/home/admin1/URC/install/dynamixel_sdk/lib/python3.12/site-packages/dynamixel_easy_sdk/data_types.py'...
[66.848s] Compiling '/home/admin1/URC/install/dynamixel_sdk/lib/python3.12/site-packages/dynamixel_easy_sdk/dynamixel_error.py'...
[66.849s] Compiling '/home/admin1/URC/install/dynamixel_sdk/lib/python3.12/site-packages/dynamixel_easy_sdk/group_executor.py'...
[66.850s] Compiling '/home/admin1/URC/install/dynamixel_sdk/lib/python3.12/site-packages/dynamixel_easy_sdk/motor.py'...
[66.872s] -- Installing: /home/admin1/URC/install/dynamixel_sdk/share/dynamixel_sdk/environment/library_path.sh
[66.874s] -- Installing: /home/admin1/URC/install/dynamixel_sdk/share/dynamixel_sdk/environment/library_path.dsv
[66.875s] -- Installing: /home/admin1/URC/install/dynamixel_sdk/share/ament_index/resource_index/package_run_dependencies/dynamixel_sdk
[66.877s] -- Installing: /home/admin1/URC/install/dynamixel_sdk/share/ament_index/resource_index/parent_prefix_path/dynamixel_sdk
[66.878s] -- Installing: /home/admin1/URC/install/dynamixel_sdk/share/dynamixel_sdk/environment/ament_prefix_path.sh
[66.880s] -- Installing: /home/admin1/URC/install/dynamixel_sdk/share/dynamixel_sdk/environment/ament_prefix_path.dsv
[66.881s] -- Installing: /home/admin1/URC/install/dynamixel_sdk/share/dynamixel_sdk/environment/path.sh
[66.883s] -- Installing: /home/admin1/URC/install/dynamixel_sdk/share/dynamixel_sdk/environment/path.dsv
[66.884s] -- Installing: /home/admin1/URC/install/dynamixel_sdk/share/dynamixel_sdk/local_setup.bash
[66.887s] -- Installing: /home/admin1/URC/install/dynamixel_sdk/share/dynamixel_sdk/local_setup.sh
[66.888s] -- Installing: /home/admin1/URC/install/dynamixel_sdk/share/dynamixel_sdk/local_setup.zsh
[66.894s] -- Installing: /home/admin1/URC/install/dynamixel_sdk/share/dynamixel_sdk/local_setup.dsv
[66.895s] -- Installing: /home/admin1/URC/install/dynamixel_sdk/share/dynamixel_sdk/package.dsv
[66.902s] -- Installing: /home/admin1/URC/install/dynamixel_sdk/share/ament_index/resource_index/packages/dynamixel_sdk
[66.906s] -- Installing: /home/admin1/URC/install/dynamixel_sdk/share/dynamixel_sdk/cmake/dynamixel_sdkExport.cmake
[66.908s] -- Installing: /home/admin1/URC/install/dynamixel_sdk/share/dynamixel_sdk/cmake/dynamixel_sdkExport-noconfig.cmake
[66.909s] -- Installing: /home/admin1/URC/install/dynamixel_sdk/share/dynamixel_sdk/cmake/ament_cmake_export_targets-extras.cmake
[66.909s] -- Installing: /home/admin1/URC/install/dynamixel_sdk/share/dynamixel_sdk/cmake/ament_cmake_export_include_directories-extras.cmake
[66.910s] -- Installing: /home/admin1/URC/install/dynamixel_sdk/share/dynamixel_sdk/cmake/ament_cmake_export_libraries-extras.cmake
[66.914s] -- Installing: /home/admin1/URC/install/dynamixel_sdk/share/dynamixel_sdk/cmake/dynamixel_sdkConfig.cmake
[66.914s] -- Installing: /home/admin1/URC/install/dynamixel_sdk/share/dynamixel_sdk/cmake/dynamixel_sdkConfig-version.cmake
[66.918s] -- Installing: /home/admin1/URC/install/dynamixel_sdk/share/dynamixel_sdk/package.xml
[66.923s] Invoked command in '/home/admin1/URC/build/dynamixel_sdk' returned '0': CMAKE_PREFIX_PATH=${CMAKE_PREFIX_PATH}:/opt/ros/jazzy DEBUGINFOD_URLS=https://debuginfod.ubuntu.com /usr/bin/cmake --install /home/admin1/URC/build/dynamixel_sdk
