[0.010s] Invoking command in '/home/ayaan/URC/URC/build/interbotix_xs_driver': AMENT_PREFIX_PATH=/home/ayaan/URC/URC/install/dynamixel_workbench_toolbox:/home/ayaan/URC/URC/install/dynamixel_sdk:${AMENT_PREFIX_PATH} CMAKE_PREFIX_PATH=/home/ayaan/URC/URC/install/dynamixel_workbench_toolbox:/home/ayaan/URC/URC/install/dynamixel_sdk:/home/ayaan/imprimis/imprimis_ws/install/umx_driver:/home/ayaan/imprimis/imprimis_ws/install/imprimis_hardware_platform:/home/ayaan/imprimis/imprimis_ws/install/serial:/home/ayaan/imprimis/imprimis_ws/install/scanmatcher:/home/ayaan/imprimis/imprimis_ws/install/graph_based_slam:/home/ayaan/imprimis/imprimis_ws/install/ndt_omp_ros2:/home/ayaan/imprimis/imprimis_ws/install/lidarslam_msgs:/home/ayaan/imprimis/imprimis_ws/install/imprimis_navigation:/home/ayaan/imprimis/imprimis_ws/install/imprimis_description:/home/ayaan/ros2_ws/install/turtlesim:/opt/ros/jazzy/opt/gz_sim_vendor:/opt/ros/jazzy/opt/gz_sensors_vendor:/opt/ros/jazzy/opt/gz_physics_vendor:/opt/ros/jazzy/opt/sdformat_vendor:/opt/ros/jazzy/opt/gz_gui_vendor:/opt/ros/jazzy/opt/gz_transport_vendor:/opt/ros/jazzy/opt/gz_rendering_vendor:/opt/ros/jazzy/opt/gz_plugin_vendor:/opt/ros/jazzy/opt/gz_fuel_tools_vendor:/opt/ros/jazzy/opt/gz_msgs_vendor:/opt/ros/jazzy/opt/gz_common_vendor:/opt/ros/jazzy/opt/gz_math_vendor:/opt/ros/jazzy/opt/gz_utils_vendor:/opt/ros/jazzy/opt/gz_tools_vendor:/opt/ros/jazzy/opt/gz_ogre_next_vendor:/opt/ros/jazzy/opt/gz_dartsim_vendor:/opt/ros/jazzy/opt/gz_cmake_vendor:/home/ayaan/imprimis/imprimis_ws/install/utils:/home/ayaan/imprimis/imprimis_ws/install/map_goal_to_odom:/home/ayaan/imprimis/imprimis_ws/install/gps_nav_bridge:/opt/ros/jazzy DEBUGINFOD_URLS=https://debuginfod.ubuntu.com LD_LIBRARY_PATH=/home/ayaan/URC/URC/install/dynamixel_workbench_toolbox/lib:/home/ayaan/URC/URC/install/dynamixel_sdk/lib:${LD_LIBRARY_PATH} PYTHONPATH=/home/ayaan/URC/URC/install/dynamixel_sdk/lib/python3.12/site-packages:${PYTHONPATH} /usr/bin/cmake /home/ayaan/URC/URC/urc_ws_interbotix/src/interbotix_xs_driver -DCMAKE_INSTALL_PREFIX=/home/ayaan/URC/URC/install/interbotix_xs_driver
[0.064s] -- The CXX compiler identification is GNU 13.3.0
[0.076s] -- Detecting CXX compiler ABI info
[0.147s] -- Detecting CXX compiler ABI info - done
[0.154s] -- Check for working CXX compiler: /usr/bin/c++ - skipped
[0.154s] -- Detecting CXX compile features
[0.154s] -- Detecting CXX compile features - done
[0.155s] -- Found dynamixel_workbench_toolbox: 2.2.2 (/home/ayaan/URC/URC/install/dynamixel_workbench_toolbox/share/dynamixel_workbench_toolbox/cmake)
[0.274s] -- Found Python3: /usr/bin/python3 (found version "3.12.3") found components: Interpreter 
[0.397s] -- Found rosidl_generator_c: 4.6.7 (/opt/ros/jazzy/share/rosidl_generator_c/cmake)
[0.406s] -- Found rosidl_generator_cpp: 4.6.7 (/opt/ros/jazzy/share/rosidl_generator_cpp/cmake)
[0.417s] -- Using all available rosidl_typesupport_c: rosidl_typesupport_fastrtps_c;rosidl_typesupport_introspection_c
[0.429s] -- Using all available rosidl_typesupport_cpp: rosidl_typesupport_fastrtps_cpp;rosidl_typesupport_introspection_cpp
[0.478s] -- Found rmw_implementation_cmake: 7.3.3 (/opt/ros/jazzy/share/rmw_implementation_cmake/cmake)
[0.480s] -- Found rmw_fastrtps_cpp: 8.4.3 (/opt/ros/jazzy/share/rmw_fastrtps_cpp/cmake)
[0.536s] -- Found OpenSSL: /usr/lib/x86_64-linux-gnu/libcrypto.so (found version "3.0.13")  
[0.550s] -- Found FastRTPS: /opt/ros/jazzy/include (Required is at least version "2.13") 
[0.568s] -- Using RMW implementation 'rmw_fastrtps_cpp' as default
[0.629s] -- Found ament_lint_auto: 0.17.4 (/opt/ros/jazzy/share/ament_lint_auto/cmake)
[0.709s] -- Added test 'copyright' to check source files copyright and LICENSE
[0.710s] -- Added test 'cppcheck' to perform static code analysis on C / C++ code
[0.710s] -- Configured cppcheck include dirs: /home/ayaan/URC/URC/urc_ws_interbotix/src/interbotix_xs_driver/include;$<BUILD_INTERFACE:/home/ayaan/URC/URC/urc_ws_interbotix/src/interbotix_xs_driver/include>
[0.710s] -- Configured cppcheck exclude dirs and/or files: 
[0.711s] -- Added test 'cpplint' to check C / C++ code against the Google style
[0.711s] -- Configured cpplint exclude dirs and/or files: 
[0.712s] -- Added test 'lint_cmake' to check CMake code style
[0.712s] -- Added test 'uncrustify' to check C / C++ code style
[0.712s] -- Configured uncrustify additional arguments: 
[0.713s] -- Added test 'xmllint' to check XML markup files
[0.714s] -- Configuring done (0.7s)
[0.722s] -- Generating done (0.0s)
[0.723s] -- Build files have been written to: /home/ayaan/URC/URC/build/interbotix_xs_driver
[0.730s] Invoked command in '/home/ayaan/URC/URC/build/interbotix_xs_driver' returned '0': AMENT_PREFIX_PATH=/home/ayaan/URC/URC/install/dynamixel_workbench_toolbox:/home/ayaan/URC/URC/install/dynamixel_sdk:${AMENT_PREFIX_PATH} CMAKE_PREFIX_PATH=/home/ayaan/URC/URC/install/dynamixel_workbench_toolbox:/home/ayaan/URC/URC/install/dynamixel_sdk:/home/ayaan/imprimis/imprimis_ws/install/umx_driver:/home/ayaan/imprimis/imprimis_ws/install/imprimis_hardware_platform:/home/ayaan/imprimis/imprimis_ws/install/serial:/home/ayaan/imprimis/imprimis_ws/install/scanmatcher:/home/ayaan/imprimis/imprimis_ws/install/graph_based_slam:/home/ayaan/imprimis/imprimis_ws/install/ndt_omp_ros2:/home/ayaan/imprimis/imprimis_ws/install/lidarslam_msgs:/home/ayaan/imprimis/imprimis_ws/install/imprimis_navigation:/home/ayaan/imprimis/imprimis_ws/install/imprimis_description:/home/ayaan/ros2_ws/install/turtlesim:/opt/ros/jazzy/opt/gz_sim_vendor:/opt/ros/jazzy/opt/gz_sensors_vendor:/opt/ros/jazzy/opt/gz_physics_vendor:/opt/ros/jazzy/opt/sdformat_vendor:/opt/ros/jazzy/opt/gz_gui_vendor:/opt/ros/jazzy/opt/gz_transport_vendor:/opt/ros/jazzy/opt/gz_rendering_vendor:/opt/ros/jazzy/opt/gz_plugin_vendor:/opt/ros/jazzy/opt/gz_fuel_tools_vendor:/opt/ros/jazzy/opt/gz_msgs_vendor:/opt/ros/jazzy/opt/gz_common_vendor:/opt/ros/jazzy/opt/gz_math_vendor:/opt/ros/jazzy/opt/gz_utils_vendor:/opt/ros/jazzy/opt/gz_tools_vendor:/opt/ros/jazzy/opt/gz_ogre_next_vendor:/opt/ros/jazzy/opt/gz_dartsim_vendor:/opt/ros/jazzy/opt/gz_cmake_vendor:/home/ayaan/imprimis/imprimis_ws/install/utils:/home/ayaan/imprimis/imprimis_ws/install/map_goal_to_odom:/home/ayaan/imprimis/imprimis_ws/install/gps_nav_bridge:/opt/ros/jazzy DEBUGINFOD_URLS=https://debuginfod.ubuntu.com LD_LIBRARY_PATH=/home/ayaan/URC/URC/install/dynamixel_workbench_toolbox/lib:/home/ayaan/URC/URC/install/dynamixel_sdk/lib:${LD_LIBRARY_PATH} PYTHONPATH=/home/ayaan/URC/URC/install/dynamixel_sdk/lib/python3.12/site-packages:${PYTHONPATH} /usr/bin/cmake /home/ayaan/URC/URC/urc_ws_interbotix/src/interbotix_xs_driver -DCMAKE_INSTALL_PREFIX=/home/ayaan/URC/URC/install/interbotix_xs_driver
[0.731s] Invoking command in '/home/ayaan/URC/URC/build/interbotix_xs_driver': AMENT_PREFIX_PATH=/home/ayaan/URC/URC/install/dynamixel_workbench_toolbox:/home/ayaan/URC/URC/install/dynamixel_sdk:${AMENT_PREFIX_PATH} CMAKE_PREFIX_PATH=/home/ayaan/URC/URC/install/dynamixel_workbench_toolbox:/home/ayaan/URC/URC/install/dynamixel_sdk:/home/ayaan/imprimis/imprimis_ws/install/umx_driver:/home/ayaan/imprimis/imprimis_ws/install/imprimis_hardware_platform:/home/ayaan/imprimis/imprimis_ws/install/serial:/home/ayaan/imprimis/imprimis_ws/install/scanmatcher:/home/ayaan/imprimis/imprimis_ws/install/graph_based_slam:/home/ayaan/imprimis/imprimis_ws/install/ndt_omp_ros2:/home/ayaan/imprimis/imprimis_ws/install/lidarslam_msgs:/home/ayaan/imprimis/imprimis_ws/install/imprimis_navigation:/home/ayaan/imprimis/imprimis_ws/install/imprimis_description:/home/ayaan/ros2_ws/install/turtlesim:/opt/ros/jazzy/opt/gz_sim_vendor:/opt/ros/jazzy/opt/gz_sensors_vendor:/opt/ros/jazzy/opt/gz_physics_vendor:/opt/ros/jazzy/opt/sdformat_vendor:/opt/ros/jazzy/opt/gz_gui_vendor:/opt/ros/jazzy/opt/gz_transport_vendor:/opt/ros/jazzy/opt/gz_rendering_vendor:/opt/ros/jazzy/opt/gz_plugin_vendor:/opt/ros/jazzy/opt/gz_fuel_tools_vendor:/opt/ros/jazzy/opt/gz_msgs_vendor:/opt/ros/jazzy/opt/gz_common_vendor:/opt/ros/jazzy/opt/gz_math_vendor:/opt/ros/jazzy/opt/gz_utils_vendor:/opt/ros/jazzy/opt/gz_tools_vendor:/opt/ros/jazzy/opt/gz_ogre_next_vendor:/opt/ros/jazzy/opt/gz_dartsim_vendor:/opt/ros/jazzy/opt/gz_cmake_vendor:/home/ayaan/imprimis/imprimis_ws/install/utils:/home/ayaan/imprimis/imprimis_ws/install/map_goal_to_odom:/home/ayaan/imprimis/imprimis_ws/install/gps_nav_bridge:/opt/ros/jazzy DEBUGINFOD_URLS=https://debuginfod.ubuntu.com LD_LIBRARY_PATH=/home/ayaan/URC/URC/install/dynamixel_workbench_toolbox/lib:/home/ayaan/URC/URC/install/dynamixel_sdk/lib:${LD_LIBRARY_PATH} PYTHONPATH=/home/ayaan/URC/URC/install/dynamixel_sdk/lib/python3.12/site-packages:${PYTHONPATH} /usr/bin/cmake --build /home/ayaan/URC/URC/build/interbotix_xs_driver -- -j16 -l16
[0.770s] [ 33%] [32mBuilding CXX object CMakeFiles/interbotix_xs_driver.dir/src/xs_driver.cpp.o[0m
[0.770s] [ 66%] [32mBuilding CXX object CMakeFiles/interbotix_xs_driver.dir/src/xs_logging.cpp.o[0m
[2.076s] [100%] [32m[1mLinking CXX shared library libinterbotix_xs_driver.so[0m
[2.167s] [100%] Built target interbotix_xs_driver
[2.174s] Invoked command in '/home/ayaan/URC/URC/build/interbotix_xs_driver' returned '0': AMENT_PREFIX_PATH=/home/ayaan/URC/URC/install/dynamixel_workbench_toolbox:/home/ayaan/URC/URC/install/dynamixel_sdk:${AMENT_PREFIX_PATH} CMAKE_PREFIX_PATH=/home/ayaan/URC/URC/install/dynamixel_workbench_toolbox:/home/ayaan/URC/URC/install/dynamixel_sdk:/home/ayaan/imprimis/imprimis_ws/install/umx_driver:/home/ayaan/imprimis/imprimis_ws/install/imprimis_hardware_platform:/home/ayaan/imprimis/imprimis_ws/install/serial:/home/ayaan/imprimis/imprimis_ws/install/scanmatcher:/home/ayaan/imprimis/imprimis_ws/install/graph_based_slam:/home/ayaan/imprimis/imprimis_ws/install/ndt_omp_ros2:/home/ayaan/imprimis/imprimis_ws/install/lidarslam_msgs:/home/ayaan/imprimis/imprimis_ws/install/imprimis_navigation:/home/ayaan/imprimis/imprimis_ws/install/imprimis_description:/home/ayaan/ros2_ws/install/turtlesim:/opt/ros/jazzy/opt/gz_sim_vendor:/opt/ros/jazzy/opt/gz_sensors_vendor:/opt/ros/jazzy/opt/gz_physics_vendor:/opt/ros/jazzy/opt/sdformat_vendor:/opt/ros/jazzy/opt/gz_gui_vendor:/opt/ros/jazzy/opt/gz_transport_vendor:/opt/ros/jazzy/opt/gz_rendering_vendor:/opt/ros/jazzy/opt/gz_plugin_vendor:/opt/ros/jazzy/opt/gz_fuel_tools_vendor:/opt/ros/jazzy/opt/gz_msgs_vendor:/opt/ros/jazzy/opt/gz_common_vendor:/opt/ros/jazzy/opt/gz_math_vendor:/opt/ros/jazzy/opt/gz_utils_vendor:/opt/ros/jazzy/opt/gz_tools_vendor:/opt/ros/jazzy/opt/gz_ogre_next_vendor:/opt/ros/jazzy/opt/gz_dartsim_vendor:/opt/ros/jazzy/opt/gz_cmake_vendor:/home/ayaan/imprimis/imprimis_ws/install/utils:/home/ayaan/imprimis/imprimis_ws/install/map_goal_to_odom:/home/ayaan/imprimis/imprimis_ws/install/gps_nav_bridge:/opt/ros/jazzy DEBUGINFOD_URLS=https://debuginfod.ubuntu.com LD_LIBRARY_PATH=/home/ayaan/URC/URC/install/dynamixel_workbench_toolbox/lib:/home/ayaan/URC/URC/install/dynamixel_sdk/lib:${LD_LIBRARY_PATH} PYTHONPATH=/home/ayaan/URC/URC/install/dynamixel_sdk/lib/python3.12/site-packages:${PYTHONPATH} /usr/bin/cmake --build /home/ayaan/URC/URC/build/interbotix_xs_driver -- -j16 -l16
[2.176s] Invoking command in '/home/ayaan/URC/URC/build/interbotix_xs_driver': AMENT_PREFIX_PATH=/home/ayaan/URC/URC/install/dynamixel_workbench_toolbox:/home/ayaan/URC/URC/install/dynamixel_sdk:${AMENT_PREFIX_PATH} CMAKE_PREFIX_PATH=/home/ayaan/URC/URC/install/dynamixel_workbench_toolbox:/home/ayaan/URC/URC/install/dynamixel_sdk:/home/ayaan/imprimis/imprimis_ws/install/umx_driver:/home/ayaan/imprimis/imprimis_ws/install/imprimis_hardware_platform:/home/ayaan/imprimis/imprimis_ws/install/serial:/home/ayaan/imprimis/imprimis_ws/install/scanmatcher:/home/ayaan/imprimis/imprimis_ws/install/graph_based_slam:/home/ayaan/imprimis/imprimis_ws/install/ndt_omp_ros2:/home/ayaan/imprimis/imprimis_ws/install/lidarslam_msgs:/home/ayaan/imprimis/imprimis_ws/install/imprimis_navigation:/home/ayaan/imprimis/imprimis_ws/install/imprimis_description:/home/ayaan/ros2_ws/install/turtlesim:/opt/ros/jazzy/opt/gz_sim_vendor:/opt/ros/jazzy/opt/gz_sensors_vendor:/opt/ros/jazzy/opt/gz_physics_vendor:/opt/ros/jazzy/opt/sdformat_vendor:/opt/ros/jazzy/opt/gz_gui_vendor:/opt/ros/jazzy/opt/gz_transport_vendor:/opt/ros/jazzy/opt/gz_rendering_vendor:/opt/ros/jazzy/opt/gz_plugin_vendor:/opt/ros/jazzy/opt/gz_fuel_tools_vendor:/opt/ros/jazzy/opt/gz_msgs_vendor:/opt/ros/jazzy/opt/gz_common_vendor:/opt/ros/jazzy/opt/gz_math_vendor:/opt/ros/jazzy/opt/gz_utils_vendor:/opt/ros/jazzy/opt/gz_tools_vendor:/opt/ros/jazzy/opt/gz_ogre_next_vendor:/opt/ros/jazzy/opt/gz_dartsim_vendor:/opt/ros/jazzy/opt/gz_cmake_vendor:/home/ayaan/imprimis/imprimis_ws/install/utils:/home/ayaan/imprimis/imprimis_ws/install/map_goal_to_odom:/home/ayaan/imprimis/imprimis_ws/install/gps_nav_bridge:/opt/ros/jazzy DEBUGINFOD_URLS=https://debuginfod.ubuntu.com LD_LIBRARY_PATH=/home/ayaan/URC/URC/install/dynamixel_workbench_toolbox/lib:/home/ayaan/URC/URC/install/dynamixel_sdk/lib:${LD_LIBRARY_PATH} PYTHONPATH=/home/ayaan/URC/URC/install/dynamixel_sdk/lib/python3.12/site-packages:${PYTHONPATH} /usr/bin/cmake --install /home/ayaan/URC/URC/build/interbotix_xs_driver
[2.180s] -- Install configuration: ""
[2.180s] -- Installing: /home/ayaan/URC/URC/install/interbotix_xs_driver/lib/libinterbotix_xs_driver.so
[2.180s] -- Set non-toolchain portion of runtime path of "/home/ayaan/URC/URC/install/interbotix_xs_driver/lib/libinterbotix_xs_driver.so" to ""
[2.180s] -- Installing: /home/ayaan/URC/URC/install/interbotix_xs_driver/include/interbotix_xs_driver/version.hpp
[2.181s] -- Up-to-date: /home/ayaan/URC/URC/install/interbotix_xs_driver/include/interbotix_xs_driver
[2.181s] -- Installing: /home/ayaan/URC/URC/install/interbotix_xs_driver/include/interbotix_xs_driver/xs_logging.hpp
[2.181s] -- Installing: /home/ayaan/URC/URC/install/interbotix_xs_driver/include/interbotix_xs_driver/xs_common.hpp
[2.181s] -- Installing: /home/ayaan/URC/URC/install/interbotix_xs_driver/include/interbotix_xs_driver/xs_driver.hpp
[2.181s] -- Installing: /home/ayaan/URC/URC/install/interbotix_xs_driver/share/interbotix_xs_driver/package.xml
[2.181s] -- Installing: /home/ayaan/URC/URC/install/interbotix_xs_driver/share/ament_index/resource_index/package_run_dependencies/interbotix_xs_driver
[2.181s] -- Installing: /home/ayaan/URC/URC/install/interbotix_xs_driver/share/ament_index/resource_index/parent_prefix_path/interbotix_xs_driver
[2.181s] -- Installing: /home/ayaan/URC/URC/install/interbotix_xs_driver/share/interbotix_xs_driver/environment/ament_prefix_path.sh
[2.181s] -- Installing: /home/ayaan/URC/URC/install/interbotix_xs_driver/share/interbotix_xs_driver/environment/ament_prefix_path.dsv
[2.181s] -- Installing: /home/ayaan/URC/URC/install/interbotix_xs_driver/share/interbotix_xs_driver/environment/path.sh
[2.181s] -- Installing: /home/ayaan/URC/URC/install/interbotix_xs_driver/share/interbotix_xs_driver/environment/path.dsv
[2.181s] -- Installing: /home/ayaan/URC/URC/install/interbotix_xs_driver/share/interbotix_xs_driver/local_setup.bash
[2.181s] -- Installing: /home/ayaan/URC/URC/install/interbotix_xs_driver/share/interbotix_xs_driver/local_setup.sh
[2.181s] -- Installing: /home/ayaan/URC/URC/install/interbotix_xs_driver/share/interbotix_xs_driver/local_setup.zsh
[2.181s] -- Installing: /home/ayaan/URC/URC/install/interbotix_xs_driver/share/interbotix_xs_driver/local_setup.dsv
[2.181s] -- Installing: /home/ayaan/URC/URC/install/interbotix_xs_driver/share/interbotix_xs_driver/package.dsv
[2.181s] -- Installing: /home/ayaan/URC/URC/install/interbotix_xs_driver/share/ament_index/resource_index/packages/interbotix_xs_driver
[2.181s] -- Installing: /home/ayaan/URC/URC/install/interbotix_xs_driver/share/interbotix_xs_driver/cmake/export_interbotix_xs_driverExport.cmake
[2.181s] -- Installing: /home/ayaan/URC/URC/install/interbotix_xs_driver/share/interbotix_xs_driver/cmake/export_interbotix_xs_driverExport-noconfig.cmake
[2.182s] -- Installing: /home/ayaan/URC/URC/install/interbotix_xs_driver/share/interbotix_xs_driver/cmake/ament_cmake_export_dependencies-extras.cmake
[2.182s] -- Installing: /home/ayaan/URC/URC/install/interbotix_xs_driver/share/interbotix_xs_driver/cmake/ament_cmake_export_targets-extras.cmake
[2.182s] -- Installing: /home/ayaan/URC/URC/install/interbotix_xs_driver/share/interbotix_xs_driver/cmake/interbotix_xs_driverConfig.cmake
[2.182s] -- Installing: /home/ayaan/URC/URC/install/interbotix_xs_driver/share/interbotix_xs_driver/cmake/interbotix_xs_driverConfig-version.cmake
[2.182s] -- Up-to-date: /home/ayaan/URC/URC/install/interbotix_xs_driver/share/interbotix_xs_driver/package.xml
[2.182s] Invoked command in '/home/ayaan/URC/URC/build/interbotix_xs_driver' returned '0': AMENT_PREFIX_PATH=/home/ayaan/URC/URC/install/dynamixel_workbench_toolbox:/home/ayaan/URC/URC/install/dynamixel_sdk:${AMENT_PREFIX_PATH} CMAKE_PREFIX_PATH=/home/ayaan/URC/URC/install/dynamixel_workbench_toolbox:/home/ayaan/URC/URC/install/dynamixel_sdk:/home/ayaan/imprimis/imprimis_ws/install/umx_driver:/home/ayaan/imprimis/imprimis_ws/install/imprimis_hardware_platform:/home/ayaan/imprimis/imprimis_ws/install/serial:/home/ayaan/imprimis/imprimis_ws/install/scanmatcher:/home/ayaan/imprimis/imprimis_ws/install/graph_based_slam:/home/ayaan/imprimis/imprimis_ws/install/ndt_omp_ros2:/home/ayaan/imprimis/imprimis_ws/install/lidarslam_msgs:/home/ayaan/imprimis/imprimis_ws/install/imprimis_navigation:/home/ayaan/imprimis/imprimis_ws/install/imprimis_description:/home/ayaan/ros2_ws/install/turtlesim:/opt/ros/jazzy/opt/gz_sim_vendor:/opt/ros/jazzy/opt/gz_sensors_vendor:/opt/ros/jazzy/opt/gz_physics_vendor:/opt/ros/jazzy/opt/sdformat_vendor:/opt/ros/jazzy/opt/gz_gui_vendor:/opt/ros/jazzy/opt/gz_transport_vendor:/opt/ros/jazzy/opt/gz_rendering_vendor:/opt/ros/jazzy/opt/gz_plugin_vendor:/opt/ros/jazzy/opt/gz_fuel_tools_vendor:/opt/ros/jazzy/opt/gz_msgs_vendor:/opt/ros/jazzy/opt/gz_common_vendor:/opt/ros/jazzy/opt/gz_math_vendor:/opt/ros/jazzy/opt/gz_utils_vendor:/opt/ros/jazzy/opt/gz_tools_vendor:/opt/ros/jazzy/opt/gz_ogre_next_vendor:/opt/ros/jazzy/opt/gz_dartsim_vendor:/opt/ros/jazzy/opt/gz_cmake_vendor:/home/ayaan/imprimis/imprimis_ws/install/utils:/home/ayaan/imprimis/imprimis_ws/install/map_goal_to_odom:/home/ayaan/imprimis/imprimis_ws/install/gps_nav_bridge:/opt/ros/jazzy DEBUGINFOD_URLS=https://debuginfod.ubuntu.com LD_LIBRARY_PATH=/home/ayaan/URC/URC/install/dynamixel_workbench_toolbox/lib:/home/ayaan/URC/URC/install/dynamixel_sdk/lib:${LD_LIBRARY_PATH} PYTHONPATH=/home/ayaan/URC/URC/install/dynamixel_sdk/lib/python3.12/site-packages:${PYTHONPATH} /usr/bin/cmake --install /home/ayaan/URC/URC/build/interbotix_xs_driver
