[0.968s] DEBUG:colcon:Command line arguments: ['/usr/bin/colcon', 'build', '--packages-select', 'interbotix_xsarm_control']
[0.969s] DEBUG:colcon:Parsed command line arguments: Namespace(log_base=None, log_level=None, verb_name='build', build_base='build', install_base='install', merge_install=False, symlink_install=False, test_result_base=None, continue_on_error=False, executor='parallel', parallel_workers=4, event_handlers=None, ignore_user_meta=False, metas=['./colcon.meta'], base_paths=['.'], packages_ignore=None, packages_ignore_regex=None, paths=None, packages_up_to=None, packages_up_to_regex=None, packages_above=None, packages_above_and_dependencies=None, packages_above_depth=None, packages_select_by_dep=None, packages_skip_by_dep=None, packages_skip_up_to=None, packages_select_build_failed=False, packages_skip_build_finished=False, packages_select_test_failures=False, packages_skip_test_passed=False, packages_select=['interbotix_xsarm_control'], packages_skip=None, packages_select_regex=None, packages_skip_regex=None, packages_start=None, packages_end=None, allow_overriding=[], cmake_args=None, cmake_target=None, cmake_target_skip_unavailable=False, cmake_clean_cache=False, cmake_clean_first=False, cmake_force_configure=False, ament_cmake_args=None, catkin_cmake_args=None, catkin_skip_building_tests=False, mixin_files=None, mixin=None, verb_parser=<colcon_mixin.mixin.mixin_argument.MixinArgumentDecorator object at 0xffffbc6b8dd0>, verb_extension=<colcon_core.verb.build.BuildVerb object at 0xffffbc87d190>, main=<bound method BuildVerb.main of <colcon_core.verb.build.BuildVerb object at 0xffffbc87d190>>, mixin_verb=('build',))
[1.244s] Level 1:colcon.colcon_core.package_discovery:discover_packages(colcon_meta) check parameters
[1.246s] Level 1:colcon.colcon_core.package_discovery:discover_packages(recursive) check parameters
[1.247s] Level 1:colcon.colcon_core.package_discovery:discover_packages(ignore) check parameters
[1.248s] Level 1:colcon.colcon_core.package_discovery:discover_packages(path) check parameters
[1.248s] Level 1:colcon.colcon_core.package_discovery:discover_packages(colcon_meta) discover
[1.249s] Level 1:colcon.colcon_core.package_discovery:discover_packages(recursive) discover
[1.250s] INFO:colcon.colcon_core.package_discovery:Crawling recursively for packages in '/home/admin1/URC'
[1.252s] Level 1:colcon.colcon_core.package_identification:_identify(.) by extensions ['ignore', 'ignore_ament_install']
[1.253s] Level 1:colcon.colcon_core.package_identification:_identify(.) by extension 'ignore'
[1.254s] Level 1:colcon.colcon_core.package_identification:_identify(.) by extension 'ignore_ament_install'
[1.256s] Level 1:colcon.colcon_core.package_identification:_identify(.) by extensions ['colcon_pkg']
[1.257s] Level 1:colcon.colcon_core.package_identification:_identify(.) by extension 'colcon_pkg'
[1.258s] Level 1:colcon.colcon_core.package_identification:_identify(.) by extensions ['colcon_meta']
[1.259s] Level 1:colcon.colcon_core.package_identification:_identify(.) by extension 'colcon_meta'
[1.259s] Level 1:colcon.colcon_core.package_identification:_identify(.) by extensions ['ros']
[1.260s] Level 1:colcon.colcon_core.package_identification:_identify(.) by extension 'ros'
[1.449s] Level 1:colcon.colcon_core.package_identification:_identify(.) by extensions ['cmake', 'python']
[1.450s] Level 1:colcon.colcon_core.package_identification:_identify(.) by extension 'cmake'
[1.450s] Level 1:colcon.colcon_core.package_identification:_identify(.) by extension 'python'
[1.450s] Level 1:colcon.colcon_core.package_identification:_identify(.) by extensions ['python_setup_py']
[1.451s] Level 1:colcon.colcon_core.package_identification:_identify(.) by extension 'python_setup_py'
[1.451s] Level 1:colcon.colcon_core.package_identification:_identify(EspFirmware) by extensions ['ignore', 'ignore_ament_install']
[1.452s] Level 1:colcon.colcon_core.package_identification:_identify(EspFirmware) by extension 'ignore'
[1.452s] Level 1:colcon.colcon_core.package_identification:_identify(EspFirmware) by extension 'ignore_ament_install'
[1.452s] Level 1:colcon.colcon_core.package_identification:_identify(EspFirmware) by extensions ['colcon_pkg']
[1.452s] Level 1:colcon.colcon_core.package_identification:_identify(EspFirmware) by extension 'colcon_pkg'
[1.453s] Level 1:colcon.colcon_core.package_identification:_identify(EspFirmware) by extensions ['colcon_meta']
[1.453s] Level 1:colcon.colcon_core.package_identification:_identify(EspFirmware) by extension 'colcon_meta'
[1.454s] Level 1:colcon.colcon_core.package_identification:_identify(EspFirmware) by extensions ['ros']
[1.454s] Level 1:colcon.colcon_core.package_identification:_identify(EspFirmware) by extension 'ros'
[1.455s] Level 1:colcon.colcon_core.package_identification:_identify(EspFirmware) by extensions ['cmake', 'python']
[1.455s] Level 1:colcon.colcon_core.package_identification:_identify(EspFirmware) by extension 'cmake'
[1.455s] Level 1:colcon.colcon_core.package_identification:_identify(EspFirmware) by extension 'python'
[1.455s] Level 1:colcon.colcon_core.package_identification:_identify(EspFirmware) by extensions ['python_setup_py']
[1.455s] Level 1:colcon.colcon_core.package_identification:_identify(EspFirmware) by extension 'python_setup_py'
[1.456s] Level 1:colcon.colcon_core.package_identification:_identify(EspFirmware/ArmController) by extensions ['ignore', 'ignore_ament_install']
[1.457s] Level 1:colcon.colcon_core.package_identification:_identify(EspFirmware/ArmController) by extension 'ignore'
[1.457s] Level 1:colcon.colcon_core.package_identification:_identify(EspFirmware/ArmController) by extension 'ignore_ament_install'
[1.458s] Level 1:colcon.colcon_core.package_identification:_identify(EspFirmware/ArmController) by extensions ['colcon_pkg']
[1.459s] Level 1:colcon.colcon_core.package_identification:_identify(EspFirmware/ArmController) by extension 'colcon_pkg'
[1.459s] Level 1:colcon.colcon_core.package_identification:_identify(EspFirmware/ArmController) by extensions ['colcon_meta']
[1.460s] Level 1:colcon.colcon_core.package_identification:_identify(EspFirmware/ArmController) by extension 'colcon_meta'
[1.461s] Level 1:colcon.colcon_core.package_identification:_identify(EspFirmware/ArmController) by extensions ['ros']
[1.461s] Level 1:colcon.colcon_core.package_identification:_identify(EspFirmware/ArmController) by extension 'ros'
[1.463s] Level 1:colcon.colcon_core.package_identification:_identify(EspFirmware/ArmController) by extensions ['cmake', 'python']
[1.463s] Level 1:colcon.colcon_core.package_identification:_identify(EspFirmware/ArmController) by extension 'cmake'
[1.464s] Level 1:colcon.colcon_core.package_identification:_identify(EspFirmware/ArmController) by extension 'python'
[1.465s] Level 1:colcon.colcon_core.package_identification:_identify(EspFirmware/ArmController) by extensions ['python_setup_py']
[1.465s] Level 1:colcon.colcon_core.package_identification:_identify(EspFirmware/ArmController) by extension 'python_setup_py'
[1.467s] Level 1:colcon.colcon_core.package_identification:_identify(EspFirmware/ArmController/build) by extensions ['ignore', 'ignore_ament_install']
[1.467s] Level 1:colcon.colcon_core.package_identification:_identify(EspFirmware/ArmController/build) by extension 'ignore'
[1.468s] Level 1:colcon.colcon_core.package_identification:_identify(EspFirmware/ArmController/build) ignored
[1.470s] Level 1:colcon.colcon_core.package_identification:_identify(EspFirmware/ArmController/include) by extensions ['ignore', 'ignore_ament_install']
[1.471s] Level 1:colcon.colcon_core.package_identification:_identify(EspFirmware/ArmController/include) by extension 'ignore'
[1.473s] Level 1:colcon.colcon_core.package_identification:_identify(EspFirmware/ArmController/include) by extension 'ignore_ament_install'
[1.475s] Level 1:colcon.colcon_core.package_identification:_identify(EspFirmware/ArmController/include) by extensions ['colcon_pkg']
[1.477s] Level 1:colcon.colcon_core.package_identification:_identify(EspFirmware/ArmController/include) by extension 'colcon_pkg'
[1.479s] Level 1:colcon.colcon_core.package_identification:_identify(EspFirmware/ArmController/include) by extensions ['colcon_meta']
[1.480s] Level 1:colcon.colcon_core.package_identification:_identify(EspFirmware/ArmController/include) by extension 'colcon_meta'
[1.483s] Level 1:colcon.colcon_core.package_identification:_identify(EspFirmware/ArmController/include) by extensions ['ros']
[1.485s] Level 1:colcon.colcon_core.package_identification:_identify(EspFirmware/ArmController/include) by extension 'ros'
[1.488s] Level 1:colcon.colcon_core.package_identification:_identify(EspFirmware/ArmController/include) by extensions ['cmake', 'python']
[1.489s] Level 1:colcon.colcon_core.package_identification:_identify(EspFirmware/ArmController/include) by extension 'cmake'
[1.491s] Level 1:colcon.colcon_core.package_identification:_identify(EspFirmware/ArmController/include) by extension 'python'
[1.492s] Level 1:colcon.colcon_core.package_identification:_identify(EspFirmware/ArmController/include) by extensions ['python_setup_py']
[1.492s] Level 1:colcon.colcon_core.package_identification:_identify(EspFirmware/ArmController/include) by extension 'python_setup_py'
[1.493s] Level 1:colcon.colcon_core.package_identification:_identify(EspFirmware/ArmController/install) by extensions ['ignore', 'ignore_ament_install']
[1.495s] Level 1:colcon.colcon_core.package_identification:_identify(EspFirmware/ArmController/install) by extension 'ignore'
[1.496s] Level 1:colcon.colcon_core.package_identification:_identify(EspFirmware/ArmController/install) ignored
[1.498s] Level 1:colcon.colcon_core.package_identification:_identify(EspFirmware/ArmController/lib) by extensions ['ignore', 'ignore_ament_install']
[1.500s] Level 1:colcon.colcon_core.package_identification:_identify(EspFirmware/ArmController/lib) by extension 'ignore'
[1.501s] Level 1:colcon.colcon_core.package_identification:_identify(EspFirmware/ArmController/lib) by extension 'ignore_ament_install'
[1.503s] Level 1:colcon.colcon_core.package_identification:_identify(EspFirmware/ArmController/lib) by extensions ['colcon_pkg']
[1.504s] Level 1:colcon.colcon_core.package_identification:_identify(EspFirmware/ArmController/lib) by extension 'colcon_pkg'
[1.506s] Level 1:colcon.colcon_core.package_identification:_identify(EspFirmware/ArmController/lib) by extensions ['colcon_meta']
[1.507s] Level 1:colcon.colcon_core.package_identification:_identify(EspFirmware/ArmController/lib) by extension 'colcon_meta'
[1.508s] Level 1:colcon.colcon_core.package_identification:_identify(EspFirmware/ArmController/lib) by extensions ['ros']
[1.508s] Level 1:colcon.colcon_core.package_identification:_identify(EspFirmware/ArmController/lib) by extension 'ros'
[1.509s] Level 1:colcon.colcon_core.package_identification:_identify(EspFirmware/ArmController/lib) by extensions ['cmake', 'python']
[1.510s] Level 1:colcon.colcon_core.package_identification:_identify(EspFirmware/ArmController/lib) by extension 'cmake'
[1.510s] Level 1:colcon.colcon_core.package_identification:_identify(EspFirmware/ArmController/lib) by extension 'python'
[1.511s] Level 1:colcon.colcon_core.package_identification:_identify(EspFirmware/ArmController/lib) by extensions ['python_setup_py']
[1.511s] Level 1:colcon.colcon_core.package_identification:_identify(EspFirmware/ArmController/lib) by extension 'python_setup_py'
[1.512s] Level 1:colcon.colcon_core.package_identification:_identify(EspFirmware/ArmController/log) by extensions ['ignore', 'ignore_ament_install']
[1.513s] Level 1:colcon.colcon_core.package_identification:_identify(EspFirmware/ArmController/log) by extension 'ignore'
[1.513s] Level 1:colcon.colcon_core.package_identification:_identify(EspFirmware/ArmController/log) ignored
[1.514s] Level 1:colcon.colcon_core.package_identification:_identify(EspFirmware/ArmController/src) by extensions ['ignore', 'ignore_ament_install']
[1.515s] Level 1:colcon.colcon_core.package_identification:_identify(EspFirmware/ArmController/src) by extension 'ignore'
[1.515s] Level 1:colcon.colcon_core.package_identification:_identify(EspFirmware/ArmController/src) by extension 'ignore_ament_install'
[1.517s] Level 1:colcon.colcon_core.package_identification:_identify(EspFirmware/ArmController/src) by extensions ['colcon_pkg']
[1.518s] Level 1:colcon.colcon_core.package_identification:_identify(EspFirmware/ArmController/src) by extension 'colcon_pkg'
[1.519s] Level 1:colcon.colcon_core.package_identification:_identify(EspFirmware/ArmController/src) by extensions ['colcon_meta']
[1.519s] Level 1:colcon.colcon_core.package_identification:_identify(EspFirmware/ArmController/src) by extension 'colcon_meta'
[1.520s] Level 1:colcon.colcon_core.package_identification:_identify(EspFirmware/ArmController/src) by extensions ['ros']
[1.521s] Level 1:colcon.colcon_core.package_identification:_identify(EspFirmware/ArmController/src) by extension 'ros'
[1.525s] Level 1:colcon.colcon_core.package_identification:_identify(EspFirmware/ArmController/src) by extensions ['cmake', 'python']
[1.527s] Level 1:colcon.colcon_core.package_identification:_identify(EspFirmware/ArmController/src) by extension 'cmake'
[1.527s] Level 1:colcon.colcon_core.package_identification:_identify(EspFirmware/ArmController/src) by extension 'python'
[1.528s] Level 1:colcon.colcon_core.package_identification:_identify(EspFirmware/ArmController/src) by extensions ['python_setup_py']
[1.528s] Level 1:colcon.colcon_core.package_identification:_identify(EspFirmware/ArmController/src) by extension 'python_setup_py'
[1.530s] Level 1:colcon.colcon_core.package_identification:_identify(EspFirmware/ArmController/test) by extensions ['ignore', 'ignore_ament_install']
[1.531s] Level 1:colcon.colcon_core.package_identification:_identify(EspFirmware/ArmController/test) by extension 'ignore'
[1.531s] Level 1:colcon.colcon_core.package_identification:_identify(EspFirmware/ArmController/test) by extension 'ignore_ament_install'
[1.532s] Level 1:colcon.colcon_core.package_identification:_identify(EspFirmware/ArmController/test) by extensions ['colcon_pkg']
[1.533s] Level 1:colcon.colcon_core.package_identification:_identify(EspFirmware/ArmController/test) by extension 'colcon_pkg'
[1.533s] Level 1:colcon.colcon_core.package_identification:_identify(EspFirmware/ArmController/test) by extensions ['colcon_meta']
[1.534s] Level 1:colcon.colcon_core.package_identification:_identify(EspFirmware/ArmController/test) by extension 'colcon_meta'
[1.534s] Level 1:colcon.colcon_core.package_identification:_identify(EspFirmware/ArmController/test) by extensions ['ros']
[1.535s] Level 1:colcon.colcon_core.package_identification:_identify(EspFirmware/ArmController/test) by extension 'ros'
[1.536s] Level 1:colcon.colcon_core.package_identification:_identify(EspFirmware/ArmController/test) by extensions ['cmake', 'python']
[1.537s] Level 1:colcon.colcon_core.package_identification:_identify(EspFirmware/ArmController/test) by extension 'cmake'
[1.538s] Level 1:colcon.colcon_core.package_identification:_identify(EspFirmware/ArmController/test) by extension 'python'
[1.539s] Level 1:colcon.colcon_core.package_identification:_identify(EspFirmware/ArmController/test) by extensions ['python_setup_py']
[1.540s] Level 1:colcon.colcon_core.package_identification:_identify(EspFirmware/ArmController/test) by extension 'python_setup_py'
[1.542s] Level 1:colcon.colcon_core.package_identification:_identify(EspFirmware/HandController) by extensions ['ignore', 'ignore_ament_install']
[1.543s] Level 1:colcon.colcon_core.package_identification:_identify(EspFirmware/HandController) by extension 'ignore'
[1.544s] Level 1:colcon.colcon_core.package_identification:_identify(EspFirmware/HandController) by extension 'ignore_ament_install'
[1.546s] Level 1:colcon.colcon_core.package_identification:_identify(EspFirmware/HandController) by extensions ['colcon_pkg']
[1.546s] Level 1:colcon.colcon_core.package_identification:_identify(EspFirmware/HandController) by extension 'colcon_pkg'
[1.547s] Level 1:colcon.colcon_core.package_identification:_identify(EspFirmware/HandController) by extensions ['colcon_meta']
[1.548s] Level 1:colcon.colcon_core.package_identification:_identify(EspFirmware/HandController) by extension 'colcon_meta'
[1.549s] Level 1:colcon.colcon_core.package_identification:_identify(EspFirmware/HandController) by extensions ['ros']
[1.549s] Level 1:colcon.colcon_core.package_identification:_identify(EspFirmware/HandController) by extension 'ros'
[1.550s] Level 1:colcon.colcon_core.package_identification:_identify(EspFirmware/HandController) by extensions ['cmake', 'python']
[1.550s] Level 1:colcon.colcon_core.package_identification:_identify(EspFirmware/HandController) by extension 'cmake'
[1.551s] Level 1:colcon.colcon_core.package_identification:_identify(EspFirmware/HandController) by extension 'python'
[1.552s] Level 1:colcon.colcon_core.package_identification:_identify(EspFirmware/HandController) by extensions ['python_setup_py']
[1.553s] Level 1:colcon.colcon_core.package_identification:_identify(EspFirmware/HandController) by extension 'python_setup_py'
[1.559s] Level 1:colcon.colcon_core.package_identification:_identify(EspFirmware/HandController/include) by extensions ['ignore', 'ignore_ament_install']
[1.559s] Level 1:colcon.colcon_core.package_identification:_identify(EspFirmware/HandController/include) by extension 'ignore'
[1.560s] Level 1:colcon.colcon_core.package_identification:_identify(EspFirmware/HandController/include) by extension 'ignore_ament_install'
[1.561s] Level 1:colcon.colcon_core.package_identification:_identify(EspFirmware/HandController/include) by extensions ['colcon_pkg']
[1.562s] Level 1:colcon.colcon_core.package_identification:_identify(EspFirmware/HandController/include) by extension 'colcon_pkg'
[1.564s] Level 1:colcon.colcon_core.package_identification:_identify(EspFirmware/HandController/include) by extensions ['colcon_meta']
[1.564s] Level 1:colcon.colcon_core.package_identification:_identify(EspFirmware/HandController/include) by extension 'colcon_meta'
[1.566s] Level 1:colcon.colcon_core.package_identification:_identify(EspFirmware/HandController/include) by extensions ['ros']
[1.566s] Level 1:colcon.colcon_core.package_identification:_identify(EspFirmware/HandController/include) by extension 'ros'
[1.567s] Level 1:colcon.colcon_core.package_identification:_identify(EspFirmware/HandController/include) by extensions ['cmake', 'python']
[1.567s] Level 1:colcon.colcon_core.package_identification:_identify(EspFirmware/HandController/include) by extension 'cmake'
[1.568s] Level 1:colcon.colcon_core.package_identification:_identify(EspFirmware/HandController/include) by extension 'python'
[1.568s] Level 1:colcon.colcon_core.package_identification:_identify(EspFirmware/HandController/include) by extensions ['python_setup_py']
[1.569s] Level 1:colcon.colcon_core.package_identification:_identify(EspFirmware/HandController/include) by extension 'python_setup_py'
[1.570s] Level 1:colcon.colcon_core.package_identification:_identify(EspFirmware/HandController/lib) by extensions ['ignore', 'ignore_ament_install']
[1.572s] Level 1:colcon.colcon_core.package_identification:_identify(EspFirmware/HandController/lib) by extension 'ignore'
[1.573s] Level 1:colcon.colcon_core.package_identification:_identify(EspFirmware/HandController/lib) by extension 'ignore_ament_install'
[1.574s] Level 1:colcon.colcon_core.package_identification:_identify(EspFirmware/HandController/lib) by extensions ['colcon_pkg']
[1.575s] Level 1:colcon.colcon_core.package_identification:_identify(EspFirmware/HandController/lib) by extension 'colcon_pkg'
[1.576s] Level 1:colcon.colcon_core.package_identification:_identify(EspFirmware/HandController/lib) by extensions ['colcon_meta']
[1.576s] Level 1:colcon.colcon_core.package_identification:_identify(EspFirmware/HandController/lib) by extension 'colcon_meta'
[1.576s] Level 1:colcon.colcon_core.package_identification:_identify(EspFirmware/HandController/lib) by extensions ['ros']
[1.577s] Level 1:colcon.colcon_core.package_identification:_identify(EspFirmware/HandController/lib) by extension 'ros'
[1.581s] Level 1:colcon.colcon_core.package_identification:_identify(EspFirmware/HandController/lib) by extensions ['cmake', 'python']
[1.582s] Level 1:colcon.colcon_core.package_identification:_identify(EspFirmware/HandController/lib) by extension 'cmake'
[1.584s] Level 1:colcon.colcon_core.package_identification:_identify(EspFirmware/HandController/lib) by extension 'python'
[1.587s] Level 1:colcon.colcon_core.package_identification:_identify(EspFirmware/HandController/lib) by extensions ['python_setup_py']
[1.590s] Level 1:colcon.colcon_core.package_identification:_identify(EspFirmware/HandController/lib) by extension 'python_setup_py'
[1.592s] Level 1:colcon.colcon_core.package_identification:_identify(EspFirmware/HandController/src) by extensions ['ignore', 'ignore_ament_install']
[1.593s] Level 1:colcon.colcon_core.package_identification:_identify(EspFirmware/HandController/src) by extension 'ignore'
[1.593s] Level 1:colcon.colcon_core.package_identification:_identify(EspFirmware/HandController/src) by extension 'ignore_ament_install'
[1.595s] Level 1:colcon.colcon_core.package_identification:_identify(EspFirmware/HandController/src) by extensions ['colcon_pkg']
[1.596s] Level 1:colcon.colcon_core.package_identification:_identify(EspFirmware/HandController/src) by extension 'colcon_pkg'
[1.597s] Level 1:colcon.colcon_core.package_identification:_identify(EspFirmware/HandController/src) by extensions ['colcon_meta']
[1.597s] Level 1:colcon.colcon_core.package_identification:_identify(EspFirmware/HandController/src) by extension 'colcon_meta'
[1.598s] Level 1:colcon.colcon_core.package_identification:_identify(EspFirmware/HandController/src) by extensions ['ros']
[1.598s] Level 1:colcon.colcon_core.package_identification:_identify(EspFirmware/HandController/src) by extension 'ros'
[1.599s] Level 1:colcon.colcon_core.package_identification:_identify(EspFirmware/HandController/src) by extensions ['cmake', 'python']
[1.600s] Level 1:colcon.colcon_core.package_identification:_identify(EspFirmware/HandController/src) by extension 'cmake'
[1.600s] Level 1:colcon.colcon_core.package_identification:_identify(EspFirmware/HandController/src) by extension 'python'
[1.601s] Level 1:colcon.colcon_core.package_identification:_identify(EspFirmware/HandController/src) by extensions ['python_setup_py']
[1.601s] Level 1:colcon.colcon_core.package_identification:_identify(EspFirmware/HandController/src) by extension 'python_setup_py'
[1.605s] Level 1:colcon.colcon_core.package_identification:_identify(EspFirmware/HandController/test) by extensions ['ignore', 'ignore_ament_install']
[1.608s] Level 1:colcon.colcon_core.package_identification:_identify(EspFirmware/HandController/test) by extension 'ignore'
[1.611s] Level 1:colcon.colcon_core.package_identification:_identify(EspFirmware/HandController/test) by extension 'ignore_ament_install'
[1.614s] Level 1:colcon.colcon_core.package_identification:_identify(EspFirmware/HandController/test) by extensions ['colcon_pkg']
[1.616s] Level 1:colcon.colcon_core.package_identification:_identify(EspFirmware/HandController/test) by extension 'colcon_pkg'
[1.617s] Level 1:colcon.colcon_core.package_identification:_identify(EspFirmware/HandController/test) by extensions ['colcon_meta']
[1.618s] Level 1:colcon.colcon_core.package_identification:_identify(EspFirmware/HandController/test) by extension 'colcon_meta'
[1.619s] Level 1:colcon.colcon_core.package_identification:_identify(EspFirmware/HandController/test) by extensions ['ros']
[1.620s] Level 1:colcon.colcon_core.package_identification:_identify(EspFirmware/HandController/test) by extension 'ros'
[1.621s] Level 1:colcon.colcon_core.package_identification:_identify(EspFirmware/HandController/test) by extensions ['cmake', 'python']
[1.621s] Level 1:colcon.colcon_core.package_identification:_identify(EspFirmware/HandController/test) by extension 'cmake'
[1.622s] Level 1:colcon.colcon_core.package_identification:_identify(EspFirmware/HandController/test) by extension 'python'
[1.622s] Level 1:colcon.colcon_core.package_identification:_identify(EspFirmware/HandController/test) by extensions ['python_setup_py']
[1.624s] Level 1:colcon.colcon_core.package_identification:_identify(EspFirmware/HandController/test) by extension 'python_setup_py'
[1.626s] Level 1:colcon.colcon_core.package_identification:_identify(EspFirmware/ReceiverBoard) by extensions ['ignore', 'ignore_ament_install']
[1.626s] Level 1:colcon.colcon_core.package_identification:_identify(EspFirmware/ReceiverBoard) by extension 'ignore'
[1.627s] Level 1:colcon.colcon_core.package_identification:_identify(EspFirmware/ReceiverBoard) by extension 'ignore_ament_install'
[1.628s] Level 1:colcon.colcon_core.package_identification:_identify(EspFirmware/ReceiverBoard) by extensions ['colcon_pkg']
[1.628s] Level 1:colcon.colcon_core.package_identification:_identify(EspFirmware/ReceiverBoard) by extension 'colcon_pkg'
[1.629s] Level 1:colcon.colcon_core.package_identification:_identify(EspFirmware/ReceiverBoard) by extensions ['colcon_meta']
[1.629s] Level 1:colcon.colcon_core.package_identification:_identify(EspFirmware/ReceiverBoard) by extension 'colcon_meta'
[1.629s] Level 1:colcon.colcon_core.package_identification:_identify(EspFirmware/ReceiverBoard) by extensions ['ros']
[1.630s] Level 1:colcon.colcon_core.package_identification:_identify(EspFirmware/ReceiverBoard) by extension 'ros'
[1.631s] Level 1:colcon.colcon_core.package_identification:_identify(EspFirmware/ReceiverBoard) by extensions ['cmake', 'python']
[1.631s] Level 1:colcon.colcon_core.package_identification:_identify(EspFirmware/ReceiverBoard) by extension 'cmake'
[1.632s] Level 1:colcon.colcon_core.package_identification:_identify(EspFirmware/ReceiverBoard) by extension 'python'
[1.634s] Level 1:colcon.colcon_core.package_identification:_identify(EspFirmware/ReceiverBoard) by extensions ['python_setup_py']
[1.634s] Level 1:colcon.colcon_core.package_identification:_identify(EspFirmware/ReceiverBoard) by extension 'python_setup_py'
[1.636s] Level 1:colcon.colcon_core.package_identification:_identify(EspFirmware/ReceiverBoard/include) by extensions ['ignore', 'ignore_ament_install']
[1.638s] Level 1:colcon.colcon_core.package_identification:_identify(EspFirmware/ReceiverBoard/include) by extension 'ignore'
[1.640s] Level 1:colcon.colcon_core.package_identification:_identify(EspFirmware/ReceiverBoard/include) by extension 'ignore_ament_install'
[1.645s] Level 1:colcon.colcon_core.package_identification:_identify(EspFirmware/ReceiverBoard/include) by extensions ['colcon_pkg']
[1.646s] Level 1:colcon.colcon_core.package_identification:_identify(EspFirmware/ReceiverBoard/include) by extension 'colcon_pkg'
[1.647s] Level 1:colcon.colcon_core.package_identification:_identify(EspFirmware/ReceiverBoard/include) by extensions ['colcon_meta']
[1.648s] Level 1:colcon.colcon_core.package_identification:_identify(EspFirmware/ReceiverBoard/include) by extension 'colcon_meta'
[1.649s] Level 1:colcon.colcon_core.package_identification:_identify(EspFirmware/ReceiverBoard/include) by extensions ['ros']
[1.650s] Level 1:colcon.colcon_core.package_identification:_identify(EspFirmware/ReceiverBoard/include) by extension 'ros'
[1.654s] Level 1:colcon.colcon_core.package_identification:_identify(EspFirmware/ReceiverBoard/include) by extensions ['cmake', 'python']
[1.654s] Level 1:colcon.colcon_core.package_identification:_identify(EspFirmware/ReceiverBoard/include) by extension 'cmake'
[1.655s] Level 1:colcon.colcon_core.package_identification:_identify(EspFirmware/ReceiverBoard/include) by extension 'python'
[1.656s] Level 1:colcon.colcon_core.package_identification:_identify(EspFirmware/ReceiverBoard/include) by extensions ['python_setup_py']
[1.656s] Level 1:colcon.colcon_core.package_identification:_identify(EspFirmware/ReceiverBoard/include) by extension 'python_setup_py'
[1.657s] Level 1:colcon.colcon_core.package_identification:_identify(EspFirmware/ReceiverBoard/lib) by extensions ['ignore', 'ignore_ament_install']
[1.658s] Level 1:colcon.colcon_core.package_identification:_identify(EspFirmware/ReceiverBoard/lib) by extension 'ignore'
[1.658s] Level 1:colcon.colcon_core.package_identification:_identify(EspFirmware/ReceiverBoard/lib) by extension 'ignore_ament_install'
[1.659s] Level 1:colcon.colcon_core.package_identification:_identify(EspFirmware/ReceiverBoard/lib) by extensions ['colcon_pkg']
[1.660s] Level 1:colcon.colcon_core.package_identification:_identify(EspFirmware/ReceiverBoard/lib) by extension 'colcon_pkg'
[1.661s] Level 1:colcon.colcon_core.package_identification:_identify(EspFirmware/ReceiverBoard/lib) by extensions ['colcon_meta']
[1.661s] Level 1:colcon.colcon_core.package_identification:_identify(EspFirmware/ReceiverBoard/lib) by extension 'colcon_meta'
[1.661s] Level 1:colcon.colcon_core.package_identification:_identify(EspFirmware/ReceiverBoard/lib) by extensions ['ros']
[1.662s] Level 1:colcon.colcon_core.package_identification:_identify(EspFirmware/ReceiverBoard/lib) by extension 'ros'
[1.663s] Level 1:colcon.colcon_core.package_identification:_identify(EspFirmware/ReceiverBoard/lib) by extensions ['cmake', 'python']
[1.664s] Level 1:colcon.colcon_core.package_identification:_identify(EspFirmware/ReceiverBoard/lib) by extension 'cmake'
[1.665s] Level 1:colcon.colcon_core.package_identification:_identify(EspFirmware/ReceiverBoard/lib) by extension 'python'
[1.668s] Level 1:colcon.colcon_core.package_identification:_identify(EspFirmware/ReceiverBoard/lib) by extensions ['python_setup_py']
[1.669s] Level 1:colcon.colcon_core.package_identification:_identify(EspFirmware/ReceiverBoard/lib) by extension 'python_setup_py'
[1.672s] Level 1:colcon.colcon_core.package_identification:_identify(EspFirmware/ReceiverBoard/src) by extensions ['ignore', 'ignore_ament_install']
[1.677s] Level 1:colcon.colcon_core.package_identification:_identify(EspFirmware/ReceiverBoard/src) by extension 'ignore'
[1.679s] Level 1:colcon.colcon_core.package_identification:_identify(EspFirmware/ReceiverBoard/src) by extension 'ignore_ament_install'
[1.680s] Level 1:colcon.colcon_core.package_identification:_identify(EspFirmware/ReceiverBoard/src) by extensions ['colcon_pkg']
[1.681s] Level 1:colcon.colcon_core.package_identification:_identify(EspFirmware/ReceiverBoard/src) by extension 'colcon_pkg'
[1.681s] Level 1:colcon.colcon_core.package_identification:_identify(EspFirmware/ReceiverBoard/src) by extensions ['colcon_meta']
[1.682s] Level 1:colcon.colcon_core.package_identification:_identify(EspFirmware/ReceiverBoard/src) by extension 'colcon_meta'
[1.683s] Level 1:colcon.colcon_core.package_identification:_identify(EspFirmware/ReceiverBoard/src) by extensions ['ros']
[1.683s] Level 1:colcon.colcon_core.package_identification:_identify(EspFirmware/ReceiverBoard/src) by extension 'ros'
[1.685s] Level 1:colcon.colcon_core.package_identification:_identify(EspFirmware/ReceiverBoard/src) by extensions ['cmake', 'python']
[1.686s] Level 1:colcon.colcon_core.package_identification:_identify(EspFirmware/ReceiverBoard/src) by extension 'cmake'
[1.689s] Level 1:colcon.colcon_core.package_identification:_identify(EspFirmware/ReceiverBoard/src) by extension 'python'
[1.691s] Level 1:colcon.colcon_core.package_identification:_identify(EspFirmware/ReceiverBoard/src) by extensions ['python_setup_py']
[1.692s] Level 1:colcon.colcon_core.package_identification:_identify(EspFirmware/ReceiverBoard/src) by extension 'python_setup_py'
[1.693s] Level 1:colcon.colcon_core.package_identification:_identify(EspFirmware/ReceiverBoard/test) by extensions ['ignore', 'ignore_ament_install']
[1.694s] Level 1:colcon.colcon_core.package_identification:_identify(EspFirmware/ReceiverBoard/test) by extension 'ignore'
[1.695s] Level 1:colcon.colcon_core.package_identification:_identify(EspFirmware/ReceiverBoard/test) by extension 'ignore_ament_install'
[1.696s] Level 1:colcon.colcon_core.package_identification:_identify(EspFirmware/ReceiverBoard/test) by extensions ['colcon_pkg']
[1.696s] Level 1:colcon.colcon_core.package_identification:_identify(EspFirmware/ReceiverBoard/test) by extension 'colcon_pkg'
[1.697s] Level 1:colcon.colcon_core.package_identification:_identify(EspFirmware/ReceiverBoard/test) by extensions ['colcon_meta']
[1.697s] Level 1:colcon.colcon_core.package_identification:_identify(EspFirmware/ReceiverBoard/test) by extension 'colcon_meta'
[1.698s] Level 1:colcon.colcon_core.package_identification:_identify(EspFirmware/ReceiverBoard/test) by extensions ['ros']
[1.699s] Level 1:colcon.colcon_core.package_identification:_identify(EspFirmware/ReceiverBoard/test) by extension 'ros'
[1.700s] Level 1:colcon.colcon_core.package_identification:_identify(EspFirmware/ReceiverBoard/test) by extensions ['cmake', 'python']
[1.701s] Level 1:colcon.colcon_core.package_identification:_identify(EspFirmware/ReceiverBoard/test) by extension 'cmake'
[1.705s] Level 1:colcon.colcon_core.package_identification:_identify(EspFirmware/ReceiverBoard/test) by extension 'python'
[1.707s] Level 1:colcon.colcon_core.package_identification:_identify(EspFirmware/ReceiverBoard/test) by extensions ['python_setup_py']
[1.709s] Level 1:colcon.colcon_core.package_identification:_identify(EspFirmware/ReceiverBoard/test) by extension 'python_setup_py'
[1.713s] Level 1:colcon.colcon_core.package_identification:_identify(EspFirmware/microRos_sender) by extensions ['ignore', 'ignore_ament_install']
[1.715s] Level 1:colcon.colcon_core.package_identification:_identify(EspFirmware/microRos_sender) by extension 'ignore'
[1.715s] Level 1:colcon.colcon_core.package_identification:_identify(EspFirmware/microRos_sender) by extension 'ignore_ament_install'
[1.716s] Level 1:colcon.colcon_core.package_identification:_identify(EspFirmware/microRos_sender) by extensions ['colcon_pkg']
[1.717s] Level 1:colcon.colcon_core.package_identification:_identify(EspFirmware/microRos_sender) by extension 'colcon_pkg'
[1.717s] Level 1:colcon.colcon_core.package_identification:_identify(EspFirmware/microRos_sender) by extensions ['colcon_meta']
[1.718s] Level 1:colcon.colcon_core.package_identification:_identify(EspFirmware/microRos_sender) by extension 'colcon_meta'
[1.718s] Level 1:colcon.colcon_core.package_identification:_identify(EspFirmware/microRos_sender) by extensions ['ros']
[1.719s] Level 1:colcon.colcon_core.package_identification:_identify(EspFirmware/microRos_sender) by extension 'ros'
[1.720s] Level 1:colcon.colcon_core.package_identification:_identify(EspFirmware/microRos_sender) by extensions ['cmake', 'python']
[1.720s] Level 1:colcon.colcon_core.package_identification:_identify(EspFirmware/microRos_sender) by extension 'cmake'
[1.721s] Level 1:colcon.colcon_core.package_identification:_identify(EspFirmware/microRos_sender) by extension 'python'
[1.721s] Level 1:colcon.colcon_core.package_identification:_identify(EspFirmware/microRos_sender) by extensions ['python_setup_py']
[1.722s] Level 1:colcon.colcon_core.package_identification:_identify(EspFirmware/microRos_sender) by extension 'python_setup_py'
[1.724s] Level 1:colcon.colcon_core.package_identification:_identify(EspFirmware/microRos_sender/include) by extensions ['ignore', 'ignore_ament_install']
[1.727s] Level 1:colcon.colcon_core.package_identification:_identify(EspFirmware/microRos_sender/include) by extension 'ignore'
[1.728s] Level 1:colcon.colcon_core.package_identification:_identify(EspFirmware/microRos_sender/include) by extension 'ignore_ament_install'
[1.731s] Level 1:colcon.colcon_core.package_identification:_identify(EspFirmware/microRos_sender/include) by extensions ['colcon_pkg']
[1.733s] Level 1:colcon.colcon_core.package_identification:_identify(EspFirmware/microRos_sender/include) by extension 'colcon_pkg'
[1.735s] Level 1:colcon.colcon_core.package_identification:_identify(EspFirmware/microRos_sender/include) by extensions ['colcon_meta']
[1.735s] Level 1:colcon.colcon_core.package_identification:_identify(EspFirmware/microRos_sender/include) by extension 'colcon_meta'
[1.737s] Level 1:colcon.colcon_core.package_identification:_identify(EspFirmware/microRos_sender/include) by extensions ['ros']
[1.737s] Level 1:colcon.colcon_core.package_identification:_identify(EspFirmware/microRos_sender/include) by extension 'ros'
[1.738s] Level 1:colcon.colcon_core.package_identification:_identify(EspFirmware/microRos_sender/include) by extensions ['cmake', 'python']
[1.739s] Level 1:colcon.colcon_core.package_identification:_identify(EspFirmware/microRos_sender/include) by extension 'cmake'
[1.739s] Level 1:colcon.colcon_core.package_identification:_identify(EspFirmware/microRos_sender/include) by extension 'python'
[1.740s] Level 1:colcon.colcon_core.package_identification:_identify(EspFirmware/microRos_sender/include) by extensions ['python_setup_py']
[1.741s] Level 1:colcon.colcon_core.package_identification:_identify(EspFirmware/microRos_sender/include) by extension 'python_setup_py'
[1.742s] Level 1:colcon.colcon_core.package_identification:_identify(EspFirmware/microRos_sender/lib) by extensions ['ignore', 'ignore_ament_install']
[1.743s] Level 1:colcon.colcon_core.package_identification:_identify(EspFirmware/microRos_sender/lib) by extension 'ignore'
[1.746s] Level 1:colcon.colcon_core.package_identification:_identify(EspFirmware/microRos_sender/lib) by extension 'ignore_ament_install'
[1.748s] Level 1:colcon.colcon_core.package_identification:_identify(EspFirmware/microRos_sender/lib) by extensions ['colcon_pkg']
[1.749s] Level 1:colcon.colcon_core.package_identification:_identify(EspFirmware/microRos_sender/lib) by extension 'colcon_pkg'
[1.749s] Level 1:colcon.colcon_core.package_identification:_identify(EspFirmware/microRos_sender/lib) by extensions ['colcon_meta']
[1.750s] Level 1:colcon.colcon_core.package_identification:_identify(EspFirmware/microRos_sender/lib) by extension 'colcon_meta'
[1.750s] Level 1:colcon.colcon_core.package_identification:_identify(EspFirmware/microRos_sender/lib) by extensions ['ros']
[1.751s] Level 1:colcon.colcon_core.package_identification:_identify(EspFirmware/microRos_sender/lib) by extension 'ros'
[1.751s] Level 1:colcon.colcon_core.package_identification:_identify(EspFirmware/microRos_sender/lib) by extensions ['cmake', 'python']
[1.752s] Level 1:colcon.colcon_core.package_identification:_identify(EspFirmware/microRos_sender/lib) by extension 'cmake'
[1.752s] Level 1:colcon.colcon_core.package_identification:_identify(EspFirmware/microRos_sender/lib) by extension 'python'
[1.753s] Level 1:colcon.colcon_core.package_identification:_identify(EspFirmware/microRos_sender/lib) by extensions ['python_setup_py']
[1.753s] Level 1:colcon.colcon_core.package_identification:_identify(EspFirmware/microRos_sender/lib) by extension 'python_setup_py'
[1.754s] Level 1:colcon.colcon_core.package_identification:_identify(EspFirmware/microRos_sender/src) by extensions ['ignore', 'ignore_ament_install']
[1.755s] Level 1:colcon.colcon_core.package_identification:_identify(EspFirmware/microRos_sender/src) by extension 'ignore'
[1.757s] Level 1:colcon.colcon_core.package_identification:_identify(EspFirmware/microRos_sender/src) by extension 'ignore_ament_install'
[1.757s] Level 1:colcon.colcon_core.package_identification:_identify(EspFirmware/microRos_sender/src) by extensions ['colcon_pkg']
[1.758s] Level 1:colcon.colcon_core.package_identification:_identify(EspFirmware/microRos_sender/src) by extension 'colcon_pkg'
[1.758s] Level 1:colcon.colcon_core.package_identification:_identify(EspFirmware/microRos_sender/src) by extensions ['colcon_meta']
[1.759s] Level 1:colcon.colcon_core.package_identification:_identify(EspFirmware/microRos_sender/src) by extension 'colcon_meta'
[1.760s] Level 1:colcon.colcon_core.package_identification:_identify(EspFirmware/microRos_sender/src) by extensions ['ros']
[1.760s] Level 1:colcon.colcon_core.package_identification:_identify(EspFirmware/microRos_sender/src) by extension 'ros'
[1.761s] Level 1:colcon.colcon_core.package_identification:_identify(EspFirmware/microRos_sender/src) by extensions ['cmake', 'python']
[1.762s] Level 1:colcon.colcon_core.package_identification:_identify(EspFirmware/microRos_sender/src) by extension 'cmake'
[1.763s] Level 1:colcon.colcon_core.package_identification:_identify(EspFirmware/microRos_sender/src) by extension 'python'
[1.764s] Level 1:colcon.colcon_core.package_identification:_identify(EspFirmware/microRos_sender/src) by extensions ['python_setup_py']
[1.765s] Level 1:colcon.colcon_core.package_identification:_identify(EspFirmware/microRos_sender/src) by extension 'python_setup_py'
[1.768s] Level 1:colcon.colcon_core.package_identification:_identify(EspFirmware/microRos_sender/test) by extensions ['ignore', 'ignore_ament_install']
[1.770s] Level 1:colcon.colcon_core.package_identification:_identify(EspFirmware/microRos_sender/test) by extension 'ignore'
[1.774s] Level 1:colcon.colcon_core.package_identification:_identify(EspFirmware/microRos_sender/test) by extension 'ignore_ament_install'
[1.775s] Level 1:colcon.colcon_core.package_identification:_identify(EspFirmware/microRos_sender/test) by extensions ['colcon_pkg']
[1.776s] Level 1:colcon.colcon_core.package_identification:_identify(EspFirmware/microRos_sender/test) by extension 'colcon_pkg'
[1.777s] Level 1:colcon.colcon_core.package_identification:_identify(EspFirmware/microRos_sender/test) by extensions ['colcon_meta']
[1.777s] Level 1:colcon.colcon_core.package_identification:_identify(EspFirmware/microRos_sender/test) by extension 'colcon_meta'
[1.778s] Level 1:colcon.colcon_core.package_identification:_identify(EspFirmware/microRos_sender/test) by extensions ['ros']
[1.779s] Level 1:colcon.colcon_core.package_identification:_identify(EspFirmware/microRos_sender/test) by extension 'ros'
[1.781s] Level 1:colcon.colcon_core.package_identification:_identify(EspFirmware/microRos_sender/test) by extensions ['cmake', 'python']
[1.781s] Level 1:colcon.colcon_core.package_identification:_identify(EspFirmware/microRos_sender/test) by extension 'cmake'
[1.782s] Level 1:colcon.colcon_core.package_identification:_identify(EspFirmware/microRos_sender/test) by extension 'python'
[1.782s] Level 1:colcon.colcon_core.package_identification:_identify(EspFirmware/microRos_sender/test) by extensions ['python_setup_py']
[1.782s] Level 1:colcon.colcon_core.package_identification:_identify(EspFirmware/microRos_sender/test) by extension 'python_setup_py'
[1.784s] Level 1:colcon.colcon_core.package_identification:_identify(build) by extensions ['ignore', 'ignore_ament_install']
[1.784s] Level 1:colcon.colcon_core.package_identification:_identify(build) by extension 'ignore'
[1.785s] Level 1:colcon.colcon_core.package_identification:_identify(build) ignored
[1.786s] Level 1:colcon.colcon_core.package_identification:_identify(install) by extensions ['ignore', 'ignore_ament_install']
[1.787s] Level 1:colcon.colcon_core.package_identification:_identify(install) by extension 'ignore'
[1.788s] Level 1:colcon.colcon_core.package_identification:_identify(install) ignored
[1.790s] Level 1:colcon.colcon_core.package_identification:_identify(log) by extensions ['ignore', 'ignore_ament_install']
[1.791s] Level 1:colcon.colcon_core.package_identification:_identify(log) by extension 'ignore'
[1.792s] Level 1:colcon.colcon_core.package_identification:_identify(log) ignored
[1.793s] Level 1:colcon.colcon_core.package_identification:_identify(urc_ws_interbotix) by extensions ['ignore', 'ignore_ament_install']
[1.794s] Level 1:colcon.colcon_core.package_identification:_identify(urc_ws_interbotix) by extension 'ignore'
[1.796s] Level 1:colcon.colcon_core.package_identification:_identify(urc_ws_interbotix) by extension 'ignore_ament_install'
[1.799s] Level 1:colcon.colcon_core.package_identification:_identify(urc_ws_interbotix) by extensions ['colcon_pkg']
[1.800s] Level 1:colcon.colcon_core.package_identification:_identify(urc_ws_interbotix) by extension 'colcon_pkg'
[1.801s] Level 1:colcon.colcon_core.package_identification:_identify(urc_ws_interbotix) by extensions ['colcon_meta']
[1.803s] Level 1:colcon.colcon_core.package_identification:_identify(urc_ws_interbotix) by extension 'colcon_meta'
[1.805s] Level 1:colcon.colcon_core.package_identification:_identify(urc_ws_interbotix) by extensions ['ros']
[1.807s] Level 1:colcon.colcon_core.package_identification:_identify(urc_ws_interbotix) by extension 'ros'
[1.809s] Level 1:colcon.colcon_core.package_identification:_identify(urc_ws_interbotix) by extensions ['cmake', 'python']
[1.810s] Level 1:colcon.colcon_core.package_identification:_identify(urc_ws_interbotix) by extension 'cmake'
[1.811s] Level 1:colcon.colcon_core.package_identification:_identify(urc_ws_interbotix) by extension 'python'
[1.812s] Level 1:colcon.colcon_core.package_identification:_identify(urc_ws_interbotix) by extensions ['python_setup_py']
[1.812s] Level 1:colcon.colcon_core.package_identification:_identify(urc_ws_interbotix) by extension 'python_setup_py'
[1.814s] Level 1:colcon.colcon_core.package_identification:_identify(urc_ws_interbotix/src) by extensions ['ignore', 'ignore_ament_install']
[1.815s] Level 1:colcon.colcon_core.package_identification:_identify(urc_ws_interbotix/src) by extension 'ignore'
[1.815s] Level 1:colcon.colcon_core.package_identification:_identify(urc_ws_interbotix/src) by extension 'ignore_ament_install'
[1.816s] Level 1:colcon.colcon_core.package_identification:_identify(urc_ws_interbotix/src) by extensions ['colcon_pkg']
[1.817s] Level 1:colcon.colcon_core.package_identification:_identify(urc_ws_interbotix/src) by extension 'colcon_pkg'
[1.818s] Level 1:colcon.colcon_core.package_identification:_identify(urc_ws_interbotix/src) by extensions ['colcon_meta']
[1.818s] Level 1:colcon.colcon_core.package_identification:_identify(urc_ws_interbotix/src) by extension 'colcon_meta'
[1.820s] Level 1:colcon.colcon_core.package_identification:_identify(urc_ws_interbotix/src) by extensions ['ros']
[1.820s] Level 1:colcon.colcon_core.package_identification:_identify(urc_ws_interbotix/src) by extension 'ros'
[1.821s] Level 1:colcon.colcon_core.package_identification:_identify(urc_ws_interbotix/src) by extensions ['cmake', 'python']
[1.822s] Level 1:colcon.colcon_core.package_identification:_identify(urc_ws_interbotix/src) by extension 'cmake'
[1.823s] Level 1:colcon.colcon_core.package_identification:_identify(urc_ws_interbotix/src) by extension 'python'
[1.823s] Level 1:colcon.colcon_core.package_identification:_identify(urc_ws_interbotix/src) by extensions ['python_setup_py']
[1.824s] Level 1:colcon.colcon_core.package_identification:_identify(urc_ws_interbotix/src) by extension 'python_setup_py'
[1.827s] Level 1:colcon.colcon_core.package_identification:_identify(urc_ws_interbotix/src/IMU_control) by extensions ['ignore', 'ignore_ament_install']
[1.830s] Level 1:colcon.colcon_core.package_identification:_identify(urc_ws_interbotix/src/IMU_control) by extension 'ignore'
[1.833s] Level 1:colcon.colcon_core.package_identification:_identify(urc_ws_interbotix/src/IMU_control) by extension 'ignore_ament_install'
[1.835s] Level 1:colcon.colcon_core.package_identification:_identify(urc_ws_interbotix/src/IMU_control) by extensions ['colcon_pkg']
[1.836s] Level 1:colcon.colcon_core.package_identification:_identify(urc_ws_interbotix/src/IMU_control) by extension 'colcon_pkg'
[1.837s] Level 1:colcon.colcon_core.package_identification:_identify(urc_ws_interbotix/src/IMU_control) by extensions ['colcon_meta']
[1.838s] Level 1:colcon.colcon_core.package_identification:_identify(urc_ws_interbotix/src/IMU_control) by extension 'colcon_meta'
[1.840s] Level 1:colcon.colcon_core.package_identification:_identify(urc_ws_interbotix/src/IMU_control) by extensions ['ros']
[1.840s] Level 1:colcon.colcon_core.package_identification:_identify(urc_ws_interbotix/src/IMU_control) by extension 'ros'
[1.869s] DEBUG:colcon.colcon_core.package_identification:Package 'urc_ws_interbotix/src/IMU_control' with type 'ros.ament_python' and name 'IMU_control'
[1.871s] Level 1:colcon.colcon_core.package_identification:_identify(urc_ws_interbotix/src/dynamixel-workbench) by extensions ['ignore', 'ignore_ament_install']
[1.871s] Level 1:colcon.colcon_core.package_identification:_identify(urc_ws_interbotix/src/dynamixel-workbench) by extension 'ignore'
[1.872s] Level 1:colcon.colcon_core.package_identification:_identify(urc_ws_interbotix/src/dynamixel-workbench) by extension 'ignore_ament_install'
[1.873s] Level 1:colcon.colcon_core.package_identification:_identify(urc_ws_interbotix/src/dynamixel-workbench) by extensions ['colcon_pkg']
[1.874s] Level 1:colcon.colcon_core.package_identification:_identify(urc_ws_interbotix/src/dynamixel-workbench) by extension 'colcon_pkg'
[1.874s] Level 1:colcon.colcon_core.package_identification:_identify(urc_ws_interbotix/src/dynamixel-workbench) by extensions ['colcon_meta']
[1.875s] Level 1:colcon.colcon_core.package_identification:_identify(urc_ws_interbotix/src/dynamixel-workbench) by extension 'colcon_meta'
[1.877s] Level 1:colcon.colcon_core.package_identification:_identify(urc_ws_interbotix/src/dynamixel-workbench) by extensions ['ros']
[1.878s] Level 1:colcon.colcon_core.package_identification:_identify(urc_ws_interbotix/src/dynamixel-workbench) by extension 'ros'
[1.889s] DEBUG:colcon.colcon_core.package_identification:Package 'urc_ws_interbotix/src/dynamixel-workbench' with type 'ros.ament_cmake' and name 'dynamixel_workbench_toolbox'
[1.891s] Level 1:colcon.colcon_core.package_identification:_identify(urc_ws_interbotix/src/dynamixel_sdk) by extensions ['ignore', 'ignore_ament_install']
[1.892s] Level 1:colcon.colcon_core.package_identification:_identify(urc_ws_interbotix/src/dynamixel_sdk) by extension 'ignore'
[1.892s] Level 1:colcon.colcon_core.package_identification:_identify(urc_ws_interbotix/src/dynamixel_sdk) by extension 'ignore_ament_install'
[1.893s] Level 1:colcon.colcon_core.package_identification:_identify(urc_ws_interbotix/src/dynamixel_sdk) by extensions ['colcon_pkg']
[1.894s] Level 1:colcon.colcon_core.package_identification:_identify(urc_ws_interbotix/src/dynamixel_sdk) by extension 'colcon_pkg'
[1.894s] Level 1:colcon.colcon_core.package_identification:_identify(urc_ws_interbotix/src/dynamixel_sdk) by extensions ['colcon_meta']
[1.896s] Level 1:colcon.colcon_core.package_identification:_identify(urc_ws_interbotix/src/dynamixel_sdk) by extension 'colcon_meta'
[1.897s] Level 1:colcon.colcon_core.package_identification:_identify(urc_ws_interbotix/src/dynamixel_sdk) by extensions ['ros']
[1.898s] Level 1:colcon.colcon_core.package_identification:_identify(urc_ws_interbotix/src/dynamixel_sdk) by extension 'ros'
[1.904s] DEBUG:colcon.colcon_core.package_identification:Package 'urc_ws_interbotix/src/dynamixel_sdk' with type 'ros.ament_cmake' and name 'dynamixel_sdk'
[1.907s] Level 1:colcon.colcon_core.package_identification:_identify(urc_ws_interbotix/src/dynamixel_sdk_custom_interfaces) by extensions ['ignore', 'ignore_ament_install']
[1.909s] Level 1:colcon.colcon_core.package_identification:_identify(urc_ws_interbotix/src/dynamixel_sdk_custom_interfaces) by extension 'ignore'
[1.911s] Level 1:colcon.colcon_core.package_identification:_identify(urc_ws_interbotix/src/dynamixel_sdk_custom_interfaces) by extension 'ignore_ament_install'
[1.914s] Level 1:colcon.colcon_core.package_identification:_identify(urc_ws_interbotix/src/dynamixel_sdk_custom_interfaces) by extensions ['colcon_pkg']
[1.916s] Level 1:colcon.colcon_core.package_identification:_identify(urc_ws_interbotix/src/dynamixel_sdk_custom_interfaces) by extension 'colcon_pkg'
[1.918s] Level 1:colcon.colcon_core.package_identification:_identify(urc_ws_interbotix/src/dynamixel_sdk_custom_interfaces) by extensions ['colcon_meta']
[1.919s] Level 1:colcon.colcon_core.package_identification:_identify(urc_ws_interbotix/src/dynamixel_sdk_custom_interfaces) by extension 'colcon_meta'
[1.923s] Level 1:colcon.colcon_core.package_identification:_identify(urc_ws_interbotix/src/dynamixel_sdk_custom_interfaces) by extensions ['ros']
[1.924s] Level 1:colcon.colcon_core.package_identification:_identify(urc_ws_interbotix/src/dynamixel_sdk_custom_interfaces) by extension 'ros'
[1.928s] DEBUG:colcon.colcon_core.package_identification:Package 'urc_ws_interbotix/src/dynamixel_sdk_custom_interfaces' with type 'ros.ament_cmake' and name 'dynamixel_sdk_custom_interfaces'
[1.929s] Level 1:colcon.colcon_core.package_identification:_identify(urc_ws_interbotix/src/interbotix_common_modules) by extensions ['ignore', 'ignore_ament_install']
[1.929s] Level 1:colcon.colcon_core.package_identification:_identify(urc_ws_interbotix/src/interbotix_common_modules) by extension 'ignore'
[1.930s] Level 1:colcon.colcon_core.package_identification:_identify(urc_ws_interbotix/src/interbotix_common_modules) by extension 'ignore_ament_install'
[1.931s] Level 1:colcon.colcon_core.package_identification:_identify(urc_ws_interbotix/src/interbotix_common_modules) by extensions ['colcon_pkg']
[1.931s] Level 1:colcon.colcon_core.package_identification:_identify(urc_ws_interbotix/src/interbotix_common_modules) by extension 'colcon_pkg'
[1.931s] Level 1:colcon.colcon_core.package_identification:_identify(urc_ws_interbotix/src/interbotix_common_modules) by extensions ['colcon_meta']
[1.932s] Level 1:colcon.colcon_core.package_identification:_identify(urc_ws_interbotix/src/interbotix_common_modules) by extension 'colcon_meta'
[1.932s] Level 1:colcon.colcon_core.package_identification:_identify(urc_ws_interbotix/src/interbotix_common_modules) by extensions ['ros']
[1.933s] Level 1:colcon.colcon_core.package_identification:_identify(urc_ws_interbotix/src/interbotix_common_modules) by extension 'ros'
[1.937s] DEBUG:colcon.colcon_core.package_identification:Package 'urc_ws_interbotix/src/interbotix_common_modules' with type 'ros.ament_python' and name 'interbotix_common_modules'
[1.938s] Level 1:colcon.colcon_core.package_identification:_identify(urc_ws_interbotix/src/interbotix_xs_driver) by extensions ['ignore', 'ignore_ament_install']
[1.940s] Level 1:colcon.colcon_core.package_identification:_identify(urc_ws_interbotix/src/interbotix_xs_driver) by extension 'ignore'
[1.942s] Level 1:colcon.colcon_core.package_identification:_identify(urc_ws_interbotix/src/interbotix_xs_driver) by extension 'ignore_ament_install'
[1.944s] Level 1:colcon.colcon_core.package_identification:_identify(urc_ws_interbotix/src/interbotix_xs_driver) by extensions ['colcon_pkg']
[1.947s] Level 1:colcon.colcon_core.package_identification:_identify(urc_ws_interbotix/src/interbotix_xs_driver) by extension 'colcon_pkg'
[1.950s] Level 1:colcon.colcon_core.package_identification:_identify(urc_ws_interbotix/src/interbotix_xs_driver) by extensions ['colcon_meta']
[1.950s] Level 1:colcon.colcon_core.package_identification:_identify(urc_ws_interbotix/src/interbotix_xs_driver) by extension 'colcon_meta'
[1.952s] Level 1:colcon.colcon_core.package_identification:_identify(urc_ws_interbotix/src/interbotix_xs_driver) by extensions ['ros']
[1.952s] Level 1:colcon.colcon_core.package_identification:_identify(urc_ws_interbotix/src/interbotix_xs_driver) by extension 'ros'
[1.958s] DEBUG:colcon.colcon_core.package_identification:Package 'urc_ws_interbotix/src/interbotix_xs_driver' with type 'ros.ament_cmake' and name 'interbotix_xs_driver'
[1.959s] Level 1:colcon.colcon_core.package_identification:_identify(urc_ws_interbotix/src/interbotix_xs_modules) by extensions ['ignore', 'ignore_ament_install']
[1.960s] Level 1:colcon.colcon_core.package_identification:_identify(urc_ws_interbotix/src/interbotix_xs_modules) by extension 'ignore'
[1.961s] Level 1:colcon.colcon_core.package_identification:_identify(urc_ws_interbotix/src/interbotix_xs_modules) by extension 'ignore_ament_install'
[1.961s] Level 1:colcon.colcon_core.package_identification:_identify(urc_ws_interbotix/src/interbotix_xs_modules) by extensions ['colcon_pkg']
[1.962s] Level 1:colcon.colcon_core.package_identification:_identify(urc_ws_interbotix/src/interbotix_xs_modules) by extension 'colcon_pkg'
[1.962s] Level 1:colcon.colcon_core.package_identification:_identify(urc_ws_interbotix/src/interbotix_xs_modules) by extensions ['colcon_meta']
[1.964s] Level 1:colcon.colcon_core.package_identification:_identify(urc_ws_interbotix/src/interbotix_xs_modules) by extension 'colcon_meta'
[1.965s] Level 1:colcon.colcon_core.package_identification:_identify(urc_ws_interbotix/src/interbotix_xs_modules) by extensions ['ros']
[1.965s] Level 1:colcon.colcon_core.package_identification:_identify(urc_ws_interbotix/src/interbotix_xs_modules) by extension 'ros'
[1.975s] DEBUG:colcon.colcon_core.package_identification:Package 'urc_ws_interbotix/src/interbotix_xs_modules' with type 'ros.ament_python' and name 'interbotix_xs_modules'
[1.978s] Level 1:colcon.colcon_core.package_identification:_identify(urc_ws_interbotix/src/interbotix_xs_msgs) by extensions ['ignore', 'ignore_ament_install']
[1.980s] Level 1:colcon.colcon_core.package_identification:_identify(urc_ws_interbotix/src/interbotix_xs_msgs) by extension 'ignore'
[1.981s] Level 1:colcon.colcon_core.package_identification:_identify(urc_ws_interbotix/src/interbotix_xs_msgs) by extension 'ignore_ament_install'
[1.982s] Level 1:colcon.colcon_core.package_identification:_identify(urc_ws_interbotix/src/interbotix_xs_msgs) by extensions ['colcon_pkg']
[1.982s] Level 1:colcon.colcon_core.package_identification:_identify(urc_ws_interbotix/src/interbotix_xs_msgs) by extension 'colcon_pkg'
[1.983s] Level 1:colcon.colcon_core.package_identification:_identify(urc_ws_interbotix/src/interbotix_xs_msgs) by extensions ['colcon_meta']
[1.983s] Level 1:colcon.colcon_core.package_identification:_identify(urc_ws_interbotix/src/interbotix_xs_msgs) by extension 'colcon_meta'
[1.984s] Level 1:colcon.colcon_core.package_identification:_identify(urc_ws_interbotix/src/interbotix_xs_msgs) by extensions ['ros']
[1.984s] Level 1:colcon.colcon_core.package_identification:_identify(urc_ws_interbotix/src/interbotix_xs_msgs) by extension 'ros'
[1.996s] DEBUG:colcon.colcon_core.package_identification:Package 'urc_ws_interbotix/src/interbotix_xs_msgs' with type 'ros.ament_cmake' and name 'interbotix_xs_msgs'
[1.998s] Level 1:colcon.colcon_core.package_identification:_identify(urc_ws_interbotix/src/interbotix_xs_sdk) by extensions ['ignore', 'ignore_ament_install']
[2.000s] Level 1:colcon.colcon_core.package_identification:_identify(urc_ws_interbotix/src/interbotix_xs_sdk) by extension 'ignore'
[2.004s] Level 1:colcon.colcon_core.package_identification:_identify(urc_ws_interbotix/src/interbotix_xs_sdk) by extension 'ignore_ament_install'
[2.006s] Level 1:colcon.colcon_core.package_identification:_identify(urc_ws_interbotix/src/interbotix_xs_sdk) by extensions ['colcon_pkg']
[2.007s] Level 1:colcon.colcon_core.package_identification:_identify(urc_ws_interbotix/src/interbotix_xs_sdk) by extension 'colcon_pkg'
[2.007s] Level 1:colcon.colcon_core.package_identification:_identify(urc_ws_interbotix/src/interbotix_xs_sdk) by extensions ['colcon_meta']
[2.007s] Level 1:colcon.colcon_core.package_identification:_identify(urc_ws_interbotix/src/interbotix_xs_sdk) by extension 'colcon_meta'
[2.008s] Level 1:colcon.colcon_core.package_identification:_identify(urc_ws_interbotix/src/interbotix_xs_sdk) by extensions ['ros']
[2.008s] Level 1:colcon.colcon_core.package_identification:_identify(urc_ws_interbotix/src/interbotix_xs_sdk) by extension 'ros'
[2.015s] DEBUG:colcon.colcon_core.package_identification:Package 'urc_ws_interbotix/src/interbotix_xs_sdk' with type 'ros.ament_cmake' and name 'interbotix_xs_sdk'
[2.016s] Level 1:colcon.colcon_core.package_identification:_identify(urc_ws_interbotix/src/interbotix_xsarm_control) by extensions ['ignore', 'ignore_ament_install']
[2.017s] Level 1:colcon.colcon_core.package_identification:_identify(urc_ws_interbotix/src/interbotix_xsarm_control) by extension 'ignore'
[2.018s] Level 1:colcon.colcon_core.package_identification:_identify(urc_ws_interbotix/src/interbotix_xsarm_control) by extension 'ignore_ament_install'
[2.019s] Level 1:colcon.colcon_core.package_identification:_identify(urc_ws_interbotix/src/interbotix_xsarm_control) by extensions ['colcon_pkg']
[2.019s] Level 1:colcon.colcon_core.package_identification:_identify(urc_ws_interbotix/src/interbotix_xsarm_control) by extension 'colcon_pkg'
[2.020s] Level 1:colcon.colcon_core.package_identification:_identify(urc_ws_interbotix/src/interbotix_xsarm_control) by extensions ['colcon_meta']
[2.021s] Level 1:colcon.colcon_core.package_identification:_identify(urc_ws_interbotix/src/interbotix_xsarm_control) by extension 'colcon_meta'
[2.021s] Level 1:colcon.colcon_core.package_identification:_identify(urc_ws_interbotix/src/interbotix_xsarm_control) by extensions ['ros']
[2.022s] Level 1:colcon.colcon_core.package_identification:_identify(urc_ws_interbotix/src/interbotix_xsarm_control) by extension 'ros'
[2.031s] DEBUG:colcon.colcon_core.package_identification:Package 'urc_ws_interbotix/src/interbotix_xsarm_control' with type 'ros.ament_cmake' and name 'interbotix_xsarm_control'
[2.034s] Level 1:colcon.colcon_core.package_identification:_identify(urc_ws_interbotix/src/interbotix_xsarm_descriptions) by extensions ['ignore', 'ignore_ament_install']
[2.036s] Level 1:colcon.colcon_core.package_identification:_identify(urc_ws_interbotix/src/interbotix_xsarm_descriptions) by extension 'ignore'
[2.040s] Level 1:colcon.colcon_core.package_identification:_identify(urc_ws_interbotix/src/interbotix_xsarm_descriptions) by extension 'ignore_ament_install'
[2.041s] Level 1:colcon.colcon_core.package_identification:_identify(urc_ws_interbotix/src/interbotix_xsarm_descriptions) by extensions ['colcon_pkg']
[2.042s] Level 1:colcon.colcon_core.package_identification:_identify(urc_ws_interbotix/src/interbotix_xsarm_descriptions) by extension 'colcon_pkg'
[2.043s] Level 1:colcon.colcon_core.package_identification:_identify(urc_ws_interbotix/src/interbotix_xsarm_descriptions) by extensions ['colcon_meta']
[2.044s] Level 1:colcon.colcon_core.package_identification:_identify(urc_ws_interbotix/src/interbotix_xsarm_descriptions) by extension 'colcon_meta'
[2.046s] Level 1:colcon.colcon_core.package_identification:_identify(urc_ws_interbotix/src/interbotix_xsarm_descriptions) by extensions ['ros']
[2.047s] Level 1:colcon.colcon_core.package_identification:_identify(urc_ws_interbotix/src/interbotix_xsarm_descriptions) by extension 'ros'
[2.053s] DEBUG:colcon.colcon_core.package_identification:Package 'urc_ws_interbotix/src/interbotix_xsarm_descriptions' with type 'ros.ament_cmake' and name 'interbotix_xsarm_descriptions'
[2.054s] Level 1:colcon.colcon_core.package_identification:_identify(urc_ws_interbotix/src/modern_robotics) by extensions ['ignore', 'ignore_ament_install']
[2.056s] Level 1:colcon.colcon_core.package_identification:_identify(urc_ws_interbotix/src/modern_robotics) by extension 'ignore'
[2.057s] Level 1:colcon.colcon_core.package_identification:_identify(urc_ws_interbotix/src/modern_robotics) by extension 'ignore_ament_install'
[2.058s] Level 1:colcon.colcon_core.package_identification:_identify(urc_ws_interbotix/src/modern_robotics) by extensions ['colcon_pkg']
[2.059s] Level 1:colcon.colcon_core.package_identification:_identify(urc_ws_interbotix/src/modern_robotics) by extension 'colcon_pkg'
[2.060s] Level 1:colcon.colcon_core.package_identification:_identify(urc_ws_interbotix/src/modern_robotics) by extensions ['colcon_meta']
[2.060s] Level 1:colcon.colcon_core.package_identification:_identify(urc_ws_interbotix/src/modern_robotics) by extension 'colcon_meta'
[2.061s] Level 1:colcon.colcon_core.package_identification:_identify(urc_ws_interbotix/src/modern_robotics) by extensions ['ros']
[2.061s] Level 1:colcon.colcon_core.package_identification:_identify(urc_ws_interbotix/src/modern_robotics) by extension 'ros'
[2.064s] DEBUG:colcon.colcon_core.package_identification:Package 'urc_ws_interbotix/src/modern_robotics' with type 'ros.ament_python' and name 'modern_robotics'
[2.066s] Level 1:colcon.colcon_core.package_identification:_identify(urc_ws_interbotix/src/piReceiver) by extensions ['ignore', 'ignore_ament_install']
[2.068s] Level 1:colcon.colcon_core.package_identification:_identify(urc_ws_interbotix/src/piReceiver) by extension 'ignore'
[2.071s] Level 1:colcon.colcon_core.package_identification:_identify(urc_ws_interbotix/src/piReceiver) by extension 'ignore_ament_install'
[2.073s] Level 1:colcon.colcon_core.package_identification:_identify(urc_ws_interbotix/src/piReceiver) by extensions ['colcon_pkg']
[2.074s] Level 1:colcon.colcon_core.package_identification:_identify(urc_ws_interbotix/src/piReceiver) by extension 'colcon_pkg'
[2.076s] Level 1:colcon.colcon_core.package_identification:_identify(urc_ws_interbotix/src/piReceiver) by extensions ['colcon_meta']
[2.078s] Level 1:colcon.colcon_core.package_identification:_identify(urc_ws_interbotix/src/piReceiver) by extension 'colcon_meta'
[2.080s] Level 1:colcon.colcon_core.package_identification:_identify(urc_ws_interbotix/src/piReceiver) by extensions ['ros']
[2.081s] Level 1:colcon.colcon_core.package_identification:_identify(urc_ws_interbotix/src/piReceiver) by extension 'ros'
[2.086s] DEBUG:colcon.colcon_core.package_identification:Package 'urc_ws_interbotix/src/piReceiver' with type 'ros.ament_cmake' and name 'piReceiver'
[2.087s] Level 1:colcon.colcon_core.package_identification:_identify(urc_ws_interbotix/src/receiver) by extensions ['ignore', 'ignore_ament_install']
[2.089s] Level 1:colcon.colcon_core.package_identification:_identify(urc_ws_interbotix/src/receiver) by extension 'ignore'
[2.090s] Level 1:colcon.colcon_core.package_identification:_identify(urc_ws_interbotix/src/receiver) by extension 'ignore_ament_install'
[2.093s] Level 1:colcon.colcon_core.package_identification:_identify(urc_ws_interbotix/src/receiver) by extensions ['colcon_pkg']
[2.095s] Level 1:colcon.colcon_core.package_identification:_identify(urc_ws_interbotix/src/receiver) by extension 'colcon_pkg'
[2.099s] Level 1:colcon.colcon_core.package_identification:_identify(urc_ws_interbotix/src/receiver) by extensions ['colcon_meta']
[2.100s] Level 1:colcon.colcon_core.package_identification:_identify(urc_ws_interbotix/src/receiver) by extension 'colcon_meta'
[2.101s] Level 1:colcon.colcon_core.package_identification:_identify(urc_ws_interbotix/src/receiver) by extensions ['ros']
[2.102s] Level 1:colcon.colcon_core.package_identification:_identify(urc_ws_interbotix/src/receiver) by extension 'ros'
[2.110s] DEBUG:colcon.colcon_core.package_identification:Package 'urc_ws_interbotix/src/receiver' with type 'ros.ament_cmake' and name 'receiver'
[2.111s] Level 1:colcon.colcon_core.package_discovery:discover_packages(recursive) using defaults
[2.112s] Level 1:colcon.colcon_core.package_discovery:discover_packages(ignore) discover
[2.113s] Level 1:colcon.colcon_core.package_discovery:discover_packages(ignore) using defaults
[2.114s] Level 1:colcon.colcon_core.package_discovery:discover_packages(path) discover
[2.114s] Level 1:colcon.colcon_core.package_discovery:discover_packages(path) using defaults
[2.353s] INFO:colcon.colcon_core.package_selection:Skipping not selected package 'IMU_control' in 'urc_ws_interbotix/src/IMU_control'
[2.353s] INFO:colcon.colcon_core.package_selection:Skipping not selected package 'dynamixel_sdk' in 'urc_ws_interbotix/src/dynamixel_sdk'
[2.353s] INFO:colcon.colcon_core.package_selection:Skipping not selected package 'dynamixel_sdk_custom_interfaces' in 'urc_ws_interbotix/src/dynamixel_sdk_custom_interfaces'
[2.354s] INFO:colcon.colcon_core.package_selection:Skipping not selected package 'interbotix_common_modules' in 'urc_ws_interbotix/src/interbotix_common_modules'
[2.356s] INFO:colcon.colcon_core.package_selection:Skipping not selected package 'interbotix_xs_msgs' in 'urc_ws_interbotix/src/interbotix_xs_msgs'
[2.357s] INFO:colcon.colcon_core.package_selection:Skipping not selected package 'modern_robotics' in 'urc_ws_interbotix/src/modern_robotics'
[2.357s] INFO:colcon.colcon_core.package_selection:Skipping not selected package 'piReceiver' in 'urc_ws_interbotix/src/piReceiver'
[2.361s] INFO:colcon.colcon_core.package_selection:Skipping not selected package 'receiver' in 'urc_ws_interbotix/src/receiver'
[2.363s] INFO:colcon.colcon_core.package_selection:Skipping not selected package 'dynamixel_workbench_toolbox' in 'urc_ws_interbotix/src/dynamixel-workbench'
[2.365s] INFO:colcon.colcon_core.package_selection:Skipping not selected package 'interbotix_xs_driver' in 'urc_ws_interbotix/src/interbotix_xs_driver'
[2.366s] INFO:colcon.colcon_core.package_selection:Skipping not selected package 'interbotix_xs_sdk' in 'urc_ws_interbotix/src/interbotix_xs_sdk'
[2.367s] INFO:colcon.colcon_core.package_selection:Skipping not selected package 'interbotix_xs_modules' in 'urc_ws_interbotix/src/interbotix_xs_modules'
[2.368s] INFO:colcon.colcon_core.package_selection:Skipping not selected package 'interbotix_xsarm_descriptions' in 'urc_ws_interbotix/src/interbotix_xsarm_descriptions'
[2.374s] Level 1:colcon.colcon_core.package_discovery:discover_packages(prefix_path) check parameters
[2.375s] Level 1:colcon.colcon_core.package_discovery:discover_packages(prefix_path) discover
[2.432s] DEBUG:colcon.colcon_installed_package_information.package_discovery:Found 14 installed packages in /home/admin1/URC/install
[2.473s] DEBUG:colcon.colcon_installed_package_information.package_discovery:Found 288 installed packages in /opt/ros/jazzy
[2.482s] Level 1:colcon.colcon_core.package_discovery:discover_packages(prefix_path) using defaults
[2.965s] Level 5:colcon.colcon_core.verb:set package 'interbotix_xsarm_control' build argument 'cmake_args' from command line to 'None'
[2.966s] Level 5:colcon.colcon_core.verb:set package 'interbotix_xsarm_control' build argument 'cmake_target' from command line to 'None'
[2.966s] Level 5:colcon.colcon_core.verb:set package 'interbotix_xsarm_control' build argument 'cmake_target_skip_unavailable' from command line to 'False'
[2.966s] Level 5:colcon.colcon_core.verb:set package 'interbotix_xsarm_control' build argument 'cmake_clean_cache' from command line to 'False'
[2.966s] Level 5:colcon.colcon_core.verb:set package 'interbotix_xsarm_control' build argument 'cmake_clean_first' from command line to 'False'
[2.967s] Level 5:colcon.colcon_core.verb:set package 'interbotix_xsarm_control' build argument 'cmake_force_configure' from command line to 'False'
[2.967s] Level 5:colcon.colcon_core.verb:set package 'interbotix_xsarm_control' build argument 'ament_cmake_args' from command line to 'None'
[2.967s] Level 5:colcon.colcon_core.verb:set package 'interbotix_xsarm_control' build argument 'catkin_cmake_args' from command line to 'None'
[2.967s] Level 5:colcon.colcon_core.verb:set package 'interbotix_xsarm_control' build argument 'catkin_skip_building_tests' from command line to 'False'
[2.967s] DEBUG:colcon.colcon_core.verb:Building package 'interbotix_xsarm_control' with the following arguments: {'ament_cmake_args': None, 'build_base': '/home/admin1/URC/build/interbotix_xsarm_control', 'catkin_cmake_args': None, 'catkin_skip_building_tests': False, 'cmake_args': None, 'cmake_clean_cache': False, 'cmake_clean_first': False, 'cmake_force_configure': False, 'cmake_target': None, 'cmake_target_skip_unavailable': False, 'install_base': '/home/admin1/URC/install/interbotix_xsarm_control', 'merge_install': False, 'path': '/home/admin1/URC/urc_ws_interbotix/src/interbotix_xsarm_control', 'symlink_install': False, 'test_result_base': None}
[2.968s] INFO:colcon.colcon_core.executor:Executing jobs using 'parallel' executor
[2.973s] DEBUG:colcon.colcon_parallel_executor.executor.parallel:run_until_complete
[2.974s] INFO:colcon.colcon_ros.task.ament_cmake.build:Building ROS package in '/home/admin1/URC/urc_ws_interbotix/src/interbotix_xsarm_control' with build type 'ament_cmake'
[2.974s] INFO:colcon.colcon_cmake.task.cmake.build:Building CMake package in '/home/admin1/URC/urc_ws_interbotix/src/interbotix_xsarm_control'
[3.001s] INFO:colcon.colcon_core.plugin_system:Skipping extension 'colcon_core.shell.bat': Not used on non-Windows systems
[3.003s] INFO:colcon.colcon_core.shell:Skip shell extension 'powershell' for command environment: Not usable outside of PowerShell
[3.004s] DEBUG:colcon.colcon_core.shell:Skip shell extension 'dsv' for command environment
[3.343s] DEBUG:colcon.colcon_core.event_handler.log_command:Invoking command in '/home/admin1/URC/build/interbotix_xsarm_control': AMENT_PREFIX_PATH=/home/admin1/URC/install/interbotix_xs_modules:/home/admin1/URC/install/interbotix_common_modules:/home/admin1/URC/install/receiver:/home/admin1/URC/install/piReceiver:/home/admin1/URC/install/modern_robotics:/home/admin1/URC/install/interbotix_xsarm_control:/home/admin1/URC/install/interbotix_xsarm_descriptions:/home/admin1/URC/install/interbotix_xs_sdk:/home/admin1/URC/install/interbotix_xs_msgs:/home/admin1/URC/install/interbotix_xs_driver:/home/admin1/URC/install/dynamixel_workbench_toolbox:/home/admin1/URC/install/dynamixel_sdk_custom_interfaces:/home/admin1/URC/install/dynamixel_sdk:/home/admin1/URC/install/IMU_control:/opt/ros/jazzy CMAKE_PREFIX_PATH=/home/admin1/URC/install/interbotix_xsarm_descriptions:/home/admin1/URC/install/interbotix_xs_sdk:/home/admin1/URC/install/interbotix_xs_driver:/home/admin1/URC/install/dynamixel_workbench_toolbox:/home/admin1/URC/install/interbotix_xs_msgs:/home/admin1/URC/install/dynamixel_sdk:/home/admin1/URC/install/receiver:/home/admin1/URC/install/piReceiver:/home/admin1/URC/install/interbotix_xsarm_control:/home/admin1/URC/install/dynamixel_sdk_custom_interfaces:/opt/ros/jazzy/opt/gz_math_vendor:/opt/ros/jazzy/opt/gz_utils_vendor:/opt/ros/jazzy/opt/gz_cmake_vendor:/home/admin1/URC/install/modern_robotics:/home/admin1/URC/install/interbotix_xs_modules:/home/admin1/URC/install/interbotix_common_modules:/home/admin1/URC/install/IMU_control:/opt/ros/jazzy DEBUGINFOD_URLS=https://debuginfod.ubuntu.com LD_LIBRARY_PATH=/home/admin1/URC/install/interbotix_xs_driver/lib:/home/admin1/URC/install/dynamixel_workbench_toolbox/lib:/home/admin1/URC/install/interbotix_xs_msgs/lib:/home/admin1/URC/install/dynamixel_sdk/lib:/home/admin1/URC/install/dynamixel_sdk_custom_interfaces/lib:/opt/ros/jazzy/opt/rviz_ogre_vendor/lib:/opt/ros/jazzy/lib/aarch64-linux-gnu:/opt/ros/jazzy/opt/gz_math_vendor/lib:/opt/ros/jazzy/opt/gz_utils_vendor/lib:/opt/ros/jazzy/opt/gz_cmake_vendor/lib:/opt/ros/jazzy/lib PYTHONPATH=/home/admin1/URC/install/interbotix_xs_modules/lib/python3.12/site-packages:/home/admin1/URC/install/interbotix_xs_msgs/lib/python3.12/site-packages:/home/admin1/URC/install/interbotix_common_modules/lib/python3.12/site-packages:/home/admin1/URC/install/dynamixel_sdk/lib/python3.12/site-packages:/home/admin1/URC/install/modern_robotics/lib/python3.12/site-packages:/home/admin1/URC/install/dynamixel_sdk_custom_interfaces/lib/python3.12/site-packages:/home/admin1/URC/install/IMU_control/lib/python3.12/site-packages:/opt/ros/jazzy/lib/python3.12/site-packages /usr/bin/cmake --build /home/admin1/URC/build/interbotix_xsarm_control -- -j4 -l4
[3.823s] DEBUG:colcon.colcon_core.event_handler.log_command:Invoked command in '/home/admin1/URC/build/interbotix_xsarm_control' returned '0': AMENT_PREFIX_PATH=/home/admin1/URC/install/interbotix_xs_modules:/home/admin1/URC/install/interbotix_common_modules:/home/admin1/URC/install/receiver:/home/admin1/URC/install/piReceiver:/home/admin1/URC/install/modern_robotics:/home/admin1/URC/install/interbotix_xsarm_control:/home/admin1/URC/install/interbotix_xsarm_descriptions:/home/admin1/URC/install/interbotix_xs_sdk:/home/admin1/URC/install/interbotix_xs_msgs:/home/admin1/URC/install/interbotix_xs_driver:/home/admin1/URC/install/dynamixel_workbench_toolbox:/home/admin1/URC/install/dynamixel_sdk_custom_interfaces:/home/admin1/URC/install/dynamixel_sdk:/home/admin1/URC/install/IMU_control:/opt/ros/jazzy CMAKE_PREFIX_PATH=/home/admin1/URC/install/interbotix_xsarm_descriptions:/home/admin1/URC/install/interbotix_xs_sdk:/home/admin1/URC/install/interbotix_xs_driver:/home/admin1/URC/install/dynamixel_workbench_toolbox:/home/admin1/URC/install/interbotix_xs_msgs:/home/admin1/URC/install/dynamixel_sdk:/home/admin1/URC/install/receiver:/home/admin1/URC/install/piReceiver:/home/admin1/URC/install/interbotix_xsarm_control:/home/admin1/URC/install/dynamixel_sdk_custom_interfaces:/opt/ros/jazzy/opt/gz_math_vendor:/opt/ros/jazzy/opt/gz_utils_vendor:/opt/ros/jazzy/opt/gz_cmake_vendor:/home/admin1/URC/install/modern_robotics:/home/admin1/URC/install/interbotix_xs_modules:/home/admin1/URC/install/interbotix_common_modules:/home/admin1/URC/install/IMU_control:/opt/ros/jazzy DEBUGINFOD_URLS=https://debuginfod.ubuntu.com LD_LIBRARY_PATH=/home/admin1/URC/install/interbotix_xs_driver/lib:/home/admin1/URC/install/dynamixel_workbench_toolbox/lib:/home/admin1/URC/install/interbotix_xs_msgs/lib:/home/admin1/URC/install/dynamixel_sdk/lib:/home/admin1/URC/install/dynamixel_sdk_custom_interfaces/lib:/opt/ros/jazzy/opt/rviz_ogre_vendor/lib:/opt/ros/jazzy/lib/aarch64-linux-gnu:/opt/ros/jazzy/opt/gz_math_vendor/lib:/opt/ros/jazzy/opt/gz_utils_vendor/lib:/opt/ros/jazzy/opt/gz_cmake_vendor/lib:/opt/ros/jazzy/lib PYTHONPATH=/home/admin1/URC/install/interbotix_xs_modules/lib/python3.12/site-packages:/home/admin1/URC/install/interbotix_xs_msgs/lib/python3.12/site-packages:/home/admin1/URC/install/interbotix_common_modules/lib/python3.12/site-packages:/home/admin1/URC/install/dynamixel_sdk/lib/python3.12/site-packages:/home/admin1/URC/install/modern_robotics/lib/python3.12/site-packages:/home/admin1/URC/install/dynamixel_sdk_custom_interfaces/lib/python3.12/site-packages:/home/admin1/URC/install/IMU_control/lib/python3.12/site-packages:/opt/ros/jazzy/lib/python3.12/site-packages /usr/bin/cmake --build /home/admin1/URC/build/interbotix_xsarm_control -- -j4 -l4
[3.971s] DEBUG:colcon.colcon_core.event_handler.log_command:Invoking command in '/home/admin1/URC/build/interbotix_xsarm_control': AMENT_PREFIX_PATH=/home/admin1/URC/install/interbotix_xs_modules:/home/admin1/URC/install/interbotix_common_modules:/home/admin1/URC/install/receiver:/home/admin1/URC/install/piReceiver:/home/admin1/URC/install/modern_robotics:/home/admin1/URC/install/interbotix_xsarm_control:/home/admin1/URC/install/interbotix_xsarm_descriptions:/home/admin1/URC/install/interbotix_xs_sdk:/home/admin1/URC/install/interbotix_xs_msgs:/home/admin1/URC/install/interbotix_xs_driver:/home/admin1/URC/install/dynamixel_workbench_toolbox:/home/admin1/URC/install/dynamixel_sdk_custom_interfaces:/home/admin1/URC/install/dynamixel_sdk:/home/admin1/URC/install/IMU_control:/opt/ros/jazzy CMAKE_PREFIX_PATH=/home/admin1/URC/install/interbotix_xsarm_descriptions:/home/admin1/URC/install/interbotix_xs_sdk:/home/admin1/URC/install/interbotix_xs_driver:/home/admin1/URC/install/dynamixel_workbench_toolbox:/home/admin1/URC/install/interbotix_xs_msgs:/home/admin1/URC/install/dynamixel_sdk:/home/admin1/URC/install/receiver:/home/admin1/URC/install/piReceiver:/home/admin1/URC/install/interbotix_xsarm_control:/home/admin1/URC/install/dynamixel_sdk_custom_interfaces:/opt/ros/jazzy/opt/gz_math_vendor:/opt/ros/jazzy/opt/gz_utils_vendor:/opt/ros/jazzy/opt/gz_cmake_vendor:/home/admin1/URC/install/modern_robotics:/home/admin1/URC/install/interbotix_xs_modules:/home/admin1/URC/install/interbotix_common_modules:/home/admin1/URC/install/IMU_control:/opt/ros/jazzy DEBUGINFOD_URLS=https://debuginfod.ubuntu.com LD_LIBRARY_PATH=/home/admin1/URC/install/interbotix_xs_driver/lib:/home/admin1/URC/install/dynamixel_workbench_toolbox/lib:/home/admin1/URC/install/interbotix_xs_msgs/lib:/home/admin1/URC/install/dynamixel_sdk/lib:/home/admin1/URC/install/dynamixel_sdk_custom_interfaces/lib:/opt/ros/jazzy/opt/rviz_ogre_vendor/lib:/opt/ros/jazzy/lib/aarch64-linux-gnu:/opt/ros/jazzy/opt/gz_math_vendor/lib:/opt/ros/jazzy/opt/gz_utils_vendor/lib:/opt/ros/jazzy/opt/gz_cmake_vendor/lib:/opt/ros/jazzy/lib PYTHONPATH=/home/admin1/URC/install/interbotix_xs_modules/lib/python3.12/site-packages:/home/admin1/URC/install/interbotix_xs_msgs/lib/python3.12/site-packages:/home/admin1/URC/install/interbotix_common_modules/lib/python3.12/site-packages:/home/admin1/URC/install/dynamixel_sdk/lib/python3.12/site-packages:/home/admin1/URC/install/modern_robotics/lib/python3.12/site-packages:/home/admin1/URC/install/dynamixel_sdk_custom_interfaces/lib/python3.12/site-packages:/home/admin1/URC/install/IMU_control/lib/python3.12/site-packages:/opt/ros/jazzy/lib/python3.12/site-packages /usr/bin/cmake --install /home/admin1/URC/build/interbotix_xsarm_control
[4.179s] Level 1:colcon.colcon_core.environment:create_environment_scripts_only(interbotix_xsarm_control)
[4.228s] Level 1:colcon.colcon_core.environment:checking '/home/admin1/URC/install/interbotix_xsarm_control' for CMake module files
[4.251s] Level 1:colcon.colcon_core.environment:checking '/home/admin1/URC/install/interbotix_xsarm_control' for CMake config files
[4.281s] Level 1:colcon.colcon_core.shell:create_environment_hook('interbotix_xsarm_control', 'cmake_prefix_path')
[4.285s] INFO:colcon.colcon_core.shell:Creating environment hook '/home/admin1/URC/install/interbotix_xsarm_control/share/interbotix_xsarm_control/hook/cmake_prefix_path.ps1'
[4.303s] INFO:colcon.colcon_core.shell:Creating environment descriptor '/home/admin1/URC/install/interbotix_xsarm_control/share/interbotix_xsarm_control/hook/cmake_prefix_path.dsv'
[4.310s] INFO:colcon.colcon_core.shell:Creating environment hook '/home/admin1/URC/install/interbotix_xsarm_control/share/interbotix_xsarm_control/hook/cmake_prefix_path.sh'
[4.322s] Level 1:colcon.colcon_core.environment:checking '/home/admin1/URC/install/interbotix_xsarm_control/lib'
[4.326s] Level 1:colcon.colcon_core.environment:checking '/home/admin1/URC/install/interbotix_xsarm_control/bin'
[4.327s] Level 1:colcon.colcon_core.environment:checking '/home/admin1/URC/install/interbotix_xsarm_control/lib/pkgconfig/interbotix_xsarm_control.pc'
[4.329s] Level 1:colcon.colcon_core.environment:checking '/home/admin1/URC/install/interbotix_xsarm_control/lib/python3.12/site-packages'
[4.331s] Level 1:colcon.colcon_core.environment:checking '/home/admin1/URC/install/interbotix_xsarm_control/bin'
[4.333s] INFO:colcon.colcon_core.shell:Creating package script '/home/admin1/URC/install/interbotix_xsarm_control/share/interbotix_xsarm_control/package.ps1'
[4.346s] INFO:colcon.colcon_core.shell:Creating package descriptor '/home/admin1/URC/install/interbotix_xsarm_control/share/interbotix_xsarm_control/package.dsv'
[4.354s] INFO:colcon.colcon_core.shell:Creating package script '/home/admin1/URC/install/interbotix_xsarm_control/share/interbotix_xsarm_control/package.sh'
[4.379s] DEBUG:colcon.colcon_core.event_handler.log_command:Invoked command in '/home/admin1/URC/build/interbotix_xsarm_control' returned '0': AMENT_PREFIX_PATH=/home/admin1/URC/install/interbotix_xs_modules:/home/admin1/URC/install/interbotix_common_modules:/home/admin1/URC/install/receiver:/home/admin1/URC/install/piReceiver:/home/admin1/URC/install/modern_robotics:/home/admin1/URC/install/interbotix_xsarm_control:/home/admin1/URC/install/interbotix_xsarm_descriptions:/home/admin1/URC/install/interbotix_xs_sdk:/home/admin1/URC/install/interbotix_xs_msgs:/home/admin1/URC/install/interbotix_xs_driver:/home/admin1/URC/install/dynamixel_workbench_toolbox:/home/admin1/URC/install/dynamixel_sdk_custom_interfaces:/home/admin1/URC/install/dynamixel_sdk:/home/admin1/URC/install/IMU_control:/opt/ros/jazzy CMAKE_PREFIX_PATH=/home/admin1/URC/install/interbotix_xsarm_descriptions:/home/admin1/URC/install/interbotix_xs_sdk:/home/admin1/URC/install/interbotix_xs_driver:/home/admin1/URC/install/dynamixel_workbench_toolbox:/home/admin1/URC/install/interbotix_xs_msgs:/home/admin1/URC/install/dynamixel_sdk:/home/admin1/URC/install/receiver:/home/admin1/URC/install/piReceiver:/home/admin1/URC/install/interbotix_xsarm_control:/home/admin1/URC/install/dynamixel_sdk_custom_interfaces:/opt/ros/jazzy/opt/gz_math_vendor:/opt/ros/jazzy/opt/gz_utils_vendor:/opt/ros/jazzy/opt/gz_cmake_vendor:/home/admin1/URC/install/modern_robotics:/home/admin1/URC/install/interbotix_xs_modules:/home/admin1/URC/install/interbotix_common_modules:/home/admin1/URC/install/IMU_control:/opt/ros/jazzy DEBUGINFOD_URLS=https://debuginfod.ubuntu.com LD_LIBRARY_PATH=/home/admin1/URC/install/interbotix_xs_driver/lib:/home/admin1/URC/install/dynamixel_workbench_toolbox/lib:/home/admin1/URC/install/interbotix_xs_msgs/lib:/home/admin1/URC/install/dynamixel_sdk/lib:/home/admin1/URC/install/dynamixel_sdk_custom_interfaces/lib:/opt/ros/jazzy/opt/rviz_ogre_vendor/lib:/opt/ros/jazzy/lib/aarch64-linux-gnu:/opt/ros/jazzy/opt/gz_math_vendor/lib:/opt/ros/jazzy/opt/gz_utils_vendor/lib:/opt/ros/jazzy/opt/gz_cmake_vendor/lib:/opt/ros/jazzy/lib PYTHONPATH=/home/admin1/URC/install/interbotix_xs_modules/lib/python3.12/site-packages:/home/admin1/URC/install/interbotix_xs_msgs/lib/python3.12/site-packages:/home/admin1/URC/install/interbotix_common_modules/lib/python3.12/site-packages:/home/admin1/URC/install/dynamixel_sdk/lib/python3.12/site-packages:/home/admin1/URC/install/modern_robotics/lib/python3.12/site-packages:/home/admin1/URC/install/dynamixel_sdk_custom_interfaces/lib/python3.12/site-packages:/home/admin1/URC/install/IMU_control/lib/python3.12/site-packages:/opt/ros/jazzy/lib/python3.12/site-packages /usr/bin/cmake --install /home/admin1/URC/build/interbotix_xsarm_control
[4.383s] INFO:colcon.colcon_core.shell:Creating package script '/home/admin1/URC/install/interbotix_xsarm_control/share/interbotix_xsarm_control/package.bash'
[4.393s] INFO:colcon.colcon_core.shell:Creating package script '/home/admin1/URC/install/interbotix_xsarm_control/share/interbotix_xsarm_control/package.zsh'
[4.400s] Level 1:colcon.colcon_core.environment:create_file_with_runtime_dependencies(/home/admin1/URC/install/interbotix_xsarm_control/share/colcon-core/packages/interbotix_xsarm_control)
[4.412s] Level 1:colcon.colcon_core.environment:create_environment_scripts_only(interbotix_xsarm_control)
[4.417s] Level 1:colcon.colcon_core.environment:checking '/home/admin1/URC/install/interbotix_xsarm_control' for CMake module files
[4.430s] Level 1:colcon.colcon_core.environment:checking '/home/admin1/URC/install/interbotix_xsarm_control' for CMake config files
[4.437s] Level 1:colcon.colcon_core.shell:create_environment_hook('interbotix_xsarm_control', 'cmake_prefix_path')
[4.442s] INFO:colcon.colcon_core.shell:Creating environment hook '/home/admin1/URC/install/interbotix_xsarm_control/share/interbotix_xsarm_control/hook/cmake_prefix_path.ps1'
[4.449s] INFO:colcon.colcon_core.shell:Creating environment descriptor '/home/admin1/URC/install/interbotix_xsarm_control/share/interbotix_xsarm_control/hook/cmake_prefix_path.dsv'
[4.461s] INFO:colcon.colcon_core.shell:Creating environment hook '/home/admin1/URC/install/interbotix_xsarm_control/share/interbotix_xsarm_control/hook/cmake_prefix_path.sh'
[4.472s] Level 1:colcon.colcon_core.environment:checking '/home/admin1/URC/install/interbotix_xsarm_control/lib'
[4.476s] Level 1:colcon.colcon_core.environment:checking '/home/admin1/URC/install/interbotix_xsarm_control/bin'
[4.478s] Level 1:colcon.colcon_core.environment:checking '/home/admin1/URC/install/interbotix_xsarm_control/lib/pkgconfig/interbotix_xsarm_control.pc'
[4.482s] Level 1:colcon.colcon_core.environment:checking '/home/admin1/URC/install/interbotix_xsarm_control/lib/python3.12/site-packages'
[4.488s] Level 1:colcon.colcon_core.environment:checking '/home/admin1/URC/install/interbotix_xsarm_control/bin'
[4.492s] INFO:colcon.colcon_core.shell:Creating package script '/home/admin1/URC/install/interbotix_xsarm_control/share/interbotix_xsarm_control/package.ps1'
[4.498s] INFO:colcon.colcon_core.shell:Creating package descriptor '/home/admin1/URC/install/interbotix_xsarm_control/share/interbotix_xsarm_control/package.dsv'
[4.508s] INFO:colcon.colcon_core.shell:Creating package script '/home/admin1/URC/install/interbotix_xsarm_control/share/interbotix_xsarm_control/package.sh'
[4.525s] INFO:colcon.colcon_core.shell:Creating package script '/home/admin1/URC/install/interbotix_xsarm_control/share/interbotix_xsarm_control/package.bash'
[4.536s] INFO:colcon.colcon_core.shell:Creating package script '/home/admin1/URC/install/interbotix_xsarm_control/share/interbotix_xsarm_control/package.zsh'
[4.543s] Level 1:colcon.colcon_core.environment:create_file_with_runtime_dependencies(/home/admin1/URC/install/interbotix_xsarm_control/share/colcon-core/packages/interbotix_xsarm_control)
[4.552s] DEBUG:colcon.colcon_parallel_executor.executor.parallel:closing loop
[4.554s] DEBUG:colcon.colcon_parallel_executor.executor.parallel:loop closed
[4.555s] DEBUG:colcon.colcon_parallel_executor.executor.parallel:run_until_complete finished with '0'
[4.556s] DEBUG:colcon.colcon_core.event_reactor:joining thread
[4.675s] INFO:colcon.colcon_core.plugin_system:Skipping extension 'colcon_notification.desktop_notification.terminal_notifier': Not used on non-Darwin systems
[4.677s] INFO:colcon.colcon_core.plugin_system:Skipping extension 'colcon_notification.desktop_notification.win32': Not used on non-Windows systems
[4.678s] INFO:colcon.colcon_notification.desktop_notification:Sending desktop notification using 'notify2'
[4.877s] DEBUG:colcon.colcon_core.event_reactor:joined thread
[4.878s] INFO:colcon.colcon_core.shell:Creating prefix script '/home/admin1/URC/install/local_setup.ps1'
[4.884s] INFO:colcon.colcon_core.shell:Creating prefix util module '/home/admin1/URC/install/_local_setup_util_ps1.py'
[4.891s] INFO:colcon.colcon_core.shell:Creating prefix chain script '/home/admin1/URC/install/setup.ps1'
[4.913s] INFO:colcon.colcon_core.shell:Creating prefix script '/home/admin1/URC/install/local_setup.sh'
[4.923s] INFO:colcon.colcon_core.shell:Creating prefix util module '/home/admin1/URC/install/_local_setup_util_sh.py'
[4.932s] INFO:colcon.colcon_core.shell:Creating prefix chain script '/home/admin1/URC/install/setup.sh'
[4.943s] INFO:colcon.colcon_core.shell:Creating prefix script '/home/admin1/URC/install/local_setup.bash'
[4.949s] INFO:colcon.colcon_core.shell:Creating prefix chain script '/home/admin1/URC/install/setup.bash'
[4.970s] INFO:colcon.colcon_core.shell:Creating prefix script '/home/admin1/URC/install/local_setup.zsh'
[4.974s] INFO:colcon.colcon_core.shell:Creating prefix chain script '/home/admin1/URC/install/setup.zsh'
