[0.156s] Invoking command in '/home/ayaan/URC/URC/build/dynamixel_sdk': CMAKE_PREFIX_PATH=${CMAKE_PREFIX_PATH}:/home/ayaan/imprimis/imprimis_ws/install/utils:/home/ayaan/imprimis/imprimis_ws/install/map_goal_to_odom:/home/ayaan/imprimis/imprimis_ws/install/gps_nav_bridge:/opt/ros/jazzy DEBUGINFOD_URLS=https://debuginfod.ubuntu.com /usr/bin/cmake --build /home/ayaan/URC/URC/build/dynamixel_sdk -- -j16 -l16
[2.255s] [100%] Built target dynamixel_sdk
[2.255s] [100%] Built target ament_cmake_python_copy_dynamixel_sdk
[2.258s] [100%] Built target ament_cmake_python_copy_dynamixel_easy_sdk
[2.259s] running egg_info
[2.259s] writing dynamixel_easy_sdk.egg-info/PKG-INFO
[2.261s] writing dependency_links to dynamixel_easy_sdk.egg-info/dependency_links.txt
[2.261s] writing top-level names to dynamixel_easy_sdk.egg-info/top_level.txt
[2.261s] running egg_info
[2.262s] writing dynamixel_sdk.egg-info/PKG-INFO
[2.262s] writing dependency_links to dynamixel_sdk.egg-info/dependency_links.txt
[2.262s] writing top-level names to dynamixel_sdk.egg-info/top_level.txt
[2.262s] reading manifest file 'dynamixel_easy_sdk.egg-info/SOURCES.txt'
[2.262s] writing manifest file 'dynamixel_easy_sdk.egg-info/SOURCES.txt'
[2.263s] reading manifest file 'dynamixel_sdk.egg-info/SOURCES.txt'
[2.263s] writing manifest file 'dynamixel_sdk.egg-info/SOURCES.txt'
[2.263s] [100%] Built target ament_cmake_python_build_dynamixel_easy_sdk_egg
[2.264s] [100%] Built target ament_cmake_python_build_dynamixel_sdk_egg
[2.272s] Invoked command in '/home/ayaan/URC/URC/build/dynamixel_sdk' returned '0': CMAKE_PREFIX_PATH=${CMAKE_PREFIX_PATH}:/home/ayaan/imprimis/imprimis_ws/install/utils:/home/ayaan/imprimis/imprimis_ws/install/map_goal_to_odom:/home/ayaan/imprimis/imprimis_ws/install/gps_nav_bridge:/opt/ros/jazzy DEBUGINFOD_URLS=https://debuginfod.ubuntu.com /usr/bin/cmake --build /home/ayaan/URC/URC/build/dynamixel_sdk -- -j16 -l16
[2.292s] Invoking command in '/home/ayaan/URC/URC/build/dynamixel_sdk': CMAKE_PREFIX_PATH=${CMAKE_PREFIX_PATH}:/home/ayaan/imprimis/imprimis_ws/install/utils:/home/ayaan/imprimis/imprimis_ws/install/map_goal_to_odom:/home/ayaan/imprimis/imprimis_ws/install/gps_nav_bridge:/opt/ros/jazzy DEBUGINFOD_URLS=https://debuginfod.ubuntu.com /usr/bin/cmake --install /home/ayaan/URC/URC/build/dynamixel_sdk
[2.323s] -- Install configuration: ""
[2.324s] -- Up-to-date: /home/ayaan/URC/URC/install/dynamixel_sdk/include/
[2.324s] -- Up-to-date: /home/ayaan/URC/URC/install/dynamixel_sdk/include//dynamixel_easy_sdk
[2.325s] -- Up-to-date: /home/ayaan/URC/URC/install/dynamixel_sdk/include//dynamixel_easy_sdk/connector.hpp
[2.325s] -- Up-to-date: /home/ayaan/URC/URC/install/dynamixel_sdk/include//dynamixel_easy_sdk/group_executor.hpp
[2.325s] -- Up-to-date: /home/ayaan/URC/URC/install/dynamixel_sdk/include//dynamixel_easy_sdk/control_table.hpp
[2.326s] -- Up-to-date: /home/ayaan/URC/URC/install/dynamixel_sdk/include//dynamixel_easy_sdk/data_types.hpp
[2.326s] -- Up-to-date: /home/ayaan/URC/URC/install/dynamixel_sdk/include//dynamixel_easy_sdk/dynamixel_easy_sdk.hpp
[2.327s] -- Up-to-date: /home/ayaan/URC/URC/install/dynamixel_sdk/include//dynamixel_easy_sdk/motor.hpp
[2.328s] -- Up-to-date: /home/ayaan/URC/URC/install/dynamixel_sdk/include//dynamixel_easy_sdk/dynamixel_error.hpp
[2.328s] -- Up-to-date: /home/ayaan/URC/URC/install/dynamixel_sdk/include//dynamixel_sdk
[2.328s] -- Up-to-date: /home/ayaan/URC/URC/install/dynamixel_sdk/include//dynamixel_sdk/group_sync_read.h
[2.329s] -- Up-to-date: /home/ayaan/URC/URC/install/dynamixel_sdk/include//dynamixel_sdk/dynamixel_sdk.h
[2.329s] -- Up-to-date: /home/ayaan/URC/URC/install/dynamixel_sdk/include//dynamixel_sdk/port_handler_windows.h
[2.329s] -- Up-to-date: /home/ayaan/URC/URC/install/dynamixel_sdk/include//dynamixel_sdk/port_handler_arduino.h
[2.329s] -- Up-to-date: /home/ayaan/URC/URC/install/dynamixel_sdk/include//dynamixel_sdk/packet_handler.h
[2.329s] -- Up-to-date: /home/ayaan/URC/URC/install/dynamixel_sdk/include//dynamixel_sdk/port_handler.h
[2.330s] -- Up-to-date: /home/ayaan/URC/URC/install/dynamixel_sdk/include//dynamixel_sdk/group_handler.h
[2.330s] -- Up-to-date: /home/ayaan/URC/URC/install/dynamixel_sdk/include//dynamixel_sdk/port_handler_mac.h
[2.331s] -- Up-to-date: /home/ayaan/URC/URC/install/dynamixel_sdk/include//dynamixel_sdk/group_fast_bulk_read.h
[2.331s] -- Up-to-date: /home/ayaan/URC/URC/install/dynamixel_sdk/include//dynamixel_sdk/protocol1_packet_handler.h
[2.331s] -- Up-to-date: /home/ayaan/URC/URC/install/dynamixel_sdk/include//dynamixel_sdk/group_bulk_write.h
[2.331s] -- Up-to-date: /home/ayaan/URC/URC/install/dynamixel_sdk/include//dynamixel_sdk/port_handler_linux.h
[2.332s] -- Up-to-date: /home/ayaan/URC/URC/install/dynamixel_sdk/include//dynamixel_sdk/group_bulk_read.h
[2.332s] -- Up-to-date: /home/ayaan/URC/URC/install/dynamixel_sdk/include//dynamixel_sdk/protocol2_packet_handler.h
[2.332s] -- Up-to-date: /home/ayaan/URC/URC/install/dynamixel_sdk/include//dynamixel_sdk/group_sync_write.h
[2.332s] -- Up-to-date: /home/ayaan/URC/URC/install/dynamixel_sdk/include//dynamixel_sdk/group_fast_sync_read.h
[2.333s] -- Up-to-date: /home/ayaan/URC/URC/install/dynamixel_sdk/lib/libdynamixel_sdk.so
[2.333s] -- Up-to-date: /home/ayaan/URC/URC/install/dynamixel_sdk/share/dynamixel_sdk/control_table
[2.333s] -- Up-to-date: /home/ayaan/URC/URC/install/dynamixel_sdk/share/dynamixel_sdk/control_table/xc330_t288.model
[2.333s] -- Up-to-date: /home/ayaan/URC/URC/install/dynamixel_sdk/share/dynamixel_sdk/control_table/ym080_230_m001.model
[2.334s] -- Up-to-date: /home/ayaan/URC/URC/install/dynamixel_sdk/share/dynamixel_sdk/control_table/xc330_m181_fw52.model
[2.335s] -- Up-to-date: /home/ayaan/URC/URC/install/dynamixel_sdk/share/dynamixel_sdk/control_table/xd540_t270.model
[2.335s] -- Up-to-date: /home/ayaan/URC/URC/install/dynamixel_sdk/share/dynamixel_sdk/control_table/xw540_h260.model
[2.336s] -- Up-to-date: /home/ayaan/URC/URC/install/dynamixel_sdk/share/dynamixel_sdk/control_table/m54_40_s250_ra.model
[2.336s] -- Up-to-date: /home/ayaan/URC/URC/install/dynamixel_sdk/share/dynamixel_sdk/control_table/mx_64.model
[2.336s] -- Up-to-date: /home/ayaan/URC/URC/install/dynamixel_sdk/share/dynamixel_sdk/control_table/mx_28.model
[2.337s] -- Up-to-date: /home/ayaan/URC/URC/install/dynamixel_sdk/share/dynamixel_sdk/control_table/ym080_230_a099.model
[2.337s] -- Up-to-date: /home/ayaan/URC/URC/install/dynamixel_sdk/share/dynamixel_sdk/control_table/pm54_040_s250.model
[2.337s] -- Up-to-date: /home/ayaan/URC/URC/install/dynamixel_sdk/share/dynamixel_sdk/control_table/ym070_210_a099.model
[2.337s] -- Up-to-date: /home/ayaan/URC/URC/install/dynamixel_sdk/share/dynamixel_sdk/control_table/xw540_t140.model
[2.338s] -- Up-to-date: /home/ayaan/URC/URC/install/dynamixel_sdk/share/dynamixel_sdk/control_table/xl330_m288_fw52.model
[2.338s] -- Up-to-date: /home/ayaan/URC/URC/install/dynamixel_sdk/share/dynamixel_sdk/control_table/xm430_w210.model
[2.338s] -- Up-to-date: /home/ayaan/URC/URC/install/dynamixel_sdk/share/dynamixel_sdk/control_table/xc430_w240.model
[2.338s] -- Up-to-date: /home/ayaan/URC/URC/install/dynamixel_sdk/share/dynamixel_sdk/control_table/h54_100_s500_ra.model
[2.339s] -- Up-to-date: /home/ayaan/URC/URC/install/dynamixel_sdk/share/dynamixel_sdk/control_table/xl320.model
[2.339s] -- Up-to-date: /home/ayaan/URC/URC/install/dynamixel_sdk/share/dynamixel_sdk/control_table/ym070_210_m001.model
[2.339s] -- Up-to-date: /home/ayaan/URC/URC/install/dynamixel_sdk/share/dynamixel_sdk/control_table/xc330_m288_fw52.model
[2.339s] -- Up-to-date: /home/ayaan/URC/URC/install/dynamixel_sdk/share/dynamixel_sdk/control_table/2xc430_w250.model
[2.340s] -- Up-to-date: /home/ayaan/URC/URC/install/dynamixel_sdk/share/dynamixel_sdk/control_table/pm42_010_s260.model
[2.340s] -- Up-to-date: /home/ayaan/URC/URC/install/dynamixel_sdk/share/dynamixel_sdk/control_table/ym080_230_a051.model
[2.340s] -- Up-to-date: /home/ayaan/URC/URC/install/dynamixel_sdk/share/dynamixel_sdk/control_table/pm54_060_s250.model
[2.340s] -- Up-to-date: /home/ayaan/URC/URC/install/dynamixel_sdk/share/dynamixel_sdk/control_table/xh430_v210.model
[2.340s] -- Up-to-date: /home/ayaan/URC/URC/install/dynamixel_sdk/share/dynamixel_sdk/control_table/xl330_m077_fw52.model
[2.342s] -- Up-to-date: /home/ayaan/URC/URC/install/dynamixel_sdk/share/dynamixel_sdk/control_table/ym070_210_r051.model
[2.342s] -- Up-to-date: /home/ayaan/URC/URC/install/dynamixel_sdk/share/dynamixel_sdk/control_table/xw540_t260.model
[2.343s] -- Up-to-date: /home/ayaan/URC/URC/install/dynamixel_sdk/share/dynamixel_sdk/control_table/xl330_m288.model
[2.344s] -- Up-to-date: /home/ayaan/URC/URC/install/dynamixel_sdk/share/dynamixel_sdk/control_table/xw430_t333.model
[2.344s] -- Up-to-date: /home/ayaan/URC/URC/install/dynamixel_sdk/share/dynamixel_sdk/control_table/xh540_v270.model
[2.344s] -- Up-to-date: /home/ayaan/URC/URC/install/dynamixel_sdk/share/dynamixel_sdk/control_table/xc430_w150.model
[2.345s] -- Up-to-date: /home/ayaan/URC/URC/install/dynamixel_sdk/share/dynamixel_sdk/control_table/xl330_m077.model
[2.347s] -- Up-to-date: /home/ayaan/URC/URC/install/dynamixel_sdk/share/dynamixel_sdk/control_table/mx_106.model
[2.347s] -- Up-to-date: /home/ayaan/URC/URC/install/dynamixel_sdk/share/dynamixel_sdk/control_table/xh540_w270.model
[2.347s] -- Up-to-date: /home/ayaan/URC/URC/install/dynamixel_sdk/share/dynamixel_sdk/control_table/h42_20_s300_ra.model
[2.347s] -- Up-to-date: /home/ayaan/URC/URC/install/dynamixel_sdk/share/dynamixel_sdk/control_table/xh430_w350.model
[2.348s] -- Up-to-date: /home/ayaan/URC/URC/install/dynamixel_sdk/share/dynamixel_sdk/control_table/xm540_w270.model
[2.348s] -- Up-to-date: /home/ayaan/URC/URC/install/dynamixel_sdk/share/dynamixel_sdk/control_table/xl430_w250.model
[2.348s] -- Up-to-date: /home/ayaan/URC/URC/install/dynamixel_sdk/share/dynamixel_sdk/control_table/xh540_v150.model
[2.348s] -- Up-to-date: /home/ayaan/URC/URC/install/dynamixel_sdk/share/dynamixel_sdk/control_table/ym070_210_a051.model
[2.349s] -- Up-to-date: /home/ayaan/URC/URC/install/dynamixel_sdk/share/dynamixel_sdk/control_table/ym070_210_b001.model
[2.349s] -- Up-to-date: /home/ayaan/URC/URC/install/dynamixel_sdk/share/dynamixel_sdk/control_table/xc330_t288_fw52.model
[2.349s] -- Up-to-date: /home/ayaan/URC/URC/install/dynamixel_sdk/share/dynamixel_sdk/control_table/m54_60_s250_ra.model
[2.349s] -- Up-to-date: /home/ayaan/URC/URC/install/dynamixel_sdk/share/dynamixel_sdk/control_table/ph54_100_s500.model
[2.350s] -- Up-to-date: /home/ayaan/URC/URC/install/dynamixel_sdk/share/dynamixel_sdk/control_table/rh_p12_rn.model
[2.350s] -- Up-to-date: /home/ayaan/URC/URC/install/dynamixel_sdk/share/dynamixel_sdk/control_table/xm540_w150.model
[2.351s] -- Up-to-date: /home/ayaan/URC/URC/install/dynamixel_sdk/share/dynamixel_sdk/control_table/xh430_v350.model
[2.352s] -- Up-to-date: /home/ayaan/URC/URC/install/dynamixel_sdk/share/dynamixel_sdk/control_table/xc330_t181_fw52.model
[2.354s] -- Up-to-date: /home/ayaan/URC/URC/install/dynamixel_sdk/share/dynamixel_sdk/control_table/xw430_t200.model
[2.354s] -- Up-to-date: /home/ayaan/URC/URC/install/dynamixel_sdk/share/dynamixel_sdk/control_table/ym080_230_b001.model
[2.355s] -- Up-to-date: /home/ayaan/URC/URC/install/dynamixel_sdk/share/dynamixel_sdk/control_table/xh540_w150.model
[2.355s] -- Up-to-date: /home/ayaan/URC/URC/install/dynamixel_sdk/share/dynamixel_sdk/control_table/ph42_020_s300.model
[2.355s] -- Up-to-date: /home/ayaan/URC/URC/install/dynamixel_sdk/share/dynamixel_sdk/control_table/xm430_w350.model
[2.356s] -- Up-to-date: /home/ayaan/URC/URC/install/dynamixel_sdk/share/dynamixel_sdk/control_table/xd540_t150.model
[2.356s] -- Up-to-date: /home/ayaan/URC/URC/install/dynamixel_sdk/share/dynamixel_sdk/control_table/h54_200_s500_ra.model
[2.356s] -- Up-to-date: /home/ayaan/URC/URC/install/dynamixel_sdk/share/dynamixel_sdk/control_table/dynamixel.model
[2.357s] -- Up-to-date: /home/ayaan/URC/URC/install/dynamixel_sdk/share/dynamixel_sdk/control_table/ph54_200_s500.model
[2.357s] -- Up-to-date: /home/ayaan/URC/URC/install/dynamixel_sdk/share/dynamixel_sdk/control_table/xd430_t210.model
[2.357s] -- Up-to-date: /home/ayaan/URC/URC/install/dynamixel_sdk/share/dynamixel_sdk/control_table/2xl430_w250.model
[2.359s] -- Up-to-date: /home/ayaan/URC/URC/install/dynamixel_sdk/share/dynamixel_sdk/control_table/xc330_m181.model
[2.359s] -- Up-to-date: /home/ayaan/URC/URC/install/dynamixel_sdk/share/dynamixel_sdk/control_table/xd430_t350.model
[2.359s] -- Up-to-date: /home/ayaan/URC/URC/install/dynamixel_sdk/share/dynamixel_sdk/control_table/xh430_w210.model
[2.360s] -- Up-to-date: /home/ayaan/URC/URC/install/dynamixel_sdk/share/dynamixel_sdk/control_table/ym080_230_r099.model
[2.361s] -- Up-to-date: /home/ayaan/URC/URC/install/dynamixel_sdk/share/dynamixel_sdk/control_table/m42_10_s260_ra.model
[2.362s] -- Up-to-date: /home/ayaan/URC/URC/install/dynamixel_sdk/share/dynamixel_sdk/control_table/xc330_m288.model
[2.362s] -- Up-to-date: /home/ayaan/URC/URC/install/dynamixel_sdk/share/dynamixel_sdk/control_table/xc330_t181.model
[2.362s] -- Up-to-date: /home/ayaan/URC/URC/install/dynamixel_sdk/share/dynamixel_sdk/control_table/ym070_210_r099.model
[2.363s] -- Up-to-date: /home/ayaan/URC/URC/install/dynamixel_sdk/share/dynamixel_sdk/control_table/ym080_230_r051.model
[2.363s] -- Up-to-date: /home/ayaan/URC/URC/install/dynamixel_sdk/share/dynamixel_sdk/environment/pythonpath.sh
[2.363s] -- Up-to-date: /home/ayaan/URC/URC/install/dynamixel_sdk/share/dynamixel_sdk/environment/pythonpath.dsv
[2.364s] -- Up-to-date: /home/ayaan/URC/URC/install/dynamixel_sdk/lib/python3.12/site-packages/dynamixel_sdk-4.0.3-py3.12.egg-info
[2.364s] -- Installing: /home/ayaan/URC/URC/install/dynamixel_sdk/lib/python3.12/site-packages/dynamixel_sdk-4.0.3-py3.12.egg-info/top_level.txt
[2.364s] -- Installing: /home/ayaan/URC/URC/install/dynamixel_sdk/lib/python3.12/site-packages/dynamixel_sdk-4.0.3-py3.12.egg-info/dependency_links.txt
[2.364s] -- Installing: /home/ayaan/URC/URC/install/dynamixel_sdk/lib/python3.12/site-packages/dynamixel_sdk-4.0.3-py3.12.egg-info/PKG-INFO
[2.365s] -- Installing: /home/ayaan/URC/URC/install/dynamixel_sdk/lib/python3.12/site-packages/dynamixel_sdk-4.0.3-py3.12.egg-info/SOURCES.txt
[2.365s] -- Up-to-date: /home/ayaan/URC/URC/install/dynamixel_sdk/lib/python3.12/site-packages/dynamixel_sdk
[2.365s] -- Up-to-date: /home/ayaan/URC/URC/install/dynamixel_sdk/lib/python3.12/site-packages/dynamixel_sdk/group_sync_write.py
[2.444s] -- Up-to-date: /home/ayaan/URC/URC/install/dynamixel_sdk/lib/python3.12/site-packages/dynamixel_sdk/group_fast_bulk_read.cpp
[2.447s] -- Up-to-date: /home/ayaan/URC/URC/install/dynamixel_sdk/lib/python3.12/site-packages/dynamixel_sdk/group_bulk_write.py
[2.447s] -- Up-to-date: /home/ayaan/URC/URC/install/dynamixel_sdk/lib/python3.12/site-packages/dynamixel_sdk/group_sync_read.cpp
[2.451s] -- Up-to-date: /home/ayaan/URC/URC/install/dynamixel_sdk/lib/python3.12/site-packages/dynamixel_sdk/port_handler.cpp
[2.453s] -- Up-to-date: /home/ayaan/URC/URC/install/dynamixel_sdk/lib/python3.12/site-packages/dynamixel_sdk/protocol1_packet_handler.cpp
[2.453s] -- Up-to-date: /home/ayaan/URC/URC/install/dynamixel_sdk/lib/python3.12/site-packages/dynamixel_sdk/port_handler.py
[2.453s] -- Up-to-date: /home/ayaan/URC/URC/install/dynamixel_sdk/lib/python3.12/site-packages/dynamixel_sdk/packet_handler.py
[2.453s] -- Up-to-date: /home/ayaan/URC/URC/install/dynamixel_sdk/lib/python3.12/site-packages/dynamixel_sdk/robotis_def.py
[2.454s] -- Up-to-date: /home/ayaan/URC/URC/install/dynamixel_sdk/lib/python3.12/site-packages/dynamixel_sdk/port_handler_arduino.cpp
[2.454s] -- Up-to-date: /home/ayaan/URC/URC/install/dynamixel_sdk/lib/python3.12/site-packages/dynamixel_sdk/group_bulk_write.cpp
[2.454s] -- Up-to-date: /home/ayaan/URC/URC/install/dynamixel_sdk/lib/python3.12/site-packages/dynamixel_sdk/protocol2_packet_handler.cpp
[2.454s] -- Up-to-date: /home/ayaan/URC/URC/install/dynamixel_sdk/lib/python3.12/site-packages/dynamixel_sdk/group_bulk_read.py
[2.454s] -- Up-to-date: /home/ayaan/URC/URC/install/dynamixel_sdk/lib/python3.12/site-packages/dynamixel_sdk/protocol2_packet_handler.py
[2.455s] -- Up-to-date: /home/ayaan/URC/URC/install/dynamixel_sdk/lib/python3.12/site-packages/dynamixel_sdk/group_fast_sync_read.cpp
[2.455s] -- Up-to-date: /home/ayaan/URC/URC/install/dynamixel_sdk/lib/python3.12/site-packages/dynamixel_sdk/group_bulk_read.cpp
[2.455s] -- Up-to-date: /home/ayaan/URC/URC/install/dynamixel_sdk/lib/python3.12/site-packages/dynamixel_sdk/packet_handler.cpp
[2.455s] -- Up-to-date: /home/ayaan/URC/URC/install/dynamixel_sdk/lib/python3.12/site-packages/dynamixel_sdk/protocol1_packet_handler.py
[2.456s] -- Up-to-date: /home/ayaan/URC/URC/install/dynamixel_sdk/lib/python3.12/site-packages/dynamixel_sdk/__init__.py
[2.456s] -- Up-to-date: /home/ayaan/URC/URC/install/dynamixel_sdk/lib/python3.12/site-packages/dynamixel_sdk/group_sync_write.cpp
[2.456s] -- Up-to-date: /home/ayaan/URC/URC/install/dynamixel_sdk/lib/python3.12/site-packages/dynamixel_sdk/port_handler_linux.cpp
[2.456s] -- Up-to-date: /home/ayaan/URC/URC/install/dynamixel_sdk/lib/python3.12/site-packages/dynamixel_sdk/port_handler_mac.cpp
[2.456s] -- Up-to-date: /home/ayaan/URC/URC/install/dynamixel_sdk/lib/python3.12/site-packages/dynamixel_sdk/group_sync_read.py
[2.457s] -- Up-to-date: /home/ayaan/URC/URC/install/dynamixel_sdk/lib/python3.12/site-packages/dynamixel_sdk/group_handler.cpp
[2.457s] -- Up-to-date: /home/ayaan/URC/URC/install/dynamixel_sdk/lib/python3.12/site-packages/dynamixel_sdk/port_handler_windows.cpp
[2.533s] Listing '/home/ayaan/URC/URC/install/dynamixel_sdk/lib/python3.12/site-packages/dynamixel_sdk'...
[2.534s] -- Up-to-date: /home/ayaan/URC/URC/install/dynamixel_sdk/lib/python3.12/site-packages/dynamixel_easy_sdk-4.0.3-py3.12.egg-info
[2.534s] -- Installing: /home/ayaan/URC/URC/install/dynamixel_sdk/lib/python3.12/site-packages/dynamixel_easy_sdk-4.0.3-py3.12.egg-info/top_level.txt
[2.535s] -- Installing: /home/ayaan/URC/URC/install/dynamixel_sdk/lib/python3.12/site-packages/dynamixel_easy_sdk-4.0.3-py3.12.egg-info/dependency_links.txt
[2.535s] -- Installing: /home/ayaan/URC/URC/install/dynamixel_sdk/lib/python3.12/site-packages/dynamixel_easy_sdk-4.0.3-py3.12.egg-info/PKG-INFO
[2.535s] -- Installing: /home/ayaan/URC/URC/install/dynamixel_sdk/lib/python3.12/site-packages/dynamixel_easy_sdk-4.0.3-py3.12.egg-info/SOURCES.txt
[2.535s] -- Up-to-date: /home/ayaan/URC/URC/install/dynamixel_sdk/lib/python3.12/site-packages/dynamixel_easy_sdk
[2.536s] -- Up-to-date: /home/ayaan/URC/URC/install/dynamixel_sdk/lib/python3.12/site-packages/dynamixel_easy_sdk/group_executor.cpp
[2.536s] -- Up-to-date: /home/ayaan/URC/URC/install/dynamixel_sdk/lib/python3.12/site-packages/dynamixel_easy_sdk/dynamixel_error.py
[2.536s] -- Up-to-date: /home/ayaan/URC/URC/install/dynamixel_sdk/lib/python3.12/site-packages/dynamixel_easy_sdk/control_table.py
[2.536s] -- Up-to-date: /home/ayaan/URC/URC/install/dynamixel_sdk/lib/python3.12/site-packages/dynamixel_easy_sdk/group_executor.py
[2.536s] -- Up-to-date: /home/ayaan/URC/URC/install/dynamixel_sdk/lib/python3.12/site-packages/dynamixel_easy_sdk/control_table.cpp
[2.537s] -- Up-to-date: /home/ayaan/URC/URC/install/dynamixel_sdk/lib/python3.12/site-packages/dynamixel_easy_sdk/dynamixel_error.cpp
[2.537s] -- Up-to-date: /home/ayaan/URC/URC/install/dynamixel_sdk/lib/python3.12/site-packages/dynamixel_easy_sdk/motor.py
[2.537s] -- Up-to-date: /home/ayaan/URC/URC/install/dynamixel_sdk/lib/python3.12/site-packages/dynamixel_easy_sdk/__init__.py
[2.537s] -- Up-to-date: /home/ayaan/URC/URC/install/dynamixel_sdk/lib/python3.12/site-packages/dynamixel_easy_sdk/data_types.py
[2.538s] -- Up-to-date: /home/ayaan/URC/URC/install/dynamixel_sdk/lib/python3.12/site-packages/dynamixel_easy_sdk/connector.cpp
[2.538s] -- Up-to-date: /home/ayaan/URC/URC/install/dynamixel_sdk/lib/python3.12/site-packages/dynamixel_easy_sdk/connector.py
[2.538s] -- Up-to-date: /home/ayaan/URC/URC/install/dynamixel_sdk/lib/python3.12/site-packages/dynamixel_easy_sdk/motor.cpp
[2.676s] Listing '/home/ayaan/URC/URC/install/dynamixel_sdk/lib/python3.12/site-packages/dynamixel_easy_sdk'...
[2.695s] -- Up-to-date: /home/ayaan/URC/URC/install/dynamixel_sdk/share/dynamixel_sdk/environment/library_path.sh
[2.696s] -- Up-to-date: /home/ayaan/URC/URC/install/dynamixel_sdk/share/dynamixel_sdk/environment/library_path.dsv
[2.696s] -- Up-to-date: /home/ayaan/URC/URC/install/dynamixel_sdk/share/ament_index/resource_index/package_run_dependencies/dynamixel_sdk
[2.696s] -- Up-to-date: /home/ayaan/URC/URC/install/dynamixel_sdk/share/ament_index/resource_index/parent_prefix_path/dynamixel_sdk
[2.696s] -- Up-to-date: /home/ayaan/URC/URC/install/dynamixel_sdk/share/dynamixel_sdk/environment/ament_prefix_path.sh
[2.697s] -- Up-to-date: /home/ayaan/URC/URC/install/dynamixel_sdk/share/dynamixel_sdk/environment/ament_prefix_path.dsv
[2.698s] -- Up-to-date: /home/ayaan/URC/URC/install/dynamixel_sdk/share/dynamixel_sdk/environment/path.sh
[2.698s] -- Up-to-date: /home/ayaan/URC/URC/install/dynamixel_sdk/share/dynamixel_sdk/environment/path.dsv
[2.698s] -- Up-to-date: /home/ayaan/URC/URC/install/dynamixel_sdk/share/dynamixel_sdk/local_setup.bash
[2.698s] -- Up-to-date: /home/ayaan/URC/URC/install/dynamixel_sdk/share/dynamixel_sdk/local_setup.sh
[2.698s] -- Up-to-date: /home/ayaan/URC/URC/install/dynamixel_sdk/share/dynamixel_sdk/local_setup.zsh
[2.699s] -- Up-to-date: /home/ayaan/URC/URC/install/dynamixel_sdk/share/dynamixel_sdk/local_setup.dsv
[2.699s] -- Installing: /home/ayaan/URC/URC/install/dynamixel_sdk/share/dynamixel_sdk/package.dsv
[2.699s] -- Up-to-date: /home/ayaan/URC/URC/install/dynamixel_sdk/share/ament_index/resource_index/packages/dynamixel_sdk
[2.699s] -- Up-to-date: /home/ayaan/URC/URC/install/dynamixel_sdk/share/dynamixel_sdk/cmake/dynamixel_sdkExport.cmake
[2.699s] -- Up-to-date: /home/ayaan/URC/URC/install/dynamixel_sdk/share/dynamixel_sdk/cmake/dynamixel_sdkExport-noconfig.cmake
[2.700s] -- Up-to-date: /home/ayaan/URC/URC/install/dynamixel_sdk/share/dynamixel_sdk/cmake/ament_cmake_export_targets-extras.cmake
[2.700s] -- Up-to-date: /home/ayaan/URC/URC/install/dynamixel_sdk/share/dynamixel_sdk/cmake/ament_cmake_export_include_directories-extras.cmake
[2.700s] -- Up-to-date: /home/ayaan/URC/URC/install/dynamixel_sdk/share/dynamixel_sdk/cmake/ament_cmake_export_libraries-extras.cmake
[2.701s] -- Up-to-date: /home/ayaan/URC/URC/install/dynamixel_sdk/share/dynamixel_sdk/cmake/dynamixel_sdkConfig.cmake
[2.701s] -- Up-to-date: /home/ayaan/URC/URC/install/dynamixel_sdk/share/dynamixel_sdk/cmake/dynamixel_sdkConfig-version.cmake
[2.701s] -- Up-to-date: /home/ayaan/URC/URC/install/dynamixel_sdk/share/dynamixel_sdk/package.xml
[2.795s] Invoked command in '/home/ayaan/URC/URC/build/dynamixel_sdk' returned '0': CMAKE_PREFIX_PATH=${CMAKE_PREFIX_PATH}:/home/ayaan/imprimis/imprimis_ws/install/utils:/home/ayaan/imprimis/imprimis_ws/install/map_goal_to_odom:/home/ayaan/imprimis/imprimis_ws/install/gps_nav_bridge:/opt/ros/jazzy DEBUGINFOD_URLS=https://debuginfod.ubuntu.com /usr/bin/cmake --install /home/ayaan/URC/URC/build/dynamixel_sdk
