[1.777s] Invoking command in '/home/adam/URC/urc_ws_interbotix/src/interbotix_common_modules': PYTHONPATH=/home/adam/URC/build/interbotix_common_modules/prefix_override:/usr/lib/python3/dist-packages/colcon_core/task/python/colcon_distutils_commands:/home/adam/URC/install/interbotix_common_modules/lib/python3.8/site-packages:${PYTHONPATH} /usr/bin/python3 -W ignore:setup.py install is deprecated -W ignore:easy_install command is deprecated setup.py egg_info --egg-base ../../../build/interbotix_common_modules build --build-base /home/adam/URC/build/interbotix_common_modules/build install --record /home/adam/URC/build/interbotix_common_modules/install.log --single-version-externally-managed install_data
[2.194s] running egg_info
[2.195s] creating ../../../build/interbotix_common_modules/interbotix_common_modules.egg-info
[2.195s] writing ../../../build/interbotix_common_modules/interbotix_common_modules.egg-info/PKG-INFO
[2.195s] writing dependency_links to ../../../build/interbotix_common_modules/interbotix_common_modules.egg-info/dependency_links.txt
[2.196s] writing entry points to ../../../build/interbotix_common_modules/interbotix_common_modules.egg-info/entry_points.txt
[2.196s] writing requirements to ../../../build/interbotix_common_modules/interbotix_common_modules.egg-info/requires.txt
[2.196s] writing top-level names to ../../../build/interbotix_common_modules/interbotix_common_modules.egg-info/top_level.txt
[2.198s] writing manifest file '../../../build/interbotix_common_modules/interbotix_common_modules.egg-info/SOURCES.txt'
[2.263s] reading manifest file '../../../build/interbotix_common_modules/interbotix_common_modules.egg-info/SOURCES.txt'
[2.264s] writing manifest file '../../../build/interbotix_common_modules/interbotix_common_modules.egg-info/SOURCES.txt'
[2.264s] running build
[2.264s] running build_py
[2.265s] creating /home/adam/URC/build/interbotix_common_modules/build
[2.265s] creating /home/adam/URC/build/interbotix_common_modules/build/lib
[2.265s] creating /home/adam/URC/build/interbotix_common_modules/build/lib/interbotix_common_modules
[2.265s] copying interbotix_common_modules/__init__.py -> /home/adam/URC/build/interbotix_common_modules/build/lib/interbotix_common_modules
[2.265s] creating /home/adam/URC/build/interbotix_common_modules/build/lib/interbotix_common_modules/angle_manipulation
[2.266s] copying interbotix_common_modules/angle_manipulation/__init__.py -> /home/adam/URC/build/interbotix_common_modules/build/lib/interbotix_common_modules/angle_manipulation
[2.266s] copying interbotix_common_modules/angle_manipulation/angle_manipulation.py -> /home/adam/URC/build/interbotix_common_modules/build/lib/interbotix_common_modules/angle_manipulation
[2.266s] creating /home/adam/URC/build/interbotix_common_modules/build/lib/interbotix_common_modules/common_robot
[2.266s] copying interbotix_common_modules/common_robot/__init__.py -> /home/adam/URC/build/interbotix_common_modules/build/lib/interbotix_common_modules/common_robot
[2.266s] copying interbotix_common_modules/common_robot/exceptions.py -> /home/adam/URC/build/interbotix_common_modules/build/lib/interbotix_common_modules/common_robot
[2.266s] copying interbotix_common_modules/common_robot/robot.py -> /home/adam/URC/build/interbotix_common_modules/build/lib/interbotix_common_modules/common_robot
[2.267s] creating /home/adam/URC/build/interbotix_common_modules/build/lib/interbotix_common_modules/launch
[2.267s] copying interbotix_common_modules/launch/and_condition.py -> /home/adam/URC/build/interbotix_common_modules/build/lib/interbotix_common_modules/launch
[2.267s] copying interbotix_common_modules/launch/__init__.py -> /home/adam/URC/build/interbotix_common_modules/build/lib/interbotix_common_modules/launch
[2.267s] copying interbotix_common_modules/launch/or_condition.py -> /home/adam/URC/build/interbotix_common_modules/build/lib/interbotix_common_modules/launch
[2.267s] creating /home/adam/URC/build/interbotix_common_modules/build/lib/interbotix_common_modules/py_common
[2.268s] copying interbotix_common_modules/py_common/__init__.py -> /home/adam/URC/build/interbotix_common_modules/build/lib/interbotix_common_modules/py_common
[2.268s] copying interbotix_common_modules/py_common/params.py -> /home/adam/URC/build/interbotix_common_modules/build/lib/interbotix_common_modules/py_common
[2.268s] running install
[2.269s] running install_lib
[2.270s] creating /home/adam/URC/install/interbotix_common_modules/lib/python3.8/site-packages/interbotix_common_modules
[2.270s] creating /home/adam/URC/install/interbotix_common_modules/lib/python3.8/site-packages/interbotix_common_modules/angle_manipulation
[2.271s] copying /home/adam/URC/build/interbotix_common_modules/build/lib/interbotix_common_modules/angle_manipulation/__init__.py -> /home/adam/URC/install/interbotix_common_modules/lib/python3.8/site-packages/interbotix_common_modules/angle_manipulation
[2.272s] copying /home/adam/URC/build/interbotix_common_modules/build/lib/interbotix_common_modules/angle_manipulation/angle_manipulation.py -> /home/adam/URC/install/interbotix_common_modules/lib/python3.8/site-packages/interbotix_common_modules/angle_manipulation
[2.272s] creating /home/adam/URC/install/interbotix_common_modules/lib/python3.8/site-packages/interbotix_common_modules/common_robot
[2.272s] copying /home/adam/URC/build/interbotix_common_modules/build/lib/interbotix_common_modules/common_robot/__init__.py -> /home/adam/URC/install/interbotix_common_modules/lib/python3.8/site-packages/interbotix_common_modules/common_robot
[2.272s] copying /home/adam/URC/build/interbotix_common_modules/build/lib/interbotix_common_modules/common_robot/exceptions.py -> /home/adam/URC/install/interbotix_common_modules/lib/python3.8/site-packages/interbotix_common_modules/common_robot
[2.272s] copying /home/adam/URC/build/interbotix_common_modules/build/lib/interbotix_common_modules/common_robot/robot.py -> /home/adam/URC/install/interbotix_common_modules/lib/python3.8/site-packages/interbotix_common_modules/common_robot
[2.272s] copying /home/adam/URC/build/interbotix_common_modules/build/lib/interbotix_common_modules/__init__.py -> /home/adam/URC/install/interbotix_common_modules/lib/python3.8/site-packages/interbotix_common_modules
[2.273s] creating /home/adam/URC/install/interbotix_common_modules/lib/python3.8/site-packages/interbotix_common_modules/launch
[2.273s] copying /home/adam/URC/build/interbotix_common_modules/build/lib/interbotix_common_modules/launch/and_condition.py -> /home/adam/URC/install/interbotix_common_modules/lib/python3.8/site-packages/interbotix_common_modules/launch
[2.273s] copying /home/adam/URC/build/interbotix_common_modules/build/lib/interbotix_common_modules/launch/__init__.py -> /home/adam/URC/install/interbotix_common_modules/lib/python3.8/site-packages/interbotix_common_modules/launch
[2.273s] copying /home/adam/URC/build/interbotix_common_modules/build/lib/interbotix_common_modules/launch/or_condition.py -> /home/adam/URC/install/interbotix_common_modules/lib/python3.8/site-packages/interbotix_common_modules/launch
[2.273s] creating /home/adam/URC/install/interbotix_common_modules/lib/python3.8/site-packages/interbotix_common_modules/py_common
[2.273s] copying /home/adam/URC/build/interbotix_common_modules/build/lib/interbotix_common_modules/py_common/__init__.py -> /home/adam/URC/install/interbotix_common_modules/lib/python3.8/site-packages/interbotix_common_modules/py_common
[2.273s] copying /home/adam/URC/build/interbotix_common_modules/build/lib/interbotix_common_modules/py_common/params.py -> /home/adam/URC/install/interbotix_common_modules/lib/python3.8/site-packages/interbotix_common_modules/py_common
[2.274s] byte-compiling /home/adam/URC/install/interbotix_common_modules/lib/python3.8/site-packages/interbotix_common_modules/angle_manipulation/__init__.py to __init__.cpython-38.pyc
[2.276s] byte-compiling /home/adam/URC/install/interbotix_common_modules/lib/python3.8/site-packages/interbotix_common_modules/angle_manipulation/angle_manipulation.py to angle_manipulation.cpython-38.pyc
[2.277s] byte-compiling /home/adam/URC/install/interbotix_common_modules/lib/python3.8/site-packages/interbotix_common_modules/common_robot/__init__.py to __init__.cpython-38.pyc
[2.278s] byte-compiling /home/adam/URC/install/interbotix_common_modules/lib/python3.8/site-packages/interbotix_common_modules/common_robot/exceptions.py to exceptions.cpython-38.pyc
[2.278s] byte-compiling /home/adam/URC/install/interbotix_common_modules/lib/python3.8/site-packages/interbotix_common_modules/common_robot/robot.py to robot.cpython-38.pyc
[2.280s] byte-compiling /home/adam/URC/install/interbotix_common_modules/lib/python3.8/site-packages/interbotix_common_modules/__init__.py to __init__.cpython-38.pyc
[2.280s] byte-compiling /home/adam/URC/install/interbotix_common_modules/lib/python3.8/site-packages/interbotix_common_modules/launch/and_condition.py to and_condition.cpython-38.pyc
[2.281s] byte-compiling /home/adam/URC/install/interbotix_common_modules/lib/python3.8/site-packages/interbotix_common_modules/launch/__init__.py to __init__.cpython-38.pyc
[2.282s] byte-compiling /home/adam/URC/install/interbotix_common_modules/lib/python3.8/site-packages/interbotix_common_modules/launch/or_condition.py to or_condition.cpython-38.pyc
[2.283s] byte-compiling /home/adam/URC/install/interbotix_common_modules/lib/python3.8/site-packages/interbotix_common_modules/py_common/__init__.py to __init__.cpython-38.pyc
[2.283s] byte-compiling /home/adam/URC/install/interbotix_common_modules/lib/python3.8/site-packages/interbotix_common_modules/py_common/params.py to params.cpython-38.pyc
[2.284s] running install_data
[2.284s] creating /home/adam/URC/install/interbotix_common_modules/share/ament_index
[2.285s] creating /home/adam/URC/install/interbotix_common_modules/share/ament_index/resource_index
[2.285s] creating /home/adam/URC/install/interbotix_common_modules/share/ament_index/resource_index/packages
[2.285s] copying resource/interbotix_common_modules -> /home/adam/URC/install/interbotix_common_modules/share/ament_index/resource_index/packages
[2.286s] copying package.xml -> /home/adam/URC/install/interbotix_common_modules/share/interbotix_common_modules
[2.286s] running install_egg_info
[2.289s] Copying ../../../build/interbotix_common_modules/interbotix_common_modules.egg-info to /home/adam/URC/install/interbotix_common_modules/lib/python3.8/site-packages/interbotix_common_modules-0.0.0-py3.8.egg-info
[2.290s] running install_scripts
[2.355s] writing list of installed files to '/home/adam/URC/build/interbotix_common_modules/install.log'
[2.406s] Invoked command in '/home/adam/URC/urc_ws_interbotix/src/interbotix_common_modules' returned '0': PYTHONPATH=/home/adam/URC/build/interbotix_common_modules/prefix_override:/usr/lib/python3/dist-packages/colcon_core/task/python/colcon_distutils_commands:/home/adam/URC/install/interbotix_common_modules/lib/python3.8/site-packages:${PYTHONPATH} /usr/bin/python3 -W ignore:setup.py install is deprecated -W ignore:easy_install command is deprecated setup.py egg_info --egg-base ../../../build/interbotix_common_modules build --build-base /home/adam/URC/build/interbotix_common_modules/build install --record /home/adam/URC/build/interbotix_common_modules/install.log --single-version-externally-managed install_data
