[0.635s] Invoking command in '/home/admin1/URC/build/interbotix_xs_msgs': CMAKE_PREFIX_PATH=${CMAKE_PREFIX_PATH}:/home/admin1/URC/install/modern_robotics:/home/admin1/URC/install/interbotix_xs_modules:/home/admin1/URC/install/interbotix_common_modules:/home/admin1/URC/install/IMU_control:/opt/ros/jazzy DEBUGINFOD_URLS=https://debuginfod.ubuntu.com /usr/bin/cmake --build /home/admin1/URC/build/interbotix_xs_msgs -- -j4 -l4
[7.736s] [  0%] Built target interbotix_xs_msgs__rosidl_generator_type_description
[7.749s] [  0%] Built target ament_cmake_python_copy_interbotix_xs_msgs
[7.758s] [ 27%] Built target interbotix_xs_msgs__rosidl_generator_c
[11.391s] running egg_info
[11.818s] writing interbotix_xs_msgs.egg-info/PKG-INFO
[11.838s] writing dependency_links to interbotix_xs_msgs.egg-info/dependency_links.txt
[11.852s] writing top-level names to interbotix_xs_msgs.egg-info/top_level.txt
[13.412s] reading manifest file 'interbotix_xs_msgs.egg-info/SOURCES.txt'
[13.444s] writing manifest file 'interbotix_xs_msgs.egg-info/SOURCES.txt'
[14.072s] [ 27%] Built target ament_cmake_python_build_interbotix_xs_msgs_egg
[14.729s] [ 37%] Built target interbotix_xs_msgs__rosidl_typesupport_introspection_c
[15.366s] [ 47%] Built target interbotix_xs_msgs__rosidl_typesupport_c
[16.119s] [ 57%] Built target interbotix_xs_msgs__rosidl_typesupport_fastrtps_c
[16.694s] [ 57%] Built target interbotix_xs_msgs__cpp
[17.222s] [ 67%] Built target interbotix_xs_msgs__rosidl_typesupport_cpp
[17.711s] [ 77%] Built target interbotix_xs_msgs__rosidl_typesupport_introspection_cpp
[18.274s] [ 86%] Built target interbotix_xs_msgs__rosidl_typesupport_fastrtps_cpp
[18.572s] [ 86%] Built target interbotix_xs_msgs
[19.086s] [ 87%] Built target interbotix_xs_msgs__py
[19.677s] [ 96%] Built target interbotix_xs_msgs__rosidl_generator_py
[20.213s] [ 97%] Built target interbotix_xs_msgs_s__rosidl_typesupport_fastrtps_c
[20.461s] [ 98%] Built target interbotix_xs_msgs_s__rosidl_typesupport_c
[20.754s] [100%] Built target interbotix_xs_msgs_s__rosidl_typesupport_introspection_c
[21.162s] Invoked command in '/home/admin1/URC/build/interbotix_xs_msgs' returned '0': CMAKE_PREFIX_PATH=${CMAKE_PREFIX_PATH}:/home/admin1/URC/install/modern_robotics:/home/admin1/URC/install/interbotix_xs_modules:/home/admin1/URC/install/interbotix_common_modules:/home/admin1/URC/install/IMU_control:/opt/ros/jazzy DEBUGINFOD_URLS=https://debuginfod.ubuntu.com /usr/bin/cmake --build /home/admin1/URC/build/interbotix_xs_msgs -- -j4 -l4
[21.182s] Invoking command in '/home/admin1/URC/build/interbotix_xs_msgs': CMAKE_PREFIX_PATH=${CMAKE_PREFIX_PATH}:/home/admin1/URC/install/modern_robotics:/home/admin1/URC/install/interbotix_xs_modules:/home/admin1/URC/install/interbotix_common_modules:/home/admin1/URC/install/IMU_control:/opt/ros/jazzy DEBUGINFOD_URLS=https://debuginfod.ubuntu.com /usr/bin/cmake --install /home/admin1/URC/build/interbotix_xs_msgs
[21.364s] -- Install configuration: ""
[21.383s] -- Up-to-date: /home/admin1/URC/install/interbotix_xs_msgs/share/ament_index/resource_index/rosidl_interfaces/interbotix_xs_msgs
[21.400s] -- Up-to-date: /home/admin1/URC/install/interbotix_xs_msgs/share/interbotix_xs_msgs/msg/ArmJoy.json
[21.433s] -- Up-to-date: /home/admin1/URC/install/interbotix_xs_msgs/share/interbotix_xs_msgs/msg/HexJoy.json
[21.435s] -- Up-to-date: /home/admin1/URC/install/interbotix_xs_msgs/share/interbotix_xs_msgs/msg/JointGroupCommand.json
[21.441s] -- Up-to-date: /home/admin1/URC/install/interbotix_xs_msgs/share/interbotix_xs_msgs/msg/JointSingleCommand.json
[21.454s] -- Up-to-date: /home/admin1/URC/install/interbotix_xs_msgs/share/interbotix_xs_msgs/msg/JointTemps.json
[21.464s] -- Up-to-date: /home/admin1/URC/install/interbotix_xs_msgs/share/interbotix_xs_msgs/msg/JointTrajectoryCommand.json
[21.483s] -- Up-to-date: /home/admin1/URC/install/interbotix_xs_msgs/share/interbotix_xs_msgs/msg/LocobotJoy.json
[21.484s] -- Up-to-date: /home/admin1/URC/install/interbotix_xs_msgs/share/interbotix_xs_msgs/msg/TurretJoy.json
[21.484s] -- Up-to-date: /home/admin1/URC/install/interbotix_xs_msgs/share/interbotix_xs_msgs/srv/MotorGains.json
[21.494s] -- Up-to-date: /home/admin1/URC/install/interbotix_xs_msgs/share/interbotix_xs_msgs/srv/OperatingModes.json
[21.495s] -- Up-to-date: /home/admin1/URC/install/interbotix_xs_msgs/share/interbotix_xs_msgs/srv/Reboot.json
[21.495s] -- Up-to-date: /home/admin1/URC/install/interbotix_xs_msgs/share/interbotix_xs_msgs/srv/RegisterValues.json
[21.510s] -- Up-to-date: /home/admin1/URC/install/interbotix_xs_msgs/share/interbotix_xs_msgs/srv/RobotInfo.json
[21.516s] -- Up-to-date: /home/admin1/URC/install/interbotix_xs_msgs/share/interbotix_xs_msgs/srv/TorqueEnable.json
[21.521s] -- Up-to-date: /home/admin1/URC/install/interbotix_xs_msgs/include/interbotix_xs_msgs/interbotix_xs_msgs
[21.528s] -- Up-to-date: /home/admin1/URC/install/interbotix_xs_msgs/include/interbotix_xs_msgs/interbotix_xs_msgs/msg
[21.532s] -- Up-to-date: /home/admin1/URC/install/interbotix_xs_msgs/include/interbotix_xs_msgs/interbotix_xs_msgs/msg/joint_temps.h
[21.554s] -- Up-to-date: /home/admin1/URC/install/interbotix_xs_msgs/include/interbotix_xs_msgs/interbotix_xs_msgs/msg/arm_joy.h
[21.558s] -- Up-to-date: /home/admin1/URC/install/interbotix_xs_msgs/include/interbotix_xs_msgs/interbotix_xs_msgs/msg/hex_joy.h
[21.560s] -- Up-to-date: /home/admin1/URC/install/interbotix_xs_msgs/include/interbotix_xs_msgs/interbotix_xs_msgs/msg/joint_trajectory_command.h
[21.571s] -- Up-to-date: /home/admin1/URC/install/interbotix_xs_msgs/include/interbotix_xs_msgs/interbotix_xs_msgs/msg/joint_single_command.h
[21.578s] -- Up-to-date: /home/admin1/URC/install/interbotix_xs_msgs/include/interbotix_xs_msgs/interbotix_xs_msgs/msg/turret_joy.h
[21.580s] -- Up-to-date: /home/admin1/URC/install/interbotix_xs_msgs/include/interbotix_xs_msgs/interbotix_xs_msgs/msg/joint_group_command.h
[21.581s] -- Up-to-date: /home/admin1/URC/install/interbotix_xs_msgs/include/interbotix_xs_msgs/interbotix_xs_msgs/msg/rosidl_generator_c__visibility_control.h
[21.588s] -- Up-to-date: /home/admin1/URC/install/interbotix_xs_msgs/include/interbotix_xs_msgs/interbotix_xs_msgs/msg/detail
[21.589s] -- Up-to-date: /home/admin1/URC/install/interbotix_xs_msgs/include/interbotix_xs_msgs/interbotix_xs_msgs/msg/detail/joint_single_command__type_support.h
[21.597s] -- Up-to-date: /home/admin1/URC/install/interbotix_xs_msgs/include/interbotix_xs_msgs/interbotix_xs_msgs/msg/detail/joint_trajectory_command__functions.c
[21.598s] -- Up-to-date: /home/admin1/URC/install/interbotix_xs_msgs/include/interbotix_xs_msgs/interbotix_xs_msgs/msg/detail/joint_single_command__struct.h
[21.598s] -- Up-to-date: /home/admin1/URC/install/interbotix_xs_msgs/include/interbotix_xs_msgs/interbotix_xs_msgs/msg/detail/joint_single_command__functions.c
[21.599s] -- Up-to-date: /home/admin1/URC/install/interbotix_xs_msgs/include/interbotix_xs_msgs/interbotix_xs_msgs/msg/detail/locobot_joy__description.c
[21.609s] -- Up-to-date: /home/admin1/URC/install/interbotix_xs_msgs/include/interbotix_xs_msgs/interbotix_xs_msgs/msg/detail/joint_temps__type_support.h
[21.609s] -- Up-to-date: /home/admin1/URC/install/interbotix_xs_msgs/include/interbotix_xs_msgs/interbotix_xs_msgs/msg/detail/arm_joy__description.c
[21.610s] -- Up-to-date: /home/admin1/URC/install/interbotix_xs_msgs/include/interbotix_xs_msgs/interbotix_xs_msgs/msg/detail/joint_trajectory_command__functions.h
[21.617s] -- Up-to-date: /home/admin1/URC/install/interbotix_xs_msgs/include/interbotix_xs_msgs/interbotix_xs_msgs/msg/detail/hex_joy__functions.c
[21.631s] -- Installing: /home/admin1/URC/install/interbotix_xs_msgs/include/interbotix_xs_msgs/interbotix_xs_msgs/msg/detail/hex_joy__type_support.c
[21.633s] -- Up-to-date: /home/admin1/URC/install/interbotix_xs_msgs/include/interbotix_xs_msgs/interbotix_xs_msgs/msg/detail/hex_joy__type_support.h
[21.639s] -- Up-to-date: /home/admin1/URC/install/interbotix_xs_msgs/include/interbotix_xs_msgs/interbotix_xs_msgs/msg/detail/joint_group_command__struct.h
[21.645s] -- Up-to-date: /home/admin1/URC/install/interbotix_xs_msgs/include/interbotix_xs_msgs/interbotix_xs_msgs/msg/detail/turret_joy__functions.c
[21.658s] -- Up-to-date: /home/admin1/URC/install/interbotix_xs_msgs/include/interbotix_xs_msgs/interbotix_xs_msgs/msg/detail/joint_temps__functions.c
[21.665s] -- Up-to-date: /home/admin1/URC/install/interbotix_xs_msgs/include/interbotix_xs_msgs/interbotix_xs_msgs/msg/detail/joint_single_command__description.c
[21.666s] -- Up-to-date: /home/admin1/URC/install/interbotix_xs_msgs/include/interbotix_xs_msgs/interbotix_xs_msgs/msg/detail/turret_joy__functions.h
[21.666s] -- Installing: /home/admin1/URC/install/interbotix_xs_msgs/include/interbotix_xs_msgs/interbotix_xs_msgs/msg/detail/turret_joy__type_support.c
[21.676s] -- Up-to-date: /home/admin1/URC/install/interbotix_xs_msgs/include/interbotix_xs_msgs/interbotix_xs_msgs/msg/detail/joint_trajectory_command__type_support.h
[21.677s] -- Up-to-date: /home/admin1/URC/install/interbotix_xs_msgs/include/interbotix_xs_msgs/interbotix_xs_msgs/msg/detail/joint_group_command__type_support.h
[21.678s] -- Up-to-date: /home/admin1/URC/install/interbotix_xs_msgs/include/interbotix_xs_msgs/interbotix_xs_msgs/msg/detail/turret_joy__type_support.h
[21.678s] -- Installing: /home/admin1/URC/install/interbotix_xs_msgs/include/interbotix_xs_msgs/interbotix_xs_msgs/msg/detail/joint_temps__type_support.c
[21.687s] -- Up-to-date: /home/admin1/URC/install/interbotix_xs_msgs/include/interbotix_xs_msgs/interbotix_xs_msgs/msg/detail/joint_group_command__functions.c
[21.691s] -- Up-to-date: /home/admin1/URC/install/interbotix_xs_msgs/include/interbotix_xs_msgs/interbotix_xs_msgs/msg/detail/turret_joy__struct.h
[21.691s] -- Up-to-date: /home/admin1/URC/install/interbotix_xs_msgs/include/interbotix_xs_msgs/interbotix_xs_msgs/msg/detail/joint_temps__functions.h
[21.692s] -- Up-to-date: /home/admin1/URC/install/interbotix_xs_msgs/include/interbotix_xs_msgs/interbotix_xs_msgs/msg/detail/locobot_joy__functions.h
[21.715s] -- Installing: /home/admin1/URC/install/interbotix_xs_msgs/include/interbotix_xs_msgs/interbotix_xs_msgs/msg/detail/joint_group_command__type_support.c
[21.719s] -- Installing: /home/admin1/URC/install/interbotix_xs_msgs/include/interbotix_xs_msgs/interbotix_xs_msgs/msg/detail/locobot_joy__type_support.c
[21.741s] -- Up-to-date: /home/admin1/URC/install/interbotix_xs_msgs/include/interbotix_xs_msgs/interbotix_xs_msgs/msg/detail/joint_trajectory_command__description.c
[21.744s] -- Up-to-date: /home/admin1/URC/install/interbotix_xs_msgs/include/interbotix_xs_msgs/interbotix_xs_msgs/msg/detail/turret_joy__description.c
[21.746s] -- Up-to-date: /home/admin1/URC/install/interbotix_xs_msgs/include/interbotix_xs_msgs/interbotix_xs_msgs/msg/detail/joint_temps__struct.h
[21.747s] -- Up-to-date: /home/admin1/URC/install/interbotix_xs_msgs/include/interbotix_xs_msgs/interbotix_xs_msgs/msg/detail/locobot_joy__type_support.h
[21.750s] -- Up-to-date: /home/admin1/URC/install/interbotix_xs_msgs/include/interbotix_xs_msgs/interbotix_xs_msgs/msg/detail/arm_joy__functions.h
[21.752s] -- Installing: /home/admin1/URC/install/interbotix_xs_msgs/include/interbotix_xs_msgs/interbotix_xs_msgs/msg/detail/arm_joy__type_support.c
[21.757s] -- Up-to-date: /home/admin1/URC/install/interbotix_xs_msgs/include/interbotix_xs_msgs/interbotix_xs_msgs/msg/detail/joint_group_command__description.c
[21.758s] -- Up-to-date: /home/admin1/URC/install/interbotix_xs_msgs/include/interbotix_xs_msgs/interbotix_xs_msgs/msg/detail/locobot_joy__functions.c
[21.760s] -- Up-to-date: /home/admin1/URC/install/interbotix_xs_msgs/include/interbotix_xs_msgs/interbotix_xs_msgs/msg/detail/hex_joy__struct.h
[21.761s] -- Up-to-date: /home/admin1/URC/install/interbotix_xs_msgs/include/interbotix_xs_msgs/interbotix_xs_msgs/msg/detail/arm_joy__type_support.h
[21.763s] -- Up-to-date: /home/admin1/URC/install/interbotix_xs_msgs/include/interbotix_xs_msgs/interbotix_xs_msgs/msg/detail/joint_group_command__functions.h
[21.764s] -- Up-to-date: /home/admin1/URC/install/interbotix_xs_msgs/include/interbotix_xs_msgs/interbotix_xs_msgs/msg/detail/hex_joy__functions.h
[21.777s] -- Up-to-date: /home/admin1/URC/install/interbotix_xs_msgs/include/interbotix_xs_msgs/interbotix_xs_msgs/msg/detail/joint_single_command__functions.h
[21.783s] -- Installing: /home/admin1/URC/install/interbotix_xs_msgs/include/interbotix_xs_msgs/interbotix_xs_msgs/msg/detail/joint_trajectory_command__type_support.c
[21.784s] -- Up-to-date: /home/admin1/URC/install/interbotix_xs_msgs/include/interbotix_xs_msgs/interbotix_xs_msgs/msg/detail/locobot_joy__struct.h
[21.797s] -- Installing: /home/admin1/URC/install/interbotix_xs_msgs/include/interbotix_xs_msgs/interbotix_xs_msgs/msg/detail/joint_single_command__type_support.c
[21.802s] -- Up-to-date: /home/admin1/URC/install/interbotix_xs_msgs/include/interbotix_xs_msgs/interbotix_xs_msgs/msg/detail/hex_joy__description.c
[21.805s] -- Up-to-date: /home/admin1/URC/install/interbotix_xs_msgs/include/interbotix_xs_msgs/interbotix_xs_msgs/msg/detail/arm_joy__struct.h
[21.806s] -- Up-to-date: /home/admin1/URC/install/interbotix_xs_msgs/include/interbotix_xs_msgs/interbotix_xs_msgs/msg/detail/arm_joy__functions.c
[21.808s] -- Up-to-date: /home/admin1/URC/install/interbotix_xs_msgs/include/interbotix_xs_msgs/interbotix_xs_msgs/msg/detail/joint_temps__description.c
[21.809s] -- Up-to-date: /home/admin1/URC/install/interbotix_xs_msgs/include/interbotix_xs_msgs/interbotix_xs_msgs/msg/detail/joint_trajectory_command__struct.h
[21.810s] -- Up-to-date: /home/admin1/URC/install/interbotix_xs_msgs/include/interbotix_xs_msgs/interbotix_xs_msgs/msg/locobot_joy.h
[21.811s] -- Up-to-date: /home/admin1/URC/install/interbotix_xs_msgs/include/interbotix_xs_msgs/interbotix_xs_msgs/srv
[21.811s] -- Up-to-date: /home/admin1/URC/install/interbotix_xs_msgs/include/interbotix_xs_msgs/interbotix_xs_msgs/srv/torque_enable.h
[21.812s] -- Up-to-date: /home/admin1/URC/install/interbotix_xs_msgs/include/interbotix_xs_msgs/interbotix_xs_msgs/srv/reboot.h
[21.813s] -- Up-to-date: /home/admin1/URC/install/interbotix_xs_msgs/include/interbotix_xs_msgs/interbotix_xs_msgs/srv/operating_modes.h
[21.814s] -- Up-to-date: /home/admin1/URC/install/interbotix_xs_msgs/include/interbotix_xs_msgs/interbotix_xs_msgs/srv/register_values.h
[21.815s] -- Up-to-date: /home/admin1/URC/install/interbotix_xs_msgs/include/interbotix_xs_msgs/interbotix_xs_msgs/srv/robot_info.h
[21.816s] -- Up-to-date: /home/admin1/URC/install/interbotix_xs_msgs/include/interbotix_xs_msgs/interbotix_xs_msgs/srv/detail
[21.817s] -- Up-to-date: /home/admin1/URC/install/interbotix_xs_msgs/include/interbotix_xs_msgs/interbotix_xs_msgs/srv/detail/reboot__description.c
[21.819s] -- Up-to-date: /home/admin1/URC/install/interbotix_xs_msgs/include/interbotix_xs_msgs/interbotix_xs_msgs/srv/detail/operating_modes__type_support.h
[21.820s] -- Up-to-date: /home/admin1/URC/install/interbotix_xs_msgs/include/interbotix_xs_msgs/interbotix_xs_msgs/srv/detail/register_values__type_support.h
[21.821s] -- Up-to-date: /home/admin1/URC/install/interbotix_xs_msgs/include/interbotix_xs_msgs/interbotix_xs_msgs/srv/detail/motor_gains__functions.h
[21.823s] -- Installing: /home/admin1/URC/install/interbotix_xs_msgs/include/interbotix_xs_msgs/interbotix_xs_msgs/srv/detail/register_values__type_support.c
[21.826s] -- Up-to-date: /home/admin1/URC/install/interbotix_xs_msgs/include/interbotix_xs_msgs/interbotix_xs_msgs/srv/detail/reboot__functions.c
[21.826s] -- Installing: /home/admin1/URC/install/interbotix_xs_msgs/include/interbotix_xs_msgs/interbotix_xs_msgs/srv/detail/motor_gains__type_support.c
[21.833s] -- Up-to-date: /home/admin1/URC/install/interbotix_xs_msgs/include/interbotix_xs_msgs/interbotix_xs_msgs/srv/detail/reboot__struct.h
[21.835s] -- Up-to-date: /home/admin1/URC/install/interbotix_xs_msgs/include/interbotix_xs_msgs/interbotix_xs_msgs/srv/detail/register_values__description.c
[21.841s] -- Up-to-date: /home/admin1/URC/install/interbotix_xs_msgs/include/interbotix_xs_msgs/interbotix_xs_msgs/srv/detail/robot_info__description.c
[21.855s] -- Installing: /home/admin1/URC/install/interbotix_xs_msgs/include/interbotix_xs_msgs/interbotix_xs_msgs/srv/detail/robot_info__type_support.c
[21.872s] -- Up-to-date: /home/admin1/URC/install/interbotix_xs_msgs/include/interbotix_xs_msgs/interbotix_xs_msgs/srv/detail/operating_modes__struct.h
[21.891s] -- Up-to-date: /home/admin1/URC/install/interbotix_xs_msgs/include/interbotix_xs_msgs/interbotix_xs_msgs/srv/detail/torque_enable__description.c
[21.909s] -- Up-to-date: /home/admin1/URC/install/interbotix_xs_msgs/include/interbotix_xs_msgs/interbotix_xs_msgs/srv/detail/operating_modes__description.c
[21.910s] -- Up-to-date: /home/admin1/URC/install/interbotix_xs_msgs/include/interbotix_xs_msgs/interbotix_xs_msgs/srv/detail/register_values__functions.h
[21.911s] -- Up-to-date: /home/admin1/URC/install/interbotix_xs_msgs/include/interbotix_xs_msgs/interbotix_xs_msgs/srv/detail/motor_gains__description.c
[21.920s] -- Up-to-date: /home/admin1/URC/install/interbotix_xs_msgs/include/interbotix_xs_msgs/interbotix_xs_msgs/srv/detail/reboot__type_support.h
[21.921s] -- Up-to-date: /home/admin1/URC/install/interbotix_xs_msgs/include/interbotix_xs_msgs/interbotix_xs_msgs/srv/detail/robot_info__functions.h
[21.931s] -- Up-to-date: /home/admin1/URC/install/interbotix_xs_msgs/include/interbotix_xs_msgs/interbotix_xs_msgs/srv/detail/torque_enable__functions.h
[21.945s] -- Up-to-date: /home/admin1/URC/install/interbotix_xs_msgs/include/interbotix_xs_msgs/interbotix_xs_msgs/srv/detail/torque_enable__type_support.h
[21.961s] -- Installing: /home/admin1/URC/install/interbotix_xs_msgs/include/interbotix_xs_msgs/interbotix_xs_msgs/srv/detail/torque_enable__type_support.c
[21.970s] -- Up-to-date: /home/admin1/URC/install/interbotix_xs_msgs/include/interbotix_xs_msgs/interbotix_xs_msgs/srv/detail/operating_modes__functions.c
[21.977s] -- Up-to-date: /home/admin1/URC/install/interbotix_xs_msgs/include/interbotix_xs_msgs/interbotix_xs_msgs/srv/detail/motor_gains__functions.c
[21.982s] -- Up-to-date: /home/admin1/URC/install/interbotix_xs_msgs/include/interbotix_xs_msgs/interbotix_xs_msgs/srv/detail/robot_info__functions.c
[21.992s] -- Up-to-date: /home/admin1/URC/install/interbotix_xs_msgs/include/interbotix_xs_msgs/interbotix_xs_msgs/srv/detail/operating_modes__functions.h
[21.992s] -- Up-to-date: /home/admin1/URC/install/interbotix_xs_msgs/include/interbotix_xs_msgs/interbotix_xs_msgs/srv/detail/register_values__functions.c
[21.993s] -- Up-to-date: /home/admin1/URC/install/interbotix_xs_msgs/include/interbotix_xs_msgs/interbotix_xs_msgs/srv/detail/torque_enable__struct.h
[22.003s] -- Up-to-date: /home/admin1/URC/install/interbotix_xs_msgs/include/interbotix_xs_msgs/interbotix_xs_msgs/srv/detail/robot_info__struct.h
[22.018s] -- Up-to-date: /home/admin1/URC/install/interbotix_xs_msgs/include/interbotix_xs_msgs/interbotix_xs_msgs/srv/detail/motor_gains__struct.h
[22.019s] -- Up-to-date: /home/admin1/URC/install/interbotix_xs_msgs/include/interbotix_xs_msgs/interbotix_xs_msgs/srv/detail/register_values__struct.h
[22.040s] -- Up-to-date: /home/admin1/URC/install/interbotix_xs_msgs/include/interbotix_xs_msgs/interbotix_xs_msgs/srv/detail/motor_gains__type_support.h
[22.053s] -- Up-to-date: /home/admin1/URC/install/interbotix_xs_msgs/include/interbotix_xs_msgs/interbotix_xs_msgs/srv/detail/torque_enable__functions.c
[22.065s] -- Installing: /home/admin1/URC/install/interbotix_xs_msgs/include/interbotix_xs_msgs/interbotix_xs_msgs/srv/detail/operating_modes__type_support.c
[22.070s] -- Installing: /home/admin1/URC/install/interbotix_xs_msgs/include/interbotix_xs_msgs/interbotix_xs_msgs/srv/detail/reboot__type_support.c
[22.074s] -- Up-to-date: /home/admin1/URC/install/interbotix_xs_msgs/include/interbotix_xs_msgs/interbotix_xs_msgs/srv/detail/reboot__functions.h
[22.077s] -- Up-to-date: /home/admin1/URC/install/interbotix_xs_msgs/include/interbotix_xs_msgs/interbotix_xs_msgs/srv/detail/robot_info__type_support.h
[22.079s] -- Up-to-date: /home/admin1/URC/install/interbotix_xs_msgs/include/interbotix_xs_msgs/interbotix_xs_msgs/srv/motor_gains.h
[22.080s] -- Up-to-date: /home/admin1/URC/install/interbotix_xs_msgs/share/interbotix_xs_msgs/environment/library_path.sh
[22.090s] -- Up-to-date: /home/admin1/URC/install/interbotix_xs_msgs/share/interbotix_xs_msgs/environment/library_path.dsv
[22.091s] -- Up-to-date: /home/admin1/URC/install/interbotix_xs_msgs/lib/libinterbotix_xs_msgs__rosidl_generator_c.so
[22.100s] -- Up-to-date: /home/admin1/URC/install/interbotix_xs_msgs/include/interbotix_xs_msgs/interbotix_xs_msgs
[22.108s] -- Up-to-date: /home/admin1/URC/install/interbotix_xs_msgs/include/interbotix_xs_msgs/interbotix_xs_msgs/msg
[22.111s] -- Up-to-date: /home/admin1/URC/install/interbotix_xs_msgs/include/interbotix_xs_msgs/interbotix_xs_msgs/msg/rosidl_typesupport_fastrtps_c__visibility_control.h
[22.116s] -- Up-to-date: /home/admin1/URC/install/interbotix_xs_msgs/include/interbotix_xs_msgs/interbotix_xs_msgs/msg/detail
[22.118s] -- Up-to-date: /home/admin1/URC/install/interbotix_xs_msgs/include/interbotix_xs_msgs/interbotix_xs_msgs/msg/detail/joint_trajectory_command__rosidl_typesupport_fastrtps_c.h
[22.121s] -- Up-to-date: /home/admin1/URC/install/interbotix_xs_msgs/include/interbotix_xs_msgs/interbotix_xs_msgs/msg/detail/hex_joy__rosidl_typesupport_fastrtps_c.h
[22.122s] -- Up-to-date: /home/admin1/URC/install/interbotix_xs_msgs/include/interbotix_xs_msgs/interbotix_xs_msgs/msg/detail/arm_joy__rosidl_typesupport_fastrtps_c.h
[22.122s] -- Up-to-date: /home/admin1/URC/install/interbotix_xs_msgs/include/interbotix_xs_msgs/interbotix_xs_msgs/msg/detail/locobot_joy__rosidl_typesupport_fastrtps_c.h
[22.137s] -- Up-to-date: /home/admin1/URC/install/interbotix_xs_msgs/include/interbotix_xs_msgs/interbotix_xs_msgs/msg/detail/joint_temps__rosidl_typesupport_fastrtps_c.h
[22.138s] -- Up-to-date: /home/admin1/URC/install/interbotix_xs_msgs/include/interbotix_xs_msgs/interbotix_xs_msgs/msg/detail/joint_single_command__rosidl_typesupport_fastrtps_c.h
[22.144s] -- Up-to-date: /home/admin1/URC/install/interbotix_xs_msgs/include/interbotix_xs_msgs/interbotix_xs_msgs/msg/detail/joint_group_command__rosidl_typesupport_fastrtps_c.h
[22.147s] -- Up-to-date: /home/admin1/URC/install/interbotix_xs_msgs/include/interbotix_xs_msgs/interbotix_xs_msgs/msg/detail/turret_joy__rosidl_typesupport_fastrtps_c.h
[22.151s] -- Up-to-date: /home/admin1/URC/install/interbotix_xs_msgs/include/interbotix_xs_msgs/interbotix_xs_msgs/srv
[22.154s] -- Up-to-date: /home/admin1/URC/install/interbotix_xs_msgs/include/interbotix_xs_msgs/interbotix_xs_msgs/srv/detail
[22.163s] -- Up-to-date: /home/admin1/URC/install/interbotix_xs_msgs/include/interbotix_xs_msgs/interbotix_xs_msgs/srv/detail/reboot__rosidl_typesupport_fastrtps_c.h
[22.164s] -- Up-to-date: /home/admin1/URC/install/interbotix_xs_msgs/include/interbotix_xs_msgs/interbotix_xs_msgs/srv/detail/motor_gains__rosidl_typesupport_fastrtps_c.h
[22.171s] -- Up-to-date: /home/admin1/URC/install/interbotix_xs_msgs/include/interbotix_xs_msgs/interbotix_xs_msgs/srv/detail/register_values__rosidl_typesupport_fastrtps_c.h
[22.176s] -- Up-to-date: /home/admin1/URC/install/interbotix_xs_msgs/include/interbotix_xs_msgs/interbotix_xs_msgs/srv/detail/torque_enable__rosidl_typesupport_fastrtps_c.h
[22.184s] -- Up-to-date: /home/admin1/URC/install/interbotix_xs_msgs/include/interbotix_xs_msgs/interbotix_xs_msgs/srv/detail/robot_info__rosidl_typesupport_fastrtps_c.h
[22.185s] -- Up-to-date: /home/admin1/URC/install/interbotix_xs_msgs/include/interbotix_xs_msgs/interbotix_xs_msgs/srv/detail/operating_modes__rosidl_typesupport_fastrtps_c.h
[22.193s] -- Up-to-date: /home/admin1/URC/install/interbotix_xs_msgs/lib/libinterbotix_xs_msgs__rosidl_typesupport_fastrtps_c.so
[22.194s] -- Up-to-date: /home/admin1/URC/install/interbotix_xs_msgs/include/interbotix_xs_msgs/interbotix_xs_msgs
[22.195s] -- Up-to-date: /home/admin1/URC/install/interbotix_xs_msgs/include/interbotix_xs_msgs/interbotix_xs_msgs/msg
[22.201s] -- Up-to-date: /home/admin1/URC/install/interbotix_xs_msgs/include/interbotix_xs_msgs/interbotix_xs_msgs/msg/rosidl_typesupport_introspection_c__visibility_control.h
[22.201s] -- Up-to-date: /home/admin1/URC/install/interbotix_xs_msgs/include/interbotix_xs_msgs/interbotix_xs_msgs/msg/detail
[22.208s] -- Up-to-date: /home/admin1/URC/install/interbotix_xs_msgs/include/interbotix_xs_msgs/interbotix_xs_msgs/msg/detail/turret_joy__rosidl_typesupport_introspection_c.h
[22.209s] -- Up-to-date: /home/admin1/URC/install/interbotix_xs_msgs/include/interbotix_xs_msgs/interbotix_xs_msgs/msg/detail/arm_joy__rosidl_typesupport_introspection_c.h
[22.214s] -- Installing: /home/admin1/URC/install/interbotix_xs_msgs/include/interbotix_xs_msgs/interbotix_xs_msgs/msg/detail/hex_joy__type_support.c
[22.215s] -- Up-to-date: /home/admin1/URC/install/interbotix_xs_msgs/include/interbotix_xs_msgs/interbotix_xs_msgs/msg/detail/joint_group_command__rosidl_typesupport_introspection_c.h
[22.215s] -- Up-to-date: /home/admin1/URC/install/interbotix_xs_msgs/include/interbotix_xs_msgs/interbotix_xs_msgs/msg/detail/joint_temps__rosidl_typesupport_introspection_c.h
[22.216s] -- Installing: /home/admin1/URC/install/interbotix_xs_msgs/include/interbotix_xs_msgs/interbotix_xs_msgs/msg/detail/turret_joy__type_support.c
[22.225s] -- Installing: /home/admin1/URC/install/interbotix_xs_msgs/include/interbotix_xs_msgs/interbotix_xs_msgs/msg/detail/joint_temps__type_support.c
[22.234s] -- Up-to-date: /home/admin1/URC/install/interbotix_xs_msgs/include/interbotix_xs_msgs/interbotix_xs_msgs/msg/detail/locobot_joy__rosidl_typesupport_introspection_c.h
[22.235s] -- Up-to-date: /home/admin1/URC/install/interbotix_xs_msgs/include/interbotix_xs_msgs/interbotix_xs_msgs/msg/detail/joint_single_command__rosidl_typesupport_introspection_c.h
[22.236s] -- Installing: /home/admin1/URC/install/interbotix_xs_msgs/include/interbotix_xs_msgs/interbotix_xs_msgs/msg/detail/joint_group_command__type_support.c
[22.238s] -- Installing: /home/admin1/URC/install/interbotix_xs_msgs/include/interbotix_xs_msgs/interbotix_xs_msgs/msg/detail/locobot_joy__type_support.c
[22.240s] -- Up-to-date: /home/admin1/URC/install/interbotix_xs_msgs/include/interbotix_xs_msgs/interbotix_xs_msgs/msg/detail/hex_joy__rosidl_typesupport_introspection_c.h
[22.246s] -- Installing: /home/admin1/URC/install/interbotix_xs_msgs/include/interbotix_xs_msgs/interbotix_xs_msgs/msg/detail/arm_joy__type_support.c
[22.247s] -- Installing: /home/admin1/URC/install/interbotix_xs_msgs/include/interbotix_xs_msgs/interbotix_xs_msgs/msg/detail/joint_trajectory_command__type_support.c
[22.250s] -- Installing: /home/admin1/URC/install/interbotix_xs_msgs/include/interbotix_xs_msgs/interbotix_xs_msgs/msg/detail/joint_single_command__type_support.c
[22.253s] -- Up-to-date: /home/admin1/URC/install/interbotix_xs_msgs/include/interbotix_xs_msgs/interbotix_xs_msgs/msg/detail/joint_trajectory_command__rosidl_typesupport_introspection_c.h
[22.257s] -- Up-to-date: /home/admin1/URC/install/interbotix_xs_msgs/include/interbotix_xs_msgs/interbotix_xs_msgs/srv
[22.280s] -- Up-to-date: /home/admin1/URC/install/interbotix_xs_msgs/include/interbotix_xs_msgs/interbotix_xs_msgs/srv/detail
[22.288s] -- Up-to-date: /home/admin1/URC/install/interbotix_xs_msgs/include/interbotix_xs_msgs/interbotix_xs_msgs/srv/detail/register_values__rosidl_typesupport_introspection_c.h
[22.295s] -- Up-to-date: /home/admin1/URC/install/interbotix_xs_msgs/include/interbotix_xs_msgs/interbotix_xs_msgs/srv/detail/robot_info__rosidl_typesupport_introspection_c.h
[22.300s] -- Installing: /home/admin1/URC/install/interbotix_xs_msgs/include/interbotix_xs_msgs/interbotix_xs_msgs/srv/detail/register_values__type_support.c
[22.304s] -- Installing: /home/admin1/URC/install/interbotix_xs_msgs/include/interbotix_xs_msgs/interbotix_xs_msgs/srv/detail/motor_gains__type_support.c
[22.317s] -- Up-to-date: /home/admin1/URC/install/interbotix_xs_msgs/include/interbotix_xs_msgs/interbotix_xs_msgs/srv/detail/torque_enable__rosidl_typesupport_introspection_c.h
[22.318s] -- Up-to-date: /home/admin1/URC/install/interbotix_xs_msgs/include/interbotix_xs_msgs/interbotix_xs_msgs/srv/detail/motor_gains__rosidl_typesupport_introspection_c.h
[22.319s] -- Installing: /home/admin1/URC/install/interbotix_xs_msgs/include/interbotix_xs_msgs/interbotix_xs_msgs/srv/detail/robot_info__type_support.c
[22.319s] -- Up-to-date: /home/admin1/URC/install/interbotix_xs_msgs/include/interbotix_xs_msgs/interbotix_xs_msgs/srv/detail/operating_modes__rosidl_typesupport_introspection_c.h
[22.320s] -- Installing: /home/admin1/URC/install/interbotix_xs_msgs/include/interbotix_xs_msgs/interbotix_xs_msgs/srv/detail/torque_enable__type_support.c
[22.349s] -- Up-to-date: /home/admin1/URC/install/interbotix_xs_msgs/include/interbotix_xs_msgs/interbotix_xs_msgs/srv/detail/reboot__rosidl_typesupport_introspection_c.h
[22.350s] -- Installing: /home/admin1/URC/install/interbotix_xs_msgs/include/interbotix_xs_msgs/interbotix_xs_msgs/srv/detail/operating_modes__type_support.c
[22.351s] -- Installing: /home/admin1/URC/install/interbotix_xs_msgs/include/interbotix_xs_msgs/interbotix_xs_msgs/srv/detail/reboot__type_support.c
[22.363s] -- Up-to-date: /home/admin1/URC/install/interbotix_xs_msgs/lib/libinterbotix_xs_msgs__rosidl_typesupport_introspection_c.so
[22.367s] -- Up-to-date: /home/admin1/URC/install/interbotix_xs_msgs/lib/libinterbotix_xs_msgs__rosidl_typesupport_c.so
[22.374s] -- Up-to-date: /home/admin1/URC/install/interbotix_xs_msgs/include/interbotix_xs_msgs/interbotix_xs_msgs
[22.375s] -- Up-to-date: /home/admin1/URC/install/interbotix_xs_msgs/include/interbotix_xs_msgs/interbotix_xs_msgs/msg
[22.399s] -- Up-to-date: /home/admin1/URC/install/interbotix_xs_msgs/include/interbotix_xs_msgs/interbotix_xs_msgs/msg/turret_joy.hpp
[22.407s] -- Up-to-date: /home/admin1/URC/install/interbotix_xs_msgs/include/interbotix_xs_msgs/interbotix_xs_msgs/msg/joint_group_command.hpp
[22.411s] -- Up-to-date: /home/admin1/URC/install/interbotix_xs_msgs/include/interbotix_xs_msgs/interbotix_xs_msgs/msg/rosidl_generator_cpp__visibility_control.hpp
[22.441s] -- Up-to-date: /home/admin1/URC/install/interbotix_xs_msgs/include/interbotix_xs_msgs/interbotix_xs_msgs/msg/locobot_joy.hpp
[22.462s] -- Up-to-date: /home/admin1/URC/install/interbotix_xs_msgs/include/interbotix_xs_msgs/interbotix_xs_msgs/msg/detail
[22.462s] -- Up-to-date: /home/admin1/URC/install/interbotix_xs_msgs/include/interbotix_xs_msgs/interbotix_xs_msgs/msg/detail/joint_single_command__type_support.hpp
[22.496s] -- Up-to-date: /home/admin1/URC/install/interbotix_xs_msgs/include/interbotix_xs_msgs/interbotix_xs_msgs/msg/detail/turret_joy__type_support.hpp
[22.497s] -- Up-to-date: /home/admin1/URC/install/interbotix_xs_msgs/include/interbotix_xs_msgs/interbotix_xs_msgs/msg/detail/locobot_joy__builder.hpp
[22.498s] -- Up-to-date: /home/admin1/URC/install/interbotix_xs_msgs/include/interbotix_xs_msgs/interbotix_xs_msgs/msg/detail/joint_group_command__traits.hpp
[22.499s] -- Up-to-date: /home/admin1/URC/install/interbotix_xs_msgs/include/interbotix_xs_msgs/interbotix_xs_msgs/msg/detail/turret_joy__struct.hpp
[22.518s] -- Up-to-date: /home/admin1/URC/install/interbotix_xs_msgs/include/interbotix_xs_msgs/interbotix_xs_msgs/msg/detail/joint_trajectory_command__builder.hpp
[22.530s] -- Up-to-date: /home/admin1/URC/install/interbotix_xs_msgs/include/interbotix_xs_msgs/interbotix_xs_msgs/msg/detail/joint_group_command__type_support.hpp
[22.532s] -- Up-to-date: /home/admin1/URC/install/interbotix_xs_msgs/include/interbotix_xs_msgs/interbotix_xs_msgs/msg/detail/arm_joy__traits.hpp
[22.551s] -- Up-to-date: /home/admin1/URC/install/interbotix_xs_msgs/include/interbotix_xs_msgs/interbotix_xs_msgs/msg/detail/arm_joy__struct.hpp
[22.552s] -- Up-to-date: /home/admin1/URC/install/interbotix_xs_msgs/include/interbotix_xs_msgs/interbotix_xs_msgs/msg/detail/joint_group_command__builder.hpp
[22.566s] -- Up-to-date: /home/admin1/URC/install/interbotix_xs_msgs/include/interbotix_xs_msgs/interbotix_xs_msgs/msg/detail/turret_joy__builder.hpp
[22.567s] -- Up-to-date: /home/admin1/URC/install/interbotix_xs_msgs/include/interbotix_xs_msgs/interbotix_xs_msgs/msg/detail/hex_joy__traits.hpp
[22.567s] -- Up-to-date: /home/admin1/URC/install/interbotix_xs_msgs/include/interbotix_xs_msgs/interbotix_xs_msgs/msg/detail/arm_joy__builder.hpp
[22.589s] -- Up-to-date: /home/admin1/URC/install/interbotix_xs_msgs/include/interbotix_xs_msgs/interbotix_xs_msgs/msg/detail/joint_trajectory_command__struct.hpp
[22.594s] -- Up-to-date: /home/admin1/URC/install/interbotix_xs_msgs/include/interbotix_xs_msgs/interbotix_xs_msgs/msg/detail/locobot_joy__type_support.hpp
[22.621s] -- Up-to-date: /home/admin1/URC/install/interbotix_xs_msgs/include/interbotix_xs_msgs/interbotix_xs_msgs/msg/detail/turret_joy__traits.hpp
[22.624s] -- Up-to-date: /home/admin1/URC/install/interbotix_xs_msgs/include/interbotix_xs_msgs/interbotix_xs_msgs/msg/detail/joint_single_command__struct.hpp
[22.627s] -- Up-to-date: /home/admin1/URC/install/interbotix_xs_msgs/include/interbotix_xs_msgs/interbotix_xs_msgs/msg/detail/joint_temps__struct.hpp
[22.649s] -- Up-to-date: /home/admin1/URC/install/interbotix_xs_msgs/include/interbotix_xs_msgs/interbotix_xs_msgs/msg/detail/locobot_joy__struct.hpp
[22.663s] -- Up-to-date: /home/admin1/URC/install/interbotix_xs_msgs/include/interbotix_xs_msgs/interbotix_xs_msgs/msg/detail/joint_single_command__traits.hpp
[22.668s] -- Up-to-date: /home/admin1/URC/install/interbotix_xs_msgs/include/interbotix_xs_msgs/interbotix_xs_msgs/msg/detail/hex_joy__struct.hpp
[22.686s] -- Up-to-date: /home/admin1/URC/install/interbotix_xs_msgs/include/interbotix_xs_msgs/interbotix_xs_msgs/msg/detail/joint_temps__type_support.hpp
[22.694s] -- Up-to-date: /home/admin1/URC/install/interbotix_xs_msgs/include/interbotix_xs_msgs/interbotix_xs_msgs/msg/detail/arm_joy__type_support.hpp
[22.697s] -- Up-to-date: /home/admin1/URC/install/interbotix_xs_msgs/include/interbotix_xs_msgs/interbotix_xs_msgs/msg/detail/joint_temps__builder.hpp
[22.697s] -- Up-to-date: /home/admin1/URC/install/interbotix_xs_msgs/include/interbotix_xs_msgs/interbotix_xs_msgs/msg/detail/joint_trajectory_command__traits.hpp
[22.705s] -- Up-to-date: /home/admin1/URC/install/interbotix_xs_msgs/include/interbotix_xs_msgs/interbotix_xs_msgs/msg/detail/hex_joy__type_support.hpp
[22.705s] -- Up-to-date: /home/admin1/URC/install/interbotix_xs_msgs/include/interbotix_xs_msgs/interbotix_xs_msgs/msg/detail/locobot_joy__traits.hpp
[22.712s] -- Up-to-date: /home/admin1/URC/install/interbotix_xs_msgs/include/interbotix_xs_msgs/interbotix_xs_msgs/msg/detail/joint_group_command__struct.hpp
[22.747s] -- Up-to-date: /home/admin1/URC/install/interbotix_xs_msgs/include/interbotix_xs_msgs/interbotix_xs_msgs/msg/detail/joint_temps__traits.hpp
[22.762s] -- Up-to-date: /home/admin1/URC/install/interbotix_xs_msgs/include/interbotix_xs_msgs/interbotix_xs_msgs/msg/detail/joint_trajectory_command__type_support.hpp
[22.774s] -- Up-to-date: /home/admin1/URC/install/interbotix_xs_msgs/include/interbotix_xs_msgs/interbotix_xs_msgs/msg/detail/joint_single_command__builder.hpp
[22.775s] -- Up-to-date: /home/admin1/URC/install/interbotix_xs_msgs/include/interbotix_xs_msgs/interbotix_xs_msgs/msg/detail/hex_joy__builder.hpp
[22.776s] -- Up-to-date: /home/admin1/URC/install/interbotix_xs_msgs/include/interbotix_xs_msgs/interbotix_xs_msgs/msg/joint_trajectory_command.hpp
[22.810s] -- Up-to-date: /home/admin1/URC/install/interbotix_xs_msgs/include/interbotix_xs_msgs/interbotix_xs_msgs/msg/joint_single_command.hpp
[22.812s] -- Up-to-date: /home/admin1/URC/install/interbotix_xs_msgs/include/interbotix_xs_msgs/interbotix_xs_msgs/msg/arm_joy.hpp
[22.817s] -- Up-to-date: /home/admin1/URC/install/interbotix_xs_msgs/include/interbotix_xs_msgs/interbotix_xs_msgs/msg/hex_joy.hpp
[22.844s] -- Up-to-date: /home/admin1/URC/install/interbotix_xs_msgs/include/interbotix_xs_msgs/interbotix_xs_msgs/msg/joint_temps.hpp
[22.849s] -- Up-to-date: /home/admin1/URC/install/interbotix_xs_msgs/include/interbotix_xs_msgs/interbotix_xs_msgs/srv
[22.857s] -- Up-to-date: /home/admin1/URC/install/interbotix_xs_msgs/include/interbotix_xs_msgs/interbotix_xs_msgs/srv/register_values.hpp
[22.870s] -- Up-to-date: /home/admin1/URC/install/interbotix_xs_msgs/include/interbotix_xs_msgs/interbotix_xs_msgs/srv/motor_gains.hpp
[22.876s] -- Up-to-date: /home/admin1/URC/install/interbotix_xs_msgs/include/interbotix_xs_msgs/interbotix_xs_msgs/srv/operating_modes.hpp
[22.879s] -- Up-to-date: /home/admin1/URC/install/interbotix_xs_msgs/include/interbotix_xs_msgs/interbotix_xs_msgs/srv/robot_info.hpp
[22.886s] -- Up-to-date: /home/admin1/URC/install/interbotix_xs_msgs/include/interbotix_xs_msgs/interbotix_xs_msgs/srv/reboot.hpp
[22.890s] -- Up-to-date: /home/admin1/URC/install/interbotix_xs_msgs/include/interbotix_xs_msgs/interbotix_xs_msgs/srv/detail
[22.893s] -- Up-to-date: /home/admin1/URC/install/interbotix_xs_msgs/include/interbotix_xs_msgs/interbotix_xs_msgs/srv/detail/robot_info__traits.hpp
[22.896s] -- Up-to-date: /home/admin1/URC/install/interbotix_xs_msgs/include/interbotix_xs_msgs/interbotix_xs_msgs/srv/detail/motor_gains__type_support.hpp
[22.900s] -- Up-to-date: /home/admin1/URC/install/interbotix_xs_msgs/include/interbotix_xs_msgs/interbotix_xs_msgs/srv/detail/register_values__struct.hpp
[22.914s] -- Up-to-date: /home/admin1/URC/install/interbotix_xs_msgs/include/interbotix_xs_msgs/interbotix_xs_msgs/srv/detail/register_values__traits.hpp
[22.916s] -- Up-to-date: /home/admin1/URC/install/interbotix_xs_msgs/include/interbotix_xs_msgs/interbotix_xs_msgs/srv/detail/motor_gains__traits.hpp
[22.916s] -- Up-to-date: /home/admin1/URC/install/interbotix_xs_msgs/include/interbotix_xs_msgs/interbotix_xs_msgs/srv/detail/robot_info__builder.hpp
[22.917s] -- Up-to-date: /home/admin1/URC/install/interbotix_xs_msgs/include/interbotix_xs_msgs/interbotix_xs_msgs/srv/detail/register_values__type_support.hpp
[22.930s] -- Up-to-date: /home/admin1/URC/install/interbotix_xs_msgs/include/interbotix_xs_msgs/interbotix_xs_msgs/srv/detail/operating_modes__builder.hpp
[22.943s] -- Up-to-date: /home/admin1/URC/install/interbotix_xs_msgs/include/interbotix_xs_msgs/interbotix_xs_msgs/srv/detail/operating_modes__struct.hpp
[22.952s] -- Up-to-date: /home/admin1/URC/install/interbotix_xs_msgs/include/interbotix_xs_msgs/interbotix_xs_msgs/srv/detail/robot_info__struct.hpp
[22.975s] -- Up-to-date: /home/admin1/URC/install/interbotix_xs_msgs/include/interbotix_xs_msgs/interbotix_xs_msgs/srv/detail/torque_enable__struct.hpp
[22.976s] -- Up-to-date: /home/admin1/URC/install/interbotix_xs_msgs/include/interbotix_xs_msgs/interbotix_xs_msgs/srv/detail/reboot__builder.hpp
[22.977s] -- Up-to-date: /home/admin1/URC/install/interbotix_xs_msgs/include/interbotix_xs_msgs/interbotix_xs_msgs/srv/detail/operating_modes__type_support.hpp
[22.996s] -- Up-to-date: /home/admin1/URC/install/interbotix_xs_msgs/include/interbotix_xs_msgs/interbotix_xs_msgs/srv/detail/torque_enable__type_support.hpp
[23.018s] -- Up-to-date: /home/admin1/URC/install/interbotix_xs_msgs/include/interbotix_xs_msgs/interbotix_xs_msgs/srv/detail/torque_enable__traits.hpp
[23.029s] -- Up-to-date: /home/admin1/URC/install/interbotix_xs_msgs/include/interbotix_xs_msgs/interbotix_xs_msgs/srv/detail/reboot__type_support.hpp
[23.039s] -- Up-to-date: /home/admin1/URC/install/interbotix_xs_msgs/include/interbotix_xs_msgs/interbotix_xs_msgs/srv/detail/torque_enable__builder.hpp
[23.039s] -- Up-to-date: /home/admin1/URC/install/interbotix_xs_msgs/include/interbotix_xs_msgs/interbotix_xs_msgs/srv/detail/robot_info__type_support.hpp
[23.066s] -- Up-to-date: /home/admin1/URC/install/interbotix_xs_msgs/include/interbotix_xs_msgs/interbotix_xs_msgs/srv/detail/reboot__traits.hpp
[23.067s] -- Up-to-date: /home/admin1/URC/install/interbotix_xs_msgs/include/interbotix_xs_msgs/interbotix_xs_msgs/srv/detail/motor_gains__struct.hpp
[23.068s] -- Up-to-date: /home/admin1/URC/install/interbotix_xs_msgs/include/interbotix_xs_msgs/interbotix_xs_msgs/srv/detail/motor_gains__builder.hpp
[23.080s] -- Up-to-date: /home/admin1/URC/install/interbotix_xs_msgs/include/interbotix_xs_msgs/interbotix_xs_msgs/srv/detail/reboot__struct.hpp
[23.082s] -- Up-to-date: /home/admin1/URC/install/interbotix_xs_msgs/include/interbotix_xs_msgs/interbotix_xs_msgs/srv/detail/operating_modes__traits.hpp
[23.089s] -- Up-to-date: /home/admin1/URC/install/interbotix_xs_msgs/include/interbotix_xs_msgs/interbotix_xs_msgs/srv/detail/register_values__builder.hpp
[23.104s] -- Up-to-date: /home/admin1/URC/install/interbotix_xs_msgs/include/interbotix_xs_msgs/interbotix_xs_msgs/srv/torque_enable.hpp
[23.119s] -- Up-to-date: /home/admin1/URC/install/interbotix_xs_msgs/include/interbotix_xs_msgs/interbotix_xs_msgs
[23.129s] -- Up-to-date: /home/admin1/URC/install/interbotix_xs_msgs/include/interbotix_xs_msgs/interbotix_xs_msgs/msg
[23.131s] -- Up-to-date: /home/admin1/URC/install/interbotix_xs_msgs/include/interbotix_xs_msgs/interbotix_xs_msgs/msg/rosidl_typesupport_fastrtps_cpp__visibility_control.h
[23.139s] -- Up-to-date: /home/admin1/URC/install/interbotix_xs_msgs/include/interbotix_xs_msgs/interbotix_xs_msgs/msg/detail
[23.141s] -- Up-to-date: /home/admin1/URC/install/interbotix_xs_msgs/include/interbotix_xs_msgs/interbotix_xs_msgs/msg/detail/joint_temps__rosidl_typesupport_fastrtps_cpp.hpp
[23.143s] -- Up-to-date: /home/admin1/URC/install/interbotix_xs_msgs/include/interbotix_xs_msgs/interbotix_xs_msgs/msg/detail/joint_trajectory_command__rosidl_typesupport_fastrtps_cpp.hpp
[23.148s] -- Up-to-date: /home/admin1/URC/install/interbotix_xs_msgs/include/interbotix_xs_msgs/interbotix_xs_msgs/msg/detail/joint_group_command__rosidl_typesupport_fastrtps_cpp.hpp
[23.149s] -- Up-to-date: /home/admin1/URC/install/interbotix_xs_msgs/include/interbotix_xs_msgs/interbotix_xs_msgs/msg/detail/dds_fastrtps
[23.150s] -- Up-to-date: /home/admin1/URC/install/interbotix_xs_msgs/include/interbotix_xs_msgs/interbotix_xs_msgs/msg/detail/turret_joy__rosidl_typesupport_fastrtps_cpp.hpp
[23.156s] -- Up-to-date: /home/admin1/URC/install/interbotix_xs_msgs/include/interbotix_xs_msgs/interbotix_xs_msgs/msg/detail/joint_single_command__rosidl_typesupport_fastrtps_cpp.hpp
[23.159s] -- Up-to-date: /home/admin1/URC/install/interbotix_xs_msgs/include/interbotix_xs_msgs/interbotix_xs_msgs/msg/detail/locobot_joy__rosidl_typesupport_fastrtps_cpp.hpp
[23.192s] -- Up-to-date: /home/admin1/URC/install/interbotix_xs_msgs/include/interbotix_xs_msgs/interbotix_xs_msgs/msg/detail/arm_joy__rosidl_typesupport_fastrtps_cpp.hpp
[23.217s] -- Up-to-date: /home/admin1/URC/install/interbotix_xs_msgs/include/interbotix_xs_msgs/interbotix_xs_msgs/msg/detail/hex_joy__rosidl_typesupport_fastrtps_cpp.hpp
[23.218s] -- Up-to-date: /home/admin1/URC/install/interbotix_xs_msgs/include/interbotix_xs_msgs/interbotix_xs_msgs/srv
[23.219s] -- Up-to-date: /home/admin1/URC/install/interbotix_xs_msgs/include/interbotix_xs_msgs/interbotix_xs_msgs/srv/detail
[23.222s] -- Up-to-date: /home/admin1/URC/install/interbotix_xs_msgs/include/interbotix_xs_msgs/interbotix_xs_msgs/srv/detail/register_values__rosidl_typesupport_fastrtps_cpp.hpp
[23.223s] -- Up-to-date: /home/admin1/URC/install/interbotix_xs_msgs/include/interbotix_xs_msgs/interbotix_xs_msgs/srv/detail/robot_info__rosidl_typesupport_fastrtps_cpp.hpp
[23.223s] -- Up-to-date: /home/admin1/URC/install/interbotix_xs_msgs/include/interbotix_xs_msgs/interbotix_xs_msgs/srv/detail/torque_enable__rosidl_typesupport_fastrtps_cpp.hpp
[23.224s] -- Up-to-date: /home/admin1/URC/install/interbotix_xs_msgs/include/interbotix_xs_msgs/interbotix_xs_msgs/srv/detail/reboot__rosidl_typesupport_fastrtps_cpp.hpp
[23.231s] -- Up-to-date: /home/admin1/URC/install/interbotix_xs_msgs/include/interbotix_xs_msgs/interbotix_xs_msgs/srv/detail/operating_modes__rosidl_typesupport_fastrtps_cpp.hpp
[23.233s] -- Up-to-date: /home/admin1/URC/install/interbotix_xs_msgs/include/interbotix_xs_msgs/interbotix_xs_msgs/srv/detail/dds_fastrtps
[23.260s] -- Up-to-date: /home/admin1/URC/install/interbotix_xs_msgs/include/interbotix_xs_msgs/interbotix_xs_msgs/srv/detail/motor_gains__rosidl_typesupport_fastrtps_cpp.hpp
[23.266s] -- Up-to-date: /home/admin1/URC/install/interbotix_xs_msgs/lib/libinterbotix_xs_msgs__rosidl_typesupport_fastrtps_cpp.so
[23.267s] -- Up-to-date: /home/admin1/URC/install/interbotix_xs_msgs/include/interbotix_xs_msgs/interbotix_xs_msgs
[23.270s] -- Up-to-date: /home/admin1/URC/install/interbotix_xs_msgs/include/interbotix_xs_msgs/interbotix_xs_msgs/msg
[23.292s] -- Up-to-date: /home/admin1/URC/install/interbotix_xs_msgs/include/interbotix_xs_msgs/interbotix_xs_msgs/msg/detail
[23.315s] -- Up-to-date: /home/admin1/URC/install/interbotix_xs_msgs/include/interbotix_xs_msgs/interbotix_xs_msgs/msg/detail/joint_group_command__type_support.cpp
[23.319s] -- Up-to-date: /home/admin1/URC/install/interbotix_xs_msgs/include/interbotix_xs_msgs/interbotix_xs_msgs/msg/detail/joint_trajectory_command__rosidl_typesupport_introspection_cpp.hpp
[23.321s] -- Up-to-date: /home/admin1/URC/install/interbotix_xs_msgs/include/interbotix_xs_msgs/interbotix_xs_msgs/msg/detail/locobot_joy__rosidl_typesupport_introspection_cpp.hpp
[23.324s] -- Up-to-date: /home/admin1/URC/install/interbotix_xs_msgs/include/interbotix_xs_msgs/interbotix_xs_msgs/msg/detail/joint_temps__rosidl_typesupport_introspection_cpp.hpp
[23.330s] -- Up-to-date: /home/admin1/URC/install/interbotix_xs_msgs/include/interbotix_xs_msgs/interbotix_xs_msgs/msg/detail/joint_trajectory_command__type_support.cpp
[23.333s] -- Up-to-date: /home/admin1/URC/install/interbotix_xs_msgs/include/interbotix_xs_msgs/interbotix_xs_msgs/msg/detail/joint_single_command__type_support.cpp
[23.342s] -- Up-to-date: /home/admin1/URC/install/interbotix_xs_msgs/include/interbotix_xs_msgs/interbotix_xs_msgs/msg/detail/arm_joy__rosidl_typesupport_introspection_cpp.hpp
[23.343s] -- Up-to-date: /home/admin1/URC/install/interbotix_xs_msgs/include/interbotix_xs_msgs/interbotix_xs_msgs/msg/detail/arm_joy__type_support.cpp
[23.354s] -- Up-to-date: /home/admin1/URC/install/interbotix_xs_msgs/include/interbotix_xs_msgs/interbotix_xs_msgs/msg/detail/hex_joy__type_support.cpp
[23.355s] -- Up-to-date: /home/admin1/URC/install/interbotix_xs_msgs/include/interbotix_xs_msgs/interbotix_xs_msgs/msg/detail/joint_group_command__rosidl_typesupport_introspection_cpp.hpp
[23.374s] -- Up-to-date: /home/admin1/URC/install/interbotix_xs_msgs/include/interbotix_xs_msgs/interbotix_xs_msgs/msg/detail/turret_joy__rosidl_typesupport_introspection_cpp.hpp
[23.375s] -- Up-to-date: /home/admin1/URC/install/interbotix_xs_msgs/include/interbotix_xs_msgs/interbotix_xs_msgs/msg/detail/locobot_joy__type_support.cpp
[23.375s] -- Up-to-date: /home/admin1/URC/install/interbotix_xs_msgs/include/interbotix_xs_msgs/interbotix_xs_msgs/msg/detail/joint_single_command__rosidl_typesupport_introspection_cpp.hpp
[23.376s] -- Up-to-date: /home/admin1/URC/install/interbotix_xs_msgs/include/interbotix_xs_msgs/interbotix_xs_msgs/msg/detail/joint_temps__type_support.cpp
[23.391s] -- Up-to-date: /home/admin1/URC/install/interbotix_xs_msgs/include/interbotix_xs_msgs/interbotix_xs_msgs/msg/detail/hex_joy__rosidl_typesupport_introspection_cpp.hpp
[23.397s] -- Up-to-date: /home/admin1/URC/install/interbotix_xs_msgs/include/interbotix_xs_msgs/interbotix_xs_msgs/msg/detail/turret_joy__type_support.cpp
[23.398s] -- Up-to-date: /home/admin1/URC/install/interbotix_xs_msgs/include/interbotix_xs_msgs/interbotix_xs_msgs/srv
[23.414s] -- Up-to-date: /home/admin1/URC/install/interbotix_xs_msgs/include/interbotix_xs_msgs/interbotix_xs_msgs/srv/detail
[23.429s] -- Up-to-date: /home/admin1/URC/install/interbotix_xs_msgs/include/interbotix_xs_msgs/interbotix_xs_msgs/srv/detail/robot_info__rosidl_typesupport_introspection_cpp.hpp
[23.437s] -- Up-to-date: /home/admin1/URC/install/interbotix_xs_msgs/include/interbotix_xs_msgs/interbotix_xs_msgs/srv/detail/torque_enable__rosidl_typesupport_introspection_cpp.hpp
[23.439s] -- Up-to-date: /home/admin1/URC/install/interbotix_xs_msgs/include/interbotix_xs_msgs/interbotix_xs_msgs/srv/detail/torque_enable__type_support.cpp
[23.441s] -- Up-to-date: /home/admin1/URC/install/interbotix_xs_msgs/include/interbotix_xs_msgs/interbotix_xs_msgs/srv/detail/operating_modes__rosidl_typesupport_introspection_cpp.hpp
[23.450s] -- Up-to-date: /home/admin1/URC/install/interbotix_xs_msgs/include/interbotix_xs_msgs/interbotix_xs_msgs/srv/detail/motor_gains__type_support.cpp
[23.450s] -- Up-to-date: /home/admin1/URC/install/interbotix_xs_msgs/include/interbotix_xs_msgs/interbotix_xs_msgs/srv/detail/robot_info__type_support.cpp
[23.451s] -- Up-to-date: /home/admin1/URC/install/interbotix_xs_msgs/include/interbotix_xs_msgs/interbotix_xs_msgs/srv/detail/reboot__type_support.cpp
[23.470s] -- Up-to-date: /home/admin1/URC/install/interbotix_xs_msgs/include/interbotix_xs_msgs/interbotix_xs_msgs/srv/detail/register_values__type_support.cpp
[23.471s] -- Up-to-date: /home/admin1/URC/install/interbotix_xs_msgs/include/interbotix_xs_msgs/interbotix_xs_msgs/srv/detail/reboot__rosidl_typesupport_introspection_cpp.hpp
[23.471s] -- Up-to-date: /home/admin1/URC/install/interbotix_xs_msgs/include/interbotix_xs_msgs/interbotix_xs_msgs/srv/detail/operating_modes__type_support.cpp
[23.486s] -- Up-to-date: /home/admin1/URC/install/interbotix_xs_msgs/include/interbotix_xs_msgs/interbotix_xs_msgs/srv/detail/motor_gains__rosidl_typesupport_introspection_cpp.hpp
[23.492s] -- Up-to-date: /home/admin1/URC/install/interbotix_xs_msgs/include/interbotix_xs_msgs/interbotix_xs_msgs/srv/detail/register_values__rosidl_typesupport_introspection_cpp.hpp
[23.507s] -- Up-to-date: /home/admin1/URC/install/interbotix_xs_msgs/lib/libinterbotix_xs_msgs__rosidl_typesupport_introspection_cpp.so
[23.515s] -- Up-to-date: /home/admin1/URC/install/interbotix_xs_msgs/lib/libinterbotix_xs_msgs__rosidl_typesupport_cpp.so
[23.537s] -- Up-to-date: /home/admin1/URC/install/interbotix_xs_msgs/share/interbotix_xs_msgs/environment/pythonpath.sh
[23.557s] -- Up-to-date: /home/admin1/URC/install/interbotix_xs_msgs/share/interbotix_xs_msgs/environment/pythonpath.dsv
[23.562s] -- Up-to-date: /home/admin1/URC/install/interbotix_xs_msgs/lib/python3.12/site-packages/interbotix_xs_msgs-0.0.0-py3.12.egg-info
[23.570s] -- Installing: /home/admin1/URC/install/interbotix_xs_msgs/lib/python3.12/site-packages/interbotix_xs_msgs-0.0.0-py3.12.egg-info/top_level.txt
[23.572s] -- Installing: /home/admin1/URC/install/interbotix_xs_msgs/lib/python3.12/site-packages/interbotix_xs_msgs-0.0.0-py3.12.egg-info/PKG-INFO
[23.582s] -- Installing: /home/admin1/URC/install/interbotix_xs_msgs/lib/python3.12/site-packages/interbotix_xs_msgs-0.0.0-py3.12.egg-info/SOURCES.txt
[23.593s] -- Installing: /home/admin1/URC/install/interbotix_xs_msgs/lib/python3.12/site-packages/interbotix_xs_msgs-0.0.0-py3.12.egg-info/dependency_links.txt
[23.594s] -- Up-to-date: /home/admin1/URC/install/interbotix_xs_msgs/lib/python3.12/site-packages/interbotix_xs_msgs
[23.602s] -- Up-to-date: /home/admin1/URC/install/interbotix_xs_msgs/lib/python3.12/site-packages/interbotix_xs_msgs/interbotix_xs_msgs_s__rosidl_typesupport_introspection_c.so
[23.610s] -- Up-to-date: /home/admin1/URC/install/interbotix_xs_msgs/lib/python3.12/site-packages/interbotix_xs_msgs/_interbotix_xs_msgs_s.ep.rosidl_typesupport_introspection_c.c
[23.620s] -- Up-to-date: /home/admin1/URC/install/interbotix_xs_msgs/lib/python3.12/site-packages/interbotix_xs_msgs/msg
[23.621s] -- Up-to-date: /home/admin1/URC/install/interbotix_xs_msgs/lib/python3.12/site-packages/interbotix_xs_msgs/msg/_joint_temps_s.c
[23.626s] -- Up-to-date: /home/admin1/URC/install/interbotix_xs_msgs/lib/python3.12/site-packages/interbotix_xs_msgs/msg/_joint_temps.py
[23.631s] -- Up-to-date: /home/admin1/URC/install/interbotix_xs_msgs/lib/python3.12/site-packages/interbotix_xs_msgs/msg/_hex_joy.py
[23.638s] -- Up-to-date: /home/admin1/URC/install/interbotix_xs_msgs/lib/python3.12/site-packages/interbotix_xs_msgs/msg/_joint_trajectory_command_s.c
[23.639s] -- Up-to-date: /home/admin1/URC/install/interbotix_xs_msgs/lib/python3.12/site-packages/interbotix_xs_msgs/msg/__init__.py
[23.644s] -- Up-to-date: /home/admin1/URC/install/interbotix_xs_msgs/lib/python3.12/site-packages/interbotix_xs_msgs/msg/_arm_joy.py
[23.646s] -- Up-to-date: /home/admin1/URC/install/interbotix_xs_msgs/lib/python3.12/site-packages/interbotix_xs_msgs/msg/_hex_joy_s.c
[23.662s] -- Up-to-date: /home/admin1/URC/install/interbotix_xs_msgs/lib/python3.12/site-packages/interbotix_xs_msgs/msg/_arm_joy_s.c
[23.670s] -- Up-to-date: /home/admin1/URC/install/interbotix_xs_msgs/lib/python3.12/site-packages/interbotix_xs_msgs/msg/_turret_joy.py
[23.671s] -- Up-to-date: /home/admin1/URC/install/interbotix_xs_msgs/lib/python3.12/site-packages/interbotix_xs_msgs/msg/_joint_single_command.py
[23.671s] -- Up-to-date: /home/admin1/URC/install/interbotix_xs_msgs/lib/python3.12/site-packages/interbotix_xs_msgs/msg/_joint_group_command_s.c
[23.684s] -- Up-to-date: /home/admin1/URC/install/interbotix_xs_msgs/lib/python3.12/site-packages/interbotix_xs_msgs/msg/_joint_group_command.py
[23.694s] -- Up-to-date: /home/admin1/URC/install/interbotix_xs_msgs/lib/python3.12/site-packages/interbotix_xs_msgs/msg/_locobot_joy_s.c
[23.695s] -- Up-to-date: /home/admin1/URC/install/interbotix_xs_msgs/lib/python3.12/site-packages/interbotix_xs_msgs/msg/_joint_single_command_s.c
[23.696s] -- Up-to-date: /home/admin1/URC/install/interbotix_xs_msgs/lib/python3.12/site-packages/interbotix_xs_msgs/msg/_joint_trajectory_command.py
[23.707s] -- Up-to-date: /home/admin1/URC/install/interbotix_xs_msgs/lib/python3.12/site-packages/interbotix_xs_msgs/msg/_locobot_joy.py
[23.709s] -- Up-to-date: /home/admin1/URC/install/interbotix_xs_msgs/lib/python3.12/site-packages/interbotix_xs_msgs/msg/_turret_joy_s.c
[23.715s] -- Up-to-date: /home/admin1/URC/install/interbotix_xs_msgs/lib/python3.12/site-packages/interbotix_xs_msgs/__init__.py
[23.716s] -- Up-to-date: /home/admin1/URC/install/interbotix_xs_msgs/lib/python3.12/site-packages/interbotix_xs_msgs/_interbotix_xs_msgs_s.ep.rosidl_typesupport_fastrtps_c.c
[23.721s] -- Up-to-date: /home/admin1/URC/install/interbotix_xs_msgs/lib/python3.12/site-packages/interbotix_xs_msgs/srv
[23.728s] -- Up-to-date: /home/admin1/URC/install/interbotix_xs_msgs/lib/python3.12/site-packages/interbotix_xs_msgs/srv/_register_values_s.c
[23.730s] -- Up-to-date: /home/admin1/URC/install/interbotix_xs_msgs/lib/python3.12/site-packages/interbotix_xs_msgs/srv/_torque_enable_s.c
[23.740s] -- Up-to-date: /home/admin1/URC/install/interbotix_xs_msgs/lib/python3.12/site-packages/interbotix_xs_msgs/srv/_register_values.py
[23.740s] -- Up-to-date: /home/admin1/URC/install/interbotix_xs_msgs/lib/python3.12/site-packages/interbotix_xs_msgs/srv/_operating_modes_s.c
[23.749s] -- Up-to-date: /home/admin1/URC/install/interbotix_xs_msgs/lib/python3.12/site-packages/interbotix_xs_msgs/srv/__init__.py
[23.750s] -- Up-to-date: /home/admin1/URC/install/interbotix_xs_msgs/lib/python3.12/site-packages/interbotix_xs_msgs/srv/_motor_gains.py
[23.764s] -- Up-to-date: /home/admin1/URC/install/interbotix_xs_msgs/lib/python3.12/site-packages/interbotix_xs_msgs/srv/_reboot.py
[23.767s] -- Up-to-date: /home/admin1/URC/install/interbotix_xs_msgs/lib/python3.12/site-packages/interbotix_xs_msgs/srv/_motor_gains_s.c
[23.772s] -- Up-to-date: /home/admin1/URC/install/interbotix_xs_msgs/lib/python3.12/site-packages/interbotix_xs_msgs/srv/_robot_info_s.c
[23.773s] -- Up-to-date: /home/admin1/URC/install/interbotix_xs_msgs/lib/python3.12/site-packages/interbotix_xs_msgs/srv/_reboot_s.c
[23.784s] -- Up-to-date: /home/admin1/URC/install/interbotix_xs_msgs/lib/python3.12/site-packages/interbotix_xs_msgs/srv/_operating_modes.py
[23.787s] -- Up-to-date: /home/admin1/URC/install/interbotix_xs_msgs/lib/python3.12/site-packages/interbotix_xs_msgs/srv/_robot_info.py
[23.804s] -- Up-to-date: /home/admin1/URC/install/interbotix_xs_msgs/lib/python3.12/site-packages/interbotix_xs_msgs/srv/_torque_enable.py
[23.806s] -- Up-to-date: /home/admin1/URC/install/interbotix_xs_msgs/lib/python3.12/site-packages/interbotix_xs_msgs/interbotix_xs_msgs_s__rosidl_typesupport_c.so
[23.810s] -- Up-to-date: /home/admin1/URC/install/interbotix_xs_msgs/lib/python3.12/site-packages/interbotix_xs_msgs/interbotix_xs_msgs_s__rosidl_typesupport_fastrtps_c.so
[23.818s] -- Up-to-date: /home/admin1/URC/install/interbotix_xs_msgs/lib/python3.12/site-packages/interbotix_xs_msgs/_interbotix_xs_msgs_s.ep.rosidl_typesupport_c.c
[23.833s] Listing '/home/admin1/URC/install/interbotix_xs_msgs/lib/python3.12/site-packages/interbotix_xs_msgs'...
[23.847s] Listing '/home/admin1/URC/install/interbotix_xs_msgs/lib/python3.12/site-packages/interbotix_xs_msgs/msg'...
[23.852s] Listing '/home/admin1/URC/install/interbotix_xs_msgs/lib/python3.12/site-packages/interbotix_xs_msgs/srv'...
[23.853s] -- Up-to-date: /home/admin1/URC/install/interbotix_xs_msgs/lib/python3.12/site-packages/interbotix_xs_msgs/interbotix_xs_msgs_s__rosidl_typesupport_fastrtps_c.so
[23.854s] -- Up-to-date: /home/admin1/URC/install/interbotix_xs_msgs/lib/python3.12/site-packages/interbotix_xs_msgs/interbotix_xs_msgs_s__rosidl_typesupport_introspection_c.so
[23.859s] -- Up-to-date: /home/admin1/URC/install/interbotix_xs_msgs/lib/python3.12/site-packages/interbotix_xs_msgs/interbotix_xs_msgs_s__rosidl_typesupport_c.so
[23.903s] -- Up-to-date: /home/admin1/URC/install/interbotix_xs_msgs/lib/libinterbotix_xs_msgs__rosidl_generator_py.so
[23.913s] -- Up-to-date: /home/admin1/URC/install/interbotix_xs_msgs/share/interbotix_xs_msgs/msg/ArmJoy.idl
[23.920s] -- Up-to-date: /home/admin1/URC/install/interbotix_xs_msgs/share/interbotix_xs_msgs/msg/HexJoy.idl
[23.925s] -- Up-to-date: /home/admin1/URC/install/interbotix_xs_msgs/share/interbotix_xs_msgs/msg/JointGroupCommand.idl
[23.942s] -- Up-to-date: /home/admin1/URC/install/interbotix_xs_msgs/share/interbotix_xs_msgs/msg/JointSingleCommand.idl
[23.943s] -- Up-to-date: /home/admin1/URC/install/interbotix_xs_msgs/share/interbotix_xs_msgs/msg/JointTemps.idl
[23.956s] -- Up-to-date: /home/admin1/URC/install/interbotix_xs_msgs/share/interbotix_xs_msgs/msg/JointTrajectoryCommand.idl
[23.963s] -- Up-to-date: /home/admin1/URC/install/interbotix_xs_msgs/share/interbotix_xs_msgs/msg/LocobotJoy.idl
[23.966s] -- Up-to-date: /home/admin1/URC/install/interbotix_xs_msgs/share/interbotix_xs_msgs/msg/TurretJoy.idl
[23.984s] -- Up-to-date: /home/admin1/URC/install/interbotix_xs_msgs/share/interbotix_xs_msgs/srv/MotorGains.idl
[23.988s] -- Up-to-date: /home/admin1/URC/install/interbotix_xs_msgs/share/interbotix_xs_msgs/srv/OperatingModes.idl
[23.998s] -- Up-to-date: /home/admin1/URC/install/interbotix_xs_msgs/share/interbotix_xs_msgs/srv/Reboot.idl
[23.999s] -- Up-to-date: /home/admin1/URC/install/interbotix_xs_msgs/share/interbotix_xs_msgs/srv/RegisterValues.idl
[24.005s] -- Up-to-date: /home/admin1/URC/install/interbotix_xs_msgs/share/interbotix_xs_msgs/srv/RobotInfo.idl
[24.008s] -- Up-to-date: /home/admin1/URC/install/interbotix_xs_msgs/share/interbotix_xs_msgs/srv/TorqueEnable.idl
[24.016s] -- Up-to-date: /home/admin1/URC/install/interbotix_xs_msgs/share/interbotix_xs_msgs/msg/ArmJoy.msg
[24.026s] -- Up-to-date: /home/admin1/URC/install/interbotix_xs_msgs/share/interbotix_xs_msgs/msg/HexJoy.msg
[24.027s] -- Up-to-date: /home/admin1/URC/install/interbotix_xs_msgs/share/interbotix_xs_msgs/msg/JointGroupCommand.msg
[24.033s] -- Up-to-date: /home/admin1/URC/install/interbotix_xs_msgs/share/interbotix_xs_msgs/msg/JointSingleCommand.msg
[24.040s] -- Up-to-date: /home/admin1/URC/install/interbotix_xs_msgs/share/interbotix_xs_msgs/msg/JointTemps.msg
[24.046s] -- Up-to-date: /home/admin1/URC/install/interbotix_xs_msgs/share/interbotix_xs_msgs/msg/JointTrajectoryCommand.msg
[24.069s] -- Up-to-date: /home/admin1/URC/install/interbotix_xs_msgs/share/interbotix_xs_msgs/msg/LocobotJoy.msg
[24.070s] -- Up-to-date: /home/admin1/URC/install/interbotix_xs_msgs/share/interbotix_xs_msgs/msg/TurretJoy.msg
[24.078s] -- Up-to-date: /home/admin1/URC/install/interbotix_xs_msgs/share/interbotix_xs_msgs/srv/MotorGains.srv
[24.080s] -- Up-to-date: /home/admin1/URC/install/interbotix_xs_msgs/share/interbotix_xs_msgs/srv/OperatingModes.srv
[24.083s] -- Up-to-date: /home/admin1/URC/install/interbotix_xs_msgs/share/interbotix_xs_msgs/srv/Reboot.srv
[24.092s] -- Up-to-date: /home/admin1/URC/install/interbotix_xs_msgs/share/interbotix_xs_msgs/srv/RegisterValues.srv
[24.098s] -- Up-to-date: /home/admin1/URC/install/interbotix_xs_msgs/share/interbotix_xs_msgs/srv/RobotInfo.srv
[24.098s] -- Up-to-date: /home/admin1/URC/install/interbotix_xs_msgs/share/interbotix_xs_msgs/srv/TorqueEnable.srv
[24.100s] -- Up-to-date: /home/admin1/URC/install/interbotix_xs_msgs/share/ament_index/resource_index/package_run_dependencies/interbotix_xs_msgs
[24.116s] -- Up-to-date: /home/admin1/URC/install/interbotix_xs_msgs/share/ament_index/resource_index/parent_prefix_path/interbotix_xs_msgs
[24.117s] -- Up-to-date: /home/admin1/URC/install/interbotix_xs_msgs/share/interbotix_xs_msgs/environment/ament_prefix_path.sh
[24.125s] -- Up-to-date: /home/admin1/URC/install/interbotix_xs_msgs/share/interbotix_xs_msgs/environment/ament_prefix_path.dsv
[24.131s] -- Up-to-date: /home/admin1/URC/install/interbotix_xs_msgs/share/interbotix_xs_msgs/environment/path.sh
[24.138s] -- Up-to-date: /home/admin1/URC/install/interbotix_xs_msgs/share/interbotix_xs_msgs/environment/path.dsv
[24.153s] -- Up-to-date: /home/admin1/URC/install/interbotix_xs_msgs/share/interbotix_xs_msgs/local_setup.bash
[24.170s] -- Up-to-date: /home/admin1/URC/install/interbotix_xs_msgs/share/interbotix_xs_msgs/local_setup.sh
[24.175s] -- Up-to-date: /home/admin1/URC/install/interbotix_xs_msgs/share/interbotix_xs_msgs/local_setup.zsh
[24.176s] -- Up-to-date: /home/admin1/URC/install/interbotix_xs_msgs/share/interbotix_xs_msgs/local_setup.dsv
[24.177s] -- Installing: /home/admin1/URC/install/interbotix_xs_msgs/share/interbotix_xs_msgs/package.dsv
[24.180s] -- Up-to-date: /home/admin1/URC/install/interbotix_xs_msgs/share/ament_index/resource_index/packages/interbotix_xs_msgs
[24.181s] -- Up-to-date: /home/admin1/URC/install/interbotix_xs_msgs/share/interbotix_xs_msgs/cmake/export_interbotix_xs_msgs__rosidl_generator_cExport.cmake
[24.181s] -- Up-to-date: /home/admin1/URC/install/interbotix_xs_msgs/share/interbotix_xs_msgs/cmake/export_interbotix_xs_msgs__rosidl_generator_cExport-noconfig.cmake
[24.184s] -- Up-to-date: /home/admin1/URC/install/interbotix_xs_msgs/share/interbotix_xs_msgs/cmake/export_interbotix_xs_msgs__rosidl_typesupport_fastrtps_cExport.cmake
[24.185s] -- Up-to-date: /home/admin1/URC/install/interbotix_xs_msgs/share/interbotix_xs_msgs/cmake/export_interbotix_xs_msgs__rosidl_typesupport_fastrtps_cExport-noconfig.cmake
[24.186s] -- Up-to-date: /home/admin1/URC/install/interbotix_xs_msgs/share/interbotix_xs_msgs/cmake/interbotix_xs_msgs__rosidl_typesupport_introspection_cExport.cmake
[24.189s] -- Up-to-date: /home/admin1/URC/install/interbotix_xs_msgs/share/interbotix_xs_msgs/cmake/interbotix_xs_msgs__rosidl_typesupport_introspection_cExport-noconfig.cmake
[24.190s] -- Up-to-date: /home/admin1/URC/install/interbotix_xs_msgs/share/interbotix_xs_msgs/cmake/interbotix_xs_msgs__rosidl_typesupport_cExport.cmake
[24.197s] -- Up-to-date: /home/admin1/URC/install/interbotix_xs_msgs/share/interbotix_xs_msgs/cmake/interbotix_xs_msgs__rosidl_typesupport_cExport-noconfig.cmake
[24.212s] -- Up-to-date: /home/admin1/URC/install/interbotix_xs_msgs/share/interbotix_xs_msgs/cmake/export_interbotix_xs_msgs__rosidl_generator_cppExport.cmake
[24.213s] -- Up-to-date: /home/admin1/URC/install/interbotix_xs_msgs/share/interbotix_xs_msgs/cmake/export_interbotix_xs_msgs__rosidl_typesupport_fastrtps_cppExport.cmake
[24.225s] -- Up-to-date: /home/admin1/URC/install/interbotix_xs_msgs/share/interbotix_xs_msgs/cmake/export_interbotix_xs_msgs__rosidl_typesupport_fastrtps_cppExport-noconfig.cmake
[24.227s] -- Up-to-date: /home/admin1/URC/install/interbotix_xs_msgs/share/interbotix_xs_msgs/cmake/interbotix_xs_msgs__rosidl_typesupport_introspection_cppExport.cmake
[24.237s] -- Up-to-date: /home/admin1/URC/install/interbotix_xs_msgs/share/interbotix_xs_msgs/cmake/interbotix_xs_msgs__rosidl_typesupport_introspection_cppExport-noconfig.cmake
[24.239s] -- Up-to-date: /home/admin1/URC/install/interbotix_xs_msgs/share/interbotix_xs_msgs/cmake/interbotix_xs_msgs__rosidl_typesupport_cppExport.cmake
[24.239s] -- Up-to-date: /home/admin1/URC/install/interbotix_xs_msgs/share/interbotix_xs_msgs/cmake/interbotix_xs_msgs__rosidl_typesupport_cppExport-noconfig.cmake
[24.262s] -- Up-to-date: /home/admin1/URC/install/interbotix_xs_msgs/share/interbotix_xs_msgs/cmake/export_interbotix_xs_msgs__rosidl_generator_pyExport.cmake
[24.264s] -- Up-to-date: /home/admin1/URC/install/interbotix_xs_msgs/share/interbotix_xs_msgs/cmake/export_interbotix_xs_msgs__rosidl_generator_pyExport-noconfig.cmake
[24.264s] -- Up-to-date: /home/admin1/URC/install/interbotix_xs_msgs/share/interbotix_xs_msgs/cmake/rosidl_cmake-extras.cmake
[24.269s] -- Up-to-date: /home/admin1/URC/install/interbotix_xs_msgs/share/interbotix_xs_msgs/cmake/ament_cmake_export_dependencies-extras.cmake
[24.276s] -- Up-to-date: /home/admin1/URC/install/interbotix_xs_msgs/share/interbotix_xs_msgs/cmake/ament_cmake_export_include_directories-extras.cmake
[24.277s] -- Up-to-date: /home/admin1/URC/install/interbotix_xs_msgs/share/interbotix_xs_msgs/cmake/ament_cmake_export_libraries-extras.cmake
[24.284s] -- Up-to-date: /home/admin1/URC/install/interbotix_xs_msgs/share/interbotix_xs_msgs/cmake/ament_cmake_export_targets-extras.cmake
[24.285s] -- Up-to-date: /home/admin1/URC/install/interbotix_xs_msgs/share/interbotix_xs_msgs/cmake/rosidl_cmake_export_typesupport_targets-extras.cmake
[24.286s] -- Up-to-date: /home/admin1/URC/install/interbotix_xs_msgs/share/interbotix_xs_msgs/cmake/rosidl_cmake_export_typesupport_libraries-extras.cmake
[24.292s] -- Up-to-date: /home/admin1/URC/install/interbotix_xs_msgs/share/interbotix_xs_msgs/cmake/interbotix_xs_msgsConfig.cmake
[24.293s] -- Up-to-date: /home/admin1/URC/install/interbotix_xs_msgs/share/interbotix_xs_msgs/cmake/interbotix_xs_msgsConfig-version.cmake
[24.294s] -- Up-to-date: /home/admin1/URC/install/interbotix_xs_msgs/share/interbotix_xs_msgs/package.xml
[24.297s] Invoked command in '/home/admin1/URC/build/interbotix_xs_msgs' returned '0': CMAKE_PREFIX_PATH=${CMAKE_PREFIX_PATH}:/home/admin1/URC/install/modern_robotics:/home/admin1/URC/install/interbotix_xs_modules:/home/admin1/URC/install/interbotix_common_modules:/home/admin1/URC/install/IMU_control:/opt/ros/jazzy DEBUGINFOD_URLS=https://debuginfod.ubuntu.com /usr/bin/cmake --install /home/admin1/URC/build/interbotix_xs_msgs
