running egg_info
creating ../../../build/modern_robotics/modern_robotics.egg-info
writing ../../../build/modern_robotics/modern_robotics.egg-info/PKG-INFO
writing dependency_links to ../../../build/modern_robotics/modern_robotics.egg-info/dependency_links.txt
writing entry points to ../../../build/modern_robotics/modern_robotics.egg-info/entry_points.txt
writing requirements to ../../../build/modern_robotics/modern_robotics.egg-info/requires.txt
writing top-level names to ../../../build/modern_robotics/modern_robotics.egg-info/top_level.txt
writing manifest file '../../../build/modern_robotics/modern_robotics.egg-info/SOURCES.txt'
reading manifest file '../../../build/modern_robotics/modern_robotics.egg-info/SOURCES.txt'
writing manifest file '../../../build/modern_robotics/modern_robotics.egg-info/SOURCES.txt'
running build
running build_py
creating /home/adam/URC/build/modern_robotics/build
creating /home/adam/URC/build/modern_robotics/build/lib
creating /home/adam/URC/build/modern_robotics/build/lib/modern_robotics
copying modern_robotics/__init__.py -> /home/adam/URC/build/modern_robotics/build/lib/modern_robotics
copying modern_robotics/core.py -> /home/adam/URC/build/modern_robotics/build/lib/modern_robotics
running install
running install_lib
creating /home/adam/URC/install/modern_robotics/lib/python3.8/site-packages/modern_robotics
copying /home/adam/URC/build/modern_robotics/build/lib/modern_robotics/__init__.py -> /home/adam/URC/install/modern_robotics/lib/python3.8/site-packages/modern_robotics
copying /home/adam/URC/build/modern_robotics/build/lib/modern_robotics/core.py -> /home/adam/URC/install/modern_robotics/lib/python3.8/site-packages/modern_robotics
byte-compiling /home/adam/URC/install/modern_robotics/lib/python3.8/site-packages/modern_robotics/__init__.py to __init__.cpython-38.pyc
byte-compiling /home/adam/URC/install/modern_robotics/lib/python3.8/site-packages/modern_robotics/core.py to core.cpython-38.pyc
running install_data
creating /home/adam/URC/install/modern_robotics/share/ament_index
creating /home/adam/URC/install/modern_robotics/share/ament_index/resource_index
creating /home/adam/URC/install/modern_robotics/share/ament_index/resource_index/packages
copying resource/modern_robotics -> /home/adam/URC/install/modern_robotics/share/ament_index/resource_index/packages
copying package.xml -> /home/adam/URC/install/modern_robotics/share/modern_robotics
running install_egg_info
Copying ../../../build/modern_robotics/modern_robotics.egg-info to /home/adam/URC/install/modern_robotics/lib/python3.8/site-packages/modern_robotics-0.0.0-py3.8.egg-info
running install_scripts
writing list of installed files to '/home/adam/URC/build/modern_robotics/install.log'
