[0.011s] Invoking command in '/home/ayaan/URC/URC/build/interbotix_xs_sdk': AMENT_PREFIX_PATH=/home/ayaan/URC/URC/install/interbotix_xs_driver:/home/ayaan/URC/URC/install/dynamixel_workbench_toolbox:/home/ayaan/URC/URC/install/interbotix_xs_msgs:/home/ayaan/URC/URC/install/dynamixel_sdk:${AMENT_PREFIX_PATH} CMAKE_PREFIX_PATH=/home/ayaan/URC/URC/install/interbotix_xs_driver:/home/ayaan/URC/URC/install/dynamixel_workbench_toolbox:/home/ayaan/URC/URC/install/interbotix_xs_msgs:/home/ayaan/URC/URC/install/dynamixel_sdk:/home/ayaan/imprimis/imprimis_ws/install/umx_driver:/home/ayaan/imprimis/imprimis_ws/install/imprimis_hardware_platform:/home/ayaan/imprimis/imprimis_ws/install/serial:/home/ayaan/imprimis/imprimis_ws/install/scanmatcher:/home/ayaan/imprimis/imprimis_ws/install/graph_based_slam:/home/ayaan/imprimis/imprimis_ws/install/ndt_omp_ros2:/home/ayaan/imprimis/imprimis_ws/install/lidarslam_msgs:/home/ayaan/imprimis/imprimis_ws/install/imprimis_navigation:/home/ayaan/imprimis/imprimis_ws/install/imprimis_description:/home/ayaan/ros2_ws/install/turtlesim:/opt/ros/jazzy/opt/gz_sim_vendor:/opt/ros/jazzy/opt/gz_sensors_vendor:/opt/ros/jazzy/opt/gz_physics_vendor:/opt/ros/jazzy/opt/sdformat_vendor:/opt/ros/jazzy/opt/gz_gui_vendor:/opt/ros/jazzy/opt/gz_transport_vendor:/opt/ros/jazzy/opt/gz_rendering_vendor:/opt/ros/jazzy/opt/gz_plugin_vendor:/opt/ros/jazzy/opt/gz_fuel_tools_vendor:/opt/ros/jazzy/opt/gz_msgs_vendor:/opt/ros/jazzy/opt/gz_common_vendor:/opt/ros/jazzy/opt/gz_math_vendor:/opt/ros/jazzy/opt/gz_utils_vendor:/opt/ros/jazzy/opt/gz_tools_vendor:/opt/ros/jazzy/opt/gz_ogre_next_vendor:/opt/ros/jazzy/opt/gz_dartsim_vendor:/opt/ros/jazzy/opt/gz_cmake_vendor:/home/ayaan/imprimis/imprimis_ws/install/utils:/home/ayaan/imprimis/imprimis_ws/install/map_goal_to_odom:/home/ayaan/imprimis/imprimis_ws/install/gps_nav_bridge:/opt/ros/jazzy DEBUGINFOD_URLS=https://debuginfod.ubuntu.com LD_LIBRARY_PATH=/home/ayaan/URC/URC/install/interbotix_xs_driver/lib:/home/ayaan/URC/URC/install/dynamixel_workbench_toolbox/lib:/home/ayaan/URC/URC/install/interbotix_xs_msgs/lib:/home/ayaan/URC/URC/install/dynamixel_sdk/lib:${LD_LIBRARY_PATH} PYTHONPATH=/home/ayaan/URC/URC/install/interbotix_xs_msgs/lib/python3.12/site-packages:/home/ayaan/URC/URC/install/dynamixel_sdk/lib/python3.12/site-packages:${PYTHONPATH} /usr/bin/cmake /home/ayaan/URC/URC/urc_ws_interbotix/src/interbotix_xs_sdk -DCMAKE_INSTALL_PREFIX=/home/ayaan/URC/URC/install/interbotix_xs_sdk
[0.051s] -- The C compiler identification is GNU 13.3.0
[0.088s] -- The CXX compiler identification is GNU 13.3.0
[0.099s] -- Detecting C compiler ABI info
[0.156s] -- Detecting C compiler ABI info - done
[0.161s] -- Check for working C compiler: /usr/bin/cc - skipped
[0.161s] -- Detecting C compile features
[0.161s] -- Detecting C compile features - done
[0.168s] -- Detecting CXX compiler ABI info
[0.232s] -- Detecting CXX compiler ABI info - done
[0.237s] -- Check for working CXX compiler: /usr/bin/c++ - skipped
[0.237s] -- Detecting CXX compile features
[0.237s] -- Detecting CXX compile features - done
[0.240s] -- Found ament_cmake: 2.5.5 (/opt/ros/jazzy/share/ament_cmake/cmake)
[0.340s] -- Found Python3: /usr/bin/python3 (found version "3.12.3") found components: Interpreter 
[0.414s] -- Found ament_index_cpp: 1.8.2 (/opt/ros/jazzy/share/ament_index_cpp/cmake)
[0.416s] -- Found rclcpp: 28.1.16 (/opt/ros/jazzy/share/rclcpp/cmake)
[0.445s] -- Found rosidl_generator_c: 4.6.7 (/opt/ros/jazzy/share/rosidl_generator_c/cmake)
[0.455s] -- Found rosidl_generator_cpp: 4.6.7 (/opt/ros/jazzy/share/rosidl_generator_cpp/cmake)
[0.466s] -- Using all available rosidl_typesupport_c: rosidl_typesupport_fastrtps_c;rosidl_typesupport_introspection_c
[0.477s] -- Using all available rosidl_typesupport_cpp: rosidl_typesupport_fastrtps_cpp;rosidl_typesupport_introspection_cpp
[0.528s] -- Found rmw_implementation_cmake: 7.3.3 (/opt/ros/jazzy/share/rmw_implementation_cmake/cmake)
[0.530s] -- Found rmw_fastrtps_cpp: 8.4.3 (/opt/ros/jazzy/share/rmw_fastrtps_cpp/cmake)
[0.588s] -- Found OpenSSL: /usr/lib/x86_64-linux-gnu/libcrypto.so (found version "3.0.13")  
[0.604s] -- Found FastRTPS: /opt/ros/jazzy/include (Required is at least version "2.13") 
[0.626s] -- Using RMW implementation 'rmw_fastrtps_cpp' as default
[0.680s] -- Found rclpy: 7.1.9 (/opt/ros/jazzy/share/rclpy/cmake)
[0.683s] -- Found sensor_msgs: 5.3.6 (/opt/ros/jazzy/share/sensor_msgs/cmake)
[0.728s] -- Found urdf: 2.10.0 (/opt/ros/jazzy/share/urdf/cmake)
[0.765s] -- Found interbotix_xs_msgs: 0.0.0 (/home/ayaan/URC/URC/install/interbotix_xs_msgs/share/interbotix_xs_msgs/cmake)
[0.798s] -- Found interbotix_xs_driver: 0.3.7 (/home/ayaan/URC/URC/install/interbotix_xs_driver/share/interbotix_xs_driver/cmake)
[0.805s] -- Found ament_lint_auto: 0.17.4 (/opt/ros/jazzy/share/ament_lint_auto/cmake)
[0.880s] -- Added test 'copyright' to check source files copyright and LICENSE
[0.881s] -- Added test 'cppcheck' to perform static code analysis on C / C++ code
[0.881s] -- Configured cppcheck include dirs: /home/ayaan/URC/URC/urc_ws_interbotix/src/interbotix_xs_sdk/include
[0.881s] -- Configured cppcheck exclude dirs and/or files: 
[0.882s] -- Added test 'cpplint' to check C / C++ code against the Google style
[0.882s] -- Configured cpplint exclude dirs and/or files: 
[0.882s] -- Added test 'flake8' to check Python code syntax and style conventions
[0.882s] -- Configured 'flake8' exclude dirs and/or files: 
[0.883s] -- Added test 'lint_cmake' to check CMake code style
[0.883s] -- Added test 'pep257' to check Python code against some of the docstring style conventions in PEP 257
[0.884s] -- Added test 'uncrustify' to check C / C++ code style
[0.884s] -- Configured uncrustify additional arguments: 
[0.884s] -- Added test 'xmllint' to check XML markup files
[0.885s] -- Configuring done (0.9s)
[0.894s] -- Generating done (0.0s)
[0.896s] -- Build files have been written to: /home/ayaan/URC/URC/build/interbotix_xs_sdk
[0.906s] Invoked command in '/home/ayaan/URC/URC/build/interbotix_xs_sdk' returned '0': AMENT_PREFIX_PATH=/home/ayaan/URC/URC/install/interbotix_xs_driver:/home/ayaan/URC/URC/install/dynamixel_workbench_toolbox:/home/ayaan/URC/URC/install/interbotix_xs_msgs:/home/ayaan/URC/URC/install/dynamixel_sdk:${AMENT_PREFIX_PATH} CMAKE_PREFIX_PATH=/home/ayaan/URC/URC/install/interbotix_xs_driver:/home/ayaan/URC/URC/install/dynamixel_workbench_toolbox:/home/ayaan/URC/URC/install/interbotix_xs_msgs:/home/ayaan/URC/URC/install/dynamixel_sdk:/home/ayaan/imprimis/imprimis_ws/install/umx_driver:/home/ayaan/imprimis/imprimis_ws/install/imprimis_hardware_platform:/home/ayaan/imprimis/imprimis_ws/install/serial:/home/ayaan/imprimis/imprimis_ws/install/scanmatcher:/home/ayaan/imprimis/imprimis_ws/install/graph_based_slam:/home/ayaan/imprimis/imprimis_ws/install/ndt_omp_ros2:/home/ayaan/imprimis/imprimis_ws/install/lidarslam_msgs:/home/ayaan/imprimis/imprimis_ws/install/imprimis_navigation:/home/ayaan/imprimis/imprimis_ws/install/imprimis_description:/home/ayaan/ros2_ws/install/turtlesim:/opt/ros/jazzy/opt/gz_sim_vendor:/opt/ros/jazzy/opt/gz_sensors_vendor:/opt/ros/jazzy/opt/gz_physics_vendor:/opt/ros/jazzy/opt/sdformat_vendor:/opt/ros/jazzy/opt/gz_gui_vendor:/opt/ros/jazzy/opt/gz_transport_vendor:/opt/ros/jazzy/opt/gz_rendering_vendor:/opt/ros/jazzy/opt/gz_plugin_vendor:/opt/ros/jazzy/opt/gz_fuel_tools_vendor:/opt/ros/jazzy/opt/gz_msgs_vendor:/opt/ros/jazzy/opt/gz_common_vendor:/opt/ros/jazzy/opt/gz_math_vendor:/opt/ros/jazzy/opt/gz_utils_vendor:/opt/ros/jazzy/opt/gz_tools_vendor:/opt/ros/jazzy/opt/gz_ogre_next_vendor:/opt/ros/jazzy/opt/gz_dartsim_vendor:/opt/ros/jazzy/opt/gz_cmake_vendor:/home/ayaan/imprimis/imprimis_ws/install/utils:/home/ayaan/imprimis/imprimis_ws/install/map_goal_to_odom:/home/ayaan/imprimis/imprimis_ws/install/gps_nav_bridge:/opt/ros/jazzy DEBUGINFOD_URLS=https://debuginfod.ubuntu.com LD_LIBRARY_PATH=/home/ayaan/URC/URC/install/interbotix_xs_driver/lib:/home/ayaan/URC/URC/install/dynamixel_workbench_toolbox/lib:/home/ayaan/URC/URC/install/interbotix_xs_msgs/lib:/home/ayaan/URC/URC/install/dynamixel_sdk/lib:${LD_LIBRARY_PATH} PYTHONPATH=/home/ayaan/URC/URC/install/interbotix_xs_msgs/lib/python3.12/site-packages:/home/ayaan/URC/URC/install/dynamixel_sdk/lib/python3.12/site-packages:${PYTHONPATH} /usr/bin/cmake /home/ayaan/URC/URC/urc_ws_interbotix/src/interbotix_xs_sdk -DCMAKE_INSTALL_PREFIX=/home/ayaan/URC/URC/install/interbotix_xs_sdk
[0.907s] Invoking command in '/home/ayaan/URC/URC/build/interbotix_xs_sdk': AMENT_PREFIX_PATH=/home/ayaan/URC/URC/install/interbotix_xs_driver:/home/ayaan/URC/URC/install/dynamixel_workbench_toolbox:/home/ayaan/URC/URC/install/interbotix_xs_msgs:/home/ayaan/URC/URC/install/dynamixel_sdk:${AMENT_PREFIX_PATH} CMAKE_PREFIX_PATH=/home/ayaan/URC/URC/install/interbotix_xs_driver:/home/ayaan/URC/URC/install/dynamixel_workbench_toolbox:/home/ayaan/URC/URC/install/interbotix_xs_msgs:/home/ayaan/URC/URC/install/dynamixel_sdk:/home/ayaan/imprimis/imprimis_ws/install/umx_driver:/home/ayaan/imprimis/imprimis_ws/install/imprimis_hardware_platform:/home/ayaan/imprimis/imprimis_ws/install/serial:/home/ayaan/imprimis/imprimis_ws/install/scanmatcher:/home/ayaan/imprimis/imprimis_ws/install/graph_based_slam:/home/ayaan/imprimis/imprimis_ws/install/ndt_omp_ros2:/home/ayaan/imprimis/imprimis_ws/install/lidarslam_msgs:/home/ayaan/imprimis/imprimis_ws/install/imprimis_navigation:/home/ayaan/imprimis/imprimis_ws/install/imprimis_description:/home/ayaan/ros2_ws/install/turtlesim:/opt/ros/jazzy/opt/gz_sim_vendor:/opt/ros/jazzy/opt/gz_sensors_vendor:/opt/ros/jazzy/opt/gz_physics_vendor:/opt/ros/jazzy/opt/sdformat_vendor:/opt/ros/jazzy/opt/gz_gui_vendor:/opt/ros/jazzy/opt/gz_transport_vendor:/opt/ros/jazzy/opt/gz_rendering_vendor:/opt/ros/jazzy/opt/gz_plugin_vendor:/opt/ros/jazzy/opt/gz_fuel_tools_vendor:/opt/ros/jazzy/opt/gz_msgs_vendor:/opt/ros/jazzy/opt/gz_common_vendor:/opt/ros/jazzy/opt/gz_math_vendor:/opt/ros/jazzy/opt/gz_utils_vendor:/opt/ros/jazzy/opt/gz_tools_vendor:/opt/ros/jazzy/opt/gz_ogre_next_vendor:/opt/ros/jazzy/opt/gz_dartsim_vendor:/opt/ros/jazzy/opt/gz_cmake_vendor:/home/ayaan/imprimis/imprimis_ws/install/utils:/home/ayaan/imprimis/imprimis_ws/install/map_goal_to_odom:/home/ayaan/imprimis/imprimis_ws/install/gps_nav_bridge:/opt/ros/jazzy DEBUGINFOD_URLS=https://debuginfod.ubuntu.com LD_LIBRARY_PATH=/home/ayaan/URC/URC/install/interbotix_xs_driver/lib:/home/ayaan/URC/URC/install/dynamixel_workbench_toolbox/lib:/home/ayaan/URC/URC/install/interbotix_xs_msgs/lib:/home/ayaan/URC/URC/install/dynamixel_sdk/lib:${LD_LIBRARY_PATH} PYTHONPATH=/home/ayaan/URC/URC/install/interbotix_xs_msgs/lib/python3.12/site-packages:/home/ayaan/URC/URC/install/dynamixel_sdk/lib/python3.12/site-packages:${PYTHONPATH} /usr/bin/cmake --build /home/ayaan/URC/URC/build/interbotix_xs_sdk -- -j16 -l16
[0.946s] [ 33%] [32mBuilding CXX object CMakeFiles/xs_sdk.dir/src/xs_sdk.cpp.o[0m
[0.948s] [ 66%] [32mBuilding CXX object CMakeFiles/xs_sdk.dir/src/xs_sdk_obj.cpp.o[0m
[10.824s] [100%] [32m[1mLinking CXX executable xs_sdk[0m
[11.234s] [100%] Built target xs_sdk
