[0.412s] Invoking command in '/home/ayaan/URC/URC/urc_ws_interbotix/src/interbotix_xs_modules': AMENT_PREFIX_PATH=/home/ayaan/URC/URC/install/interbotix_xs_sdk:/home/ayaan/URC/URC/install/interbotix_xs_driver:/home/ayaan/URC/URC/install/dynamixel_workbench_toolbox:/home/ayaan/URC/URC/install/interbotix_xs_msgs:/home/ayaan/URC/URC/install/interbotix_common_modules:/home/ayaan/URC/URC/install/dynamixel_sdk:${AMENT_PREFIX_PATH} CMAKE_PREFIX_PATH=/home/ayaan/URC/URC/install/interbotix_xs_sdk:/home/ayaan/URC/URC/install/interbotix_xs_driver:/home/ayaan/URC/URC/install/dynamixel_workbench_toolbox:/home/ayaan/URC/URC/install/interbotix_xs_msgs:/home/ayaan/URC/URC/install/dynamixel_sdk:${CMAKE_PREFIX_PATH} DEBUGINFOD_URLS=https://debuginfod.ubuntu.com LD_LIBRARY_PATH=/home/ayaan/URC/URC/install/interbotix_xs_driver/lib:/home/ayaan/URC/URC/install/dynamixel_workbench_toolbox/lib:/home/ayaan/URC/URC/install/interbotix_xs_msgs/lib:/home/ayaan/URC/URC/install/dynamixel_sdk/lib:${LD_LIBRARY_PATH} PYTHONPATH=/home/ayaan/URC/URC/build/interbotix_xs_modules/prefix_override:/usr/lib/python3/dist-packages/colcon_core/task/python/colcon_distutils_commands:/home/ayaan/URC/URC/install/interbotix_xs_modules/lib/python3.12/site-packages:/home/ayaan/URC/URC/install/interbotix_xs_msgs/lib/python3.12/site-packages:/home/ayaan/URC/URC/install/interbotix_common_modules/lib/python3.12/site-packages:/home/ayaan/URC/URC/install/dynamixel_sdk/lib/python3.12/site-packages:${PYTHONPATH} /usr/bin/python3 -W ignore:setup.py install is deprecated -W ignore:easy_install command is deprecated setup.py egg_info --egg-base ../../../build/interbotix_xs_modules build --build-base /home/ayaan/URC/URC/build/interbotix_xs_modules/build install --record /home/ayaan/URC/URC/build/interbotix_xs_modules/install.log --single-version-externally-managed install_data
[0.534s] running egg_info
[0.534s] creating ../../../build/interbotix_xs_modules/interbotix_xs_modules.egg-info
[0.542s] writing ../../../build/interbotix_xs_modules/interbotix_xs_modules.egg-info/PKG-INFO
[0.544s] writing dependency_links to ../../../build/interbotix_xs_modules/interbotix_xs_modules.egg-info/dependency_links.txt
[0.544s] writing requirements to ../../../build/interbotix_xs_modules/interbotix_xs_modules.egg-info/requires.txt
[0.545s] writing top-level names to ../../../build/interbotix_xs_modules/interbotix_xs_modules.egg-info/top_level.txt
[0.545s] writing manifest file '../../../build/interbotix_xs_modules/interbotix_xs_modules.egg-info/SOURCES.txt'
[0.563s] reading manifest file '../../../build/interbotix_xs_modules/interbotix_xs_modules.egg-info/SOURCES.txt'
[0.563s] writing manifest file '../../../build/interbotix_xs_modules/interbotix_xs_modules.egg-info/SOURCES.txt'
[0.564s] running build
[0.564s] running build_py
[0.564s] creating /home/ayaan/URC/URC/build/interbotix_xs_modules/build
[0.564s] creating /home/ayaan/URC/URC/build/interbotix_xs_modules/build/lib
[0.564s] creating /home/ayaan/URC/URC/build/interbotix_xs_modules/build/lib/interbotix_xs_modules
[0.564s] copying interbotix_xs_modules/__init__.py -> /home/ayaan/URC/URC/build/interbotix_xs_modules/build/lib/interbotix_xs_modules
[0.564s] creating /home/ayaan/URC/URC/build/interbotix_xs_modules/build/lib/interbotix_xs_modules/xs_robot
[0.564s] copying interbotix_xs_modules/xs_robot/hexapod.py -> /home/ayaan/URC/URC/build/interbotix_xs_modules/build/lib/interbotix_xs_modules/xs_robot
[0.564s] copying interbotix_xs_modules/xs_robot/slate.py -> /home/ayaan/URC/URC/build/interbotix_xs_modules/build/lib/interbotix_xs_modules/xs_robot
[0.564s] copying interbotix_xs_modules/xs_robot/create3.py -> /home/ayaan/URC/URC/build/interbotix_xs_modules/build/lib/interbotix_xs_modules/xs_robot
[0.564s] copying interbotix_xs_modules/xs_robot/core.py -> /home/ayaan/URC/URC/build/interbotix_xs_modules/build/lib/interbotix_xs_modules/xs_robot
[0.564s] copying interbotix_xs_modules/xs_robot/mr_descriptions.py -> /home/ayaan/URC/URC/build/interbotix_xs_modules/build/lib/interbotix_xs_modules/xs_robot
[0.564s] copying interbotix_xs_modules/xs_robot/locobot.py -> /home/ayaan/URC/URC/build/interbotix_xs_modules/build/lib/interbotix_xs_modules/xs_robot
[0.564s] copying interbotix_xs_modules/xs_robot/gripper.py -> /home/ayaan/URC/URC/build/interbotix_xs_modules/build/lib/interbotix_xs_modules/xs_robot
[0.564s] copying interbotix_xs_modules/xs_robot/arm.py -> /home/ayaan/URC/URC/build/interbotix_xs_modules/build/lib/interbotix_xs_modules/xs_robot
[0.564s] copying interbotix_xs_modules/xs_robot/__init__.py -> /home/ayaan/URC/URC/build/interbotix_xs_modules/build/lib/interbotix_xs_modules/xs_robot
[0.564s] copying interbotix_xs_modules/xs_robot/kobuki.py -> /home/ayaan/URC/URC/build/interbotix_xs_modules/build/lib/interbotix_xs_modules/xs_robot
[0.564s] copying interbotix_xs_modules/xs_robot/gravity_compensation.py -> /home/ayaan/URC/URC/build/interbotix_xs_modules/build/lib/interbotix_xs_modules/xs_robot
[0.564s] copying interbotix_xs_modules/xs_robot/turret.py -> /home/ayaan/URC/URC/build/interbotix_xs_modules/build/lib/interbotix_xs_modules/xs_robot
[0.564s] copying interbotix_xs_modules/xs_robot/mobile_base.py -> /home/ayaan/URC/URC/build/interbotix_xs_modules/build/lib/interbotix_xs_modules/xs_robot
[0.564s] creating /home/ayaan/URC/URC/build/interbotix_xs_modules/build/lib/interbotix_xs_modules/xs_launch
[0.564s] copying interbotix_xs_modules/xs_launch/xs_launch.py -> /home/ayaan/URC/URC/build/interbotix_xs_modules/build/lib/interbotix_xs_modules/xs_launch
[0.564s] copying interbotix_xs_modules/xs_launch/__init__.py -> /home/ayaan/URC/URC/build/interbotix_xs_modules/build/lib/interbotix_xs_modules/xs_launch
[0.564s] creating /home/ayaan/URC/URC/build/interbotix_xs_modules/build/lib/interbotix_xs_modules/xs_common
[0.564s] copying interbotix_xs_modules/xs_common/xs_common.py -> /home/ayaan/URC/URC/build/interbotix_xs_modules/build/lib/interbotix_xs_modules/xs_common
[0.564s] copying interbotix_xs_modules/xs_common/__init__.py -> /home/ayaan/URC/URC/build/interbotix_xs_modules/build/lib/interbotix_xs_modules/xs_common
[0.565s] running install
[0.568s] running install_lib
[0.576s] creating /home/ayaan/URC/URC/install/interbotix_xs_modules/lib/python3.12/site-packages/interbotix_xs_modules
[0.576s] creating /home/ayaan/URC/URC/install/interbotix_xs_modules/lib/python3.12/site-packages/interbotix_xs_modules/xs_robot
[0.576s] copying /home/ayaan/URC/URC/build/interbotix_xs_modules/build/lib/interbotix_xs_modules/xs_robot/hexapod.py -> /home/ayaan/URC/URC/install/interbotix_xs_modules/lib/python3.12/site-packages/interbotix_xs_modules/xs_robot
[0.576s] copying /home/ayaan/URC/URC/build/interbotix_xs_modules/build/lib/interbotix_xs_modules/xs_robot/slate.py -> /home/ayaan/URC/URC/install/interbotix_xs_modules/lib/python3.12/site-packages/interbotix_xs_modules/xs_robot
[0.576s] copying /home/ayaan/URC/URC/build/interbotix_xs_modules/build/lib/interbotix_xs_modules/xs_robot/create3.py -> /home/ayaan/URC/URC/install/interbotix_xs_modules/lib/python3.12/site-packages/interbotix_xs_modules/xs_robot
[0.576s] copying /home/ayaan/URC/URC/build/interbotix_xs_modules/build/lib/interbotix_xs_modules/xs_robot/core.py -> /home/ayaan/URC/URC/install/interbotix_xs_modules/lib/python3.12/site-packages/interbotix_xs_modules/xs_robot
[0.576s] copying /home/ayaan/URC/URC/build/interbotix_xs_modules/build/lib/interbotix_xs_modules/xs_robot/mr_descriptions.py -> /home/ayaan/URC/URC/install/interbotix_xs_modules/lib/python3.12/site-packages/interbotix_xs_modules/xs_robot
[0.576s] copying /home/ayaan/URC/URC/build/interbotix_xs_modules/build/lib/interbotix_xs_modules/xs_robot/locobot.py -> /home/ayaan/URC/URC/install/interbotix_xs_modules/lib/python3.12/site-packages/interbotix_xs_modules/xs_robot
[0.576s] copying /home/ayaan/URC/URC/build/interbotix_xs_modules/build/lib/interbotix_xs_modules/xs_robot/gripper.py -> /home/ayaan/URC/URC/install/interbotix_xs_modules/lib/python3.12/site-packages/interbotix_xs_modules/xs_robot
[0.576s] copying /home/ayaan/URC/URC/build/interbotix_xs_modules/build/lib/interbotix_xs_modules/xs_robot/arm.py -> /home/ayaan/URC/URC/install/interbotix_xs_modules/lib/python3.12/site-packages/interbotix_xs_modules/xs_robot
[0.577s] copying /home/ayaan/URC/URC/build/interbotix_xs_modules/build/lib/interbotix_xs_modules/xs_robot/__init__.py -> /home/ayaan/URC/URC/install/interbotix_xs_modules/lib/python3.12/site-packages/interbotix_xs_modules/xs_robot
[0.577s] copying /home/ayaan/URC/URC/build/interbotix_xs_modules/build/lib/interbotix_xs_modules/xs_robot/kobuki.py -> /home/ayaan/URC/URC/install/interbotix_xs_modules/lib/python3.12/site-packages/interbotix_xs_modules/xs_robot
[0.577s] copying /home/ayaan/URC/URC/build/interbotix_xs_modules/build/lib/interbotix_xs_modules/xs_robot/gravity_compensation.py -> /home/ayaan/URC/URC/install/interbotix_xs_modules/lib/python3.12/site-packages/interbotix_xs_modules/xs_robot
[0.577s] copying /home/ayaan/URC/URC/build/interbotix_xs_modules/build/lib/interbotix_xs_modules/xs_robot/turret.py -> /home/ayaan/URC/URC/install/interbotix_xs_modules/lib/python3.12/site-packages/interbotix_xs_modules/xs_robot
[0.577s] copying /home/ayaan/URC/URC/build/interbotix_xs_modules/build/lib/interbotix_xs_modules/xs_robot/mobile_base.py -> /home/ayaan/URC/URC/install/interbotix_xs_modules/lib/python3.12/site-packages/interbotix_xs_modules/xs_robot
[0.577s] creating /home/ayaan/URC/URC/install/interbotix_xs_modules/lib/python3.12/site-packages/interbotix_xs_modules/xs_launch
[0.577s] copying /home/ayaan/URC/URC/build/interbotix_xs_modules/build/lib/interbotix_xs_modules/xs_launch/xs_launch.py -> /home/ayaan/URC/URC/install/interbotix_xs_modules/lib/python3.12/site-packages/interbotix_xs_modules/xs_launch
[0.577s] copying /home/ayaan/URC/URC/build/interbotix_xs_modules/build/lib/interbotix_xs_modules/xs_launch/__init__.py -> /home/ayaan/URC/URC/install/interbotix_xs_modules/lib/python3.12/site-packages/interbotix_xs_modules/xs_launch
[0.577s] creating /home/ayaan/URC/URC/install/interbotix_xs_modules/lib/python3.12/site-packages/interbotix_xs_modules/xs_common
[0.577s] copying /home/ayaan/URC/URC/build/interbotix_xs_modules/build/lib/interbotix_xs_modules/xs_common/xs_common.py -> /home/ayaan/URC/URC/install/interbotix_xs_modules/lib/python3.12/site-packages/interbotix_xs_modules/xs_common
[0.577s] copying /home/ayaan/URC/URC/build/interbotix_xs_modules/build/lib/interbotix_xs_modules/xs_common/__init__.py -> /home/ayaan/URC/URC/install/interbotix_xs_modules/lib/python3.12/site-packages/interbotix_xs_modules/xs_common
[0.577s] copying /home/ayaan/URC/URC/build/interbotix_xs_modules/build/lib/interbotix_xs_modules/__init__.py -> /home/ayaan/URC/URC/install/interbotix_xs_modules/lib/python3.12/site-packages/interbotix_xs_modules
[0.577s] byte-compiling /home/ayaan/URC/URC/install/interbotix_xs_modules/lib/python3.12/site-packages/interbotix_xs_modules/xs_robot/hexapod.py to hexapod.cpython-312.pyc
[0.581s] byte-compiling /home/ayaan/URC/URC/install/interbotix_xs_modules/lib/python3.12/site-packages/interbotix_xs_modules/xs_robot/slate.py to slate.cpython-312.pyc
[0.581s] byte-compiling /home/ayaan/URC/URC/install/interbotix_xs_modules/lib/python3.12/site-packages/interbotix_xs_modules/xs_robot/create3.py to create3.cpython-312.pyc
[0.581s] byte-compiling /home/ayaan/URC/URC/install/interbotix_xs_modules/lib/python3.12/site-packages/interbotix_xs_modules/xs_robot/core.py to core.cpython-312.pyc
[0.583s] byte-compiling /home/ayaan/URC/URC/install/interbotix_xs_modules/lib/python3.12/site-packages/interbotix_xs_modules/xs_robot/mr_descriptions.py to mr_descriptions.cpython-312.pyc
[0.584s] byte-compiling /home/ayaan/URC/URC/install/interbotix_xs_modules/lib/python3.12/site-packages/interbotix_xs_modules/xs_robot/locobot.py to locobot.cpython-312.pyc
[0.584s] byte-compiling /home/ayaan/URC/URC/install/interbotix_xs_modules/lib/python3.12/site-packages/interbotix_xs_modules/xs_robot/gripper.py to gripper.cpython-312.pyc
[0.585s] byte-compiling /home/ayaan/URC/URC/install/interbotix_xs_modules/lib/python3.12/site-packages/interbotix_xs_modules/xs_robot/arm.py to arm.cpython-312.pyc
[0.587s] byte-compiling /home/ayaan/URC/URC/install/interbotix_xs_modules/lib/python3.12/site-packages/interbotix_xs_modules/xs_robot/__init__.py to __init__.cpython-312.pyc
[0.587s] byte-compiling /home/ayaan/URC/URC/install/interbotix_xs_modules/lib/python3.12/site-packages/interbotix_xs_modules/xs_robot/kobuki.py to kobuki.cpython-312.pyc
[0.587s] byte-compiling /home/ayaan/URC/URC/install/interbotix_xs_modules/lib/python3.12/site-packages/interbotix_xs_modules/xs_robot/gravity_compensation.py to gravity_compensation.cpython-312.pyc
[0.587s] byte-compiling /home/ayaan/URC/URC/install/interbotix_xs_modules/lib/python3.12/site-packages/interbotix_xs_modules/xs_robot/turret.py to turret.cpython-312.pyc
[0.589s] byte-compiling /home/ayaan/URC/URC/install/interbotix_xs_modules/lib/python3.12/site-packages/interbotix_xs_modules/xs_robot/mobile_base.py to mobile_base.cpython-312.pyc
[0.589s] byte-compiling /home/ayaan/URC/URC/install/interbotix_xs_modules/lib/python3.12/site-packages/interbotix_xs_modules/xs_launch/xs_launch.py to xs_launch.cpython-312.pyc
[0.590s] byte-compiling /home/ayaan/URC/URC/install/interbotix_xs_modules/lib/python3.12/site-packages/interbotix_xs_modules/xs_launch/__init__.py to __init__.cpython-312.pyc
[0.591s] byte-compiling /home/ayaan/URC/URC/install/interbotix_xs_modules/lib/python3.12/site-packages/interbotix_xs_modules/xs_common/xs_common.py to xs_common.cpython-312.pyc
[0.591s] byte-compiling /home/ayaan/URC/URC/install/interbotix_xs_modules/lib/python3.12/site-packages/interbotix_xs_modules/xs_common/__init__.py to __init__.cpython-312.pyc
[0.591s] byte-compiling /home/ayaan/URC/URC/install/interbotix_xs_modules/lib/python3.12/site-packages/interbotix_xs_modules/__init__.py to __init__.cpython-312.pyc
[0.591s] running install_data
[0.591s] creating /home/ayaan/URC/URC/install/interbotix_xs_modules/share/ament_index
[0.591s] creating /home/ayaan/URC/URC/install/interbotix_xs_modules/share/ament_index/resource_index
[0.591s] creating /home/ayaan/URC/URC/install/interbotix_xs_modules/share/ament_index/resource_index/packages
[0.591s] copying resource/interbotix_xs_modules -> /home/ayaan/URC/URC/install/interbotix_xs_modules/share/ament_index/resource_index/packages
[0.591s] copying package.xml -> /home/ayaan/URC/URC/install/interbotix_xs_modules/share/interbotix_xs_modules
[0.591s] running install_egg_info
[0.600s] Copying ../../../build/interbotix_xs_modules/interbotix_xs_modules.egg-info to /home/ayaan/URC/URC/install/interbotix_xs_modules/lib/python3.12/site-packages/interbotix_xs_modules-0.0.0-py3.12.egg-info
[0.601s] running install_scripts
[0.660s] writing list of installed files to '/home/ayaan/URC/URC/build/interbotix_xs_modules/install.log'
[0.678s] Invoked command in '/home/ayaan/URC/URC/urc_ws_interbotix/src/interbotix_xs_modules' returned '0': AMENT_PREFIX_PATH=/home/ayaan/URC/URC/install/interbotix_xs_sdk:/home/ayaan/URC/URC/install/interbotix_xs_driver:/home/ayaan/URC/URC/install/dynamixel_workbench_toolbox:/home/ayaan/URC/URC/install/interbotix_xs_msgs:/home/ayaan/URC/URC/install/interbotix_common_modules:/home/ayaan/URC/URC/install/dynamixel_sdk:${AMENT_PREFIX_PATH} CMAKE_PREFIX_PATH=/home/ayaan/URC/URC/install/interbotix_xs_sdk:/home/ayaan/URC/URC/install/interbotix_xs_driver:/home/ayaan/URC/URC/install/dynamixel_workbench_toolbox:/home/ayaan/URC/URC/install/interbotix_xs_msgs:/home/ayaan/URC/URC/install/dynamixel_sdk:${CMAKE_PREFIX_PATH} DEBUGINFOD_URLS=https://debuginfod.ubuntu.com LD_LIBRARY_PATH=/home/ayaan/URC/URC/install/interbotix_xs_driver/lib:/home/ayaan/URC/URC/install/dynamixel_workbench_toolbox/lib:/home/ayaan/URC/URC/install/interbotix_xs_msgs/lib:/home/ayaan/URC/URC/install/dynamixel_sdk/lib:${LD_LIBRARY_PATH} PYTHONPATH=/home/ayaan/URC/URC/build/interbotix_xs_modules/prefix_override:/usr/lib/python3/dist-packages/colcon_core/task/python/colcon_distutils_commands:/home/ayaan/URC/URC/install/interbotix_xs_modules/lib/python3.12/site-packages:/home/ayaan/URC/URC/install/interbotix_xs_msgs/lib/python3.12/site-packages:/home/ayaan/URC/URC/install/interbotix_common_modules/lib/python3.12/site-packages:/home/ayaan/URC/URC/install/dynamixel_sdk/lib/python3.12/site-packages:${PYTHONPATH} /usr/bin/python3 -W ignore:setup.py install is deprecated -W ignore:easy_install command is deprecated setup.py egg_info --egg-base ../../../build/interbotix_xs_modules build --build-base /home/ayaan/URC/URC/build/interbotix_xs_modules/build install --record /home/ayaan/URC/URC/build/interbotix_xs_modules/install.log --single-version-externally-managed install_data
