[29.975s] Invoking command in '/home/admin1/URC/urc_ws_interbotix/src/IMU_control': DEBUGINFOD_URLS=https://debuginfod.ubuntu.com PYTHONPATH=/home/admin1/URC/build/IMU_control/prefix_override:/usr/lib/python3/dist-packages/colcon_core/task/python/colcon_distutils_commands:/home/admin1/URC/install/IMU_control/lib/python3.12/site-packages:${PYTHONPATH} /usr/bin/python3 -W ignore:setup.py install is deprecated -W ignore:easy_install command is deprecated setup.py egg_info --egg-base ../../../build/IMU_control build --build-base /home/admin1/URC/build/IMU_control/build install --record /home/admin1/URC/build/IMU_control/install.log --single-version-externally-managed install_data
[34.675s] running egg_info
[35.033s] writing ../../../build/IMU_control/IMU_control.egg-info/PKG-INFO
[35.034s] writing dependency_links to ../../../build/IMU_control/IMU_control.egg-info/dependency_links.txt
[35.040s] writing entry points to ../../../build/IMU_control/IMU_control.egg-info/entry_points.txt
[35.045s] writing requirements to ../../../build/IMU_control/IMU_control.egg-info/requires.txt
[35.046s] writing top-level names to ../../../build/IMU_control/IMU_control.egg-info/top_level.txt
[35.792s] reading manifest file '../../../build/IMU_control/IMU_control.egg-info/SOURCES.txt'
[35.797s] writing manifest file '../../../build/IMU_control/IMU_control.egg-info/SOURCES.txt'
[35.809s] running build
[35.810s] running build_py
[35.829s] running install
[35.929s] running install_lib
[36.213s] running install_data
[36.219s] running install_egg_info
[36.625s] removing '/home/admin1/URC/install/IMU_control/lib/python3.12/site-packages/IMU_control-0.0.0-py3.12.egg-info' (and everything under it)
[36.635s] Copying ../../../build/IMU_control/IMU_control.egg-info to /home/admin1/URC/install/IMU_control/lib/python3.12/site-packages/IMU_control-0.0.0-py3.12.egg-info
[36.651s] running install_scripts
[40.478s] Installing IMU_control script to /home/admin1/URC/install/IMU_control/lib/IMU_control
[40.502s] writing list of installed files to '/home/admin1/URC/build/IMU_control/install.log'
[41.292s] Invoked command in '/home/admin1/URC/urc_ws_interbotix/src/IMU_control' returned '0': DEBUGINFOD_URLS=https://debuginfod.ubuntu.com PYTHONPATH=/home/admin1/URC/build/IMU_control/prefix_override:/usr/lib/python3/dist-packages/colcon_core/task/python/colcon_distutils_commands:/home/admin1/URC/install/IMU_control/lib/python3.12/site-packages:${PYTHONPATH} /usr/bin/python3 -W ignore:setup.py install is deprecated -W ignore:easy_install command is deprecated setup.py egg_info --egg-base ../../../build/IMU_control build --build-base /home/admin1/URC/build/IMU_control/build install --record /home/admin1/URC/build/IMU_control/install.log --single-version-externally-managed install_data
