[0.138s] Invoking command in '/home/admin1/URC/build/interbotix_xs_msgs': CMAKE_PREFIX_PATH=${CMAKE_PREFIX_PATH}:/opt/ros/jazzy DEBUGINFOD_URLS=https://debuginfod.ubuntu.com /usr/bin/cmake --build /home/admin1/URC/build/interbotix_xs_msgs -- -j4 -l4
[2.621s] [  0%] Built target interbotix_xs_msgs__rosidl_generator_type_description
[2.622s] [  0%] Built target ament_cmake_python_copy_interbotix_xs_msgs
[2.623s] [  0%] Built target interbotix_xs_msgs__cpp
[2.636s] [ 27%] Built target interbotix_xs_msgs__rosidl_generator_c
[2.636s] [ 37%] Built target interbotix_xs_msgs__rosidl_typesupport_cpp
[2.637s] [ 47%] Built target interbotix_xs_msgs__rosidl_typesupport_fastrtps_c
[2.652s] [ 57%] Built target interbotix_xs_msgs__rosidl_typesupport_introspection_c
[2.783s] [ 67%] Built target interbotix_xs_msgs__rosidl_typesupport_c
[3.308s] [ 76%] Built target interbotix_xs_msgs__rosidl_typesupport_fastrtps_cpp
[3.417s] [ 86%] Built target interbotix_xs_msgs__rosidl_typesupport_introspection_cpp
[3.673s] [ 86%] Built target interbotix_xs_msgs
[3.839s] running egg_info
[3.977s] [ 87%] Built target interbotix_xs_msgs__py
[4.090s] writing interbotix_xs_msgs.egg-info/PKG-INFO
[4.094s] writing dependency_links to interbotix_xs_msgs.egg-info/dependency_links.txt
[4.098s] writing top-level names to interbotix_xs_msgs.egg-info/top_level.txt
[4.588s] [ 96%] Built target interbotix_xs_msgs__rosidl_generator_py
[4.951s] [ 97%] Built target interbotix_xs_msgs_s__rosidl_typesupport_fastrtps_c
[4.988s] [ 99%] Built target interbotix_xs_msgs_s__rosidl_typesupport_introspection_c
[5.143s] reading manifest file 'interbotix_xs_msgs.egg-info/SOURCES.txt'
[5.149s] writing manifest file 'interbotix_xs_msgs.egg-info/SOURCES.txt'
[5.393s] [ 99%] Built target ament_cmake_python_build_interbotix_xs_msgs_egg
[5.396s] [100%] Built target interbotix_xs_msgs_s__rosidl_typesupport_c
[5.667s] Invoked command in '/home/admin1/URC/build/interbotix_xs_msgs' returned '0': CMAKE_PREFIX_PATH=${CMAKE_PREFIX_PATH}:/opt/ros/jazzy DEBUGINFOD_URLS=https://debuginfod.ubuntu.com /usr/bin/cmake --build /home/admin1/URC/build/interbotix_xs_msgs -- -j4 -l4
[5.711s] Invoking command in '/home/admin1/URC/build/interbotix_xs_msgs': CMAKE_PREFIX_PATH=${CMAKE_PREFIX_PATH}:/opt/ros/jazzy DEBUGINFOD_URLS=https://debuginfod.ubuntu.com /usr/bin/cmake --install /home/admin1/URC/build/interbotix_xs_msgs
[5.726s] -- Install configuration: ""
[5.730s] -- Up-to-date: /home/admin1/URC/install/interbotix_xs_msgs/share/ament_index/resource_index/rosidl_interfaces/interbotix_xs_msgs
[5.731s] -- Up-to-date: /home/admin1/URC/install/interbotix_xs_msgs/share/interbotix_xs_msgs/msg/ArmJoy.json
[5.731s] -- Up-to-date: /home/admin1/URC/install/interbotix_xs_msgs/share/interbotix_xs_msgs/msg/HexJoy.json
[5.736s] -- Up-to-date: /home/admin1/URC/install/interbotix_xs_msgs/share/interbotix_xs_msgs/msg/JointGroupCommand.json
[5.737s] -- Up-to-date: /home/admin1/URC/install/interbotix_xs_msgs/share/interbotix_xs_msgs/msg/JointSingleCommand.json
[5.738s] -- Up-to-date: /home/admin1/URC/install/interbotix_xs_msgs/share/interbotix_xs_msgs/msg/JointTemps.json
[5.742s] -- Up-to-date: /home/admin1/URC/install/interbotix_xs_msgs/share/interbotix_xs_msgs/msg/JointTrajectoryCommand.json
[5.743s] -- Up-to-date: /home/admin1/URC/install/interbotix_xs_msgs/share/interbotix_xs_msgs/msg/LocobotJoy.json
[5.748s] -- Up-to-date: /home/admin1/URC/install/interbotix_xs_msgs/share/interbotix_xs_msgs/msg/TurretJoy.json
[5.749s] -- Up-to-date: /home/admin1/URC/install/interbotix_xs_msgs/share/interbotix_xs_msgs/srv/MotorGains.json
[5.750s] -- Up-to-date: /home/admin1/URC/install/interbotix_xs_msgs/share/interbotix_xs_msgs/srv/OperatingModes.json
[5.753s] -- Up-to-date: /home/admin1/URC/install/interbotix_xs_msgs/share/interbotix_xs_msgs/srv/Reboot.json
[5.754s] -- Up-to-date: /home/admin1/URC/install/interbotix_xs_msgs/share/interbotix_xs_msgs/srv/RegisterValues.json
[5.755s] -- Up-to-date: /home/admin1/URC/install/interbotix_xs_msgs/share/interbotix_xs_msgs/srv/RobotInfo.json
[5.756s] -- Up-to-date: /home/admin1/URC/install/interbotix_xs_msgs/share/interbotix_xs_msgs/srv/TorqueEnable.json
[5.760s] -- Up-to-date: /home/admin1/URC/install/interbotix_xs_msgs/include/interbotix_xs_msgs/interbotix_xs_msgs
[5.761s] -- Up-to-date: /home/admin1/URC/install/interbotix_xs_msgs/include/interbotix_xs_msgs/interbotix_xs_msgs/msg
[5.761s] -- Up-to-date: /home/admin1/URC/install/interbotix_xs_msgs/include/interbotix_xs_msgs/interbotix_xs_msgs/msg/joint_temps.h
[5.762s] -- Up-to-date: /home/admin1/URC/install/interbotix_xs_msgs/include/interbotix_xs_msgs/interbotix_xs_msgs/msg/arm_joy.h
[5.763s] -- Up-to-date: /home/admin1/URC/install/interbotix_xs_msgs/include/interbotix_xs_msgs/interbotix_xs_msgs/msg/hex_joy.h
[5.763s] -- Up-to-date: /home/admin1/URC/install/interbotix_xs_msgs/include/interbotix_xs_msgs/interbotix_xs_msgs/msg/joint_trajectory_command.h
[5.765s] -- Up-to-date: /home/admin1/URC/install/interbotix_xs_msgs/include/interbotix_xs_msgs/interbotix_xs_msgs/msg/joint_single_command.h
[5.765s] -- Up-to-date: /home/admin1/URC/install/interbotix_xs_msgs/include/interbotix_xs_msgs/interbotix_xs_msgs/msg/turret_joy.h
[5.766s] -- Up-to-date: /home/admin1/URC/install/interbotix_xs_msgs/include/interbotix_xs_msgs/interbotix_xs_msgs/msg/joint_group_command.h
[5.767s] -- Up-to-date: /home/admin1/URC/install/interbotix_xs_msgs/include/interbotix_xs_msgs/interbotix_xs_msgs/msg/rosidl_generator_c__visibility_control.h
[5.767s] -- Up-to-date: /home/admin1/URC/install/interbotix_xs_msgs/include/interbotix_xs_msgs/interbotix_xs_msgs/msg/detail
[5.768s] -- Up-to-date: /home/admin1/URC/install/interbotix_xs_msgs/include/interbotix_xs_msgs/interbotix_xs_msgs/msg/detail/joint_single_command__type_support.h
[5.769s] -- Up-to-date: /home/admin1/URC/install/interbotix_xs_msgs/include/interbotix_xs_msgs/interbotix_xs_msgs/msg/detail/joint_trajectory_command__functions.c
[5.770s] -- Up-to-date: /home/admin1/URC/install/interbotix_xs_msgs/include/interbotix_xs_msgs/interbotix_xs_msgs/msg/detail/joint_single_command__struct.h
[5.771s] -- Up-to-date: /home/admin1/URC/install/interbotix_xs_msgs/include/interbotix_xs_msgs/interbotix_xs_msgs/msg/detail/joint_single_command__functions.c
[5.771s] -- Up-to-date: /home/admin1/URC/install/interbotix_xs_msgs/include/interbotix_xs_msgs/interbotix_xs_msgs/msg/detail/locobot_joy__description.c
[5.772s] -- Up-to-date: /home/admin1/URC/install/interbotix_xs_msgs/include/interbotix_xs_msgs/interbotix_xs_msgs/msg/detail/joint_temps__type_support.h
[5.773s] -- Up-to-date: /home/admin1/URC/install/interbotix_xs_msgs/include/interbotix_xs_msgs/interbotix_xs_msgs/msg/detail/arm_joy__description.c
[5.774s] -- Up-to-date: /home/admin1/URC/install/interbotix_xs_msgs/include/interbotix_xs_msgs/interbotix_xs_msgs/msg/detail/joint_trajectory_command__functions.h
[5.775s] -- Up-to-date: /home/admin1/URC/install/interbotix_xs_msgs/include/interbotix_xs_msgs/interbotix_xs_msgs/msg/detail/hex_joy__functions.c
[5.776s] -- Installing: /home/admin1/URC/install/interbotix_xs_msgs/include/interbotix_xs_msgs/interbotix_xs_msgs/msg/detail/hex_joy__type_support.c
[5.777s] -- Up-to-date: /home/admin1/URC/install/interbotix_xs_msgs/include/interbotix_xs_msgs/interbotix_xs_msgs/msg/detail/hex_joy__type_support.h
[5.778s] -- Up-to-date: /home/admin1/URC/install/interbotix_xs_msgs/include/interbotix_xs_msgs/interbotix_xs_msgs/msg/detail/joint_group_command__struct.h
[5.778s] -- Up-to-date: /home/admin1/URC/install/interbotix_xs_msgs/include/interbotix_xs_msgs/interbotix_xs_msgs/msg/detail/turret_joy__functions.c
[5.780s] -- Up-to-date: /home/admin1/URC/install/interbotix_xs_msgs/include/interbotix_xs_msgs/interbotix_xs_msgs/msg/detail/joint_temps__functions.c
[5.781s] -- Up-to-date: /home/admin1/URC/install/interbotix_xs_msgs/include/interbotix_xs_msgs/interbotix_xs_msgs/msg/detail/joint_single_command__description.c
[5.782s] -- Up-to-date: /home/admin1/URC/install/interbotix_xs_msgs/include/interbotix_xs_msgs/interbotix_xs_msgs/msg/detail/turret_joy__functions.h
[5.783s] -- Installing: /home/admin1/URC/install/interbotix_xs_msgs/include/interbotix_xs_msgs/interbotix_xs_msgs/msg/detail/turret_joy__type_support.c
[5.785s] -- Up-to-date: /home/admin1/URC/install/interbotix_xs_msgs/include/interbotix_xs_msgs/interbotix_xs_msgs/msg/detail/joint_trajectory_command__type_support.h
[5.787s] -- Up-to-date: /home/admin1/URC/install/interbotix_xs_msgs/include/interbotix_xs_msgs/interbotix_xs_msgs/msg/detail/joint_group_command__type_support.h
[5.789s] -- Up-to-date: /home/admin1/URC/install/interbotix_xs_msgs/include/interbotix_xs_msgs/interbotix_xs_msgs/msg/detail/turret_joy__type_support.h
[5.792s] -- Installing: /home/admin1/URC/install/interbotix_xs_msgs/include/interbotix_xs_msgs/interbotix_xs_msgs/msg/detail/joint_temps__type_support.c
[5.792s] -- Up-to-date: /home/admin1/URC/install/interbotix_xs_msgs/include/interbotix_xs_msgs/interbotix_xs_msgs/msg/detail/joint_group_command__functions.c
[5.793s] -- Up-to-date: /home/admin1/URC/install/interbotix_xs_msgs/include/interbotix_xs_msgs/interbotix_xs_msgs/msg/detail/turret_joy__struct.h
[5.794s] -- Up-to-date: /home/admin1/URC/install/interbotix_xs_msgs/include/interbotix_xs_msgs/interbotix_xs_msgs/msg/detail/joint_temps__functions.h
[5.798s] -- Up-to-date: /home/admin1/URC/install/interbotix_xs_msgs/include/interbotix_xs_msgs/interbotix_xs_msgs/msg/detail/locobot_joy__functions.h
[5.799s] -- Installing: /home/admin1/URC/install/interbotix_xs_msgs/include/interbotix_xs_msgs/interbotix_xs_msgs/msg/detail/joint_group_command__type_support.c
[5.799s] -- Installing: /home/admin1/URC/install/interbotix_xs_msgs/include/interbotix_xs_msgs/interbotix_xs_msgs/msg/detail/locobot_joy__type_support.c
[5.800s] -- Up-to-date: /home/admin1/URC/install/interbotix_xs_msgs/include/interbotix_xs_msgs/interbotix_xs_msgs/msg/detail/joint_trajectory_command__description.c
[5.805s] -- Up-to-date: /home/admin1/URC/install/interbotix_xs_msgs/include/interbotix_xs_msgs/interbotix_xs_msgs/msg/detail/turret_joy__description.c
[5.805s] -- Up-to-date: /home/admin1/URC/install/interbotix_xs_msgs/include/interbotix_xs_msgs/interbotix_xs_msgs/msg/detail/joint_temps__struct.h
[5.806s] -- Up-to-date: /home/admin1/URC/install/interbotix_xs_msgs/include/interbotix_xs_msgs/interbotix_xs_msgs/msg/detail/locobot_joy__type_support.h
[5.806s] -- Up-to-date: /home/admin1/URC/install/interbotix_xs_msgs/include/interbotix_xs_msgs/interbotix_xs_msgs/msg/detail/arm_joy__functions.h
[5.810s] -- Installing: /home/admin1/URC/install/interbotix_xs_msgs/include/interbotix_xs_msgs/interbotix_xs_msgs/msg/detail/arm_joy__type_support.c
[5.811s] -- Up-to-date: /home/admin1/URC/install/interbotix_xs_msgs/include/interbotix_xs_msgs/interbotix_xs_msgs/msg/detail/joint_group_command__description.c
[5.811s] -- Up-to-date: /home/admin1/URC/install/interbotix_xs_msgs/include/interbotix_xs_msgs/interbotix_xs_msgs/msg/detail/locobot_joy__functions.c
[5.812s] -- Up-to-date: /home/admin1/URC/install/interbotix_xs_msgs/include/interbotix_xs_msgs/interbotix_xs_msgs/msg/detail/hex_joy__struct.h
[5.813s] -- Up-to-date: /home/admin1/URC/install/interbotix_xs_msgs/include/interbotix_xs_msgs/interbotix_xs_msgs/msg/detail/arm_joy__type_support.h
[5.816s] -- Up-to-date: /home/admin1/URC/install/interbotix_xs_msgs/include/interbotix_xs_msgs/interbotix_xs_msgs/msg/detail/joint_group_command__functions.h
[5.816s] -- Up-to-date: /home/admin1/URC/install/interbotix_xs_msgs/include/interbotix_xs_msgs/interbotix_xs_msgs/msg/detail/hex_joy__functions.h
[5.817s] -- Up-to-date: /home/admin1/URC/install/interbotix_xs_msgs/include/interbotix_xs_msgs/interbotix_xs_msgs/msg/detail/joint_single_command__functions.h
[5.817s] -- Installing: /home/admin1/URC/install/interbotix_xs_msgs/include/interbotix_xs_msgs/interbotix_xs_msgs/msg/detail/joint_trajectory_command__type_support.c
[5.818s] -- Up-to-date: /home/admin1/URC/install/interbotix_xs_msgs/include/interbotix_xs_msgs/interbotix_xs_msgs/msg/detail/locobot_joy__struct.h
[5.822s] -- Installing: /home/admin1/URC/install/interbotix_xs_msgs/include/interbotix_xs_msgs/interbotix_xs_msgs/msg/detail/joint_single_command__type_support.c
[5.823s] -- Up-to-date: /home/admin1/URC/install/interbotix_xs_msgs/include/interbotix_xs_msgs/interbotix_xs_msgs/msg/detail/hex_joy__description.c
[5.823s] -- Up-to-date: /home/admin1/URC/install/interbotix_xs_msgs/include/interbotix_xs_msgs/interbotix_xs_msgs/msg/detail/arm_joy__struct.h
[5.826s] -- Up-to-date: /home/admin1/URC/install/interbotix_xs_msgs/include/interbotix_xs_msgs/interbotix_xs_msgs/msg/detail/arm_joy__functions.c
[5.830s] -- Up-to-date: /home/admin1/URC/install/interbotix_xs_msgs/include/interbotix_xs_msgs/interbotix_xs_msgs/msg/detail/joint_temps__description.c
[5.830s] -- Up-to-date: /home/admin1/URC/install/interbotix_xs_msgs/include/interbotix_xs_msgs/interbotix_xs_msgs/msg/detail/joint_trajectory_command__struct.h
[5.831s] -- Up-to-date: /home/admin1/URC/install/interbotix_xs_msgs/include/interbotix_xs_msgs/interbotix_xs_msgs/msg/locobot_joy.h
[5.831s] -- Up-to-date: /home/admin1/URC/install/interbotix_xs_msgs/include/interbotix_xs_msgs/interbotix_xs_msgs/srv
[5.833s] -- Up-to-date: /home/admin1/URC/install/interbotix_xs_msgs/include/interbotix_xs_msgs/interbotix_xs_msgs/srv/torque_enable.h
[5.834s] -- Up-to-date: /home/admin1/URC/install/interbotix_xs_msgs/include/interbotix_xs_msgs/interbotix_xs_msgs/srv/reboot.h
[5.835s] -- Up-to-date: /home/admin1/URC/install/interbotix_xs_msgs/include/interbotix_xs_msgs/interbotix_xs_msgs/srv/operating_modes.h
[5.835s] -- Up-to-date: /home/admin1/URC/install/interbotix_xs_msgs/include/interbotix_xs_msgs/interbotix_xs_msgs/srv/register_values.h
[5.836s] -- Up-to-date: /home/admin1/URC/install/interbotix_xs_msgs/include/interbotix_xs_msgs/interbotix_xs_msgs/srv/robot_info.h
[5.837s] -- Up-to-date: /home/admin1/URC/install/interbotix_xs_msgs/include/interbotix_xs_msgs/interbotix_xs_msgs/srv/detail
[5.838s] -- Up-to-date: /home/admin1/URC/install/interbotix_xs_msgs/include/interbotix_xs_msgs/interbotix_xs_msgs/srv/detail/reboot__description.c
[5.838s] -- Up-to-date: /home/admin1/URC/install/interbotix_xs_msgs/include/interbotix_xs_msgs/interbotix_xs_msgs/srv/detail/operating_modes__type_support.h
[5.839s] -- Up-to-date: /home/admin1/URC/install/interbotix_xs_msgs/include/interbotix_xs_msgs/interbotix_xs_msgs/srv/detail/register_values__type_support.h
[5.840s] -- Up-to-date: /home/admin1/URC/install/interbotix_xs_msgs/include/interbotix_xs_msgs/interbotix_xs_msgs/srv/detail/motor_gains__functions.h
[5.841s] -- Installing: /home/admin1/URC/install/interbotix_xs_msgs/include/interbotix_xs_msgs/interbotix_xs_msgs/srv/detail/register_values__type_support.c
[5.844s] -- Up-to-date: /home/admin1/URC/install/interbotix_xs_msgs/include/interbotix_xs_msgs/interbotix_xs_msgs/srv/detail/reboot__functions.c
[5.845s] -- Installing: /home/admin1/URC/install/interbotix_xs_msgs/include/interbotix_xs_msgs/interbotix_xs_msgs/srv/detail/motor_gains__type_support.c
[5.846s] -- Up-to-date: /home/admin1/URC/install/interbotix_xs_msgs/include/interbotix_xs_msgs/interbotix_xs_msgs/srv/detail/reboot__struct.h
[5.846s] -- Up-to-date: /home/admin1/URC/install/interbotix_xs_msgs/include/interbotix_xs_msgs/interbotix_xs_msgs/srv/detail/register_values__description.c
[5.847s] -- Up-to-date: /home/admin1/URC/install/interbotix_xs_msgs/include/interbotix_xs_msgs/interbotix_xs_msgs/srv/detail/robot_info__description.c
[5.847s] -- Installing: /home/admin1/URC/install/interbotix_xs_msgs/include/interbotix_xs_msgs/interbotix_xs_msgs/srv/detail/robot_info__type_support.c
[5.848s] -- Up-to-date: /home/admin1/URC/install/interbotix_xs_msgs/include/interbotix_xs_msgs/interbotix_xs_msgs/srv/detail/operating_modes__struct.h
[5.853s] -- Up-to-date: /home/admin1/URC/install/interbotix_xs_msgs/include/interbotix_xs_msgs/interbotix_xs_msgs/srv/detail/torque_enable__description.c
[5.854s] -- Up-to-date: /home/admin1/URC/install/interbotix_xs_msgs/include/interbotix_xs_msgs/interbotix_xs_msgs/srv/detail/operating_modes__description.c
[5.855s] -- Up-to-date: /home/admin1/URC/install/interbotix_xs_msgs/include/interbotix_xs_msgs/interbotix_xs_msgs/srv/detail/register_values__functions.h
[5.855s] -- Up-to-date: /home/admin1/URC/install/interbotix_xs_msgs/include/interbotix_xs_msgs/interbotix_xs_msgs/srv/detail/motor_gains__description.c
[5.859s] -- Up-to-date: /home/admin1/URC/install/interbotix_xs_msgs/include/interbotix_xs_msgs/interbotix_xs_msgs/srv/detail/reboot__type_support.h
[5.860s] -- Up-to-date: /home/admin1/URC/install/interbotix_xs_msgs/include/interbotix_xs_msgs/interbotix_xs_msgs/srv/detail/robot_info__functions.h
[5.860s] -- Up-to-date: /home/admin1/URC/install/interbotix_xs_msgs/include/interbotix_xs_msgs/interbotix_xs_msgs/srv/detail/torque_enable__functions.h
[5.861s] -- Up-to-date: /home/admin1/URC/install/interbotix_xs_msgs/include/interbotix_xs_msgs/interbotix_xs_msgs/srv/detail/torque_enable__type_support.h
[5.861s] -- Installing: /home/admin1/URC/install/interbotix_xs_msgs/include/interbotix_xs_msgs/interbotix_xs_msgs/srv/detail/torque_enable__type_support.c
[5.862s] -- Up-to-date: /home/admin1/URC/install/interbotix_xs_msgs/include/interbotix_xs_msgs/interbotix_xs_msgs/srv/detail/operating_modes__functions.c
[5.867s] -- Up-to-date: /home/admin1/URC/install/interbotix_xs_msgs/include/interbotix_xs_msgs/interbotix_xs_msgs/srv/detail/motor_gains__functions.c
[5.870s] -- Up-to-date: /home/admin1/URC/install/interbotix_xs_msgs/include/interbotix_xs_msgs/interbotix_xs_msgs/srv/detail/robot_info__functions.c
[5.871s] -- Up-to-date: /home/admin1/URC/install/interbotix_xs_msgs/include/interbotix_xs_msgs/interbotix_xs_msgs/srv/detail/operating_modes__functions.h
[5.872s] -- Up-to-date: /home/admin1/URC/install/interbotix_xs_msgs/include/interbotix_xs_msgs/interbotix_xs_msgs/srv/detail/register_values__functions.c
[5.873s] -- Up-to-date: /home/admin1/URC/install/interbotix_xs_msgs/include/interbotix_xs_msgs/interbotix_xs_msgs/srv/detail/torque_enable__struct.h
[5.880s] -- Up-to-date: /home/admin1/URC/install/interbotix_xs_msgs/include/interbotix_xs_msgs/interbotix_xs_msgs/srv/detail/robot_info__struct.h
[5.884s] -- Up-to-date: /home/admin1/URC/install/interbotix_xs_msgs/include/interbotix_xs_msgs/interbotix_xs_msgs/srv/detail/motor_gains__struct.h
[5.885s] -- Up-to-date: /home/admin1/URC/install/interbotix_xs_msgs/include/interbotix_xs_msgs/interbotix_xs_msgs/srv/detail/register_values__struct.h
[5.887s] -- Up-to-date: /home/admin1/URC/install/interbotix_xs_msgs/include/interbotix_xs_msgs/interbotix_xs_msgs/srv/detail/motor_gains__type_support.h
[5.895s] -- Up-to-date: /home/admin1/URC/install/interbotix_xs_msgs/include/interbotix_xs_msgs/interbotix_xs_msgs/srv/detail/torque_enable__functions.c
[5.896s] -- Installing: /home/admin1/URC/install/interbotix_xs_msgs/include/interbotix_xs_msgs/interbotix_xs_msgs/srv/detail/operating_modes__type_support.c
[5.896s] -- Installing: /home/admin1/URC/install/interbotix_xs_msgs/include/interbotix_xs_msgs/interbotix_xs_msgs/srv/detail/reboot__type_support.c
[5.898s] -- Up-to-date: /home/admin1/URC/install/interbotix_xs_msgs/include/interbotix_xs_msgs/interbotix_xs_msgs/srv/detail/reboot__functions.h
[5.902s] -- Up-to-date: /home/admin1/URC/install/interbotix_xs_msgs/include/interbotix_xs_msgs/interbotix_xs_msgs/srv/detail/robot_info__type_support.h
[5.907s] -- Up-to-date: /home/admin1/URC/install/interbotix_xs_msgs/include/interbotix_xs_msgs/interbotix_xs_msgs/srv/motor_gains.h
[5.909s] -- Up-to-date: /home/admin1/URC/install/interbotix_xs_msgs/share/interbotix_xs_msgs/environment/library_path.sh
[5.910s] -- Up-to-date: /home/admin1/URC/install/interbotix_xs_msgs/share/interbotix_xs_msgs/environment/library_path.dsv
[5.910s] -- Up-to-date: /home/admin1/URC/install/interbotix_xs_msgs/lib/libinterbotix_xs_msgs__rosidl_generator_c.so
[5.913s] -- Up-to-date: /home/admin1/URC/install/interbotix_xs_msgs/include/interbotix_xs_msgs/interbotix_xs_msgs
[5.916s] -- Up-to-date: /home/admin1/URC/install/interbotix_xs_msgs/include/interbotix_xs_msgs/interbotix_xs_msgs/msg
[5.917s] -- Up-to-date: /home/admin1/URC/install/interbotix_xs_msgs/include/interbotix_xs_msgs/interbotix_xs_msgs/msg/rosidl_typesupport_fastrtps_c__visibility_control.h
[5.918s] -- Up-to-date: /home/admin1/URC/install/interbotix_xs_msgs/include/interbotix_xs_msgs/interbotix_xs_msgs/msg/detail
[5.918s] -- Up-to-date: /home/admin1/URC/install/interbotix_xs_msgs/include/interbotix_xs_msgs/interbotix_xs_msgs/msg/detail/joint_trajectory_command__rosidl_typesupport_fastrtps_c.h
[5.919s] -- Up-to-date: /home/admin1/URC/install/interbotix_xs_msgs/include/interbotix_xs_msgs/interbotix_xs_msgs/msg/detail/hex_joy__rosidl_typesupport_fastrtps_c.h
[5.924s] -- Up-to-date: /home/admin1/URC/install/interbotix_xs_msgs/include/interbotix_xs_msgs/interbotix_xs_msgs/msg/detail/arm_joy__rosidl_typesupport_fastrtps_c.h
[5.924s] -- Up-to-date: /home/admin1/URC/install/interbotix_xs_msgs/include/interbotix_xs_msgs/interbotix_xs_msgs/msg/detail/locobot_joy__rosidl_typesupport_fastrtps_c.h
[5.925s] -- Up-to-date: /home/admin1/URC/install/interbotix_xs_msgs/include/interbotix_xs_msgs/interbotix_xs_msgs/msg/detail/joint_temps__rosidl_typesupport_fastrtps_c.h
[5.925s] -- Up-to-date: /home/admin1/URC/install/interbotix_xs_msgs/include/interbotix_xs_msgs/interbotix_xs_msgs/msg/detail/joint_single_command__rosidl_typesupport_fastrtps_c.h
[5.929s] -- Up-to-date: /home/admin1/URC/install/interbotix_xs_msgs/include/interbotix_xs_msgs/interbotix_xs_msgs/msg/detail/joint_group_command__rosidl_typesupport_fastrtps_c.h
[5.929s] -- Up-to-date: /home/admin1/URC/install/interbotix_xs_msgs/include/interbotix_xs_msgs/interbotix_xs_msgs/msg/detail/turret_joy__rosidl_typesupport_fastrtps_c.h
[5.933s] -- Up-to-date: /home/admin1/URC/install/interbotix_xs_msgs/include/interbotix_xs_msgs/interbotix_xs_msgs/srv
[5.934s] -- Up-to-date: /home/admin1/URC/install/interbotix_xs_msgs/include/interbotix_xs_msgs/interbotix_xs_msgs/srv/detail
[5.935s] -- Up-to-date: /home/admin1/URC/install/interbotix_xs_msgs/include/interbotix_xs_msgs/interbotix_xs_msgs/srv/detail/reboot__rosidl_typesupport_fastrtps_c.h
[5.935s] -- Up-to-date: /home/admin1/URC/install/interbotix_xs_msgs/include/interbotix_xs_msgs/interbotix_xs_msgs/srv/detail/motor_gains__rosidl_typesupport_fastrtps_c.h
[5.936s] -- Up-to-date: /home/admin1/URC/install/interbotix_xs_msgs/include/interbotix_xs_msgs/interbotix_xs_msgs/srv/detail/register_values__rosidl_typesupport_fastrtps_c.h
[5.936s] -- Up-to-date: /home/admin1/URC/install/interbotix_xs_msgs/include/interbotix_xs_msgs/interbotix_xs_msgs/srv/detail/torque_enable__rosidl_typesupport_fastrtps_c.h
[5.937s] -- Up-to-date: /home/admin1/URC/install/interbotix_xs_msgs/include/interbotix_xs_msgs/interbotix_xs_msgs/srv/detail/robot_info__rosidl_typesupport_fastrtps_c.h
[5.941s] -- Up-to-date: /home/admin1/URC/install/interbotix_xs_msgs/include/interbotix_xs_msgs/interbotix_xs_msgs/srv/detail/operating_modes__rosidl_typesupport_fastrtps_c.h
[5.941s] -- Up-to-date: /home/admin1/URC/install/interbotix_xs_msgs/lib/libinterbotix_xs_msgs__rosidl_typesupport_fastrtps_c.so
[5.942s] -- Up-to-date: /home/admin1/URC/install/interbotix_xs_msgs/include/interbotix_xs_msgs/interbotix_xs_msgs
[5.942s] -- Up-to-date: /home/admin1/URC/install/interbotix_xs_msgs/include/interbotix_xs_msgs/interbotix_xs_msgs/msg
[5.943s] -- Up-to-date: /home/admin1/URC/install/interbotix_xs_msgs/include/interbotix_xs_msgs/interbotix_xs_msgs/msg/rosidl_typesupport_introspection_c__visibility_control.h
[5.943s] -- Up-to-date: /home/admin1/URC/install/interbotix_xs_msgs/include/interbotix_xs_msgs/interbotix_xs_msgs/msg/detail
[5.944s] -- Up-to-date: /home/admin1/URC/install/interbotix_xs_msgs/include/interbotix_xs_msgs/interbotix_xs_msgs/msg/detail/turret_joy__rosidl_typesupport_introspection_c.h
[5.948s] -- Up-to-date: /home/admin1/URC/install/interbotix_xs_msgs/include/interbotix_xs_msgs/interbotix_xs_msgs/msg/detail/arm_joy__rosidl_typesupport_introspection_c.h
[5.948s] -- Installing: /home/admin1/URC/install/interbotix_xs_msgs/include/interbotix_xs_msgs/interbotix_xs_msgs/msg/detail/hex_joy__type_support.c
[5.949s] -- Up-to-date: /home/admin1/URC/install/interbotix_xs_msgs/include/interbotix_xs_msgs/interbotix_xs_msgs/msg/detail/joint_group_command__rosidl_typesupport_introspection_c.h
[5.949s] -- Up-to-date: /home/admin1/URC/install/interbotix_xs_msgs/include/interbotix_xs_msgs/interbotix_xs_msgs/msg/detail/joint_temps__rosidl_typesupport_introspection_c.h
[5.950s] -- Installing: /home/admin1/URC/install/interbotix_xs_msgs/include/interbotix_xs_msgs/interbotix_xs_msgs/msg/detail/turret_joy__type_support.c
[5.954s] -- Installing: /home/admin1/URC/install/interbotix_xs_msgs/include/interbotix_xs_msgs/interbotix_xs_msgs/msg/detail/joint_temps__type_support.c
[5.957s] -- Up-to-date: /home/admin1/URC/install/interbotix_xs_msgs/include/interbotix_xs_msgs/interbotix_xs_msgs/msg/detail/locobot_joy__rosidl_typesupport_introspection_c.h
[5.958s] -- Up-to-date: /home/admin1/URC/install/interbotix_xs_msgs/include/interbotix_xs_msgs/interbotix_xs_msgs/msg/detail/joint_single_command__rosidl_typesupport_introspection_c.h
[5.958s] -- Installing: /home/admin1/URC/install/interbotix_xs_msgs/include/interbotix_xs_msgs/interbotix_xs_msgs/msg/detail/joint_group_command__type_support.c
[5.959s] -- Installing: /home/admin1/URC/install/interbotix_xs_msgs/include/interbotix_xs_msgs/interbotix_xs_msgs/msg/detail/locobot_joy__type_support.c
[5.960s] -- Up-to-date: /home/admin1/URC/install/interbotix_xs_msgs/include/interbotix_xs_msgs/interbotix_xs_msgs/msg/detail/hex_joy__rosidl_typesupport_introspection_c.h
[5.960s] -- Installing: /home/admin1/URC/install/interbotix_xs_msgs/include/interbotix_xs_msgs/interbotix_xs_msgs/msg/detail/arm_joy__type_support.c
[5.961s] -- Installing: /home/admin1/URC/install/interbotix_xs_msgs/include/interbotix_xs_msgs/interbotix_xs_msgs/msg/detail/joint_trajectory_command__type_support.c
[5.964s] -- Installing: /home/admin1/URC/install/interbotix_xs_msgs/include/interbotix_xs_msgs/interbotix_xs_msgs/msg/detail/joint_single_command__type_support.c
[5.965s] -- Up-to-date: /home/admin1/URC/install/interbotix_xs_msgs/include/interbotix_xs_msgs/interbotix_xs_msgs/msg/detail/joint_trajectory_command__rosidl_typesupport_introspection_c.h
[5.966s] -- Up-to-date: /home/admin1/URC/install/interbotix_xs_msgs/include/interbotix_xs_msgs/interbotix_xs_msgs/srv
[5.967s] -- Up-to-date: /home/admin1/URC/install/interbotix_xs_msgs/include/interbotix_xs_msgs/interbotix_xs_msgs/srv/detail
[5.968s] -- Up-to-date: /home/admin1/URC/install/interbotix_xs_msgs/include/interbotix_xs_msgs/interbotix_xs_msgs/srv/detail/register_values__rosidl_typesupport_introspection_c.h
[5.969s] -- Up-to-date: /home/admin1/URC/install/interbotix_xs_msgs/include/interbotix_xs_msgs/interbotix_xs_msgs/srv/detail/robot_info__rosidl_typesupport_introspection_c.h
[5.969s] -- Installing: /home/admin1/URC/install/interbotix_xs_msgs/include/interbotix_xs_msgs/interbotix_xs_msgs/srv/detail/register_values__type_support.c
[5.970s] -- Installing: /home/admin1/URC/install/interbotix_xs_msgs/include/interbotix_xs_msgs/interbotix_xs_msgs/srv/detail/motor_gains__type_support.c
[5.975s] -- Up-to-date: /home/admin1/URC/install/interbotix_xs_msgs/include/interbotix_xs_msgs/interbotix_xs_msgs/srv/detail/torque_enable__rosidl_typesupport_introspection_c.h
[5.975s] -- Up-to-date: /home/admin1/URC/install/interbotix_xs_msgs/include/interbotix_xs_msgs/interbotix_xs_msgs/srv/detail/motor_gains__rosidl_typesupport_introspection_c.h
[5.976s] -- Installing: /home/admin1/URC/install/interbotix_xs_msgs/include/interbotix_xs_msgs/interbotix_xs_msgs/srv/detail/robot_info__type_support.c
[5.976s] -- Up-to-date: /home/admin1/URC/install/interbotix_xs_msgs/include/interbotix_xs_msgs/interbotix_xs_msgs/srv/detail/operating_modes__rosidl_typesupport_introspection_c.h
[5.983s] -- Installing: /home/admin1/URC/install/interbotix_xs_msgs/include/interbotix_xs_msgs/interbotix_xs_msgs/srv/detail/torque_enable__type_support.c
[5.984s] -- Up-to-date: /home/admin1/URC/install/interbotix_xs_msgs/include/interbotix_xs_msgs/interbotix_xs_msgs/srv/detail/reboot__rosidl_typesupport_introspection_c.h
[5.984s] -- Installing: /home/admin1/URC/install/interbotix_xs_msgs/include/interbotix_xs_msgs/interbotix_xs_msgs/srv/detail/operating_modes__type_support.c
[5.989s] -- Installing: /home/admin1/URC/install/interbotix_xs_msgs/include/interbotix_xs_msgs/interbotix_xs_msgs/srv/detail/reboot__type_support.c
[5.990s] -- Up-to-date: /home/admin1/URC/install/interbotix_xs_msgs/lib/libinterbotix_xs_msgs__rosidl_typesupport_introspection_c.so
[5.994s] -- Up-to-date: /home/admin1/URC/install/interbotix_xs_msgs/lib/libinterbotix_xs_msgs__rosidl_typesupport_c.so
[5.994s] -- Up-to-date: /home/admin1/URC/install/interbotix_xs_msgs/include/interbotix_xs_msgs/interbotix_xs_msgs
[5.995s] -- Up-to-date: /home/admin1/URC/install/interbotix_xs_msgs/include/interbotix_xs_msgs/interbotix_xs_msgs/msg
[6.001s] -- Up-to-date: /home/admin1/URC/install/interbotix_xs_msgs/include/interbotix_xs_msgs/interbotix_xs_msgs/msg/turret_joy.hpp
[6.001s] -- Up-to-date: /home/admin1/URC/install/interbotix_xs_msgs/include/interbotix_xs_msgs/interbotix_xs_msgs/msg/joint_group_command.hpp
[6.002s] -- Up-to-date: /home/admin1/URC/install/interbotix_xs_msgs/include/interbotix_xs_msgs/interbotix_xs_msgs/msg/rosidl_generator_cpp__visibility_control.hpp
[6.006s] -- Up-to-date: /home/admin1/URC/install/interbotix_xs_msgs/include/interbotix_xs_msgs/interbotix_xs_msgs/msg/locobot_joy.hpp
[6.007s] -- Up-to-date: /home/admin1/URC/install/interbotix_xs_msgs/include/interbotix_xs_msgs/interbotix_xs_msgs/msg/detail
[6.009s] -- Up-to-date: /home/admin1/URC/install/interbotix_xs_msgs/include/interbotix_xs_msgs/interbotix_xs_msgs/msg/detail/joint_single_command__type_support.hpp
[6.012s] -- Up-to-date: /home/admin1/URC/install/interbotix_xs_msgs/include/interbotix_xs_msgs/interbotix_xs_msgs/msg/detail/turret_joy__type_support.hpp
[6.012s] -- Up-to-date: /home/admin1/URC/install/interbotix_xs_msgs/include/interbotix_xs_msgs/interbotix_xs_msgs/msg/detail/locobot_joy__builder.hpp
[6.013s] -- Up-to-date: /home/admin1/URC/install/interbotix_xs_msgs/include/interbotix_xs_msgs/interbotix_xs_msgs/msg/detail/joint_group_command__traits.hpp
[6.017s] -- Up-to-date: /home/admin1/URC/install/interbotix_xs_msgs/include/interbotix_xs_msgs/interbotix_xs_msgs/msg/detail/turret_joy__struct.hpp
[6.017s] -- Up-to-date: /home/admin1/URC/install/interbotix_xs_msgs/include/interbotix_xs_msgs/interbotix_xs_msgs/msg/detail/joint_trajectory_command__builder.hpp
[6.018s] -- Up-to-date: /home/admin1/URC/install/interbotix_xs_msgs/include/interbotix_xs_msgs/interbotix_xs_msgs/msg/detail/joint_group_command__type_support.hpp
[6.021s] -- Up-to-date: /home/admin1/URC/install/interbotix_xs_msgs/include/interbotix_xs_msgs/interbotix_xs_msgs/msg/detail/arm_joy__traits.hpp
[6.022s] -- Up-to-date: /home/admin1/URC/install/interbotix_xs_msgs/include/interbotix_xs_msgs/interbotix_xs_msgs/msg/detail/arm_joy__struct.hpp
[6.025s] -- Up-to-date: /home/admin1/URC/install/interbotix_xs_msgs/include/interbotix_xs_msgs/interbotix_xs_msgs/msg/detail/joint_group_command__builder.hpp
[6.026s] -- Up-to-date: /home/admin1/URC/install/interbotix_xs_msgs/include/interbotix_xs_msgs/interbotix_xs_msgs/msg/detail/turret_joy__builder.hpp
[6.026s] -- Up-to-date: /home/admin1/URC/install/interbotix_xs_msgs/include/interbotix_xs_msgs/interbotix_xs_msgs/msg/detail/hex_joy__traits.hpp
[6.027s] -- Up-to-date: /home/admin1/URC/install/interbotix_xs_msgs/include/interbotix_xs_msgs/interbotix_xs_msgs/msg/detail/arm_joy__builder.hpp
[6.028s] -- Up-to-date: /home/admin1/URC/install/interbotix_xs_msgs/include/interbotix_xs_msgs/interbotix_xs_msgs/msg/detail/joint_trajectory_command__struct.hpp
[6.028s] -- Up-to-date: /home/admin1/URC/install/interbotix_xs_msgs/include/interbotix_xs_msgs/interbotix_xs_msgs/msg/detail/locobot_joy__type_support.hpp
[6.028s] -- Up-to-date: /home/admin1/URC/install/interbotix_xs_msgs/include/interbotix_xs_msgs/interbotix_xs_msgs/msg/detail/turret_joy__traits.hpp
[6.029s] -- Up-to-date: /home/admin1/URC/install/interbotix_xs_msgs/include/interbotix_xs_msgs/interbotix_xs_msgs/msg/detail/joint_single_command__struct.hpp
[6.029s] -- Up-to-date: /home/admin1/URC/install/interbotix_xs_msgs/include/interbotix_xs_msgs/interbotix_xs_msgs/msg/detail/joint_temps__struct.hpp
[6.035s] -- Up-to-date: /home/admin1/URC/install/interbotix_xs_msgs/include/interbotix_xs_msgs/interbotix_xs_msgs/msg/detail/locobot_joy__struct.hpp
[6.036s] -- Up-to-date: /home/admin1/URC/install/interbotix_xs_msgs/include/interbotix_xs_msgs/interbotix_xs_msgs/msg/detail/joint_single_command__traits.hpp
[6.037s] -- Up-to-date: /home/admin1/URC/install/interbotix_xs_msgs/include/interbotix_xs_msgs/interbotix_xs_msgs/msg/detail/hex_joy__struct.hpp
[6.037s] -- Up-to-date: /home/admin1/URC/install/interbotix_xs_msgs/include/interbotix_xs_msgs/interbotix_xs_msgs/msg/detail/joint_temps__type_support.hpp
[6.038s] -- Up-to-date: /home/admin1/URC/install/interbotix_xs_msgs/include/interbotix_xs_msgs/interbotix_xs_msgs/msg/detail/arm_joy__type_support.hpp
[6.040s] -- Up-to-date: /home/admin1/URC/install/interbotix_xs_msgs/include/interbotix_xs_msgs/interbotix_xs_msgs/msg/detail/joint_temps__builder.hpp
[6.040s] -- Up-to-date: /home/admin1/URC/install/interbotix_xs_msgs/include/interbotix_xs_msgs/interbotix_xs_msgs/msg/detail/joint_trajectory_command__traits.hpp
[6.041s] -- Up-to-date: /home/admin1/URC/install/interbotix_xs_msgs/include/interbotix_xs_msgs/interbotix_xs_msgs/msg/detail/hex_joy__type_support.hpp
[6.047s] -- Up-to-date: /home/admin1/URC/install/interbotix_xs_msgs/include/interbotix_xs_msgs/interbotix_xs_msgs/msg/detail/locobot_joy__traits.hpp
[6.048s] -- Up-to-date: /home/admin1/URC/install/interbotix_xs_msgs/include/interbotix_xs_msgs/interbotix_xs_msgs/msg/detail/joint_group_command__struct.hpp
[6.048s] -- Up-to-date: /home/admin1/URC/install/interbotix_xs_msgs/include/interbotix_xs_msgs/interbotix_xs_msgs/msg/detail/joint_temps__traits.hpp
[6.049s] -- Up-to-date: /home/admin1/URC/install/interbotix_xs_msgs/include/interbotix_xs_msgs/interbotix_xs_msgs/msg/detail/joint_trajectory_command__type_support.hpp
[6.053s] -- Up-to-date: /home/admin1/URC/install/interbotix_xs_msgs/include/interbotix_xs_msgs/interbotix_xs_msgs/msg/detail/joint_single_command__builder.hpp
[6.056s] -- Up-to-date: /home/admin1/URC/install/interbotix_xs_msgs/include/interbotix_xs_msgs/interbotix_xs_msgs/msg/detail/hex_joy__builder.hpp
[6.057s] -- Up-to-date: /home/admin1/URC/install/interbotix_xs_msgs/include/interbotix_xs_msgs/interbotix_xs_msgs/msg/joint_trajectory_command.hpp
[6.058s] -- Up-to-date: /home/admin1/URC/install/interbotix_xs_msgs/include/interbotix_xs_msgs/interbotix_xs_msgs/msg/joint_single_command.hpp
[6.059s] -- Up-to-date: /home/admin1/URC/install/interbotix_xs_msgs/include/interbotix_xs_msgs/interbotix_xs_msgs/msg/arm_joy.hpp
[6.060s] -- Up-to-date: /home/admin1/URC/install/interbotix_xs_msgs/include/interbotix_xs_msgs/interbotix_xs_msgs/msg/hex_joy.hpp
[6.064s] -- Up-to-date: /home/admin1/URC/install/interbotix_xs_msgs/include/interbotix_xs_msgs/interbotix_xs_msgs/msg/joint_temps.hpp
[6.065s] -- Up-to-date: /home/admin1/URC/install/interbotix_xs_msgs/include/interbotix_xs_msgs/interbotix_xs_msgs/srv
[6.069s] -- Up-to-date: /home/admin1/URC/install/interbotix_xs_msgs/include/interbotix_xs_msgs/interbotix_xs_msgs/srv/register_values.hpp
[6.071s] -- Up-to-date: /home/admin1/URC/install/interbotix_xs_msgs/include/interbotix_xs_msgs/interbotix_xs_msgs/srv/motor_gains.hpp
[6.073s] -- Up-to-date: /home/admin1/URC/install/interbotix_xs_msgs/include/interbotix_xs_msgs/interbotix_xs_msgs/srv/operating_modes.hpp
[6.074s] -- Up-to-date: /home/admin1/URC/install/interbotix_xs_msgs/include/interbotix_xs_msgs/interbotix_xs_msgs/srv/robot_info.hpp
[6.075s] -- Up-to-date: /home/admin1/URC/install/interbotix_xs_msgs/include/interbotix_xs_msgs/interbotix_xs_msgs/srv/reboot.hpp
[6.080s] -- Up-to-date: /home/admin1/URC/install/interbotix_xs_msgs/include/interbotix_xs_msgs/interbotix_xs_msgs/srv/detail
[6.088s] -- Up-to-date: /home/admin1/URC/install/interbotix_xs_msgs/include/interbotix_xs_msgs/interbotix_xs_msgs/srv/detail/robot_info__traits.hpp
[6.092s] -- Up-to-date: /home/admin1/URC/install/interbotix_xs_msgs/include/interbotix_xs_msgs/interbotix_xs_msgs/srv/detail/motor_gains__type_support.hpp
[6.097s] -- Up-to-date: /home/admin1/URC/install/interbotix_xs_msgs/include/interbotix_xs_msgs/interbotix_xs_msgs/srv/detail/register_values__struct.hpp
[6.098s] -- Up-to-date: /home/admin1/URC/install/interbotix_xs_msgs/include/interbotix_xs_msgs/interbotix_xs_msgs/srv/detail/register_values__traits.hpp
[6.100s] -- Up-to-date: /home/admin1/URC/install/interbotix_xs_msgs/include/interbotix_xs_msgs/interbotix_xs_msgs/srv/detail/motor_gains__traits.hpp
[6.101s] -- Up-to-date: /home/admin1/URC/install/interbotix_xs_msgs/include/interbotix_xs_msgs/interbotix_xs_msgs/srv/detail/robot_info__builder.hpp
[6.107s] -- Up-to-date: /home/admin1/URC/install/interbotix_xs_msgs/include/interbotix_xs_msgs/interbotix_xs_msgs/srv/detail/register_values__type_support.hpp
[6.108s] -- Up-to-date: /home/admin1/URC/install/interbotix_xs_msgs/include/interbotix_xs_msgs/interbotix_xs_msgs/srv/detail/operating_modes__builder.hpp
[6.108s] -- Up-to-date: /home/admin1/URC/install/interbotix_xs_msgs/include/interbotix_xs_msgs/interbotix_xs_msgs/srv/detail/operating_modes__struct.hpp
[6.109s] -- Up-to-date: /home/admin1/URC/install/interbotix_xs_msgs/include/interbotix_xs_msgs/interbotix_xs_msgs/srv/detail/robot_info__struct.hpp
[6.110s] -- Up-to-date: /home/admin1/URC/install/interbotix_xs_msgs/include/interbotix_xs_msgs/interbotix_xs_msgs/srv/detail/torque_enable__struct.hpp
[6.114s] -- Up-to-date: /home/admin1/URC/install/interbotix_xs_msgs/include/interbotix_xs_msgs/interbotix_xs_msgs/srv/detail/reboot__builder.hpp
[6.114s] -- Up-to-date: /home/admin1/URC/install/interbotix_xs_msgs/include/interbotix_xs_msgs/interbotix_xs_msgs/srv/detail/operating_modes__type_support.hpp
[6.117s] -- Up-to-date: /home/admin1/URC/install/interbotix_xs_msgs/include/interbotix_xs_msgs/interbotix_xs_msgs/srv/detail/torque_enable__type_support.hpp
[6.120s] -- Up-to-date: /home/admin1/URC/install/interbotix_xs_msgs/include/interbotix_xs_msgs/interbotix_xs_msgs/srv/detail/torque_enable__traits.hpp
[6.122s] -- Up-to-date: /home/admin1/URC/install/interbotix_xs_msgs/include/interbotix_xs_msgs/interbotix_xs_msgs/srv/detail/reboot__type_support.hpp
[6.122s] -- Up-to-date: /home/admin1/URC/install/interbotix_xs_msgs/include/interbotix_xs_msgs/interbotix_xs_msgs/srv/detail/torque_enable__builder.hpp
[6.126s] -- Up-to-date: /home/admin1/URC/install/interbotix_xs_msgs/include/interbotix_xs_msgs/interbotix_xs_msgs/srv/detail/robot_info__type_support.hpp
[6.128s] -- Up-to-date: /home/admin1/URC/install/interbotix_xs_msgs/include/interbotix_xs_msgs/interbotix_xs_msgs/srv/detail/reboot__traits.hpp
[6.133s] -- Up-to-date: /home/admin1/URC/install/interbotix_xs_msgs/include/interbotix_xs_msgs/interbotix_xs_msgs/srv/detail/motor_gains__struct.hpp
[6.133s] -- Up-to-date: /home/admin1/URC/install/interbotix_xs_msgs/include/interbotix_xs_msgs/interbotix_xs_msgs/srv/detail/motor_gains__builder.hpp
[6.134s] -- Up-to-date: /home/admin1/URC/install/interbotix_xs_msgs/include/interbotix_xs_msgs/interbotix_xs_msgs/srv/detail/reboot__struct.hpp
[6.135s] -- Up-to-date: /home/admin1/URC/install/interbotix_xs_msgs/include/interbotix_xs_msgs/interbotix_xs_msgs/srv/detail/operating_modes__traits.hpp
[6.136s] -- Up-to-date: /home/admin1/URC/install/interbotix_xs_msgs/include/interbotix_xs_msgs/interbotix_xs_msgs/srv/detail/register_values__builder.hpp
[6.136s] -- Up-to-date: /home/admin1/URC/install/interbotix_xs_msgs/include/interbotix_xs_msgs/interbotix_xs_msgs/srv/torque_enable.hpp
[6.140s] -- Up-to-date: /home/admin1/URC/install/interbotix_xs_msgs/include/interbotix_xs_msgs/interbotix_xs_msgs
[6.140s] -- Up-to-date: /home/admin1/URC/install/interbotix_xs_msgs/include/interbotix_xs_msgs/interbotix_xs_msgs/msg
[6.144s] -- Up-to-date: /home/admin1/URC/install/interbotix_xs_msgs/include/interbotix_xs_msgs/interbotix_xs_msgs/msg/rosidl_typesupport_fastrtps_cpp__visibility_control.h
[6.144s] -- Up-to-date: /home/admin1/URC/install/interbotix_xs_msgs/include/interbotix_xs_msgs/interbotix_xs_msgs/msg/detail
[6.145s] -- Up-to-date: /home/admin1/URC/install/interbotix_xs_msgs/include/interbotix_xs_msgs/interbotix_xs_msgs/msg/detail/joint_temps__rosidl_typesupport_fastrtps_cpp.hpp
[6.145s] -- Up-to-date: /home/admin1/URC/install/interbotix_xs_msgs/include/interbotix_xs_msgs/interbotix_xs_msgs/msg/detail/joint_trajectory_command__rosidl_typesupport_fastrtps_cpp.hpp
[6.146s] -- Up-to-date: /home/admin1/URC/install/interbotix_xs_msgs/include/interbotix_xs_msgs/interbotix_xs_msgs/msg/detail/joint_group_command__rosidl_typesupport_fastrtps_cpp.hpp
[6.150s] -- Up-to-date: /home/admin1/URC/install/interbotix_xs_msgs/include/interbotix_xs_msgs/interbotix_xs_msgs/msg/detail/dds_fastrtps
[6.151s] -- Up-to-date: /home/admin1/URC/install/interbotix_xs_msgs/include/interbotix_xs_msgs/interbotix_xs_msgs/msg/detail/turret_joy__rosidl_typesupport_fastrtps_cpp.hpp
[6.151s] -- Up-to-date: /home/admin1/URC/install/interbotix_xs_msgs/include/interbotix_xs_msgs/interbotix_xs_msgs/msg/detail/joint_single_command__rosidl_typesupport_fastrtps_cpp.hpp
[6.152s] -- Up-to-date: /home/admin1/URC/install/interbotix_xs_msgs/include/interbotix_xs_msgs/interbotix_xs_msgs/msg/detail/locobot_joy__rosidl_typesupport_fastrtps_cpp.hpp
[6.158s] -- Up-to-date: /home/admin1/URC/install/interbotix_xs_msgs/include/interbotix_xs_msgs/interbotix_xs_msgs/msg/detail/arm_joy__rosidl_typesupport_fastrtps_cpp.hpp
[6.159s] -- Up-to-date: /home/admin1/URC/install/interbotix_xs_msgs/include/interbotix_xs_msgs/interbotix_xs_msgs/msg/detail/hex_joy__rosidl_typesupport_fastrtps_cpp.hpp
[6.162s] -- Up-to-date: /home/admin1/URC/install/interbotix_xs_msgs/include/interbotix_xs_msgs/interbotix_xs_msgs/srv
[6.163s] -- Up-to-date: /home/admin1/URC/install/interbotix_xs_msgs/include/interbotix_xs_msgs/interbotix_xs_msgs/srv/detail
[6.163s] -- Up-to-date: /home/admin1/URC/install/interbotix_xs_msgs/include/interbotix_xs_msgs/interbotix_xs_msgs/srv/detail/register_values__rosidl_typesupport_fastrtps_cpp.hpp
[6.171s] -- Up-to-date: /home/admin1/URC/install/interbotix_xs_msgs/include/interbotix_xs_msgs/interbotix_xs_msgs/srv/detail/robot_info__rosidl_typesupport_fastrtps_cpp.hpp
[6.172s] -- Up-to-date: /home/admin1/URC/install/interbotix_xs_msgs/include/interbotix_xs_msgs/interbotix_xs_msgs/srv/detail/torque_enable__rosidl_typesupport_fastrtps_cpp.hpp
[6.172s] -- Up-to-date: /home/admin1/URC/install/interbotix_xs_msgs/include/interbotix_xs_msgs/interbotix_xs_msgs/srv/detail/reboot__rosidl_typesupport_fastrtps_cpp.hpp
[6.173s] -- Up-to-date: /home/admin1/URC/install/interbotix_xs_msgs/include/interbotix_xs_msgs/interbotix_xs_msgs/srv/detail/operating_modes__rosidl_typesupport_fastrtps_cpp.hpp
[6.186s] -- Up-to-date: /home/admin1/URC/install/interbotix_xs_msgs/include/interbotix_xs_msgs/interbotix_xs_msgs/srv/detail/dds_fastrtps
[6.187s] -- Up-to-date: /home/admin1/URC/install/interbotix_xs_msgs/include/interbotix_xs_msgs/interbotix_xs_msgs/srv/detail/motor_gains__rosidl_typesupport_fastrtps_cpp.hpp
[6.187s] -- Up-to-date: /home/admin1/URC/install/interbotix_xs_msgs/lib/libinterbotix_xs_msgs__rosidl_typesupport_fastrtps_cpp.so
[6.198s] -- Up-to-date: /home/admin1/URC/install/interbotix_xs_msgs/include/interbotix_xs_msgs/interbotix_xs_msgs
[6.199s] -- Up-to-date: /home/admin1/URC/install/interbotix_xs_msgs/include/interbotix_xs_msgs/interbotix_xs_msgs/msg
[6.200s] -- Up-to-date: /home/admin1/URC/install/interbotix_xs_msgs/include/interbotix_xs_msgs/interbotix_xs_msgs/msg/detail
[6.205s] -- Up-to-date: /home/admin1/URC/install/interbotix_xs_msgs/include/interbotix_xs_msgs/interbotix_xs_msgs/msg/detail/joint_group_command__type_support.cpp
[6.208s] -- Up-to-date: /home/admin1/URC/install/interbotix_xs_msgs/include/interbotix_xs_msgs/interbotix_xs_msgs/msg/detail/joint_trajectory_command__rosidl_typesupport_introspection_cpp.hpp
[6.215s] -- Up-to-date: /home/admin1/URC/install/interbotix_xs_msgs/include/interbotix_xs_msgs/interbotix_xs_msgs/msg/detail/locobot_joy__rosidl_typesupport_introspection_cpp.hpp
[6.215s] -- Up-to-date: /home/admin1/URC/install/interbotix_xs_msgs/include/interbotix_xs_msgs/interbotix_xs_msgs/msg/detail/joint_temps__rosidl_typesupport_introspection_cpp.hpp
[6.216s] -- Up-to-date: /home/admin1/URC/install/interbotix_xs_msgs/include/interbotix_xs_msgs/interbotix_xs_msgs/msg/detail/joint_trajectory_command__type_support.cpp
[6.216s] -- Up-to-date: /home/admin1/URC/install/interbotix_xs_msgs/include/interbotix_xs_msgs/interbotix_xs_msgs/msg/detail/joint_single_command__type_support.cpp
[6.226s] -- Up-to-date: /home/admin1/URC/install/interbotix_xs_msgs/include/interbotix_xs_msgs/interbotix_xs_msgs/msg/detail/arm_joy__rosidl_typesupport_introspection_cpp.hpp
[6.227s] -- Up-to-date: /home/admin1/URC/install/interbotix_xs_msgs/include/interbotix_xs_msgs/interbotix_xs_msgs/msg/detail/arm_joy__type_support.cpp
[6.236s] -- Up-to-date: /home/admin1/URC/install/interbotix_xs_msgs/include/interbotix_xs_msgs/interbotix_xs_msgs/msg/detail/hex_joy__type_support.cpp
[6.236s] -- Up-to-date: /home/admin1/URC/install/interbotix_xs_msgs/include/interbotix_xs_msgs/interbotix_xs_msgs/msg/detail/joint_group_command__rosidl_typesupport_introspection_cpp.hpp
[6.237s] -- Up-to-date: /home/admin1/URC/install/interbotix_xs_msgs/include/interbotix_xs_msgs/interbotix_xs_msgs/msg/detail/turret_joy__rosidl_typesupport_introspection_cpp.hpp
[6.237s] -- Up-to-date: /home/admin1/URC/install/interbotix_xs_msgs/include/interbotix_xs_msgs/interbotix_xs_msgs/msg/detail/locobot_joy__type_support.cpp
[6.238s] -- Up-to-date: /home/admin1/URC/install/interbotix_xs_msgs/include/interbotix_xs_msgs/interbotix_xs_msgs/msg/detail/joint_single_command__rosidl_typesupport_introspection_cpp.hpp
[6.248s] -- Up-to-date: /home/admin1/URC/install/interbotix_xs_msgs/include/interbotix_xs_msgs/interbotix_xs_msgs/msg/detail/joint_temps__type_support.cpp
[6.249s] -- Up-to-date: /home/admin1/URC/install/interbotix_xs_msgs/include/interbotix_xs_msgs/interbotix_xs_msgs/msg/detail/hex_joy__rosidl_typesupport_introspection_cpp.hpp
[6.249s] -- Up-to-date: /home/admin1/URC/install/interbotix_xs_msgs/include/interbotix_xs_msgs/interbotix_xs_msgs/msg/detail/turret_joy__type_support.cpp
[6.258s] -- Up-to-date: /home/admin1/URC/install/interbotix_xs_msgs/include/interbotix_xs_msgs/interbotix_xs_msgs/srv
[6.259s] -- Up-to-date: /home/admin1/URC/install/interbotix_xs_msgs/include/interbotix_xs_msgs/interbotix_xs_msgs/srv/detail
[6.260s] -- Up-to-date: /home/admin1/URC/install/interbotix_xs_msgs/include/interbotix_xs_msgs/interbotix_xs_msgs/srv/detail/robot_info__rosidl_typesupport_introspection_cpp.hpp
[6.260s] -- Up-to-date: /home/admin1/URC/install/interbotix_xs_msgs/include/interbotix_xs_msgs/interbotix_xs_msgs/srv/detail/torque_enable__rosidl_typesupport_introspection_cpp.hpp
[6.261s] -- Up-to-date: /home/admin1/URC/install/interbotix_xs_msgs/include/interbotix_xs_msgs/interbotix_xs_msgs/srv/detail/torque_enable__type_support.cpp
[6.271s] -- Up-to-date: /home/admin1/URC/install/interbotix_xs_msgs/include/interbotix_xs_msgs/interbotix_xs_msgs/srv/detail/operating_modes__rosidl_typesupport_introspection_cpp.hpp
[6.284s] -- Up-to-date: /home/admin1/URC/install/interbotix_xs_msgs/include/interbotix_xs_msgs/interbotix_xs_msgs/srv/detail/motor_gains__type_support.cpp
[6.285s] -- Up-to-date: /home/admin1/URC/install/interbotix_xs_msgs/include/interbotix_xs_msgs/interbotix_xs_msgs/srv/detail/robot_info__type_support.cpp
[6.286s] -- Up-to-date: /home/admin1/URC/install/interbotix_xs_msgs/include/interbotix_xs_msgs/interbotix_xs_msgs/srv/detail/reboot__type_support.cpp
[6.287s] -- Up-to-date: /home/admin1/URC/install/interbotix_xs_msgs/include/interbotix_xs_msgs/interbotix_xs_msgs/srv/detail/register_values__type_support.cpp
[6.297s] -- Up-to-date: /home/admin1/URC/install/interbotix_xs_msgs/include/interbotix_xs_msgs/interbotix_xs_msgs/srv/detail/reboot__rosidl_typesupport_introspection_cpp.hpp
[6.298s] -- Up-to-date: /home/admin1/URC/install/interbotix_xs_msgs/include/interbotix_xs_msgs/interbotix_xs_msgs/srv/detail/operating_modes__type_support.cpp
[6.309s] -- Up-to-date: /home/admin1/URC/install/interbotix_xs_msgs/include/interbotix_xs_msgs/interbotix_xs_msgs/srv/detail/motor_gains__rosidl_typesupport_introspection_cpp.hpp
[6.310s] -- Up-to-date: /home/admin1/URC/install/interbotix_xs_msgs/include/interbotix_xs_msgs/interbotix_xs_msgs/srv/detail/register_values__rosidl_typesupport_introspection_cpp.hpp
[6.333s] -- Up-to-date: /home/admin1/URC/install/interbotix_xs_msgs/lib/libinterbotix_xs_msgs__rosidl_typesupport_introspection_cpp.so
[6.351s] -- Up-to-date: /home/admin1/URC/install/interbotix_xs_msgs/lib/libinterbotix_xs_msgs__rosidl_typesupport_cpp.so
[6.352s] -- Up-to-date: /home/admin1/URC/install/interbotix_xs_msgs/share/interbotix_xs_msgs/environment/pythonpath.sh
[6.359s] -- Up-to-date: /home/admin1/URC/install/interbotix_xs_msgs/share/interbotix_xs_msgs/environment/pythonpath.dsv
[6.360s] -- Up-to-date: /home/admin1/URC/install/interbotix_xs_msgs/lib/python3.12/site-packages/interbotix_xs_msgs-0.0.0-py3.12.egg-info
[6.361s] -- Installing: /home/admin1/URC/install/interbotix_xs_msgs/lib/python3.12/site-packages/interbotix_xs_msgs-0.0.0-py3.12.egg-info/top_level.txt
[6.361s] -- Installing: /home/admin1/URC/install/interbotix_xs_msgs/lib/python3.12/site-packages/interbotix_xs_msgs-0.0.0-py3.12.egg-info/PKG-INFO
[6.369s] -- Installing: /home/admin1/URC/install/interbotix_xs_msgs/lib/python3.12/site-packages/interbotix_xs_msgs-0.0.0-py3.12.egg-info/SOURCES.txt
[6.370s] -- Installing: /home/admin1/URC/install/interbotix_xs_msgs/lib/python3.12/site-packages/interbotix_xs_msgs-0.0.0-py3.12.egg-info/dependency_links.txt
[6.370s] -- Up-to-date: /home/admin1/URC/install/interbotix_xs_msgs/lib/python3.12/site-packages/interbotix_xs_msgs
[6.371s] -- Up-to-date: /home/admin1/URC/install/interbotix_xs_msgs/lib/python3.12/site-packages/interbotix_xs_msgs/interbotix_xs_msgs_s__rosidl_typesupport_introspection_c.so
[6.372s] -- Up-to-date: /home/admin1/URC/install/interbotix_xs_msgs/lib/python3.12/site-packages/interbotix_xs_msgs/_interbotix_xs_msgs_s.ep.rosidl_typesupport_introspection_c.c
[6.379s] -- Up-to-date: /home/admin1/URC/install/interbotix_xs_msgs/lib/python3.12/site-packages/interbotix_xs_msgs/msg
[6.379s] -- Up-to-date: /home/admin1/URC/install/interbotix_xs_msgs/lib/python3.12/site-packages/interbotix_xs_msgs/msg/_joint_temps_s.c
[6.380s] -- Up-to-date: /home/admin1/URC/install/interbotix_xs_msgs/lib/python3.12/site-packages/interbotix_xs_msgs/msg/_joint_temps.py
[6.381s] -- Up-to-date: /home/admin1/URC/install/interbotix_xs_msgs/lib/python3.12/site-packages/interbotix_xs_msgs/msg/_hex_joy.py
[6.387s] -- Up-to-date: /home/admin1/URC/install/interbotix_xs_msgs/lib/python3.12/site-packages/interbotix_xs_msgs/msg/_joint_trajectory_command_s.c
[6.391s] -- Up-to-date: /home/admin1/URC/install/interbotix_xs_msgs/lib/python3.12/site-packages/interbotix_xs_msgs/msg/__init__.py
[6.398s] -- Up-to-date: /home/admin1/URC/install/interbotix_xs_msgs/lib/python3.12/site-packages/interbotix_xs_msgs/msg/_arm_joy.py
[6.400s] -- Up-to-date: /home/admin1/URC/install/interbotix_xs_msgs/lib/python3.12/site-packages/interbotix_xs_msgs/msg/_hex_joy_s.c
[6.404s] -- Up-to-date: /home/admin1/URC/install/interbotix_xs_msgs/lib/python3.12/site-packages/interbotix_xs_msgs/msg/_arm_joy_s.c
[6.405s] -- Up-to-date: /home/admin1/URC/install/interbotix_xs_msgs/lib/python3.12/site-packages/interbotix_xs_msgs/msg/_turret_joy.py
[6.405s] -- Up-to-date: /home/admin1/URC/install/interbotix_xs_msgs/lib/python3.12/site-packages/interbotix_xs_msgs/msg/_joint_single_command.py
[6.416s] -- Up-to-date: /home/admin1/URC/install/interbotix_xs_msgs/lib/python3.12/site-packages/interbotix_xs_msgs/msg/_joint_group_command_s.c
[6.417s] -- Up-to-date: /home/admin1/URC/install/interbotix_xs_msgs/lib/python3.12/site-packages/interbotix_xs_msgs/msg/_joint_group_command.py
[6.417s] -- Up-to-date: /home/admin1/URC/install/interbotix_xs_msgs/lib/python3.12/site-packages/interbotix_xs_msgs/msg/_locobot_joy_s.c
[6.418s] -- Up-to-date: /home/admin1/URC/install/interbotix_xs_msgs/lib/python3.12/site-packages/interbotix_xs_msgs/msg/_joint_single_command_s.c
[6.425s] -- Up-to-date: /home/admin1/URC/install/interbotix_xs_msgs/lib/python3.12/site-packages/interbotix_xs_msgs/msg/_joint_trajectory_command.py
[6.425s] -- Up-to-date: /home/admin1/URC/install/interbotix_xs_msgs/lib/python3.12/site-packages/interbotix_xs_msgs/msg/_locobot_joy.py
[6.426s] -- Up-to-date: /home/admin1/URC/install/interbotix_xs_msgs/lib/python3.12/site-packages/interbotix_xs_msgs/msg/_turret_joy_s.c
[6.433s] -- Up-to-date: /home/admin1/URC/install/interbotix_xs_msgs/lib/python3.12/site-packages/interbotix_xs_msgs/__init__.py
[6.434s] -- Up-to-date: /home/admin1/URC/install/interbotix_xs_msgs/lib/python3.12/site-packages/interbotix_xs_msgs/_interbotix_xs_msgs_s.ep.rosidl_typesupport_fastrtps_c.c
[6.435s] -- Up-to-date: /home/admin1/URC/install/interbotix_xs_msgs/lib/python3.12/site-packages/interbotix_xs_msgs/srv
[6.438s] -- Up-to-date: /home/admin1/URC/install/interbotix_xs_msgs/lib/python3.12/site-packages/interbotix_xs_msgs/srv/_register_values_s.c
[6.439s] -- Up-to-date: /home/admin1/URC/install/interbotix_xs_msgs/lib/python3.12/site-packages/interbotix_xs_msgs/srv/_torque_enable_s.c
[6.440s] -- Up-to-date: /home/admin1/URC/install/interbotix_xs_msgs/lib/python3.12/site-packages/interbotix_xs_msgs/srv/_register_values.py
[6.441s] -- Up-to-date: /home/admin1/URC/install/interbotix_xs_msgs/lib/python3.12/site-packages/interbotix_xs_msgs/srv/_operating_modes_s.c
[6.447s] -- Up-to-date: /home/admin1/URC/install/interbotix_xs_msgs/lib/python3.12/site-packages/interbotix_xs_msgs/srv/__init__.py
[6.448s] -- Up-to-date: /home/admin1/URC/install/interbotix_xs_msgs/lib/python3.12/site-packages/interbotix_xs_msgs/srv/_motor_gains.py
[6.449s] -- Up-to-date: /home/admin1/URC/install/interbotix_xs_msgs/lib/python3.12/site-packages/interbotix_xs_msgs/srv/_reboot.py
[6.450s] -- Up-to-date: /home/admin1/URC/install/interbotix_xs_msgs/lib/python3.12/site-packages/interbotix_xs_msgs/srv/_motor_gains_s.c
[6.455s] -- Up-to-date: /home/admin1/URC/install/interbotix_xs_msgs/lib/python3.12/site-packages/interbotix_xs_msgs/srv/_robot_info_s.c
[6.456s] -- Up-to-date: /home/admin1/URC/install/interbotix_xs_msgs/lib/python3.12/site-packages/interbotix_xs_msgs/srv/_reboot_s.c
[6.457s] -- Up-to-date: /home/admin1/URC/install/interbotix_xs_msgs/lib/python3.12/site-packages/interbotix_xs_msgs/srv/_operating_modes.py
[6.457s] -- Up-to-date: /home/admin1/URC/install/interbotix_xs_msgs/lib/python3.12/site-packages/interbotix_xs_msgs/srv/_robot_info.py
[6.465s] -- Up-to-date: /home/admin1/URC/install/interbotix_xs_msgs/lib/python3.12/site-packages/interbotix_xs_msgs/srv/_torque_enable.py
[6.466s] -- Up-to-date: /home/admin1/URC/install/interbotix_xs_msgs/lib/python3.12/site-packages/interbotix_xs_msgs/interbotix_xs_msgs_s__rosidl_typesupport_c.so
[6.467s] -- Up-to-date: /home/admin1/URC/install/interbotix_xs_msgs/lib/python3.12/site-packages/interbotix_xs_msgs/interbotix_xs_msgs_s__rosidl_typesupport_fastrtps_c.so
[6.467s] -- Up-to-date: /home/admin1/URC/install/interbotix_xs_msgs/lib/python3.12/site-packages/interbotix_xs_msgs/_interbotix_xs_msgs_s.ep.rosidl_typesupport_c.c
[6.927s] Listing '/home/admin1/URC/install/interbotix_xs_msgs/lib/python3.12/site-packages/interbotix_xs_msgs'...
[6.928s] Listing '/home/admin1/URC/install/interbotix_xs_msgs/lib/python3.12/site-packages/interbotix_xs_msgs/msg'...
[6.936s] Listing '/home/admin1/URC/install/interbotix_xs_msgs/lib/python3.12/site-packages/interbotix_xs_msgs/srv'...
[7.050s] -- Up-to-date: /home/admin1/URC/install/interbotix_xs_msgs/lib/python3.12/site-packages/interbotix_xs_msgs/interbotix_xs_msgs_s__rosidl_typesupport_fastrtps_c.so
[7.077s] -- Up-to-date: /home/admin1/URC/install/interbotix_xs_msgs/lib/python3.12/site-packages/interbotix_xs_msgs/interbotix_xs_msgs_s__rosidl_typesupport_introspection_c.so
[7.090s] -- Up-to-date: /home/admin1/URC/install/interbotix_xs_msgs/lib/python3.12/site-packages/interbotix_xs_msgs/interbotix_xs_msgs_s__rosidl_typesupport_c.so
[7.106s] -- Up-to-date: /home/admin1/URC/install/interbotix_xs_msgs/lib/libinterbotix_xs_msgs__rosidl_generator_py.so
[7.107s] -- Up-to-date: /home/admin1/URC/install/interbotix_xs_msgs/share/interbotix_xs_msgs/msg/ArmJoy.idl
[7.108s] -- Up-to-date: /home/admin1/URC/install/interbotix_xs_msgs/share/interbotix_xs_msgs/msg/HexJoy.idl
[7.117s] -- Up-to-date: /home/admin1/URC/install/interbotix_xs_msgs/share/interbotix_xs_msgs/msg/JointGroupCommand.idl
[7.117s] -- Up-to-date: /home/admin1/URC/install/interbotix_xs_msgs/share/interbotix_xs_msgs/msg/JointSingleCommand.idl
[7.123s] -- Up-to-date: /home/admin1/URC/install/interbotix_xs_msgs/share/interbotix_xs_msgs/msg/JointTemps.idl
[7.135s] -- Up-to-date: /home/admin1/URC/install/interbotix_xs_msgs/share/interbotix_xs_msgs/msg/JointTrajectoryCommand.idl
[7.148s] -- Up-to-date: /home/admin1/URC/install/interbotix_xs_msgs/share/interbotix_xs_msgs/msg/LocobotJoy.idl
[7.148s] -- Up-to-date: /home/admin1/URC/install/interbotix_xs_msgs/share/interbotix_xs_msgs/msg/TurretJoy.idl
[7.166s] -- Up-to-date: /home/admin1/URC/install/interbotix_xs_msgs/share/interbotix_xs_msgs/srv/MotorGains.idl
[7.166s] -- Up-to-date: /home/admin1/URC/install/interbotix_xs_msgs/share/interbotix_xs_msgs/srv/OperatingModes.idl
[7.167s] -- Up-to-date: /home/admin1/URC/install/interbotix_xs_msgs/share/interbotix_xs_msgs/srv/Reboot.idl
[7.175s] -- Up-to-date: /home/admin1/URC/install/interbotix_xs_msgs/share/interbotix_xs_msgs/srv/RegisterValues.idl
[7.175s] -- Up-to-date: /home/admin1/URC/install/interbotix_xs_msgs/share/interbotix_xs_msgs/srv/RobotInfo.idl
[7.179s] -- Up-to-date: /home/admin1/URC/install/interbotix_xs_msgs/share/interbotix_xs_msgs/srv/TorqueEnable.idl
[7.183s] -- Up-to-date: /home/admin1/URC/install/interbotix_xs_msgs/share/interbotix_xs_msgs/msg/ArmJoy.msg
[7.195s] -- Up-to-date: /home/admin1/URC/install/interbotix_xs_msgs/share/interbotix_xs_msgs/msg/HexJoy.msg
[7.195s] -- Up-to-date: /home/admin1/URC/install/interbotix_xs_msgs/share/interbotix_xs_msgs/msg/JointGroupCommand.msg
[7.196s] -- Up-to-date: /home/admin1/URC/install/interbotix_xs_msgs/share/interbotix_xs_msgs/msg/JointSingleCommand.msg
[7.197s] -- Up-to-date: /home/admin1/URC/install/interbotix_xs_msgs/share/interbotix_xs_msgs/msg/JointTemps.msg
[7.203s] -- Up-to-date: /home/admin1/URC/install/interbotix_xs_msgs/share/interbotix_xs_msgs/msg/JointTrajectoryCommand.msg
[7.204s] -- Up-to-date: /home/admin1/URC/install/interbotix_xs_msgs/share/interbotix_xs_msgs/msg/LocobotJoy.msg
[7.205s] -- Up-to-date: /home/admin1/URC/install/interbotix_xs_msgs/share/interbotix_xs_msgs/msg/TurretJoy.msg
[7.205s] -- Up-to-date: /home/admin1/URC/install/interbotix_xs_msgs/share/interbotix_xs_msgs/srv/MotorGains.srv
[7.212s] -- Up-to-date: /home/admin1/URC/install/interbotix_xs_msgs/share/interbotix_xs_msgs/srv/OperatingModes.srv
[7.213s] -- Up-to-date: /home/admin1/URC/install/interbotix_xs_msgs/share/interbotix_xs_msgs/srv/Reboot.srv
[7.218s] -- Up-to-date: /home/admin1/URC/install/interbotix_xs_msgs/share/interbotix_xs_msgs/srv/RegisterValues.srv
[7.221s] -- Up-to-date: /home/admin1/URC/install/interbotix_xs_msgs/share/interbotix_xs_msgs/srv/RobotInfo.srv
[7.221s] -- Up-to-date: /home/admin1/URC/install/interbotix_xs_msgs/share/interbotix_xs_msgs/srv/TorqueEnable.srv
[7.222s] -- Up-to-date: /home/admin1/URC/install/interbotix_xs_msgs/share/ament_index/resource_index/package_run_dependencies/interbotix_xs_msgs
[7.227s] -- Up-to-date: /home/admin1/URC/install/interbotix_xs_msgs/share/ament_index/resource_index/parent_prefix_path/interbotix_xs_msgs
[7.238s] -- Up-to-date: /home/admin1/URC/install/interbotix_xs_msgs/share/interbotix_xs_msgs/environment/ament_prefix_path.sh
[7.238s] -- Up-to-date: /home/admin1/URC/install/interbotix_xs_msgs/share/interbotix_xs_msgs/environment/ament_prefix_path.dsv
[7.247s] -- Up-to-date: /home/admin1/URC/install/interbotix_xs_msgs/share/interbotix_xs_msgs/environment/path.sh
[7.252s] -- Up-to-date: /home/admin1/URC/install/interbotix_xs_msgs/share/interbotix_xs_msgs/environment/path.dsv
[7.253s] -- Up-to-date: /home/admin1/URC/install/interbotix_xs_msgs/share/interbotix_xs_msgs/local_setup.bash
[7.265s] -- Up-to-date: /home/admin1/URC/install/interbotix_xs_msgs/share/interbotix_xs_msgs/local_setup.sh
[7.266s] -- Up-to-date: /home/admin1/URC/install/interbotix_xs_msgs/share/interbotix_xs_msgs/local_setup.zsh
[7.274s] -- Up-to-date: /home/admin1/URC/install/interbotix_xs_msgs/share/interbotix_xs_msgs/local_setup.dsv
[7.275s] -- Installing: /home/admin1/URC/install/interbotix_xs_msgs/share/interbotix_xs_msgs/package.dsv
[7.286s] -- Up-to-date: /home/admin1/URC/install/interbotix_xs_msgs/share/ament_index/resource_index/packages/interbotix_xs_msgs
[7.286s] -- Up-to-date: /home/admin1/URC/install/interbotix_xs_msgs/share/interbotix_xs_msgs/cmake/export_interbotix_xs_msgs__rosidl_generator_cExport.cmake
[7.287s] -- Up-to-date: /home/admin1/URC/install/interbotix_xs_msgs/share/interbotix_xs_msgs/cmake/export_interbotix_xs_msgs__rosidl_generator_cExport-noconfig.cmake
[7.308s] -- Up-to-date: /home/admin1/URC/install/interbotix_xs_msgs/share/interbotix_xs_msgs/cmake/export_interbotix_xs_msgs__rosidl_typesupport_fastrtps_cExport.cmake
[7.317s] -- Up-to-date: /home/admin1/URC/install/interbotix_xs_msgs/share/interbotix_xs_msgs/cmake/export_interbotix_xs_msgs__rosidl_typesupport_fastrtps_cExport-noconfig.cmake
[7.329s] -- Up-to-date: /home/admin1/URC/install/interbotix_xs_msgs/share/interbotix_xs_msgs/cmake/interbotix_xs_msgs__rosidl_typesupport_introspection_cExport.cmake
[7.335s] -- Up-to-date: /home/admin1/URC/install/interbotix_xs_msgs/share/interbotix_xs_msgs/cmake/interbotix_xs_msgs__rosidl_typesupport_introspection_cExport-noconfig.cmake
[7.357s] -- Up-to-date: /home/admin1/URC/install/interbotix_xs_msgs/share/interbotix_xs_msgs/cmake/interbotix_xs_msgs__rosidl_typesupport_cExport.cmake
[7.374s] -- Up-to-date: /home/admin1/URC/install/interbotix_xs_msgs/share/interbotix_xs_msgs/cmake/interbotix_xs_msgs__rosidl_typesupport_cExport-noconfig.cmake
[7.377s] -- Up-to-date: /home/admin1/URC/install/interbotix_xs_msgs/share/interbotix_xs_msgs/cmake/export_interbotix_xs_msgs__rosidl_generator_cppExport.cmake
[7.382s] -- Up-to-date: /home/admin1/URC/install/interbotix_xs_msgs/share/interbotix_xs_msgs/cmake/export_interbotix_xs_msgs__rosidl_typesupport_fastrtps_cppExport.cmake
[7.386s] -- Up-to-date: /home/admin1/URC/install/interbotix_xs_msgs/share/interbotix_xs_msgs/cmake/export_interbotix_xs_msgs__rosidl_typesupport_fastrtps_cppExport-noconfig.cmake
[7.392s] -- Up-to-date: /home/admin1/URC/install/interbotix_xs_msgs/share/interbotix_xs_msgs/cmake/interbotix_xs_msgs__rosidl_typesupport_introspection_cppExport.cmake
[7.394s] -- Up-to-date: /home/admin1/URC/install/interbotix_xs_msgs/share/interbotix_xs_msgs/cmake/interbotix_xs_msgs__rosidl_typesupport_introspection_cppExport-noconfig.cmake
[7.395s] -- Up-to-date: /home/admin1/URC/install/interbotix_xs_msgs/share/interbotix_xs_msgs/cmake/interbotix_xs_msgs__rosidl_typesupport_cppExport.cmake
[7.397s] -- Up-to-date: /home/admin1/URC/install/interbotix_xs_msgs/share/interbotix_xs_msgs/cmake/interbotix_xs_msgs__rosidl_typesupport_cppExport-noconfig.cmake
[7.398s] -- Up-to-date: /home/admin1/URC/install/interbotix_xs_msgs/share/interbotix_xs_msgs/cmake/export_interbotix_xs_msgs__rosidl_generator_pyExport.cmake
[7.399s] -- Up-to-date: /home/admin1/URC/install/interbotix_xs_msgs/share/interbotix_xs_msgs/cmake/export_interbotix_xs_msgs__rosidl_generator_pyExport-noconfig.cmake
[7.402s] -- Up-to-date: /home/admin1/URC/install/interbotix_xs_msgs/share/interbotix_xs_msgs/cmake/rosidl_cmake-extras.cmake
[7.403s] -- Up-to-date: /home/admin1/URC/install/interbotix_xs_msgs/share/interbotix_xs_msgs/cmake/ament_cmake_export_dependencies-extras.cmake
[7.404s] -- Up-to-date: /home/admin1/URC/install/interbotix_xs_msgs/share/interbotix_xs_msgs/cmake/ament_cmake_export_include_directories-extras.cmake
[7.407s] -- Up-to-date: /home/admin1/URC/install/interbotix_xs_msgs/share/interbotix_xs_msgs/cmake/ament_cmake_export_libraries-extras.cmake
[7.408s] -- Up-to-date: /home/admin1/URC/install/interbotix_xs_msgs/share/interbotix_xs_msgs/cmake/ament_cmake_export_targets-extras.cmake
[7.410s] -- Up-to-date: /home/admin1/URC/install/interbotix_xs_msgs/share/interbotix_xs_msgs/cmake/rosidl_cmake_export_typesupport_targets-extras.cmake
[7.413s] -- Up-to-date: /home/admin1/URC/install/interbotix_xs_msgs/share/interbotix_xs_msgs/cmake/rosidl_cmake_export_typesupport_libraries-extras.cmake
[7.415s] -- Up-to-date: /home/admin1/URC/install/interbotix_xs_msgs/share/interbotix_xs_msgs/cmake/interbotix_xs_msgsConfig.cmake
[7.416s] -- Up-to-date: /home/admin1/URC/install/interbotix_xs_msgs/share/interbotix_xs_msgs/cmake/interbotix_xs_msgsConfig-version.cmake
[7.421s] -- Up-to-date: /home/admin1/URC/install/interbotix_xs_msgs/share/interbotix_xs_msgs/package.xml
[7.581s] Invoked command in '/home/admin1/URC/build/interbotix_xs_msgs' returned '0': CMAKE_PREFIX_PATH=${CMAKE_PREFIX_PATH}:/opt/ros/jazzy DEBUGINFOD_URLS=https://debuginfod.ubuntu.com /usr/bin/cmake --install /home/admin1/URC/build/interbotix_xs_msgs
