[0.680s] Invoking command in '/home/admin1/URC/build/dynamixel_sdk': CMAKE_PREFIX_PATH=${CMAKE_PREFIX_PATH}:/home/admin1/URC/install/modern_robotics:/home/admin1/URC/install/interbotix_xs_modules:/home/admin1/URC/install/interbotix_common_modules:/home/admin1/URC/install/IMU_control:/opt/ros/jazzy DEBUGINFOD_URLS=https://debuginfod.ubuntu.com /usr/bin/cmake --build /home/admin1/URC/build/dynamixel_sdk -- -j4 -l4
[7.889s] [100%] Built target dynamixel_sdk
[7.901s] [100%] Built target ament_cmake_python_copy_dynamixel_easy_sdk
[7.909s] [100%] Built target ament_cmake_python_copy_dynamixel_sdk
[10.454s] running egg_info
[10.795s] writing dynamixel_easy_sdk.egg-info/PKG-INFO
[10.796s] writing dependency_links to dynamixel_easy_sdk.egg-info/dependency_links.txt
[10.809s] writing top-level names to dynamixel_easy_sdk.egg-info/top_level.txt
[12.214s] reading manifest file 'dynamixel_easy_sdk.egg-info/SOURCES.txt'
[12.227s] writing manifest file 'dynamixel_easy_sdk.egg-info/SOURCES.txt'
[12.926s] [100%] Built target ament_cmake_python_build_dynamixel_easy_sdk_egg
[17.472s] running egg_info
[18.067s] writing dynamixel_sdk.egg-info/PKG-INFO
[18.074s] writing dependency_links to dynamixel_sdk.egg-info/dependency_links.txt
[18.079s] writing top-level names to dynamixel_sdk.egg-info/top_level.txt
[19.306s] reading manifest file 'dynamixel_sdk.egg-info/SOURCES.txt'
[19.325s] writing manifest file 'dynamixel_sdk.egg-info/SOURCES.txt'
[19.667s] [100%] Built target ament_cmake_python_build_dynamixel_sdk_egg
[19.825s] Invoked command in '/home/admin1/URC/build/dynamixel_sdk' returned '0': CMAKE_PREFIX_PATH=${CMAKE_PREFIX_PATH}:/home/admin1/URC/install/modern_robotics:/home/admin1/URC/install/interbotix_xs_modules:/home/admin1/URC/install/interbotix_common_modules:/home/admin1/URC/install/IMU_control:/opt/ros/jazzy DEBUGINFOD_URLS=https://debuginfod.ubuntu.com /usr/bin/cmake --build /home/admin1/URC/build/dynamixel_sdk -- -j4 -l4
[20.008s] Invoking command in '/home/admin1/URC/build/dynamixel_sdk': CMAKE_PREFIX_PATH=${CMAKE_PREFIX_PATH}:/home/admin1/URC/install/modern_robotics:/home/admin1/URC/install/interbotix_xs_modules:/home/admin1/URC/install/interbotix_common_modules:/home/admin1/URC/install/IMU_control:/opt/ros/jazzy DEBUGINFOD_URLS=https://debuginfod.ubuntu.com /usr/bin/cmake --install /home/admin1/URC/build/dynamixel_sdk
[20.187s] -- Install configuration: ""
[20.196s] -- Up-to-date: /home/admin1/URC/install/dynamixel_sdk/include/
[20.197s] -- Up-to-date: /home/admin1/URC/install/dynamixel_sdk/include//dynamixel_easy_sdk
[20.198s] -- Up-to-date: /home/admin1/URC/install/dynamixel_sdk/include//dynamixel_easy_sdk/connector.hpp
[20.208s] -- Up-to-date: /home/admin1/URC/install/dynamixel_sdk/include//dynamixel_easy_sdk/control_table.hpp
[20.214s] -- Up-to-date: /home/admin1/URC/install/dynamixel_sdk/include//dynamixel_easy_sdk/dynamixel_error.hpp
[20.214s] -- Up-to-date: /home/admin1/URC/install/dynamixel_sdk/include//dynamixel_easy_sdk/motor.hpp
[20.225s] -- Up-to-date: /home/admin1/URC/install/dynamixel_sdk/include//dynamixel_easy_sdk/dynamixel_easy_sdk.hpp
[20.227s] -- Up-to-date: /home/admin1/URC/install/dynamixel_sdk/include//dynamixel_easy_sdk/data_types.hpp
[20.234s] -- Up-to-date: /home/admin1/URC/install/dynamixel_sdk/include//dynamixel_easy_sdk/group_executor.hpp
[20.272s] -- Up-to-date: /home/admin1/URC/install/dynamixel_sdk/include//dynamixel_sdk
[20.284s] -- Up-to-date: /home/admin1/URC/install/dynamixel_sdk/include//dynamixel_sdk/group_bulk_read.h
[20.289s] -- Up-to-date: /home/admin1/URC/install/dynamixel_sdk/include//dynamixel_sdk/group_handler.h
[20.289s] -- Up-to-date: /home/admin1/URC/install/dynamixel_sdk/include//dynamixel_sdk/group_bulk_write.h
[20.290s] -- Up-to-date: /home/admin1/URC/install/dynamixel_sdk/include//dynamixel_sdk/port_handler_windows.h
[20.298s] -- Up-to-date: /home/admin1/URC/install/dynamixel_sdk/include//dynamixel_sdk/group_sync_write.h
[20.304s] -- Up-to-date: /home/admin1/URC/install/dynamixel_sdk/include//dynamixel_sdk/protocol1_packet_handler.h
[20.305s] -- Up-to-date: /home/admin1/URC/install/dynamixel_sdk/include//dynamixel_sdk/packet_handler.h
[20.306s] -- Up-to-date: /home/admin1/URC/install/dynamixel_sdk/include//dynamixel_sdk/group_fast_sync_read.h
[20.344s] -- Up-to-date: /home/admin1/URC/install/dynamixel_sdk/include//dynamixel_sdk/port_handler.h
[20.350s] -- Up-to-date: /home/admin1/URC/install/dynamixel_sdk/include//dynamixel_sdk/port_handler_linux.h
[20.370s] -- Up-to-date: /home/admin1/URC/install/dynamixel_sdk/include//dynamixel_sdk/group_sync_read.h
[20.371s] -- Up-to-date: /home/admin1/URC/install/dynamixel_sdk/include//dynamixel_sdk/port_handler_mac.h
[20.372s] -- Up-to-date: /home/admin1/URC/install/dynamixel_sdk/include//dynamixel_sdk/dynamixel_sdk.h
[20.386s] -- Up-to-date: /home/admin1/URC/install/dynamixel_sdk/include//dynamixel_sdk/port_handler_arduino.h
[20.403s] -- Up-to-date: /home/admin1/URC/install/dynamixel_sdk/include//dynamixel_sdk/protocol2_packet_handler.h
[20.404s] -- Up-to-date: /home/admin1/URC/install/dynamixel_sdk/include//dynamixel_sdk/group_fast_bulk_read.h
[20.404s] -- Up-to-date: /home/admin1/URC/install/dynamixel_sdk/lib/libdynamixel_sdk.so
[20.405s] -- Up-to-date: /home/admin1/URC/install/dynamixel_sdk/share/dynamixel_sdk/control_table
[20.418s] -- Up-to-date: /home/admin1/URC/install/dynamixel_sdk/share/dynamixel_sdk/control_table/xl330_m288.model
[20.419s] -- Up-to-date: /home/admin1/URC/install/dynamixel_sdk/share/dynamixel_sdk/control_table/xl430_w250.model
[20.419s] -- Up-to-date: /home/admin1/URC/install/dynamixel_sdk/share/dynamixel_sdk/control_table/xd430_t350.model
[20.427s] -- Up-to-date: /home/admin1/URC/install/dynamixel_sdk/share/dynamixel_sdk/control_table/xl330_m288_fw52.model
[20.433s] -- Up-to-date: /home/admin1/URC/install/dynamixel_sdk/share/dynamixel_sdk/control_table/2xc430_w250.model
[20.438s] -- Up-to-date: /home/admin1/URC/install/dynamixel_sdk/share/dynamixel_sdk/control_table/xc430_w240.model
[20.439s] -- Up-to-date: /home/admin1/URC/install/dynamixel_sdk/share/dynamixel_sdk/control_table/m54_40_s250_ra.model
[20.440s] -- Up-to-date: /home/admin1/URC/install/dynamixel_sdk/share/dynamixel_sdk/control_table/h54_200_s500_ra.model
[20.441s] -- Up-to-date: /home/admin1/URC/install/dynamixel_sdk/share/dynamixel_sdk/control_table/xc330_t181.model
[20.451s] -- Up-to-date: /home/admin1/URC/install/dynamixel_sdk/share/dynamixel_sdk/control_table/xl330_m077_fw52.model
[20.452s] -- Up-to-date: /home/admin1/URC/install/dynamixel_sdk/share/dynamixel_sdk/control_table/m54_60_s250_ra.model
[20.453s] -- Up-to-date: /home/admin1/URC/install/dynamixel_sdk/share/dynamixel_sdk/control_table/xc330_m288_fw52.model
[20.465s] -- Up-to-date: /home/admin1/URC/install/dynamixel_sdk/share/dynamixel_sdk/control_table/dynamixel.model
[20.474s] -- Up-to-date: /home/admin1/URC/install/dynamixel_sdk/share/dynamixel_sdk/control_table/xc330_t288.model
[20.486s] -- Up-to-date: /home/admin1/URC/install/dynamixel_sdk/share/dynamixel_sdk/control_table/pm54_060_s250.model
[20.495s] -- Up-to-date: /home/admin1/URC/install/dynamixel_sdk/share/dynamixel_sdk/control_table/xw430_t200.model
[20.495s] -- Up-to-date: /home/admin1/URC/install/dynamixel_sdk/share/dynamixel_sdk/control_table/ym070_210_b001.model
[20.505s] -- Up-to-date: /home/admin1/URC/install/dynamixel_sdk/share/dynamixel_sdk/control_table/m42_10_s260_ra.model
[20.506s] -- Up-to-date: /home/admin1/URC/install/dynamixel_sdk/share/dynamixel_sdk/control_table/xm430_w210.model
[20.507s] -- Up-to-date: /home/admin1/URC/install/dynamixel_sdk/share/dynamixel_sdk/control_table/rh_p12_rn.model
[20.517s] -- Up-to-date: /home/admin1/URC/install/dynamixel_sdk/share/dynamixel_sdk/control_table/mx_28.model
[20.518s] -- Up-to-date: /home/admin1/URC/install/dynamixel_sdk/share/dynamixel_sdk/control_table/ym070_210_r099.model
[20.518s] -- Up-to-date: /home/admin1/URC/install/dynamixel_sdk/share/dynamixel_sdk/control_table/mx_106.model
[20.523s] -- Up-to-date: /home/admin1/URC/install/dynamixel_sdk/share/dynamixel_sdk/control_table/ym080_230_r051.model
[20.527s] -- Up-to-date: /home/admin1/URC/install/dynamixel_sdk/share/dynamixel_sdk/control_table/xc330_m181_fw52.model
[20.528s] -- Up-to-date: /home/admin1/URC/install/dynamixel_sdk/share/dynamixel_sdk/control_table/ym080_230_r099.model
[20.529s] -- Up-to-date: /home/admin1/URC/install/dynamixel_sdk/share/dynamixel_sdk/control_table/pm54_040_s250.model
[20.529s] -- Up-to-date: /home/admin1/URC/install/dynamixel_sdk/share/dynamixel_sdk/control_table/xc330_m288.model
[20.531s] -- Up-to-date: /home/admin1/URC/install/dynamixel_sdk/share/dynamixel_sdk/control_table/xw540_t140.model
[20.532s] -- Up-to-date: /home/admin1/URC/install/dynamixel_sdk/share/dynamixel_sdk/control_table/xm430_w350.model
[20.533s] -- Up-to-date: /home/admin1/URC/install/dynamixel_sdk/share/dynamixel_sdk/control_table/xh430_v350.model
[20.534s] -- Up-to-date: /home/admin1/URC/install/dynamixel_sdk/share/dynamixel_sdk/control_table/xc430_w150.model
[20.534s] -- Up-to-date: /home/admin1/URC/install/dynamixel_sdk/share/dynamixel_sdk/control_table/ym080_230_b001.model
[20.535s] -- Up-to-date: /home/admin1/URC/install/dynamixel_sdk/share/dynamixel_sdk/control_table/xm540_w150.model
[20.536s] -- Up-to-date: /home/admin1/URC/install/dynamixel_sdk/share/dynamixel_sdk/control_table/xm540_w270.model
[20.537s] -- Up-to-date: /home/admin1/URC/install/dynamixel_sdk/share/dynamixel_sdk/control_table/ph54_200_s500.model
[20.539s] -- Up-to-date: /home/admin1/URC/install/dynamixel_sdk/share/dynamixel_sdk/control_table/xh540_w150.model
[20.541s] -- Up-to-date: /home/admin1/URC/install/dynamixel_sdk/share/dynamixel_sdk/control_table/xc330_m181.model
[20.542s] -- Up-to-date: /home/admin1/URC/install/dynamixel_sdk/share/dynamixel_sdk/control_table/xh540_v270.model
[20.542s] -- Up-to-date: /home/admin1/URC/install/dynamixel_sdk/share/dynamixel_sdk/control_table/xl330_m077.model
[20.543s] -- Up-to-date: /home/admin1/URC/install/dynamixel_sdk/share/dynamixel_sdk/control_table/xd540_t270.model
[20.544s] -- Up-to-date: /home/admin1/URC/install/dynamixel_sdk/share/dynamixel_sdk/control_table/2xl430_w250.model
[20.544s] -- Up-to-date: /home/admin1/URC/install/dynamixel_sdk/share/dynamixel_sdk/control_table/xc330_t181_fw52.model
[20.545s] -- Up-to-date: /home/admin1/URC/install/dynamixel_sdk/share/dynamixel_sdk/control_table/ym070_210_a099.model
[20.545s] -- Up-to-date: /home/admin1/URC/install/dynamixel_sdk/share/dynamixel_sdk/control_table/xw540_h260.model
[20.546s] -- Up-to-date: /home/admin1/URC/install/dynamixel_sdk/share/dynamixel_sdk/control_table/ym070_210_m001.model
[20.547s] -- Up-to-date: /home/admin1/URC/install/dynamixel_sdk/share/dynamixel_sdk/control_table/h42_20_s300_ra.model
[20.548s] -- Up-to-date: /home/admin1/URC/install/dynamixel_sdk/share/dynamixel_sdk/control_table/xh540_v150.model
[20.551s] -- Up-to-date: /home/admin1/URC/install/dynamixel_sdk/share/dynamixel_sdk/control_table/ph54_100_s500.model
[20.553s] -- Up-to-date: /home/admin1/URC/install/dynamixel_sdk/share/dynamixel_sdk/control_table/ym080_230_a051.model
[20.557s] -- Up-to-date: /home/admin1/URC/install/dynamixel_sdk/share/dynamixel_sdk/control_table/ym070_210_r051.model
[20.563s] -- Up-to-date: /home/admin1/URC/install/dynamixel_sdk/share/dynamixel_sdk/control_table/xl320.model
[20.566s] -- Up-to-date: /home/admin1/URC/install/dynamixel_sdk/share/dynamixel_sdk/control_table/xw540_t260.model
[20.567s] -- Up-to-date: /home/admin1/URC/install/dynamixel_sdk/share/dynamixel_sdk/control_table/xd540_t150.model
[20.574s] -- Up-to-date: /home/admin1/URC/install/dynamixel_sdk/share/dynamixel_sdk/control_table/xh430_v210.model
[20.576s] -- Up-to-date: /home/admin1/URC/install/dynamixel_sdk/share/dynamixel_sdk/control_table/pm42_010_s260.model
[20.577s] -- Up-to-date: /home/admin1/URC/install/dynamixel_sdk/share/dynamixel_sdk/control_table/xd430_t210.model
[20.577s] -- Up-to-date: /home/admin1/URC/install/dynamixel_sdk/share/dynamixel_sdk/control_table/ym080_230_m001.model
[20.578s] -- Up-to-date: /home/admin1/URC/install/dynamixel_sdk/share/dynamixel_sdk/control_table/ym070_210_a051.model
[20.582s] -- Up-to-date: /home/admin1/URC/install/dynamixel_sdk/share/dynamixel_sdk/control_table/xc330_t288_fw52.model
[20.583s] -- Up-to-date: /home/admin1/URC/install/dynamixel_sdk/share/dynamixel_sdk/control_table/ym080_230_a099.model
[20.584s] -- Up-to-date: /home/admin1/URC/install/dynamixel_sdk/share/dynamixel_sdk/control_table/ph42_020_s300.model
[20.585s] -- Up-to-date: /home/admin1/URC/install/dynamixel_sdk/share/dynamixel_sdk/control_table/xw430_t333.model
[20.586s] -- Up-to-date: /home/admin1/URC/install/dynamixel_sdk/share/dynamixel_sdk/control_table/mx_64.model
[20.587s] -- Up-to-date: /home/admin1/URC/install/dynamixel_sdk/share/dynamixel_sdk/control_table/xh430_w210.model
[20.591s] -- Up-to-date: /home/admin1/URC/install/dynamixel_sdk/share/dynamixel_sdk/control_table/h54_100_s500_ra.model
[20.592s] -- Up-to-date: /home/admin1/URC/install/dynamixel_sdk/share/dynamixel_sdk/control_table/xh540_w270.model
[20.593s] -- Up-to-date: /home/admin1/URC/install/dynamixel_sdk/share/dynamixel_sdk/control_table/xh430_w350.model
[20.594s] -- Up-to-date: /home/admin1/URC/install/dynamixel_sdk/share/dynamixel_sdk/environment/pythonpath.sh
[20.595s] -- Up-to-date: /home/admin1/URC/install/dynamixel_sdk/share/dynamixel_sdk/environment/pythonpath.dsv
[20.596s] -- Up-to-date: /home/admin1/URC/install/dynamixel_sdk/lib/python3.12/site-packages/dynamixel_sdk-4.0.3-py3.12.egg-info
[20.596s] -- Installing: /home/admin1/URC/install/dynamixel_sdk/lib/python3.12/site-packages/dynamixel_sdk-4.0.3-py3.12.egg-info/top_level.txt
[20.597s] -- Installing: /home/admin1/URC/install/dynamixel_sdk/lib/python3.12/site-packages/dynamixel_sdk-4.0.3-py3.12.egg-info/PKG-INFO
[20.600s] -- Installing: /home/admin1/URC/install/dynamixel_sdk/lib/python3.12/site-packages/dynamixel_sdk-4.0.3-py3.12.egg-info/SOURCES.txt
[20.602s] -- Installing: /home/admin1/URC/install/dynamixel_sdk/lib/python3.12/site-packages/dynamixel_sdk-4.0.3-py3.12.egg-info/dependency_links.txt
[20.604s] -- Up-to-date: /home/admin1/URC/install/dynamixel_sdk/lib/python3.12/site-packages/dynamixel_sdk
[20.605s] -- Up-to-date: /home/admin1/URC/install/dynamixel_sdk/lib/python3.12/site-packages/dynamixel_sdk/protocol2_packet_handler.py
[20.605s] -- Up-to-date: /home/admin1/URC/install/dynamixel_sdk/lib/python3.12/site-packages/dynamixel_sdk/port_handler.py
[20.606s] -- Up-to-date: /home/admin1/URC/install/dynamixel_sdk/lib/python3.12/site-packages/dynamixel_sdk/packet_handler.py
[20.615s] -- Up-to-date: /home/admin1/URC/install/dynamixel_sdk/lib/python3.12/site-packages/dynamixel_sdk/port_handler.cpp
[20.616s] -- Up-to-date: /home/admin1/URC/install/dynamixel_sdk/lib/python3.12/site-packages/dynamixel_sdk/robotis_def.py
[20.617s] -- Up-to-date: /home/admin1/URC/install/dynamixel_sdk/lib/python3.12/site-packages/dynamixel_sdk/group_bulk_read.cpp
[20.618s] -- Up-to-date: /home/admin1/URC/install/dynamixel_sdk/lib/python3.12/site-packages/dynamixel_sdk/__init__.py
[20.618s] -- Up-to-date: /home/admin1/URC/install/dynamixel_sdk/lib/python3.12/site-packages/dynamixel_sdk/group_sync_write.py
[20.619s] -- Up-to-date: /home/admin1/URC/install/dynamixel_sdk/lib/python3.12/site-packages/dynamixel_sdk/port_handler_mac.cpp
[20.620s] -- Up-to-date: /home/admin1/URC/install/dynamixel_sdk/lib/python3.12/site-packages/dynamixel_sdk/packet_handler.cpp
[20.620s] -- Up-to-date: /home/admin1/URC/install/dynamixel_sdk/lib/python3.12/site-packages/dynamixel_sdk/group_sync_write.cpp
[20.621s] -- Up-to-date: /home/admin1/URC/install/dynamixel_sdk/lib/python3.12/site-packages/dynamixel_sdk/port_handler_arduino.cpp
[20.622s] -- Up-to-date: /home/admin1/URC/install/dynamixel_sdk/lib/python3.12/site-packages/dynamixel_sdk/group_fast_sync_read.cpp
[20.623s] -- Up-to-date: /home/admin1/URC/install/dynamixel_sdk/lib/python3.12/site-packages/dynamixel_sdk/group_bulk_read.py
[20.625s] -- Up-to-date: /home/admin1/URC/install/dynamixel_sdk/lib/python3.12/site-packages/dynamixel_sdk/port_handler_linux.cpp
[20.625s] -- Up-to-date: /home/admin1/URC/install/dynamixel_sdk/lib/python3.12/site-packages/dynamixel_sdk/group_bulk_write.py
[20.627s] -- Up-to-date: /home/admin1/URC/install/dynamixel_sdk/lib/python3.12/site-packages/dynamixel_sdk/protocol1_packet_handler.py
[20.628s] -- Up-to-date: /home/admin1/URC/install/dynamixel_sdk/lib/python3.12/site-packages/dynamixel_sdk/group_bulk_write.cpp
[20.628s] -- Up-to-date: /home/admin1/URC/install/dynamixel_sdk/lib/python3.12/site-packages/dynamixel_sdk/group_handler.cpp
[20.629s] -- Up-to-date: /home/admin1/URC/install/dynamixel_sdk/lib/python3.12/site-packages/dynamixel_sdk/group_sync_read.py
[20.630s] -- Up-to-date: /home/admin1/URC/install/dynamixel_sdk/lib/python3.12/site-packages/dynamixel_sdk/group_fast_bulk_read.cpp
[20.631s] -- Up-to-date: /home/admin1/URC/install/dynamixel_sdk/lib/python3.12/site-packages/dynamixel_sdk/protocol1_packet_handler.cpp
[20.632s] -- Up-to-date: /home/admin1/URC/install/dynamixel_sdk/lib/python3.12/site-packages/dynamixel_sdk/port_handler_windows.cpp
[20.632s] -- Up-to-date: /home/admin1/URC/install/dynamixel_sdk/lib/python3.12/site-packages/dynamixel_sdk/group_sync_read.cpp
[20.634s] -- Up-to-date: /home/admin1/URC/install/dynamixel_sdk/lib/python3.12/site-packages/dynamixel_sdk/protocol2_packet_handler.cpp
[21.091s] Listing '/home/admin1/URC/install/dynamixel_sdk/lib/python3.12/site-packages/dynamixel_sdk'...
[21.179s] -- Up-to-date: /home/admin1/URC/install/dynamixel_sdk/lib/python3.12/site-packages/dynamixel_easy_sdk-4.0.3-py3.12.egg-info
[21.189s] -- Installing: /home/admin1/URC/install/dynamixel_sdk/lib/python3.12/site-packages/dynamixel_easy_sdk-4.0.3-py3.12.egg-info/top_level.txt
[21.189s] -- Installing: /home/admin1/URC/install/dynamixel_sdk/lib/python3.12/site-packages/dynamixel_easy_sdk-4.0.3-py3.12.egg-info/PKG-INFO
[21.199s] -- Installing: /home/admin1/URC/install/dynamixel_sdk/lib/python3.12/site-packages/dynamixel_easy_sdk-4.0.3-py3.12.egg-info/SOURCES.txt
[21.206s] -- Installing: /home/admin1/URC/install/dynamixel_sdk/lib/python3.12/site-packages/dynamixel_easy_sdk-4.0.3-py3.12.egg-info/dependency_links.txt
[21.209s] -- Up-to-date: /home/admin1/URC/install/dynamixel_sdk/lib/python3.12/site-packages/dynamixel_easy_sdk
[21.214s] -- Up-to-date: /home/admin1/URC/install/dynamixel_sdk/lib/python3.12/site-packages/dynamixel_easy_sdk/dynamixel_error.cpp
[21.215s] -- Up-to-date: /home/admin1/URC/install/dynamixel_sdk/lib/python3.12/site-packages/dynamixel_easy_sdk/control_table.py
[21.234s] -- Up-to-date: /home/admin1/URC/install/dynamixel_sdk/lib/python3.12/site-packages/dynamixel_easy_sdk/group_executor.cpp
[21.256s] -- Up-to-date: /home/admin1/URC/install/dynamixel_sdk/lib/python3.12/site-packages/dynamixel_easy_sdk/__init__.py
[21.257s] -- Up-to-date: /home/admin1/URC/install/dynamixel_sdk/lib/python3.12/site-packages/dynamixel_easy_sdk/connector.cpp
[21.260s] -- Up-to-date: /home/admin1/URC/install/dynamixel_sdk/lib/python3.12/site-packages/dynamixel_easy_sdk/motor.cpp
[21.267s] -- Up-to-date: /home/admin1/URC/install/dynamixel_sdk/lib/python3.12/site-packages/dynamixel_easy_sdk/dynamixel_error.py
[21.268s] -- Up-to-date: /home/admin1/URC/install/dynamixel_sdk/lib/python3.12/site-packages/dynamixel_easy_sdk/control_table.cpp
[21.300s] -- Up-to-date: /home/admin1/URC/install/dynamixel_sdk/lib/python3.12/site-packages/dynamixel_easy_sdk/motor.py
[21.308s] -- Up-to-date: /home/admin1/URC/install/dynamixel_sdk/lib/python3.12/site-packages/dynamixel_easy_sdk/data_types.py
[21.309s] -- Up-to-date: /home/admin1/URC/install/dynamixel_sdk/lib/python3.12/site-packages/dynamixel_easy_sdk/connector.py
[21.332s] -- Up-to-date: /home/admin1/URC/install/dynamixel_sdk/lib/python3.12/site-packages/dynamixel_easy_sdk/group_executor.py
[22.541s] Listing '/home/admin1/URC/install/dynamixel_sdk/lib/python3.12/site-packages/dynamixel_easy_sdk'...
[22.748s] -- Up-to-date: /home/admin1/URC/install/dynamixel_sdk/share/dynamixel_sdk/environment/library_path.sh
[22.749s] -- Up-to-date: /home/admin1/URC/install/dynamixel_sdk/share/dynamixel_sdk/environment/library_path.dsv
[22.749s] -- Up-to-date: /home/admin1/URC/install/dynamixel_sdk/share/ament_index/resource_index/package_run_dependencies/dynamixel_sdk
[22.753s] -- Up-to-date: /home/admin1/URC/install/dynamixel_sdk/share/ament_index/resource_index/parent_prefix_path/dynamixel_sdk
[22.754s] -- Up-to-date: /home/admin1/URC/install/dynamixel_sdk/share/dynamixel_sdk/environment/ament_prefix_path.sh
[22.761s] -- Up-to-date: /home/admin1/URC/install/dynamixel_sdk/share/dynamixel_sdk/environment/ament_prefix_path.dsv
[22.762s] -- Up-to-date: /home/admin1/URC/install/dynamixel_sdk/share/dynamixel_sdk/environment/path.sh
[22.787s] -- Up-to-date: /home/admin1/URC/install/dynamixel_sdk/share/dynamixel_sdk/environment/path.dsv
[22.793s] -- Up-to-date: /home/admin1/URC/install/dynamixel_sdk/share/dynamixel_sdk/local_setup.bash
[22.824s] -- Up-to-date: /home/admin1/URC/install/dynamixel_sdk/share/dynamixel_sdk/local_setup.sh
[22.831s] -- Up-to-date: /home/admin1/URC/install/dynamixel_sdk/share/dynamixel_sdk/local_setup.zsh
[22.831s] -- Up-to-date: /home/admin1/URC/install/dynamixel_sdk/share/dynamixel_sdk/local_setup.dsv
[22.832s] -- Installing: /home/admin1/URC/install/dynamixel_sdk/share/dynamixel_sdk/package.dsv
[22.887s] -- Up-to-date: /home/admin1/URC/install/dynamixel_sdk/share/ament_index/resource_index/packages/dynamixel_sdk
[22.888s] -- Up-to-date: /home/admin1/URC/install/dynamixel_sdk/share/dynamixel_sdk/cmake/dynamixel_sdkExport.cmake
[22.897s] -- Up-to-date: /home/admin1/URC/install/dynamixel_sdk/share/dynamixel_sdk/cmake/dynamixel_sdkExport-noconfig.cmake
[22.919s] -- Up-to-date: /home/admin1/URC/install/dynamixel_sdk/share/dynamixel_sdk/cmake/ament_cmake_export_targets-extras.cmake
[22.989s] -- Up-to-date: /home/admin1/URC/install/dynamixel_sdk/share/dynamixel_sdk/cmake/ament_cmake_export_include_directories-extras.cmake
[22.990s] -- Up-to-date: /home/admin1/URC/install/dynamixel_sdk/share/dynamixel_sdk/cmake/ament_cmake_export_libraries-extras.cmake
[22.992s] -- Up-to-date: /home/admin1/URC/install/dynamixel_sdk/share/dynamixel_sdk/cmake/dynamixel_sdkConfig.cmake
[23.005s] -- Up-to-date: /home/admin1/URC/install/dynamixel_sdk/share/dynamixel_sdk/cmake/dynamixel_sdkConfig-version.cmake
[23.006s] -- Up-to-date: /home/admin1/URC/install/dynamixel_sdk/share/dynamixel_sdk/package.xml
[23.254s] Invoked command in '/home/admin1/URC/build/dynamixel_sdk' returned '0': CMAKE_PREFIX_PATH=${CMAKE_PREFIX_PATH}:/home/admin1/URC/install/modern_robotics:/home/admin1/URC/install/interbotix_xs_modules:/home/admin1/URC/install/interbotix_common_modules:/home/admin1/URC/install/IMU_control:/opt/ros/jazzy DEBUGINFOD_URLS=https://debuginfod.ubuntu.com /usr/bin/cmake --install /home/admin1/URC/build/dynamixel_sdk
