[0.119s] Invoking command in '/home/admin1/URC/build/interbotix_xsarm_control': AMENT_PREFIX_PATH=/home/admin1/URC/install/interbotix_xsarm_descriptions:/home/admin1/URC/install/interbotix_xs_modules:/home/admin1/URC/install/interbotix_xs_sdk:/home/admin1/URC/install/interbotix_xs_driver:/home/admin1/URC/install/dynamixel_workbench_toolbox:/home/admin1/URC/install/interbotix_xs_msgs:/home/admin1/URC/install/interbotix_common_modules:/home/admin1/URC/install/dynamixel_sdk:${AMENT_PREFIX_PATH} CMAKE_PREFIX_PATH=/home/admin1/URC/install/interbotix_xsarm_descriptions:/home/admin1/URC/install/interbotix_xs_sdk:/home/admin1/URC/install/interbotix_xs_driver:/home/admin1/URC/install/dynamixel_workbench_toolbox:/home/admin1/URC/install/interbotix_xs_msgs:/home/admin1/URC/install/dynamixel_sdk:/opt/ros/jazzy/opt/gz_math_vendor:/opt/ros/jazzy/opt/gz_utils_vendor:/opt/ros/jazzy/opt/gz_cmake_vendor:/opt/ros/jazzy DEBUGINFOD_URLS=https://debuginfod.ubuntu.com LD_LIBRARY_PATH=/home/admin1/URC/install/interbotix_xs_driver/lib:/home/admin1/URC/install/dynamixel_workbench_toolbox/lib:/home/admin1/URC/install/interbotix_xs_msgs/lib:/home/admin1/URC/install/dynamixel_sdk/lib:${LD_LIBRARY_PATH} PYTHONPATH=/home/admin1/URC/install/interbotix_xs_modules/lib/python3.12/site-packages:/home/admin1/URC/install/interbotix_xs_msgs/lib/python3.12/site-packages:/home/admin1/URC/install/interbotix_common_modules/lib/python3.12/site-packages:/home/admin1/URC/install/dynamixel_sdk/lib/python3.12/site-packages:${PYTHONPATH} /usr/bin/cmake /home/admin1/URC/urc_ws_interbotix/src/interbotix_xsarm_control -DCMAKE_INSTALL_PREFIX=/home/admin1/URC/install/interbotix_xsarm_control
[0.461s] -- The C compiler identification is GNU 13.3.0
[0.864s] -- The CXX compiler identification is GNU 13.3.0
[0.963s] -- Detecting C compiler ABI info
[1.531s] -- Detecting C compiler ABI info - done
[1.569s] -- Check for working C compiler: /usr/bin/cc - skipped
[1.570s] -- Detecting C compile features
[1.572s] -- Detecting C compile features - done
[1.626s] -- Detecting CXX compiler ABI info
[2.225s] -- Detecting CXX compiler ABI info - done
[2.263s] -- Check for working CXX compiler: /usr/bin/c++ - skipped
[2.264s] -- Detecting CXX compile features
[2.268s] -- Detecting CXX compile features - done
[2.302s] -- Found ament_cmake: 2.5.5 (/opt/ros/jazzy/share/ament_cmake/cmake)
[3.231s] -- Found Python3: /usr/bin/python3 (found version "3.12.3") found components: Interpreter 
[4.052s] -- Found ament_lint_auto: 0.17.4 (/opt/ros/jazzy/share/ament_lint_auto/cmake)
[4.811s] -- Added test 'copyright' to check source files copyright and LICENSE
[4.858s] -- Added test 'flake8' to check Python code syntax and style conventions
[4.859s] -- Configured 'flake8' exclude dirs and/or files: 
[4.866s] -- Added test 'lint_cmake' to check CMake code style
[4.872s] -- Added test 'pep257' to check Python code against some of the docstring style conventions in PEP 257
[4.895s] -- Added test 'xmllint' to check XML markup files
[4.908s] -- Configuring done (4.7s)
[4.930s] -- Generating done (0.0s)
[4.939s] -- Build files have been written to: /home/admin1/URC/build/interbotix_xsarm_control
[4.962s] Invoked command in '/home/admin1/URC/build/interbotix_xsarm_control' returned '0': AMENT_PREFIX_PATH=/home/admin1/URC/install/interbotix_xsarm_descriptions:/home/admin1/URC/install/interbotix_xs_modules:/home/admin1/URC/install/interbotix_xs_sdk:/home/admin1/URC/install/interbotix_xs_driver:/home/admin1/URC/install/dynamixel_workbench_toolbox:/home/admin1/URC/install/interbotix_xs_msgs:/home/admin1/URC/install/interbotix_common_modules:/home/admin1/URC/install/dynamixel_sdk:${AMENT_PREFIX_PATH} CMAKE_PREFIX_PATH=/home/admin1/URC/install/interbotix_xsarm_descriptions:/home/admin1/URC/install/interbotix_xs_sdk:/home/admin1/URC/install/interbotix_xs_driver:/home/admin1/URC/install/dynamixel_workbench_toolbox:/home/admin1/URC/install/interbotix_xs_msgs:/home/admin1/URC/install/dynamixel_sdk:/opt/ros/jazzy/opt/gz_math_vendor:/opt/ros/jazzy/opt/gz_utils_vendor:/opt/ros/jazzy/opt/gz_cmake_vendor:/opt/ros/jazzy DEBUGINFOD_URLS=https://debuginfod.ubuntu.com LD_LIBRARY_PATH=/home/admin1/URC/install/interbotix_xs_driver/lib:/home/admin1/URC/install/dynamixel_workbench_toolbox/lib:/home/admin1/URC/install/interbotix_xs_msgs/lib:/home/admin1/URC/install/dynamixel_sdk/lib:${LD_LIBRARY_PATH} PYTHONPATH=/home/admin1/URC/install/interbotix_xs_modules/lib/python3.12/site-packages:/home/admin1/URC/install/interbotix_xs_msgs/lib/python3.12/site-packages:/home/admin1/URC/install/interbotix_common_modules/lib/python3.12/site-packages:/home/admin1/URC/install/dynamixel_sdk/lib/python3.12/site-packages:${PYTHONPATH} /usr/bin/cmake /home/admin1/URC/urc_ws_interbotix/src/interbotix_xsarm_control -DCMAKE_INSTALL_PREFIX=/home/admin1/URC/install/interbotix_xsarm_control
[4.968s] Invoking command in '/home/admin1/URC/build/interbotix_xsarm_control': AMENT_PREFIX_PATH=/home/admin1/URC/install/interbotix_xsarm_descriptions:/home/admin1/URC/install/interbotix_xs_modules:/home/admin1/URC/install/interbotix_xs_sdk:/home/admin1/URC/install/interbotix_xs_driver:/home/admin1/URC/install/dynamixel_workbench_toolbox:/home/admin1/URC/install/interbotix_xs_msgs:/home/admin1/URC/install/interbotix_common_modules:/home/admin1/URC/install/dynamixel_sdk:${AMENT_PREFIX_PATH} CMAKE_PREFIX_PATH=/home/admin1/URC/install/interbotix_xsarm_descriptions:/home/admin1/URC/install/interbotix_xs_sdk:/home/admin1/URC/install/interbotix_xs_driver:/home/admin1/URC/install/dynamixel_workbench_toolbox:/home/admin1/URC/install/interbotix_xs_msgs:/home/admin1/URC/install/dynamixel_sdk:/opt/ros/jazzy/opt/gz_math_vendor:/opt/ros/jazzy/opt/gz_utils_vendor:/opt/ros/jazzy/opt/gz_cmake_vendor:/opt/ros/jazzy DEBUGINFOD_URLS=https://debuginfod.ubuntu.com LD_LIBRARY_PATH=/home/admin1/URC/install/interbotix_xs_driver/lib:/home/admin1/URC/install/dynamixel_workbench_toolbox/lib:/home/admin1/URC/install/interbotix_xs_msgs/lib:/home/admin1/URC/install/dynamixel_sdk/lib:${LD_LIBRARY_PATH} PYTHONPATH=/home/admin1/URC/install/interbotix_xs_modules/lib/python3.12/site-packages:/home/admin1/URC/install/interbotix_xs_msgs/lib/python3.12/site-packages:/home/admin1/URC/install/interbotix_common_modules/lib/python3.12/site-packages:/home/admin1/URC/install/dynamixel_sdk/lib/python3.12/site-packages:${PYTHONPATH} /usr/bin/cmake --build /home/admin1/URC/build/interbotix_xsarm_control -- -j4 -l4
[5.206s] Invoked command in '/home/admin1/URC/build/interbotix_xsarm_control' returned '0': AMENT_PREFIX_PATH=/home/admin1/URC/install/interbotix_xsarm_descriptions:/home/admin1/URC/install/interbotix_xs_modules:/home/admin1/URC/install/interbotix_xs_sdk:/home/admin1/URC/install/interbotix_xs_driver:/home/admin1/URC/install/dynamixel_workbench_toolbox:/home/admin1/URC/install/interbotix_xs_msgs:/home/admin1/URC/install/interbotix_common_modules:/home/admin1/URC/install/dynamixel_sdk:${AMENT_PREFIX_PATH} CMAKE_PREFIX_PATH=/home/admin1/URC/install/interbotix_xsarm_descriptions:/home/admin1/URC/install/interbotix_xs_sdk:/home/admin1/URC/install/interbotix_xs_driver:/home/admin1/URC/install/dynamixel_workbench_toolbox:/home/admin1/URC/install/interbotix_xs_msgs:/home/admin1/URC/install/dynamixel_sdk:/opt/ros/jazzy/opt/gz_math_vendor:/opt/ros/jazzy/opt/gz_utils_vendor:/opt/ros/jazzy/opt/gz_cmake_vendor:/opt/ros/jazzy DEBUGINFOD_URLS=https://debuginfod.ubuntu.com LD_LIBRARY_PATH=/home/admin1/URC/install/interbotix_xs_driver/lib:/home/admin1/URC/install/dynamixel_workbench_toolbox/lib:/home/admin1/URC/install/interbotix_xs_msgs/lib:/home/admin1/URC/install/dynamixel_sdk/lib:${LD_LIBRARY_PATH} PYTHONPATH=/home/admin1/URC/install/interbotix_xs_modules/lib/python3.12/site-packages:/home/admin1/URC/install/interbotix_xs_msgs/lib/python3.12/site-packages:/home/admin1/URC/install/interbotix_common_modules/lib/python3.12/site-packages:/home/admin1/URC/install/dynamixel_sdk/lib/python3.12/site-packages:${PYTHONPATH} /usr/bin/cmake --build /home/admin1/URC/build/interbotix_xsarm_control -- -j4 -l4
[5.213s] Invoking command in '/home/admin1/URC/build/interbotix_xsarm_control': AMENT_PREFIX_PATH=/home/admin1/URC/install/interbotix_xsarm_descriptions:/home/admin1/URC/install/interbotix_xs_modules:/home/admin1/URC/install/interbotix_xs_sdk:/home/admin1/URC/install/interbotix_xs_driver:/home/admin1/URC/install/dynamixel_workbench_toolbox:/home/admin1/URC/install/interbotix_xs_msgs:/home/admin1/URC/install/interbotix_common_modules:/home/admin1/URC/install/dynamixel_sdk:${AMENT_PREFIX_PATH} CMAKE_PREFIX_PATH=/home/admin1/URC/install/interbotix_xsarm_descriptions:/home/admin1/URC/install/interbotix_xs_sdk:/home/admin1/URC/install/interbotix_xs_driver:/home/admin1/URC/install/dynamixel_workbench_toolbox:/home/admin1/URC/install/interbotix_xs_msgs:/home/admin1/URC/install/dynamixel_sdk:/opt/ros/jazzy/opt/gz_math_vendor:/opt/ros/jazzy/opt/gz_utils_vendor:/opt/ros/jazzy/opt/gz_cmake_vendor:/opt/ros/jazzy DEBUGINFOD_URLS=https://debuginfod.ubuntu.com LD_LIBRARY_PATH=/home/admin1/URC/install/interbotix_xs_driver/lib:/home/admin1/URC/install/dynamixel_workbench_toolbox/lib:/home/admin1/URC/install/interbotix_xs_msgs/lib:/home/admin1/URC/install/dynamixel_sdk/lib:${LD_LIBRARY_PATH} PYTHONPATH=/home/admin1/URC/install/interbotix_xs_modules/lib/python3.12/site-packages:/home/admin1/URC/install/interbotix_xs_msgs/lib/python3.12/site-packages:/home/admin1/URC/install/interbotix_common_modules/lib/python3.12/site-packages:/home/admin1/URC/install/dynamixel_sdk/lib/python3.12/site-packages:${PYTHONPATH} /usr/bin/cmake --install /home/admin1/URC/build/interbotix_xsarm_control
[5.257s] -- Install configuration: ""
[5.258s] -- Installing: /home/admin1/URC/install/interbotix_xsarm_control/lib/interbotix_xsarm_control/bartender.py
[5.262s] -- Installing: /home/admin1/URC/install/interbotix_xsarm_control/lib/interbotix_xsarm_control/ee_cartesian_trajectory.py
[5.264s] -- Installing: /home/admin1/URC/install/interbotix_xsarm_control/lib/interbotix_xsarm_control/ee_pose_components.py
[5.265s] -- Installing: /home/admin1/URC/install/interbotix_xsarm_control/lib/interbotix_xsarm_control/ee_pose_matrix_control.py
[5.267s] -- Installing: /home/admin1/URC/install/interbotix_xsarm_control/lib/interbotix_xsarm_control/gripper_control.py
[5.269s] -- Installing: /home/admin1/URC/install/interbotix_xsarm_control/lib/interbotix_xsarm_control/joint_current_control.py
[5.270s] -- Installing: /home/admin1/URC/install/interbotix_xsarm_control/lib/interbotix_xsarm_control/joint_position_control.py
[5.272s] -- Installing: /home/admin1/URC/install/interbotix_xsarm_control/lib/interbotix_xsarm_control/joint_pwm_control.py
[5.274s] -- Installing: /home/admin1/URC/install/interbotix_xsarm_control/lib/interbotix_xsarm_control/joint_trajectory_control.py
[5.276s] -- Installing: /home/admin1/URC/install/interbotix_xsarm_control/share/interbotix_xsarm_control//launch
[5.277s] -- Installing: /home/admin1/URC/install/interbotix_xsarm_control/share/interbotix_xsarm_control//launch/xsarm_control.launch.py
[5.279s] -- Installing: /home/admin1/URC/install/interbotix_xsarm_control/share/interbotix_xsarm_control//config
[5.280s] -- Installing: /home/admin1/URC/install/interbotix_xsarm_control/share/interbotix_xsarm_control//config/wx250.yaml
[5.282s] -- Installing: /home/admin1/URC/install/interbotix_xsarm_control/share/interbotix_xsarm_control//config/px100.yaml
[5.284s] -- Installing: /home/admin1/URC/install/interbotix_xsarm_control/share/interbotix_xsarm_control//config/wx250s.yaml
[5.286s] -- Installing: /home/admin1/URC/install/interbotix_xsarm_control/share/interbotix_xsarm_control//config/mobile_wx250s.yaml
[5.288s] -- Installing: /home/admin1/URC/install/interbotix_xsarm_control/share/interbotix_xsarm_control//config/wx200.yaml
[5.290s] -- Installing: /home/admin1/URC/install/interbotix_xsarm_control/share/interbotix_xsarm_control//config/rx200.yaml
[5.294s] -- Installing: /home/admin1/URC/install/interbotix_xsarm_control/share/interbotix_xsarm_control//config/px150.yaml
[5.298s] -- Installing: /home/admin1/URC/install/interbotix_xsarm_control/share/interbotix_xsarm_control//config/vx300.yaml
[5.299s] -- Installing: /home/admin1/URC/install/interbotix_xsarm_control/share/interbotix_xsarm_control//config/mobile_px100.yaml
[5.300s] -- Installing: /home/admin1/URC/install/interbotix_xsarm_control/share/interbotix_xsarm_control//config/aloha_vx300s.yaml
[5.301s] -- Installing: /home/admin1/URC/install/interbotix_xsarm_control/share/interbotix_xsarm_control//config/vx250.yaml
[5.304s] -- Installing: /home/admin1/URC/install/interbotix_xsarm_control/share/interbotix_xsarm_control//config/vx300s.yaml
[5.307s] -- Installing: /home/admin1/URC/install/interbotix_xsarm_control/share/interbotix_xsarm_control//config/modes.yaml
[5.308s] -- Installing: /home/admin1/URC/install/interbotix_xsarm_control/share/interbotix_xsarm_control//config/aloha_wx250s.yaml
[5.310s] -- Installing: /home/admin1/URC/install/interbotix_xsarm_control/share/interbotix_xsarm_control//config/rx150.yaml
[5.312s] -- Installing: /home/admin1/URC/install/interbotix_xsarm_control/share/interbotix_xsarm_control//config/mobile_wx200.yaml
[5.314s] -- Installing: /home/admin1/URC/install/interbotix_xsarm_control/share/ament_index/resource_index/package_run_dependencies/interbotix_xsarm_control
[5.316s] -- Installing: /home/admin1/URC/install/interbotix_xsarm_control/share/ament_index/resource_index/parent_prefix_path/interbotix_xsarm_control
[5.318s] -- Installing: /home/admin1/URC/install/interbotix_xsarm_control/share/interbotix_xsarm_control/environment/ament_prefix_path.sh
[5.319s] -- Installing: /home/admin1/URC/install/interbotix_xsarm_control/share/interbotix_xsarm_control/environment/ament_prefix_path.dsv
[5.320s] -- Installing: /home/admin1/URC/install/interbotix_xsarm_control/share/interbotix_xsarm_control/environment/path.sh
[5.322s] -- Installing: /home/admin1/URC/install/interbotix_xsarm_control/share/interbotix_xsarm_control/environment/path.dsv
[5.323s] -- Installing: /home/admin1/URC/install/interbotix_xsarm_control/share/interbotix_xsarm_control/local_setup.bash
[5.324s] -- Installing: /home/admin1/URC/install/interbotix_xsarm_control/share/interbotix_xsarm_control/local_setup.sh
[5.326s] -- Installing: /home/admin1/URC/install/interbotix_xsarm_control/share/interbotix_xsarm_control/local_setup.zsh
[5.327s] -- Installing: /home/admin1/URC/install/interbotix_xsarm_control/share/interbotix_xsarm_control/local_setup.dsv
[5.328s] -- Installing: /home/admin1/URC/install/interbotix_xsarm_control/share/interbotix_xsarm_control/package.dsv
[5.330s] -- Installing: /home/admin1/URC/install/interbotix_xsarm_control/share/ament_index/resource_index/packages/interbotix_xsarm_control
[5.331s] -- Installing: /home/admin1/URC/install/interbotix_xsarm_control/share/interbotix_xsarm_control/cmake/interbotix_xsarm_controlConfig.cmake
[5.332s] -- Installing: /home/admin1/URC/install/interbotix_xsarm_control/share/interbotix_xsarm_control/cmake/interbotix_xsarm_controlConfig-version.cmake
[5.334s] -- Installing: /home/admin1/URC/install/interbotix_xsarm_control/share/interbotix_xsarm_control/package.xml
[5.343s] Invoked command in '/home/admin1/URC/build/interbotix_xsarm_control' returned '0': AMENT_PREFIX_PATH=/home/admin1/URC/install/interbotix_xsarm_descriptions:/home/admin1/URC/install/interbotix_xs_modules:/home/admin1/URC/install/interbotix_xs_sdk:/home/admin1/URC/install/interbotix_xs_driver:/home/admin1/URC/install/dynamixel_workbench_toolbox:/home/admin1/URC/install/interbotix_xs_msgs:/home/admin1/URC/install/interbotix_common_modules:/home/admin1/URC/install/dynamixel_sdk:${AMENT_PREFIX_PATH} CMAKE_PREFIX_PATH=/home/admin1/URC/install/interbotix_xsarm_descriptions:/home/admin1/URC/install/interbotix_xs_sdk:/home/admin1/URC/install/interbotix_xs_driver:/home/admin1/URC/install/dynamixel_workbench_toolbox:/home/admin1/URC/install/interbotix_xs_msgs:/home/admin1/URC/install/dynamixel_sdk:/opt/ros/jazzy/opt/gz_math_vendor:/opt/ros/jazzy/opt/gz_utils_vendor:/opt/ros/jazzy/opt/gz_cmake_vendor:/opt/ros/jazzy DEBUGINFOD_URLS=https://debuginfod.ubuntu.com LD_LIBRARY_PATH=/home/admin1/URC/install/interbotix_xs_driver/lib:/home/admin1/URC/install/dynamixel_workbench_toolbox/lib:/home/admin1/URC/install/interbotix_xs_msgs/lib:/home/admin1/URC/install/dynamixel_sdk/lib:${LD_LIBRARY_PATH} PYTHONPATH=/home/admin1/URC/install/interbotix_xs_modules/lib/python3.12/site-packages:/home/admin1/URC/install/interbotix_xs_msgs/lib/python3.12/site-packages:/home/admin1/URC/install/interbotix_common_modules/lib/python3.12/site-packages:/home/admin1/URC/install/dynamixel_sdk/lib/python3.12/site-packages:${PYTHONPATH} /usr/bin/cmake --install /home/admin1/URC/build/interbotix_xsarm_control
