[0.156s] Invoking command in '/home/admin1/URC/build/piReceiver': CMAKE_PREFIX_PATH=${CMAKE_PREFIX_PATH}:/opt/ros/jazzy DEBUGINFOD_URLS=https://debuginfod.ubuntu.com /usr/bin/cmake --build /home/admin1/URC/build/piReceiver -- -j4 -l4
[0.759s] [100%] Built target receive
[0.872s] Invoked command in '/home/admin1/URC/build/piReceiver' returned '0': CMAKE_PREFIX_PATH=${CMAKE_PREFIX_PATH}:/opt/ros/jazzy DEBUGINFOD_URLS=https://debuginfod.ubuntu.com /usr/bin/cmake --build /home/admin1/URC/build/piReceiver -- -j4 -l4
[0.887s] Invoking command in '/home/admin1/URC/build/piReceiver': CMAKE_PREFIX_PATH=${CMAKE_PREFIX_PATH}:/opt/ros/jazzy DEBUGINFOD_URLS=https://debuginfod.ubuntu.com /usr/bin/cmake --install /home/admin1/URC/build/piReceiver
[0.969s] -- Install configuration: ""
[0.970s] -- Up-to-date: /home/admin1/URC/install/piReceiver/share/piReceiver/launch
[0.975s] -- Up-to-date: /home/admin1/URC/install/piReceiver/share/piReceiver/launch/receiver_launch.py
[0.983s] -- Up-to-date: /home/admin1/URC/install/piReceiver/lib/piReceiver/receive
[0.990s] -- Up-to-date: /home/admin1/URC/install/piReceiver/share/ament_index/resource_index/package_run_dependencies/piReceiver
[0.992s] -- Up-to-date: /home/admin1/URC/install/piReceiver/share/ament_index/resource_index/parent_prefix_path/piReceiver
[0.997s] -- Up-to-date: /home/admin1/URC/install/piReceiver/share/piReceiver/environment/ament_prefix_path.sh
[0.998s] -- Up-to-date: /home/admin1/URC/install/piReceiver/share/piReceiver/environment/ament_prefix_path.dsv
[1.001s] -- Up-to-date: /home/admin1/URC/install/piReceiver/share/piReceiver/environment/path.sh
[1.003s] -- Up-to-date: /home/admin1/URC/install/piReceiver/share/piReceiver/environment/path.dsv
[1.006s] -- Up-to-date: /home/admin1/URC/install/piReceiver/share/piReceiver/local_setup.bash
[1.009s] -- Up-to-date: /home/admin1/URC/install/piReceiver/share/piReceiver/local_setup.sh
[1.011s] -- Up-to-date: /home/admin1/URC/install/piReceiver/share/piReceiver/local_setup.zsh
[1.012s] -- Up-to-date: /home/admin1/URC/install/piReceiver/share/piReceiver/local_setup.dsv
[1.016s] -- Installing: /home/admin1/URC/install/piReceiver/share/piReceiver/package.dsv
[1.024s] -- Up-to-date: /home/admin1/URC/install/piReceiver/share/ament_index/resource_index/packages/piReceiver
[1.026s] -- Up-to-date: /home/admin1/URC/install/piReceiver/share/piReceiver/cmake/piReceiverConfig.cmake
[1.030s] -- Up-to-date: /home/admin1/URC/install/piReceiver/share/piReceiver/cmake/piReceiverConfig-version.cmake
[1.033s] -- Up-to-date: /home/admin1/URC/install/piReceiver/share/piReceiver/package.xml
[1.055s] Invoked command in '/home/admin1/URC/build/piReceiver' returned '0': CMAKE_PREFIX_PATH=${CMAKE_PREFIX_PATH}:/opt/ros/jazzy DEBUGINFOD_URLS=https://debuginfod.ubuntu.com /usr/bin/cmake --install /home/admin1/URC/build/piReceiver
