[1.058s] DEBUG:colcon:Command line arguments: ['/usr/bin/colcon', 'build', '--packages-select', 'interbotix_xsarm_control']
[1.058s] DEBUG:colcon:Parsed command line arguments: Namespace(log_base=None, log_level=None, verb_name='build', build_base='build', install_base='install', merge_install=False, symlink_install=False, test_result_base=None, continue_on_error=False, executor='parallel', parallel_workers=4, event_handlers=None, ignore_user_meta=False, metas=['./colcon.meta'], base_paths=['.'], packages_ignore=None, packages_ignore_regex=None, paths=None, packages_up_to=None, packages_up_to_regex=None, packages_above=None, packages_above_and_dependencies=None, packages_above_depth=None, packages_select_by_dep=None, packages_skip_by_dep=None, packages_skip_up_to=None, packages_select_build_failed=False, packages_skip_build_finished=False, packages_select_test_failures=False, packages_skip_test_passed=False, packages_select=['interbotix_xsarm_control'], packages_skip=None, packages_select_regex=None, packages_skip_regex=None, packages_start=None, packages_end=None, allow_overriding=[], cmake_args=None, cmake_target=None, cmake_target_skip_unavailable=False, cmake_clean_cache=False, cmake_clean_first=False, cmake_force_configure=False, ament_cmake_args=None, catkin_cmake_args=None, catkin_skip_building_tests=False, mixin_files=None, mixin=None, verb_parser=<colcon_mixin.mixin.mixin_argument.MixinArgumentDecorator object at 0xffff9c154f80>, verb_extension=<colcon_core.verb.build.BuildVerb object at 0xffff9c31d520>, main=<bound method BuildVerb.main of <colcon_core.verb.build.BuildVerb object at 0xffff9c31d520>>, mixin_verb=('build',))
[1.387s] Level 1:colcon.colcon_core.package_discovery:discover_packages(colcon_meta) check parameters
[1.388s] Level 1:colcon.colcon_core.package_discovery:discover_packages(recursive) check parameters
[1.389s] Level 1:colcon.colcon_core.package_discovery:discover_packages(ignore) check parameters
[1.389s] Level 1:colcon.colcon_core.package_discovery:discover_packages(path) check parameters
[1.389s] Level 1:colcon.colcon_core.package_discovery:discover_packages(colcon_meta) discover
[1.390s] Level 1:colcon.colcon_core.package_discovery:discover_packages(recursive) discover
[1.390s] INFO:colcon.colcon_core.package_discovery:Crawling recursively for packages in '/home/admin1/URC'
[1.391s] Level 1:colcon.colcon_core.package_identification:_identify(.) by extensions ['ignore', 'ignore_ament_install']
[1.392s] Level 1:colcon.colcon_core.package_identification:_identify(.) by extension 'ignore'
[1.392s] Level 1:colcon.colcon_core.package_identification:_identify(.) by extension 'ignore_ament_install'
[1.393s] Level 1:colcon.colcon_core.package_identification:_identify(.) by extensions ['colcon_pkg']
[1.393s] Level 1:colcon.colcon_core.package_identification:_identify(.) by extension 'colcon_pkg'
[1.394s] Level 1:colcon.colcon_core.package_identification:_identify(.) by extensions ['colcon_meta']
[1.394s] Level 1:colcon.colcon_core.package_identification:_identify(.) by extension 'colcon_meta'
[1.395s] Level 1:colcon.colcon_core.package_identification:_identify(.) by extensions ['ros']
[1.396s] Level 1:colcon.colcon_core.package_identification:_identify(.) by extension 'ros'
[1.584s] Level 1:colcon.colcon_core.package_identification:_identify(.) by extensions ['cmake', 'python']
[1.585s] Level 1:colcon.colcon_core.package_identification:_identify(.) by extension 'cmake'
[1.585s] Level 1:colcon.colcon_core.package_identification:_identify(.) by extension 'python'
[1.586s] Level 1:colcon.colcon_core.package_identification:_identify(.) by extensions ['python_setup_py']
[1.586s] Level 1:colcon.colcon_core.package_identification:_identify(.) by extension 'python_setup_py'
[1.587s] Level 1:colcon.colcon_core.package_identification:_identify(EspFirmware) by extensions ['ignore', 'ignore_ament_install']
[1.588s] Level 1:colcon.colcon_core.package_identification:_identify(EspFirmware) by extension 'ignore'
[1.589s] Level 1:colcon.colcon_core.package_identification:_identify(EspFirmware) by extension 'ignore_ament_install'
[1.590s] Level 1:colcon.colcon_core.package_identification:_identify(EspFirmware) by extensions ['colcon_pkg']
[1.591s] Level 1:colcon.colcon_core.package_identification:_identify(EspFirmware) by extension 'colcon_pkg'
[1.592s] Level 1:colcon.colcon_core.package_identification:_identify(EspFirmware) by extensions ['colcon_meta']
[1.592s] Level 1:colcon.colcon_core.package_identification:_identify(EspFirmware) by extension 'colcon_meta'
[1.592s] Level 1:colcon.colcon_core.package_identification:_identify(EspFirmware) by extensions ['ros']
[1.592s] Level 1:colcon.colcon_core.package_identification:_identify(EspFirmware) by extension 'ros'
[1.593s] Level 1:colcon.colcon_core.package_identification:_identify(EspFirmware) by extensions ['cmake', 'python']
[1.594s] Level 1:colcon.colcon_core.package_identification:_identify(EspFirmware) by extension 'cmake'
[1.594s] Level 1:colcon.colcon_core.package_identification:_identify(EspFirmware) by extension 'python'
[1.595s] Level 1:colcon.colcon_core.package_identification:_identify(EspFirmware) by extensions ['python_setup_py']
[1.595s] Level 1:colcon.colcon_core.package_identification:_identify(EspFirmware) by extension 'python_setup_py'
[1.596s] Level 1:colcon.colcon_core.package_identification:_identify(EspFirmware/ArmController) by extensions ['ignore', 'ignore_ament_install']
[1.596s] Level 1:colcon.colcon_core.package_identification:_identify(EspFirmware/ArmController) by extension 'ignore'
[1.597s] Level 1:colcon.colcon_core.package_identification:_identify(EspFirmware/ArmController) by extension 'ignore_ament_install'
[1.597s] Level 1:colcon.colcon_core.package_identification:_identify(EspFirmware/ArmController) by extensions ['colcon_pkg']
[1.598s] Level 1:colcon.colcon_core.package_identification:_identify(EspFirmware/ArmController) by extension 'colcon_pkg'
[1.598s] Level 1:colcon.colcon_core.package_identification:_identify(EspFirmware/ArmController) by extensions ['colcon_meta']
[1.598s] Level 1:colcon.colcon_core.package_identification:_identify(EspFirmware/ArmController) by extension 'colcon_meta'
[1.598s] Level 1:colcon.colcon_core.package_identification:_identify(EspFirmware/ArmController) by extensions ['ros']
[1.599s] Level 1:colcon.colcon_core.package_identification:_identify(EspFirmware/ArmController) by extension 'ros'
[1.599s] Level 1:colcon.colcon_core.package_identification:_identify(EspFirmware/ArmController) by extensions ['cmake', 'python']
[1.599s] Level 1:colcon.colcon_core.package_identification:_identify(EspFirmware/ArmController) by extension 'cmake'
[1.600s] Level 1:colcon.colcon_core.package_identification:_identify(EspFirmware/ArmController) by extension 'python'
[1.600s] Level 1:colcon.colcon_core.package_identification:_identify(EspFirmware/ArmController) by extensions ['python_setup_py']
[1.600s] Level 1:colcon.colcon_core.package_identification:_identify(EspFirmware/ArmController) by extension 'python_setup_py'
[1.601s] Level 1:colcon.colcon_core.package_identification:_identify(EspFirmware/ArmController/build) by extensions ['ignore', 'ignore_ament_install']
[1.602s] Level 1:colcon.colcon_core.package_identification:_identify(EspFirmware/ArmController/build) by extension 'ignore'
[1.603s] Level 1:colcon.colcon_core.package_identification:_identify(EspFirmware/ArmController/build) ignored
[1.604s] Level 1:colcon.colcon_core.package_identification:_identify(EspFirmware/ArmController/include) by extensions ['ignore', 'ignore_ament_install']
[1.605s] Level 1:colcon.colcon_core.package_identification:_identify(EspFirmware/ArmController/include) by extension 'ignore'
[1.606s] Level 1:colcon.colcon_core.package_identification:_identify(EspFirmware/ArmController/include) by extension 'ignore_ament_install'
[1.606s] Level 1:colcon.colcon_core.package_identification:_identify(EspFirmware/ArmController/include) by extensions ['colcon_pkg']
[1.607s] Level 1:colcon.colcon_core.package_identification:_identify(EspFirmware/ArmController/include) by extension 'colcon_pkg'
[1.607s] Level 1:colcon.colcon_core.package_identification:_identify(EspFirmware/ArmController/include) by extensions ['colcon_meta']
[1.607s] Level 1:colcon.colcon_core.package_identification:_identify(EspFirmware/ArmController/include) by extension 'colcon_meta'
[1.608s] Level 1:colcon.colcon_core.package_identification:_identify(EspFirmware/ArmController/include) by extensions ['ros']
[1.608s] Level 1:colcon.colcon_core.package_identification:_identify(EspFirmware/ArmController/include) by extension 'ros'
[1.609s] Level 1:colcon.colcon_core.package_identification:_identify(EspFirmware/ArmController/include) by extensions ['cmake', 'python']
[1.609s] Level 1:colcon.colcon_core.package_identification:_identify(EspFirmware/ArmController/include) by extension 'cmake'
[1.610s] Level 1:colcon.colcon_core.package_identification:_identify(EspFirmware/ArmController/include) by extension 'python'
[1.612s] Level 1:colcon.colcon_core.package_identification:_identify(EspFirmware/ArmController/include) by extensions ['python_setup_py']
[1.612s] Level 1:colcon.colcon_core.package_identification:_identify(EspFirmware/ArmController/include) by extension 'python_setup_py'
[1.614s] Level 1:colcon.colcon_core.package_identification:_identify(EspFirmware/ArmController/install) by extensions ['ignore', 'ignore_ament_install']
[1.616s] Level 1:colcon.colcon_core.package_identification:_identify(EspFirmware/ArmController/install) by extension 'ignore'
[1.618s] Level 1:colcon.colcon_core.package_identification:_identify(EspFirmware/ArmController/install) ignored
[1.619s] Level 1:colcon.colcon_core.package_identification:_identify(EspFirmware/ArmController/lib) by extensions ['ignore', 'ignore_ament_install']
[1.620s] Level 1:colcon.colcon_core.package_identification:_identify(EspFirmware/ArmController/lib) by extension 'ignore'
[1.621s] Level 1:colcon.colcon_core.package_identification:_identify(EspFirmware/ArmController/lib) by extension 'ignore_ament_install'
[1.622s] Level 1:colcon.colcon_core.package_identification:_identify(EspFirmware/ArmController/lib) by extensions ['colcon_pkg']
[1.622s] Level 1:colcon.colcon_core.package_identification:_identify(EspFirmware/ArmController/lib) by extension 'colcon_pkg'
[1.623s] Level 1:colcon.colcon_core.package_identification:_identify(EspFirmware/ArmController/lib) by extensions ['colcon_meta']
[1.624s] Level 1:colcon.colcon_core.package_identification:_identify(EspFirmware/ArmController/lib) by extension 'colcon_meta'
[1.624s] Level 1:colcon.colcon_core.package_identification:_identify(EspFirmware/ArmController/lib) by extensions ['ros']
[1.625s] Level 1:colcon.colcon_core.package_identification:_identify(EspFirmware/ArmController/lib) by extension 'ros'
[1.626s] Level 1:colcon.colcon_core.package_identification:_identify(EspFirmware/ArmController/lib) by extensions ['cmake', 'python']
[1.626s] Level 1:colcon.colcon_core.package_identification:_identify(EspFirmware/ArmController/lib) by extension 'cmake'
[1.627s] Level 1:colcon.colcon_core.package_identification:_identify(EspFirmware/ArmController/lib) by extension 'python'
[1.627s] Level 1:colcon.colcon_core.package_identification:_identify(EspFirmware/ArmController/lib) by extensions ['python_setup_py']
[1.628s] Level 1:colcon.colcon_core.package_identification:_identify(EspFirmware/ArmController/lib) by extension 'python_setup_py'
[1.629s] Level 1:colcon.colcon_core.package_identification:_identify(EspFirmware/ArmController/log) by extensions ['ignore', 'ignore_ament_install']
[1.629s] Level 1:colcon.colcon_core.package_identification:_identify(EspFirmware/ArmController/log) by extension 'ignore'
[1.630s] Level 1:colcon.colcon_core.package_identification:_identify(EspFirmware/ArmController/log) ignored
[1.632s] Level 1:colcon.colcon_core.package_identification:_identify(EspFirmware/ArmController/src) by extensions ['ignore', 'ignore_ament_install']
[1.634s] Level 1:colcon.colcon_core.package_identification:_identify(EspFirmware/ArmController/src) by extension 'ignore'
[1.636s] Level 1:colcon.colcon_core.package_identification:_identify(EspFirmware/ArmController/src) by extension 'ignore_ament_install'
[1.637s] Level 1:colcon.colcon_core.package_identification:_identify(EspFirmware/ArmController/src) by extensions ['colcon_pkg']
[1.638s] Level 1:colcon.colcon_core.package_identification:_identify(EspFirmware/ArmController/src) by extension 'colcon_pkg'
[1.639s] Level 1:colcon.colcon_core.package_identification:_identify(EspFirmware/ArmController/src) by extensions ['colcon_meta']
[1.640s] Level 1:colcon.colcon_core.package_identification:_identify(EspFirmware/ArmController/src) by extension 'colcon_meta'
[1.640s] Level 1:colcon.colcon_core.package_identification:_identify(EspFirmware/ArmController/src) by extensions ['ros']
[1.641s] Level 1:colcon.colcon_core.package_identification:_identify(EspFirmware/ArmController/src) by extension 'ros'
[1.641s] Level 1:colcon.colcon_core.package_identification:_identify(EspFirmware/ArmController/src) by extensions ['cmake', 'python']
[1.642s] Level 1:colcon.colcon_core.package_identification:_identify(EspFirmware/ArmController/src) by extension 'cmake'
[1.642s] Level 1:colcon.colcon_core.package_identification:_identify(EspFirmware/ArmController/src) by extension 'python'
[1.643s] Level 1:colcon.colcon_core.package_identification:_identify(EspFirmware/ArmController/src) by extensions ['python_setup_py']
[1.644s] Level 1:colcon.colcon_core.package_identification:_identify(EspFirmware/ArmController/src) by extension 'python_setup_py'
[1.646s] Level 1:colcon.colcon_core.package_identification:_identify(EspFirmware/ArmController/test) by extensions ['ignore', 'ignore_ament_install']
[1.648s] Level 1:colcon.colcon_core.package_identification:_identify(EspFirmware/ArmController/test) by extension 'ignore'
[1.650s] Level 1:colcon.colcon_core.package_identification:_identify(EspFirmware/ArmController/test) by extension 'ignore_ament_install'
[1.652s] Level 1:colcon.colcon_core.package_identification:_identify(EspFirmware/ArmController/test) by extensions ['colcon_pkg']
[1.652s] Level 1:colcon.colcon_core.package_identification:_identify(EspFirmware/ArmController/test) by extension 'colcon_pkg'
[1.654s] Level 1:colcon.colcon_core.package_identification:_identify(EspFirmware/ArmController/test) by extensions ['colcon_meta']
[1.656s] Level 1:colcon.colcon_core.package_identification:_identify(EspFirmware/ArmController/test) by extension 'colcon_meta'
[1.657s] Level 1:colcon.colcon_core.package_identification:_identify(EspFirmware/ArmController/test) by extensions ['ros']
[1.658s] Level 1:colcon.colcon_core.package_identification:_identify(EspFirmware/ArmController/test) by extension 'ros'
[1.659s] Level 1:colcon.colcon_core.package_identification:_identify(EspFirmware/ArmController/test) by extensions ['cmake', 'python']
[1.661s] Level 1:colcon.colcon_core.package_identification:_identify(EspFirmware/ArmController/test) by extension 'cmake'
[1.661s] Level 1:colcon.colcon_core.package_identification:_identify(EspFirmware/ArmController/test) by extension 'python'
[1.663s] Level 1:colcon.colcon_core.package_identification:_identify(EspFirmware/ArmController/test) by extensions ['python_setup_py']
[1.664s] Level 1:colcon.colcon_core.package_identification:_identify(EspFirmware/ArmController/test) by extension 'python_setup_py'
[1.665s] Level 1:colcon.colcon_core.package_identification:_identify(EspFirmware/HandController) by extensions ['ignore', 'ignore_ament_install']
[1.666s] Level 1:colcon.colcon_core.package_identification:_identify(EspFirmware/HandController) by extension 'ignore'
[1.666s] Level 1:colcon.colcon_core.package_identification:_identify(EspFirmware/HandController) by extension 'ignore_ament_install'
[1.667s] Level 1:colcon.colcon_core.package_identification:_identify(EspFirmware/HandController) by extensions ['colcon_pkg']
[1.668s] Level 1:colcon.colcon_core.package_identification:_identify(EspFirmware/HandController) by extension 'colcon_pkg'
[1.668s] Level 1:colcon.colcon_core.package_identification:_identify(EspFirmware/HandController) by extensions ['colcon_meta']
[1.668s] Level 1:colcon.colcon_core.package_identification:_identify(EspFirmware/HandController) by extension 'colcon_meta'
[1.669s] Level 1:colcon.colcon_core.package_identification:_identify(EspFirmware/HandController) by extensions ['ros']
[1.669s] Level 1:colcon.colcon_core.package_identification:_identify(EspFirmware/HandController) by extension 'ros'
[1.670s] Level 1:colcon.colcon_core.package_identification:_identify(EspFirmware/HandController) by extensions ['cmake', 'python']
[1.670s] Level 1:colcon.colcon_core.package_identification:_identify(EspFirmware/HandController) by extension 'cmake'
[1.671s] Level 1:colcon.colcon_core.package_identification:_identify(EspFirmware/HandController) by extension 'python'
[1.672s] Level 1:colcon.colcon_core.package_identification:_identify(EspFirmware/HandController) by extensions ['python_setup_py']
[1.672s] Level 1:colcon.colcon_core.package_identification:_identify(EspFirmware/HandController) by extension 'python_setup_py'
[1.676s] Level 1:colcon.colcon_core.package_identification:_identify(EspFirmware/HandController/include) by extensions ['ignore', 'ignore_ament_install']
[1.678s] Level 1:colcon.colcon_core.package_identification:_identify(EspFirmware/HandController/include) by extension 'ignore'
[1.679s] Level 1:colcon.colcon_core.package_identification:_identify(EspFirmware/HandController/include) by extension 'ignore_ament_install'
[1.684s] Level 1:colcon.colcon_core.package_identification:_identify(EspFirmware/HandController/include) by extensions ['colcon_pkg']
[1.685s] Level 1:colcon.colcon_core.package_identification:_identify(EspFirmware/HandController/include) by extension 'colcon_pkg'
[1.687s] Level 1:colcon.colcon_core.package_identification:_identify(EspFirmware/HandController/include) by extensions ['colcon_meta']
[1.687s] Level 1:colcon.colcon_core.package_identification:_identify(EspFirmware/HandController/include) by extension 'colcon_meta'
[1.688s] Level 1:colcon.colcon_core.package_identification:_identify(EspFirmware/HandController/include) by extensions ['ros']
[1.688s] Level 1:colcon.colcon_core.package_identification:_identify(EspFirmware/HandController/include) by extension 'ros'
[1.690s] Level 1:colcon.colcon_core.package_identification:_identify(EspFirmware/HandController/include) by extensions ['cmake', 'python']
[1.691s] Level 1:colcon.colcon_core.package_identification:_identify(EspFirmware/HandController/include) by extension 'cmake'
[1.692s] Level 1:colcon.colcon_core.package_identification:_identify(EspFirmware/HandController/include) by extension 'python'
[1.695s] Level 1:colcon.colcon_core.package_identification:_identify(EspFirmware/HandController/include) by extensions ['python_setup_py']
[1.696s] Level 1:colcon.colcon_core.package_identification:_identify(EspFirmware/HandController/include) by extension 'python_setup_py'
[1.697s] Level 1:colcon.colcon_core.package_identification:_identify(EspFirmware/HandController/lib) by extensions ['ignore', 'ignore_ament_install']
[1.699s] Level 1:colcon.colcon_core.package_identification:_identify(EspFirmware/HandController/lib) by extension 'ignore'
[1.700s] Level 1:colcon.colcon_core.package_identification:_identify(EspFirmware/HandController/lib) by extension 'ignore_ament_install'
[1.701s] Level 1:colcon.colcon_core.package_identification:_identify(EspFirmware/HandController/lib) by extensions ['colcon_pkg']
[1.701s] Level 1:colcon.colcon_core.package_identification:_identify(EspFirmware/HandController/lib) by extension 'colcon_pkg'
[1.702s] Level 1:colcon.colcon_core.package_identification:_identify(EspFirmware/HandController/lib) by extensions ['colcon_meta']
[1.702s] Level 1:colcon.colcon_core.package_identification:_identify(EspFirmware/HandController/lib) by extension 'colcon_meta'
[1.703s] Level 1:colcon.colcon_core.package_identification:_identify(EspFirmware/HandController/lib) by extensions ['ros']
[1.703s] Level 1:colcon.colcon_core.package_identification:_identify(EspFirmware/HandController/lib) by extension 'ros'
[1.704s] Level 1:colcon.colcon_core.package_identification:_identify(EspFirmware/HandController/lib) by extensions ['cmake', 'python']
[1.705s] Level 1:colcon.colcon_core.package_identification:_identify(EspFirmware/HandController/lib) by extension 'cmake'
[1.705s] Level 1:colcon.colcon_core.package_identification:_identify(EspFirmware/HandController/lib) by extension 'python'
[1.706s] Level 1:colcon.colcon_core.package_identification:_identify(EspFirmware/HandController/lib) by extensions ['python_setup_py']
[1.706s] Level 1:colcon.colcon_core.package_identification:_identify(EspFirmware/HandController/lib) by extension 'python_setup_py'
[1.707s] Level 1:colcon.colcon_core.package_identification:_identify(EspFirmware/HandController/src) by extensions ['ignore', 'ignore_ament_install']
[1.708s] Level 1:colcon.colcon_core.package_identification:_identify(EspFirmware/HandController/src) by extension 'ignore'
[1.709s] Level 1:colcon.colcon_core.package_identification:_identify(EspFirmware/HandController/src) by extension 'ignore_ament_install'
[1.709s] Level 1:colcon.colcon_core.package_identification:_identify(EspFirmware/HandController/src) by extensions ['colcon_pkg']
[1.710s] Level 1:colcon.colcon_core.package_identification:_identify(EspFirmware/HandController/src) by extension 'colcon_pkg'
[1.710s] Level 1:colcon.colcon_core.package_identification:_identify(EspFirmware/HandController/src) by extensions ['colcon_meta']
[1.711s] Level 1:colcon.colcon_core.package_identification:_identify(EspFirmware/HandController/src) by extension 'colcon_meta'
[1.711s] Level 1:colcon.colcon_core.package_identification:_identify(EspFirmware/HandController/src) by extensions ['ros']
[1.712s] Level 1:colcon.colcon_core.package_identification:_identify(EspFirmware/HandController/src) by extension 'ros'
[1.712s] Level 1:colcon.colcon_core.package_identification:_identify(EspFirmware/HandController/src) by extensions ['cmake', 'python']
[1.713s] Level 1:colcon.colcon_core.package_identification:_identify(EspFirmware/HandController/src) by extension 'cmake'
[1.713s] Level 1:colcon.colcon_core.package_identification:_identify(EspFirmware/HandController/src) by extension 'python'
[1.714s] Level 1:colcon.colcon_core.package_identification:_identify(EspFirmware/HandController/src) by extensions ['python_setup_py']
[1.714s] Level 1:colcon.colcon_core.package_identification:_identify(EspFirmware/HandController/src) by extension 'python_setup_py'
[1.715s] Level 1:colcon.colcon_core.package_identification:_identify(EspFirmware/HandController/test) by extensions ['ignore', 'ignore_ament_install']
[1.716s] Level 1:colcon.colcon_core.package_identification:_identify(EspFirmware/HandController/test) by extension 'ignore'
[1.717s] Level 1:colcon.colcon_core.package_identification:_identify(EspFirmware/HandController/test) by extension 'ignore_ament_install'
[1.718s] Level 1:colcon.colcon_core.package_identification:_identify(EspFirmware/HandController/test) by extensions ['colcon_pkg']
[1.719s] Level 1:colcon.colcon_core.package_identification:_identify(EspFirmware/HandController/test) by extension 'colcon_pkg'
[1.721s] Level 1:colcon.colcon_core.package_identification:_identify(EspFirmware/HandController/test) by extensions ['colcon_meta']
[1.722s] Level 1:colcon.colcon_core.package_identification:_identify(EspFirmware/HandController/test) by extension 'colcon_meta'
[1.723s] Level 1:colcon.colcon_core.package_identification:_identify(EspFirmware/HandController/test) by extensions ['ros']
[1.725s] Level 1:colcon.colcon_core.package_identification:_identify(EspFirmware/HandController/test) by extension 'ros'
[1.728s] Level 1:colcon.colcon_core.package_identification:_identify(EspFirmware/HandController/test) by extensions ['cmake', 'python']
[1.729s] Level 1:colcon.colcon_core.package_identification:_identify(EspFirmware/HandController/test) by extension 'cmake'
[1.730s] Level 1:colcon.colcon_core.package_identification:_identify(EspFirmware/HandController/test) by extension 'python'
[1.731s] Level 1:colcon.colcon_core.package_identification:_identify(EspFirmware/HandController/test) by extensions ['python_setup_py']
[1.732s] Level 1:colcon.colcon_core.package_identification:_identify(EspFirmware/HandController/test) by extension 'python_setup_py'
[1.733s] Level 1:colcon.colcon_core.package_identification:_identify(EspFirmware/ReceiverBoard) by extensions ['ignore', 'ignore_ament_install']
[1.734s] Level 1:colcon.colcon_core.package_identification:_identify(EspFirmware/ReceiverBoard) by extension 'ignore'
[1.735s] Level 1:colcon.colcon_core.package_identification:_identify(EspFirmware/ReceiverBoard) by extension 'ignore_ament_install'
[1.736s] Level 1:colcon.colcon_core.package_identification:_identify(EspFirmware/ReceiverBoard) by extensions ['colcon_pkg']
[1.737s] Level 1:colcon.colcon_core.package_identification:_identify(EspFirmware/ReceiverBoard) by extension 'colcon_pkg'
[1.737s] Level 1:colcon.colcon_core.package_identification:_identify(EspFirmware/ReceiverBoard) by extensions ['colcon_meta']
[1.740s] Level 1:colcon.colcon_core.package_identification:_identify(EspFirmware/ReceiverBoard) by extension 'colcon_meta'
[1.741s] Level 1:colcon.colcon_core.package_identification:_identify(EspFirmware/ReceiverBoard) by extensions ['ros']
[1.742s] Level 1:colcon.colcon_core.package_identification:_identify(EspFirmware/ReceiverBoard) by extension 'ros'
[1.743s] Level 1:colcon.colcon_core.package_identification:_identify(EspFirmware/ReceiverBoard) by extensions ['cmake', 'python']
[1.747s] Level 1:colcon.colcon_core.package_identification:_identify(EspFirmware/ReceiverBoard) by extension 'cmake'
[1.747s] Level 1:colcon.colcon_core.package_identification:_identify(EspFirmware/ReceiverBoard) by extension 'python'
[1.748s] Level 1:colcon.colcon_core.package_identification:_identify(EspFirmware/ReceiverBoard) by extensions ['python_setup_py']
[1.749s] Level 1:colcon.colcon_core.package_identification:_identify(EspFirmware/ReceiverBoard) by extension 'python_setup_py'
[1.752s] Level 1:colcon.colcon_core.package_identification:_identify(EspFirmware/ReceiverBoard/include) by extensions ['ignore', 'ignore_ament_install']
[1.758s] Level 1:colcon.colcon_core.package_identification:_identify(EspFirmware/ReceiverBoard/include) by extension 'ignore'
[1.763s] Level 1:colcon.colcon_core.package_identification:_identify(EspFirmware/ReceiverBoard/include) by extension 'ignore_ament_install'
[1.765s] Level 1:colcon.colcon_core.package_identification:_identify(EspFirmware/ReceiverBoard/include) by extensions ['colcon_pkg']
[1.766s] Level 1:colcon.colcon_core.package_identification:_identify(EspFirmware/ReceiverBoard/include) by extension 'colcon_pkg'
[1.767s] Level 1:colcon.colcon_core.package_identification:_identify(EspFirmware/ReceiverBoard/include) by extensions ['colcon_meta']
[1.768s] Level 1:colcon.colcon_core.package_identification:_identify(EspFirmware/ReceiverBoard/include) by extension 'colcon_meta'
[1.769s] Level 1:colcon.colcon_core.package_identification:_identify(EspFirmware/ReceiverBoard/include) by extensions ['ros']
[1.770s] Level 1:colcon.colcon_core.package_identification:_identify(EspFirmware/ReceiverBoard/include) by extension 'ros'
[1.771s] Level 1:colcon.colcon_core.package_identification:_identify(EspFirmware/ReceiverBoard/include) by extensions ['cmake', 'python']
[1.772s] Level 1:colcon.colcon_core.package_identification:_identify(EspFirmware/ReceiverBoard/include) by extension 'cmake'
[1.773s] Level 1:colcon.colcon_core.package_identification:_identify(EspFirmware/ReceiverBoard/include) by extension 'python'
[1.774s] Level 1:colcon.colcon_core.package_identification:_identify(EspFirmware/ReceiverBoard/include) by extensions ['python_setup_py']
[1.775s] Level 1:colcon.colcon_core.package_identification:_identify(EspFirmware/ReceiverBoard/include) by extension 'python_setup_py'
[1.776s] Level 1:colcon.colcon_core.package_identification:_identify(EspFirmware/ReceiverBoard/lib) by extensions ['ignore', 'ignore_ament_install']
[1.778s] Level 1:colcon.colcon_core.package_identification:_identify(EspFirmware/ReceiverBoard/lib) by extension 'ignore'
[1.779s] Level 1:colcon.colcon_core.package_identification:_identify(EspFirmware/ReceiverBoard/lib) by extension 'ignore_ament_install'
[1.781s] Level 1:colcon.colcon_core.package_identification:_identify(EspFirmware/ReceiverBoard/lib) by extensions ['colcon_pkg']
[1.782s] Level 1:colcon.colcon_core.package_identification:_identify(EspFirmware/ReceiverBoard/lib) by extension 'colcon_pkg'
[1.784s] Level 1:colcon.colcon_core.package_identification:_identify(EspFirmware/ReceiverBoard/lib) by extensions ['colcon_meta']
[1.786s] Level 1:colcon.colcon_core.package_identification:_identify(EspFirmware/ReceiverBoard/lib) by extension 'colcon_meta'
[1.788s] Level 1:colcon.colcon_core.package_identification:_identify(EspFirmware/ReceiverBoard/lib) by extensions ['ros']
[1.790s] Level 1:colcon.colcon_core.package_identification:_identify(EspFirmware/ReceiverBoard/lib) by extension 'ros'
[1.795s] Level 1:colcon.colcon_core.package_identification:_identify(EspFirmware/ReceiverBoard/lib) by extensions ['cmake', 'python']
[1.797s] Level 1:colcon.colcon_core.package_identification:_identify(EspFirmware/ReceiverBoard/lib) by extension 'cmake'
[1.798s] Level 1:colcon.colcon_core.package_identification:_identify(EspFirmware/ReceiverBoard/lib) by extension 'python'
[1.799s] Level 1:colcon.colcon_core.package_identification:_identify(EspFirmware/ReceiverBoard/lib) by extensions ['python_setup_py']
[1.799s] Level 1:colcon.colcon_core.package_identification:_identify(EspFirmware/ReceiverBoard/lib) by extension 'python_setup_py'
[1.800s] Level 1:colcon.colcon_core.package_identification:_identify(EspFirmware/ReceiverBoard/src) by extensions ['ignore', 'ignore_ament_install']
[1.802s] Level 1:colcon.colcon_core.package_identification:_identify(EspFirmware/ReceiverBoard/src) by extension 'ignore'
[1.803s] Level 1:colcon.colcon_core.package_identification:_identify(EspFirmware/ReceiverBoard/src) by extension 'ignore_ament_install'
[1.806s] Level 1:colcon.colcon_core.package_identification:_identify(EspFirmware/ReceiverBoard/src) by extensions ['colcon_pkg']
[1.806s] Level 1:colcon.colcon_core.package_identification:_identify(EspFirmware/ReceiverBoard/src) by extension 'colcon_pkg'
[1.807s] Level 1:colcon.colcon_core.package_identification:_identify(EspFirmware/ReceiverBoard/src) by extensions ['colcon_meta']
[1.809s] Level 1:colcon.colcon_core.package_identification:_identify(EspFirmware/ReceiverBoard/src) by extension 'colcon_meta'
[1.810s] Level 1:colcon.colcon_core.package_identification:_identify(EspFirmware/ReceiverBoard/src) by extensions ['ros']
[1.811s] Level 1:colcon.colcon_core.package_identification:_identify(EspFirmware/ReceiverBoard/src) by extension 'ros'
[1.815s] Level 1:colcon.colcon_core.package_identification:_identify(EspFirmware/ReceiverBoard/src) by extensions ['cmake', 'python']
[1.817s] Level 1:colcon.colcon_core.package_identification:_identify(EspFirmware/ReceiverBoard/src) by extension 'cmake'
[1.817s] Level 1:colcon.colcon_core.package_identification:_identify(EspFirmware/ReceiverBoard/src) by extension 'python'
[1.819s] Level 1:colcon.colcon_core.package_identification:_identify(EspFirmware/ReceiverBoard/src) by extensions ['python_setup_py']
[1.819s] Level 1:colcon.colcon_core.package_identification:_identify(EspFirmware/ReceiverBoard/src) by extension 'python_setup_py'
[1.821s] Level 1:colcon.colcon_core.package_identification:_identify(EspFirmware/ReceiverBoard/test) by extensions ['ignore', 'ignore_ament_install']
[1.822s] Level 1:colcon.colcon_core.package_identification:_identify(EspFirmware/ReceiverBoard/test) by extension 'ignore'
[1.823s] Level 1:colcon.colcon_core.package_identification:_identify(EspFirmware/ReceiverBoard/test) by extension 'ignore_ament_install'
[1.824s] Level 1:colcon.colcon_core.package_identification:_identify(EspFirmware/ReceiverBoard/test) by extensions ['colcon_pkg']
[1.825s] Level 1:colcon.colcon_core.package_identification:_identify(EspFirmware/ReceiverBoard/test) by extension 'colcon_pkg'
[1.827s] Level 1:colcon.colcon_core.package_identification:_identify(EspFirmware/ReceiverBoard/test) by extensions ['colcon_meta']
[1.827s] Level 1:colcon.colcon_core.package_identification:_identify(EspFirmware/ReceiverBoard/test) by extension 'colcon_meta'
[1.827s] Level 1:colcon.colcon_core.package_identification:_identify(EspFirmware/ReceiverBoard/test) by extensions ['ros']
[1.829s] Level 1:colcon.colcon_core.package_identification:_identify(EspFirmware/ReceiverBoard/test) by extension 'ros'
[1.833s] Level 1:colcon.colcon_core.package_identification:_identify(EspFirmware/ReceiverBoard/test) by extensions ['cmake', 'python']
[1.835s] Level 1:colcon.colcon_core.package_identification:_identify(EspFirmware/ReceiverBoard/test) by extension 'cmake'
[1.839s] Level 1:colcon.colcon_core.package_identification:_identify(EspFirmware/ReceiverBoard/test) by extension 'python'
[1.842s] Level 1:colcon.colcon_core.package_identification:_identify(EspFirmware/ReceiverBoard/test) by extensions ['python_setup_py']
[1.844s] Level 1:colcon.colcon_core.package_identification:_identify(EspFirmware/ReceiverBoard/test) by extension 'python_setup_py'
[1.846s] Level 1:colcon.colcon_core.package_identification:_identify(EspFirmware/microRos_sender) by extensions ['ignore', 'ignore_ament_install']
[1.848s] Level 1:colcon.colcon_core.package_identification:_identify(EspFirmware/microRos_sender) by extension 'ignore'
[1.850s] Level 1:colcon.colcon_core.package_identification:_identify(EspFirmware/microRos_sender) by extension 'ignore_ament_install'
[1.851s] Level 1:colcon.colcon_core.package_identification:_identify(EspFirmware/microRos_sender) by extensions ['colcon_pkg']
[1.854s] Level 1:colcon.colcon_core.package_identification:_identify(EspFirmware/microRos_sender) by extension 'colcon_pkg'
[1.856s] Level 1:colcon.colcon_core.package_identification:_identify(EspFirmware/microRos_sender) by extensions ['colcon_meta']
[1.857s] Level 1:colcon.colcon_core.package_identification:_identify(EspFirmware/microRos_sender) by extension 'colcon_meta'
[1.857s] Level 1:colcon.colcon_core.package_identification:_identify(EspFirmware/microRos_sender) by extensions ['ros']
[1.860s] Level 1:colcon.colcon_core.package_identification:_identify(EspFirmware/microRos_sender) by extension 'ros'
[1.864s] Level 1:colcon.colcon_core.package_identification:_identify(EspFirmware/microRos_sender) by extensions ['cmake', 'python']
[1.865s] Level 1:colcon.colcon_core.package_identification:_identify(EspFirmware/microRos_sender) by extension 'cmake'
[1.870s] Level 1:colcon.colcon_core.package_identification:_identify(EspFirmware/microRos_sender) by extension 'python'
[1.872s] Level 1:colcon.colcon_core.package_identification:_identify(EspFirmware/microRos_sender) by extensions ['python_setup_py']
[1.875s] Level 1:colcon.colcon_core.package_identification:_identify(EspFirmware/microRos_sender) by extension 'python_setup_py'
[1.877s] Level 1:colcon.colcon_core.package_identification:_identify(EspFirmware/microRos_sender/include) by extensions ['ignore', 'ignore_ament_install']
[1.880s] Level 1:colcon.colcon_core.package_identification:_identify(EspFirmware/microRos_sender/include) by extension 'ignore'
[1.880s] Level 1:colcon.colcon_core.package_identification:_identify(EspFirmware/microRos_sender/include) by extension 'ignore_ament_install'
[1.881s] Level 1:colcon.colcon_core.package_identification:_identify(EspFirmware/microRos_sender/include) by extensions ['colcon_pkg']
[1.881s] Level 1:colcon.colcon_core.package_identification:_identify(EspFirmware/microRos_sender/include) by extension 'colcon_pkg'
[1.883s] Level 1:colcon.colcon_core.package_identification:_identify(EspFirmware/microRos_sender/include) by extensions ['colcon_meta']
[1.884s] Level 1:colcon.colcon_core.package_identification:_identify(EspFirmware/microRos_sender/include) by extension 'colcon_meta'
[1.885s] Level 1:colcon.colcon_core.package_identification:_identify(EspFirmware/microRos_sender/include) by extensions ['ros']
[1.885s] Level 1:colcon.colcon_core.package_identification:_identify(EspFirmware/microRos_sender/include) by extension 'ros'
[1.886s] Level 1:colcon.colcon_core.package_identification:_identify(EspFirmware/microRos_sender/include) by extensions ['cmake', 'python']
[1.887s] Level 1:colcon.colcon_core.package_identification:_identify(EspFirmware/microRos_sender/include) by extension 'cmake'
[1.887s] Level 1:colcon.colcon_core.package_identification:_identify(EspFirmware/microRos_sender/include) by extension 'python'
[1.888s] Level 1:colcon.colcon_core.package_identification:_identify(EspFirmware/microRos_sender/include) by extensions ['python_setup_py']
[1.888s] Level 1:colcon.colcon_core.package_identification:_identify(EspFirmware/microRos_sender/include) by extension 'python_setup_py'
[1.889s] Level 1:colcon.colcon_core.package_identification:_identify(EspFirmware/microRos_sender/lib) by extensions ['ignore', 'ignore_ament_install']
[1.890s] Level 1:colcon.colcon_core.package_identification:_identify(EspFirmware/microRos_sender/lib) by extension 'ignore'
[1.891s] Level 1:colcon.colcon_core.package_identification:_identify(EspFirmware/microRos_sender/lib) by extension 'ignore_ament_install'
[1.893s] Level 1:colcon.colcon_core.package_identification:_identify(EspFirmware/microRos_sender/lib) by extensions ['colcon_pkg']
[1.893s] Level 1:colcon.colcon_core.package_identification:_identify(EspFirmware/microRos_sender/lib) by extension 'colcon_pkg'
[1.894s] Level 1:colcon.colcon_core.package_identification:_identify(EspFirmware/microRos_sender/lib) by extensions ['colcon_meta']
[1.895s] Level 1:colcon.colcon_core.package_identification:_identify(EspFirmware/microRos_sender/lib) by extension 'colcon_meta'
[1.897s] Level 1:colcon.colcon_core.package_identification:_identify(EspFirmware/microRos_sender/lib) by extensions ['ros']
[1.899s] Level 1:colcon.colcon_core.package_identification:_identify(EspFirmware/microRos_sender/lib) by extension 'ros'
[1.902s] Level 1:colcon.colcon_core.package_identification:_identify(EspFirmware/microRos_sender/lib) by extensions ['cmake', 'python']
[1.904s] Level 1:colcon.colcon_core.package_identification:_identify(EspFirmware/microRos_sender/lib) by extension 'cmake'
[1.905s] Level 1:colcon.colcon_core.package_identification:_identify(EspFirmware/microRos_sender/lib) by extension 'python'
[1.907s] Level 1:colcon.colcon_core.package_identification:_identify(EspFirmware/microRos_sender/lib) by extensions ['python_setup_py']
[1.907s] Level 1:colcon.colcon_core.package_identification:_identify(EspFirmware/microRos_sender/lib) by extension 'python_setup_py'
[1.909s] Level 1:colcon.colcon_core.package_identification:_identify(EspFirmware/microRos_sender/src) by extensions ['ignore', 'ignore_ament_install']
[1.911s] Level 1:colcon.colcon_core.package_identification:_identify(EspFirmware/microRos_sender/src) by extension 'ignore'
[1.913s] Level 1:colcon.colcon_core.package_identification:_identify(EspFirmware/microRos_sender/src) by extension 'ignore_ament_install'
[1.915s] Level 1:colcon.colcon_core.package_identification:_identify(EspFirmware/microRos_sender/src) by extensions ['colcon_pkg']
[1.915s] Level 1:colcon.colcon_core.package_identification:_identify(EspFirmware/microRos_sender/src) by extension 'colcon_pkg'
[1.918s] Level 1:colcon.colcon_core.package_identification:_identify(EspFirmware/microRos_sender/src) by extensions ['colcon_meta']
[1.920s] Level 1:colcon.colcon_core.package_identification:_identify(EspFirmware/microRos_sender/src) by extension 'colcon_meta'
[1.921s] Level 1:colcon.colcon_core.package_identification:_identify(EspFirmware/microRos_sender/src) by extensions ['ros']
[1.922s] Level 1:colcon.colcon_core.package_identification:_identify(EspFirmware/microRos_sender/src) by extension 'ros'
[1.923s] Level 1:colcon.colcon_core.package_identification:_identify(EspFirmware/microRos_sender/src) by extensions ['cmake', 'python']
[1.924s] Level 1:colcon.colcon_core.package_identification:_identify(EspFirmware/microRos_sender/src) by extension 'cmake'
[1.924s] Level 1:colcon.colcon_core.package_identification:_identify(EspFirmware/microRos_sender/src) by extension 'python'
[1.925s] Level 1:colcon.colcon_core.package_identification:_identify(EspFirmware/microRos_sender/src) by extensions ['python_setup_py']
[1.925s] Level 1:colcon.colcon_core.package_identification:_identify(EspFirmware/microRos_sender/src) by extension 'python_setup_py'
[1.926s] Level 1:colcon.colcon_core.package_identification:_identify(EspFirmware/microRos_sender/test) by extensions ['ignore', 'ignore_ament_install']
[1.928s] Level 1:colcon.colcon_core.package_identification:_identify(EspFirmware/microRos_sender/test) by extension 'ignore'
[1.930s] Level 1:colcon.colcon_core.package_identification:_identify(EspFirmware/microRos_sender/test) by extension 'ignore_ament_install'
[1.932s] Level 1:colcon.colcon_core.package_identification:_identify(EspFirmware/microRos_sender/test) by extensions ['colcon_pkg']
[1.933s] Level 1:colcon.colcon_core.package_identification:_identify(EspFirmware/microRos_sender/test) by extension 'colcon_pkg'
[1.934s] Level 1:colcon.colcon_core.package_identification:_identify(EspFirmware/microRos_sender/test) by extensions ['colcon_meta']
[1.935s] Level 1:colcon.colcon_core.package_identification:_identify(EspFirmware/microRos_sender/test) by extension 'colcon_meta'
[1.936s] Level 1:colcon.colcon_core.package_identification:_identify(EspFirmware/microRos_sender/test) by extensions ['ros']
[1.936s] Level 1:colcon.colcon_core.package_identification:_identify(EspFirmware/microRos_sender/test) by extension 'ros'
[1.940s] Level 1:colcon.colcon_core.package_identification:_identify(EspFirmware/microRos_sender/test) by extensions ['cmake', 'python']
[1.941s] Level 1:colcon.colcon_core.package_identification:_identify(EspFirmware/microRos_sender/test) by extension 'cmake'
[1.942s] Level 1:colcon.colcon_core.package_identification:_identify(EspFirmware/microRos_sender/test) by extension 'python'
[1.947s] Level 1:colcon.colcon_core.package_identification:_identify(EspFirmware/microRos_sender/test) by extensions ['python_setup_py']
[1.949s] Level 1:colcon.colcon_core.package_identification:_identify(EspFirmware/microRos_sender/test) by extension 'python_setup_py'
[1.952s] Level 1:colcon.colcon_core.package_identification:_identify(build) by extensions ['ignore', 'ignore_ament_install']
[1.956s] Level 1:colcon.colcon_core.package_identification:_identify(build) by extension 'ignore'
[1.957s] Level 1:colcon.colcon_core.package_identification:_identify(build) ignored
[1.960s] Level 1:colcon.colcon_core.package_identification:_identify(install) by extensions ['ignore', 'ignore_ament_install']
[1.963s] Level 1:colcon.colcon_core.package_identification:_identify(install) by extension 'ignore'
[1.963s] Level 1:colcon.colcon_core.package_identification:_identify(install) ignored
[1.964s] Level 1:colcon.colcon_core.package_identification:_identify(log) by extensions ['ignore', 'ignore_ament_install']
[1.965s] Level 1:colcon.colcon_core.package_identification:_identify(log) by extension 'ignore'
[1.966s] Level 1:colcon.colcon_core.package_identification:_identify(log) ignored
[1.967s] Level 1:colcon.colcon_core.package_identification:_identify(urc_ws_interbotix) by extensions ['ignore', 'ignore_ament_install']
[1.968s] Level 1:colcon.colcon_core.package_identification:_identify(urc_ws_interbotix) by extension 'ignore'
[1.969s] Level 1:colcon.colcon_core.package_identification:_identify(urc_ws_interbotix) by extension 'ignore_ament_install'
[1.970s] Level 1:colcon.colcon_core.package_identification:_identify(urc_ws_interbotix) by extensions ['colcon_pkg']
[1.970s] Level 1:colcon.colcon_core.package_identification:_identify(urc_ws_interbotix) by extension 'colcon_pkg'
[1.971s] Level 1:colcon.colcon_core.package_identification:_identify(urc_ws_interbotix) by extensions ['colcon_meta']
[1.972s] Level 1:colcon.colcon_core.package_identification:_identify(urc_ws_interbotix) by extension 'colcon_meta'
[1.972s] Level 1:colcon.colcon_core.package_identification:_identify(urc_ws_interbotix) by extensions ['ros']
[1.973s] Level 1:colcon.colcon_core.package_identification:_identify(urc_ws_interbotix) by extension 'ros'
[1.974s] Level 1:colcon.colcon_core.package_identification:_identify(urc_ws_interbotix) by extensions ['cmake', 'python']
[1.974s] Level 1:colcon.colcon_core.package_identification:_identify(urc_ws_interbotix) by extension 'cmake'
[1.975s] Level 1:colcon.colcon_core.package_identification:_identify(urc_ws_interbotix) by extension 'python'
[1.976s] Level 1:colcon.colcon_core.package_identification:_identify(urc_ws_interbotix) by extensions ['python_setup_py']
[1.976s] Level 1:colcon.colcon_core.package_identification:_identify(urc_ws_interbotix) by extension 'python_setup_py'
[1.978s] Level 1:colcon.colcon_core.package_identification:_identify(urc_ws_interbotix/src) by extensions ['ignore', 'ignore_ament_install']
[1.979s] Level 1:colcon.colcon_core.package_identification:_identify(urc_ws_interbotix/src) by extension 'ignore'
[1.980s] Level 1:colcon.colcon_core.package_identification:_identify(urc_ws_interbotix/src) by extension 'ignore_ament_install'
[1.981s] Level 1:colcon.colcon_core.package_identification:_identify(urc_ws_interbotix/src) by extensions ['colcon_pkg']
[1.982s] Level 1:colcon.colcon_core.package_identification:_identify(urc_ws_interbotix/src) by extension 'colcon_pkg'
[1.982s] Level 1:colcon.colcon_core.package_identification:_identify(urc_ws_interbotix/src) by extensions ['colcon_meta']
[1.984s] Level 1:colcon.colcon_core.package_identification:_identify(urc_ws_interbotix/src) by extension 'colcon_meta'
[1.984s] Level 1:colcon.colcon_core.package_identification:_identify(urc_ws_interbotix/src) by extensions ['ros']
[1.985s] Level 1:colcon.colcon_core.package_identification:_identify(urc_ws_interbotix/src) by extension 'ros'
[1.986s] Level 1:colcon.colcon_core.package_identification:_identify(urc_ws_interbotix/src) by extensions ['cmake', 'python']
[1.986s] Level 1:colcon.colcon_core.package_identification:_identify(urc_ws_interbotix/src) by extension 'cmake'
[1.987s] Level 1:colcon.colcon_core.package_identification:_identify(urc_ws_interbotix/src) by extension 'python'
[1.989s] Level 1:colcon.colcon_core.package_identification:_identify(urc_ws_interbotix/src) by extensions ['python_setup_py']
[1.990s] Level 1:colcon.colcon_core.package_identification:_identify(urc_ws_interbotix/src) by extension 'python_setup_py'
[1.992s] Level 1:colcon.colcon_core.package_identification:_identify(urc_ws_interbotix/src/IMU_control) by extensions ['ignore', 'ignore_ament_install']
[1.995s] Level 1:colcon.colcon_core.package_identification:_identify(urc_ws_interbotix/src/IMU_control) by extension 'ignore'
[1.999s] Level 1:colcon.colcon_core.package_identification:_identify(urc_ws_interbotix/src/IMU_control) by extension 'ignore_ament_install'
[2.001s] Level 1:colcon.colcon_core.package_identification:_identify(urc_ws_interbotix/src/IMU_control) by extensions ['colcon_pkg']
[2.002s] Level 1:colcon.colcon_core.package_identification:_identify(urc_ws_interbotix/src/IMU_control) by extension 'colcon_pkg'
[2.003s] Level 1:colcon.colcon_core.package_identification:_identify(urc_ws_interbotix/src/IMU_control) by extensions ['colcon_meta']
[2.004s] Level 1:colcon.colcon_core.package_identification:_identify(urc_ws_interbotix/src/IMU_control) by extension 'colcon_meta'
[2.004s] Level 1:colcon.colcon_core.package_identification:_identify(urc_ws_interbotix/src/IMU_control) by extensions ['ros']
[2.005s] Level 1:colcon.colcon_core.package_identification:_identify(urc_ws_interbotix/src/IMU_control) by extension 'ros'
[2.022s] DEBUG:colcon.colcon_core.package_identification:Package 'urc_ws_interbotix/src/IMU_control' with type 'ros.ament_python' and name 'IMU_control'
[2.024s] Level 1:colcon.colcon_core.package_identification:_identify(urc_ws_interbotix/src/dynamixel-workbench) by extensions ['ignore', 'ignore_ament_install']
[2.025s] Level 1:colcon.colcon_core.package_identification:_identify(urc_ws_interbotix/src/dynamixel-workbench) by extension 'ignore'
[2.026s] Level 1:colcon.colcon_core.package_identification:_identify(urc_ws_interbotix/src/dynamixel-workbench) by extension 'ignore_ament_install'
[2.027s] Level 1:colcon.colcon_core.package_identification:_identify(urc_ws_interbotix/src/dynamixel-workbench) by extensions ['colcon_pkg']
[2.028s] Level 1:colcon.colcon_core.package_identification:_identify(urc_ws_interbotix/src/dynamixel-workbench) by extension 'colcon_pkg'
[2.028s] Level 1:colcon.colcon_core.package_identification:_identify(urc_ws_interbotix/src/dynamixel-workbench) by extensions ['colcon_meta']
[2.029s] Level 1:colcon.colcon_core.package_identification:_identify(urc_ws_interbotix/src/dynamixel-workbench) by extension 'colcon_meta'
[2.029s] Level 1:colcon.colcon_core.package_identification:_identify(urc_ws_interbotix/src/dynamixel-workbench) by extensions ['ros']
[2.030s] Level 1:colcon.colcon_core.package_identification:_identify(urc_ws_interbotix/src/dynamixel-workbench) by extension 'ros'
[2.036s] DEBUG:colcon.colcon_core.package_identification:Package 'urc_ws_interbotix/src/dynamixel-workbench' with type 'ros.ament_cmake' and name 'dynamixel_workbench_toolbox'
[2.037s] Level 1:colcon.colcon_core.package_identification:_identify(urc_ws_interbotix/src/dynamixel_sdk) by extensions ['ignore', 'ignore_ament_install']
[2.039s] Level 1:colcon.colcon_core.package_identification:_identify(urc_ws_interbotix/src/dynamixel_sdk) by extension 'ignore'
[2.040s] Level 1:colcon.colcon_core.package_identification:_identify(urc_ws_interbotix/src/dynamixel_sdk) by extension 'ignore_ament_install'
[2.040s] Level 1:colcon.colcon_core.package_identification:_identify(urc_ws_interbotix/src/dynamixel_sdk) by extensions ['colcon_pkg']
[2.043s] Level 1:colcon.colcon_core.package_identification:_identify(urc_ws_interbotix/src/dynamixel_sdk) by extension 'colcon_pkg'
[2.046s] Level 1:colcon.colcon_core.package_identification:_identify(urc_ws_interbotix/src/dynamixel_sdk) by extensions ['colcon_meta']
[2.047s] Level 1:colcon.colcon_core.package_identification:_identify(urc_ws_interbotix/src/dynamixel_sdk) by extension 'colcon_meta'
[2.051s] Level 1:colcon.colcon_core.package_identification:_identify(urc_ws_interbotix/src/dynamixel_sdk) by extensions ['ros']
[2.051s] Level 1:colcon.colcon_core.package_identification:_identify(urc_ws_interbotix/src/dynamixel_sdk) by extension 'ros'
[2.057s] DEBUG:colcon.colcon_core.package_identification:Package 'urc_ws_interbotix/src/dynamixel_sdk' with type 'ros.ament_cmake' and name 'dynamixel_sdk'
[2.058s] Level 1:colcon.colcon_core.package_identification:_identify(urc_ws_interbotix/src/dynamixel_sdk_custom_interfaces) by extensions ['ignore', 'ignore_ament_install']
[2.061s] Level 1:colcon.colcon_core.package_identification:_identify(urc_ws_interbotix/src/dynamixel_sdk_custom_interfaces) by extension 'ignore'
[2.067s] Level 1:colcon.colcon_core.package_identification:_identify(urc_ws_interbotix/src/dynamixel_sdk_custom_interfaces) by extension 'ignore_ament_install'
[2.073s] Level 1:colcon.colcon_core.package_identification:_identify(urc_ws_interbotix/src/dynamixel_sdk_custom_interfaces) by extensions ['colcon_pkg']
[2.075s] Level 1:colcon.colcon_core.package_identification:_identify(urc_ws_interbotix/src/dynamixel_sdk_custom_interfaces) by extension 'colcon_pkg'
[2.079s] Level 1:colcon.colcon_core.package_identification:_identify(urc_ws_interbotix/src/dynamixel_sdk_custom_interfaces) by extensions ['colcon_meta']
[2.082s] Level 1:colcon.colcon_core.package_identification:_identify(urc_ws_interbotix/src/dynamixel_sdk_custom_interfaces) by extension 'colcon_meta'
[2.084s] Level 1:colcon.colcon_core.package_identification:_identify(urc_ws_interbotix/src/dynamixel_sdk_custom_interfaces) by extensions ['ros']
[2.086s] Level 1:colcon.colcon_core.package_identification:_identify(urc_ws_interbotix/src/dynamixel_sdk_custom_interfaces) by extension 'ros'
[2.097s] DEBUG:colcon.colcon_core.package_identification:Package 'urc_ws_interbotix/src/dynamixel_sdk_custom_interfaces' with type 'ros.ament_cmake' and name 'dynamixel_sdk_custom_interfaces'
[2.099s] Level 1:colcon.colcon_core.package_identification:_identify(urc_ws_interbotix/src/interbotix_common_modules) by extensions ['ignore', 'ignore_ament_install']
[2.100s] Level 1:colcon.colcon_core.package_identification:_identify(urc_ws_interbotix/src/interbotix_common_modules) by extension 'ignore'
[2.101s] Level 1:colcon.colcon_core.package_identification:_identify(urc_ws_interbotix/src/interbotix_common_modules) by extension 'ignore_ament_install'
[2.104s] Level 1:colcon.colcon_core.package_identification:_identify(urc_ws_interbotix/src/interbotix_common_modules) by extensions ['colcon_pkg']
[2.104s] Level 1:colcon.colcon_core.package_identification:_identify(urc_ws_interbotix/src/interbotix_common_modules) by extension 'colcon_pkg'
[2.106s] Level 1:colcon.colcon_core.package_identification:_identify(urc_ws_interbotix/src/interbotix_common_modules) by extensions ['colcon_meta']
[2.107s] Level 1:colcon.colcon_core.package_identification:_identify(urc_ws_interbotix/src/interbotix_common_modules) by extension 'colcon_meta'
[2.107s] Level 1:colcon.colcon_core.package_identification:_identify(urc_ws_interbotix/src/interbotix_common_modules) by extensions ['ros']
[2.108s] Level 1:colcon.colcon_core.package_identification:_identify(urc_ws_interbotix/src/interbotix_common_modules) by extension 'ros'
[2.118s] DEBUG:colcon.colcon_core.package_identification:Package 'urc_ws_interbotix/src/interbotix_common_modules' with type 'ros.ament_python' and name 'interbotix_common_modules'
[2.120s] Level 1:colcon.colcon_core.package_identification:_identify(urc_ws_interbotix/src/interbotix_xs_driver) by extensions ['ignore', 'ignore_ament_install']
[2.122s] Level 1:colcon.colcon_core.package_identification:_identify(urc_ws_interbotix/src/interbotix_xs_driver) by extension 'ignore'
[2.126s] Level 1:colcon.colcon_core.package_identification:_identify(urc_ws_interbotix/src/interbotix_xs_driver) by extension 'ignore_ament_install'
[2.128s] Level 1:colcon.colcon_core.package_identification:_identify(urc_ws_interbotix/src/interbotix_xs_driver) by extensions ['colcon_pkg']
[2.129s] Level 1:colcon.colcon_core.package_identification:_identify(urc_ws_interbotix/src/interbotix_xs_driver) by extension 'colcon_pkg'
[2.130s] Level 1:colcon.colcon_core.package_identification:_identify(urc_ws_interbotix/src/interbotix_xs_driver) by extensions ['colcon_meta']
[2.131s] Level 1:colcon.colcon_core.package_identification:_identify(urc_ws_interbotix/src/interbotix_xs_driver) by extension 'colcon_meta'
[2.132s] Level 1:colcon.colcon_core.package_identification:_identify(urc_ws_interbotix/src/interbotix_xs_driver) by extensions ['ros']
[2.132s] Level 1:colcon.colcon_core.package_identification:_identify(urc_ws_interbotix/src/interbotix_xs_driver) by extension 'ros'
[2.137s] DEBUG:colcon.colcon_core.package_identification:Package 'urc_ws_interbotix/src/interbotix_xs_driver' with type 'ros.ament_cmake' and name 'interbotix_xs_driver'
[2.139s] Level 1:colcon.colcon_core.package_identification:_identify(urc_ws_interbotix/src/interbotix_xs_modules) by extensions ['ignore', 'ignore_ament_install']
[2.139s] Level 1:colcon.colcon_core.package_identification:_identify(urc_ws_interbotix/src/interbotix_xs_modules) by extension 'ignore'
[2.142s] Level 1:colcon.colcon_core.package_identification:_identify(urc_ws_interbotix/src/interbotix_xs_modules) by extension 'ignore_ament_install'
[2.143s] Level 1:colcon.colcon_core.package_identification:_identify(urc_ws_interbotix/src/interbotix_xs_modules) by extensions ['colcon_pkg']
[2.144s] Level 1:colcon.colcon_core.package_identification:_identify(urc_ws_interbotix/src/interbotix_xs_modules) by extension 'colcon_pkg'
[2.145s] Level 1:colcon.colcon_core.package_identification:_identify(urc_ws_interbotix/src/interbotix_xs_modules) by extensions ['colcon_meta']
[2.145s] Level 1:colcon.colcon_core.package_identification:_identify(urc_ws_interbotix/src/interbotix_xs_modules) by extension 'colcon_meta'
[2.146s] Level 1:colcon.colcon_core.package_identification:_identify(urc_ws_interbotix/src/interbotix_xs_modules) by extensions ['ros']
[2.147s] Level 1:colcon.colcon_core.package_identification:_identify(urc_ws_interbotix/src/interbotix_xs_modules) by extension 'ros'
[2.157s] DEBUG:colcon.colcon_core.package_identification:Package 'urc_ws_interbotix/src/interbotix_xs_modules' with type 'ros.ament_python' and name 'interbotix_xs_modules'
[2.159s] Level 1:colcon.colcon_core.package_identification:_identify(urc_ws_interbotix/src/interbotix_xs_msgs) by extensions ['ignore', 'ignore_ament_install']
[2.161s] Level 1:colcon.colcon_core.package_identification:_identify(urc_ws_interbotix/src/interbotix_xs_msgs) by extension 'ignore'
[2.162s] Level 1:colcon.colcon_core.package_identification:_identify(urc_ws_interbotix/src/interbotix_xs_msgs) by extension 'ignore_ament_install'
[2.163s] Level 1:colcon.colcon_core.package_identification:_identify(urc_ws_interbotix/src/interbotix_xs_msgs) by extensions ['colcon_pkg']
[2.164s] Level 1:colcon.colcon_core.package_identification:_identify(urc_ws_interbotix/src/interbotix_xs_msgs) by extension 'colcon_pkg'
[2.164s] Level 1:colcon.colcon_core.package_identification:_identify(urc_ws_interbotix/src/interbotix_xs_msgs) by extensions ['colcon_meta']
[2.165s] Level 1:colcon.colcon_core.package_identification:_identify(urc_ws_interbotix/src/interbotix_xs_msgs) by extension 'colcon_meta'
[2.165s] Level 1:colcon.colcon_core.package_identification:_identify(urc_ws_interbotix/src/interbotix_xs_msgs) by extensions ['ros']
[2.165s] Level 1:colcon.colcon_core.package_identification:_identify(urc_ws_interbotix/src/interbotix_xs_msgs) by extension 'ros'
[2.181s] DEBUG:colcon.colcon_core.package_identification:Package 'urc_ws_interbotix/src/interbotix_xs_msgs' with type 'ros.ament_cmake' and name 'interbotix_xs_msgs'
[2.182s] Level 1:colcon.colcon_core.package_identification:_identify(urc_ws_interbotix/src/interbotix_xs_sdk) by extensions ['ignore', 'ignore_ament_install']
[2.185s] Level 1:colcon.colcon_core.package_identification:_identify(urc_ws_interbotix/src/interbotix_xs_sdk) by extension 'ignore'
[2.186s] Level 1:colcon.colcon_core.package_identification:_identify(urc_ws_interbotix/src/interbotix_xs_sdk) by extension 'ignore_ament_install'
[2.190s] Level 1:colcon.colcon_core.package_identification:_identify(urc_ws_interbotix/src/interbotix_xs_sdk) by extensions ['colcon_pkg']
[2.190s] Level 1:colcon.colcon_core.package_identification:_identify(urc_ws_interbotix/src/interbotix_xs_sdk) by extension 'colcon_pkg'
[2.195s] Level 1:colcon.colcon_core.package_identification:_identify(urc_ws_interbotix/src/interbotix_xs_sdk) by extensions ['colcon_meta']
[2.195s] Level 1:colcon.colcon_core.package_identification:_identify(urc_ws_interbotix/src/interbotix_xs_sdk) by extension 'colcon_meta'
[2.199s] Level 1:colcon.colcon_core.package_identification:_identify(urc_ws_interbotix/src/interbotix_xs_sdk) by extensions ['ros']
[2.199s] Level 1:colcon.colcon_core.package_identification:_identify(urc_ws_interbotix/src/interbotix_xs_sdk) by extension 'ros'
[2.222s] DEBUG:colcon.colcon_core.package_identification:Package 'urc_ws_interbotix/src/interbotix_xs_sdk' with type 'ros.ament_cmake' and name 'interbotix_xs_sdk'
[2.229s] Level 1:colcon.colcon_core.package_identification:_identify(urc_ws_interbotix/src/interbotix_xsarm_control) by extensions ['ignore', 'ignore_ament_install']
[2.234s] Level 1:colcon.colcon_core.package_identification:_identify(urc_ws_interbotix/src/interbotix_xsarm_control) by extension 'ignore'
[2.237s] Level 1:colcon.colcon_core.package_identification:_identify(urc_ws_interbotix/src/interbotix_xsarm_control) by extension 'ignore_ament_install'
[2.239s] Level 1:colcon.colcon_core.package_identification:_identify(urc_ws_interbotix/src/interbotix_xsarm_control) by extensions ['colcon_pkg']
[2.240s] Level 1:colcon.colcon_core.package_identification:_identify(urc_ws_interbotix/src/interbotix_xsarm_control) by extension 'colcon_pkg'
[2.247s] Level 1:colcon.colcon_core.package_identification:_identify(urc_ws_interbotix/src/interbotix_xsarm_control) by extensions ['colcon_meta']
[2.248s] Level 1:colcon.colcon_core.package_identification:_identify(urc_ws_interbotix/src/interbotix_xsarm_control) by extension 'colcon_meta'
[2.255s] Level 1:colcon.colcon_core.package_identification:_identify(urc_ws_interbotix/src/interbotix_xsarm_control) by extensions ['ros']
[2.255s] Level 1:colcon.colcon_core.package_identification:_identify(urc_ws_interbotix/src/interbotix_xsarm_control) by extension 'ros'
[2.266s] DEBUG:colcon.colcon_core.package_identification:Package 'urc_ws_interbotix/src/interbotix_xsarm_control' with type 'ros.ament_cmake' and name 'interbotix_xsarm_control'
[2.269s] Level 1:colcon.colcon_core.package_identification:_identify(urc_ws_interbotix/src/interbotix_xsarm_descriptions) by extensions ['ignore', 'ignore_ament_install']
[2.271s] Level 1:colcon.colcon_core.package_identification:_identify(urc_ws_interbotix/src/interbotix_xsarm_descriptions) by extension 'ignore'
[2.274s] Level 1:colcon.colcon_core.package_identification:_identify(urc_ws_interbotix/src/interbotix_xsarm_descriptions) by extension 'ignore_ament_install'
[2.281s] Level 1:colcon.colcon_core.package_identification:_identify(urc_ws_interbotix/src/interbotix_xsarm_descriptions) by extensions ['colcon_pkg']
[2.289s] Level 1:colcon.colcon_core.package_identification:_identify(urc_ws_interbotix/src/interbotix_xsarm_descriptions) by extension 'colcon_pkg'
[2.293s] Level 1:colcon.colcon_core.package_identification:_identify(urc_ws_interbotix/src/interbotix_xsarm_descriptions) by extensions ['colcon_meta']
[2.302s] Level 1:colcon.colcon_core.package_identification:_identify(urc_ws_interbotix/src/interbotix_xsarm_descriptions) by extension 'colcon_meta'
[2.308s] Level 1:colcon.colcon_core.package_identification:_identify(urc_ws_interbotix/src/interbotix_xsarm_descriptions) by extensions ['ros']
[2.309s] Level 1:colcon.colcon_core.package_identification:_identify(urc_ws_interbotix/src/interbotix_xsarm_descriptions) by extension 'ros'
[2.335s] DEBUG:colcon.colcon_core.package_identification:Package 'urc_ws_interbotix/src/interbotix_xsarm_descriptions' with type 'ros.ament_cmake' and name 'interbotix_xsarm_descriptions'
[2.339s] Level 1:colcon.colcon_core.package_identification:_identify(urc_ws_interbotix/src/modern_robotics) by extensions ['ignore', 'ignore_ament_install']
[2.340s] Level 1:colcon.colcon_core.package_identification:_identify(urc_ws_interbotix/src/modern_robotics) by extension 'ignore'
[2.344s] Level 1:colcon.colcon_core.package_identification:_identify(urc_ws_interbotix/src/modern_robotics) by extension 'ignore_ament_install'
[2.352s] Level 1:colcon.colcon_core.package_identification:_identify(urc_ws_interbotix/src/modern_robotics) by extensions ['colcon_pkg']
[2.353s] Level 1:colcon.colcon_core.package_identification:_identify(urc_ws_interbotix/src/modern_robotics) by extension 'colcon_pkg'
[2.354s] Level 1:colcon.colcon_core.package_identification:_identify(urc_ws_interbotix/src/modern_robotics) by extensions ['colcon_meta']
[2.354s] Level 1:colcon.colcon_core.package_identification:_identify(urc_ws_interbotix/src/modern_robotics) by extension 'colcon_meta'
[2.355s] Level 1:colcon.colcon_core.package_identification:_identify(urc_ws_interbotix/src/modern_robotics) by extensions ['ros']
[2.356s] Level 1:colcon.colcon_core.package_identification:_identify(urc_ws_interbotix/src/modern_robotics) by extension 'ros'
[2.362s] DEBUG:colcon.colcon_core.package_identification:Package 'urc_ws_interbotix/src/modern_robotics' with type 'ros.ament_python' and name 'modern_robotics'
[2.364s] Level 1:colcon.colcon_core.package_identification:_identify(urc_ws_interbotix/src/piReceiver) by extensions ['ignore', 'ignore_ament_install']
[2.366s] Level 1:colcon.colcon_core.package_identification:_identify(urc_ws_interbotix/src/piReceiver) by extension 'ignore'
[2.367s] Level 1:colcon.colcon_core.package_identification:_identify(urc_ws_interbotix/src/piReceiver) by extension 'ignore_ament_install'
[2.370s] Level 1:colcon.colcon_core.package_identification:_identify(urc_ws_interbotix/src/piReceiver) by extensions ['colcon_pkg']
[2.371s] Level 1:colcon.colcon_core.package_identification:_identify(urc_ws_interbotix/src/piReceiver) by extension 'colcon_pkg'
[2.372s] Level 1:colcon.colcon_core.package_identification:_identify(urc_ws_interbotix/src/piReceiver) by extensions ['colcon_meta']
[2.372s] Level 1:colcon.colcon_core.package_identification:_identify(urc_ws_interbotix/src/piReceiver) by extension 'colcon_meta'
[2.373s] Level 1:colcon.colcon_core.package_identification:_identify(urc_ws_interbotix/src/piReceiver) by extensions ['ros']
[2.374s] Level 1:colcon.colcon_core.package_identification:_identify(urc_ws_interbotix/src/piReceiver) by extension 'ros'
[2.382s] DEBUG:colcon.colcon_core.package_identification:Package 'urc_ws_interbotix/src/piReceiver' with type 'ros.ament_cmake' and name 'piReceiver'
[2.383s] Level 1:colcon.colcon_core.package_identification:_identify(urc_ws_interbotix/src/receiver) by extensions ['ignore', 'ignore_ament_install']
[2.386s] Level 1:colcon.colcon_core.package_identification:_identify(urc_ws_interbotix/src/receiver) by extension 'ignore'
[2.388s] Level 1:colcon.colcon_core.package_identification:_identify(urc_ws_interbotix/src/receiver) by extension 'ignore_ament_install'
[2.390s] Level 1:colcon.colcon_core.package_identification:_identify(urc_ws_interbotix/src/receiver) by extensions ['colcon_pkg']
[2.391s] Level 1:colcon.colcon_core.package_identification:_identify(urc_ws_interbotix/src/receiver) by extension 'colcon_pkg'
[2.393s] Level 1:colcon.colcon_core.package_identification:_identify(urc_ws_interbotix/src/receiver) by extensions ['colcon_meta']
[2.395s] Level 1:colcon.colcon_core.package_identification:_identify(urc_ws_interbotix/src/receiver) by extension 'colcon_meta'
[2.395s] Level 1:colcon.colcon_core.package_identification:_identify(urc_ws_interbotix/src/receiver) by extensions ['ros']
[2.398s] Level 1:colcon.colcon_core.package_identification:_identify(urc_ws_interbotix/src/receiver) by extension 'ros'
[2.402s] DEBUG:colcon.colcon_core.package_identification:Package 'urc_ws_interbotix/src/receiver' with type 'ros.ament_cmake' and name 'receiver'
[2.402s] Level 1:colcon.colcon_core.package_discovery:discover_packages(recursive) using defaults
[2.404s] Level 1:colcon.colcon_core.package_discovery:discover_packages(ignore) discover
[2.404s] Level 1:colcon.colcon_core.package_discovery:discover_packages(ignore) using defaults
[2.405s] Level 1:colcon.colcon_core.package_discovery:discover_packages(path) discover
[2.405s] Level 1:colcon.colcon_core.package_discovery:discover_packages(path) using defaults
[2.613s] INFO:colcon.colcon_core.package_selection:Skipping not selected package 'IMU_control' in 'urc_ws_interbotix/src/IMU_control'
[2.615s] INFO:colcon.colcon_core.package_selection:Skipping not selected package 'dynamixel_sdk' in 'urc_ws_interbotix/src/dynamixel_sdk'
[2.615s] INFO:colcon.colcon_core.package_selection:Skipping not selected package 'dynamixel_sdk_custom_interfaces' in 'urc_ws_interbotix/src/dynamixel_sdk_custom_interfaces'
[2.615s] INFO:colcon.colcon_core.package_selection:Skipping not selected package 'interbotix_common_modules' in 'urc_ws_interbotix/src/interbotix_common_modules'
[2.616s] INFO:colcon.colcon_core.package_selection:Skipping not selected package 'interbotix_xs_msgs' in 'urc_ws_interbotix/src/interbotix_xs_msgs'
[2.616s] INFO:colcon.colcon_core.package_selection:Skipping not selected package 'modern_robotics' in 'urc_ws_interbotix/src/modern_robotics'
[2.616s] INFO:colcon.colcon_core.package_selection:Skipping not selected package 'piReceiver' in 'urc_ws_interbotix/src/piReceiver'
[2.616s] INFO:colcon.colcon_core.package_selection:Skipping not selected package 'receiver' in 'urc_ws_interbotix/src/receiver'
[2.616s] INFO:colcon.colcon_core.package_selection:Skipping not selected package 'dynamixel_workbench_toolbox' in 'urc_ws_interbotix/src/dynamixel-workbench'
[2.616s] INFO:colcon.colcon_core.package_selection:Skipping not selected package 'interbotix_xs_driver' in 'urc_ws_interbotix/src/interbotix_xs_driver'
[2.617s] INFO:colcon.colcon_core.package_selection:Skipping not selected package 'interbotix_xs_sdk' in 'urc_ws_interbotix/src/interbotix_xs_sdk'
[2.618s] INFO:colcon.colcon_core.package_selection:Skipping not selected package 'interbotix_xs_modules' in 'urc_ws_interbotix/src/interbotix_xs_modules'
[2.618s] INFO:colcon.colcon_core.package_selection:Skipping not selected package 'interbotix_xsarm_descriptions' in 'urc_ws_interbotix/src/interbotix_xsarm_descriptions'
[2.622s] Level 1:colcon.colcon_core.package_discovery:discover_packages(prefix_path) check parameters
[2.622s] Level 1:colcon.colcon_core.package_discovery:discover_packages(prefix_path) discover
[2.652s] DEBUG:colcon.colcon_installed_package_information.package_discovery:Found 14 installed packages in /home/admin1/URC/install
[2.665s] DEBUG:colcon.colcon_installed_package_information.package_discovery:Found 288 installed packages in /opt/ros/jazzy
[2.672s] Level 1:colcon.colcon_core.package_discovery:discover_packages(prefix_path) using defaults
[3.210s] Level 5:colcon.colcon_core.verb:set package 'interbotix_xsarm_control' build argument 'cmake_args' from command line to 'None'
[3.210s] Level 5:colcon.colcon_core.verb:set package 'interbotix_xsarm_control' build argument 'cmake_target' from command line to 'None'
[3.211s] Level 5:colcon.colcon_core.verb:set package 'interbotix_xsarm_control' build argument 'cmake_target_skip_unavailable' from command line to 'False'
[3.211s] Level 5:colcon.colcon_core.verb:set package 'interbotix_xsarm_control' build argument 'cmake_clean_cache' from command line to 'False'
[3.211s] Level 5:colcon.colcon_core.verb:set package 'interbotix_xsarm_control' build argument 'cmake_clean_first' from command line to 'False'
[3.211s] Level 5:colcon.colcon_core.verb:set package 'interbotix_xsarm_control' build argument 'cmake_force_configure' from command line to 'False'
[3.212s] Level 5:colcon.colcon_core.verb:set package 'interbotix_xsarm_control' build argument 'ament_cmake_args' from command line to 'None'
[3.212s] Level 5:colcon.colcon_core.verb:set package 'interbotix_xsarm_control' build argument 'catkin_cmake_args' from command line to 'None'
[3.212s] Level 5:colcon.colcon_core.verb:set package 'interbotix_xsarm_control' build argument 'catkin_skip_building_tests' from command line to 'False'
[3.212s] DEBUG:colcon.colcon_core.verb:Building package 'interbotix_xsarm_control' with the following arguments: {'ament_cmake_args': None, 'build_base': '/home/admin1/URC/build/interbotix_xsarm_control', 'catkin_cmake_args': None, 'catkin_skip_building_tests': False, 'cmake_args': None, 'cmake_clean_cache': False, 'cmake_clean_first': False, 'cmake_force_configure': False, 'cmake_target': None, 'cmake_target_skip_unavailable': False, 'install_base': '/home/admin1/URC/install/interbotix_xsarm_control', 'merge_install': False, 'path': '/home/admin1/URC/urc_ws_interbotix/src/interbotix_xsarm_control', 'symlink_install': False, 'test_result_base': None}
[3.213s] INFO:colcon.colcon_core.executor:Executing jobs using 'parallel' executor
[3.219s] DEBUG:colcon.colcon_parallel_executor.executor.parallel:run_until_complete
[3.222s] INFO:colcon.colcon_ros.task.ament_cmake.build:Building ROS package in '/home/admin1/URC/urc_ws_interbotix/src/interbotix_xsarm_control' with build type 'ament_cmake'
[3.224s] INFO:colcon.colcon_cmake.task.cmake.build:Building CMake package in '/home/admin1/URC/urc_ws_interbotix/src/interbotix_xsarm_control'
[3.275s] INFO:colcon.colcon_core.plugin_system:Skipping extension 'colcon_core.shell.bat': Not used on non-Windows systems
[3.278s] INFO:colcon.colcon_core.shell:Skip shell extension 'powershell' for command environment: Not usable outside of PowerShell
[3.280s] DEBUG:colcon.colcon_core.shell:Skip shell extension 'dsv' for command environment
[3.601s] DEBUG:colcon.colcon_core.event_handler.log_command:Invoking command in '/home/admin1/URC/build/interbotix_xsarm_control': AMENT_PREFIX_PATH=/home/admin1/URC/install/interbotix_xs_modules:/home/admin1/URC/install/interbotix_common_modules:/home/admin1/URC/install/receiver:/home/admin1/URC/install/piReceiver:/home/admin1/URC/install/modern_robotics:/home/admin1/URC/install/interbotix_xsarm_control:/home/admin1/URC/install/interbotix_xsarm_descriptions:/home/admin1/URC/install/interbotix_xs_sdk:/home/admin1/URC/install/interbotix_xs_msgs:/home/admin1/URC/install/interbotix_xs_driver:/home/admin1/URC/install/dynamixel_workbench_toolbox:/home/admin1/URC/install/dynamixel_sdk_custom_interfaces:/home/admin1/URC/install/dynamixel_sdk:/home/admin1/URC/install/IMU_control:/opt/ros/jazzy CMAKE_PREFIX_PATH=/home/admin1/URC/install/interbotix_xsarm_descriptions:/home/admin1/URC/install/interbotix_xs_sdk:/home/admin1/URC/install/interbotix_xs_driver:/home/admin1/URC/install/dynamixel_workbench_toolbox:/home/admin1/URC/install/interbotix_xs_msgs:/home/admin1/URC/install/dynamixel_sdk:/home/admin1/URC/install/receiver:/home/admin1/URC/install/piReceiver:/home/admin1/URC/install/interbotix_xsarm_control:/home/admin1/URC/install/dynamixel_sdk_custom_interfaces:/opt/ros/jazzy/opt/gz_math_vendor:/opt/ros/jazzy/opt/gz_utils_vendor:/opt/ros/jazzy/opt/gz_cmake_vendor:/home/admin1/URC/install/modern_robotics:/home/admin1/URC/install/interbotix_xs_modules:/home/admin1/URC/install/interbotix_common_modules:/home/admin1/URC/install/IMU_control:/opt/ros/jazzy DEBUGINFOD_URLS=https://debuginfod.ubuntu.com LD_LIBRARY_PATH=/home/admin1/URC/install/interbotix_xs_driver/lib:/home/admin1/URC/install/dynamixel_workbench_toolbox/lib:/home/admin1/URC/install/interbotix_xs_msgs/lib:/home/admin1/URC/install/dynamixel_sdk/lib:/home/admin1/URC/install/dynamixel_sdk_custom_interfaces/lib:/opt/ros/jazzy/opt/rviz_ogre_vendor/lib:/opt/ros/jazzy/lib/aarch64-linux-gnu:/opt/ros/jazzy/opt/gz_math_vendor/lib:/opt/ros/jazzy/opt/gz_utils_vendor/lib:/opt/ros/jazzy/opt/gz_cmake_vendor/lib:/opt/ros/jazzy/lib PYTHONPATH=/home/admin1/URC/install/interbotix_xs_modules/lib/python3.12/site-packages:/home/admin1/URC/install/interbotix_xs_msgs/lib/python3.12/site-packages:/home/admin1/URC/install/interbotix_common_modules/lib/python3.12/site-packages:/home/admin1/URC/install/dynamixel_sdk/lib/python3.12/site-packages:/home/admin1/URC/install/modern_robotics/lib/python3.12/site-packages:/home/admin1/URC/install/dynamixel_sdk_custom_interfaces/lib/python3.12/site-packages:/home/admin1/URC/install/IMU_control/lib/python3.12/site-packages:/opt/ros/jazzy/lib/python3.12/site-packages /usr/bin/cmake --build /home/admin1/URC/build/interbotix_xsarm_control -- -j4 -l4
[4.338s] DEBUG:colcon.colcon_core.event_handler.log_command:Invoked command in '/home/admin1/URC/build/interbotix_xsarm_control' returned '0': AMENT_PREFIX_PATH=/home/admin1/URC/install/interbotix_xs_modules:/home/admin1/URC/install/interbotix_common_modules:/home/admin1/URC/install/receiver:/home/admin1/URC/install/piReceiver:/home/admin1/URC/install/modern_robotics:/home/admin1/URC/install/interbotix_xsarm_control:/home/admin1/URC/install/interbotix_xsarm_descriptions:/home/admin1/URC/install/interbotix_xs_sdk:/home/admin1/URC/install/interbotix_xs_msgs:/home/admin1/URC/install/interbotix_xs_driver:/home/admin1/URC/install/dynamixel_workbench_toolbox:/home/admin1/URC/install/dynamixel_sdk_custom_interfaces:/home/admin1/URC/install/dynamixel_sdk:/home/admin1/URC/install/IMU_control:/opt/ros/jazzy CMAKE_PREFIX_PATH=/home/admin1/URC/install/interbotix_xsarm_descriptions:/home/admin1/URC/install/interbotix_xs_sdk:/home/admin1/URC/install/interbotix_xs_driver:/home/admin1/URC/install/dynamixel_workbench_toolbox:/home/admin1/URC/install/interbotix_xs_msgs:/home/admin1/URC/install/dynamixel_sdk:/home/admin1/URC/install/receiver:/home/admin1/URC/install/piReceiver:/home/admin1/URC/install/interbotix_xsarm_control:/home/admin1/URC/install/dynamixel_sdk_custom_interfaces:/opt/ros/jazzy/opt/gz_math_vendor:/opt/ros/jazzy/opt/gz_utils_vendor:/opt/ros/jazzy/opt/gz_cmake_vendor:/home/admin1/URC/install/modern_robotics:/home/admin1/URC/install/interbotix_xs_modules:/home/admin1/URC/install/interbotix_common_modules:/home/admin1/URC/install/IMU_control:/opt/ros/jazzy DEBUGINFOD_URLS=https://debuginfod.ubuntu.com LD_LIBRARY_PATH=/home/admin1/URC/install/interbotix_xs_driver/lib:/home/admin1/URC/install/dynamixel_workbench_toolbox/lib:/home/admin1/URC/install/interbotix_xs_msgs/lib:/home/admin1/URC/install/dynamixel_sdk/lib:/home/admin1/URC/install/dynamixel_sdk_custom_interfaces/lib:/opt/ros/jazzy/opt/rviz_ogre_vendor/lib:/opt/ros/jazzy/lib/aarch64-linux-gnu:/opt/ros/jazzy/opt/gz_math_vendor/lib:/opt/ros/jazzy/opt/gz_utils_vendor/lib:/opt/ros/jazzy/opt/gz_cmake_vendor/lib:/opt/ros/jazzy/lib PYTHONPATH=/home/admin1/URC/install/interbotix_xs_modules/lib/python3.12/site-packages:/home/admin1/URC/install/interbotix_xs_msgs/lib/python3.12/site-packages:/home/admin1/URC/install/interbotix_common_modules/lib/python3.12/site-packages:/home/admin1/URC/install/dynamixel_sdk/lib/python3.12/site-packages:/home/admin1/URC/install/modern_robotics/lib/python3.12/site-packages:/home/admin1/URC/install/dynamixel_sdk_custom_interfaces/lib/python3.12/site-packages:/home/admin1/URC/install/IMU_control/lib/python3.12/site-packages:/opt/ros/jazzy/lib/python3.12/site-packages /usr/bin/cmake --build /home/admin1/URC/build/interbotix_xsarm_control -- -j4 -l4
[4.476s] DEBUG:colcon.colcon_core.event_handler.log_command:Invoking command in '/home/admin1/URC/build/interbotix_xsarm_control': AMENT_PREFIX_PATH=/home/admin1/URC/install/interbotix_xs_modules:/home/admin1/URC/install/interbotix_common_modules:/home/admin1/URC/install/receiver:/home/admin1/URC/install/piReceiver:/home/admin1/URC/install/modern_robotics:/home/admin1/URC/install/interbotix_xsarm_control:/home/admin1/URC/install/interbotix_xsarm_descriptions:/home/admin1/URC/install/interbotix_xs_sdk:/home/admin1/URC/install/interbotix_xs_msgs:/home/admin1/URC/install/interbotix_xs_driver:/home/admin1/URC/install/dynamixel_workbench_toolbox:/home/admin1/URC/install/dynamixel_sdk_custom_interfaces:/home/admin1/URC/install/dynamixel_sdk:/home/admin1/URC/install/IMU_control:/opt/ros/jazzy CMAKE_PREFIX_PATH=/home/admin1/URC/install/interbotix_xsarm_descriptions:/home/admin1/URC/install/interbotix_xs_sdk:/home/admin1/URC/install/interbotix_xs_driver:/home/admin1/URC/install/dynamixel_workbench_toolbox:/home/admin1/URC/install/interbotix_xs_msgs:/home/admin1/URC/install/dynamixel_sdk:/home/admin1/URC/install/receiver:/home/admin1/URC/install/piReceiver:/home/admin1/URC/install/interbotix_xsarm_control:/home/admin1/URC/install/dynamixel_sdk_custom_interfaces:/opt/ros/jazzy/opt/gz_math_vendor:/opt/ros/jazzy/opt/gz_utils_vendor:/opt/ros/jazzy/opt/gz_cmake_vendor:/home/admin1/URC/install/modern_robotics:/home/admin1/URC/install/interbotix_xs_modules:/home/admin1/URC/install/interbotix_common_modules:/home/admin1/URC/install/IMU_control:/opt/ros/jazzy DEBUGINFOD_URLS=https://debuginfod.ubuntu.com LD_LIBRARY_PATH=/home/admin1/URC/install/interbotix_xs_driver/lib:/home/admin1/URC/install/dynamixel_workbench_toolbox/lib:/home/admin1/URC/install/interbotix_xs_msgs/lib:/home/admin1/URC/install/dynamixel_sdk/lib:/home/admin1/URC/install/dynamixel_sdk_custom_interfaces/lib:/opt/ros/jazzy/opt/rviz_ogre_vendor/lib:/opt/ros/jazzy/lib/aarch64-linux-gnu:/opt/ros/jazzy/opt/gz_math_vendor/lib:/opt/ros/jazzy/opt/gz_utils_vendor/lib:/opt/ros/jazzy/opt/gz_cmake_vendor/lib:/opt/ros/jazzy/lib PYTHONPATH=/home/admin1/URC/install/interbotix_xs_modules/lib/python3.12/site-packages:/home/admin1/URC/install/interbotix_xs_msgs/lib/python3.12/site-packages:/home/admin1/URC/install/interbotix_common_modules/lib/python3.12/site-packages:/home/admin1/URC/install/dynamixel_sdk/lib/python3.12/site-packages:/home/admin1/URC/install/modern_robotics/lib/python3.12/site-packages:/home/admin1/URC/install/dynamixel_sdk_custom_interfaces/lib/python3.12/site-packages:/home/admin1/URC/install/IMU_control/lib/python3.12/site-packages:/opt/ros/jazzy/lib/python3.12/site-packages /usr/bin/cmake --install /home/admin1/URC/build/interbotix_xsarm_control
[4.737s] Level 1:colcon.colcon_core.environment:create_environment_scripts_only(interbotix_xsarm_control)
[4.788s] DEBUG:colcon.colcon_core.event_handler.log_command:Invoked command in '/home/admin1/URC/build/interbotix_xsarm_control' returned '0': AMENT_PREFIX_PATH=/home/admin1/URC/install/interbotix_xs_modules:/home/admin1/URC/install/interbotix_common_modules:/home/admin1/URC/install/receiver:/home/admin1/URC/install/piReceiver:/home/admin1/URC/install/modern_robotics:/home/admin1/URC/install/interbotix_xsarm_control:/home/admin1/URC/install/interbotix_xsarm_descriptions:/home/admin1/URC/install/interbotix_xs_sdk:/home/admin1/URC/install/interbotix_xs_msgs:/home/admin1/URC/install/interbotix_xs_driver:/home/admin1/URC/install/dynamixel_workbench_toolbox:/home/admin1/URC/install/dynamixel_sdk_custom_interfaces:/home/admin1/URC/install/dynamixel_sdk:/home/admin1/URC/install/IMU_control:/opt/ros/jazzy CMAKE_PREFIX_PATH=/home/admin1/URC/install/interbotix_xsarm_descriptions:/home/admin1/URC/install/interbotix_xs_sdk:/home/admin1/URC/install/interbotix_xs_driver:/home/admin1/URC/install/dynamixel_workbench_toolbox:/home/admin1/URC/install/interbotix_xs_msgs:/home/admin1/URC/install/dynamixel_sdk:/home/admin1/URC/install/receiver:/home/admin1/URC/install/piReceiver:/home/admin1/URC/install/interbotix_xsarm_control:/home/admin1/URC/install/dynamixel_sdk_custom_interfaces:/opt/ros/jazzy/opt/gz_math_vendor:/opt/ros/jazzy/opt/gz_utils_vendor:/opt/ros/jazzy/opt/gz_cmake_vendor:/home/admin1/URC/install/modern_robotics:/home/admin1/URC/install/interbotix_xs_modules:/home/admin1/URC/install/interbotix_common_modules:/home/admin1/URC/install/IMU_control:/opt/ros/jazzy DEBUGINFOD_URLS=https://debuginfod.ubuntu.com LD_LIBRARY_PATH=/home/admin1/URC/install/interbotix_xs_driver/lib:/home/admin1/URC/install/dynamixel_workbench_toolbox/lib:/home/admin1/URC/install/interbotix_xs_msgs/lib:/home/admin1/URC/install/dynamixel_sdk/lib:/home/admin1/URC/install/dynamixel_sdk_custom_interfaces/lib:/opt/ros/jazzy/opt/rviz_ogre_vendor/lib:/opt/ros/jazzy/lib/aarch64-linux-gnu:/opt/ros/jazzy/opt/gz_math_vendor/lib:/opt/ros/jazzy/opt/gz_utils_vendor/lib:/opt/ros/jazzy/opt/gz_cmake_vendor/lib:/opt/ros/jazzy/lib PYTHONPATH=/home/admin1/URC/install/interbotix_xs_modules/lib/python3.12/site-packages:/home/admin1/URC/install/interbotix_xs_msgs/lib/python3.12/site-packages:/home/admin1/URC/install/interbotix_common_modules/lib/python3.12/site-packages:/home/admin1/URC/install/dynamixel_sdk/lib/python3.12/site-packages:/home/admin1/URC/install/modern_robotics/lib/python3.12/site-packages:/home/admin1/URC/install/dynamixel_sdk_custom_interfaces/lib/python3.12/site-packages:/home/admin1/URC/install/IMU_control/lib/python3.12/site-packages:/opt/ros/jazzy/lib/python3.12/site-packages /usr/bin/cmake --install /home/admin1/URC/build/interbotix_xsarm_control
[4.822s] Level 1:colcon.colcon_core.environment:checking '/home/admin1/URC/install/interbotix_xsarm_control' for CMake module files
[4.833s] Level 1:colcon.colcon_core.environment:checking '/home/admin1/URC/install/interbotix_xsarm_control' for CMake config files
[4.843s] Level 1:colcon.colcon_core.shell:create_environment_hook('interbotix_xsarm_control', 'cmake_prefix_path')
[4.849s] INFO:colcon.colcon_core.shell:Creating environment hook '/home/admin1/URC/install/interbotix_xsarm_control/share/interbotix_xsarm_control/hook/cmake_prefix_path.ps1'
[4.856s] INFO:colcon.colcon_core.shell:Creating environment descriptor '/home/admin1/URC/install/interbotix_xsarm_control/share/interbotix_xsarm_control/hook/cmake_prefix_path.dsv'
[4.861s] INFO:colcon.colcon_core.shell:Creating environment hook '/home/admin1/URC/install/interbotix_xsarm_control/share/interbotix_xsarm_control/hook/cmake_prefix_path.sh'
[4.875s] Level 1:colcon.colcon_core.environment:checking '/home/admin1/URC/install/interbotix_xsarm_control/lib'
[4.876s] Level 1:colcon.colcon_core.environment:checking '/home/admin1/URC/install/interbotix_xsarm_control/bin'
[4.878s] Level 1:colcon.colcon_core.environment:checking '/home/admin1/URC/install/interbotix_xsarm_control/lib/pkgconfig/interbotix_xsarm_control.pc'
[4.880s] Level 1:colcon.colcon_core.environment:checking '/home/admin1/URC/install/interbotix_xsarm_control/lib/python3.12/site-packages'
[4.884s] Level 1:colcon.colcon_core.environment:checking '/home/admin1/URC/install/interbotix_xsarm_control/bin'
[4.887s] INFO:colcon.colcon_core.shell:Creating package script '/home/admin1/URC/install/interbotix_xsarm_control/share/interbotix_xsarm_control/package.ps1'
[4.896s] INFO:colcon.colcon_core.shell:Creating package descriptor '/home/admin1/URC/install/interbotix_xsarm_control/share/interbotix_xsarm_control/package.dsv'
[4.917s] INFO:colcon.colcon_core.shell:Creating package script '/home/admin1/URC/install/interbotix_xsarm_control/share/interbotix_xsarm_control/package.sh'
[4.930s] INFO:colcon.colcon_core.shell:Creating package script '/home/admin1/URC/install/interbotix_xsarm_control/share/interbotix_xsarm_control/package.bash'
[4.941s] INFO:colcon.colcon_core.shell:Creating package script '/home/admin1/URC/install/interbotix_xsarm_control/share/interbotix_xsarm_control/package.zsh'
[4.951s] Level 1:colcon.colcon_core.environment:create_file_with_runtime_dependencies(/home/admin1/URC/install/interbotix_xsarm_control/share/colcon-core/packages/interbotix_xsarm_control)
[4.969s] Level 1:colcon.colcon_core.environment:create_environment_scripts_only(interbotix_xsarm_control)
[4.971s] Level 1:colcon.colcon_core.environment:checking '/home/admin1/URC/install/interbotix_xsarm_control' for CMake module files
[4.979s] Level 1:colcon.colcon_core.environment:checking '/home/admin1/URC/install/interbotix_xsarm_control' for CMake config files
[4.982s] Level 1:colcon.colcon_core.shell:create_environment_hook('interbotix_xsarm_control', 'cmake_prefix_path')
[4.985s] INFO:colcon.colcon_core.shell:Creating environment hook '/home/admin1/URC/install/interbotix_xsarm_control/share/interbotix_xsarm_control/hook/cmake_prefix_path.ps1'
[4.994s] INFO:colcon.colcon_core.shell:Creating environment descriptor '/home/admin1/URC/install/interbotix_xsarm_control/share/interbotix_xsarm_control/hook/cmake_prefix_path.dsv'
[5.005s] INFO:colcon.colcon_core.shell:Creating environment hook '/home/admin1/URC/install/interbotix_xsarm_control/share/interbotix_xsarm_control/hook/cmake_prefix_path.sh'
[5.012s] Level 1:colcon.colcon_core.environment:checking '/home/admin1/URC/install/interbotix_xsarm_control/lib'
[5.014s] Level 1:colcon.colcon_core.environment:checking '/home/admin1/URC/install/interbotix_xsarm_control/bin'
[5.016s] Level 1:colcon.colcon_core.environment:checking '/home/admin1/URC/install/interbotix_xsarm_control/lib/pkgconfig/interbotix_xsarm_control.pc'
[5.019s] Level 1:colcon.colcon_core.environment:checking '/home/admin1/URC/install/interbotix_xsarm_control/lib/python3.12/site-packages'
[5.027s] Level 1:colcon.colcon_core.environment:checking '/home/admin1/URC/install/interbotix_xsarm_control/bin'
[5.030s] INFO:colcon.colcon_core.shell:Creating package script '/home/admin1/URC/install/interbotix_xsarm_control/share/interbotix_xsarm_control/package.ps1'
[5.042s] INFO:colcon.colcon_core.shell:Creating package descriptor '/home/admin1/URC/install/interbotix_xsarm_control/share/interbotix_xsarm_control/package.dsv'
[5.050s] INFO:colcon.colcon_core.shell:Creating package script '/home/admin1/URC/install/interbotix_xsarm_control/share/interbotix_xsarm_control/package.sh'
[5.053s] INFO:colcon.colcon_core.shell:Creating package script '/home/admin1/URC/install/interbotix_xsarm_control/share/interbotix_xsarm_control/package.bash'
[5.056s] INFO:colcon.colcon_core.shell:Creating package script '/home/admin1/URC/install/interbotix_xsarm_control/share/interbotix_xsarm_control/package.zsh'
[5.059s] Level 1:colcon.colcon_core.environment:create_file_with_runtime_dependencies(/home/admin1/URC/install/interbotix_xsarm_control/share/colcon-core/packages/interbotix_xsarm_control)
[5.061s] DEBUG:colcon.colcon_parallel_executor.executor.parallel:closing loop
[5.065s] DEBUG:colcon.colcon_parallel_executor.executor.parallel:loop closed
[5.066s] DEBUG:colcon.colcon_parallel_executor.executor.parallel:run_until_complete finished with '0'
[5.070s] DEBUG:colcon.colcon_core.event_reactor:joining thread
[5.149s] INFO:colcon.colcon_core.plugin_system:Skipping extension 'colcon_notification.desktop_notification.terminal_notifier': Not used on non-Darwin systems
[5.151s] INFO:colcon.colcon_core.plugin_system:Skipping extension 'colcon_notification.desktop_notification.win32': Not used on non-Windows systems
[5.154s] INFO:colcon.colcon_notification.desktop_notification:Sending desktop notification using 'notify2'
[5.399s] DEBUG:colcon.colcon_core.event_reactor:joined thread
[5.401s] INFO:colcon.colcon_core.shell:Creating prefix script '/home/admin1/URC/install/local_setup.ps1'
[5.406s] INFO:colcon.colcon_core.shell:Creating prefix util module '/home/admin1/URC/install/_local_setup_util_ps1.py'
[5.418s] INFO:colcon.colcon_core.shell:Creating prefix chain script '/home/admin1/URC/install/setup.ps1'
[5.439s] INFO:colcon.colcon_core.shell:Creating prefix script '/home/admin1/URC/install/local_setup.sh'
[5.448s] INFO:colcon.colcon_core.shell:Creating prefix util module '/home/admin1/URC/install/_local_setup_util_sh.py'
[5.460s] INFO:colcon.colcon_core.shell:Creating prefix chain script '/home/admin1/URC/install/setup.sh'
[5.486s] INFO:colcon.colcon_core.shell:Creating prefix script '/home/admin1/URC/install/local_setup.bash'
[5.490s] INFO:colcon.colcon_core.shell:Creating prefix chain script '/home/admin1/URC/install/setup.bash'
[5.521s] INFO:colcon.colcon_core.shell:Creating prefix script '/home/admin1/URC/install/local_setup.zsh'
[5.528s] INFO:colcon.colcon_core.shell:Creating prefix chain script '/home/admin1/URC/install/setup.zsh'
