[13.038s] Invoking command in '/home/admin1/URC/urc_ws_interbotix/src/IMU_control': DEBUGINFOD_URLS=https://debuginfod.ubuntu.com PYTHONPATH=/home/admin1/URC/build/IMU_control/prefix_override:/usr/lib/python3/dist-packages/colcon_core/task/python/colcon_distutils_commands:/home/admin1/URC/install/IMU_control/lib/python3.12/site-packages:${PYTHONPATH} /usr/bin/python3 -W ignore:setup.py install is deprecated -W ignore:easy_install command is deprecated setup.py egg_info --egg-base ../../../build/IMU_control build --build-base /home/admin1/URC/build/IMU_control/build install --record /home/admin1/URC/build/IMU_control/install.log --single-version-externally-managed install_data
[15.298s] running egg_info
[15.493s] writing ../../../build/IMU_control/IMU_control.egg-info/PKG-INFO
[15.495s] writing dependency_links to ../../../build/IMU_control/IMU_control.egg-info/dependency_links.txt
[15.500s] writing entry points to ../../../build/IMU_control/IMU_control.egg-info/entry_points.txt
[15.502s] writing requirements to ../../../build/IMU_control/IMU_control.egg-info/requires.txt
[15.506s] writing top-level names to ../../../build/IMU_control/IMU_control.egg-info/top_level.txt
[15.965s] reading manifest file '../../../build/IMU_control/IMU_control.egg-info/SOURCES.txt'
[15.971s] writing manifest file '../../../build/IMU_control/IMU_control.egg-info/SOURCES.txt'
[15.972s] running build
[15.972s] running build_py
[15.973s] running install
[16.004s] running install_lib
[16.208s] running install_data
[16.209s] running install_egg_info
[16.393s] removing '/home/admin1/URC/install/IMU_control/lib/python3.12/site-packages/IMU_control-0.0.0-py3.12.egg-info' (and everything under it)
[16.394s] Copying ../../../build/IMU_control/IMU_control.egg-info to /home/admin1/URC/install/IMU_control/lib/python3.12/site-packages/IMU_control-0.0.0-py3.12.egg-info
[16.409s] running install_scripts
[17.443s] Installing IMU_control script to /home/admin1/URC/install/IMU_control/lib/IMU_control
[17.444s] writing list of installed files to '/home/admin1/URC/build/IMU_control/install.log'
[17.683s] Invoked command in '/home/admin1/URC/urc_ws_interbotix/src/IMU_control' returned '0': DEBUGINFOD_URLS=https://debuginfod.ubuntu.com PYTHONPATH=/home/admin1/URC/build/IMU_control/prefix_override:/usr/lib/python3/dist-packages/colcon_core/task/python/colcon_distutils_commands:/home/admin1/URC/install/IMU_control/lib/python3.12/site-packages:${PYTHONPATH} /usr/bin/python3 -W ignore:setup.py install is deprecated -W ignore:easy_install command is deprecated setup.py egg_info --egg-base ../../../build/IMU_control build --build-base /home/admin1/URC/build/IMU_control/build install --record /home/admin1/URC/build/IMU_control/install.log --single-version-externally-managed install_data
