[0.334s] Invoking command in '/home/admin1/URC/build/dynamixel_sdk': CMAKE_PREFIX_PATH=${CMAKE_PREFIX_PATH}:/opt/ros/jazzy DEBUGINFOD_URLS=https://debuginfod.ubuntu.com /usr/bin/cmake --build /home/admin1/URC/build/dynamixel_sdk -- -j4 -l4
[5.923s] [100%] Built target dynamixel_sdk
[5.936s] [100%] Built target ament_cmake_python_copy_dynamixel_easy_sdk
[5.943s] [100%] Built target ament_cmake_python_copy_dynamixel_sdk
[9.209s] running egg_info
[10.356s] writing dynamixel_easy_sdk.egg-info/PKG-INFO
[10.361s] writing dependency_links to dynamixel_easy_sdk.egg-info/dependency_links.txt
[10.377s] writing top-level names to dynamixel_easy_sdk.egg-info/top_level.txt
[12.138s] reading manifest file 'dynamixel_easy_sdk.egg-info/SOURCES.txt'
[12.150s] writing manifest file 'dynamixel_easy_sdk.egg-info/SOURCES.txt'
[12.591s] [100%] Built target ament_cmake_python_build_dynamixel_easy_sdk_egg
[14.847s] running egg_info
[15.192s] writing dynamixel_sdk.egg-info/PKG-INFO
[15.194s] writing dependency_links to dynamixel_sdk.egg-info/dependency_links.txt
[15.201s] writing top-level names to dynamixel_sdk.egg-info/top_level.txt
[16.169s] reading manifest file 'dynamixel_sdk.egg-info/SOURCES.txt'
[16.171s] writing manifest file 'dynamixel_sdk.egg-info/SOURCES.txt'
[16.602s] [100%] Built target ament_cmake_python_build_dynamixel_sdk_egg
[16.773s] Invoked command in '/home/admin1/URC/build/dynamixel_sdk' returned '0': CMAKE_PREFIX_PATH=${CMAKE_PREFIX_PATH}:/opt/ros/jazzy DEBUGINFOD_URLS=https://debuginfod.ubuntu.com /usr/bin/cmake --build /home/admin1/URC/build/dynamixel_sdk -- -j4 -l4
[16.803s] Invoking command in '/home/admin1/URC/build/dynamixel_sdk': CMAKE_PREFIX_PATH=${CMAKE_PREFIX_PATH}:/opt/ros/jazzy DEBUGINFOD_URLS=https://debuginfod.ubuntu.com /usr/bin/cmake --install /home/admin1/URC/build/dynamixel_sdk
[16.980s] -- Install configuration: ""
[16.983s] -- Up-to-date: /home/admin1/URC/install/dynamixel_sdk/include/
[17.005s] -- Up-to-date: /home/admin1/URC/install/dynamixel_sdk/include//dynamixel_easy_sdk
[17.008s] -- Up-to-date: /home/admin1/URC/install/dynamixel_sdk/include//dynamixel_easy_sdk/connector.hpp
[17.012s] -- Up-to-date: /home/admin1/URC/install/dynamixel_sdk/include//dynamixel_easy_sdk/control_table.hpp
[17.023s] -- Up-to-date: /home/admin1/URC/install/dynamixel_sdk/include//dynamixel_easy_sdk/dynamixel_error.hpp
[17.026s] -- Up-to-date: /home/admin1/URC/install/dynamixel_sdk/include//dynamixel_easy_sdk/motor.hpp
[17.026s] -- Up-to-date: /home/admin1/URC/install/dynamixel_sdk/include//dynamixel_easy_sdk/dynamixel_easy_sdk.hpp
[17.027s] -- Up-to-date: /home/admin1/URC/install/dynamixel_sdk/include//dynamixel_easy_sdk/data_types.hpp
[17.031s] -- Up-to-date: /home/admin1/URC/install/dynamixel_sdk/include//dynamixel_easy_sdk/group_executor.hpp
[17.035s] -- Up-to-date: /home/admin1/URC/install/dynamixel_sdk/include//dynamixel_sdk
[17.036s] -- Up-to-date: /home/admin1/URC/install/dynamixel_sdk/include//dynamixel_sdk/group_bulk_read.h
[17.037s] -- Up-to-date: /home/admin1/URC/install/dynamixel_sdk/include//dynamixel_sdk/group_handler.h
[17.041s] -- Up-to-date: /home/admin1/URC/install/dynamixel_sdk/include//dynamixel_sdk/group_bulk_write.h
[17.049s] -- Up-to-date: /home/admin1/URC/install/dynamixel_sdk/include//dynamixel_sdk/port_handler_windows.h
[17.056s] -- Up-to-date: /home/admin1/URC/install/dynamixel_sdk/include//dynamixel_sdk/group_sync_write.h
[17.062s] -- Up-to-date: /home/admin1/URC/install/dynamixel_sdk/include//dynamixel_sdk/protocol1_packet_handler.h
[17.071s] -- Up-to-date: /home/admin1/URC/install/dynamixel_sdk/include//dynamixel_sdk/packet_handler.h
[17.082s] -- Up-to-date: /home/admin1/URC/install/dynamixel_sdk/include//dynamixel_sdk/group_fast_sync_read.h
[17.084s] -- Up-to-date: /home/admin1/URC/install/dynamixel_sdk/include//dynamixel_sdk/port_handler.h
[17.089s] -- Up-to-date: /home/admin1/URC/install/dynamixel_sdk/include//dynamixel_sdk/port_handler_linux.h
[17.102s] -- Up-to-date: /home/admin1/URC/install/dynamixel_sdk/include//dynamixel_sdk/group_sync_read.h
[17.103s] -- Up-to-date: /home/admin1/URC/install/dynamixel_sdk/include//dynamixel_sdk/port_handler_mac.h
[17.103s] -- Up-to-date: /home/admin1/URC/install/dynamixel_sdk/include//dynamixel_sdk/dynamixel_sdk.h
[17.108s] -- Up-to-date: /home/admin1/URC/install/dynamixel_sdk/include//dynamixel_sdk/port_handler_arduino.h
[17.110s] -- Up-to-date: /home/admin1/URC/install/dynamixel_sdk/include//dynamixel_sdk/protocol2_packet_handler.h
[17.110s] -- Up-to-date: /home/admin1/URC/install/dynamixel_sdk/include//dynamixel_sdk/group_fast_bulk_read.h
[17.118s] -- Up-to-date: /home/admin1/URC/install/dynamixel_sdk/lib/libdynamixel_sdk.so
[17.126s] -- Up-to-date: /home/admin1/URC/install/dynamixel_sdk/share/dynamixel_sdk/control_table
[17.128s] -- Up-to-date: /home/admin1/URC/install/dynamixel_sdk/share/dynamixel_sdk/control_table/xl330_m288.model
[17.150s] -- Up-to-date: /home/admin1/URC/install/dynamixel_sdk/share/dynamixel_sdk/control_table/xl430_w250.model
[17.155s] -- Up-to-date: /home/admin1/URC/install/dynamixel_sdk/share/dynamixel_sdk/control_table/xd430_t350.model
[17.165s] -- Up-to-date: /home/admin1/URC/install/dynamixel_sdk/share/dynamixel_sdk/control_table/xl330_m288_fw52.model
[17.167s] -- Up-to-date: /home/admin1/URC/install/dynamixel_sdk/share/dynamixel_sdk/control_table/2xc430_w250.model
[17.167s] -- Up-to-date: /home/admin1/URC/install/dynamixel_sdk/share/dynamixel_sdk/control_table/xc430_w240.model
[17.176s] -- Up-to-date: /home/admin1/URC/install/dynamixel_sdk/share/dynamixel_sdk/control_table/m54_40_s250_ra.model
[17.177s] -- Up-to-date: /home/admin1/URC/install/dynamixel_sdk/share/dynamixel_sdk/control_table/h54_200_s500_ra.model
[17.183s] -- Up-to-date: /home/admin1/URC/install/dynamixel_sdk/share/dynamixel_sdk/control_table/xc330_t181.model
[17.184s] -- Up-to-date: /home/admin1/URC/install/dynamixel_sdk/share/dynamixel_sdk/control_table/xl330_m077_fw52.model
[17.185s] -- Up-to-date: /home/admin1/URC/install/dynamixel_sdk/share/dynamixel_sdk/control_table/m54_60_s250_ra.model
[17.190s] -- Up-to-date: /home/admin1/URC/install/dynamixel_sdk/share/dynamixel_sdk/control_table/xc330_m288_fw52.model
[17.191s] -- Up-to-date: /home/admin1/URC/install/dynamixel_sdk/share/dynamixel_sdk/control_table/dynamixel.model
[17.192s] -- Up-to-date: /home/admin1/URC/install/dynamixel_sdk/share/dynamixel_sdk/control_table/xc330_t288.model
[17.198s] -- Up-to-date: /home/admin1/URC/install/dynamixel_sdk/share/dynamixel_sdk/control_table/pm54_060_s250.model
[17.198s] -- Up-to-date: /home/admin1/URC/install/dynamixel_sdk/share/dynamixel_sdk/control_table/xw430_t200.model
[17.199s] -- Up-to-date: /home/admin1/URC/install/dynamixel_sdk/share/dynamixel_sdk/control_table/ym070_210_b001.model
[17.204s] -- Up-to-date: /home/admin1/URC/install/dynamixel_sdk/share/dynamixel_sdk/control_table/m42_10_s260_ra.model
[17.205s] -- Up-to-date: /home/admin1/URC/install/dynamixel_sdk/share/dynamixel_sdk/control_table/xm430_w210.model
[17.206s] -- Up-to-date: /home/admin1/URC/install/dynamixel_sdk/share/dynamixel_sdk/control_table/rh_p12_rn.model
[17.214s] -- Up-to-date: /home/admin1/URC/install/dynamixel_sdk/share/dynamixel_sdk/control_table/mx_28.model
[17.218s] -- Up-to-date: /home/admin1/URC/install/dynamixel_sdk/share/dynamixel_sdk/control_table/ym070_210_r099.model
[17.221s] -- Up-to-date: /home/admin1/URC/install/dynamixel_sdk/share/dynamixel_sdk/control_table/mx_106.model
[17.229s] -- Up-to-date: /home/admin1/URC/install/dynamixel_sdk/share/dynamixel_sdk/control_table/ym080_230_r051.model
[17.229s] -- Up-to-date: /home/admin1/URC/install/dynamixel_sdk/share/dynamixel_sdk/control_table/xc330_m181_fw52.model
[17.230s] -- Up-to-date: /home/admin1/URC/install/dynamixel_sdk/share/dynamixel_sdk/control_table/ym080_230_r099.model
[17.230s] -- Up-to-date: /home/admin1/URC/install/dynamixel_sdk/share/dynamixel_sdk/control_table/pm54_040_s250.model
[17.231s] -- Up-to-date: /home/admin1/URC/install/dynamixel_sdk/share/dynamixel_sdk/control_table/xc330_m288.model
[17.236s] -- Up-to-date: /home/admin1/URC/install/dynamixel_sdk/share/dynamixel_sdk/control_table/xw540_t140.model
[17.248s] -- Up-to-date: /home/admin1/URC/install/dynamixel_sdk/share/dynamixel_sdk/control_table/xm430_w350.model
[17.251s] -- Up-to-date: /home/admin1/URC/install/dynamixel_sdk/share/dynamixel_sdk/control_table/xh430_v350.model
[17.257s] -- Up-to-date: /home/admin1/URC/install/dynamixel_sdk/share/dynamixel_sdk/control_table/xc430_w150.model
[17.269s] -- Up-to-date: /home/admin1/URC/install/dynamixel_sdk/share/dynamixel_sdk/control_table/ym080_230_b001.model
[17.276s] -- Up-to-date: /home/admin1/URC/install/dynamixel_sdk/share/dynamixel_sdk/control_table/xm540_w150.model
[17.277s] -- Up-to-date: /home/admin1/URC/install/dynamixel_sdk/share/dynamixel_sdk/control_table/xm540_w270.model
[17.278s] -- Up-to-date: /home/admin1/URC/install/dynamixel_sdk/share/dynamixel_sdk/control_table/ph54_200_s500.model
[17.278s] -- Up-to-date: /home/admin1/URC/install/dynamixel_sdk/share/dynamixel_sdk/control_table/xh540_w150.model
[17.299s] -- Up-to-date: /home/admin1/URC/install/dynamixel_sdk/share/dynamixel_sdk/control_table/xc330_m181.model
[17.300s] -- Up-to-date: /home/admin1/URC/install/dynamixel_sdk/share/dynamixel_sdk/control_table/xh540_v270.model
[17.301s] -- Up-to-date: /home/admin1/URC/install/dynamixel_sdk/share/dynamixel_sdk/control_table/xl330_m077.model
[17.308s] -- Up-to-date: /home/admin1/URC/install/dynamixel_sdk/share/dynamixel_sdk/control_table/xd540_t270.model
[17.308s] -- Up-to-date: /home/admin1/URC/install/dynamixel_sdk/share/dynamixel_sdk/control_table/2xl430_w250.model
[17.309s] -- Up-to-date: /home/admin1/URC/install/dynamixel_sdk/share/dynamixel_sdk/control_table/xc330_t181_fw52.model
[17.325s] -- Up-to-date: /home/admin1/URC/install/dynamixel_sdk/share/dynamixel_sdk/control_table/ym070_210_a099.model
[17.325s] -- Up-to-date: /home/admin1/URC/install/dynamixel_sdk/share/dynamixel_sdk/control_table/xw540_h260.model
[17.335s] -- Up-to-date: /home/admin1/URC/install/dynamixel_sdk/share/dynamixel_sdk/control_table/ym070_210_m001.model
[17.336s] -- Up-to-date: /home/admin1/URC/install/dynamixel_sdk/share/dynamixel_sdk/control_table/h42_20_s300_ra.model
[17.346s] -- Up-to-date: /home/admin1/URC/install/dynamixel_sdk/share/dynamixel_sdk/control_table/xh540_v150.model
[17.349s] -- Up-to-date: /home/admin1/URC/install/dynamixel_sdk/share/dynamixel_sdk/control_table/ph54_100_s500.model
[17.364s] -- Up-to-date: /home/admin1/URC/install/dynamixel_sdk/share/dynamixel_sdk/control_table/ym080_230_a051.model
[17.365s] -- Up-to-date: /home/admin1/URC/install/dynamixel_sdk/share/dynamixel_sdk/control_table/ym070_210_r051.model
[17.373s] -- Up-to-date: /home/admin1/URC/install/dynamixel_sdk/share/dynamixel_sdk/control_table/xl320.model
[17.373s] -- Up-to-date: /home/admin1/URC/install/dynamixel_sdk/share/dynamixel_sdk/control_table/xw540_t260.model
[17.374s] -- Up-to-date: /home/admin1/URC/install/dynamixel_sdk/share/dynamixel_sdk/control_table/xd540_t150.model
[17.378s] -- Up-to-date: /home/admin1/URC/install/dynamixel_sdk/share/dynamixel_sdk/control_table/xh430_v210.model
[17.378s] -- Up-to-date: /home/admin1/URC/install/dynamixel_sdk/share/dynamixel_sdk/control_table/pm42_010_s260.model
[17.385s] -- Up-to-date: /home/admin1/URC/install/dynamixel_sdk/share/dynamixel_sdk/control_table/xd430_t210.model
[17.386s] -- Up-to-date: /home/admin1/URC/install/dynamixel_sdk/share/dynamixel_sdk/control_table/ym080_230_m001.model
[17.387s] -- Up-to-date: /home/admin1/URC/install/dynamixel_sdk/share/dynamixel_sdk/control_table/ym070_210_a051.model
[17.395s] -- Up-to-date: /home/admin1/URC/install/dynamixel_sdk/share/dynamixel_sdk/control_table/xc330_t288_fw52.model
[17.395s] -- Up-to-date: /home/admin1/URC/install/dynamixel_sdk/share/dynamixel_sdk/control_table/ym080_230_a099.model
[17.398s] -- Up-to-date: /home/admin1/URC/install/dynamixel_sdk/share/dynamixel_sdk/control_table/ph42_020_s300.model
[17.401s] -- Up-to-date: /home/admin1/URC/install/dynamixel_sdk/share/dynamixel_sdk/control_table/xw430_t333.model
[17.402s] -- Up-to-date: /home/admin1/URC/install/dynamixel_sdk/share/dynamixel_sdk/control_table/mx_64.model
[17.403s] -- Up-to-date: /home/admin1/URC/install/dynamixel_sdk/share/dynamixel_sdk/control_table/xh430_w210.model
[17.411s] -- Up-to-date: /home/admin1/URC/install/dynamixel_sdk/share/dynamixel_sdk/control_table/h54_100_s500_ra.model
[17.411s] -- Up-to-date: /home/admin1/URC/install/dynamixel_sdk/share/dynamixel_sdk/control_table/xh540_w270.model
[17.412s] -- Up-to-date: /home/admin1/URC/install/dynamixel_sdk/share/dynamixel_sdk/control_table/xh430_w350.model
[17.423s] -- Up-to-date: /home/admin1/URC/install/dynamixel_sdk/share/dynamixel_sdk/environment/pythonpath.sh
[17.425s] -- Up-to-date: /home/admin1/URC/install/dynamixel_sdk/share/dynamixel_sdk/environment/pythonpath.dsv
[17.426s] -- Up-to-date: /home/admin1/URC/install/dynamixel_sdk/lib/python3.12/site-packages/dynamixel_sdk-4.0.3-py3.12.egg-info
[17.436s] -- Installing: /home/admin1/URC/install/dynamixel_sdk/lib/python3.12/site-packages/dynamixel_sdk-4.0.3-py3.12.egg-info/top_level.txt
[17.437s] -- Installing: /home/admin1/URC/install/dynamixel_sdk/lib/python3.12/site-packages/dynamixel_sdk-4.0.3-py3.12.egg-info/PKG-INFO
[17.446s] -- Installing: /home/admin1/URC/install/dynamixel_sdk/lib/python3.12/site-packages/dynamixel_sdk-4.0.3-py3.12.egg-info/SOURCES.txt
[17.469s] -- Installing: /home/admin1/URC/install/dynamixel_sdk/lib/python3.12/site-packages/dynamixel_sdk-4.0.3-py3.12.egg-info/dependency_links.txt
[17.470s] -- Up-to-date: /home/admin1/URC/install/dynamixel_sdk/lib/python3.12/site-packages/dynamixel_sdk
[17.471s] -- Up-to-date: /home/admin1/URC/install/dynamixel_sdk/lib/python3.12/site-packages/dynamixel_sdk/protocol2_packet_handler.py
[17.474s] -- Up-to-date: /home/admin1/URC/install/dynamixel_sdk/lib/python3.12/site-packages/dynamixel_sdk/port_handler.py
[17.474s] -- Up-to-date: /home/admin1/URC/install/dynamixel_sdk/lib/python3.12/site-packages/dynamixel_sdk/packet_handler.py
[17.475s] -- Up-to-date: /home/admin1/URC/install/dynamixel_sdk/lib/python3.12/site-packages/dynamixel_sdk/port_handler.cpp
[17.484s] -- Up-to-date: /home/admin1/URC/install/dynamixel_sdk/lib/python3.12/site-packages/dynamixel_sdk/robotis_def.py
[17.484s] -- Up-to-date: /home/admin1/URC/install/dynamixel_sdk/lib/python3.12/site-packages/dynamixel_sdk/group_bulk_read.cpp
[17.485s] -- Up-to-date: /home/admin1/URC/install/dynamixel_sdk/lib/python3.12/site-packages/dynamixel_sdk/__init__.py
[17.486s] -- Up-to-date: /home/admin1/URC/install/dynamixel_sdk/lib/python3.12/site-packages/dynamixel_sdk/group_sync_write.py
[17.488s] -- Up-to-date: /home/admin1/URC/install/dynamixel_sdk/lib/python3.12/site-packages/dynamixel_sdk/port_handler_mac.cpp
[17.489s] -- Up-to-date: /home/admin1/URC/install/dynamixel_sdk/lib/python3.12/site-packages/dynamixel_sdk/packet_handler.cpp
[17.490s] -- Up-to-date: /home/admin1/URC/install/dynamixel_sdk/lib/python3.12/site-packages/dynamixel_sdk/group_sync_write.cpp
[17.490s] -- Up-to-date: /home/admin1/URC/install/dynamixel_sdk/lib/python3.12/site-packages/dynamixel_sdk/port_handler_arduino.cpp
[17.491s] -- Up-to-date: /home/admin1/URC/install/dynamixel_sdk/lib/python3.12/site-packages/dynamixel_sdk/group_fast_sync_read.cpp
[17.492s] -- Up-to-date: /home/admin1/URC/install/dynamixel_sdk/lib/python3.12/site-packages/dynamixel_sdk/group_bulk_read.py
[17.492s] -- Up-to-date: /home/admin1/URC/install/dynamixel_sdk/lib/python3.12/site-packages/dynamixel_sdk/port_handler_linux.cpp
[17.493s] -- Up-to-date: /home/admin1/URC/install/dynamixel_sdk/lib/python3.12/site-packages/dynamixel_sdk/group_bulk_write.py
[17.494s] -- Up-to-date: /home/admin1/URC/install/dynamixel_sdk/lib/python3.12/site-packages/dynamixel_sdk/protocol1_packet_handler.py
[17.498s] -- Up-to-date: /home/admin1/URC/install/dynamixel_sdk/lib/python3.12/site-packages/dynamixel_sdk/group_bulk_write.cpp
[17.499s] -- Up-to-date: /home/admin1/URC/install/dynamixel_sdk/lib/python3.12/site-packages/dynamixel_sdk/group_handler.cpp
[17.500s] -- Up-to-date: /home/admin1/URC/install/dynamixel_sdk/lib/python3.12/site-packages/dynamixel_sdk/group_sync_read.py
[17.501s] -- Up-to-date: /home/admin1/URC/install/dynamixel_sdk/lib/python3.12/site-packages/dynamixel_sdk/group_fast_bulk_read.cpp
[17.502s] -- Up-to-date: /home/admin1/URC/install/dynamixel_sdk/lib/python3.12/site-packages/dynamixel_sdk/protocol1_packet_handler.cpp
[17.502s] -- Up-to-date: /home/admin1/URC/install/dynamixel_sdk/lib/python3.12/site-packages/dynamixel_sdk/port_handler_windows.cpp
[17.503s] -- Up-to-date: /home/admin1/URC/install/dynamixel_sdk/lib/python3.12/site-packages/dynamixel_sdk/group_sync_read.cpp
[17.504s] -- Up-to-date: /home/admin1/URC/install/dynamixel_sdk/lib/python3.12/site-packages/dynamixel_sdk/protocol2_packet_handler.cpp
[17.920s] Listing '/home/admin1/URC/install/dynamixel_sdk/lib/python3.12/site-packages/dynamixel_sdk'...
[18.033s] -- Up-to-date: /home/admin1/URC/install/dynamixel_sdk/lib/python3.12/site-packages/dynamixel_easy_sdk-4.0.3-py3.12.egg-info
[18.038s] -- Installing: /home/admin1/URC/install/dynamixel_sdk/lib/python3.12/site-packages/dynamixel_easy_sdk-4.0.3-py3.12.egg-info/top_level.txt
[18.039s] -- Installing: /home/admin1/URC/install/dynamixel_sdk/lib/python3.12/site-packages/dynamixel_easy_sdk-4.0.3-py3.12.egg-info/PKG-INFO
[18.050s] -- Installing: /home/admin1/URC/install/dynamixel_sdk/lib/python3.12/site-packages/dynamixel_easy_sdk-4.0.3-py3.12.egg-info/SOURCES.txt
[18.055s] -- Installing: /home/admin1/URC/install/dynamixel_sdk/lib/python3.12/site-packages/dynamixel_easy_sdk-4.0.3-py3.12.egg-info/dependency_links.txt
[18.066s] -- Up-to-date: /home/admin1/URC/install/dynamixel_sdk/lib/python3.12/site-packages/dynamixel_easy_sdk
[18.067s] -- Up-to-date: /home/admin1/URC/install/dynamixel_sdk/lib/python3.12/site-packages/dynamixel_easy_sdk/dynamixel_error.cpp
[18.075s] -- Up-to-date: /home/admin1/URC/install/dynamixel_sdk/lib/python3.12/site-packages/dynamixel_easy_sdk/control_table.py
[18.078s] -- Up-to-date: /home/admin1/URC/install/dynamixel_sdk/lib/python3.12/site-packages/dynamixel_easy_sdk/group_executor.cpp
[18.090s] -- Up-to-date: /home/admin1/URC/install/dynamixel_sdk/lib/python3.12/site-packages/dynamixel_easy_sdk/__init__.py
[18.093s] -- Up-to-date: /home/admin1/URC/install/dynamixel_sdk/lib/python3.12/site-packages/dynamixel_easy_sdk/connector.cpp
[18.094s] -- Up-to-date: /home/admin1/URC/install/dynamixel_sdk/lib/python3.12/site-packages/dynamixel_easy_sdk/motor.cpp
[18.095s] -- Up-to-date: /home/admin1/URC/install/dynamixel_sdk/lib/python3.12/site-packages/dynamixel_easy_sdk/dynamixel_error.py
[18.104s] -- Up-to-date: /home/admin1/URC/install/dynamixel_sdk/lib/python3.12/site-packages/dynamixel_easy_sdk/control_table.cpp
[18.104s] -- Up-to-date: /home/admin1/URC/install/dynamixel_sdk/lib/python3.12/site-packages/dynamixel_easy_sdk/motor.py
[18.105s] -- Up-to-date: /home/admin1/URC/install/dynamixel_sdk/lib/python3.12/site-packages/dynamixel_easy_sdk/data_types.py
[18.110s] -- Up-to-date: /home/admin1/URC/install/dynamixel_sdk/lib/python3.12/site-packages/dynamixel_easy_sdk/connector.py
[18.110s] -- Up-to-date: /home/admin1/URC/install/dynamixel_sdk/lib/python3.12/site-packages/dynamixel_easy_sdk/group_executor.py
[18.502s] Listing '/home/admin1/URC/install/dynamixel_sdk/lib/python3.12/site-packages/dynamixel_easy_sdk'...
[18.683s] -- Up-to-date: /home/admin1/URC/install/dynamixel_sdk/share/dynamixel_sdk/environment/library_path.sh
[18.686s] -- Up-to-date: /home/admin1/URC/install/dynamixel_sdk/share/dynamixel_sdk/environment/library_path.dsv
[18.689s] -- Up-to-date: /home/admin1/URC/install/dynamixel_sdk/share/ament_index/resource_index/package_run_dependencies/dynamixel_sdk
[18.704s] -- Up-to-date: /home/admin1/URC/install/dynamixel_sdk/share/ament_index/resource_index/parent_prefix_path/dynamixel_sdk
[18.710s] -- Up-to-date: /home/admin1/URC/install/dynamixel_sdk/share/dynamixel_sdk/environment/ament_prefix_path.sh
[18.717s] -- Up-to-date: /home/admin1/URC/install/dynamixel_sdk/share/dynamixel_sdk/environment/ament_prefix_path.dsv
[18.731s] -- Up-to-date: /home/admin1/URC/install/dynamixel_sdk/share/dynamixel_sdk/environment/path.sh
[18.742s] -- Up-to-date: /home/admin1/URC/install/dynamixel_sdk/share/dynamixel_sdk/environment/path.dsv
[18.745s] -- Up-to-date: /home/admin1/URC/install/dynamixel_sdk/share/dynamixel_sdk/local_setup.bash
[18.762s] -- Up-to-date: /home/admin1/URC/install/dynamixel_sdk/share/dynamixel_sdk/local_setup.sh
[18.763s] -- Up-to-date: /home/admin1/URC/install/dynamixel_sdk/share/dynamixel_sdk/local_setup.zsh
[18.763s] -- Up-to-date: /home/admin1/URC/install/dynamixel_sdk/share/dynamixel_sdk/local_setup.dsv
[18.764s] -- Installing: /home/admin1/URC/install/dynamixel_sdk/share/dynamixel_sdk/package.dsv
[18.767s] -- Up-to-date: /home/admin1/URC/install/dynamixel_sdk/share/ament_index/resource_index/packages/dynamixel_sdk
[18.793s] -- Up-to-date: /home/admin1/URC/install/dynamixel_sdk/share/dynamixel_sdk/cmake/dynamixel_sdkExport.cmake
[18.798s] -- Up-to-date: /home/admin1/URC/install/dynamixel_sdk/share/dynamixel_sdk/cmake/dynamixel_sdkExport-noconfig.cmake
[18.800s] -- Up-to-date: /home/admin1/URC/install/dynamixel_sdk/share/dynamixel_sdk/cmake/ament_cmake_export_targets-extras.cmake
[18.807s] -- Up-to-date: /home/admin1/URC/install/dynamixel_sdk/share/dynamixel_sdk/cmake/ament_cmake_export_include_directories-extras.cmake
[18.809s] -- Up-to-date: /home/admin1/URC/install/dynamixel_sdk/share/dynamixel_sdk/cmake/ament_cmake_export_libraries-extras.cmake
[18.811s] -- Up-to-date: /home/admin1/URC/install/dynamixel_sdk/share/dynamixel_sdk/cmake/dynamixel_sdkConfig.cmake
[18.815s] -- Up-to-date: /home/admin1/URC/install/dynamixel_sdk/share/dynamixel_sdk/cmake/dynamixel_sdkConfig-version.cmake
[18.815s] -- Up-to-date: /home/admin1/URC/install/dynamixel_sdk/share/dynamixel_sdk/package.xml
[18.846s] Invoked command in '/home/admin1/URC/build/dynamixel_sdk' returned '0': CMAKE_PREFIX_PATH=${CMAKE_PREFIX_PATH}:/opt/ros/jazzy DEBUGINFOD_URLS=https://debuginfod.ubuntu.com /usr/bin/cmake --install /home/admin1/URC/build/dynamixel_sdk
