[0.130s] Invoking command in '/home/admin1/URC/build/interbotix_xs_sdk': AMENT_PREFIX_PATH=/home/admin1/URC/install/interbotix_xs_driver:/home/admin1/URC/install/dynamixel_workbench_toolbox:/home/admin1/URC/install/interbotix_xs_msgs:/home/admin1/URC/install/dynamixel_sdk:${AMENT_PREFIX_PATH} CMAKE_PREFIX_PATH=/home/admin1/URC/install/interbotix_xs_driver:/home/admin1/URC/install/dynamixel_workbench_toolbox:/home/admin1/URC/install/interbotix_xs_msgs:/home/admin1/URC/install/dynamixel_sdk:/opt/ros/jazzy/opt/gz_math_vendor:/opt/ros/jazzy/opt/gz_utils_vendor:/opt/ros/jazzy/opt/gz_cmake_vendor:/opt/ros/jazzy DEBUGINFOD_URLS=https://debuginfod.ubuntu.com LD_LIBRARY_PATH=/home/admin1/URC/install/interbotix_xs_driver/lib:/home/admin1/URC/install/dynamixel_workbench_toolbox/lib:/home/admin1/URC/install/interbotix_xs_msgs/lib:/home/admin1/URC/install/dynamixel_sdk/lib:${LD_LIBRARY_PATH} PYTHONPATH=/home/admin1/URC/install/interbotix_xs_msgs/lib/python3.12/site-packages:/home/admin1/URC/install/dynamixel_sdk/lib/python3.12/site-packages:${PYTHONPATH} /usr/bin/cmake /home/admin1/URC/urc_ws_interbotix/src/interbotix_xs_sdk -DCMAKE_INSTALL_PREFIX=/home/admin1/URC/install/interbotix_xs_sdk
[0.480s] -- The C compiler identification is GNU 13.3.0
[0.861s] -- The CXX compiler identification is GNU 13.3.0
[0.964s] -- Detecting C compiler ABI info
[1.520s] -- Detecting C compiler ABI info - done
[1.556s] -- Check for working C compiler: /usr/bin/cc - skipped
[1.557s] -- Detecting C compile features
[1.559s] -- Detecting C compile features - done
[1.620s] -- Detecting CXX compiler ABI info
[2.220s] -- Detecting CXX compiler ABI info - done
[2.259s] -- Check for working CXX compiler: /usr/bin/c++ - skipped
[2.260s] -- Detecting CXX compile features
[2.262s] -- Detecting CXX compile features - done
[2.293s] -- Found ament_cmake: 2.5.5 (/opt/ros/jazzy/share/ament_cmake/cmake)
[3.211s] -- Found Python3: /usr/bin/python3 (found version "3.12.3") found components: Interpreter 
[3.997s] -- Found ament_index_cpp: 1.8.2 (/opt/ros/jazzy/share/ament_index_cpp/cmake)
[4.025s] -- Found rclcpp: 28.1.16 (/opt/ros/jazzy/share/rclcpp/cmake)
[4.413s] -- Found rosidl_generator_c: 4.6.7 (/opt/ros/jazzy/share/rosidl_generator_c/cmake)
[4.530s] -- Found rosidl_generator_cpp: 4.6.7 (/opt/ros/jazzy/share/rosidl_generator_cpp/cmake)
[4.657s] -- Using all available rosidl_typesupport_c: rosidl_typesupport_fastrtps_c;rosidl_typesupport_introspection_c
[4.798s] -- Using all available rosidl_typesupport_cpp: rosidl_typesupport_fastrtps_cpp;rosidl_typesupport_introspection_cpp
[5.310s] -- Found rmw_implementation_cmake: 7.3.3 (/opt/ros/jazzy/share/rmw_implementation_cmake/cmake)
[5.341s] -- Found rmw_fastrtps_cpp: 8.4.3 (/opt/ros/jazzy/share/rmw_fastrtps_cpp/cmake)
[5.918s] -- Found OpenSSL: /usr/lib/aarch64-linux-gnu/libcrypto.so (found version "3.0.13")  
[6.032s] -- Found FastRTPS: /opt/ros/jazzy/include (Required is at least version "2.13") 
[6.141s] -- Using RMW implementation 'rmw_fastrtps_cpp' as default
[6.554s] -- Found rclpy: 7.1.9 (/opt/ros/jazzy/share/rclpy/cmake)
[6.585s] -- Found sensor_msgs: 5.3.6 (/opt/ros/jazzy/share/sensor_msgs/cmake)
[6.922s] -- Found urdf: 2.10.0 (/opt/ros/jazzy/share/urdf/cmake)
[7.310s] -- Found interbotix_xs_msgs: 0.0.0 (/home/admin1/URC/install/interbotix_xs_msgs/share/interbotix_xs_msgs/cmake)
[7.579s] -- Found interbotix_xs_driver: 0.3.7 (/home/admin1/URC/install/interbotix_xs_driver/share/interbotix_xs_driver/cmake)
[7.673s] -- Found ament_lint_auto: 0.17.4 (/opt/ros/jazzy/share/ament_lint_auto/cmake)
[8.435s] -- Added test 'copyright' to check source files copyright and LICENSE
[8.454s] -- Added test 'cppcheck' to perform static code analysis on C / C++ code
[8.455s] -- Configured cppcheck include dirs: /home/admin1/URC/urc_ws_interbotix/src/interbotix_xs_sdk/include
[8.456s] -- Configured cppcheck exclude dirs and/or files: 
[8.473s] -- Added test 'cpplint' to check C / C++ code against the Google style
[8.473s] -- Configured cpplint exclude dirs and/or files: 
[8.479s] -- Added test 'flake8' to check Python code syntax and style conventions
[8.479s] -- Configured 'flake8' exclude dirs and/or files: 
[8.485s] -- Added test 'lint_cmake' to check CMake code style
[8.490s] -- Added test 'pep257' to check Python code against some of the docstring style conventions in PEP 257
[8.504s] -- Added test 'uncrustify' to check C / C++ code style
[8.504s] -- Configured uncrustify additional arguments: 
[8.509s] -- Added test 'xmllint' to check XML markup files
[8.520s] -- Configuring done (8.3s)
[8.691s] -- Generating done (0.1s)
[8.711s] -- Build files have been written to: /home/admin1/URC/build/interbotix_xs_sdk
[8.768s] Invoked command in '/home/admin1/URC/build/interbotix_xs_sdk' returned '0': AMENT_PREFIX_PATH=/home/admin1/URC/install/interbotix_xs_driver:/home/admin1/URC/install/dynamixel_workbench_toolbox:/home/admin1/URC/install/interbotix_xs_msgs:/home/admin1/URC/install/dynamixel_sdk:${AMENT_PREFIX_PATH} CMAKE_PREFIX_PATH=/home/admin1/URC/install/interbotix_xs_driver:/home/admin1/URC/install/dynamixel_workbench_toolbox:/home/admin1/URC/install/interbotix_xs_msgs:/home/admin1/URC/install/dynamixel_sdk:/opt/ros/jazzy/opt/gz_math_vendor:/opt/ros/jazzy/opt/gz_utils_vendor:/opt/ros/jazzy/opt/gz_cmake_vendor:/opt/ros/jazzy DEBUGINFOD_URLS=https://debuginfod.ubuntu.com LD_LIBRARY_PATH=/home/admin1/URC/install/interbotix_xs_driver/lib:/home/admin1/URC/install/dynamixel_workbench_toolbox/lib:/home/admin1/URC/install/interbotix_xs_msgs/lib:/home/admin1/URC/install/dynamixel_sdk/lib:${LD_LIBRARY_PATH} PYTHONPATH=/home/admin1/URC/install/interbotix_xs_msgs/lib/python3.12/site-packages:/home/admin1/URC/install/dynamixel_sdk/lib/python3.12/site-packages:${PYTHONPATH} /usr/bin/cmake /home/admin1/URC/urc_ws_interbotix/src/interbotix_xs_sdk -DCMAKE_INSTALL_PREFIX=/home/admin1/URC/install/interbotix_xs_sdk
[8.774s] Invoking command in '/home/admin1/URC/build/interbotix_xs_sdk': AMENT_PREFIX_PATH=/home/admin1/URC/install/interbotix_xs_driver:/home/admin1/URC/install/dynamixel_workbench_toolbox:/home/admin1/URC/install/interbotix_xs_msgs:/home/admin1/URC/install/dynamixel_sdk:${AMENT_PREFIX_PATH} CMAKE_PREFIX_PATH=/home/admin1/URC/install/interbotix_xs_driver:/home/admin1/URC/install/dynamixel_workbench_toolbox:/home/admin1/URC/install/interbotix_xs_msgs:/home/admin1/URC/install/dynamixel_sdk:/opt/ros/jazzy/opt/gz_math_vendor:/opt/ros/jazzy/opt/gz_utils_vendor:/opt/ros/jazzy/opt/gz_cmake_vendor:/opt/ros/jazzy DEBUGINFOD_URLS=https://debuginfod.ubuntu.com LD_LIBRARY_PATH=/home/admin1/URC/install/interbotix_xs_driver/lib:/home/admin1/URC/install/dynamixel_workbench_toolbox/lib:/home/admin1/URC/install/interbotix_xs_msgs/lib:/home/admin1/URC/install/dynamixel_sdk/lib:${LD_LIBRARY_PATH} PYTHONPATH=/home/admin1/URC/install/interbotix_xs_msgs/lib/python3.12/site-packages:/home/admin1/URC/install/dynamixel_sdk/lib/python3.12/site-packages:${PYTHONPATH} /usr/bin/cmake --build /home/admin1/URC/build/interbotix_xs_sdk -- -j4 -l4
[9.250s] [ 33%] [32mBuilding CXX object CMakeFiles/xs_sdk.dir/src/xs_sdk_obj.cpp.o[0m
[9.251s] [ 66%] [32mBuilding CXX object CMakeFiles/xs_sdk.dir/src/xs_sdk.cpp.o[0m
[98.767s] [100%] [32m[1mLinking CXX executable xs_sdk[0m
[104.337s] [100%] Built target xs_sdk
[104.410s] Invoked command in '/home/admin1/URC/build/interbotix_xs_sdk' returned '0': AMENT_PREFIX_PATH=/home/admin1/URC/install/interbotix_xs_driver:/home/admin1/URC/install/dynamixel_workbench_toolbox:/home/admin1/URC/install/interbotix_xs_msgs:/home/admin1/URC/install/dynamixel_sdk:${AMENT_PREFIX_PATH} CMAKE_PREFIX_PATH=/home/admin1/URC/install/interbotix_xs_driver:/home/admin1/URC/install/dynamixel_workbench_toolbox:/home/admin1/URC/install/interbotix_xs_msgs:/home/admin1/URC/install/dynamixel_sdk:/opt/ros/jazzy/opt/gz_math_vendor:/opt/ros/jazzy/opt/gz_utils_vendor:/opt/ros/jazzy/opt/gz_cmake_vendor:/opt/ros/jazzy DEBUGINFOD_URLS=https://debuginfod.ubuntu.com LD_LIBRARY_PATH=/home/admin1/URC/install/interbotix_xs_driver/lib:/home/admin1/URC/install/dynamixel_workbench_toolbox/lib:/home/admin1/URC/install/interbotix_xs_msgs/lib:/home/admin1/URC/install/dynamixel_sdk/lib:${LD_LIBRARY_PATH} PYTHONPATH=/home/admin1/URC/install/interbotix_xs_msgs/lib/python3.12/site-packages:/home/admin1/URC/install/dynamixel_sdk/lib/python3.12/site-packages:${PYTHONPATH} /usr/bin/cmake --build /home/admin1/URC/build/interbotix_xs_sdk -- -j4 -l4
[104.418s] Invoking command in '/home/admin1/URC/build/interbotix_xs_sdk': AMENT_PREFIX_PATH=/home/admin1/URC/install/interbotix_xs_driver:/home/admin1/URC/install/dynamixel_workbench_toolbox:/home/admin1/URC/install/interbotix_xs_msgs:/home/admin1/URC/install/dynamixel_sdk:${AMENT_PREFIX_PATH} CMAKE_PREFIX_PATH=/home/admin1/URC/install/interbotix_xs_driver:/home/admin1/URC/install/dynamixel_workbench_toolbox:/home/admin1/URC/install/interbotix_xs_msgs:/home/admin1/URC/install/dynamixel_sdk:/opt/ros/jazzy/opt/gz_math_vendor:/opt/ros/jazzy/opt/gz_utils_vendor:/opt/ros/jazzy/opt/gz_cmake_vendor:/opt/ros/jazzy DEBUGINFOD_URLS=https://debuginfod.ubuntu.com LD_LIBRARY_PATH=/home/admin1/URC/install/interbotix_xs_driver/lib:/home/admin1/URC/install/dynamixel_workbench_toolbox/lib:/home/admin1/URC/install/interbotix_xs_msgs/lib:/home/admin1/URC/install/dynamixel_sdk/lib:${LD_LIBRARY_PATH} PYTHONPATH=/home/admin1/URC/install/interbotix_xs_msgs/lib/python3.12/site-packages:/home/admin1/URC/install/dynamixel_sdk/lib/python3.12/site-packages:${PYTHONPATH} /usr/bin/cmake --install /home/admin1/URC/build/interbotix_xs_sdk
[104.469s] -- Install configuration: ""
[104.471s] -- Installing: /home/admin1/URC/install/interbotix_xs_sdk/lib/interbotix_xs_sdk/xs_sdk
[104.578s] -- Set non-toolchain portion of runtime path of "/home/admin1/URC/install/interbotix_xs_sdk/lib/interbotix_xs_sdk/xs_sdk" to ""
[104.582s] -- Installing: /home/admin1/URC/install/interbotix_xs_sdk/lib/interbotix_xs_sdk/xs_sdk_sim.py
[104.585s] -- Installing: /home/admin1/URC/install/interbotix_xs_sdk/share/interbotix_xs_sdk//config
[104.588s] -- Installing: /home/admin1/URC/install/interbotix_xs_sdk/share/interbotix_xs_sdk//config/mode_configs_template.yaml
[104.590s] -- Installing: /home/admin1/URC/install/interbotix_xs_sdk/share/interbotix_xs_sdk//config/motor_configs_template.yaml
[104.593s] -- Installing: /home/admin1/URC/install/interbotix_xs_sdk/share/ament_index/resource_index/package_run_dependencies/interbotix_xs_sdk
[104.595s] -- Installing: /home/admin1/URC/install/interbotix_xs_sdk/share/ament_index/resource_index/parent_prefix_path/interbotix_xs_sdk
[104.598s] -- Installing: /home/admin1/URC/install/interbotix_xs_sdk/share/interbotix_xs_sdk/environment/ament_prefix_path.sh
[104.599s] -- Installing: /home/admin1/URC/install/interbotix_xs_sdk/share/interbotix_xs_sdk/environment/ament_prefix_path.dsv
[104.601s] -- Installing: /home/admin1/URC/install/interbotix_xs_sdk/share/interbotix_xs_sdk/environment/path.sh
[104.602s] -- Installing: /home/admin1/URC/install/interbotix_xs_sdk/share/interbotix_xs_sdk/environment/path.dsv
[104.605s] -- Installing: /home/admin1/URC/install/interbotix_xs_sdk/share/interbotix_xs_sdk/local_setup.bash
[104.605s] -- Installing: /home/admin1/URC/install/interbotix_xs_sdk/share/interbotix_xs_sdk/local_setup.sh
[104.606s] -- Installing: /home/admin1/URC/install/interbotix_xs_sdk/share/interbotix_xs_sdk/local_setup.zsh
[104.607s] -- Installing: /home/admin1/URC/install/interbotix_xs_sdk/share/interbotix_xs_sdk/local_setup.dsv
[104.608s] -- Installing: /home/admin1/URC/install/interbotix_xs_sdk/share/interbotix_xs_sdk/package.dsv
[104.609s] -- Installing: /home/admin1/URC/install/interbotix_xs_sdk/share/ament_index/resource_index/packages/interbotix_xs_sdk
[104.611s] -- Installing: /home/admin1/URC/install/interbotix_xs_sdk/share/interbotix_xs_sdk/cmake/interbotix_xs_sdkConfig.cmake
[104.612s] -- Installing: /home/admin1/URC/install/interbotix_xs_sdk/share/interbotix_xs_sdk/cmake/interbotix_xs_sdkConfig-version.cmake
[104.613s] -- Installing: /home/admin1/URC/install/interbotix_xs_sdk/share/interbotix_xs_sdk/package.xml
[104.623s] Invoked command in '/home/admin1/URC/build/interbotix_xs_sdk' returned '0': AMENT_PREFIX_PATH=/home/admin1/URC/install/interbotix_xs_driver:/home/admin1/URC/install/dynamixel_workbench_toolbox:/home/admin1/URC/install/interbotix_xs_msgs:/home/admin1/URC/install/dynamixel_sdk:${AMENT_PREFIX_PATH} CMAKE_PREFIX_PATH=/home/admin1/URC/install/interbotix_xs_driver:/home/admin1/URC/install/dynamixel_workbench_toolbox:/home/admin1/URC/install/interbotix_xs_msgs:/home/admin1/URC/install/dynamixel_sdk:/opt/ros/jazzy/opt/gz_math_vendor:/opt/ros/jazzy/opt/gz_utils_vendor:/opt/ros/jazzy/opt/gz_cmake_vendor:/opt/ros/jazzy DEBUGINFOD_URLS=https://debuginfod.ubuntu.com LD_LIBRARY_PATH=/home/admin1/URC/install/interbotix_xs_driver/lib:/home/admin1/URC/install/dynamixel_workbench_toolbox/lib:/home/admin1/URC/install/interbotix_xs_msgs/lib:/home/admin1/URC/install/dynamixel_sdk/lib:${LD_LIBRARY_PATH} PYTHONPATH=/home/admin1/URC/install/interbotix_xs_msgs/lib/python3.12/site-packages:/home/admin1/URC/install/dynamixel_sdk/lib/python3.12/site-packages:${PYTHONPATH} /usr/bin/cmake --install /home/admin1/URC/build/interbotix_xs_sdk
