[100%] Built target receive
-- Install configuration: ""
-- Installing: /home/ayaan/URC/URC/install/receiver/share/receiver/launch
-- Installing: /home/ayaan/URC/URC/install/receiver/share/receiver/launch/receiver_launch.py
-- Installing: /home/ayaan/URC/URC/install/receiver/lib/receiver/receive
-- Set non-toolchain portion of runtime path of "/home/ayaan/URC/URC/install/receiver/lib/receiver/receive" to ""
-- Installing: /home/ayaan/URC/URC/install/receiver/share/ament_index/resource_index/package_run_dependencies/receiver
-- Installing: /home/ayaan/URC/URC/install/receiver/share/ament_index/resource_index/parent_prefix_path/receiver
-- Installing: /home/ayaan/URC/URC/install/receiver/share/receiver/environment/ament_prefix_path.sh
-- Installing: /home/ayaan/URC/URC/install/receiver/share/receiver/environment/ament_prefix_path.dsv
-- Installing: /home/ayaan/URC/URC/install/receiver/share/receiver/environment/path.sh
-- Installing: /home/ayaan/URC/URC/install/receiver/share/receiver/environment/path.dsv
-- Installing: /home/ayaan/URC/URC/install/receiver/share/receiver/local_setup.bash
-- Installing: /home/ayaan/URC/URC/install/receiver/share/receiver/local_setup.sh
-- Installing: /home/ayaan/URC/URC/install/receiver/share/receiver/local_setup.zsh
-- Installing: /home/ayaan/URC/URC/install/receiver/share/receiver/local_setup.dsv
-- Installing: /home/ayaan/URC/URC/install/receiver/share/receiver/package.dsv
-- Installing: /home/ayaan/URC/URC/install/receiver/share/ament_index/resource_index/packages/receiver
-- Installing: /home/ayaan/URC/URC/install/receiver/share/receiver/cmake/receiverConfig.cmake
-- Installing: /home/ayaan/URC/URC/install/receiver/share/receiver/cmake/receiverConfig-version.cmake
-- Installing: /home/ayaan/URC/URC/install/receiver/share/receiver/package.xml
