[0.430s] Invoking command in '/home/ayaan/URC/URC/build/receiver': CMAKE_PREFIX_PATH=${CMAKE_PREFIX_PATH}:/home/ayaan/imprimis/imprimis_ws/install/utils:/home/ayaan/imprimis/imprimis_ws/install/map_goal_to_odom:/home/ayaan/imprimis/imprimis_ws/install/gps_nav_bridge:/opt/ros/jazzy DEBUGINFOD_URLS=https://debuginfod.ubuntu.com /usr/bin/cmake --build /home/ayaan/URC/URC/build/receiver -- -j16 -l16
[0.490s] [100%] Built target receive
[0.523s] Invoked command in '/home/ayaan/URC/URC/build/receiver' returned '0': CMAKE_PREFIX_PATH=${CMAKE_PREFIX_PATH}:/home/ayaan/imprimis/imprimis_ws/install/utils:/home/ayaan/imprimis/imprimis_ws/install/map_goal_to_odom:/home/ayaan/imprimis/imprimis_ws/install/gps_nav_bridge:/opt/ros/jazzy DEBUGINFOD_URLS=https://debuginfod.ubuntu.com /usr/bin/cmake --build /home/ayaan/URC/URC/build/receiver -- -j16 -l16
[0.524s] Invoking command in '/home/ayaan/URC/URC/build/receiver': CMAKE_PREFIX_PATH=${CMAKE_PREFIX_PATH}:/home/ayaan/imprimis/imprimis_ws/install/utils:/home/ayaan/imprimis/imprimis_ws/install/map_goal_to_odom:/home/ayaan/imprimis/imprimis_ws/install/gps_nav_bridge:/opt/ros/jazzy DEBUGINFOD_URLS=https://debuginfod.ubuntu.com /usr/bin/cmake --install /home/ayaan/URC/URC/build/receiver
[0.531s] -- Install configuration: ""
[0.531s] -- Installing: /home/ayaan/URC/URC/install/receiver/share/receiver/launch
[0.531s] -- Installing: /home/ayaan/URC/URC/install/receiver/share/receiver/launch/receiver_launch.py
[0.531s] -- Installing: /home/ayaan/URC/URC/install/receiver/lib/receiver/receive
[0.532s] -- Set non-toolchain portion of runtime path of "/home/ayaan/URC/URC/install/receiver/lib/receiver/receive" to ""
[0.533s] -- Installing: /home/ayaan/URC/URC/install/receiver/share/ament_index/resource_index/package_run_dependencies/receiver
[0.533s] -- Installing: /home/ayaan/URC/URC/install/receiver/share/ament_index/resource_index/parent_prefix_path/receiver
[0.533s] -- Installing: /home/ayaan/URC/URC/install/receiver/share/receiver/environment/ament_prefix_path.sh
[0.533s] -- Installing: /home/ayaan/URC/URC/install/receiver/share/receiver/environment/ament_prefix_path.dsv
[0.533s] -- Installing: /home/ayaan/URC/URC/install/receiver/share/receiver/environment/path.sh
[0.534s] -- Installing: /home/ayaan/URC/URC/install/receiver/share/receiver/environment/path.dsv
[0.534s] -- Installing: /home/ayaan/URC/URC/install/receiver/share/receiver/local_setup.bash
[0.534s] -- Installing: /home/ayaan/URC/URC/install/receiver/share/receiver/local_setup.sh
[0.534s] -- Installing: /home/ayaan/URC/URC/install/receiver/share/receiver/local_setup.zsh
[0.534s] -- Installing: /home/ayaan/URC/URC/install/receiver/share/receiver/local_setup.dsv
[0.535s] -- Installing: /home/ayaan/URC/URC/install/receiver/share/receiver/package.dsv
[0.535s] -- Installing: /home/ayaan/URC/URC/install/receiver/share/ament_index/resource_index/packages/receiver
[0.535s] -- Installing: /home/ayaan/URC/URC/install/receiver/share/receiver/cmake/receiverConfig.cmake
[0.535s] -- Installing: /home/ayaan/URC/URC/install/receiver/share/receiver/cmake/receiverConfig-version.cmake
[0.535s] -- Installing: /home/ayaan/URC/URC/install/receiver/share/receiver/package.xml
[0.539s] Invoked command in '/home/ayaan/URC/URC/build/receiver' returned '0': CMAKE_PREFIX_PATH=${CMAKE_PREFIX_PATH}:/home/ayaan/imprimis/imprimis_ws/install/utils:/home/ayaan/imprimis/imprimis_ws/install/map_goal_to_odom:/home/ayaan/imprimis/imprimis_ws/install/gps_nav_bridge:/opt/ros/jazzy DEBUGINFOD_URLS=https://debuginfod.ubuntu.com /usr/bin/cmake --install /home/ayaan/URC/URC/build/receiver
