[0.338s] Invoking command in '/home/admin1/URC/build/receiver': CMAKE_PREFIX_PATH=${CMAKE_PREFIX_PATH}:/opt/ros/jazzy DEBUGINFOD_URLS=https://debuginfod.ubuntu.com /usr/bin/cmake --build /home/admin1/URC/build/receiver -- -j4 -l4
[0.822s] [100%] Built target receive
[0.960s] Invoked command in '/home/admin1/URC/build/receiver' returned '0': CMAKE_PREFIX_PATH=${CMAKE_PREFIX_PATH}:/opt/ros/jazzy DEBUGINFOD_URLS=https://debuginfod.ubuntu.com /usr/bin/cmake --build /home/admin1/URC/build/receiver -- -j4 -l4
[0.975s] Invoking command in '/home/admin1/URC/build/receiver': CMAKE_PREFIX_PATH=${CMAKE_PREFIX_PATH}:/opt/ros/jazzy DEBUGINFOD_URLS=https://debuginfod.ubuntu.com /usr/bin/cmake --install /home/admin1/URC/build/receiver
[1.048s] -- Install configuration: ""
[1.060s] -- Up-to-date: /home/admin1/URC/install/receiver/share/receiver/launch
[1.071s] -- Up-to-date: /home/admin1/URC/install/receiver/share/receiver/launch/receiver_launch.py
[1.081s] -- Up-to-date: /home/admin1/URC/install/receiver/lib/receiver/receive
[1.082s] -- Up-to-date: /home/admin1/URC/install/receiver/share/ament_index/resource_index/package_run_dependencies/receiver
[1.083s] -- Up-to-date: /home/admin1/URC/install/receiver/share/ament_index/resource_index/parent_prefix_path/receiver
[1.084s] -- Up-to-date: /home/admin1/URC/install/receiver/share/receiver/environment/ament_prefix_path.sh
[1.087s] -- Up-to-date: /home/admin1/URC/install/receiver/share/receiver/environment/ament_prefix_path.dsv
[1.087s] -- Up-to-date: /home/admin1/URC/install/receiver/share/receiver/environment/path.sh
[1.088s] -- Up-to-date: /home/admin1/URC/install/receiver/share/receiver/environment/path.dsv
[1.088s] -- Up-to-date: /home/admin1/URC/install/receiver/share/receiver/local_setup.bash
[1.088s] -- Up-to-date: /home/admin1/URC/install/receiver/share/receiver/local_setup.sh
[1.093s] -- Up-to-date: /home/admin1/URC/install/receiver/share/receiver/local_setup.zsh
[1.093s] -- Up-to-date: /home/admin1/URC/install/receiver/share/receiver/local_setup.dsv
[1.094s] -- Installing: /home/admin1/URC/install/receiver/share/receiver/package.dsv
[1.094s] -- Up-to-date: /home/admin1/URC/install/receiver/share/ament_index/resource_index/packages/receiver
[1.095s] -- Up-to-date: /home/admin1/URC/install/receiver/share/receiver/cmake/receiverConfig.cmake
[1.095s] -- Up-to-date: /home/admin1/URC/install/receiver/share/receiver/cmake/receiverConfig-version.cmake
[1.096s] -- Up-to-date: /home/admin1/URC/install/receiver/share/receiver/package.xml
[1.182s] Invoked command in '/home/admin1/URC/build/receiver' returned '0': CMAKE_PREFIX_PATH=${CMAKE_PREFIX_PATH}:/opt/ros/jazzy DEBUGINFOD_URLS=https://debuginfod.ubuntu.com /usr/bin/cmake --install /home/admin1/URC/build/receiver
