[12.315s] Invoking command in '/home/admin1/URC/urc_ws_interbotix/src/interbotix_common_modules': DEBUGINFOD_URLS=https://debuginfod.ubuntu.com PYTHONPATH=/home/admin1/URC/build/interbotix_common_modules/prefix_override:/usr/lib/python3/dist-packages/colcon_core/task/python/colcon_distutils_commands:/home/admin1/URC/install/interbotix_common_modules/lib/python3.12/site-packages:${PYTHONPATH} /usr/bin/python3 -W ignore:setup.py install is deprecated -W ignore:easy_install command is deprecated setup.py egg_info --egg-base ../../../build/interbotix_common_modules build --build-base /home/admin1/URC/build/interbotix_common_modules/build install --record /home/admin1/URC/build/interbotix_common_modules/install.log --single-version-externally-managed install_data
[17.870s] running egg_info
[17.871s] creating ../../../build/interbotix_common_modules/interbotix_common_modules.egg-info
[18.579s] writing ../../../build/interbotix_common_modules/interbotix_common_modules.egg-info/PKG-INFO
[18.581s] writing dependency_links to ../../../build/interbotix_common_modules/interbotix_common_modules.egg-info/dependency_links.txt
[18.591s] writing requirements to ../../../build/interbotix_common_modules/interbotix_common_modules.egg-info/requires.txt
[18.598s] writing top-level names to ../../../build/interbotix_common_modules/interbotix_common_modules.egg-info/top_level.txt
[18.599s] writing manifest file '../../../build/interbotix_common_modules/interbotix_common_modules.egg-info/SOURCES.txt'
[19.381s] reading manifest file '../../../build/interbotix_common_modules/interbotix_common_modules.egg-info/SOURCES.txt'
[19.393s] writing manifest file '../../../build/interbotix_common_modules/interbotix_common_modules.egg-info/SOURCES.txt'
[19.403s] running build
[19.404s] running build_py
[19.405s] creating /home/admin1/URC/build/interbotix_common_modules/build
[19.405s] creating /home/admin1/URC/build/interbotix_common_modules/build/lib
[19.415s] creating /home/admin1/URC/build/interbotix_common_modules/build/lib/interbotix_common_modules
[19.424s] copying interbotix_common_modules/__init__.py -> /home/admin1/URC/build/interbotix_common_modules/build/lib/interbotix_common_modules
[19.425s] creating /home/admin1/URC/build/interbotix_common_modules/build/lib/interbotix_common_modules/common_robot
[19.425s] copying interbotix_common_modules/common_robot/robot.py -> /home/admin1/URC/build/interbotix_common_modules/build/lib/interbotix_common_modules/common_robot
[19.436s] copying interbotix_common_modules/common_robot/exceptions.py -> /home/admin1/URC/build/interbotix_common_modules/build/lib/interbotix_common_modules/common_robot
[19.440s] copying interbotix_common_modules/common_robot/__init__.py -> /home/admin1/URC/build/interbotix_common_modules/build/lib/interbotix_common_modules/common_robot
[19.441s] creating /home/admin1/URC/build/interbotix_common_modules/build/lib/interbotix_common_modules/launch
[19.446s] copying interbotix_common_modules/launch/or_condition.py -> /home/admin1/URC/build/interbotix_common_modules/build/lib/interbotix_common_modules/launch
[19.454s] copying interbotix_common_modules/launch/__init__.py -> /home/admin1/URC/build/interbotix_common_modules/build/lib/interbotix_common_modules/launch
[19.455s] copying interbotix_common_modules/launch/and_condition.py -> /home/admin1/URC/build/interbotix_common_modules/build/lib/interbotix_common_modules/launch
[19.459s] creating /home/admin1/URC/build/interbotix_common_modules/build/lib/interbotix_common_modules/py_common
[19.470s] copying interbotix_common_modules/py_common/params.py -> /home/admin1/URC/build/interbotix_common_modules/build/lib/interbotix_common_modules/py_common
[19.476s] copying interbotix_common_modules/py_common/__init__.py -> /home/admin1/URC/build/interbotix_common_modules/build/lib/interbotix_common_modules/py_common
[19.487s] creating /home/admin1/URC/build/interbotix_common_modules/build/lib/interbotix_common_modules/angle_manipulation
[19.488s] copying interbotix_common_modules/angle_manipulation/angle_manipulation.py -> /home/admin1/URC/build/interbotix_common_modules/build/lib/interbotix_common_modules/angle_manipulation
[19.496s] copying interbotix_common_modules/angle_manipulation/__init__.py -> /home/admin1/URC/build/interbotix_common_modules/build/lib/interbotix_common_modules/angle_manipulation
[19.499s] running install
[19.602s] running install_lib
[20.507s] creating /home/admin1/URC/install/interbotix_common_modules/lib/python3.12/site-packages/interbotix_common_modules
[20.525s] creating /home/admin1/URC/install/interbotix_common_modules/lib/python3.12/site-packages/interbotix_common_modules/common_robot
[20.526s] copying /home/admin1/URC/build/interbotix_common_modules/build/lib/interbotix_common_modules/common_robot/robot.py -> /home/admin1/URC/install/interbotix_common_modules/lib/python3.12/site-packages/interbotix_common_modules/common_robot
[20.533s] copying /home/admin1/URC/build/interbotix_common_modules/build/lib/interbotix_common_modules/common_robot/exceptions.py -> /home/admin1/URC/install/interbotix_common_modules/lib/python3.12/site-packages/interbotix_common_modules/common_robot
[20.552s] copying /home/admin1/URC/build/interbotix_common_modules/build/lib/interbotix_common_modules/common_robot/__init__.py -> /home/admin1/URC/install/interbotix_common_modules/lib/python3.12/site-packages/interbotix_common_modules/common_robot
[20.553s] creating /home/admin1/URC/install/interbotix_common_modules/lib/python3.12/site-packages/interbotix_common_modules/launch
[20.572s] copying /home/admin1/URC/build/interbotix_common_modules/build/lib/interbotix_common_modules/launch/or_condition.py -> /home/admin1/URC/install/interbotix_common_modules/lib/python3.12/site-packages/interbotix_common_modules/launch
[20.573s] copying /home/admin1/URC/build/interbotix_common_modules/build/lib/interbotix_common_modules/launch/__init__.py -> /home/admin1/URC/install/interbotix_common_modules/lib/python3.12/site-packages/interbotix_common_modules/launch
[20.580s] copying /home/admin1/URC/build/interbotix_common_modules/build/lib/interbotix_common_modules/launch/and_condition.py -> /home/admin1/URC/install/interbotix_common_modules/lib/python3.12/site-packages/interbotix_common_modules/launch
[20.586s] copying /home/admin1/URC/build/interbotix_common_modules/build/lib/interbotix_common_modules/__init__.py -> /home/admin1/URC/install/interbotix_common_modules/lib/python3.12/site-packages/interbotix_common_modules
[20.605s] creating /home/admin1/URC/install/interbotix_common_modules/lib/python3.12/site-packages/interbotix_common_modules/py_common
[20.608s] copying /home/admin1/URC/build/interbotix_common_modules/build/lib/interbotix_common_modules/py_common/params.py -> /home/admin1/URC/install/interbotix_common_modules/lib/python3.12/site-packages/interbotix_common_modules/py_common
[20.624s] copying /home/admin1/URC/build/interbotix_common_modules/build/lib/interbotix_common_modules/py_common/__init__.py -> /home/admin1/URC/install/interbotix_common_modules/lib/python3.12/site-packages/interbotix_common_modules/py_common
[20.630s] creating /home/admin1/URC/install/interbotix_common_modules/lib/python3.12/site-packages/interbotix_common_modules/angle_manipulation
[20.641s] copying /home/admin1/URC/build/interbotix_common_modules/build/lib/interbotix_common_modules/angle_manipulation/angle_manipulation.py -> /home/admin1/URC/install/interbotix_common_modules/lib/python3.12/site-packages/interbotix_common_modules/angle_manipulation
[20.647s] copying /home/admin1/URC/build/interbotix_common_modules/build/lib/interbotix_common_modules/angle_manipulation/__init__.py -> /home/admin1/URC/install/interbotix_common_modules/lib/python3.12/site-packages/interbotix_common_modules/angle_manipulation
[20.664s] byte-compiling /home/admin1/URC/install/interbotix_common_modules/lib/python3.12/site-packages/interbotix_common_modules/common_robot/robot.py to robot.cpython-312.pyc
[20.719s] byte-compiling /home/admin1/URC/install/interbotix_common_modules/lib/python3.12/site-packages/interbotix_common_modules/common_robot/exceptions.py to exceptions.cpython-312.pyc
[20.725s] byte-compiling /home/admin1/URC/install/interbotix_common_modules/lib/python3.12/site-packages/interbotix_common_modules/common_robot/__init__.py to __init__.cpython-312.pyc
[20.726s] byte-compiling /home/admin1/URC/install/interbotix_common_modules/lib/python3.12/site-packages/interbotix_common_modules/launch/or_condition.py to or_condition.cpython-312.pyc
[20.741s] byte-compiling /home/admin1/URC/install/interbotix_common_modules/lib/python3.12/site-packages/interbotix_common_modules/launch/__init__.py to __init__.cpython-312.pyc
[20.743s] byte-compiling /home/admin1/URC/install/interbotix_common_modules/lib/python3.12/site-packages/interbotix_common_modules/launch/and_condition.py to and_condition.cpython-312.pyc
[20.760s] byte-compiling /home/admin1/URC/install/interbotix_common_modules/lib/python3.12/site-packages/interbotix_common_modules/__init__.py to __init__.cpython-312.pyc
[20.770s] byte-compiling /home/admin1/URC/install/interbotix_common_modules/lib/python3.12/site-packages/interbotix_common_modules/py_common/params.py to params.cpython-312.pyc
[20.782s] byte-compiling /home/admin1/URC/install/interbotix_common_modules/lib/python3.12/site-packages/interbotix_common_modules/py_common/__init__.py to __init__.cpython-312.pyc
[20.794s] byte-compiling /home/admin1/URC/install/interbotix_common_modules/lib/python3.12/site-packages/interbotix_common_modules/angle_manipulation/angle_manipulation.py to angle_manipulation.cpython-312.pyc
[20.820s] byte-compiling /home/admin1/URC/install/interbotix_common_modules/lib/python3.12/site-packages/interbotix_common_modules/angle_manipulation/__init__.py to __init__.cpython-312.pyc
[20.829s] running install_data
[20.841s] creating /home/admin1/URC/install/interbotix_common_modules/share/ament_index
[20.842s] creating /home/admin1/URC/install/interbotix_common_modules/share/ament_index/resource_index
[20.843s] creating /home/admin1/URC/install/interbotix_common_modules/share/ament_index/resource_index/packages
[20.845s] copying resource/interbotix_common_modules -> /home/admin1/URC/install/interbotix_common_modules/share/ament_index/resource_index/packages
[20.849s] copying package.xml -> /home/admin1/URC/install/interbotix_common_modules/share/interbotix_common_modules
[20.861s] running install_egg_info
[21.367s] Copying ../../../build/interbotix_common_modules/interbotix_common_modules.egg-info to /home/admin1/URC/install/interbotix_common_modules/lib/python3.12/site-packages/interbotix_common_modules-0.0.0-py3.12.egg-info
[21.394s] running install_scripts
[23.496s] writing list of installed files to '/home/admin1/URC/build/interbotix_common_modules/install.log'
[24.052s] Invoked command in '/home/admin1/URC/urc_ws_interbotix/src/interbotix_common_modules' returned '0': DEBUGINFOD_URLS=https://debuginfod.ubuntu.com PYTHONPATH=/home/admin1/URC/build/interbotix_common_modules/prefix_override:/usr/lib/python3/dist-packages/colcon_core/task/python/colcon_distutils_commands:/home/admin1/URC/install/interbotix_common_modules/lib/python3.12/site-packages:${PYTHONPATH} /usr/bin/python3 -W ignore:setup.py install is deprecated -W ignore:easy_install command is deprecated setup.py egg_info --egg-base ../../../build/interbotix_common_modules build --build-base /home/admin1/URC/build/interbotix_common_modules/build install --record /home/admin1/URC/build/interbotix_common_modules/install.log --single-version-externally-managed install_data
