[1.609s] DEBUG:colcon:Command line arguments: ['/usr/bin/colcon', 'build', '--packages-select', 'interbotix_xsarm_control']
[1.610s] DEBUG:colcon:Parsed command line arguments: Namespace(log_base=None, log_level=None, verb_name='build', build_base='build', install_base='install', merge_install=False, symlink_install=False, test_result_base=None, continue_on_error=False, executor='parallel', parallel_workers=4, event_handlers=None, ignore_user_meta=False, metas=['./colcon.meta'], base_paths=['.'], packages_ignore=None, packages_ignore_regex=None, paths=None, packages_up_to=None, packages_up_to_regex=None, packages_above=None, packages_above_and_dependencies=None, packages_above_depth=None, packages_select_by_dep=None, packages_skip_by_dep=None, packages_skip_up_to=None, packages_select_build_failed=False, packages_skip_build_finished=False, packages_select_test_failures=False, packages_skip_test_passed=False, packages_select=['interbotix_xsarm_control'], packages_skip=None, packages_select_regex=None, packages_skip_regex=None, packages_start=None, packages_end=None, allow_overriding=[], cmake_args=None, cmake_target=None, cmake_target_skip_unavailable=False, cmake_clean_cache=False, cmake_clean_first=False, cmake_force_configure=False, ament_cmake_args=None, catkin_cmake_args=None, catkin_skip_building_tests=False, mixin_files=None, mixin=None, verb_parser=<colcon_mixin.mixin.mixin_argument.MixinArgumentDecorator object at 0xffff837fd010>, verb_extension=<colcon_core.verb.build.BuildVerb object at 0xffff839c58e0>, main=<bound method BuildVerb.main of <colcon_core.verb.build.BuildVerb object at 0xffff839c58e0>>, mixin_verb=('build',))
[1.954s] Level 1:colcon.colcon_core.package_discovery:discover_packages(colcon_meta) check parameters
[1.955s] Level 1:colcon.colcon_core.package_discovery:discover_packages(recursive) check parameters
[1.959s] Level 1:colcon.colcon_core.package_discovery:discover_packages(ignore) check parameters
[1.959s] Level 1:colcon.colcon_core.package_discovery:discover_packages(path) check parameters
[1.960s] Level 1:colcon.colcon_core.package_discovery:discover_packages(colcon_meta) discover
[1.960s] Level 1:colcon.colcon_core.package_discovery:discover_packages(recursive) discover
[1.961s] INFO:colcon.colcon_core.package_discovery:Crawling recursively for packages in '/home/admin1/URC'
[1.962s] Level 1:colcon.colcon_core.package_identification:_identify(.) by extensions ['ignore', 'ignore_ament_install']
[1.963s] Level 1:colcon.colcon_core.package_identification:_identify(.) by extension 'ignore'
[1.964s] Level 1:colcon.colcon_core.package_identification:_identify(.) by extension 'ignore_ament_install'
[1.966s] Level 1:colcon.colcon_core.package_identification:_identify(.) by extensions ['colcon_pkg']
[1.967s] Level 1:colcon.colcon_core.package_identification:_identify(.) by extension 'colcon_pkg'
[1.968s] Level 1:colcon.colcon_core.package_identification:_identify(.) by extensions ['colcon_meta']
[1.968s] Level 1:colcon.colcon_core.package_identification:_identify(.) by extension 'colcon_meta'
[1.969s] Level 1:colcon.colcon_core.package_identification:_identify(.) by extensions ['ros']
[1.970s] Level 1:colcon.colcon_core.package_identification:_identify(.) by extension 'ros'
[2.174s] Level 1:colcon.colcon_core.package_identification:_identify(.) by extensions ['cmake', 'python']
[2.175s] Level 1:colcon.colcon_core.package_identification:_identify(.) by extension 'cmake'
[2.177s] Level 1:colcon.colcon_core.package_identification:_identify(.) by extension 'python'
[2.178s] Level 1:colcon.colcon_core.package_identification:_identify(.) by extensions ['python_setup_py']
[2.178s] Level 1:colcon.colcon_core.package_identification:_identify(.) by extension 'python_setup_py'
[2.179s] Level 1:colcon.colcon_core.package_identification:_identify(EspFirmware) by extensions ['ignore', 'ignore_ament_install']
[2.180s] Level 1:colcon.colcon_core.package_identification:_identify(EspFirmware) by extension 'ignore'
[2.182s] Level 1:colcon.colcon_core.package_identification:_identify(EspFirmware) by extension 'ignore_ament_install'
[2.183s] Level 1:colcon.colcon_core.package_identification:_identify(EspFirmware) by extensions ['colcon_pkg']
[2.183s] Level 1:colcon.colcon_core.package_identification:_identify(EspFirmware) by extension 'colcon_pkg'
[2.184s] Level 1:colcon.colcon_core.package_identification:_identify(EspFirmware) by extensions ['colcon_meta']
[2.185s] Level 1:colcon.colcon_core.package_identification:_identify(EspFirmware) by extension 'colcon_meta'
[2.186s] Level 1:colcon.colcon_core.package_identification:_identify(EspFirmware) by extensions ['ros']
[2.187s] Level 1:colcon.colcon_core.package_identification:_identify(EspFirmware) by extension 'ros'
[2.188s] Level 1:colcon.colcon_core.package_identification:_identify(EspFirmware) by extensions ['cmake', 'python']
[2.189s] Level 1:colcon.colcon_core.package_identification:_identify(EspFirmware) by extension 'cmake'
[2.190s] Level 1:colcon.colcon_core.package_identification:_identify(EspFirmware) by extension 'python'
[2.191s] Level 1:colcon.colcon_core.package_identification:_identify(EspFirmware) by extensions ['python_setup_py']
[2.192s] Level 1:colcon.colcon_core.package_identification:_identify(EspFirmware) by extension 'python_setup_py'
[2.193s] Level 1:colcon.colcon_core.package_identification:_identify(EspFirmware/ArmController) by extensions ['ignore', 'ignore_ament_install']
[2.194s] Level 1:colcon.colcon_core.package_identification:_identify(EspFirmware/ArmController) by extension 'ignore'
[2.195s] Level 1:colcon.colcon_core.package_identification:_identify(EspFirmware/ArmController) by extension 'ignore_ament_install'
[2.195s] Level 1:colcon.colcon_core.package_identification:_identify(EspFirmware/ArmController) by extensions ['colcon_pkg']
[2.196s] Level 1:colcon.colcon_core.package_identification:_identify(EspFirmware/ArmController) by extension 'colcon_pkg'
[2.196s] Level 1:colcon.colcon_core.package_identification:_identify(EspFirmware/ArmController) by extensions ['colcon_meta']
[2.196s] Level 1:colcon.colcon_core.package_identification:_identify(EspFirmware/ArmController) by extension 'colcon_meta'
[2.197s] Level 1:colcon.colcon_core.package_identification:_identify(EspFirmware/ArmController) by extensions ['ros']
[2.197s] Level 1:colcon.colcon_core.package_identification:_identify(EspFirmware/ArmController) by extension 'ros'
[2.198s] Level 1:colcon.colcon_core.package_identification:_identify(EspFirmware/ArmController) by extensions ['cmake', 'python']
[2.198s] Level 1:colcon.colcon_core.package_identification:_identify(EspFirmware/ArmController) by extension 'cmake'
[2.199s] Level 1:colcon.colcon_core.package_identification:_identify(EspFirmware/ArmController) by extension 'python'
[2.199s] Level 1:colcon.colcon_core.package_identification:_identify(EspFirmware/ArmController) by extensions ['python_setup_py']
[2.200s] Level 1:colcon.colcon_core.package_identification:_identify(EspFirmware/ArmController) by extension 'python_setup_py'
[2.202s] Level 1:colcon.colcon_core.package_identification:_identify(EspFirmware/ArmController/build) by extensions ['ignore', 'ignore_ament_install']
[2.204s] Level 1:colcon.colcon_core.package_identification:_identify(EspFirmware/ArmController/build) by extension 'ignore'
[2.206s] Level 1:colcon.colcon_core.package_identification:_identify(EspFirmware/ArmController/build) ignored
[2.208s] Level 1:colcon.colcon_core.package_identification:_identify(EspFirmware/ArmController/include) by extensions ['ignore', 'ignore_ament_install']
[2.210s] Level 1:colcon.colcon_core.package_identification:_identify(EspFirmware/ArmController/include) by extension 'ignore'
[2.212s] Level 1:colcon.colcon_core.package_identification:_identify(EspFirmware/ArmController/include) by extension 'ignore_ament_install'
[2.213s] Level 1:colcon.colcon_core.package_identification:_identify(EspFirmware/ArmController/include) by extensions ['colcon_pkg']
[2.215s] Level 1:colcon.colcon_core.package_identification:_identify(EspFirmware/ArmController/include) by extension 'colcon_pkg'
[2.217s] Level 1:colcon.colcon_core.package_identification:_identify(EspFirmware/ArmController/include) by extensions ['colcon_meta']
[2.217s] Level 1:colcon.colcon_core.package_identification:_identify(EspFirmware/ArmController/include) by extension 'colcon_meta'
[2.218s] Level 1:colcon.colcon_core.package_identification:_identify(EspFirmware/ArmController/include) by extensions ['ros']
[2.218s] Level 1:colcon.colcon_core.package_identification:_identify(EspFirmware/ArmController/include) by extension 'ros'
[2.219s] Level 1:colcon.colcon_core.package_identification:_identify(EspFirmware/ArmController/include) by extensions ['cmake', 'python']
[2.220s] Level 1:colcon.colcon_core.package_identification:_identify(EspFirmware/ArmController/include) by extension 'cmake'
[2.220s] Level 1:colcon.colcon_core.package_identification:_identify(EspFirmware/ArmController/include) by extension 'python'
[2.221s] Level 1:colcon.colcon_core.package_identification:_identify(EspFirmware/ArmController/include) by extensions ['python_setup_py']
[2.221s] Level 1:colcon.colcon_core.package_identification:_identify(EspFirmware/ArmController/include) by extension 'python_setup_py'
[2.222s] Level 1:colcon.colcon_core.package_identification:_identify(EspFirmware/ArmController/install) by extensions ['ignore', 'ignore_ament_install']
[2.223s] Level 1:colcon.colcon_core.package_identification:_identify(EspFirmware/ArmController/install) by extension 'ignore'
[2.223s] Level 1:colcon.colcon_core.package_identification:_identify(EspFirmware/ArmController/install) ignored
[2.224s] Level 1:colcon.colcon_core.package_identification:_identify(EspFirmware/ArmController/lib) by extensions ['ignore', 'ignore_ament_install']
[2.225s] Level 1:colcon.colcon_core.package_identification:_identify(EspFirmware/ArmController/lib) by extension 'ignore'
[2.226s] Level 1:colcon.colcon_core.package_identification:_identify(EspFirmware/ArmController/lib) by extension 'ignore_ament_install'
[2.226s] Level 1:colcon.colcon_core.package_identification:_identify(EspFirmware/ArmController/lib) by extensions ['colcon_pkg']
[2.227s] Level 1:colcon.colcon_core.package_identification:_identify(EspFirmware/ArmController/lib) by extension 'colcon_pkg'
[2.227s] Level 1:colcon.colcon_core.package_identification:_identify(EspFirmware/ArmController/lib) by extensions ['colcon_meta']
[2.227s] Level 1:colcon.colcon_core.package_identification:_identify(EspFirmware/ArmController/lib) by extension 'colcon_meta'
[2.228s] Level 1:colcon.colcon_core.package_identification:_identify(EspFirmware/ArmController/lib) by extensions ['ros']
[2.228s] Level 1:colcon.colcon_core.package_identification:_identify(EspFirmware/ArmController/lib) by extension 'ros'
[2.229s] Level 1:colcon.colcon_core.package_identification:_identify(EspFirmware/ArmController/lib) by extensions ['cmake', 'python']
[2.230s] Level 1:colcon.colcon_core.package_identification:_identify(EspFirmware/ArmController/lib) by extension 'cmake'
[2.230s] Level 1:colcon.colcon_core.package_identification:_identify(EspFirmware/ArmController/lib) by extension 'python'
[2.230s] Level 1:colcon.colcon_core.package_identification:_identify(EspFirmware/ArmController/lib) by extensions ['python_setup_py']
[2.231s] Level 1:colcon.colcon_core.package_identification:_identify(EspFirmware/ArmController/lib) by extension 'python_setup_py'
[2.232s] Level 1:colcon.colcon_core.package_identification:_identify(EspFirmware/ArmController/log) by extensions ['ignore', 'ignore_ament_install']
[2.232s] Level 1:colcon.colcon_core.package_identification:_identify(EspFirmware/ArmController/log) by extension 'ignore'
[2.233s] Level 1:colcon.colcon_core.package_identification:_identify(EspFirmware/ArmController/log) ignored
[2.234s] Level 1:colcon.colcon_core.package_identification:_identify(EspFirmware/ArmController/src) by extensions ['ignore', 'ignore_ament_install']
[2.235s] Level 1:colcon.colcon_core.package_identification:_identify(EspFirmware/ArmController/src) by extension 'ignore'
[2.235s] Level 1:colcon.colcon_core.package_identification:_identify(EspFirmware/ArmController/src) by extension 'ignore_ament_install'
[2.236s] Level 1:colcon.colcon_core.package_identification:_identify(EspFirmware/ArmController/src) by extensions ['colcon_pkg']
[2.236s] Level 1:colcon.colcon_core.package_identification:_identify(EspFirmware/ArmController/src) by extension 'colcon_pkg'
[2.237s] Level 1:colcon.colcon_core.package_identification:_identify(EspFirmware/ArmController/src) by extensions ['colcon_meta']
[2.237s] Level 1:colcon.colcon_core.package_identification:_identify(EspFirmware/ArmController/src) by extension 'colcon_meta'
[2.238s] Level 1:colcon.colcon_core.package_identification:_identify(EspFirmware/ArmController/src) by extensions ['ros']
[2.238s] Level 1:colcon.colcon_core.package_identification:_identify(EspFirmware/ArmController/src) by extension 'ros'
[2.240s] Level 1:colcon.colcon_core.package_identification:_identify(EspFirmware/ArmController/src) by extensions ['cmake', 'python']
[2.241s] Level 1:colcon.colcon_core.package_identification:_identify(EspFirmware/ArmController/src) by extension 'cmake'
[2.242s] Level 1:colcon.colcon_core.package_identification:_identify(EspFirmware/ArmController/src) by extension 'python'
[2.243s] Level 1:colcon.colcon_core.package_identification:_identify(EspFirmware/ArmController/src) by extensions ['python_setup_py']
[2.244s] Level 1:colcon.colcon_core.package_identification:_identify(EspFirmware/ArmController/src) by extension 'python_setup_py'
[2.246s] Level 1:colcon.colcon_core.package_identification:_identify(EspFirmware/ArmController/test) by extensions ['ignore', 'ignore_ament_install']
[2.248s] Level 1:colcon.colcon_core.package_identification:_identify(EspFirmware/ArmController/test) by extension 'ignore'
[2.249s] Level 1:colcon.colcon_core.package_identification:_identify(EspFirmware/ArmController/test) by extension 'ignore_ament_install'
[2.250s] Level 1:colcon.colcon_core.package_identification:_identify(EspFirmware/ArmController/test) by extensions ['colcon_pkg']
[2.251s] Level 1:colcon.colcon_core.package_identification:_identify(EspFirmware/ArmController/test) by extension 'colcon_pkg'
[2.252s] Level 1:colcon.colcon_core.package_identification:_identify(EspFirmware/ArmController/test) by extensions ['colcon_meta']
[2.252s] Level 1:colcon.colcon_core.package_identification:_identify(EspFirmware/ArmController/test) by extension 'colcon_meta'
[2.252s] Level 1:colcon.colcon_core.package_identification:_identify(EspFirmware/ArmController/test) by extensions ['ros']
[2.253s] Level 1:colcon.colcon_core.package_identification:_identify(EspFirmware/ArmController/test) by extension 'ros'
[2.255s] Level 1:colcon.colcon_core.package_identification:_identify(EspFirmware/ArmController/test) by extensions ['cmake', 'python']
[2.255s] Level 1:colcon.colcon_core.package_identification:_identify(EspFirmware/ArmController/test) by extension 'cmake'
[2.256s] Level 1:colcon.colcon_core.package_identification:_identify(EspFirmware/ArmController/test) by extension 'python'
[2.257s] Level 1:colcon.colcon_core.package_identification:_identify(EspFirmware/ArmController/test) by extensions ['python_setup_py']
[2.258s] Level 1:colcon.colcon_core.package_identification:_identify(EspFirmware/ArmController/test) by extension 'python_setup_py'
[2.259s] Level 1:colcon.colcon_core.package_identification:_identify(EspFirmware/HandController) by extensions ['ignore', 'ignore_ament_install']
[2.260s] Level 1:colcon.colcon_core.package_identification:_identify(EspFirmware/HandController) by extension 'ignore'
[2.261s] Level 1:colcon.colcon_core.package_identification:_identify(EspFirmware/HandController) by extension 'ignore_ament_install'
[2.262s] Level 1:colcon.colcon_core.package_identification:_identify(EspFirmware/HandController) by extensions ['colcon_pkg']
[2.263s] Level 1:colcon.colcon_core.package_identification:_identify(EspFirmware/HandController) by extension 'colcon_pkg'
[2.263s] Level 1:colcon.colcon_core.package_identification:_identify(EspFirmware/HandController) by extensions ['colcon_meta']
[2.264s] Level 1:colcon.colcon_core.package_identification:_identify(EspFirmware/HandController) by extension 'colcon_meta'
[2.264s] Level 1:colcon.colcon_core.package_identification:_identify(EspFirmware/HandController) by extensions ['ros']
[2.265s] Level 1:colcon.colcon_core.package_identification:_identify(EspFirmware/HandController) by extension 'ros'
[2.268s] Level 1:colcon.colcon_core.package_identification:_identify(EspFirmware/HandController) by extensions ['cmake', 'python']
[2.269s] Level 1:colcon.colcon_core.package_identification:_identify(EspFirmware/HandController) by extension 'cmake'
[2.269s] Level 1:colcon.colcon_core.package_identification:_identify(EspFirmware/HandController) by extension 'python'
[2.270s] Level 1:colcon.colcon_core.package_identification:_identify(EspFirmware/HandController) by extensions ['python_setup_py']
[2.271s] Level 1:colcon.colcon_core.package_identification:_identify(EspFirmware/HandController) by extension 'python_setup_py'
[2.272s] Level 1:colcon.colcon_core.package_identification:_identify(EspFirmware/HandController/include) by extensions ['ignore', 'ignore_ament_install']
[2.273s] Level 1:colcon.colcon_core.package_identification:_identify(EspFirmware/HandController/include) by extension 'ignore'
[2.274s] Level 1:colcon.colcon_core.package_identification:_identify(EspFirmware/HandController/include) by extension 'ignore_ament_install'
[2.275s] Level 1:colcon.colcon_core.package_identification:_identify(EspFirmware/HandController/include) by extensions ['colcon_pkg']
[2.276s] Level 1:colcon.colcon_core.package_identification:_identify(EspFirmware/HandController/include) by extension 'colcon_pkg'
[2.276s] Level 1:colcon.colcon_core.package_identification:_identify(EspFirmware/HandController/include) by extensions ['colcon_meta']
[2.277s] Level 1:colcon.colcon_core.package_identification:_identify(EspFirmware/HandController/include) by extension 'colcon_meta'
[2.277s] Level 1:colcon.colcon_core.package_identification:_identify(EspFirmware/HandController/include) by extensions ['ros']
[2.277s] Level 1:colcon.colcon_core.package_identification:_identify(EspFirmware/HandController/include) by extension 'ros'
[2.278s] Level 1:colcon.colcon_core.package_identification:_identify(EspFirmware/HandController/include) by extensions ['cmake', 'python']
[2.279s] Level 1:colcon.colcon_core.package_identification:_identify(EspFirmware/HandController/include) by extension 'cmake'
[2.282s] Level 1:colcon.colcon_core.package_identification:_identify(EspFirmware/HandController/include) by extension 'python'
[2.283s] Level 1:colcon.colcon_core.package_identification:_identify(EspFirmware/HandController/include) by extensions ['python_setup_py']
[2.284s] Level 1:colcon.colcon_core.package_identification:_identify(EspFirmware/HandController/include) by extension 'python_setup_py'
[2.287s] Level 1:colcon.colcon_core.package_identification:_identify(EspFirmware/HandController/lib) by extensions ['ignore', 'ignore_ament_install']
[2.290s] Level 1:colcon.colcon_core.package_identification:_identify(EspFirmware/HandController/lib) by extension 'ignore'
[2.295s] Level 1:colcon.colcon_core.package_identification:_identify(EspFirmware/HandController/lib) by extension 'ignore_ament_install'
[2.301s] Level 1:colcon.colcon_core.package_identification:_identify(EspFirmware/HandController/lib) by extensions ['colcon_pkg']
[2.303s] Level 1:colcon.colcon_core.package_identification:_identify(EspFirmware/HandController/lib) by extension 'colcon_pkg'
[2.306s] Level 1:colcon.colcon_core.package_identification:_identify(EspFirmware/HandController/lib) by extensions ['colcon_meta']
[2.306s] Level 1:colcon.colcon_core.package_identification:_identify(EspFirmware/HandController/lib) by extension 'colcon_meta'
[2.307s] Level 1:colcon.colcon_core.package_identification:_identify(EspFirmware/HandController/lib) by extensions ['ros']
[2.307s] Level 1:colcon.colcon_core.package_identification:_identify(EspFirmware/HandController/lib) by extension 'ros'
[2.310s] Level 1:colcon.colcon_core.package_identification:_identify(EspFirmware/HandController/lib) by extensions ['cmake', 'python']
[2.310s] Level 1:colcon.colcon_core.package_identification:_identify(EspFirmware/HandController/lib) by extension 'cmake'
[2.311s] Level 1:colcon.colcon_core.package_identification:_identify(EspFirmware/HandController/lib) by extension 'python'
[2.311s] Level 1:colcon.colcon_core.package_identification:_identify(EspFirmware/HandController/lib) by extensions ['python_setup_py']
[2.316s] Level 1:colcon.colcon_core.package_identification:_identify(EspFirmware/HandController/lib) by extension 'python_setup_py'
[2.317s] Level 1:colcon.colcon_core.package_identification:_identify(EspFirmware/HandController/src) by extensions ['ignore', 'ignore_ament_install']
[2.320s] Level 1:colcon.colcon_core.package_identification:_identify(EspFirmware/HandController/src) by extension 'ignore'
[2.325s] Level 1:colcon.colcon_core.package_identification:_identify(EspFirmware/HandController/src) by extension 'ignore_ament_install'
[2.326s] Level 1:colcon.colcon_core.package_identification:_identify(EspFirmware/HandController/src) by extensions ['colcon_pkg']
[2.326s] Level 1:colcon.colcon_core.package_identification:_identify(EspFirmware/HandController/src) by extension 'colcon_pkg'
[2.326s] Level 1:colcon.colcon_core.package_identification:_identify(EspFirmware/HandController/src) by extensions ['colcon_meta']
[2.327s] Level 1:colcon.colcon_core.package_identification:_identify(EspFirmware/HandController/src) by extension 'colcon_meta'
[2.328s] Level 1:colcon.colcon_core.package_identification:_identify(EspFirmware/HandController/src) by extensions ['ros']
[2.328s] Level 1:colcon.colcon_core.package_identification:_identify(EspFirmware/HandController/src) by extension 'ros'
[2.331s] Level 1:colcon.colcon_core.package_identification:_identify(EspFirmware/HandController/src) by extensions ['cmake', 'python']
[2.333s] Level 1:colcon.colcon_core.package_identification:_identify(EspFirmware/HandController/src) by extension 'cmake'
[2.335s] Level 1:colcon.colcon_core.package_identification:_identify(EspFirmware/HandController/src) by extension 'python'
[2.337s] Level 1:colcon.colcon_core.package_identification:_identify(EspFirmware/HandController/src) by extensions ['python_setup_py']
[2.338s] Level 1:colcon.colcon_core.package_identification:_identify(EspFirmware/HandController/src) by extension 'python_setup_py'
[2.342s] Level 1:colcon.colcon_core.package_identification:_identify(EspFirmware/HandController/test) by extensions ['ignore', 'ignore_ament_install']
[2.343s] Level 1:colcon.colcon_core.package_identification:_identify(EspFirmware/HandController/test) by extension 'ignore'
[2.348s] Level 1:colcon.colcon_core.package_identification:_identify(EspFirmware/HandController/test) by extension 'ignore_ament_install'
[2.349s] Level 1:colcon.colcon_core.package_identification:_identify(EspFirmware/HandController/test) by extensions ['colcon_pkg']
[2.350s] Level 1:colcon.colcon_core.package_identification:_identify(EspFirmware/HandController/test) by extension 'colcon_pkg'
[2.353s] Level 1:colcon.colcon_core.package_identification:_identify(EspFirmware/HandController/test) by extensions ['colcon_meta']
[2.354s] Level 1:colcon.colcon_core.package_identification:_identify(EspFirmware/HandController/test) by extension 'colcon_meta'
[2.358s] Level 1:colcon.colcon_core.package_identification:_identify(EspFirmware/HandController/test) by extensions ['ros']
[2.358s] Level 1:colcon.colcon_core.package_identification:_identify(EspFirmware/HandController/test) by extension 'ros'
[2.360s] Level 1:colcon.colcon_core.package_identification:_identify(EspFirmware/HandController/test) by extensions ['cmake', 'python']
[2.360s] Level 1:colcon.colcon_core.package_identification:_identify(EspFirmware/HandController/test) by extension 'cmake'
[2.360s] Level 1:colcon.colcon_core.package_identification:_identify(EspFirmware/HandController/test) by extension 'python'
[2.364s] Level 1:colcon.colcon_core.package_identification:_identify(EspFirmware/HandController/test) by extensions ['python_setup_py']
[2.369s] Level 1:colcon.colcon_core.package_identification:_identify(EspFirmware/HandController/test) by extension 'python_setup_py'
[2.382s] Level 1:colcon.colcon_core.package_identification:_identify(EspFirmware/ReceiverBoard) by extensions ['ignore', 'ignore_ament_install']
[2.383s] Level 1:colcon.colcon_core.package_identification:_identify(EspFirmware/ReceiverBoard) by extension 'ignore'
[2.384s] Level 1:colcon.colcon_core.package_identification:_identify(EspFirmware/ReceiverBoard) by extension 'ignore_ament_install'
[2.385s] Level 1:colcon.colcon_core.package_identification:_identify(EspFirmware/ReceiverBoard) by extensions ['colcon_pkg']
[2.385s] Level 1:colcon.colcon_core.package_identification:_identify(EspFirmware/ReceiverBoard) by extension 'colcon_pkg'
[2.389s] Level 1:colcon.colcon_core.package_identification:_identify(EspFirmware/ReceiverBoard) by extensions ['colcon_meta']
[2.392s] Level 1:colcon.colcon_core.package_identification:_identify(EspFirmware/ReceiverBoard) by extension 'colcon_meta'
[2.394s] Level 1:colcon.colcon_core.package_identification:_identify(EspFirmware/ReceiverBoard) by extensions ['ros']
[2.394s] Level 1:colcon.colcon_core.package_identification:_identify(EspFirmware/ReceiverBoard) by extension 'ros'
[2.402s] Level 1:colcon.colcon_core.package_identification:_identify(EspFirmware/ReceiverBoard) by extensions ['cmake', 'python']
[2.402s] Level 1:colcon.colcon_core.package_identification:_identify(EspFirmware/ReceiverBoard) by extension 'cmake'
[2.405s] Level 1:colcon.colcon_core.package_identification:_identify(EspFirmware/ReceiverBoard) by extension 'python'
[2.411s] Level 1:colcon.colcon_core.package_identification:_identify(EspFirmware/ReceiverBoard) by extensions ['python_setup_py']
[2.411s] Level 1:colcon.colcon_core.package_identification:_identify(EspFirmware/ReceiverBoard) by extension 'python_setup_py'
[2.412s] Level 1:colcon.colcon_core.package_identification:_identify(EspFirmware/ReceiverBoard/include) by extensions ['ignore', 'ignore_ament_install']
[2.417s] Level 1:colcon.colcon_core.package_identification:_identify(EspFirmware/ReceiverBoard/include) by extension 'ignore'
[2.418s] Level 1:colcon.colcon_core.package_identification:_identify(EspFirmware/ReceiverBoard/include) by extension 'ignore_ament_install'
[2.418s] Level 1:colcon.colcon_core.package_identification:_identify(EspFirmware/ReceiverBoard/include) by extensions ['colcon_pkg']
[2.419s] Level 1:colcon.colcon_core.package_identification:_identify(EspFirmware/ReceiverBoard/include) by extension 'colcon_pkg'
[2.419s] Level 1:colcon.colcon_core.package_identification:_identify(EspFirmware/ReceiverBoard/include) by extensions ['colcon_meta']
[2.420s] Level 1:colcon.colcon_core.package_identification:_identify(EspFirmware/ReceiverBoard/include) by extension 'colcon_meta'
[2.423s] Level 1:colcon.colcon_core.package_identification:_identify(EspFirmware/ReceiverBoard/include) by extensions ['ros']
[2.423s] Level 1:colcon.colcon_core.package_identification:_identify(EspFirmware/ReceiverBoard/include) by extension 'ros'
[2.424s] Level 1:colcon.colcon_core.package_identification:_identify(EspFirmware/ReceiverBoard/include) by extensions ['cmake', 'python']
[2.425s] Level 1:colcon.colcon_core.package_identification:_identify(EspFirmware/ReceiverBoard/include) by extension 'cmake'
[2.426s] Level 1:colcon.colcon_core.package_identification:_identify(EspFirmware/ReceiverBoard/include) by extension 'python'
[2.429s] Level 1:colcon.colcon_core.package_identification:_identify(EspFirmware/ReceiverBoard/include) by extensions ['python_setup_py']
[2.430s] Level 1:colcon.colcon_core.package_identification:_identify(EspFirmware/ReceiverBoard/include) by extension 'python_setup_py'
[2.433s] Level 1:colcon.colcon_core.package_identification:_identify(EspFirmware/ReceiverBoard/lib) by extensions ['ignore', 'ignore_ament_install']
[2.438s] Level 1:colcon.colcon_core.package_identification:_identify(EspFirmware/ReceiverBoard/lib) by extension 'ignore'
[2.444s] Level 1:colcon.colcon_core.package_identification:_identify(EspFirmware/ReceiverBoard/lib) by extension 'ignore_ament_install'
[2.445s] Level 1:colcon.colcon_core.package_identification:_identify(EspFirmware/ReceiverBoard/lib) by extensions ['colcon_pkg']
[2.448s] Level 1:colcon.colcon_core.package_identification:_identify(EspFirmware/ReceiverBoard/lib) by extension 'colcon_pkg'
[2.451s] Level 1:colcon.colcon_core.package_identification:_identify(EspFirmware/ReceiverBoard/lib) by extensions ['colcon_meta']
[2.452s] Level 1:colcon.colcon_core.package_identification:_identify(EspFirmware/ReceiverBoard/lib) by extension 'colcon_meta'
[2.454s] Level 1:colcon.colcon_core.package_identification:_identify(EspFirmware/ReceiverBoard/lib) by extensions ['ros']
[2.455s] Level 1:colcon.colcon_core.package_identification:_identify(EspFirmware/ReceiverBoard/lib) by extension 'ros'
[2.459s] Level 1:colcon.colcon_core.package_identification:_identify(EspFirmware/ReceiverBoard/lib) by extensions ['cmake', 'python']
[2.462s] Level 1:colcon.colcon_core.package_identification:_identify(EspFirmware/ReceiverBoard/lib) by extension 'cmake'
[2.465s] Level 1:colcon.colcon_core.package_identification:_identify(EspFirmware/ReceiverBoard/lib) by extension 'python'
[2.466s] Level 1:colcon.colcon_core.package_identification:_identify(EspFirmware/ReceiverBoard/lib) by extensions ['python_setup_py']
[2.467s] Level 1:colcon.colcon_core.package_identification:_identify(EspFirmware/ReceiverBoard/lib) by extension 'python_setup_py'
[2.468s] Level 1:colcon.colcon_core.package_identification:_identify(EspFirmware/ReceiverBoard/src) by extensions ['ignore', 'ignore_ament_install']
[2.469s] Level 1:colcon.colcon_core.package_identification:_identify(EspFirmware/ReceiverBoard/src) by extension 'ignore'
[2.471s] Level 1:colcon.colcon_core.package_identification:_identify(EspFirmware/ReceiverBoard/src) by extension 'ignore_ament_install'
[2.473s] Level 1:colcon.colcon_core.package_identification:_identify(EspFirmware/ReceiverBoard/src) by extensions ['colcon_pkg']
[2.475s] Level 1:colcon.colcon_core.package_identification:_identify(EspFirmware/ReceiverBoard/src) by extension 'colcon_pkg'
[2.478s] Level 1:colcon.colcon_core.package_identification:_identify(EspFirmware/ReceiverBoard/src) by extensions ['colcon_meta']
[2.479s] Level 1:colcon.colcon_core.package_identification:_identify(EspFirmware/ReceiverBoard/src) by extension 'colcon_meta'
[2.483s] Level 1:colcon.colcon_core.package_identification:_identify(EspFirmware/ReceiverBoard/src) by extensions ['ros']
[2.483s] Level 1:colcon.colcon_core.package_identification:_identify(EspFirmware/ReceiverBoard/src) by extension 'ros'
[2.490s] Level 1:colcon.colcon_core.package_identification:_identify(EspFirmware/ReceiverBoard/src) by extensions ['cmake', 'python']
[2.490s] Level 1:colcon.colcon_core.package_identification:_identify(EspFirmware/ReceiverBoard/src) by extension 'cmake'
[2.493s] Level 1:colcon.colcon_core.package_identification:_identify(EspFirmware/ReceiverBoard/src) by extension 'python'
[2.494s] Level 1:colcon.colcon_core.package_identification:_identify(EspFirmware/ReceiverBoard/src) by extensions ['python_setup_py']
[2.496s] Level 1:colcon.colcon_core.package_identification:_identify(EspFirmware/ReceiverBoard/src) by extension 'python_setup_py'
[2.498s] Level 1:colcon.colcon_core.package_identification:_identify(EspFirmware/ReceiverBoard/test) by extensions ['ignore', 'ignore_ament_install']
[2.504s] Level 1:colcon.colcon_core.package_identification:_identify(EspFirmware/ReceiverBoard/test) by extension 'ignore'
[2.505s] Level 1:colcon.colcon_core.package_identification:_identify(EspFirmware/ReceiverBoard/test) by extension 'ignore_ament_install'
[2.506s] Level 1:colcon.colcon_core.package_identification:_identify(EspFirmware/ReceiverBoard/test) by extensions ['colcon_pkg']
[2.506s] Level 1:colcon.colcon_core.package_identification:_identify(EspFirmware/ReceiverBoard/test) by extension 'colcon_pkg'
[2.506s] Level 1:colcon.colcon_core.package_identification:_identify(EspFirmware/ReceiverBoard/test) by extensions ['colcon_meta']
[2.507s] Level 1:colcon.colcon_core.package_identification:_identify(EspFirmware/ReceiverBoard/test) by extension 'colcon_meta'
[2.516s] Level 1:colcon.colcon_core.package_identification:_identify(EspFirmware/ReceiverBoard/test) by extensions ['ros']
[2.516s] Level 1:colcon.colcon_core.package_identification:_identify(EspFirmware/ReceiverBoard/test) by extension 'ros'
[2.517s] Level 1:colcon.colcon_core.package_identification:_identify(EspFirmware/ReceiverBoard/test) by extensions ['cmake', 'python']
[2.517s] Level 1:colcon.colcon_core.package_identification:_identify(EspFirmware/ReceiverBoard/test) by extension 'cmake'
[2.529s] Level 1:colcon.colcon_core.package_identification:_identify(EspFirmware/ReceiverBoard/test) by extension 'python'
[2.529s] Level 1:colcon.colcon_core.package_identification:_identify(EspFirmware/ReceiverBoard/test) by extensions ['python_setup_py']
[2.530s] Level 1:colcon.colcon_core.package_identification:_identify(EspFirmware/ReceiverBoard/test) by extension 'python_setup_py'
[2.531s] Level 1:colcon.colcon_core.package_identification:_identify(EspFirmware/microRos_sender) by extensions ['ignore', 'ignore_ament_install']
[2.531s] Level 1:colcon.colcon_core.package_identification:_identify(EspFirmware/microRos_sender) by extension 'ignore'
[2.537s] Level 1:colcon.colcon_core.package_identification:_identify(EspFirmware/microRos_sender) by extension 'ignore_ament_install'
[2.543s] Level 1:colcon.colcon_core.package_identification:_identify(EspFirmware/microRos_sender) by extensions ['colcon_pkg']
[2.546s] Level 1:colcon.colcon_core.package_identification:_identify(EspFirmware/microRos_sender) by extension 'colcon_pkg'
[2.547s] Level 1:colcon.colcon_core.package_identification:_identify(EspFirmware/microRos_sender) by extensions ['colcon_meta']
[2.549s] Level 1:colcon.colcon_core.package_identification:_identify(EspFirmware/microRos_sender) by extension 'colcon_meta'
[2.550s] Level 1:colcon.colcon_core.package_identification:_identify(EspFirmware/microRos_sender) by extensions ['ros']
[2.550s] Level 1:colcon.colcon_core.package_identification:_identify(EspFirmware/microRos_sender) by extension 'ros'
[2.551s] Level 1:colcon.colcon_core.package_identification:_identify(EspFirmware/microRos_sender) by extensions ['cmake', 'python']
[2.551s] Level 1:colcon.colcon_core.package_identification:_identify(EspFirmware/microRos_sender) by extension 'cmake'
[2.554s] Level 1:colcon.colcon_core.package_identification:_identify(EspFirmware/microRos_sender) by extension 'python'
[2.556s] Level 1:colcon.colcon_core.package_identification:_identify(EspFirmware/microRos_sender) by extensions ['python_setup_py']
[2.557s] Level 1:colcon.colcon_core.package_identification:_identify(EspFirmware/microRos_sender) by extension 'python_setup_py'
[2.559s] Level 1:colcon.colcon_core.package_identification:_identify(EspFirmware/microRos_sender/include) by extensions ['ignore', 'ignore_ament_install']
[2.560s] Level 1:colcon.colcon_core.package_identification:_identify(EspFirmware/microRos_sender/include) by extension 'ignore'
[2.561s] Level 1:colcon.colcon_core.package_identification:_identify(EspFirmware/microRos_sender/include) by extension 'ignore_ament_install'
[2.563s] Level 1:colcon.colcon_core.package_identification:_identify(EspFirmware/microRos_sender/include) by extensions ['colcon_pkg']
[2.565s] Level 1:colcon.colcon_core.package_identification:_identify(EspFirmware/microRos_sender/include) by extension 'colcon_pkg'
[2.566s] Level 1:colcon.colcon_core.package_identification:_identify(EspFirmware/microRos_sender/include) by extensions ['colcon_meta']
[2.566s] Level 1:colcon.colcon_core.package_identification:_identify(EspFirmware/microRos_sender/include) by extension 'colcon_meta'
[2.567s] Level 1:colcon.colcon_core.package_identification:_identify(EspFirmware/microRos_sender/include) by extensions ['ros']
[2.568s] Level 1:colcon.colcon_core.package_identification:_identify(EspFirmware/microRos_sender/include) by extension 'ros'
[2.570s] Level 1:colcon.colcon_core.package_identification:_identify(EspFirmware/microRos_sender/include) by extensions ['cmake', 'python']
[2.570s] Level 1:colcon.colcon_core.package_identification:_identify(EspFirmware/microRos_sender/include) by extension 'cmake'
[2.571s] Level 1:colcon.colcon_core.package_identification:_identify(EspFirmware/microRos_sender/include) by extension 'python'
[2.573s] Level 1:colcon.colcon_core.package_identification:_identify(EspFirmware/microRos_sender/include) by extensions ['python_setup_py']
[2.575s] Level 1:colcon.colcon_core.package_identification:_identify(EspFirmware/microRos_sender/include) by extension 'python_setup_py'
[2.576s] Level 1:colcon.colcon_core.package_identification:_identify(EspFirmware/microRos_sender/lib) by extensions ['ignore', 'ignore_ament_install']
[2.578s] Level 1:colcon.colcon_core.package_identification:_identify(EspFirmware/microRos_sender/lib) by extension 'ignore'
[2.579s] Level 1:colcon.colcon_core.package_identification:_identify(EspFirmware/microRos_sender/lib) by extension 'ignore_ament_install'
[2.580s] Level 1:colcon.colcon_core.package_identification:_identify(EspFirmware/microRos_sender/lib) by extensions ['colcon_pkg']
[2.580s] Level 1:colcon.colcon_core.package_identification:_identify(EspFirmware/microRos_sender/lib) by extension 'colcon_pkg'
[2.583s] Level 1:colcon.colcon_core.package_identification:_identify(EspFirmware/microRos_sender/lib) by extensions ['colcon_meta']
[2.585s] Level 1:colcon.colcon_core.package_identification:_identify(EspFirmware/microRos_sender/lib) by extension 'colcon_meta'
[2.585s] Level 1:colcon.colcon_core.package_identification:_identify(EspFirmware/microRos_sender/lib) by extensions ['ros']
[2.590s] Level 1:colcon.colcon_core.package_identification:_identify(EspFirmware/microRos_sender/lib) by extension 'ros'
[2.601s] Level 1:colcon.colcon_core.package_identification:_identify(EspFirmware/microRos_sender/lib) by extensions ['cmake', 'python']
[2.602s] Level 1:colcon.colcon_core.package_identification:_identify(EspFirmware/microRos_sender/lib) by extension 'cmake'
[2.607s] Level 1:colcon.colcon_core.package_identification:_identify(EspFirmware/microRos_sender/lib) by extension 'python'
[2.608s] Level 1:colcon.colcon_core.package_identification:_identify(EspFirmware/microRos_sender/lib) by extensions ['python_setup_py']
[2.608s] Level 1:colcon.colcon_core.package_identification:_identify(EspFirmware/microRos_sender/lib) by extension 'python_setup_py'
[2.609s] Level 1:colcon.colcon_core.package_identification:_identify(EspFirmware/microRos_sender/src) by extensions ['ignore', 'ignore_ament_install']
[2.612s] Level 1:colcon.colcon_core.package_identification:_identify(EspFirmware/microRos_sender/src) by extension 'ignore'
[2.616s] Level 1:colcon.colcon_core.package_identification:_identify(EspFirmware/microRos_sender/src) by extension 'ignore_ament_install'
[2.617s] Level 1:colcon.colcon_core.package_identification:_identify(EspFirmware/microRos_sender/src) by extensions ['colcon_pkg']
[2.617s] Level 1:colcon.colcon_core.package_identification:_identify(EspFirmware/microRos_sender/src) by extension 'colcon_pkg'
[2.618s] Level 1:colcon.colcon_core.package_identification:_identify(EspFirmware/microRos_sender/src) by extensions ['colcon_meta']
[2.621s] Level 1:colcon.colcon_core.package_identification:_identify(EspFirmware/microRos_sender/src) by extension 'colcon_meta'
[2.622s] Level 1:colcon.colcon_core.package_identification:_identify(EspFirmware/microRos_sender/src) by extensions ['ros']
[2.622s] Level 1:colcon.colcon_core.package_identification:_identify(EspFirmware/microRos_sender/src) by extension 'ros'
[2.623s] Level 1:colcon.colcon_core.package_identification:_identify(EspFirmware/microRos_sender/src) by extensions ['cmake', 'python']
[2.624s] Level 1:colcon.colcon_core.package_identification:_identify(EspFirmware/microRos_sender/src) by extension 'cmake'
[2.631s] Level 1:colcon.colcon_core.package_identification:_identify(EspFirmware/microRos_sender/src) by extension 'python'
[2.638s] Level 1:colcon.colcon_core.package_identification:_identify(EspFirmware/microRos_sender/src) by extensions ['python_setup_py']
[2.641s] Level 1:colcon.colcon_core.package_identification:_identify(EspFirmware/microRos_sender/src) by extension 'python_setup_py'
[2.642s] Level 1:colcon.colcon_core.package_identification:_identify(EspFirmware/microRos_sender/test) by extensions ['ignore', 'ignore_ament_install']
[2.649s] Level 1:colcon.colcon_core.package_identification:_identify(EspFirmware/microRos_sender/test) by extension 'ignore'
[2.649s] Level 1:colcon.colcon_core.package_identification:_identify(EspFirmware/microRos_sender/test) by extension 'ignore_ament_install'
[2.650s] Level 1:colcon.colcon_core.package_identification:_identify(EspFirmware/microRos_sender/test) by extensions ['colcon_pkg']
[2.651s] Level 1:colcon.colcon_core.package_identification:_identify(EspFirmware/microRos_sender/test) by extension 'colcon_pkg'
[2.651s] Level 1:colcon.colcon_core.package_identification:_identify(EspFirmware/microRos_sender/test) by extensions ['colcon_meta']
[2.652s] Level 1:colcon.colcon_core.package_identification:_identify(EspFirmware/microRos_sender/test) by extension 'colcon_meta'
[2.652s] Level 1:colcon.colcon_core.package_identification:_identify(EspFirmware/microRos_sender/test) by extensions ['ros']
[2.652s] Level 1:colcon.colcon_core.package_identification:_identify(EspFirmware/microRos_sender/test) by extension 'ros'
[2.654s] Level 1:colcon.colcon_core.package_identification:_identify(EspFirmware/microRos_sender/test) by extensions ['cmake', 'python']
[2.654s] Level 1:colcon.colcon_core.package_identification:_identify(EspFirmware/microRos_sender/test) by extension 'cmake'
[2.655s] Level 1:colcon.colcon_core.package_identification:_identify(EspFirmware/microRos_sender/test) by extension 'python'
[2.656s] Level 1:colcon.colcon_core.package_identification:_identify(EspFirmware/microRos_sender/test) by extensions ['python_setup_py']
[2.656s] Level 1:colcon.colcon_core.package_identification:_identify(EspFirmware/microRos_sender/test) by extension 'python_setup_py'
[2.658s] Level 1:colcon.colcon_core.package_identification:_identify(build) by extensions ['ignore', 'ignore_ament_install']
[2.658s] Level 1:colcon.colcon_core.package_identification:_identify(build) by extension 'ignore'
[2.659s] Level 1:colcon.colcon_core.package_identification:_identify(build) ignored
[2.660s] Level 1:colcon.colcon_core.package_identification:_identify(install) by extensions ['ignore', 'ignore_ament_install']
[2.661s] Level 1:colcon.colcon_core.package_identification:_identify(install) by extension 'ignore'
[2.662s] Level 1:colcon.colcon_core.package_identification:_identify(install) ignored
[2.664s] Level 1:colcon.colcon_core.package_identification:_identify(log) by extensions ['ignore', 'ignore_ament_install']
[2.667s] Level 1:colcon.colcon_core.package_identification:_identify(log) by extension 'ignore'
[2.668s] Level 1:colcon.colcon_core.package_identification:_identify(log) ignored
[2.668s] Level 1:colcon.colcon_core.package_identification:_identify(urc_ws_interbotix) by extensions ['ignore', 'ignore_ament_install']
[2.669s] Level 1:colcon.colcon_core.package_identification:_identify(urc_ws_interbotix) by extension 'ignore'
[2.672s] Level 1:colcon.colcon_core.package_identification:_identify(urc_ws_interbotix) by extension 'ignore_ament_install'
[2.674s] Level 1:colcon.colcon_core.package_identification:_identify(urc_ws_interbotix) by extensions ['colcon_pkg']
[2.675s] Level 1:colcon.colcon_core.package_identification:_identify(urc_ws_interbotix) by extension 'colcon_pkg'
[2.676s] Level 1:colcon.colcon_core.package_identification:_identify(urc_ws_interbotix) by extensions ['colcon_meta']
[2.676s] Level 1:colcon.colcon_core.package_identification:_identify(urc_ws_interbotix) by extension 'colcon_meta'
[2.676s] Level 1:colcon.colcon_core.package_identification:_identify(urc_ws_interbotix) by extensions ['ros']
[2.677s] Level 1:colcon.colcon_core.package_identification:_identify(urc_ws_interbotix) by extension 'ros'
[2.677s] Level 1:colcon.colcon_core.package_identification:_identify(urc_ws_interbotix) by extensions ['cmake', 'python']
[2.678s] Level 1:colcon.colcon_core.package_identification:_identify(urc_ws_interbotix) by extension 'cmake'
[2.678s] Level 1:colcon.colcon_core.package_identification:_identify(urc_ws_interbotix) by extension 'python'
[2.679s] Level 1:colcon.colcon_core.package_identification:_identify(urc_ws_interbotix) by extensions ['python_setup_py']
[2.679s] Level 1:colcon.colcon_core.package_identification:_identify(urc_ws_interbotix) by extension 'python_setup_py'
[2.685s] Level 1:colcon.colcon_core.package_identification:_identify(urc_ws_interbotix/src) by extensions ['ignore', 'ignore_ament_install']
[2.689s] Level 1:colcon.colcon_core.package_identification:_identify(urc_ws_interbotix/src) by extension 'ignore'
[2.691s] Level 1:colcon.colcon_core.package_identification:_identify(urc_ws_interbotix/src) by extension 'ignore_ament_install'
[2.698s] Level 1:colcon.colcon_core.package_identification:_identify(urc_ws_interbotix/src) by extensions ['colcon_pkg']
[2.699s] Level 1:colcon.colcon_core.package_identification:_identify(urc_ws_interbotix/src) by extension 'colcon_pkg'
[2.701s] Level 1:colcon.colcon_core.package_identification:_identify(urc_ws_interbotix/src) by extensions ['colcon_meta']
[2.704s] Level 1:colcon.colcon_core.package_identification:_identify(urc_ws_interbotix/src) by extension 'colcon_meta'
[2.708s] Level 1:colcon.colcon_core.package_identification:_identify(urc_ws_interbotix/src) by extensions ['ros']
[2.709s] Level 1:colcon.colcon_core.package_identification:_identify(urc_ws_interbotix/src) by extension 'ros'
[2.715s] Level 1:colcon.colcon_core.package_identification:_identify(urc_ws_interbotix/src) by extensions ['cmake', 'python']
[2.715s] Level 1:colcon.colcon_core.package_identification:_identify(urc_ws_interbotix/src) by extension 'cmake'
[2.716s] Level 1:colcon.colcon_core.package_identification:_identify(urc_ws_interbotix/src) by extension 'python'
[2.716s] Level 1:colcon.colcon_core.package_identification:_identify(urc_ws_interbotix/src) by extensions ['python_setup_py']
[2.716s] Level 1:colcon.colcon_core.package_identification:_identify(urc_ws_interbotix/src) by extension 'python_setup_py'
[2.720s] Level 1:colcon.colcon_core.package_identification:_identify(urc_ws_interbotix/src/IMU_control) by extensions ['ignore', 'ignore_ament_install']
[2.724s] Level 1:colcon.colcon_core.package_identification:_identify(urc_ws_interbotix/src/IMU_control) by extension 'ignore'
[2.727s] Level 1:colcon.colcon_core.package_identification:_identify(urc_ws_interbotix/src/IMU_control) by extension 'ignore_ament_install'
[2.728s] Level 1:colcon.colcon_core.package_identification:_identify(urc_ws_interbotix/src/IMU_control) by extensions ['colcon_pkg']
[2.728s] Level 1:colcon.colcon_core.package_identification:_identify(urc_ws_interbotix/src/IMU_control) by extension 'colcon_pkg'
[2.728s] Level 1:colcon.colcon_core.package_identification:_identify(urc_ws_interbotix/src/IMU_control) by extensions ['colcon_meta']
[2.729s] Level 1:colcon.colcon_core.package_identification:_identify(urc_ws_interbotix/src/IMU_control) by extension 'colcon_meta'
[2.729s] Level 1:colcon.colcon_core.package_identification:_identify(urc_ws_interbotix/src/IMU_control) by extensions ['ros']
[2.729s] Level 1:colcon.colcon_core.package_identification:_identify(urc_ws_interbotix/src/IMU_control) by extension 'ros'
[2.816s] DEBUG:colcon.colcon_core.package_identification:Package 'urc_ws_interbotix/src/IMU_control' with type 'ros.ament_python' and name 'IMU_control'
[2.829s] Level 1:colcon.colcon_core.package_identification:_identify(urc_ws_interbotix/src/dynamixel-workbench) by extensions ['ignore', 'ignore_ament_install']
[2.837s] Level 1:colcon.colcon_core.package_identification:_identify(urc_ws_interbotix/src/dynamixel-workbench) by extension 'ignore'
[2.842s] Level 1:colcon.colcon_core.package_identification:_identify(urc_ws_interbotix/src/dynamixel-workbench) by extension 'ignore_ament_install'
[2.843s] Level 1:colcon.colcon_core.package_identification:_identify(urc_ws_interbotix/src/dynamixel-workbench) by extensions ['colcon_pkg']
[2.844s] Level 1:colcon.colcon_core.package_identification:_identify(urc_ws_interbotix/src/dynamixel-workbench) by extension 'colcon_pkg'
[2.850s] Level 1:colcon.colcon_core.package_identification:_identify(urc_ws_interbotix/src/dynamixel-workbench) by extensions ['colcon_meta']
[2.851s] Level 1:colcon.colcon_core.package_identification:_identify(urc_ws_interbotix/src/dynamixel-workbench) by extension 'colcon_meta'
[2.855s] Level 1:colcon.colcon_core.package_identification:_identify(urc_ws_interbotix/src/dynamixel-workbench) by extensions ['ros']
[2.862s] Level 1:colcon.colcon_core.package_identification:_identify(urc_ws_interbotix/src/dynamixel-workbench) by extension 'ros'
[2.914s] DEBUG:colcon.colcon_core.package_identification:Package 'urc_ws_interbotix/src/dynamixel-workbench' with type 'ros.ament_cmake' and name 'dynamixel_workbench_toolbox'
[2.917s] Level 1:colcon.colcon_core.package_identification:_identify(urc_ws_interbotix/src/dynamixel_sdk) by extensions ['ignore', 'ignore_ament_install']
[2.918s] Level 1:colcon.colcon_core.package_identification:_identify(urc_ws_interbotix/src/dynamixel_sdk) by extension 'ignore'
[2.920s] Level 1:colcon.colcon_core.package_identification:_identify(urc_ws_interbotix/src/dynamixel_sdk) by extension 'ignore_ament_install'
[2.929s] Level 1:colcon.colcon_core.package_identification:_identify(urc_ws_interbotix/src/dynamixel_sdk) by extensions ['colcon_pkg']
[2.930s] Level 1:colcon.colcon_core.package_identification:_identify(urc_ws_interbotix/src/dynamixel_sdk) by extension 'colcon_pkg'
[2.932s] Level 1:colcon.colcon_core.package_identification:_identify(urc_ws_interbotix/src/dynamixel_sdk) by extensions ['colcon_meta']
[2.941s] Level 1:colcon.colcon_core.package_identification:_identify(urc_ws_interbotix/src/dynamixel_sdk) by extension 'colcon_meta'
[2.942s] Level 1:colcon.colcon_core.package_identification:_identify(urc_ws_interbotix/src/dynamixel_sdk) by extensions ['ros']
[2.942s] Level 1:colcon.colcon_core.package_identification:_identify(urc_ws_interbotix/src/dynamixel_sdk) by extension 'ros'
[2.958s] DEBUG:colcon.colcon_core.package_identification:Package 'urc_ws_interbotix/src/dynamixel_sdk' with type 'ros.ament_cmake' and name 'dynamixel_sdk'
[2.959s] Level 1:colcon.colcon_core.package_identification:_identify(urc_ws_interbotix/src/dynamixel_sdk_custom_interfaces) by extensions ['ignore', 'ignore_ament_install']
[2.960s] Level 1:colcon.colcon_core.package_identification:_identify(urc_ws_interbotix/src/dynamixel_sdk_custom_interfaces) by extension 'ignore'
[2.960s] Level 1:colcon.colcon_core.package_identification:_identify(urc_ws_interbotix/src/dynamixel_sdk_custom_interfaces) by extension 'ignore_ament_install'
[2.961s] Level 1:colcon.colcon_core.package_identification:_identify(urc_ws_interbotix/src/dynamixel_sdk_custom_interfaces) by extensions ['colcon_pkg']
[2.961s] Level 1:colcon.colcon_core.package_identification:_identify(urc_ws_interbotix/src/dynamixel_sdk_custom_interfaces) by extension 'colcon_pkg'
[2.962s] Level 1:colcon.colcon_core.package_identification:_identify(urc_ws_interbotix/src/dynamixel_sdk_custom_interfaces) by extensions ['colcon_meta']
[2.962s] Level 1:colcon.colcon_core.package_identification:_identify(urc_ws_interbotix/src/dynamixel_sdk_custom_interfaces) by extension 'colcon_meta'
[2.963s] Level 1:colcon.colcon_core.package_identification:_identify(urc_ws_interbotix/src/dynamixel_sdk_custom_interfaces) by extensions ['ros']
[2.963s] Level 1:colcon.colcon_core.package_identification:_identify(urc_ws_interbotix/src/dynamixel_sdk_custom_interfaces) by extension 'ros'
[2.967s] DEBUG:colcon.colcon_core.package_identification:Package 'urc_ws_interbotix/src/dynamixel_sdk_custom_interfaces' with type 'ros.ament_cmake' and name 'dynamixel_sdk_custom_interfaces'
[2.968s] Level 1:colcon.colcon_core.package_identification:_identify(urc_ws_interbotix/src/interbotix_common_modules) by extensions ['ignore', 'ignore_ament_install']
[2.968s] Level 1:colcon.colcon_core.package_identification:_identify(urc_ws_interbotix/src/interbotix_common_modules) by extension 'ignore'
[2.969s] Level 1:colcon.colcon_core.package_identification:_identify(urc_ws_interbotix/src/interbotix_common_modules) by extension 'ignore_ament_install'
[2.971s] Level 1:colcon.colcon_core.package_identification:_identify(urc_ws_interbotix/src/interbotix_common_modules) by extensions ['colcon_pkg']
[2.971s] Level 1:colcon.colcon_core.package_identification:_identify(urc_ws_interbotix/src/interbotix_common_modules) by extension 'colcon_pkg'
[2.972s] Level 1:colcon.colcon_core.package_identification:_identify(urc_ws_interbotix/src/interbotix_common_modules) by extensions ['colcon_meta']
[2.972s] Level 1:colcon.colcon_core.package_identification:_identify(urc_ws_interbotix/src/interbotix_common_modules) by extension 'colcon_meta'
[2.975s] Level 1:colcon.colcon_core.package_identification:_identify(urc_ws_interbotix/src/interbotix_common_modules) by extensions ['ros']
[2.976s] Level 1:colcon.colcon_core.package_identification:_identify(urc_ws_interbotix/src/interbotix_common_modules) by extension 'ros'
[2.984s] DEBUG:colcon.colcon_core.package_identification:Package 'urc_ws_interbotix/src/interbotix_common_modules' with type 'ros.ament_python' and name 'interbotix_common_modules'
[2.986s] Level 1:colcon.colcon_core.package_identification:_identify(urc_ws_interbotix/src/interbotix_xs_driver) by extensions ['ignore', 'ignore_ament_install']
[2.988s] Level 1:colcon.colcon_core.package_identification:_identify(urc_ws_interbotix/src/interbotix_xs_driver) by extension 'ignore'
[2.990s] Level 1:colcon.colcon_core.package_identification:_identify(urc_ws_interbotix/src/interbotix_xs_driver) by extension 'ignore_ament_install'
[2.991s] Level 1:colcon.colcon_core.package_identification:_identify(urc_ws_interbotix/src/interbotix_xs_driver) by extensions ['colcon_pkg']
[2.991s] Level 1:colcon.colcon_core.package_identification:_identify(urc_ws_interbotix/src/interbotix_xs_driver) by extension 'colcon_pkg'
[2.995s] Level 1:colcon.colcon_core.package_identification:_identify(urc_ws_interbotix/src/interbotix_xs_driver) by extensions ['colcon_meta']
[2.996s] Level 1:colcon.colcon_core.package_identification:_identify(urc_ws_interbotix/src/interbotix_xs_driver) by extension 'colcon_meta'
[2.999s] Level 1:colcon.colcon_core.package_identification:_identify(urc_ws_interbotix/src/interbotix_xs_driver) by extensions ['ros']
[3.000s] Level 1:colcon.colcon_core.package_identification:_identify(urc_ws_interbotix/src/interbotix_xs_driver) by extension 'ros'
[3.023s] DEBUG:colcon.colcon_core.package_identification:Package 'urc_ws_interbotix/src/interbotix_xs_driver' with type 'ros.ament_cmake' and name 'interbotix_xs_driver'
[3.026s] Level 1:colcon.colcon_core.package_identification:_identify(urc_ws_interbotix/src/interbotix_xs_modules) by extensions ['ignore', 'ignore_ament_install']
[3.027s] Level 1:colcon.colcon_core.package_identification:_identify(urc_ws_interbotix/src/interbotix_xs_modules) by extension 'ignore'
[3.029s] Level 1:colcon.colcon_core.package_identification:_identify(urc_ws_interbotix/src/interbotix_xs_modules) by extension 'ignore_ament_install'
[3.030s] Level 1:colcon.colcon_core.package_identification:_identify(urc_ws_interbotix/src/interbotix_xs_modules) by extensions ['colcon_pkg']
[3.031s] Level 1:colcon.colcon_core.package_identification:_identify(urc_ws_interbotix/src/interbotix_xs_modules) by extension 'colcon_pkg'
[3.032s] Level 1:colcon.colcon_core.package_identification:_identify(urc_ws_interbotix/src/interbotix_xs_modules) by extensions ['colcon_meta']
[3.033s] Level 1:colcon.colcon_core.package_identification:_identify(urc_ws_interbotix/src/interbotix_xs_modules) by extension 'colcon_meta'
[3.035s] Level 1:colcon.colcon_core.package_identification:_identify(urc_ws_interbotix/src/interbotix_xs_modules) by extensions ['ros']
[3.035s] Level 1:colcon.colcon_core.package_identification:_identify(urc_ws_interbotix/src/interbotix_xs_modules) by extension 'ros'
[3.048s] DEBUG:colcon.colcon_core.package_identification:Package 'urc_ws_interbotix/src/interbotix_xs_modules' with type 'ros.ament_python' and name 'interbotix_xs_modules'
[3.051s] Level 1:colcon.colcon_core.package_identification:_identify(urc_ws_interbotix/src/interbotix_xs_msgs) by extensions ['ignore', 'ignore_ament_install']
[3.053s] Level 1:colcon.colcon_core.package_identification:_identify(urc_ws_interbotix/src/interbotix_xs_msgs) by extension 'ignore'
[3.054s] Level 1:colcon.colcon_core.package_identification:_identify(urc_ws_interbotix/src/interbotix_xs_msgs) by extension 'ignore_ament_install'
[3.055s] Level 1:colcon.colcon_core.package_identification:_identify(urc_ws_interbotix/src/interbotix_xs_msgs) by extensions ['colcon_pkg']
[3.056s] Level 1:colcon.colcon_core.package_identification:_identify(urc_ws_interbotix/src/interbotix_xs_msgs) by extension 'colcon_pkg'
[3.057s] Level 1:colcon.colcon_core.package_identification:_identify(urc_ws_interbotix/src/interbotix_xs_msgs) by extensions ['colcon_meta']
[3.059s] Level 1:colcon.colcon_core.package_identification:_identify(urc_ws_interbotix/src/interbotix_xs_msgs) by extension 'colcon_meta'
[3.061s] Level 1:colcon.colcon_core.package_identification:_identify(urc_ws_interbotix/src/interbotix_xs_msgs) by extensions ['ros']
[3.061s] Level 1:colcon.colcon_core.package_identification:_identify(urc_ws_interbotix/src/interbotix_xs_msgs) by extension 'ros'
[3.069s] DEBUG:colcon.colcon_core.package_identification:Package 'urc_ws_interbotix/src/interbotix_xs_msgs' with type 'ros.ament_cmake' and name 'interbotix_xs_msgs'
[3.072s] Level 1:colcon.colcon_core.package_identification:_identify(urc_ws_interbotix/src/interbotix_xs_sdk) by extensions ['ignore', 'ignore_ament_install']
[3.075s] Level 1:colcon.colcon_core.package_identification:_identify(urc_ws_interbotix/src/interbotix_xs_sdk) by extension 'ignore'
[3.078s] Level 1:colcon.colcon_core.package_identification:_identify(urc_ws_interbotix/src/interbotix_xs_sdk) by extension 'ignore_ament_install'
[3.081s] Level 1:colcon.colcon_core.package_identification:_identify(urc_ws_interbotix/src/interbotix_xs_sdk) by extensions ['colcon_pkg']
[3.081s] Level 1:colcon.colcon_core.package_identification:_identify(urc_ws_interbotix/src/interbotix_xs_sdk) by extension 'colcon_pkg'
[3.082s] Level 1:colcon.colcon_core.package_identification:_identify(urc_ws_interbotix/src/interbotix_xs_sdk) by extensions ['colcon_meta']
[3.082s] Level 1:colcon.colcon_core.package_identification:_identify(urc_ws_interbotix/src/interbotix_xs_sdk) by extension 'colcon_meta'
[3.083s] Level 1:colcon.colcon_core.package_identification:_identify(urc_ws_interbotix/src/interbotix_xs_sdk) by extensions ['ros']
[3.083s] Level 1:colcon.colcon_core.package_identification:_identify(urc_ws_interbotix/src/interbotix_xs_sdk) by extension 'ros'
[3.093s] DEBUG:colcon.colcon_core.package_identification:Package 'urc_ws_interbotix/src/interbotix_xs_sdk' with type 'ros.ament_cmake' and name 'interbotix_xs_sdk'
[3.097s] Level 1:colcon.colcon_core.package_identification:_identify(urc_ws_interbotix/src/interbotix_xsarm_control) by extensions ['ignore', 'ignore_ament_install']
[3.098s] Level 1:colcon.colcon_core.package_identification:_identify(urc_ws_interbotix/src/interbotix_xsarm_control) by extension 'ignore'
[3.102s] Level 1:colcon.colcon_core.package_identification:_identify(urc_ws_interbotix/src/interbotix_xsarm_control) by extension 'ignore_ament_install'
[3.103s] Level 1:colcon.colcon_core.package_identification:_identify(urc_ws_interbotix/src/interbotix_xsarm_control) by extensions ['colcon_pkg']
[3.105s] Level 1:colcon.colcon_core.package_identification:_identify(urc_ws_interbotix/src/interbotix_xsarm_control) by extension 'colcon_pkg'
[3.106s] Level 1:colcon.colcon_core.package_identification:_identify(urc_ws_interbotix/src/interbotix_xsarm_control) by extensions ['colcon_meta']
[3.107s] Level 1:colcon.colcon_core.package_identification:_identify(urc_ws_interbotix/src/interbotix_xsarm_control) by extension 'colcon_meta'
[3.108s] Level 1:colcon.colcon_core.package_identification:_identify(urc_ws_interbotix/src/interbotix_xsarm_control) by extensions ['ros']
[3.108s] Level 1:colcon.colcon_core.package_identification:_identify(urc_ws_interbotix/src/interbotix_xsarm_control) by extension 'ros'
[3.115s] DEBUG:colcon.colcon_core.package_identification:Package 'urc_ws_interbotix/src/interbotix_xsarm_control' with type 'ros.ament_cmake' and name 'interbotix_xsarm_control'
[3.116s] Level 1:colcon.colcon_core.package_identification:_identify(urc_ws_interbotix/src/interbotix_xsarm_descriptions) by extensions ['ignore', 'ignore_ament_install']
[3.118s] Level 1:colcon.colcon_core.package_identification:_identify(urc_ws_interbotix/src/interbotix_xsarm_descriptions) by extension 'ignore'
[3.119s] Level 1:colcon.colcon_core.package_identification:_identify(urc_ws_interbotix/src/interbotix_xsarm_descriptions) by extension 'ignore_ament_install'
[3.120s] Level 1:colcon.colcon_core.package_identification:_identify(urc_ws_interbotix/src/interbotix_xsarm_descriptions) by extensions ['colcon_pkg']
[3.121s] Level 1:colcon.colcon_core.package_identification:_identify(urc_ws_interbotix/src/interbotix_xsarm_descriptions) by extension 'colcon_pkg'
[3.122s] Level 1:colcon.colcon_core.package_identification:_identify(urc_ws_interbotix/src/interbotix_xsarm_descriptions) by extensions ['colcon_meta']
[3.122s] Level 1:colcon.colcon_core.package_identification:_identify(urc_ws_interbotix/src/interbotix_xsarm_descriptions) by extension 'colcon_meta'
[3.124s] Level 1:colcon.colcon_core.package_identification:_identify(urc_ws_interbotix/src/interbotix_xsarm_descriptions) by extensions ['ros']
[3.124s] Level 1:colcon.colcon_core.package_identification:_identify(urc_ws_interbotix/src/interbotix_xsarm_descriptions) by extension 'ros'
[3.134s] DEBUG:colcon.colcon_core.package_identification:Package 'urc_ws_interbotix/src/interbotix_xsarm_descriptions' with type 'ros.ament_cmake' and name 'interbotix_xsarm_descriptions'
[3.137s] Level 1:colcon.colcon_core.package_identification:_identify(urc_ws_interbotix/src/modern_robotics) by extensions ['ignore', 'ignore_ament_install']
[3.141s] Level 1:colcon.colcon_core.package_identification:_identify(urc_ws_interbotix/src/modern_robotics) by extension 'ignore'
[3.142s] Level 1:colcon.colcon_core.package_identification:_identify(urc_ws_interbotix/src/modern_robotics) by extension 'ignore_ament_install'
[3.143s] Level 1:colcon.colcon_core.package_identification:_identify(urc_ws_interbotix/src/modern_robotics) by extensions ['colcon_pkg']
[3.144s] Level 1:colcon.colcon_core.package_identification:_identify(urc_ws_interbotix/src/modern_robotics) by extension 'colcon_pkg'
[3.148s] Level 1:colcon.colcon_core.package_identification:_identify(urc_ws_interbotix/src/modern_robotics) by extensions ['colcon_meta']
[3.150s] Level 1:colcon.colcon_core.package_identification:_identify(urc_ws_interbotix/src/modern_robotics) by extension 'colcon_meta'
[3.151s] Level 1:colcon.colcon_core.package_identification:_identify(urc_ws_interbotix/src/modern_robotics) by extensions ['ros']
[3.152s] Level 1:colcon.colcon_core.package_identification:_identify(urc_ws_interbotix/src/modern_robotics) by extension 'ros'
[3.156s] DEBUG:colcon.colcon_core.package_identification:Package 'urc_ws_interbotix/src/modern_robotics' with type 'ros.ament_python' and name 'modern_robotics'
[3.158s] Level 1:colcon.colcon_core.package_identification:_identify(urc_ws_interbotix/src/piReceiver) by extensions ['ignore', 'ignore_ament_install']
[3.160s] Level 1:colcon.colcon_core.package_identification:_identify(urc_ws_interbotix/src/piReceiver) by extension 'ignore'
[3.163s] Level 1:colcon.colcon_core.package_identification:_identify(urc_ws_interbotix/src/piReceiver) by extension 'ignore_ament_install'
[3.164s] Level 1:colcon.colcon_core.package_identification:_identify(urc_ws_interbotix/src/piReceiver) by extensions ['colcon_pkg']
[3.165s] Level 1:colcon.colcon_core.package_identification:_identify(urc_ws_interbotix/src/piReceiver) by extension 'colcon_pkg'
[3.165s] Level 1:colcon.colcon_core.package_identification:_identify(urc_ws_interbotix/src/piReceiver) by extensions ['colcon_meta']
[3.167s] Level 1:colcon.colcon_core.package_identification:_identify(urc_ws_interbotix/src/piReceiver) by extension 'colcon_meta'
[3.169s] Level 1:colcon.colcon_core.package_identification:_identify(urc_ws_interbotix/src/piReceiver) by extensions ['ros']
[3.171s] Level 1:colcon.colcon_core.package_identification:_identify(urc_ws_interbotix/src/piReceiver) by extension 'ros'
[3.177s] DEBUG:colcon.colcon_core.package_identification:Package 'urc_ws_interbotix/src/piReceiver' with type 'ros.ament_cmake' and name 'piReceiver'
[3.180s] Level 1:colcon.colcon_core.package_identification:_identify(urc_ws_interbotix/src/receiver) by extensions ['ignore', 'ignore_ament_install']
[3.184s] Level 1:colcon.colcon_core.package_identification:_identify(urc_ws_interbotix/src/receiver) by extension 'ignore'
[3.187s] Level 1:colcon.colcon_core.package_identification:_identify(urc_ws_interbotix/src/receiver) by extension 'ignore_ament_install'
[3.190s] Level 1:colcon.colcon_core.package_identification:_identify(urc_ws_interbotix/src/receiver) by extensions ['colcon_pkg']
[3.191s] Level 1:colcon.colcon_core.package_identification:_identify(urc_ws_interbotix/src/receiver) by extension 'colcon_pkg'
[3.192s] Level 1:colcon.colcon_core.package_identification:_identify(urc_ws_interbotix/src/receiver) by extensions ['colcon_meta']
[3.192s] Level 1:colcon.colcon_core.package_identification:_identify(urc_ws_interbotix/src/receiver) by extension 'colcon_meta'
[3.194s] Level 1:colcon.colcon_core.package_identification:_identify(urc_ws_interbotix/src/receiver) by extensions ['ros']
[3.195s] Level 1:colcon.colcon_core.package_identification:_identify(urc_ws_interbotix/src/receiver) by extension 'ros'
[3.206s] DEBUG:colcon.colcon_core.package_identification:Package 'urc_ws_interbotix/src/receiver' with type 'ros.ament_cmake' and name 'receiver'
[3.206s] Level 1:colcon.colcon_core.package_discovery:discover_packages(recursive) using defaults
[3.207s] Level 1:colcon.colcon_core.package_discovery:discover_packages(ignore) discover
[3.223s] Level 1:colcon.colcon_core.package_discovery:discover_packages(ignore) using defaults
[3.224s] Level 1:colcon.colcon_core.package_discovery:discover_packages(path) discover
[3.229s] Level 1:colcon.colcon_core.package_discovery:discover_packages(path) using defaults
[3.542s] INFO:colcon.colcon_core.package_selection:Skipping not selected package 'IMU_control' in 'urc_ws_interbotix/src/IMU_control'
[3.544s] INFO:colcon.colcon_core.package_selection:Skipping not selected package 'dynamixel_sdk' in 'urc_ws_interbotix/src/dynamixel_sdk'
[3.546s] INFO:colcon.colcon_core.package_selection:Skipping not selected package 'dynamixel_sdk_custom_interfaces' in 'urc_ws_interbotix/src/dynamixel_sdk_custom_interfaces'
[3.546s] INFO:colcon.colcon_core.package_selection:Skipping not selected package 'interbotix_common_modules' in 'urc_ws_interbotix/src/interbotix_common_modules'
[3.547s] INFO:colcon.colcon_core.package_selection:Skipping not selected package 'interbotix_xs_msgs' in 'urc_ws_interbotix/src/interbotix_xs_msgs'
[3.548s] INFO:colcon.colcon_core.package_selection:Skipping not selected package 'modern_robotics' in 'urc_ws_interbotix/src/modern_robotics'
[3.551s] INFO:colcon.colcon_core.package_selection:Skipping not selected package 'piReceiver' in 'urc_ws_interbotix/src/piReceiver'
[3.552s] INFO:colcon.colcon_core.package_selection:Skipping not selected package 'receiver' in 'urc_ws_interbotix/src/receiver'
[3.554s] INFO:colcon.colcon_core.package_selection:Skipping not selected package 'dynamixel_workbench_toolbox' in 'urc_ws_interbotix/src/dynamixel-workbench'
[3.555s] INFO:colcon.colcon_core.package_selection:Skipping not selected package 'interbotix_xs_driver' in 'urc_ws_interbotix/src/interbotix_xs_driver'
[3.557s] INFO:colcon.colcon_core.package_selection:Skipping not selected package 'interbotix_xs_sdk' in 'urc_ws_interbotix/src/interbotix_xs_sdk'
[3.561s] INFO:colcon.colcon_core.package_selection:Skipping not selected package 'interbotix_xs_modules' in 'urc_ws_interbotix/src/interbotix_xs_modules'
[3.562s] INFO:colcon.colcon_core.package_selection:Skipping not selected package 'interbotix_xsarm_descriptions' in 'urc_ws_interbotix/src/interbotix_xsarm_descriptions'
[3.570s] Level 1:colcon.colcon_core.package_discovery:discover_packages(prefix_path) check parameters
[3.573s] Level 1:colcon.colcon_core.package_discovery:discover_packages(prefix_path) discover
[3.614s] DEBUG:colcon.colcon_installed_package_information.package_discovery:Found 14 installed packages in /home/admin1/URC/install
[3.670s] DEBUG:colcon.colcon_installed_package_information.package_discovery:Found 288 installed packages in /opt/ros/jazzy
[3.696s] Level 1:colcon.colcon_core.package_discovery:discover_packages(prefix_path) using defaults
[4.260s] Level 5:colcon.colcon_core.verb:set package 'interbotix_xsarm_control' build argument 'cmake_args' from command line to 'None'
[4.262s] Level 5:colcon.colcon_core.verb:set package 'interbotix_xsarm_control' build argument 'cmake_target' from command line to 'None'
[4.263s] Level 5:colcon.colcon_core.verb:set package 'interbotix_xsarm_control' build argument 'cmake_target_skip_unavailable' from command line to 'False'
[4.263s] Level 5:colcon.colcon_core.verb:set package 'interbotix_xsarm_control' build argument 'cmake_clean_cache' from command line to 'False'
[4.265s] Level 5:colcon.colcon_core.verb:set package 'interbotix_xsarm_control' build argument 'cmake_clean_first' from command line to 'False'
[4.266s] Level 5:colcon.colcon_core.verb:set package 'interbotix_xsarm_control' build argument 'cmake_force_configure' from command line to 'False'
[4.266s] Level 5:colcon.colcon_core.verb:set package 'interbotix_xsarm_control' build argument 'ament_cmake_args' from command line to 'None'
[4.266s] Level 5:colcon.colcon_core.verb:set package 'interbotix_xsarm_control' build argument 'catkin_cmake_args' from command line to 'None'
[4.267s] Level 5:colcon.colcon_core.verb:set package 'interbotix_xsarm_control' build argument 'catkin_skip_building_tests' from command line to 'False'
[4.267s] DEBUG:colcon.colcon_core.verb:Building package 'interbotix_xsarm_control' with the following arguments: {'ament_cmake_args': None, 'build_base': '/home/admin1/URC/build/interbotix_xsarm_control', 'catkin_cmake_args': None, 'catkin_skip_building_tests': False, 'cmake_args': None, 'cmake_clean_cache': False, 'cmake_clean_first': False, 'cmake_force_configure': False, 'cmake_target': None, 'cmake_target_skip_unavailable': False, 'install_base': '/home/admin1/URC/install/interbotix_xsarm_control', 'merge_install': False, 'path': '/home/admin1/URC/urc_ws_interbotix/src/interbotix_xsarm_control', 'symlink_install': False, 'test_result_base': None}
[4.268s] INFO:colcon.colcon_core.executor:Executing jobs using 'parallel' executor
[4.272s] DEBUG:colcon.colcon_parallel_executor.executor.parallel:run_until_complete
[4.275s] INFO:colcon.colcon_ros.task.ament_cmake.build:Building ROS package in '/home/admin1/URC/urc_ws_interbotix/src/interbotix_xsarm_control' with build type 'ament_cmake'
[4.277s] INFO:colcon.colcon_cmake.task.cmake.build:Building CMake package in '/home/admin1/URC/urc_ws_interbotix/src/interbotix_xsarm_control'
[4.302s] INFO:colcon.colcon_core.plugin_system:Skipping extension 'colcon_core.shell.bat': Not used on non-Windows systems
[4.304s] INFO:colcon.colcon_core.shell:Skip shell extension 'powershell' for command environment: Not usable outside of PowerShell
[4.305s] DEBUG:colcon.colcon_core.shell:Skip shell extension 'dsv' for command environment
[4.612s] DEBUG:colcon.colcon_core.event_handler.log_command:Invoking command in '/home/admin1/URC/build/interbotix_xsarm_control': AMENT_PREFIX_PATH=/home/admin1/URC/install/interbotix_xs_modules:/home/admin1/URC/install/interbotix_common_modules:/home/admin1/URC/install/receiver:/home/admin1/URC/install/piReceiver:/home/admin1/URC/install/modern_robotics:/home/admin1/URC/install/interbotix_xsarm_control:/home/admin1/URC/install/interbotix_xsarm_descriptions:/home/admin1/URC/install/interbotix_xs_sdk:/home/admin1/URC/install/interbotix_xs_msgs:/home/admin1/URC/install/interbotix_xs_driver:/home/admin1/URC/install/dynamixel_workbench_toolbox:/home/admin1/URC/install/dynamixel_sdk_custom_interfaces:/home/admin1/URC/install/dynamixel_sdk:/home/admin1/URC/install/IMU_control:/opt/ros/jazzy CMAKE_PREFIX_PATH=/home/admin1/URC/install/interbotix_xsarm_descriptions:/home/admin1/URC/install/interbotix_xs_sdk:/home/admin1/URC/install/interbotix_xs_driver:/home/admin1/URC/install/dynamixel_workbench_toolbox:/home/admin1/URC/install/interbotix_xs_msgs:/home/admin1/URC/install/dynamixel_sdk:/home/admin1/URC/install/receiver:/home/admin1/URC/install/piReceiver:/home/admin1/URC/install/interbotix_xsarm_control:/home/admin1/URC/install/dynamixel_sdk_custom_interfaces:/opt/ros/jazzy/opt/gz_math_vendor:/opt/ros/jazzy/opt/gz_utils_vendor:/opt/ros/jazzy/opt/gz_cmake_vendor:/home/admin1/URC/install/modern_robotics:/home/admin1/URC/install/interbotix_xs_modules:/home/admin1/URC/install/interbotix_common_modules:/home/admin1/URC/install/IMU_control:/opt/ros/jazzy DEBUGINFOD_URLS=https://debuginfod.ubuntu.com LD_LIBRARY_PATH=/home/admin1/URC/install/interbotix_xs_driver/lib:/home/admin1/URC/install/dynamixel_workbench_toolbox/lib:/home/admin1/URC/install/interbotix_xs_msgs/lib:/home/admin1/URC/install/dynamixel_sdk/lib:/home/admin1/URC/install/dynamixel_sdk_custom_interfaces/lib:/opt/ros/jazzy/opt/rviz_ogre_vendor/lib:/opt/ros/jazzy/lib/aarch64-linux-gnu:/opt/ros/jazzy/opt/gz_math_vendor/lib:/opt/ros/jazzy/opt/gz_utils_vendor/lib:/opt/ros/jazzy/opt/gz_cmake_vendor/lib:/opt/ros/jazzy/lib PYTHONPATH=/home/admin1/URC/install/interbotix_xs_modules/lib/python3.12/site-packages:/home/admin1/URC/install/interbotix_xs_msgs/lib/python3.12/site-packages:/home/admin1/URC/install/interbotix_common_modules/lib/python3.12/site-packages:/home/admin1/URC/install/dynamixel_sdk/lib/python3.12/site-packages:/home/admin1/URC/install/modern_robotics/lib/python3.12/site-packages:/home/admin1/URC/install/dynamixel_sdk_custom_interfaces/lib/python3.12/site-packages:/home/admin1/URC/install/IMU_control/lib/python3.12/site-packages:/opt/ros/jazzy/lib/python3.12/site-packages /usr/bin/cmake --build /home/admin1/URC/build/interbotix_xsarm_control -- -j4 -l4
[5.126s] DEBUG:colcon.colcon_core.event_handler.log_command:Invoked command in '/home/admin1/URC/build/interbotix_xsarm_control' returned '0': AMENT_PREFIX_PATH=/home/admin1/URC/install/interbotix_xs_modules:/home/admin1/URC/install/interbotix_common_modules:/home/admin1/URC/install/receiver:/home/admin1/URC/install/piReceiver:/home/admin1/URC/install/modern_robotics:/home/admin1/URC/install/interbotix_xsarm_control:/home/admin1/URC/install/interbotix_xsarm_descriptions:/home/admin1/URC/install/interbotix_xs_sdk:/home/admin1/URC/install/interbotix_xs_msgs:/home/admin1/URC/install/interbotix_xs_driver:/home/admin1/URC/install/dynamixel_workbench_toolbox:/home/admin1/URC/install/dynamixel_sdk_custom_interfaces:/home/admin1/URC/install/dynamixel_sdk:/home/admin1/URC/install/IMU_control:/opt/ros/jazzy CMAKE_PREFIX_PATH=/home/admin1/URC/install/interbotix_xsarm_descriptions:/home/admin1/URC/install/interbotix_xs_sdk:/home/admin1/URC/install/interbotix_xs_driver:/home/admin1/URC/install/dynamixel_workbench_toolbox:/home/admin1/URC/install/interbotix_xs_msgs:/home/admin1/URC/install/dynamixel_sdk:/home/admin1/URC/install/receiver:/home/admin1/URC/install/piReceiver:/home/admin1/URC/install/interbotix_xsarm_control:/home/admin1/URC/install/dynamixel_sdk_custom_interfaces:/opt/ros/jazzy/opt/gz_math_vendor:/opt/ros/jazzy/opt/gz_utils_vendor:/opt/ros/jazzy/opt/gz_cmake_vendor:/home/admin1/URC/install/modern_robotics:/home/admin1/URC/install/interbotix_xs_modules:/home/admin1/URC/install/interbotix_common_modules:/home/admin1/URC/install/IMU_control:/opt/ros/jazzy DEBUGINFOD_URLS=https://debuginfod.ubuntu.com LD_LIBRARY_PATH=/home/admin1/URC/install/interbotix_xs_driver/lib:/home/admin1/URC/install/dynamixel_workbench_toolbox/lib:/home/admin1/URC/install/interbotix_xs_msgs/lib:/home/admin1/URC/install/dynamixel_sdk/lib:/home/admin1/URC/install/dynamixel_sdk_custom_interfaces/lib:/opt/ros/jazzy/opt/rviz_ogre_vendor/lib:/opt/ros/jazzy/lib/aarch64-linux-gnu:/opt/ros/jazzy/opt/gz_math_vendor/lib:/opt/ros/jazzy/opt/gz_utils_vendor/lib:/opt/ros/jazzy/opt/gz_cmake_vendor/lib:/opt/ros/jazzy/lib PYTHONPATH=/home/admin1/URC/install/interbotix_xs_modules/lib/python3.12/site-packages:/home/admin1/URC/install/interbotix_xs_msgs/lib/python3.12/site-packages:/home/admin1/URC/install/interbotix_common_modules/lib/python3.12/site-packages:/home/admin1/URC/install/dynamixel_sdk/lib/python3.12/site-packages:/home/admin1/URC/install/modern_robotics/lib/python3.12/site-packages:/home/admin1/URC/install/dynamixel_sdk_custom_interfaces/lib/python3.12/site-packages:/home/admin1/URC/install/IMU_control/lib/python3.12/site-packages:/opt/ros/jazzy/lib/python3.12/site-packages /usr/bin/cmake --build /home/admin1/URC/build/interbotix_xsarm_control -- -j4 -l4
[5.259s] DEBUG:colcon.colcon_core.event_handler.log_command:Invoking command in '/home/admin1/URC/build/interbotix_xsarm_control': AMENT_PREFIX_PATH=/home/admin1/URC/install/interbotix_xs_modules:/home/admin1/URC/install/interbotix_common_modules:/home/admin1/URC/install/receiver:/home/admin1/URC/install/piReceiver:/home/admin1/URC/install/modern_robotics:/home/admin1/URC/install/interbotix_xsarm_control:/home/admin1/URC/install/interbotix_xsarm_descriptions:/home/admin1/URC/install/interbotix_xs_sdk:/home/admin1/URC/install/interbotix_xs_msgs:/home/admin1/URC/install/interbotix_xs_driver:/home/admin1/URC/install/dynamixel_workbench_toolbox:/home/admin1/URC/install/dynamixel_sdk_custom_interfaces:/home/admin1/URC/install/dynamixel_sdk:/home/admin1/URC/install/IMU_control:/opt/ros/jazzy CMAKE_PREFIX_PATH=/home/admin1/URC/install/interbotix_xsarm_descriptions:/home/admin1/URC/install/interbotix_xs_sdk:/home/admin1/URC/install/interbotix_xs_driver:/home/admin1/URC/install/dynamixel_workbench_toolbox:/home/admin1/URC/install/interbotix_xs_msgs:/home/admin1/URC/install/dynamixel_sdk:/home/admin1/URC/install/receiver:/home/admin1/URC/install/piReceiver:/home/admin1/URC/install/interbotix_xsarm_control:/home/admin1/URC/install/dynamixel_sdk_custom_interfaces:/opt/ros/jazzy/opt/gz_math_vendor:/opt/ros/jazzy/opt/gz_utils_vendor:/opt/ros/jazzy/opt/gz_cmake_vendor:/home/admin1/URC/install/modern_robotics:/home/admin1/URC/install/interbotix_xs_modules:/home/admin1/URC/install/interbotix_common_modules:/home/admin1/URC/install/IMU_control:/opt/ros/jazzy DEBUGINFOD_URLS=https://debuginfod.ubuntu.com LD_LIBRARY_PATH=/home/admin1/URC/install/interbotix_xs_driver/lib:/home/admin1/URC/install/dynamixel_workbench_toolbox/lib:/home/admin1/URC/install/interbotix_xs_msgs/lib:/home/admin1/URC/install/dynamixel_sdk/lib:/home/admin1/URC/install/dynamixel_sdk_custom_interfaces/lib:/opt/ros/jazzy/opt/rviz_ogre_vendor/lib:/opt/ros/jazzy/lib/aarch64-linux-gnu:/opt/ros/jazzy/opt/gz_math_vendor/lib:/opt/ros/jazzy/opt/gz_utils_vendor/lib:/opt/ros/jazzy/opt/gz_cmake_vendor/lib:/opt/ros/jazzy/lib PYTHONPATH=/home/admin1/URC/install/interbotix_xs_modules/lib/python3.12/site-packages:/home/admin1/URC/install/interbotix_xs_msgs/lib/python3.12/site-packages:/home/admin1/URC/install/interbotix_common_modules/lib/python3.12/site-packages:/home/admin1/URC/install/dynamixel_sdk/lib/python3.12/site-packages:/home/admin1/URC/install/modern_robotics/lib/python3.12/site-packages:/home/admin1/URC/install/dynamixel_sdk_custom_interfaces/lib/python3.12/site-packages:/home/admin1/URC/install/IMU_control/lib/python3.12/site-packages:/opt/ros/jazzy/lib/python3.12/site-packages /usr/bin/cmake --install /home/admin1/URC/build/interbotix_xsarm_control
[5.478s] Level 1:colcon.colcon_core.environment:create_environment_scripts_only(interbotix_xsarm_control)
[5.562s] Level 1:colcon.colcon_core.environment:checking '/home/admin1/URC/install/interbotix_xsarm_control' for CMake module files
[5.600s] Level 1:colcon.colcon_core.environment:checking '/home/admin1/URC/install/interbotix_xsarm_control' for CMake config files
[5.624s] Level 1:colcon.colcon_core.shell:create_environment_hook('interbotix_xsarm_control', 'cmake_prefix_path')
[5.633s] INFO:colcon.colcon_core.shell:Creating environment hook '/home/admin1/URC/install/interbotix_xsarm_control/share/interbotix_xsarm_control/hook/cmake_prefix_path.ps1'
[5.657s] INFO:colcon.colcon_core.shell:Creating environment descriptor '/home/admin1/URC/install/interbotix_xsarm_control/share/interbotix_xsarm_control/hook/cmake_prefix_path.dsv'
[5.659s] DEBUG:colcon.colcon_core.event_handler.log_command:Invoked command in '/home/admin1/URC/build/interbotix_xsarm_control' returned '0': AMENT_PREFIX_PATH=/home/admin1/URC/install/interbotix_xs_modules:/home/admin1/URC/install/interbotix_common_modules:/home/admin1/URC/install/receiver:/home/admin1/URC/install/piReceiver:/home/admin1/URC/install/modern_robotics:/home/admin1/URC/install/interbotix_xsarm_control:/home/admin1/URC/install/interbotix_xsarm_descriptions:/home/admin1/URC/install/interbotix_xs_sdk:/home/admin1/URC/install/interbotix_xs_msgs:/home/admin1/URC/install/interbotix_xs_driver:/home/admin1/URC/install/dynamixel_workbench_toolbox:/home/admin1/URC/install/dynamixel_sdk_custom_interfaces:/home/admin1/URC/install/dynamixel_sdk:/home/admin1/URC/install/IMU_control:/opt/ros/jazzy CMAKE_PREFIX_PATH=/home/admin1/URC/install/interbotix_xsarm_descriptions:/home/admin1/URC/install/interbotix_xs_sdk:/home/admin1/URC/install/interbotix_xs_driver:/home/admin1/URC/install/dynamixel_workbench_toolbox:/home/admin1/URC/install/interbotix_xs_msgs:/home/admin1/URC/install/dynamixel_sdk:/home/admin1/URC/install/receiver:/home/admin1/URC/install/piReceiver:/home/admin1/URC/install/interbotix_xsarm_control:/home/admin1/URC/install/dynamixel_sdk_custom_interfaces:/opt/ros/jazzy/opt/gz_math_vendor:/opt/ros/jazzy/opt/gz_utils_vendor:/opt/ros/jazzy/opt/gz_cmake_vendor:/home/admin1/URC/install/modern_robotics:/home/admin1/URC/install/interbotix_xs_modules:/home/admin1/URC/install/interbotix_common_modules:/home/admin1/URC/install/IMU_control:/opt/ros/jazzy DEBUGINFOD_URLS=https://debuginfod.ubuntu.com LD_LIBRARY_PATH=/home/admin1/URC/install/interbotix_xs_driver/lib:/home/admin1/URC/install/dynamixel_workbench_toolbox/lib:/home/admin1/URC/install/interbotix_xs_msgs/lib:/home/admin1/URC/install/dynamixel_sdk/lib:/home/admin1/URC/install/dynamixel_sdk_custom_interfaces/lib:/opt/ros/jazzy/opt/rviz_ogre_vendor/lib:/opt/ros/jazzy/lib/aarch64-linux-gnu:/opt/ros/jazzy/opt/gz_math_vendor/lib:/opt/ros/jazzy/opt/gz_utils_vendor/lib:/opt/ros/jazzy/opt/gz_cmake_vendor/lib:/opt/ros/jazzy/lib PYTHONPATH=/home/admin1/URC/install/interbotix_xs_modules/lib/python3.12/site-packages:/home/admin1/URC/install/interbotix_xs_msgs/lib/python3.12/site-packages:/home/admin1/URC/install/interbotix_common_modules/lib/python3.12/site-packages:/home/admin1/URC/install/dynamixel_sdk/lib/python3.12/site-packages:/home/admin1/URC/install/modern_robotics/lib/python3.12/site-packages:/home/admin1/URC/install/dynamixel_sdk_custom_interfaces/lib/python3.12/site-packages:/home/admin1/URC/install/IMU_control/lib/python3.12/site-packages:/opt/ros/jazzy/lib/python3.12/site-packages /usr/bin/cmake --install /home/admin1/URC/build/interbotix_xsarm_control
[5.662s] INFO:colcon.colcon_core.shell:Creating environment hook '/home/admin1/URC/install/interbotix_xsarm_control/share/interbotix_xsarm_control/hook/cmake_prefix_path.sh'
[5.672s] Level 1:colcon.colcon_core.environment:checking '/home/admin1/URC/install/interbotix_xsarm_control/lib'
[5.675s] Level 1:colcon.colcon_core.environment:checking '/home/admin1/URC/install/interbotix_xsarm_control/bin'
[5.677s] Level 1:colcon.colcon_core.environment:checking '/home/admin1/URC/install/interbotix_xsarm_control/lib/pkgconfig/interbotix_xsarm_control.pc'
[5.685s] Level 1:colcon.colcon_core.environment:checking '/home/admin1/URC/install/interbotix_xsarm_control/lib/python3.12/site-packages'
[5.694s] Level 1:colcon.colcon_core.environment:checking '/home/admin1/URC/install/interbotix_xsarm_control/bin'
[5.699s] INFO:colcon.colcon_core.shell:Creating package script '/home/admin1/URC/install/interbotix_xsarm_control/share/interbotix_xsarm_control/package.ps1'
[5.706s] INFO:colcon.colcon_core.shell:Creating package descriptor '/home/admin1/URC/install/interbotix_xsarm_control/share/interbotix_xsarm_control/package.dsv'
[5.722s] INFO:colcon.colcon_core.shell:Creating package script '/home/admin1/URC/install/interbotix_xsarm_control/share/interbotix_xsarm_control/package.sh'
[5.741s] INFO:colcon.colcon_core.shell:Creating package script '/home/admin1/URC/install/interbotix_xsarm_control/share/interbotix_xsarm_control/package.bash'
[5.756s] INFO:colcon.colcon_core.shell:Creating package script '/home/admin1/URC/install/interbotix_xsarm_control/share/interbotix_xsarm_control/package.zsh'
[5.761s] Level 1:colcon.colcon_core.environment:create_file_with_runtime_dependencies(/home/admin1/URC/install/interbotix_xsarm_control/share/colcon-core/packages/interbotix_xsarm_control)
[5.774s] Level 1:colcon.colcon_core.environment:create_environment_scripts_only(interbotix_xsarm_control)
[5.777s] Level 1:colcon.colcon_core.environment:checking '/home/admin1/URC/install/interbotix_xsarm_control' for CMake module files
[5.791s] Level 1:colcon.colcon_core.environment:checking '/home/admin1/URC/install/interbotix_xsarm_control' for CMake config files
[5.798s] Level 1:colcon.colcon_core.shell:create_environment_hook('interbotix_xsarm_control', 'cmake_prefix_path')
[5.799s] INFO:colcon.colcon_core.shell:Creating environment hook '/home/admin1/URC/install/interbotix_xsarm_control/share/interbotix_xsarm_control/hook/cmake_prefix_path.ps1'
[5.804s] INFO:colcon.colcon_core.shell:Creating environment descriptor '/home/admin1/URC/install/interbotix_xsarm_control/share/interbotix_xsarm_control/hook/cmake_prefix_path.dsv'
[5.812s] INFO:colcon.colcon_core.shell:Creating environment hook '/home/admin1/URC/install/interbotix_xsarm_control/share/interbotix_xsarm_control/hook/cmake_prefix_path.sh'
[5.818s] Level 1:colcon.colcon_core.environment:checking '/home/admin1/URC/install/interbotix_xsarm_control/lib'
[5.819s] Level 1:colcon.colcon_core.environment:checking '/home/admin1/URC/install/interbotix_xsarm_control/bin'
[5.820s] Level 1:colcon.colcon_core.environment:checking '/home/admin1/URC/install/interbotix_xsarm_control/lib/pkgconfig/interbotix_xsarm_control.pc'
[5.822s] Level 1:colcon.colcon_core.environment:checking '/home/admin1/URC/install/interbotix_xsarm_control/lib/python3.12/site-packages'
[5.824s] Level 1:colcon.colcon_core.environment:checking '/home/admin1/URC/install/interbotix_xsarm_control/bin'
[5.826s] INFO:colcon.colcon_core.shell:Creating package script '/home/admin1/URC/install/interbotix_xsarm_control/share/interbotix_xsarm_control/package.ps1'
[5.834s] INFO:colcon.colcon_core.shell:Creating package descriptor '/home/admin1/URC/install/interbotix_xsarm_control/share/interbotix_xsarm_control/package.dsv'
[5.846s] INFO:colcon.colcon_core.shell:Creating package script '/home/admin1/URC/install/interbotix_xsarm_control/share/interbotix_xsarm_control/package.sh'
[5.852s] INFO:colcon.colcon_core.shell:Creating package script '/home/admin1/URC/install/interbotix_xsarm_control/share/interbotix_xsarm_control/package.bash'
[5.862s] INFO:colcon.colcon_core.shell:Creating package script '/home/admin1/URC/install/interbotix_xsarm_control/share/interbotix_xsarm_control/package.zsh'
[5.866s] Level 1:colcon.colcon_core.environment:create_file_with_runtime_dependencies(/home/admin1/URC/install/interbotix_xsarm_control/share/colcon-core/packages/interbotix_xsarm_control)
[5.871s] DEBUG:colcon.colcon_parallel_executor.executor.parallel:closing loop
[5.874s] DEBUG:colcon.colcon_parallel_executor.executor.parallel:loop closed
[5.875s] DEBUG:colcon.colcon_parallel_executor.executor.parallel:run_until_complete finished with '0'
[5.876s] DEBUG:colcon.colcon_core.event_reactor:joining thread
[5.958s] INFO:colcon.colcon_core.plugin_system:Skipping extension 'colcon_notification.desktop_notification.terminal_notifier': Not used on non-Darwin systems
[5.958s] INFO:colcon.colcon_core.plugin_system:Skipping extension 'colcon_notification.desktop_notification.win32': Not used on non-Windows systems
[5.959s] INFO:colcon.colcon_notification.desktop_notification:Sending desktop notification using 'notify2'
[6.149s] DEBUG:colcon.colcon_core.event_reactor:joined thread
[6.151s] INFO:colcon.colcon_core.shell:Creating prefix script '/home/admin1/URC/install/local_setup.ps1'
[6.190s] INFO:colcon.colcon_core.shell:Creating prefix util module '/home/admin1/URC/install/_local_setup_util_ps1.py'
[6.220s] INFO:colcon.colcon_core.shell:Creating prefix chain script '/home/admin1/URC/install/setup.ps1'
[6.238s] INFO:colcon.colcon_core.shell:Creating prefix script '/home/admin1/URC/install/local_setup.sh'
[6.260s] INFO:colcon.colcon_core.shell:Creating prefix util module '/home/admin1/URC/install/_local_setup_util_sh.py'
[6.269s] INFO:colcon.colcon_core.shell:Creating prefix chain script '/home/admin1/URC/install/setup.sh'
[6.294s] INFO:colcon.colcon_core.shell:Creating prefix script '/home/admin1/URC/install/local_setup.bash'
[6.302s] INFO:colcon.colcon_core.shell:Creating prefix chain script '/home/admin1/URC/install/setup.bash'
[6.331s] INFO:colcon.colcon_core.shell:Creating prefix script '/home/admin1/URC/install/local_setup.zsh'
[6.337s] INFO:colcon.colcon_core.shell:Creating prefix chain script '/home/admin1/URC/install/setup.zsh'
