[0.117s] Invoking command in '/home/admin1/URC/build/interbotix_xsarm_control': AMENT_PREFIX_PATH=/home/admin1/URC/install/interbotix_xsarm_descriptions:/home/admin1/URC/install/interbotix_xs_modules:/home/admin1/URC/install/interbotix_xs_sdk:/home/admin1/URC/install/interbotix_xs_driver:/home/admin1/URC/install/dynamixel_workbench_toolbox:/home/admin1/URC/install/interbotix_xs_msgs:/home/admin1/URC/install/interbotix_common_modules:/home/admin1/URC/install/dynamixel_sdk:${AMENT_PREFIX_PATH} CMAKE_PREFIX_PATH=/home/admin1/URC/install/interbotix_xsarm_descriptions:/home/admin1/URC/install/interbotix_xs_sdk:/home/admin1/URC/install/interbotix_xs_driver:/home/admin1/URC/install/dynamixel_workbench_toolbox:/home/admin1/URC/install/interbotix_xs_msgs:/home/admin1/URC/install/dynamixel_sdk:/opt/ros/jazzy/opt/gz_math_vendor:/opt/ros/jazzy/opt/gz_utils_vendor:/opt/ros/jazzy/opt/gz_cmake_vendor:/opt/ros/jazzy DEBUGINFOD_URLS=https://debuginfod.ubuntu.com LD_LIBRARY_PATH=/home/admin1/URC/install/interbotix_xs_driver/lib:/home/admin1/URC/install/dynamixel_workbench_toolbox/lib:/home/admin1/URC/install/interbotix_xs_msgs/lib:/home/admin1/URC/install/dynamixel_sdk/lib:${LD_LIBRARY_PATH} PYTHONPATH=/home/admin1/URC/install/interbotix_xs_modules/lib/python3.12/site-packages:/home/admin1/URC/install/interbotix_xs_msgs/lib/python3.12/site-packages:/home/admin1/URC/install/interbotix_common_modules/lib/python3.12/site-packages:/home/admin1/URC/install/dynamixel_sdk/lib/python3.12/site-packages:${PYTHONPATH} /usr/bin/cmake --build /home/admin1/URC/build/interbotix_xsarm_control -- -j4 -l4
[0.354s] Invoked command in '/home/admin1/URC/build/interbotix_xsarm_control' returned '0': AMENT_PREFIX_PATH=/home/admin1/URC/install/interbotix_xsarm_descriptions:/home/admin1/URC/install/interbotix_xs_modules:/home/admin1/URC/install/interbotix_xs_sdk:/home/admin1/URC/install/interbotix_xs_driver:/home/admin1/URC/install/dynamixel_workbench_toolbox:/home/admin1/URC/install/interbotix_xs_msgs:/home/admin1/URC/install/interbotix_common_modules:/home/admin1/URC/install/dynamixel_sdk:${AMENT_PREFIX_PATH} CMAKE_PREFIX_PATH=/home/admin1/URC/install/interbotix_xsarm_descriptions:/home/admin1/URC/install/interbotix_xs_sdk:/home/admin1/URC/install/interbotix_xs_driver:/home/admin1/URC/install/dynamixel_workbench_toolbox:/home/admin1/URC/install/interbotix_xs_msgs:/home/admin1/URC/install/dynamixel_sdk:/opt/ros/jazzy/opt/gz_math_vendor:/opt/ros/jazzy/opt/gz_utils_vendor:/opt/ros/jazzy/opt/gz_cmake_vendor:/opt/ros/jazzy DEBUGINFOD_URLS=https://debuginfod.ubuntu.com LD_LIBRARY_PATH=/home/admin1/URC/install/interbotix_xs_driver/lib:/home/admin1/URC/install/dynamixel_workbench_toolbox/lib:/home/admin1/URC/install/interbotix_xs_msgs/lib:/home/admin1/URC/install/dynamixel_sdk/lib:${LD_LIBRARY_PATH} PYTHONPATH=/home/admin1/URC/install/interbotix_xs_modules/lib/python3.12/site-packages:/home/admin1/URC/install/interbotix_xs_msgs/lib/python3.12/site-packages:/home/admin1/URC/install/interbotix_common_modules/lib/python3.12/site-packages:/home/admin1/URC/install/dynamixel_sdk/lib/python3.12/site-packages:${PYTHONPATH} /usr/bin/cmake --build /home/admin1/URC/build/interbotix_xsarm_control -- -j4 -l4
[0.361s] Invoking command in '/home/admin1/URC/build/interbotix_xsarm_control': AMENT_PREFIX_PATH=/home/admin1/URC/install/interbotix_xsarm_descriptions:/home/admin1/URC/install/interbotix_xs_modules:/home/admin1/URC/install/interbotix_xs_sdk:/home/admin1/URC/install/interbotix_xs_driver:/home/admin1/URC/install/dynamixel_workbench_toolbox:/home/admin1/URC/install/interbotix_xs_msgs:/home/admin1/URC/install/interbotix_common_modules:/home/admin1/URC/install/dynamixel_sdk:${AMENT_PREFIX_PATH} CMAKE_PREFIX_PATH=/home/admin1/URC/install/interbotix_xsarm_descriptions:/home/admin1/URC/install/interbotix_xs_sdk:/home/admin1/URC/install/interbotix_xs_driver:/home/admin1/URC/install/dynamixel_workbench_toolbox:/home/admin1/URC/install/interbotix_xs_msgs:/home/admin1/URC/install/dynamixel_sdk:/opt/ros/jazzy/opt/gz_math_vendor:/opt/ros/jazzy/opt/gz_utils_vendor:/opt/ros/jazzy/opt/gz_cmake_vendor:/opt/ros/jazzy DEBUGINFOD_URLS=https://debuginfod.ubuntu.com LD_LIBRARY_PATH=/home/admin1/URC/install/interbotix_xs_driver/lib:/home/admin1/URC/install/dynamixel_workbench_toolbox/lib:/home/admin1/URC/install/interbotix_xs_msgs/lib:/home/admin1/URC/install/dynamixel_sdk/lib:${LD_LIBRARY_PATH} PYTHONPATH=/home/admin1/URC/install/interbotix_xs_modules/lib/python3.12/site-packages:/home/admin1/URC/install/interbotix_xs_msgs/lib/python3.12/site-packages:/home/admin1/URC/install/interbotix_common_modules/lib/python3.12/site-packages:/home/admin1/URC/install/dynamixel_sdk/lib/python3.12/site-packages:${PYTHONPATH} /usr/bin/cmake --install /home/admin1/URC/build/interbotix_xsarm_control
[0.405s] -- Install configuration: ""
[0.406s] -- Up-to-date: /home/admin1/URC/install/interbotix_xsarm_control/lib/interbotix_xsarm_control/bartender.py
[0.406s] -- Up-to-date: /home/admin1/URC/install/interbotix_xsarm_control/lib/interbotix_xsarm_control/ee_cartesian_trajectory.py
[0.407s] -- Up-to-date: /home/admin1/URC/install/interbotix_xsarm_control/lib/interbotix_xsarm_control/ee_pose_components.py
[0.407s] -- Up-to-date: /home/admin1/URC/install/interbotix_xsarm_control/lib/interbotix_xsarm_control/ee_pose_matrix_control.py
[0.408s] -- Up-to-date: /home/admin1/URC/install/interbotix_xsarm_control/lib/interbotix_xsarm_control/gripper_control.py
[0.408s] -- Up-to-date: /home/admin1/URC/install/interbotix_xsarm_control/lib/interbotix_xsarm_control/joint_current_control.py
[0.409s] -- Up-to-date: /home/admin1/URC/install/interbotix_xsarm_control/lib/interbotix_xsarm_control/joint_position_control.py
[0.410s] -- Up-to-date: /home/admin1/URC/install/interbotix_xsarm_control/lib/interbotix_xsarm_control/joint_pwm_control.py
[0.410s] -- Up-to-date: /home/admin1/URC/install/interbotix_xsarm_control/lib/interbotix_xsarm_control/joint_trajectory_control.py
[0.410s] -- Installing: /home/admin1/URC/install/interbotix_xsarm_control/lib/interbotix_xsarm_control/robot_control.py
[0.411s] -- Up-to-date: /home/admin1/URC/install/interbotix_xsarm_control/share/interbotix_xsarm_control//launch
[0.411s] -- Up-to-date: /home/admin1/URC/install/interbotix_xsarm_control/share/interbotix_xsarm_control//launch/xsarm_control.launch.py
[0.413s] -- Up-to-date: /home/admin1/URC/install/interbotix_xsarm_control/share/interbotix_xsarm_control//config
[0.413s] -- Up-to-date: /home/admin1/URC/install/interbotix_xsarm_control/share/interbotix_xsarm_control//config/wx250.yaml
[0.414s] -- Up-to-date: /home/admin1/URC/install/interbotix_xsarm_control/share/interbotix_xsarm_control//config/px100.yaml
[0.414s] -- Up-to-date: /home/admin1/URC/install/interbotix_xsarm_control/share/interbotix_xsarm_control//config/wx250s.yaml
[0.415s] -- Up-to-date: /home/admin1/URC/install/interbotix_xsarm_control/share/interbotix_xsarm_control//config/mobile_wx250s.yaml
[0.416s] -- Up-to-date: /home/admin1/URC/install/interbotix_xsarm_control/share/interbotix_xsarm_control//config/wx200.yaml
[0.416s] -- Up-to-date: /home/admin1/URC/install/interbotix_xsarm_control/share/interbotix_xsarm_control//config/rx200.yaml
[0.417s] -- Up-to-date: /home/admin1/URC/install/interbotix_xsarm_control/share/interbotix_xsarm_control//config/px150.yaml
[0.418s] -- Up-to-date: /home/admin1/URC/install/interbotix_xsarm_control/share/interbotix_xsarm_control//config/vx300.yaml
[0.419s] -- Up-to-date: /home/admin1/URC/install/interbotix_xsarm_control/share/interbotix_xsarm_control//config/mobile_px100.yaml
[0.419s] -- Up-to-date: /home/admin1/URC/install/interbotix_xsarm_control/share/interbotix_xsarm_control//config/aloha_vx300s.yaml
[0.419s] -- Up-to-date: /home/admin1/URC/install/interbotix_xsarm_control/share/interbotix_xsarm_control//config/vx250.yaml
[0.420s] -- Up-to-date: /home/admin1/URC/install/interbotix_xsarm_control/share/interbotix_xsarm_control//config/vx300s.yaml
[0.421s] -- Up-to-date: /home/admin1/URC/install/interbotix_xsarm_control/share/interbotix_xsarm_control//config/modes.yaml
[0.422s] -- Up-to-date: /home/admin1/URC/install/interbotix_xsarm_control/share/interbotix_xsarm_control//config/aloha_wx250s.yaml
[0.423s] -- Up-to-date: /home/admin1/URC/install/interbotix_xsarm_control/share/interbotix_xsarm_control//config/rx150.yaml
[0.424s] -- Up-to-date: /home/admin1/URC/install/interbotix_xsarm_control/share/interbotix_xsarm_control//config/mobile_wx200.yaml
[0.425s] -- Up-to-date: /home/admin1/URC/install/interbotix_xsarm_control/share/ament_index/resource_index/package_run_dependencies/interbotix_xsarm_control
[0.426s] -- Up-to-date: /home/admin1/URC/install/interbotix_xsarm_control/share/ament_index/resource_index/parent_prefix_path/interbotix_xsarm_control
[0.427s] -- Up-to-date: /home/admin1/URC/install/interbotix_xsarm_control/share/interbotix_xsarm_control/environment/ament_prefix_path.sh
[0.428s] -- Up-to-date: /home/admin1/URC/install/interbotix_xsarm_control/share/interbotix_xsarm_control/environment/ament_prefix_path.dsv
[0.428s] -- Up-to-date: /home/admin1/URC/install/interbotix_xsarm_control/share/interbotix_xsarm_control/environment/path.sh
[0.431s] -- Up-to-date: /home/admin1/URC/install/interbotix_xsarm_control/share/interbotix_xsarm_control/environment/path.dsv
[0.432s] -- Up-to-date: /home/admin1/URC/install/interbotix_xsarm_control/share/interbotix_xsarm_control/local_setup.bash
[0.433s] -- Up-to-date: /home/admin1/URC/install/interbotix_xsarm_control/share/interbotix_xsarm_control/local_setup.sh
[0.436s] -- Up-to-date: /home/admin1/URC/install/interbotix_xsarm_control/share/interbotix_xsarm_control/local_setup.zsh
[0.440s] -- Up-to-date: /home/admin1/URC/install/interbotix_xsarm_control/share/interbotix_xsarm_control/local_setup.dsv
[0.440s] -- Installing: /home/admin1/URC/install/interbotix_xsarm_control/share/interbotix_xsarm_control/package.dsv
[0.441s] -- Up-to-date: /home/admin1/URC/install/interbotix_xsarm_control/share/ament_index/resource_index/packages/interbotix_xsarm_control
[0.441s] -- Up-to-date: /home/admin1/URC/install/interbotix_xsarm_control/share/interbotix_xsarm_control/cmake/interbotix_xsarm_controlConfig.cmake
[0.441s] -- Up-to-date: /home/admin1/URC/install/interbotix_xsarm_control/share/interbotix_xsarm_control/cmake/interbotix_xsarm_controlConfig-version.cmake
[0.442s] -- Up-to-date: /home/admin1/URC/install/interbotix_xsarm_control/share/interbotix_xsarm_control/package.xml
[0.443s] Invoked command in '/home/admin1/URC/build/interbotix_xsarm_control' returned '0': AMENT_PREFIX_PATH=/home/admin1/URC/install/interbotix_xsarm_descriptions:/home/admin1/URC/install/interbotix_xs_modules:/home/admin1/URC/install/interbotix_xs_sdk:/home/admin1/URC/install/interbotix_xs_driver:/home/admin1/URC/install/dynamixel_workbench_toolbox:/home/admin1/URC/install/interbotix_xs_msgs:/home/admin1/URC/install/interbotix_common_modules:/home/admin1/URC/install/dynamixel_sdk:${AMENT_PREFIX_PATH} CMAKE_PREFIX_PATH=/home/admin1/URC/install/interbotix_xsarm_descriptions:/home/admin1/URC/install/interbotix_xs_sdk:/home/admin1/URC/install/interbotix_xs_driver:/home/admin1/URC/install/dynamixel_workbench_toolbox:/home/admin1/URC/install/interbotix_xs_msgs:/home/admin1/URC/install/dynamixel_sdk:/opt/ros/jazzy/opt/gz_math_vendor:/opt/ros/jazzy/opt/gz_utils_vendor:/opt/ros/jazzy/opt/gz_cmake_vendor:/opt/ros/jazzy DEBUGINFOD_URLS=https://debuginfod.ubuntu.com LD_LIBRARY_PATH=/home/admin1/URC/install/interbotix_xs_driver/lib:/home/admin1/URC/install/dynamixel_workbench_toolbox/lib:/home/admin1/URC/install/interbotix_xs_msgs/lib:/home/admin1/URC/install/dynamixel_sdk/lib:${LD_LIBRARY_PATH} PYTHONPATH=/home/admin1/URC/install/interbotix_xs_modules/lib/python3.12/site-packages:/home/admin1/URC/install/interbotix_xs_msgs/lib/python3.12/site-packages:/home/admin1/URC/install/interbotix_common_modules/lib/python3.12/site-packages:/home/admin1/URC/install/dynamixel_sdk/lib/python3.12/site-packages:${PYTHONPATH} /usr/bin/cmake --install /home/admin1/URC/build/interbotix_xsarm_control
