[0.455s] Invoking command in '/home/ayaan/URC/URC/build/receiver': CMAKE_PREFIX_PATH=${CMAKE_PREFIX_PATH}:/home/ayaan/imprimis/imprimis_ws/install/utils:/home/ayaan/imprimis/imprimis_ws/install/map_goal_to_odom:/home/ayaan/imprimis/imprimis_ws/install/gps_nav_bridge:/opt/ros/jazzy DEBUGINFOD_URLS=https://debuginfod.ubuntu.com /usr/bin/cmake /home/ayaan/URC/URC/urc_ws_interbotix/src/receiver -DCMAKE_INSTALL_PREFIX=/home/ayaan/URC/URC/install/receiver
[0.499s] -- The C compiler identification is GNU 13.3.0
[0.544s] -- The CXX compiler identification is GNU 13.3.0
[0.558s] -- Detecting C compiler ABI info
[0.635s] -- Detecting C compiler ABI info - done
[0.640s] -- Check for working C compiler: /usr/bin/cc - skipped
[0.640s] -- Detecting C compile features
[0.640s] -- Detecting C compile features - done
[0.646s] -- Detecting CXX compiler ABI info
[0.729s] -- Detecting CXX compiler ABI info - done
[0.737s] -- Check for working CXX compiler: /usr/bin/c++ - skipped
[0.737s] -- Detecting CXX compile features
[0.737s] -- Detecting CXX compile features - done
[0.740s] -- Found ament_cmake: 2.5.5 (/opt/ros/jazzy/share/ament_cmake/cmake)
[0.916s] -- Found Python3: /usr/bin/python3 (found version "3.12.3") found components: Interpreter 
[1.169s] -- Found rclcpp: 28.1.16 (/opt/ros/jazzy/share/rclcpp/cmake)
[1.227s] -- Found rosidl_generator_c: 4.6.7 (/opt/ros/jazzy/share/rosidl_generator_c/cmake)
[1.245s] -- Found rosidl_generator_cpp: 4.6.7 (/opt/ros/jazzy/share/rosidl_generator_cpp/cmake)
[1.265s] -- Using all available rosidl_typesupport_c: rosidl_typesupport_fastrtps_c;rosidl_typesupport_introspection_c
[1.287s] -- Using all available rosidl_typesupport_cpp: rosidl_typesupport_fastrtps_cpp;rosidl_typesupport_introspection_cpp
[1.410s] -- Found rmw_implementation_cmake: 7.3.3 (/opt/ros/jazzy/share/rmw_implementation_cmake/cmake)
[1.416s] -- Found rmw_fastrtps_cpp: 8.4.3 (/opt/ros/jazzy/share/rmw_fastrtps_cpp/cmake)
[1.537s] -- Found OpenSSL: /usr/lib/x86_64-linux-gnu/libcrypto.so (found version "3.0.13")  
[1.572s] -- Found FastRTPS: /opt/ros/jazzy/include (Required is at least version "2.13") 
[1.600s] -- Using RMW implementation 'rmw_fastrtps_cpp' as default
[1.692s] -- Found sensor_msgs: 5.3.6 (/opt/ros/jazzy/share/sensor_msgs/cmake)
[1.741s] [31mCMake Error at /opt/ros/jazzy/share/ament_cmake_target_dependencies/cmake/ament_target_dependencies.cmake:42 (message):
[1.742s]   ament_target_dependencies() the first argument must be a valid target name
[1.742s] Call Stack (most recent call first):
[1.742s]   CMakeLists.txt:18 (ament_target_dependencies)
[1.742s] 
[1.742s] [0m
[1.742s] -- Configuring incomplete, errors occurred!
[1.752s] Invoked command in '/home/ayaan/URC/URC/build/receiver' returned '1': CMAKE_PREFIX_PATH=${CMAKE_PREFIX_PATH}:/home/ayaan/imprimis/imprimis_ws/install/utils:/home/ayaan/imprimis/imprimis_ws/install/map_goal_to_odom:/home/ayaan/imprimis/imprimis_ws/install/gps_nav_bridge:/opt/ros/jazzy DEBUGINFOD_URLS=https://debuginfod.ubuntu.com /usr/bin/cmake /home/ayaan/URC/URC/urc_ws_interbotix/src/receiver -DCMAKE_INSTALL_PREFIX=/home/ayaan/URC/URC/install/receiver
