[0.900s] Invoking command in '/home/ayaan/URC/URC/urc_ws_interbotix/src/IMU_control': DEBUGINFOD_URLS=https://debuginfod.ubuntu.com PYTHONPATH=/home/ayaan/URC/URC/build/IMU_control/prefix_override:/usr/lib/python3/dist-packages/colcon_core/task/python/colcon_distutils_commands:/home/ayaan/URC/URC/install/IMU_control/lib/python3.12/site-packages:${PYTHONPATH} /usr/bin/python3 -W ignore:setup.py install is deprecated -W ignore:easy_install command is deprecated setup.py egg_info --egg-base ../../../build/IMU_control build --build-base /home/ayaan/URC/URC/build/IMU_control/build install --record /home/ayaan/URC/URC/build/IMU_control/install.log --single-version-externally-managed install_data
[1.063s] running egg_info
[1.072s] writing ../../../build/IMU_control/IMU_control.egg-info/PKG-INFO
[1.072s] writing dependency_links to ../../../build/IMU_control/IMU_control.egg-info/dependency_links.txt
[1.072s] writing entry points to ../../../build/IMU_control/IMU_control.egg-info/entry_points.txt
[1.072s] writing requirements to ../../../build/IMU_control/IMU_control.egg-info/requires.txt
[1.072s] writing top-level names to ../../../build/IMU_control/IMU_control.egg-info/top_level.txt
[1.090s] reading manifest file '../../../build/IMU_control/IMU_control.egg-info/SOURCES.txt'
[1.090s] writing manifest file '../../../build/IMU_control/IMU_control.egg-info/SOURCES.txt'
[1.090s] running build
[1.090s] running build_py
[1.090s] running install
[1.094s] running install_lib
[1.103s] running install_data
[1.103s] running install_egg_info
[1.113s] removing '/home/ayaan/URC/URC/install/IMU_control/lib/python3.12/site-packages/IMU_control-0.0.0-py3.12.egg-info' (and everything under it)
[1.113s] Copying ../../../build/IMU_control/IMU_control.egg-info to /home/ayaan/URC/URC/install/IMU_control/lib/python3.12/site-packages/IMU_control-0.0.0-py3.12.egg-info
[1.113s] running install_scripts
[1.175s] Installing IMU_control script to /home/ayaan/URC/URC/install/IMU_control/lib/IMU_control
[1.176s] writing list of installed files to '/home/ayaan/URC/URC/build/IMU_control/install.log'
[1.207s] Invoked command in '/home/ayaan/URC/URC/urc_ws_interbotix/src/IMU_control' returned '0': DEBUGINFOD_URLS=https://debuginfod.ubuntu.com PYTHONPATH=/home/ayaan/URC/URC/build/IMU_control/prefix_override:/usr/lib/python3/dist-packages/colcon_core/task/python/colcon_distutils_commands:/home/ayaan/URC/URC/install/IMU_control/lib/python3.12/site-packages:${PYTHONPATH} /usr/bin/python3 -W ignore:setup.py install is deprecated -W ignore:easy_install command is deprecated setup.py egg_info --egg-base ../../../build/IMU_control build --build-base /home/ayaan/URC/URC/build/IMU_control/build install --record /home/ayaan/URC/URC/build/IMU_control/install.log --single-version-externally-managed install_data
