[0.064s] Invoking command in '/home/adam/URC/build/interbotix_xs_msgs': CMAKE_PREFIX_PATH=${CMAKE_PREFIX_PATH}:/home/adam/interbotix_ws/install/interbotix_xs_modules:/home/adam/interbotix_ws/install/interbotix_perception_modules:/home/adam/interbotix_ws/install/interbotix_common_modules:/opt/ros/galactic /usr/bin/cmake /home/adam/URC/urc_ws_interbotix/src/interbotix_xs_msgs -DCMAKE_INSTALL_PREFIX=/home/adam/URC/install/interbotix_xs_msgs
[0.523s] -- The C compiler identification is GNU 9.4.0
[0.523s] -- The CXX compiler identification is GNU 9.4.0
[0.524s] -- Check for working C compiler: /usr/bin/cc
[0.524s] -- Check for working C compiler: /usr/bin/cc -- works
[0.524s] -- Detecting C compiler ABI info
[0.622s] -- Detecting C compiler ABI info - done
[0.642s] -- Detecting C compile features
[0.643s] -- Detecting C compile features - done
[0.648s] -- Check for working CXX compiler: /usr/bin/c++
[0.830s] -- Check for working CXX compiler: /usr/bin/c++ -- works
[0.832s] -- Detecting CXX compiler ABI info
[1.003s] -- Detecting CXX compiler ABI info - done
[1.024s] -- Detecting CXX compile features
[1.025s] -- Detecting CXX compile features - done
[1.044s] -- Found rosidl_default_generators: 1.1.1 (/opt/ros/galactic/share/rosidl_default_generators/cmake)
[1.060s] -- Found ament_cmake_core: 1.1.6 (/opt/ros/galactic/share/ament_cmake_core/cmake)
[1.109s] -- Found PythonInterp: /usr/bin/python3 (found suitable version "3.8.10", minimum required is "3") 
[1.110s] -- Using PYTHON_EXECUTABLE: /usr/bin/python3
[1.288s] -- Using all available rosidl_typesupport_c: rosidl_typesupport_fastrtps_c;rosidl_typesupport_introspection_c
[1.358s] -- Found rosidl_adapter: 2.2.3 (/opt/ros/galactic/share/rosidl_adapter/cmake)
[1.893s] -- Found OpenSSL: /usr/lib/x86_64-linux-gnu/libcrypto.so (found version "1.1.1f")  
[1.965s] -- Found FastRTPS: /opt/ros/galactic/include  
[2.234s] -- Using all available rosidl_typesupport_cpp: rosidl_typesupport_fastrtps_cpp;rosidl_typesupport_introspection_cpp
[2.353s] -- Found std_msgs: 2.2.4 (/opt/ros/galactic/share/std_msgs/cmake)
[2.461s] -- Found trajectory_msgs: 2.2.4 (/opt/ros/galactic/share/trajectory_msgs/cmake)
[2.794s] -- Found PythonInterp: /usr/bin/python3 (found version "3.8.10") 
[5.197s] -- Found ament_cmake_ros: 0.9.2 (/opt/ros/galactic/share/ament_cmake_ros/cmake)
[7.886s] -- Using all available rosidl_typesupport_c: rosidl_typesupport_fastrtps_c;rosidl_typesupport_introspection_c
[8.670s] -- Using all available rosidl_typesupport_cpp: rosidl_typesupport_fastrtps_cpp;rosidl_typesupport_introspection_cpp
[8.834s] -- Found PythonInterp: /usr/bin/python3 (found suitable version "3.8.10", minimum required is "3.5") 
[8.844s] -- Found python_cmake_module: 0.8.1 (/opt/ros/galactic/share/python_cmake_module/cmake)
[8.932s] -- Found PythonLibs: /usr/lib/x86_64-linux-gnu/libpython3.8.so (found suitable version "3.8.10", minimum required is "3.5") 
[8.932s] -- Using PYTHON_EXECUTABLE: /usr/bin/python3
[8.932s] -- Using PYTHON_INCLUDE_DIRS: /usr/include/python3.8
[8.933s] -- Using PYTHON_LIBRARIES: /usr/lib/x86_64-linux-gnu/libpython3.8.so
[9.018s] -- Found PythonExtra: .so  
[9.794s] -- Found ament_lint_auto: 0.10.7 (/opt/ros/galactic/share/ament_lint_auto/cmake)
[9.886s] -- Configuring done
[10.281s] -- Generating done
[10.363s] -- Build files have been written to: /home/adam/URC/build/interbotix_xs_msgs
[10.376s] Invoked command in '/home/adam/URC/build/interbotix_xs_msgs' returned '0': CMAKE_PREFIX_PATH=${CMAKE_PREFIX_PATH}:/home/adam/interbotix_ws/install/interbotix_xs_modules:/home/adam/interbotix_ws/install/interbotix_perception_modules:/home/adam/interbotix_ws/install/interbotix_common_modules:/opt/ros/galactic /usr/bin/cmake /home/adam/URC/urc_ws_interbotix/src/interbotix_xs_msgs -DCMAKE_INSTALL_PREFIX=/home/adam/URC/install/interbotix_xs_msgs
[10.377s] Invoking command in '/home/adam/URC/build/interbotix_xs_msgs': CMAKE_PREFIX_PATH=${CMAKE_PREFIX_PATH}:/home/adam/interbotix_ws/install/interbotix_xs_modules:/home/adam/interbotix_ws/install/interbotix_perception_modules:/home/adam/interbotix_ws/install/interbotix_common_modules:/opt/ros/galactic /usr/bin/cmake --build /home/adam/URC/build/interbotix_xs_msgs -- -j4 -l4
[10.631s] [35m[1mScanning dependencies of target interbotix_xs_msgs__cpp[0m
[10.668s] [  1%] [34m[1mGenerating C code for ROS interfaces[0m
[10.706s] [  1%] [34m[1mGenerating C++ code for ROS interfaces[0m
[18.439s] [  1%] Built target interbotix_xs_msgs__cpp
[18.580s] [  2%] [34m[1mGenerating C++ type support for eProsima Fast-RTPS[0m
[18.584s] [  3%] [34m[1mGenerating C++ type support dispatch for ROS interfaces[0m
[18.606s] [  3%] [34m[1mGenerating C++ introspection for ROS interfaces[0m
[25.055s] [35m[1mScanning dependencies of target interbotix_xs_msgs__rosidl_generator_c[0m
[25.173s] [  4%] [32mBuilding C object CMakeFiles/interbotix_xs_msgs__rosidl_generator_c.dir/rosidl_generator_c/interbotix_xs_msgs/msg/detail/arm_joy__functions.c.o[0m
[25.371s] [  4%] [32mBuilding C object CMakeFiles/interbotix_xs_msgs__rosidl_generator_c.dir/rosidl_generator_c/interbotix_xs_msgs/msg/detail/hex_joy__functions.c.o[0m
[25.511s] [  5%] [32mBuilding C object CMakeFiles/interbotix_xs_msgs__rosidl_generator_c.dir/rosidl_generator_c/interbotix_xs_msgs/msg/detail/joint_group_command__functions.c.o[0m
[25.791s] [  6%] [32mBuilding C object CMakeFiles/interbotix_xs_msgs__rosidl_generator_c.dir/rosidl_generator_c/interbotix_xs_msgs/msg/detail/joint_single_command__functions.c.o[0m
[26.173s] [  7%] [32mBuilding C object CMakeFiles/interbotix_xs_msgs__rosidl_generator_c.dir/rosidl_generator_c/interbotix_xs_msgs/msg/detail/joint_temps__functions.c.o[0m
[26.438s] [  7%] [32mBuilding C object CMakeFiles/interbotix_xs_msgs__rosidl_generator_c.dir/rosidl_generator_c/interbotix_xs_msgs/msg/detail/joint_trajectory_command__functions.c.o[0m
[26.722s] [  8%] [32mBuilding C object CMakeFiles/interbotix_xs_msgs__rosidl_generator_c.dir/rosidl_generator_c/interbotix_xs_msgs/msg/detail/locobot_joy__functions.c.o[0m
[27.145s] [  9%] [32mBuilding C object CMakeFiles/interbotix_xs_msgs__rosidl_generator_c.dir/rosidl_generator_c/interbotix_xs_msgs/msg/detail/turret_joy__functions.c.o[0m
[27.384s] [ 10%] [32mBuilding C object CMakeFiles/interbotix_xs_msgs__rosidl_generator_c.dir/rosidl_generator_c/interbotix_xs_msgs/srv/detail/motor_gains__functions.c.o[0m
[27.685s] [ 10%] [32mBuilding C object CMakeFiles/interbotix_xs_msgs__rosidl_generator_c.dir/rosidl_generator_c/interbotix_xs_msgs/srv/detail/operating_modes__functions.c.o[0m
[27.929s] [ 11%] [32mBuilding C object CMakeFiles/interbotix_xs_msgs__rosidl_generator_c.dir/rosidl_generator_c/interbotix_xs_msgs/srv/detail/reboot__functions.c.o[0m
[28.066s] [35m[1mScanning dependencies of target interbotix_xs_msgs__rosidl_typesupport_cpp[0m
[28.198s] [ 12%] [32mBuilding CXX object CMakeFiles/interbotix_xs_msgs__rosidl_typesupport_cpp.dir/rosidl_typesupport_cpp/interbotix_xs_msgs/msg/arm_joy__type_support.cpp.o[0m
[28.242s] [ 13%] [32mBuilding C object CMakeFiles/interbotix_xs_msgs__rosidl_generator_c.dir/rosidl_generator_c/interbotix_xs_msgs/srv/detail/register_values__functions.c.o[0m
[28.322s] [35m[1mScanning dependencies of target interbotix_xs_msgs__rosidl_typesupport_introspection_cpp[0m
[28.439s] [ 14%] [32mBuilding CXX object CMakeFiles/interbotix_xs_msgs__rosidl_typesupport_introspection_cpp.dir/rosidl_typesupport_introspection_cpp/interbotix_xs_msgs/msg/detail/arm_joy__type_support.cpp.o[0m
[28.509s] [ 14%] [32mBuilding C object CMakeFiles/interbotix_xs_msgs__rosidl_generator_c.dir/rosidl_generator_c/interbotix_xs_msgs/srv/detail/robot_info__functions.c.o[0m
[28.708s] [ 15%] [32mBuilding C object CMakeFiles/interbotix_xs_msgs__rosidl_generator_c.dir/rosidl_generator_c/interbotix_xs_msgs/srv/detail/torque_enable__functions.c.o[0m
[28.913s] [35m[1mScanning dependencies of target interbotix_xs_msgs__rosidl_typesupport_fastrtps_cpp[0m
[28.950s] [ 16%] [32m[1mLinking C shared library libinterbotix_xs_msgs__rosidl_generator_c.so[0m
[28.976s] [ 17%] [32mBuilding CXX object CMakeFiles/interbotix_xs_msgs__rosidl_typesupport_cpp.dir/rosidl_typesupport_cpp/interbotix_xs_msgs/msg/hex_joy__type_support.cpp.o[0m
[29.035s] [ 18%] [32mBuilding CXX object CMakeFiles/interbotix_xs_msgs__rosidl_typesupport_fastrtps_cpp.dir/rosidl_typesupport_fastrtps_cpp/interbotix_xs_msgs/msg/detail/dds_fastrtps/arm_joy__type_support.cpp.o[0m
[29.178s] [ 18%] Built target interbotix_xs_msgs__rosidl_generator_c
[29.263s] [ 19%] [34m[1mGenerating C introspection for ROS interfaces[0m
[29.283s] [ 20%] [32mBuilding CXX object CMakeFiles/interbotix_xs_msgs__rosidl_typesupport_introspection_cpp.dir/rosidl_typesupport_introspection_cpp/interbotix_xs_msgs/msg/detail/hex_joy__type_support.cpp.o[0m
[29.926s] [ 20%] [32mBuilding CXX object CMakeFiles/interbotix_xs_msgs__rosidl_typesupport_cpp.dir/rosidl_typesupport_cpp/interbotix_xs_msgs/msg/joint_group_command__type_support.cpp.o[0m
[29.947s] [ 21%] [32mBuilding CXX object CMakeFiles/interbotix_xs_msgs__rosidl_typesupport_fastrtps_cpp.dir/rosidl_typesupport_fastrtps_cpp/interbotix_xs_msgs/msg/detail/dds_fastrtps/hex_joy__type_support.cpp.o[0m
[30.425s] [ 22%] [32mBuilding CXX object CMakeFiles/interbotix_xs_msgs__rosidl_typesupport_introspection_cpp.dir/rosidl_typesupport_introspection_cpp/interbotix_xs_msgs/msg/detail/joint_group_command__type_support.cpp.o[0m
[30.578s] [ 23%] [32mBuilding CXX object CMakeFiles/interbotix_xs_msgs__rosidl_typesupport_cpp.dir/rosidl_typesupport_cpp/interbotix_xs_msgs/msg/joint_single_command__type_support.cpp.o[0m
[31.158s] [ 23%] [32mBuilding CXX object CMakeFiles/interbotix_xs_msgs__rosidl_typesupport_introspection_cpp.dir/rosidl_typesupport_introspection_cpp/interbotix_xs_msgs/msg/detail/joint_single_command__type_support.cpp.o[0m
[31.237s] [ 23%] [32mBuilding CXX object CMakeFiles/interbotix_xs_msgs__rosidl_typesupport_fastrtps_cpp.dir/rosidl_typesupport_fastrtps_cpp/interbotix_xs_msgs/msg/detail/dds_fastrtps/joint_group_command__type_support.cpp.o[0m
[31.546s] [ 24%] [32mBuilding CXX object CMakeFiles/interbotix_xs_msgs__rosidl_typesupport_cpp.dir/rosidl_typesupport_cpp/interbotix_xs_msgs/msg/joint_temps__type_support.cpp.o[0m
[31.965s] [ 25%] [32mBuilding CXX object CMakeFiles/interbotix_xs_msgs__rosidl_typesupport_introspection_cpp.dir/rosidl_typesupport_introspection_cpp/interbotix_xs_msgs/msg/detail/joint_temps__type_support.cpp.o[0m
[32.149s] [ 26%] [32mBuilding CXX object CMakeFiles/interbotix_xs_msgs__rosidl_typesupport_fastrtps_cpp.dir/rosidl_typesupport_fastrtps_cpp/interbotix_xs_msgs/msg/detail/dds_fastrtps/joint_single_command__type_support.cpp.o[0m
[32.381s] [ 26%] [32mBuilding CXX object CMakeFiles/interbotix_xs_msgs__rosidl_typesupport_cpp.dir/rosidl_typesupport_cpp/interbotix_xs_msgs/msg/joint_trajectory_command__type_support.cpp.o[0m
[32.940s] [ 27%] [32mBuilding CXX object CMakeFiles/interbotix_xs_msgs__rosidl_typesupport_introspection_cpp.dir/rosidl_typesupport_introspection_cpp/interbotix_xs_msgs/msg/detail/joint_trajectory_command__type_support.cpp.o[0m
[33.149s] [ 28%] [32mBuilding CXX object CMakeFiles/interbotix_xs_msgs__rosidl_typesupport_fastrtps_cpp.dir/rosidl_typesupport_fastrtps_cpp/interbotix_xs_msgs/msg/detail/dds_fastrtps/joint_temps__type_support.cpp.o[0m
[33.254s] [ 29%] [32mBuilding CXX object CMakeFiles/interbotix_xs_msgs__rosidl_typesupport_cpp.dir/rosidl_typesupport_cpp/interbotix_xs_msgs/msg/locobot_joy__type_support.cpp.o[0m
[33.827s] [ 30%] [32mBuilding CXX object CMakeFiles/interbotix_xs_msgs__rosidl_typesupport_cpp.dir/rosidl_typesupport_cpp/interbotix_xs_msgs/msg/turret_joy__type_support.cpp.o[0m
[34.089s] [ 31%] [32mBuilding CXX object CMakeFiles/interbotix_xs_msgs__rosidl_typesupport_introspection_cpp.dir/rosidl_typesupport_introspection_cpp/interbotix_xs_msgs/msg/detail/locobot_joy__type_support.cpp.o[0m
[34.500s] [ 32%] [32mBuilding CXX object CMakeFiles/interbotix_xs_msgs__rosidl_typesupport_fastrtps_cpp.dir/rosidl_typesupport_fastrtps_cpp/interbotix_xs_msgs/msg/detail/dds_fastrtps/joint_trajectory_command__type_support.cpp.o[0m
[34.617s] [ 33%] [32mBuilding CXX object CMakeFiles/interbotix_xs_msgs__rosidl_typesupport_cpp.dir/rosidl_typesupport_cpp/interbotix_xs_msgs/srv/motor_gains__type_support.cpp.o[0m
[34.741s] [ 33%] [32mBuilding CXX object CMakeFiles/interbotix_xs_msgs__rosidl_typesupport_introspection_cpp.dir/rosidl_typesupport_introspection_cpp/interbotix_xs_msgs/msg/detail/turret_joy__type_support.cpp.o[0m
[35.310s] [ 33%] [32mBuilding CXX object CMakeFiles/interbotix_xs_msgs__rosidl_typesupport_fastrtps_cpp.dir/rosidl_typesupport_fastrtps_cpp/interbotix_xs_msgs/msg/detail/dds_fastrtps/locobot_joy__type_support.cpp.o[0m
[35.684s] [35m[1mScanning dependencies of target interbotix_xs_msgs__rosidl_typesupport_introspection_c[0m
[35.752s] [ 33%] [32mBuilding CXX object CMakeFiles/interbotix_xs_msgs__rosidl_typesupport_cpp.dir/rosidl_typesupport_cpp/interbotix_xs_msgs/srv/operating_modes__type_support.cpp.o[0m
[35.797s] [ 34%] [32mBuilding CXX object CMakeFiles/interbotix_xs_msgs__rosidl_typesupport_introspection_cpp.dir/rosidl_typesupport_introspection_cpp/interbotix_xs_msgs/srv/detail/motor_gains__type_support.cpp.o[0m
[35.831s] [ 35%] [32mBuilding C object CMakeFiles/interbotix_xs_msgs__rosidl_typesupport_introspection_c.dir/rosidl_typesupport_introspection_c/interbotix_xs_msgs/msg/detail/arm_joy__type_support.c.o[0m
[35.956s] [ 36%] [32mBuilding C object CMakeFiles/interbotix_xs_msgs__rosidl_typesupport_introspection_c.dir/rosidl_typesupport_introspection_c/interbotix_xs_msgs/msg/detail/hex_joy__type_support.c.o[0m
[36.146s] [ 36%] [32mBuilding C object CMakeFiles/interbotix_xs_msgs__rosidl_typesupport_introspection_c.dir/rosidl_typesupport_introspection_c/interbotix_xs_msgs/msg/detail/joint_group_command__type_support.c.o[0m
[36.193s] [ 37%] [32mBuilding CXX object CMakeFiles/interbotix_xs_msgs__rosidl_typesupport_fastrtps_cpp.dir/rosidl_typesupport_fastrtps_cpp/interbotix_xs_msgs/msg/detail/dds_fastrtps/turret_joy__type_support.cpp.o[0m
[36.345s] [ 38%] [32mBuilding C object CMakeFiles/interbotix_xs_msgs__rosidl_typesupport_introspection_c.dir/rosidl_typesupport_introspection_c/interbotix_xs_msgs/msg/detail/joint_single_command__type_support.c.o[0m
[36.507s] [ 39%] [32mBuilding CXX object CMakeFiles/interbotix_xs_msgs__rosidl_typesupport_cpp.dir/rosidl_typesupport_cpp/interbotix_xs_msgs/srv/reboot__type_support.cpp.o[0m
[36.531s] [ 40%] [32mBuilding C object CMakeFiles/interbotix_xs_msgs__rosidl_typesupport_introspection_c.dir/rosidl_typesupport_introspection_c/interbotix_xs_msgs/msg/detail/joint_temps__type_support.c.o[0m
[36.660s] [ 41%] [32mBuilding CXX object CMakeFiles/interbotix_xs_msgs__rosidl_typesupport_introspection_cpp.dir/rosidl_typesupport_introspection_cpp/interbotix_xs_msgs/srv/detail/operating_modes__type_support.cpp.o[0m
[36.676s] [ 42%] [32mBuilding C object CMakeFiles/interbotix_xs_msgs__rosidl_typesupport_introspection_c.dir/rosidl_typesupport_introspection_c/interbotix_xs_msgs/msg/detail/joint_trajectory_command__type_support.c.o[0m
[36.747s] [ 42%] [32mBuilding C object CMakeFiles/interbotix_xs_msgs__rosidl_typesupport_introspection_c.dir/rosidl_typesupport_introspection_c/interbotix_xs_msgs/msg/detail/locobot_joy__type_support.c.o[0m
[36.814s] [ 43%] [32mBuilding C object CMakeFiles/interbotix_xs_msgs__rosidl_typesupport_introspection_c.dir/rosidl_typesupport_introspection_c/interbotix_xs_msgs/msg/detail/turret_joy__type_support.c.o[0m
[36.880s] [ 44%] [32mBuilding C object CMakeFiles/interbotix_xs_msgs__rosidl_typesupport_introspection_c.dir/rosidl_typesupport_introspection_c/interbotix_xs_msgs/srv/detail/motor_gains__type_support.c.o[0m
[36.939s] [ 45%] [32mBuilding CXX object CMakeFiles/interbotix_xs_msgs__rosidl_typesupport_fastrtps_cpp.dir/rosidl_typesupport_fastrtps_cpp/interbotix_xs_msgs/srv/detail/dds_fastrtps/motor_gains__type_support.cpp.o[0m
[36.972s] [ 45%] [32mBuilding C object CMakeFiles/interbotix_xs_msgs__rosidl_typesupport_introspection_c.dir/rosidl_typesupport_introspection_c/interbotix_xs_msgs/srv/detail/operating_modes__type_support.c.o[0m
[37.044s] [ 46%] [32mBuilding C object CMakeFiles/interbotix_xs_msgs__rosidl_typesupport_introspection_c.dir/rosidl_typesupport_introspection_c/interbotix_xs_msgs/srv/detail/reboot__type_support.c.o[0m
[37.118s] [ 47%] [32mBuilding C object CMakeFiles/interbotix_xs_msgs__rosidl_typesupport_introspection_c.dir/rosidl_typesupport_introspection_c/interbotix_xs_msgs/srv/detail/register_values__type_support.c.o[0m
[37.193s] [ 48%] [32mBuilding C object CMakeFiles/interbotix_xs_msgs__rosidl_typesupport_introspection_c.dir/rosidl_typesupport_introspection_c/interbotix_xs_msgs/srv/detail/robot_info__type_support.c.o[0m
[37.267s] [ 49%] [32mBuilding CXX object CMakeFiles/interbotix_xs_msgs__rosidl_typesupport_cpp.dir/rosidl_typesupport_cpp/interbotix_xs_msgs/srv/register_values__type_support.cpp.o[0m
[37.268s] [ 49%] [32mBuilding C object CMakeFiles/interbotix_xs_msgs__rosidl_typesupport_introspection_c.dir/rosidl_typesupport_introspection_c/interbotix_xs_msgs/srv/detail/torque_enable__type_support.c.o[0m
[37.308s] [ 50%] [32mBuilding CXX object CMakeFiles/interbotix_xs_msgs__rosidl_typesupport_introspection_cpp.dir/rosidl_typesupport_introspection_cpp/interbotix_xs_msgs/srv/detail/reboot__type_support.cpp.o[0m
[37.402s] [ 51%] [32m[1mLinking C shared library libinterbotix_xs_msgs__rosidl_typesupport_introspection_c.so[0m
[37.494s] [ 51%] Built target interbotix_xs_msgs__rosidl_typesupport_introspection_c
[37.765s] [ 52%] [32mBuilding CXX object CMakeFiles/interbotix_xs_msgs__rosidl_typesupport_cpp.dir/rosidl_typesupport_cpp/interbotix_xs_msgs/srv/robot_info__type_support.cpp.o[0m
[37.868s] [ 53%] [32mBuilding CXX object CMakeFiles/interbotix_xs_msgs__rosidl_typesupport_fastrtps_cpp.dir/rosidl_typesupport_fastrtps_cpp/interbotix_xs_msgs/srv/detail/dds_fastrtps/operating_modes__type_support.cpp.o[0m
[37.912s] [ 53%] [32mBuilding CXX object CMakeFiles/interbotix_xs_msgs__rosidl_typesupport_introspection_cpp.dir/rosidl_typesupport_introspection_cpp/interbotix_xs_msgs/srv/detail/register_values__type_support.cpp.o[0m
[38.257s] [ 53%] [32mBuilding CXX object CMakeFiles/interbotix_xs_msgs__rosidl_typesupport_cpp.dir/rosidl_typesupport_cpp/interbotix_xs_msgs/srv/torque_enable__type_support.cpp.o[0m
[38.445s] [ 54%] [32mBuilding CXX object CMakeFiles/interbotix_xs_msgs__rosidl_typesupport_introspection_cpp.dir/rosidl_typesupport_introspection_cpp/interbotix_xs_msgs/srv/detail/robot_info__type_support.cpp.o[0m
[38.662s] [ 54%] [32mBuilding CXX object CMakeFiles/interbotix_xs_msgs__rosidl_typesupport_fastrtps_cpp.dir/rosidl_typesupport_fastrtps_cpp/interbotix_xs_msgs/srv/detail/dds_fastrtps/reboot__type_support.cpp.o[0m
[38.751s] [ 55%] [32m[1mLinking CXX shared library libinterbotix_xs_msgs__rosidl_typesupport_cpp.so[0m
[38.860s] [ 55%] Built target interbotix_xs_msgs__rosidl_typesupport_cpp
[39.159s] [ 56%] [32mBuilding CXX object CMakeFiles/interbotix_xs_msgs__rosidl_typesupport_introspection_cpp.dir/rosidl_typesupport_introspection_cpp/interbotix_xs_msgs/srv/detail/torque_enable__type_support.cpp.o[0m
[39.301s] [ 57%] [32mBuilding CXX object CMakeFiles/interbotix_xs_msgs__rosidl_typesupport_fastrtps_cpp.dir/rosidl_typesupport_fastrtps_cpp/interbotix_xs_msgs/srv/detail/dds_fastrtps/register_values__type_support.cpp.o[0m
[39.593s] [ 58%] [32m[1mLinking CXX shared library libinterbotix_xs_msgs__rosidl_typesupport_introspection_cpp.so[0m
[39.754s] [ 58%] Built target interbotix_xs_msgs__rosidl_typesupport_introspection_cpp
[39.860s] [ 59%] [32mBuilding CXX object CMakeFiles/interbotix_xs_msgs__rosidl_typesupport_fastrtps_cpp.dir/rosidl_typesupport_fastrtps_cpp/interbotix_xs_msgs/srv/detail/dds_fastrtps/torque_enable__type_support.cpp.o[0m
[40.315s] [ 60%] [32mBuilding CXX object CMakeFiles/interbotix_xs_msgs__rosidl_typesupport_fastrtps_cpp.dir/rosidl_typesupport_fastrtps_cpp/interbotix_xs_msgs/srv/detail/dds_fastrtps/robot_info__type_support.cpp.o[0m
[40.894s] [ 60%] [32m[1mLinking CXX shared library libinterbotix_xs_msgs__rosidl_typesupport_fastrtps_cpp.so[0m
[41.022s] [ 60%] Built target interbotix_xs_msgs__rosidl_typesupport_fastrtps_cpp
[41.042s] [ 61%] [34m[1mGenerating C type support dispatch for ROS interfaces[0m
[42.872s] [35m[1mScanning dependencies of target interbotix_xs_msgs__rosidl_typesupport_c[0m
[42.897s] [ 61%] [32mBuilding CXX object CMakeFiles/interbotix_xs_msgs__rosidl_typesupport_c.dir/rosidl_typesupport_c/interbotix_xs_msgs/msg/arm_joy__type_support.cpp.o[0m
[42.940s] [ 62%] [32mBuilding CXX object CMakeFiles/interbotix_xs_msgs__rosidl_typesupport_c.dir/rosidl_typesupport_c/interbotix_xs_msgs/msg/joint_group_command__type_support.cpp.o[0m
[42.981s] [ 63%] [32mBuilding CXX object CMakeFiles/interbotix_xs_msgs__rosidl_typesupport_c.dir/rosidl_typesupport_c/interbotix_xs_msgs/msg/joint_single_command__type_support.cpp.o[0m
[43.023s] [ 63%] [32mBuilding CXX object CMakeFiles/interbotix_xs_msgs__rosidl_typesupport_c.dir/rosidl_typesupport_c/interbotix_xs_msgs/msg/joint_temps__type_support.cpp.o[0m
[43.066s] [ 64%] [32mBuilding CXX object CMakeFiles/interbotix_xs_msgs__rosidl_typesupport_c.dir/rosidl_typesupport_c/interbotix_xs_msgs/msg/joint_trajectory_command__type_support.cpp.o[0m
[43.109s] [ 65%] [32mBuilding CXX object CMakeFiles/interbotix_xs_msgs__rosidl_typesupport_c.dir/rosidl_typesupport_c/interbotix_xs_msgs/msg/locobot_joy__type_support.cpp.o[0m
[43.151s] [ 66%] [32mBuilding CXX object CMakeFiles/interbotix_xs_msgs__rosidl_typesupport_c.dir/rosidl_typesupport_c/interbotix_xs_msgs/msg/turret_joy__type_support.cpp.o[0m
[43.192s] [ 66%] [32mBuilding CXX object CMakeFiles/interbotix_xs_msgs__rosidl_typesupport_c.dir/rosidl_typesupport_c/interbotix_xs_msgs/srv/motor_gains__type_support.cpp.o[0m
[43.236s] [ 67%] [32mBuilding CXX object CMakeFiles/interbotix_xs_msgs__rosidl_typesupport_c.dir/rosidl_typesupport_c/interbotix_xs_msgs/srv/operating_modes__type_support.cpp.o[0m
[43.281s] [ 68%] [32mBuilding CXX object CMakeFiles/interbotix_xs_msgs__rosidl_typesupport_c.dir/rosidl_typesupport_c/interbotix_xs_msgs/srv/reboot__type_support.cpp.o[0m
[43.324s] [ 69%] [32mBuilding CXX object CMakeFiles/interbotix_xs_msgs__rosidl_typesupport_c.dir/rosidl_typesupport_c/interbotix_xs_msgs/srv/register_values__type_support.cpp.o[0m
[43.368s] [ 69%] [32mBuilding CXX object CMakeFiles/interbotix_xs_msgs__rosidl_typesupport_c.dir/rosidl_typesupport_c/interbotix_xs_msgs/srv/robot_info__type_support.cpp.o[0m
[43.412s] [ 70%] [32mBuilding CXX object CMakeFiles/interbotix_xs_msgs__rosidl_typesupport_c.dir/rosidl_typesupport_c/interbotix_xs_msgs/srv/torque_enable__type_support.cpp.o[0m
[43.455s] [ 71%] [32mBuilding CXX object CMakeFiles/interbotix_xs_msgs__rosidl_typesupport_c.dir/rosidl_typesupport_c/interbotix_xs_msgs/msg/hex_joy__type_support.cpp.o[0m
[43.496s] [ 72%] [32m[1mLinking CXX shared library libinterbotix_xs_msgs__rosidl_typesupport_c.so[0m
[43.560s] [ 72%] Built target interbotix_xs_msgs__rosidl_typesupport_c
[43.579s] [ 73%] [34m[1mGenerating C type support for eProsima Fast-RTPS[0m
[45.900s] [35m[1mScanning dependencies of target interbotix_xs_msgs__rosidl_typesupport_fastrtps_c[0m
[45.966s] [ 74%] [32mBuilding CXX object CMakeFiles/interbotix_xs_msgs__rosidl_typesupport_fastrtps_c.dir/rosidl_typesupport_fastrtps_c/interbotix_xs_msgs/msg/detail/arm_joy__type_support_c.cpp.o[0m
[46.326s] [ 75%] [32mBuilding CXX object CMakeFiles/interbotix_xs_msgs__rosidl_typesupport_fastrtps_c.dir/rosidl_typesupport_fastrtps_c/interbotix_xs_msgs/msg/detail/joint_single_command__type_support_c.cpp.o[0m
[46.691s] [ 76%] [32mBuilding CXX object CMakeFiles/interbotix_xs_msgs__rosidl_typesupport_fastrtps_c.dir/rosidl_typesupport_fastrtps_c/interbotix_xs_msgs/msg/detail/joint_temps__type_support_c.cpp.o[0m
[47.058s] [ 77%] [32mBuilding CXX object CMakeFiles/interbotix_xs_msgs__rosidl_typesupport_fastrtps_c.dir/rosidl_typesupport_fastrtps_c/interbotix_xs_msgs/msg/detail/joint_group_command__type_support_c.cpp.o[0m
[47.059s] [ 77%] [32mBuilding CXX object CMakeFiles/interbotix_xs_msgs__rosidl_typesupport_fastrtps_c.dir/rosidl_typesupport_fastrtps_c/interbotix_xs_msgs/msg/detail/joint_trajectory_command__type_support_c.cpp.o[0m
[47.429s] [ 78%] [32mBuilding CXX object CMakeFiles/interbotix_xs_msgs__rosidl_typesupport_fastrtps_c.dir/rosidl_typesupport_fastrtps_c/interbotix_xs_msgs/msg/detail/locobot_joy__type_support_c.cpp.o[0m
[47.429s] [ 79%] [32mBuilding CXX object CMakeFiles/interbotix_xs_msgs__rosidl_typesupport_fastrtps_c.dir/rosidl_typesupport_fastrtps_c/interbotix_xs_msgs/msg/detail/turret_joy__type_support_c.cpp.o[0m
[47.795s] [ 80%] [32mBuilding CXX object CMakeFiles/interbotix_xs_msgs__rosidl_typesupport_fastrtps_c.dir/rosidl_typesupport_fastrtps_c/interbotix_xs_msgs/srv/detail/motor_gains__type_support_c.cpp.o[0m
[47.797s] [ 80%] [32mBuilding CXX object CMakeFiles/interbotix_xs_msgs__rosidl_typesupport_fastrtps_c.dir/rosidl_typesupport_fastrtps_c/interbotix_xs_msgs/srv/detail/operating_modes__type_support_c.cpp.o[0m
[48.183s] [ 81%] [32mBuilding CXX object CMakeFiles/interbotix_xs_msgs__rosidl_typesupport_fastrtps_c.dir/rosidl_typesupport_fastrtps_c/interbotix_xs_msgs/srv/detail/reboot__type_support_c.cpp.o[0m
[48.183s] [ 81%] [32mBuilding CXX object CMakeFiles/interbotix_xs_msgs__rosidl_typesupport_fastrtps_c.dir/rosidl_typesupport_fastrtps_c/interbotix_xs_msgs/msg/detail/hex_joy__type_support_c.cpp.o[0m
[48.554s] [ 82%] [32mBuilding CXX object CMakeFiles/interbotix_xs_msgs__rosidl_typesupport_fastrtps_c.dir/rosidl_typesupport_fastrtps_c/interbotix_xs_msgs/srv/detail/robot_info__type_support_c.cpp.o[0m
[48.573s] [ 82%] [32mBuilding CXX object CMakeFiles/interbotix_xs_msgs__rosidl_typesupport_fastrtps_c.dir/rosidl_typesupport_fastrtps_c/interbotix_xs_msgs/srv/detail/torque_enable__type_support_c.cpp.o[0m
[48.962s] [ 83%] [32mBuilding CXX object CMakeFiles/interbotix_xs_msgs__rosidl_typesupport_fastrtps_c.dir/rosidl_typesupport_fastrtps_c/interbotix_xs_msgs/srv/detail/register_values__type_support_c.cpp.o[0m
[49.340s] [ 84%] [32m[1mLinking CXX shared library libinterbotix_xs_msgs__rosidl_typesupport_fastrtps_c.so[0m
[49.460s] [ 84%] Built target interbotix_xs_msgs__rosidl_typesupport_fastrtps_c
[49.478s] [35m[1mScanning dependencies of target interbotix_xs_msgs[0m
[49.496s] [ 84%] Built target interbotix_xs_msgs
[49.514s] [35m[1mScanning dependencies of target interbotix_xs_msgs__py[0m
[49.535s] [ 85%] [34m[1mGenerating Python code for ROS interfaces[0m
[53.920s] [ 85%] Built target interbotix_xs_msgs__py
[53.938s] [35m[1mScanning dependencies of target interbotix_xs_msgs__python[0m
[54.004s] [ 86%] [32mBuilding C object CMakeFiles/interbotix_xs_msgs__python.dir/rosidl_generator_py/interbotix_xs_msgs/msg/_arm_joy_s.c.o[0m
[54.004s] [ 87%] [32mBuilding C object CMakeFiles/interbotix_xs_msgs__python.dir/rosidl_generator_py/interbotix_xs_msgs/msg/_joint_group_command_s.c.o[0m
[54.005s] [ 87%] [32mBuilding C object CMakeFiles/interbotix_xs_msgs__python.dir/rosidl_generator_py/interbotix_xs_msgs/msg/_hex_joy_s.c.o[0m
[54.184s] [ 88%] [32mBuilding C object CMakeFiles/interbotix_xs_msgs__python.dir/rosidl_generator_py/interbotix_xs_msgs/msg/_joint_single_command_s.c.o[0m
[54.188s] [ 89%] [32mBuilding C object CMakeFiles/interbotix_xs_msgs__python.dir/rosidl_generator_py/interbotix_xs_msgs/msg/_joint_temps_s.c.o[0m
[54.190s] [ 89%] [32mBuilding C object CMakeFiles/interbotix_xs_msgs__python.dir/rosidl_generator_py/interbotix_xs_msgs/msg/_joint_trajectory_command_s.c.o[0m
[54.347s] [ 90%] [32mBuilding C object CMakeFiles/interbotix_xs_msgs__python.dir/rosidl_generator_py/interbotix_xs_msgs/msg/_locobot_joy_s.c.o[0m
[54.352s] [ 91%] [32mBuilding C object CMakeFiles/interbotix_xs_msgs__python.dir/rosidl_generator_py/interbotix_xs_msgs/msg/_turret_joy_s.c.o[0m
[54.400s] [ 92%] [32mBuilding C object CMakeFiles/interbotix_xs_msgs__python.dir/rosidl_generator_py/interbotix_xs_msgs/srv/_motor_gains_s.c.o[0m
[54.508s] [ 92%] [32mBuilding C object CMakeFiles/interbotix_xs_msgs__python.dir/rosidl_generator_py/interbotix_xs_msgs/srv/_operating_modes_s.c.o[0m
[54.529s] [ 93%] [32mBuilding C object CMakeFiles/interbotix_xs_msgs__python.dir/rosidl_generator_py/interbotix_xs_msgs/srv/_reboot_s.c.o[0m
[54.604s] [ 94%] [32mBuilding C object CMakeFiles/interbotix_xs_msgs__python.dir/rosidl_generator_py/interbotix_xs_msgs/srv/_register_values_s.c.o[0m
[54.655s] [ 95%] [32mBuilding C object CMakeFiles/interbotix_xs_msgs__python.dir/rosidl_generator_py/interbotix_xs_msgs/srv/_robot_info_s.c.o[0m
[54.683s] [ 95%] [32mBuilding C object CMakeFiles/interbotix_xs_msgs__python.dir/rosidl_generator_py/interbotix_xs_msgs/srv/_torque_enable_s.c.o[0m
[54.858s] [ 96%] [32m[1mLinking C shared library rosidl_generator_py/interbotix_xs_msgs/libinterbotix_xs_msgs__python.so[0m
[54.926s] [ 96%] Built target interbotix_xs_msgs__python
[54.945s] [35m[1mScanning dependencies of target interbotix_xs_msgs__rosidl_typesupport_c__pyext[0m
[54.951s] [35m[1mScanning dependencies of target interbotix_xs_msgs__rosidl_typesupport_introspection_c__pyext[0m
[54.952s] [35m[1mScanning dependencies of target interbotix_xs_msgs__rosidl_typesupport_fastrtps_c__pyext[0m
[54.993s] [ 97%] [32mBuilding C object CMakeFiles/interbotix_xs_msgs__rosidl_typesupport_c__pyext.dir/rosidl_generator_py/interbotix_xs_msgs/_interbotix_xs_msgs_s.ep.rosidl_typesupport_c.c.o[0m
[55.008s] [ 98%] [32mBuilding C object CMakeFiles/interbotix_xs_msgs__rosidl_typesupport_fastrtps_c__pyext.dir/rosidl_generator_py/interbotix_xs_msgs/_interbotix_xs_msgs_s.ep.rosidl_typesupport_fastrtps_c.c.o[0m
[55.017s] [ 99%] [32mBuilding C object CMakeFiles/interbotix_xs_msgs__rosidl_typesupport_introspection_c__pyext.dir/rosidl_generator_py/interbotix_xs_msgs/_interbotix_xs_msgs_s.ep.rosidl_typesupport_introspection_c.c.o[0m
[55.239s] [ 99%] [32m[1mLinking CXX shared library rosidl_generator_py/interbotix_xs_msgs/interbotix_xs_msgs_s__rosidl_typesupport_fastrtps_c.cpython-38-x86_64-linux-gnu.so[0m
[55.264s] [ 99%] [32m[1mLinking C shared library rosidl_generator_py/interbotix_xs_msgs/interbotix_xs_msgs_s__rosidl_typesupport_c.cpython-38-x86_64-linux-gnu.so[0m
[55.274s] [100%] [32m[1mLinking C shared library rosidl_generator_py/interbotix_xs_msgs/interbotix_xs_msgs_s__rosidl_typesupport_introspection_c.cpython-38-x86_64-linux-gnu.so[0m
[55.345s] [100%] Built target interbotix_xs_msgs__rosidl_typesupport_introspection_c__pyext
[55.349s] [100%] Built target interbotix_xs_msgs__rosidl_typesupport_c__pyext
[55.367s] [100%] Built target interbotix_xs_msgs__rosidl_typesupport_fastrtps_c__pyext
[55.387s] Invoked command in '/home/adam/URC/build/interbotix_xs_msgs' returned '0': CMAKE_PREFIX_PATH=${CMAKE_PREFIX_PATH}:/home/adam/interbotix_ws/install/interbotix_xs_modules:/home/adam/interbotix_ws/install/interbotix_perception_modules:/home/adam/interbotix_ws/install/interbotix_common_modules:/opt/ros/galactic /usr/bin/cmake --build /home/adam/URC/build/interbotix_xs_msgs -- -j4 -l4
[55.390s] Invoking command in '/home/adam/URC/build/interbotix_xs_msgs': CMAKE_PREFIX_PATH=${CMAKE_PREFIX_PATH}:/home/adam/interbotix_ws/install/interbotix_xs_modules:/home/adam/interbotix_ws/install/interbotix_perception_modules:/home/adam/interbotix_ws/install/interbotix_common_modules:/opt/ros/galactic /usr/bin/cmake --install /home/adam/URC/build/interbotix_xs_msgs
[55.404s] -- Install configuration: ""
[55.404s] -- Installing: /home/adam/URC/install/interbotix_xs_msgs/share/ament_index/resource_index/rosidl_interfaces/interbotix_xs_msgs
[55.405s] -- Installing: /home/adam/URC/install/interbotix_xs_msgs/include/interbotix_xs_msgs
[55.405s] -- Installing: /home/adam/URC/install/interbotix_xs_msgs/include/interbotix_xs_msgs/msg
[55.405s] -- Installing: /home/adam/URC/install/interbotix_xs_msgs/include/interbotix_xs_msgs/msg/hex_joy.h
[55.405s] -- Installing: /home/adam/URC/install/interbotix_xs_msgs/include/interbotix_xs_msgs/msg/joint_single_command.h
[55.405s] -- Installing: /home/adam/URC/install/interbotix_xs_msgs/include/interbotix_xs_msgs/msg/joint_group_command.h
[55.405s] -- Installing: /home/adam/URC/install/interbotix_xs_msgs/include/interbotix_xs_msgs/msg/joint_trajectory_command.h
[55.406s] -- Installing: /home/adam/URC/install/interbotix_xs_msgs/include/interbotix_xs_msgs/msg/joint_temps.h
[55.406s] -- Installing: /home/adam/URC/install/interbotix_xs_msgs/include/interbotix_xs_msgs/msg/locobot_joy.h
[55.406s] -- Installing: /home/adam/URC/install/interbotix_xs_msgs/include/interbotix_xs_msgs/msg/turret_joy.h
[55.406s] -- Installing: /home/adam/URC/install/interbotix_xs_msgs/include/interbotix_xs_msgs/msg/rosidl_generator_c__visibility_control.h
[55.406s] -- Installing: /home/adam/URC/install/interbotix_xs_msgs/include/interbotix_xs_msgs/msg/arm_joy.h
[55.406s] -- Installing: /home/adam/URC/install/interbotix_xs_msgs/include/interbotix_xs_msgs/msg/detail
[55.406s] -- Installing: /home/adam/URC/install/interbotix_xs_msgs/include/interbotix_xs_msgs/msg/detail/joint_temps__functions.c
[55.407s] -- Installing: /home/adam/URC/install/interbotix_xs_msgs/include/interbotix_xs_msgs/msg/detail/joint_trajectory_command__functions.h
[55.407s] -- Installing: /home/adam/URC/install/interbotix_xs_msgs/include/interbotix_xs_msgs/msg/detail/joint_group_command__functions.c
[55.407s] -- Installing: /home/adam/URC/install/interbotix_xs_msgs/include/interbotix_xs_msgs/msg/detail/arm_joy__type_support.h
[55.407s] -- Installing: /home/adam/URC/install/interbotix_xs_msgs/include/interbotix_xs_msgs/msg/detail/locobot_joy__type_support.h
[55.407s] -- Installing: /home/adam/URC/install/interbotix_xs_msgs/include/interbotix_xs_msgs/msg/detail/arm_joy__functions.c
[55.407s] -- Installing: /home/adam/URC/install/interbotix_xs_msgs/include/interbotix_xs_msgs/msg/detail/turret_joy__struct.h
[55.407s] -- Installing: /home/adam/URC/install/interbotix_xs_msgs/include/interbotix_xs_msgs/msg/detail/turret_joy__functions.h
[55.408s] -- Installing: /home/adam/URC/install/interbotix_xs_msgs/include/interbotix_xs_msgs/msg/detail/hex_joy__struct.h
[55.408s] -- Installing: /home/adam/URC/install/interbotix_xs_msgs/include/interbotix_xs_msgs/msg/detail/joint_temps__struct.h
[55.408s] -- Installing: /home/adam/URC/install/interbotix_xs_msgs/include/interbotix_xs_msgs/msg/detail/joint_single_command__functions.h
[55.408s] -- Installing: /home/adam/URC/install/interbotix_xs_msgs/include/interbotix_xs_msgs/msg/detail/turret_joy__type_support.h
[55.408s] -- Installing: /home/adam/URC/install/interbotix_xs_msgs/include/interbotix_xs_msgs/msg/detail/joint_temps__functions.h
[55.408s] -- Installing: /home/adam/URC/install/interbotix_xs_msgs/include/interbotix_xs_msgs/msg/detail/arm_joy__struct.h
[55.408s] -- Installing: /home/adam/URC/install/interbotix_xs_msgs/include/interbotix_xs_msgs/msg/detail/hex_joy__functions.h
[55.409s] -- Installing: /home/adam/URC/install/interbotix_xs_msgs/include/interbotix_xs_msgs/msg/detail/joint_single_command__type_support.h
[55.409s] -- Installing: /home/adam/URC/install/interbotix_xs_msgs/include/interbotix_xs_msgs/msg/detail/joint_group_command__type_support.h
[55.409s] -- Installing: /home/adam/URC/install/interbotix_xs_msgs/include/interbotix_xs_msgs/msg/detail/joint_trajectory_command__functions.c
[55.409s] -- Installing: /home/adam/URC/install/interbotix_xs_msgs/include/interbotix_xs_msgs/msg/detail/locobot_joy__struct.h
[55.409s] -- Installing: /home/adam/URC/install/interbotix_xs_msgs/include/interbotix_xs_msgs/msg/detail/locobot_joy__functions.h
[55.409s] -- Installing: /home/adam/URC/install/interbotix_xs_msgs/include/interbotix_xs_msgs/msg/detail/hex_joy__functions.c
[55.409s] -- Installing: /home/adam/URC/install/interbotix_xs_msgs/include/interbotix_xs_msgs/msg/detail/joint_single_command__functions.c
[55.410s] -- Installing: /home/adam/URC/install/interbotix_xs_msgs/include/interbotix_xs_msgs/msg/detail/arm_joy__functions.h
[55.410s] -- Installing: /home/adam/URC/install/interbotix_xs_msgs/include/interbotix_xs_msgs/msg/detail/joint_group_command__functions.h
[55.410s] -- Installing: /home/adam/URC/install/interbotix_xs_msgs/include/interbotix_xs_msgs/msg/detail/joint_temps__type_support.h
[55.410s] -- Installing: /home/adam/URC/install/interbotix_xs_msgs/include/interbotix_xs_msgs/msg/detail/turret_joy__functions.c
[55.410s] -- Installing: /home/adam/URC/install/interbotix_xs_msgs/include/interbotix_xs_msgs/msg/detail/joint_single_command__struct.h
[55.410s] -- Installing: /home/adam/URC/install/interbotix_xs_msgs/include/interbotix_xs_msgs/msg/detail/joint_trajectory_command__type_support.h
[55.410s] -- Installing: /home/adam/URC/install/interbotix_xs_msgs/include/interbotix_xs_msgs/msg/detail/hex_joy__type_support.h
[55.411s] -- Installing: /home/adam/URC/install/interbotix_xs_msgs/include/interbotix_xs_msgs/msg/detail/locobot_joy__functions.c
[55.411s] -- Installing: /home/adam/URC/install/interbotix_xs_msgs/include/interbotix_xs_msgs/msg/detail/joint_group_command__struct.h
[55.411s] -- Installing: /home/adam/URC/install/interbotix_xs_msgs/include/interbotix_xs_msgs/msg/detail/joint_trajectory_command__struct.h
[55.411s] -- Installing: /home/adam/URC/install/interbotix_xs_msgs/include/interbotix_xs_msgs/srv
[55.411s] -- Installing: /home/adam/URC/install/interbotix_xs_msgs/include/interbotix_xs_msgs/srv/robot_info.h
[55.411s] -- Installing: /home/adam/URC/install/interbotix_xs_msgs/include/interbotix_xs_msgs/srv/reboot.h
[55.411s] -- Installing: /home/adam/URC/install/interbotix_xs_msgs/include/interbotix_xs_msgs/srv/operating_modes.h
[55.411s] -- Installing: /home/adam/URC/install/interbotix_xs_msgs/include/interbotix_xs_msgs/srv/torque_enable.h
[55.412s] -- Installing: /home/adam/URC/install/interbotix_xs_msgs/include/interbotix_xs_msgs/srv/register_values.h
[55.412s] -- Installing: /home/adam/URC/install/interbotix_xs_msgs/include/interbotix_xs_msgs/srv/detail
[55.412s] -- Installing: /home/adam/URC/install/interbotix_xs_msgs/include/interbotix_xs_msgs/srv/detail/motor_gains__struct.h
[55.412s] -- Installing: /home/adam/URC/install/interbotix_xs_msgs/include/interbotix_xs_msgs/srv/detail/torque_enable__type_support.h
[55.412s] -- Installing: /home/adam/URC/install/interbotix_xs_msgs/include/interbotix_xs_msgs/srv/detail/register_values__type_support.h
[55.412s] -- Installing: /home/adam/URC/install/interbotix_xs_msgs/include/interbotix_xs_msgs/srv/detail/motor_gains__functions.h
[55.412s] -- Installing: /home/adam/URC/install/interbotix_xs_msgs/include/interbotix_xs_msgs/srv/detail/register_values__struct.h
[55.412s] -- Installing: /home/adam/URC/install/interbotix_xs_msgs/include/interbotix_xs_msgs/srv/detail/robot_info__functions.c
[55.413s] -- Installing: /home/adam/URC/install/interbotix_xs_msgs/include/interbotix_xs_msgs/srv/detail/motor_gains__functions.c
[55.413s] -- Installing: /home/adam/URC/install/interbotix_xs_msgs/include/interbotix_xs_msgs/srv/detail/operating_modes__functions.h
[55.413s] -- Installing: /home/adam/URC/install/interbotix_xs_msgs/include/interbotix_xs_msgs/srv/detail/motor_gains__type_support.h
[55.413s] -- Installing: /home/adam/URC/install/interbotix_xs_msgs/include/interbotix_xs_msgs/srv/detail/register_values__functions.c
[55.413s] -- Installing: /home/adam/URC/install/interbotix_xs_msgs/include/interbotix_xs_msgs/srv/detail/robot_info__functions.h
[55.413s] -- Installing: /home/adam/URC/install/interbotix_xs_msgs/include/interbotix_xs_msgs/srv/detail/operating_modes__functions.c
[55.413s] -- Installing: /home/adam/URC/install/interbotix_xs_msgs/include/interbotix_xs_msgs/srv/detail/register_values__functions.h
[55.413s] -- Installing: /home/adam/URC/install/interbotix_xs_msgs/include/interbotix_xs_msgs/srv/detail/torque_enable__struct.h
[55.413s] -- Installing: /home/adam/URC/install/interbotix_xs_msgs/include/interbotix_xs_msgs/srv/detail/robot_info__struct.h
[55.414s] -- Installing: /home/adam/URC/install/interbotix_xs_msgs/include/interbotix_xs_msgs/srv/detail/torque_enable__functions.c
[55.414s] -- Installing: /home/adam/URC/install/interbotix_xs_msgs/include/interbotix_xs_msgs/srv/detail/operating_modes__type_support.h
[55.414s] -- Installing: /home/adam/URC/install/interbotix_xs_msgs/include/interbotix_xs_msgs/srv/detail/operating_modes__struct.h
[55.414s] -- Installing: /home/adam/URC/install/interbotix_xs_msgs/include/interbotix_xs_msgs/srv/detail/reboot__type_support.h
[55.414s] -- Installing: /home/adam/URC/install/interbotix_xs_msgs/include/interbotix_xs_msgs/srv/detail/torque_enable__functions.h
[55.414s] -- Installing: /home/adam/URC/install/interbotix_xs_msgs/include/interbotix_xs_msgs/srv/detail/reboot__functions.h
[55.414s] -- Installing: /home/adam/URC/install/interbotix_xs_msgs/include/interbotix_xs_msgs/srv/detail/reboot__struct.h
[55.414s] -- Installing: /home/adam/URC/install/interbotix_xs_msgs/include/interbotix_xs_msgs/srv/detail/reboot__functions.c
[55.415s] -- Installing: /home/adam/URC/install/interbotix_xs_msgs/include/interbotix_xs_msgs/srv/detail/robot_info__type_support.h
[55.415s] -- Installing: /home/adam/URC/install/interbotix_xs_msgs/include/interbotix_xs_msgs/srv/motor_gains.h
[55.415s] -- Installing: /home/adam/URC/install/interbotix_xs_msgs/share/interbotix_xs_msgs/environment/library_path.sh
[55.415s] -- Installing: /home/adam/URC/install/interbotix_xs_msgs/share/interbotix_xs_msgs/environment/library_path.dsv
[55.415s] -- Installing: /home/adam/URC/install/interbotix_xs_msgs/lib/libinterbotix_xs_msgs__rosidl_generator_c.so
[55.415s] -- Set runtime path of "/home/adam/URC/install/interbotix_xs_msgs/lib/libinterbotix_xs_msgs__rosidl_generator_c.so" to ""
[55.416s] -- Up-to-date: /home/adam/URC/install/interbotix_xs_msgs/include/interbotix_xs_msgs
[55.416s] -- Up-to-date: /home/adam/URC/install/interbotix_xs_msgs/include/interbotix_xs_msgs/msg
[55.416s] -- Installing: /home/adam/URC/install/interbotix_xs_msgs/include/interbotix_xs_msgs/msg/rosidl_typesupport_fastrtps_c__visibility_control.h
[55.416s] -- Up-to-date: /home/adam/URC/install/interbotix_xs_msgs/include/interbotix_xs_msgs/msg/detail
[55.416s] -- Installing: /home/adam/URC/install/interbotix_xs_msgs/include/interbotix_xs_msgs/msg/detail/hex_joy__rosidl_typesupport_fastrtps_c.h
[55.416s] -- Installing: /home/adam/URC/install/interbotix_xs_msgs/include/interbotix_xs_msgs/msg/detail/turret_joy__rosidl_typesupport_fastrtps_c.h
[55.416s] -- Installing: /home/adam/URC/install/interbotix_xs_msgs/include/interbotix_xs_msgs/msg/detail/joint_trajectory_command__rosidl_typesupport_fastrtps_c.h
[55.416s] -- Installing: /home/adam/URC/install/interbotix_xs_msgs/include/interbotix_xs_msgs/msg/detail/locobot_joy__rosidl_typesupport_fastrtps_c.h
[55.417s] -- Installing: /home/adam/URC/install/interbotix_xs_msgs/include/interbotix_xs_msgs/msg/detail/joint_group_command__rosidl_typesupport_fastrtps_c.h
[55.417s] -- Installing: /home/adam/URC/install/interbotix_xs_msgs/include/interbotix_xs_msgs/msg/detail/joint_temps__rosidl_typesupport_fastrtps_c.h
[55.417s] -- Installing: /home/adam/URC/install/interbotix_xs_msgs/include/interbotix_xs_msgs/msg/detail/joint_single_command__rosidl_typesupport_fastrtps_c.h
[55.417s] -- Installing: /home/adam/URC/install/interbotix_xs_msgs/include/interbotix_xs_msgs/msg/detail/arm_joy__rosidl_typesupport_fastrtps_c.h
[55.417s] -- Up-to-date: /home/adam/URC/install/interbotix_xs_msgs/include/interbotix_xs_msgs/srv
[55.418s] -- Up-to-date: /home/adam/URC/install/interbotix_xs_msgs/include/interbotix_xs_msgs/srv/detail
[55.418s] -- Installing: /home/adam/URC/install/interbotix_xs_msgs/include/interbotix_xs_msgs/srv/detail/operating_modes__rosidl_typesupport_fastrtps_c.h
[55.418s] -- Installing: /home/adam/URC/install/interbotix_xs_msgs/include/interbotix_xs_msgs/srv/detail/register_values__rosidl_typesupport_fastrtps_c.h
[55.418s] -- Installing: /home/adam/URC/install/interbotix_xs_msgs/include/interbotix_xs_msgs/srv/detail/reboot__rosidl_typesupport_fastrtps_c.h
[55.418s] -- Installing: /home/adam/URC/install/interbotix_xs_msgs/include/interbotix_xs_msgs/srv/detail/torque_enable__rosidl_typesupport_fastrtps_c.h
[55.418s] -- Installing: /home/adam/URC/install/interbotix_xs_msgs/include/interbotix_xs_msgs/srv/detail/robot_info__rosidl_typesupport_fastrtps_c.h
[55.419s] -- Installing: /home/adam/URC/install/interbotix_xs_msgs/include/interbotix_xs_msgs/srv/detail/motor_gains__rosidl_typesupport_fastrtps_c.h
[55.419s] -- Installing: /home/adam/URC/install/interbotix_xs_msgs/lib/libinterbotix_xs_msgs__rosidl_typesupport_fastrtps_c.so
[55.419s] -- Set runtime path of "/home/adam/URC/install/interbotix_xs_msgs/lib/libinterbotix_xs_msgs__rosidl_typesupport_fastrtps_c.so" to ""
[55.419s] -- Up-to-date: /home/adam/URC/install/interbotix_xs_msgs/include/interbotix_xs_msgs
[55.419s] -- Up-to-date: /home/adam/URC/install/interbotix_xs_msgs/include/interbotix_xs_msgs/msg
[55.419s] -- Installing: /home/adam/URC/install/interbotix_xs_msgs/include/interbotix_xs_msgs/msg/rosidl_typesupport_fastrtps_cpp__visibility_control.h
[55.420s] -- Up-to-date: /home/adam/URC/install/interbotix_xs_msgs/include/interbotix_xs_msgs/msg/detail
[55.420s] -- Installing: /home/adam/URC/install/interbotix_xs_msgs/include/interbotix_xs_msgs/msg/detail/joint_temps__rosidl_typesupport_fastrtps_cpp.hpp
[55.420s] -- Installing: /home/adam/URC/install/interbotix_xs_msgs/include/interbotix_xs_msgs/msg/detail/dds_fastrtps
[55.420s] -- Installing: /home/adam/URC/install/interbotix_xs_msgs/include/interbotix_xs_msgs/msg/detail/arm_joy__rosidl_typesupport_fastrtps_cpp.hpp
[55.420s] -- Installing: /home/adam/URC/install/interbotix_xs_msgs/include/interbotix_xs_msgs/msg/detail/turret_joy__rosidl_typesupport_fastrtps_cpp.hpp
[55.420s] -- Installing: /home/adam/URC/install/interbotix_xs_msgs/include/interbotix_xs_msgs/msg/detail/joint_single_command__rosidl_typesupport_fastrtps_cpp.hpp
[55.420s] -- Installing: /home/adam/URC/install/interbotix_xs_msgs/include/interbotix_xs_msgs/msg/detail/joint_group_command__rosidl_typesupport_fastrtps_cpp.hpp
[55.421s] -- Installing: /home/adam/URC/install/interbotix_xs_msgs/include/interbotix_xs_msgs/msg/detail/joint_trajectory_command__rosidl_typesupport_fastrtps_cpp.hpp
[55.421s] -- Installing: /home/adam/URC/install/interbotix_xs_msgs/include/interbotix_xs_msgs/msg/detail/hex_joy__rosidl_typesupport_fastrtps_cpp.hpp
[55.421s] -- Installing: /home/adam/URC/install/interbotix_xs_msgs/include/interbotix_xs_msgs/msg/detail/locobot_joy__rosidl_typesupport_fastrtps_cpp.hpp
[55.421s] -- Up-to-date: /home/adam/URC/install/interbotix_xs_msgs/include/interbotix_xs_msgs/srv
[55.421s] -- Up-to-date: /home/adam/URC/install/interbotix_xs_msgs/include/interbotix_xs_msgs/srv/detail
[55.421s] -- Installing: /home/adam/URC/install/interbotix_xs_msgs/include/interbotix_xs_msgs/srv/detail/operating_modes__rosidl_typesupport_fastrtps_cpp.hpp
[55.422s] -- Installing: /home/adam/URC/install/interbotix_xs_msgs/include/interbotix_xs_msgs/srv/detail/robot_info__rosidl_typesupport_fastrtps_cpp.hpp
[55.422s] -- Installing: /home/adam/URC/install/interbotix_xs_msgs/include/interbotix_xs_msgs/srv/detail/dds_fastrtps
[55.422s] -- Installing: /home/adam/URC/install/interbotix_xs_msgs/include/interbotix_xs_msgs/srv/detail/reboot__rosidl_typesupport_fastrtps_cpp.hpp
[55.422s] -- Installing: /home/adam/URC/install/interbotix_xs_msgs/include/interbotix_xs_msgs/srv/detail/torque_enable__rosidl_typesupport_fastrtps_cpp.hpp
[55.422s] -- Installing: /home/adam/URC/install/interbotix_xs_msgs/include/interbotix_xs_msgs/srv/detail/register_values__rosidl_typesupport_fastrtps_cpp.hpp
[55.422s] -- Installing: /home/adam/URC/install/interbotix_xs_msgs/include/interbotix_xs_msgs/srv/detail/motor_gains__rosidl_typesupport_fastrtps_cpp.hpp
[55.422s] -- Installing: /home/adam/URC/install/interbotix_xs_msgs/lib/libinterbotix_xs_msgs__rosidl_typesupport_fastrtps_cpp.so
[55.423s] -- Set runtime path of "/home/adam/URC/install/interbotix_xs_msgs/lib/libinterbotix_xs_msgs__rosidl_typesupport_fastrtps_cpp.so" to ""
[55.423s] -- Up-to-date: /home/adam/URC/install/interbotix_xs_msgs/include/interbotix_xs_msgs
[55.423s] -- Up-to-date: /home/adam/URC/install/interbotix_xs_msgs/include/interbotix_xs_msgs/msg
[55.423s] -- Up-to-date: /home/adam/URC/install/interbotix_xs_msgs/include/interbotix_xs_msgs/msg/detail
[55.423s] -- Installing: /home/adam/URC/install/interbotix_xs_msgs/include/interbotix_xs_msgs/msg/detail/joint_temps__type_support.c
[55.423s] -- Installing: /home/adam/URC/install/interbotix_xs_msgs/include/interbotix_xs_msgs/msg/detail/locobot_joy__rosidl_typesupport_introspection_c.h
[55.424s] -- Installing: /home/adam/URC/install/interbotix_xs_msgs/include/interbotix_xs_msgs/msg/detail/hex_joy__type_support.c
[55.424s] -- Installing: /home/adam/URC/install/interbotix_xs_msgs/include/interbotix_xs_msgs/msg/detail/arm_joy__type_support.c
[55.424s] -- Installing: /home/adam/URC/install/interbotix_xs_msgs/include/interbotix_xs_msgs/msg/detail/turret_joy__rosidl_typesupport_introspection_c.h
[55.424s] -- Installing: /home/adam/URC/install/interbotix_xs_msgs/include/interbotix_xs_msgs/msg/detail/joint_trajectory_command__rosidl_typesupport_introspection_c.h
[55.424s] -- Installing: /home/adam/URC/install/interbotix_xs_msgs/include/interbotix_xs_msgs/msg/detail/locobot_joy__type_support.c
[55.425s] -- Installing: /home/adam/URC/install/interbotix_xs_msgs/include/interbotix_xs_msgs/msg/detail/joint_group_command__rosidl_typesupport_introspection_c.h
[55.425s] -- Installing: /home/adam/URC/install/interbotix_xs_msgs/include/interbotix_xs_msgs/msg/detail/joint_group_command__type_support.c
[55.425s] -- Installing: /home/adam/URC/install/interbotix_xs_msgs/include/interbotix_xs_msgs/msg/detail/hex_joy__rosidl_typesupport_introspection_c.h
[55.425s] -- Installing: /home/adam/URC/install/interbotix_xs_msgs/include/interbotix_xs_msgs/msg/detail/joint_single_command__rosidl_typesupport_introspection_c.h
[55.425s] -- Installing: /home/adam/URC/install/interbotix_xs_msgs/include/interbotix_xs_msgs/msg/detail/arm_joy__rosidl_typesupport_introspection_c.h
[55.425s] -- Installing: /home/adam/URC/install/interbotix_xs_msgs/include/interbotix_xs_msgs/msg/detail/turret_joy__type_support.c
[55.426s] -- Installing: /home/adam/URC/install/interbotix_xs_msgs/include/interbotix_xs_msgs/msg/detail/joint_temps__rosidl_typesupport_introspection_c.h
[55.426s] -- Installing: /home/adam/URC/install/interbotix_xs_msgs/include/interbotix_xs_msgs/msg/detail/joint_single_command__type_support.c
[55.426s] -- Installing: /home/adam/URC/install/interbotix_xs_msgs/include/interbotix_xs_msgs/msg/detail/joint_trajectory_command__type_support.c
[55.426s] -- Installing: /home/adam/URC/install/interbotix_xs_msgs/include/interbotix_xs_msgs/msg/rosidl_typesupport_introspection_c__visibility_control.h
[55.426s] -- Up-to-date: /home/adam/URC/install/interbotix_xs_msgs/include/interbotix_xs_msgs/srv
[55.426s] -- Up-to-date: /home/adam/URC/install/interbotix_xs_msgs/include/interbotix_xs_msgs/srv/detail
[55.426s] -- Installing: /home/adam/URC/install/interbotix_xs_msgs/include/interbotix_xs_msgs/srv/detail/motor_gains__rosidl_typesupport_introspection_c.h
[55.427s] -- Installing: /home/adam/URC/install/interbotix_xs_msgs/include/interbotix_xs_msgs/srv/detail/reboot__rosidl_typesupport_introspection_c.h
[55.427s] -- Installing: /home/adam/URC/install/interbotix_xs_msgs/include/interbotix_xs_msgs/srv/detail/register_values__rosidl_typesupport_introspection_c.h
[55.427s] -- Installing: /home/adam/URC/install/interbotix_xs_msgs/include/interbotix_xs_msgs/srv/detail/robot_info__type_support.c
[55.427s] -- Installing: /home/adam/URC/install/interbotix_xs_msgs/include/interbotix_xs_msgs/srv/detail/motor_gains__type_support.c
[55.427s] -- Installing: /home/adam/URC/install/interbotix_xs_msgs/include/interbotix_xs_msgs/srv/detail/operating_modes__type_support.c
[55.427s] -- Installing: /home/adam/URC/install/interbotix_xs_msgs/include/interbotix_xs_msgs/srv/detail/operating_modes__rosidl_typesupport_introspection_c.h
[55.427s] -- Installing: /home/adam/URC/install/interbotix_xs_msgs/include/interbotix_xs_msgs/srv/detail/robot_info__rosidl_typesupport_introspection_c.h
[55.428s] -- Installing: /home/adam/URC/install/interbotix_xs_msgs/include/interbotix_xs_msgs/srv/detail/register_values__type_support.c
[55.428s] -- Installing: /home/adam/URC/install/interbotix_xs_msgs/include/interbotix_xs_msgs/srv/detail/reboot__type_support.c
[55.428s] -- Installing: /home/adam/URC/install/interbotix_xs_msgs/include/interbotix_xs_msgs/srv/detail/torque_enable__type_support.c
[55.428s] -- Installing: /home/adam/URC/install/interbotix_xs_msgs/include/interbotix_xs_msgs/srv/detail/torque_enable__rosidl_typesupport_introspection_c.h
[55.428s] -- Installing: /home/adam/URC/install/interbotix_xs_msgs/lib/libinterbotix_xs_msgs__rosidl_typesupport_introspection_c.so
[55.429s] -- Set runtime path of "/home/adam/URC/install/interbotix_xs_msgs/lib/libinterbotix_xs_msgs__rosidl_typesupport_introspection_c.so" to ""
[55.429s] -- Installing: /home/adam/URC/install/interbotix_xs_msgs/lib/libinterbotix_xs_msgs__rosidl_typesupport_c.so
[55.429s] -- Set runtime path of "/home/adam/URC/install/interbotix_xs_msgs/lib/libinterbotix_xs_msgs__rosidl_typesupport_c.so" to ""
[55.429s] -- Up-to-date: /home/adam/URC/install/interbotix_xs_msgs/include/interbotix_xs_msgs
[55.429s] -- Up-to-date: /home/adam/URC/install/interbotix_xs_msgs/include/interbotix_xs_msgs/msg
[55.429s] -- Installing: /home/adam/URC/install/interbotix_xs_msgs/include/interbotix_xs_msgs/msg/locobot_joy.hpp
[55.430s] -- Installing: /home/adam/URC/install/interbotix_xs_msgs/include/interbotix_xs_msgs/msg/joint_group_command.hpp
[55.430s] -- Installing: /home/adam/URC/install/interbotix_xs_msgs/include/interbotix_xs_msgs/msg/joint_single_command.hpp
[55.430s] -- Installing: /home/adam/URC/install/interbotix_xs_msgs/include/interbotix_xs_msgs/msg/hex_joy.hpp
[55.430s] -- Up-to-date: /home/adam/URC/install/interbotix_xs_msgs/include/interbotix_xs_msgs/msg/detail
[55.430s] -- Installing: /home/adam/URC/install/interbotix_xs_msgs/include/interbotix_xs_msgs/msg/detail/arm_joy__traits.hpp
[55.430s] -- Installing: /home/adam/URC/install/interbotix_xs_msgs/include/interbotix_xs_msgs/msg/detail/joint_group_command__traits.hpp
[55.431s] -- Installing: /home/adam/URC/install/interbotix_xs_msgs/include/interbotix_xs_msgs/msg/detail/hex_joy__builder.hpp
[55.431s] -- Installing: /home/adam/URC/install/interbotix_xs_msgs/include/interbotix_xs_msgs/msg/detail/joint_single_command__builder.hpp
[55.431s] -- Installing: /home/adam/URC/install/interbotix_xs_msgs/include/interbotix_xs_msgs/msg/detail/joint_group_command__struct.hpp
[55.431s] -- Installing: /home/adam/URC/install/interbotix_xs_msgs/include/interbotix_xs_msgs/msg/detail/joint_trajectory_command__traits.hpp
[55.431s] -- Installing: /home/adam/URC/install/interbotix_xs_msgs/include/interbotix_xs_msgs/msg/detail/arm_joy__builder.hpp
[55.432s] -- Installing: /home/adam/URC/install/interbotix_xs_msgs/include/interbotix_xs_msgs/msg/detail/joint_single_command__struct.hpp
[55.432s] -- Installing: /home/adam/URC/install/interbotix_xs_msgs/include/interbotix_xs_msgs/msg/detail/hex_joy__traits.hpp
[55.432s] -- Installing: /home/adam/URC/install/interbotix_xs_msgs/include/interbotix_xs_msgs/msg/detail/turret_joy__traits.hpp
[55.432s] -- Installing: /home/adam/URC/install/interbotix_xs_msgs/include/interbotix_xs_msgs/msg/detail/locobot_joy__traits.hpp
[55.432s] -- Installing: /home/adam/URC/install/interbotix_xs_msgs/include/interbotix_xs_msgs/msg/detail/turret_joy__struct.hpp
[55.432s] -- Installing: /home/adam/URC/install/interbotix_xs_msgs/include/interbotix_xs_msgs/msg/detail/joint_temps__builder.hpp
[55.433s] -- Installing: /home/adam/URC/install/interbotix_xs_msgs/include/interbotix_xs_msgs/msg/detail/joint_trajectory_command__builder.hpp
[55.433s] -- Installing: /home/adam/URC/install/interbotix_xs_msgs/include/interbotix_xs_msgs/msg/detail/joint_trajectory_command__struct.hpp
[55.433s] -- Installing: /home/adam/URC/install/interbotix_xs_msgs/include/interbotix_xs_msgs/msg/detail/joint_single_command__traits.hpp
[55.433s] -- Installing: /home/adam/URC/install/interbotix_xs_msgs/include/interbotix_xs_msgs/msg/detail/locobot_joy__builder.hpp
[55.433s] -- Installing: /home/adam/URC/install/interbotix_xs_msgs/include/interbotix_xs_msgs/msg/detail/hex_joy__struct.hpp
[55.433s] -- Installing: /home/adam/URC/install/interbotix_xs_msgs/include/interbotix_xs_msgs/msg/detail/turret_joy__builder.hpp
[55.434s] -- Installing: /home/adam/URC/install/interbotix_xs_msgs/include/interbotix_xs_msgs/msg/detail/joint_temps__struct.hpp
[55.434s] -- Installing: /home/adam/URC/install/interbotix_xs_msgs/include/interbotix_xs_msgs/msg/detail/arm_joy__struct.hpp
[55.434s] -- Installing: /home/adam/URC/install/interbotix_xs_msgs/include/interbotix_xs_msgs/msg/detail/joint_temps__traits.hpp
[55.434s] -- Installing: /home/adam/URC/install/interbotix_xs_msgs/include/interbotix_xs_msgs/msg/detail/locobot_joy__struct.hpp
[55.434s] -- Installing: /home/adam/URC/install/interbotix_xs_msgs/include/interbotix_xs_msgs/msg/detail/joint_group_command__builder.hpp
[55.435s] -- Installing: /home/adam/URC/install/interbotix_xs_msgs/include/interbotix_xs_msgs/msg/joint_temps.hpp
[55.435s] -- Installing: /home/adam/URC/install/interbotix_xs_msgs/include/interbotix_xs_msgs/msg/turret_joy.hpp
[55.435s] -- Installing: /home/adam/URC/install/interbotix_xs_msgs/include/interbotix_xs_msgs/msg/joint_trajectory_command.hpp
[55.435s] -- Installing: /home/adam/URC/install/interbotix_xs_msgs/include/interbotix_xs_msgs/msg/arm_joy.hpp
[55.435s] -- Up-to-date: /home/adam/URC/install/interbotix_xs_msgs/include/interbotix_xs_msgs/srv
[55.435s] -- Installing: /home/adam/URC/install/interbotix_xs_msgs/include/interbotix_xs_msgs/srv/robot_info.hpp
[55.436s] -- Installing: /home/adam/URC/install/interbotix_xs_msgs/include/interbotix_xs_msgs/srv/register_values.hpp
[55.436s] -- Installing: /home/adam/URC/install/interbotix_xs_msgs/include/interbotix_xs_msgs/srv/operating_modes.hpp
[55.436s] -- Installing: /home/adam/URC/install/interbotix_xs_msgs/include/interbotix_xs_msgs/srv/motor_gains.hpp
[55.436s] -- Installing: /home/adam/URC/install/interbotix_xs_msgs/include/interbotix_xs_msgs/srv/torque_enable.hpp
[55.436s] -- Up-to-date: /home/adam/URC/install/interbotix_xs_msgs/include/interbotix_xs_msgs/srv/detail
[55.436s] -- Installing: /home/adam/URC/install/interbotix_xs_msgs/include/interbotix_xs_msgs/srv/detail/operating_modes__traits.hpp
[55.437s] -- Installing: /home/adam/URC/install/interbotix_xs_msgs/include/interbotix_xs_msgs/srv/detail/robot_info__builder.hpp
[55.437s] -- Installing: /home/adam/URC/install/interbotix_xs_msgs/include/interbotix_xs_msgs/srv/detail/operating_modes__builder.hpp
[55.437s] -- Installing: /home/adam/URC/install/interbotix_xs_msgs/include/interbotix_xs_msgs/srv/detail/torque_enable__struct.hpp
[55.437s] -- Installing: /home/adam/URC/install/interbotix_xs_msgs/include/interbotix_xs_msgs/srv/detail/reboot__builder.hpp
[55.437s] -- Installing: /home/adam/URC/install/interbotix_xs_msgs/include/interbotix_xs_msgs/srv/detail/register_values__struct.hpp
[55.437s] -- Installing: /home/adam/URC/install/interbotix_xs_msgs/include/interbotix_xs_msgs/srv/detail/motor_gains__builder.hpp
[55.438s] -- Installing: /home/adam/URC/install/interbotix_xs_msgs/include/interbotix_xs_msgs/srv/detail/motor_gains__traits.hpp
[55.438s] -- Installing: /home/adam/URC/install/interbotix_xs_msgs/include/interbotix_xs_msgs/srv/detail/torque_enable__traits.hpp
[55.438s] -- Installing: /home/adam/URC/install/interbotix_xs_msgs/include/interbotix_xs_msgs/srv/detail/reboot__struct.hpp
[55.438s] -- Installing: /home/adam/URC/install/interbotix_xs_msgs/include/interbotix_xs_msgs/srv/detail/robot_info__struct.hpp
[55.438s] -- Installing: /home/adam/URC/install/interbotix_xs_msgs/include/interbotix_xs_msgs/srv/detail/register_values__traits.hpp
[55.438s] -- Installing: /home/adam/URC/install/interbotix_xs_msgs/include/interbotix_xs_msgs/srv/detail/torque_enable__builder.hpp
[55.439s] -- Installing: /home/adam/URC/install/interbotix_xs_msgs/include/interbotix_xs_msgs/srv/detail/operating_modes__struct.hpp
[55.439s] -- Installing: /home/adam/URC/install/interbotix_xs_msgs/include/interbotix_xs_msgs/srv/detail/reboot__traits.hpp
[55.439s] -- Installing: /home/adam/URC/install/interbotix_xs_msgs/include/interbotix_xs_msgs/srv/detail/robot_info__traits.hpp
[55.439s] -- Installing: /home/adam/URC/install/interbotix_xs_msgs/include/interbotix_xs_msgs/srv/detail/register_values__builder.hpp
[55.439s] -- Installing: /home/adam/URC/install/interbotix_xs_msgs/include/interbotix_xs_msgs/srv/detail/motor_gains__struct.hpp
[55.439s] -- Installing: /home/adam/URC/install/interbotix_xs_msgs/include/interbotix_xs_msgs/srv/reboot.hpp
[55.440s] -- Up-to-date: /home/adam/URC/install/interbotix_xs_msgs/include/interbotix_xs_msgs
[55.440s] -- Up-to-date: /home/adam/URC/install/interbotix_xs_msgs/include/interbotix_xs_msgs/msg
[55.440s] -- Up-to-date: /home/adam/URC/install/interbotix_xs_msgs/include/interbotix_xs_msgs/msg/detail
[55.440s] -- Installing: /home/adam/URC/install/interbotix_xs_msgs/include/interbotix_xs_msgs/msg/detail/joint_trajectory_command__rosidl_typesupport_introspection_cpp.hpp
[55.440s] -- Installing: /home/adam/URC/install/interbotix_xs_msgs/include/interbotix_xs_msgs/msg/detail/hex_joy__rosidl_typesupport_introspection_cpp.hpp
[55.440s] -- Installing: /home/adam/URC/install/interbotix_xs_msgs/include/interbotix_xs_msgs/msg/detail/locobot_joy__rosidl_typesupport_introspection_cpp.hpp
[55.441s] -- Installing: /home/adam/URC/install/interbotix_xs_msgs/include/interbotix_xs_msgs/msg/detail/turret_joy__type_support.cpp
[55.441s] -- Installing: /home/adam/URC/install/interbotix_xs_msgs/include/interbotix_xs_msgs/msg/detail/locobot_joy__type_support.cpp
[55.441s] -- Installing: /home/adam/URC/install/interbotix_xs_msgs/include/interbotix_xs_msgs/msg/detail/joint_temps__type_support.cpp
[55.441s] -- Installing: /home/adam/URC/install/interbotix_xs_msgs/include/interbotix_xs_msgs/msg/detail/joint_temps__rosidl_typesupport_introspection_cpp.hpp
[55.441s] -- Installing: /home/adam/URC/install/interbotix_xs_msgs/include/interbotix_xs_msgs/msg/detail/hex_joy__type_support.cpp
[55.441s] -- Installing: /home/adam/URC/install/interbotix_xs_msgs/include/interbotix_xs_msgs/msg/detail/arm_joy__type_support.cpp
[55.442s] -- Installing: /home/adam/URC/install/interbotix_xs_msgs/include/interbotix_xs_msgs/msg/detail/joint_single_command__rosidl_typesupport_introspection_cpp.hpp
[55.442s] -- Installing: /home/adam/URC/install/interbotix_xs_msgs/include/interbotix_xs_msgs/msg/detail/joint_single_command__type_support.cpp
[55.442s] -- Installing: /home/adam/URC/install/interbotix_xs_msgs/include/interbotix_xs_msgs/msg/detail/joint_trajectory_command__type_support.cpp
[55.442s] -- Installing: /home/adam/URC/install/interbotix_xs_msgs/include/interbotix_xs_msgs/msg/detail/arm_joy__rosidl_typesupport_introspection_cpp.hpp
[55.442s] -- Installing: /home/adam/URC/install/interbotix_xs_msgs/include/interbotix_xs_msgs/msg/detail/joint_group_command__type_support.cpp
[55.442s] -- Installing: /home/adam/URC/install/interbotix_xs_msgs/include/interbotix_xs_msgs/msg/detail/turret_joy__rosidl_typesupport_introspection_cpp.hpp
[55.442s] -- Installing: /home/adam/URC/install/interbotix_xs_msgs/include/interbotix_xs_msgs/msg/detail/joint_group_command__rosidl_typesupport_introspection_cpp.hpp
[55.443s] -- Up-to-date: /home/adam/URC/install/interbotix_xs_msgs/include/interbotix_xs_msgs/srv
[55.443s] -- Up-to-date: /home/adam/URC/install/interbotix_xs_msgs/include/interbotix_xs_msgs/srv/detail
[55.443s] -- Installing: /home/adam/URC/install/interbotix_xs_msgs/include/interbotix_xs_msgs/srv/detail/motor_gains__type_support.cpp
[55.443s] -- Installing: /home/adam/URC/install/interbotix_xs_msgs/include/interbotix_xs_msgs/srv/detail/operating_modes__type_support.cpp
[55.443s] -- Installing: /home/adam/URC/install/interbotix_xs_msgs/include/interbotix_xs_msgs/srv/detail/operating_modes__rosidl_typesupport_introspection_cpp.hpp
[55.443s] -- Installing: /home/adam/URC/install/interbotix_xs_msgs/include/interbotix_xs_msgs/srv/detail/motor_gains__rosidl_typesupport_introspection_cpp.hpp
[55.444s] -- Installing: /home/adam/URC/install/interbotix_xs_msgs/include/interbotix_xs_msgs/srv/detail/torque_enable__rosidl_typesupport_introspection_cpp.hpp
[55.444s] -- Installing: /home/adam/URC/install/interbotix_xs_msgs/include/interbotix_xs_msgs/srv/detail/register_values__type_support.cpp
[55.444s] -- Installing: /home/adam/URC/install/interbotix_xs_msgs/include/interbotix_xs_msgs/srv/detail/reboot__type_support.cpp
[55.444s] -- Installing: /home/adam/URC/install/interbotix_xs_msgs/include/interbotix_xs_msgs/srv/detail/robot_info__type_support.cpp
[55.444s] -- Installing: /home/adam/URC/install/interbotix_xs_msgs/include/interbotix_xs_msgs/srv/detail/reboot__rosidl_typesupport_introspection_cpp.hpp
[55.444s] -- Installing: /home/adam/URC/install/interbotix_xs_msgs/include/interbotix_xs_msgs/srv/detail/torque_enable__type_support.cpp
[55.444s] -- Installing: /home/adam/URC/install/interbotix_xs_msgs/include/interbotix_xs_msgs/srv/detail/robot_info__rosidl_typesupport_introspection_cpp.hpp
[55.445s] -- Installing: /home/adam/URC/install/interbotix_xs_msgs/include/interbotix_xs_msgs/srv/detail/register_values__rosidl_typesupport_introspection_cpp.hpp
[55.445s] -- Installing: /home/adam/URC/install/interbotix_xs_msgs/lib/libinterbotix_xs_msgs__rosidl_typesupport_introspection_cpp.so
[55.445s] -- Set runtime path of "/home/adam/URC/install/interbotix_xs_msgs/lib/libinterbotix_xs_msgs__rosidl_typesupport_introspection_cpp.so" to ""
[55.445s] -- Installing: /home/adam/URC/install/interbotix_xs_msgs/lib/libinterbotix_xs_msgs__rosidl_typesupport_cpp.so
[55.445s] -- Set runtime path of "/home/adam/URC/install/interbotix_xs_msgs/lib/libinterbotix_xs_msgs__rosidl_typesupport_cpp.so" to ""
[55.445s] -- Installing: /home/adam/URC/install/interbotix_xs_msgs/share/interbotix_xs_msgs/environment/pythonpath.sh
[55.445s] -- Installing: /home/adam/URC/install/interbotix_xs_msgs/share/interbotix_xs_msgs/environment/pythonpath.dsv
[55.446s] -- Installing: /home/adam/URC/install/interbotix_xs_msgs/lib/python3.8/site-packages/interbotix_xs_msgs/__init__.py
[55.485s] Compiling '/home/adam/URC/install/interbotix_xs_msgs/lib/python3.8/site-packages/interbotix_xs_msgs/__init__.py'...
[55.489s] -- Installing: /home/adam/URC/install/interbotix_xs_msgs/lib/python3.8/site-packages/interbotix_xs_msgs/msg
[55.489s] -- Installing: /home/adam/URC/install/interbotix_xs_msgs/lib/python3.8/site-packages/interbotix_xs_msgs/msg/_turret_joy.py
[55.489s] -- Installing: /home/adam/URC/install/interbotix_xs_msgs/lib/python3.8/site-packages/interbotix_xs_msgs/msg/_joint_trajectory_command_s.c
[55.490s] -- Installing: /home/adam/URC/install/interbotix_xs_msgs/lib/python3.8/site-packages/interbotix_xs_msgs/msg/_joint_group_command.py
[55.490s] -- Installing: /home/adam/URC/install/interbotix_xs_msgs/lib/python3.8/site-packages/interbotix_xs_msgs/msg/_hex_joy.py
[55.490s] -- Installing: /home/adam/URC/install/interbotix_xs_msgs/lib/python3.8/site-packages/interbotix_xs_msgs/msg/_joint_temps.py
[55.490s] -- Installing: /home/adam/URC/install/interbotix_xs_msgs/lib/python3.8/site-packages/interbotix_xs_msgs/msg/_arm_joy.py
[55.490s] -- Installing: /home/adam/URC/install/interbotix_xs_msgs/lib/python3.8/site-packages/interbotix_xs_msgs/msg/__init__.py
[55.490s] -- Installing: /home/adam/URC/install/interbotix_xs_msgs/lib/python3.8/site-packages/interbotix_xs_msgs/msg/_joint_group_command_s.c
[55.490s] -- Installing: /home/adam/URC/install/interbotix_xs_msgs/lib/python3.8/site-packages/interbotix_xs_msgs/msg/_joint_trajectory_command.py
[55.490s] -- Installing: /home/adam/URC/install/interbotix_xs_msgs/lib/python3.8/site-packages/interbotix_xs_msgs/msg/_locobot_joy_s.c
[55.490s] -- Installing: /home/adam/URC/install/interbotix_xs_msgs/lib/python3.8/site-packages/interbotix_xs_msgs/msg/_arm_joy_s.c
[55.490s] -- Installing: /home/adam/URC/install/interbotix_xs_msgs/lib/python3.8/site-packages/interbotix_xs_msgs/msg/_joint_single_command.py
[55.491s] -- Installing: /home/adam/URC/install/interbotix_xs_msgs/lib/python3.8/site-packages/interbotix_xs_msgs/msg/_joint_single_command_s.c
[55.491s] -- Installing: /home/adam/URC/install/interbotix_xs_msgs/lib/python3.8/site-packages/interbotix_xs_msgs/msg/_locobot_joy.py
[55.491s] -- Installing: /home/adam/URC/install/interbotix_xs_msgs/lib/python3.8/site-packages/interbotix_xs_msgs/msg/_joint_temps_s.c
[55.491s] -- Installing: /home/adam/URC/install/interbotix_xs_msgs/lib/python3.8/site-packages/interbotix_xs_msgs/msg/_hex_joy_s.c
[55.491s] -- Installing: /home/adam/URC/install/interbotix_xs_msgs/lib/python3.8/site-packages/interbotix_xs_msgs/msg/_turret_joy_s.c
[55.491s] -- Installing: /home/adam/URC/install/interbotix_xs_msgs/lib/python3.8/site-packages/interbotix_xs_msgs/srv
[55.491s] -- Installing: /home/adam/URC/install/interbotix_xs_msgs/lib/python3.8/site-packages/interbotix_xs_msgs/srv/_torque_enable.py
[55.491s] -- Installing: /home/adam/URC/install/interbotix_xs_msgs/lib/python3.8/site-packages/interbotix_xs_msgs/srv/_robot_info.py
[55.492s] -- Installing: /home/adam/URC/install/interbotix_xs_msgs/lib/python3.8/site-packages/interbotix_xs_msgs/srv/_operating_modes_s.c
[55.492s] -- Installing: /home/adam/URC/install/interbotix_xs_msgs/lib/python3.8/site-packages/interbotix_xs_msgs/srv/__init__.py
[55.492s] -- Installing: /home/adam/URC/install/interbotix_xs_msgs/lib/python3.8/site-packages/interbotix_xs_msgs/srv/_reboot_s.c
[55.492s] -- Installing: /home/adam/URC/install/interbotix_xs_msgs/lib/python3.8/site-packages/interbotix_xs_msgs/srv/_motor_gains_s.c
[55.493s] -- Installing: /home/adam/URC/install/interbotix_xs_msgs/lib/python3.8/site-packages/interbotix_xs_msgs/srv/_reboot.py
[55.493s] -- Installing: /home/adam/URC/install/interbotix_xs_msgs/lib/python3.8/site-packages/interbotix_xs_msgs/srv/_register_values.py
[55.493s] -- Installing: /home/adam/URC/install/interbotix_xs_msgs/lib/python3.8/site-packages/interbotix_xs_msgs/srv/_motor_gains.py
[55.493s] -- Installing: /home/adam/URC/install/interbotix_xs_msgs/lib/python3.8/site-packages/interbotix_xs_msgs/srv/_register_values_s.c
[55.493s] -- Installing: /home/adam/URC/install/interbotix_xs_msgs/lib/python3.8/site-packages/interbotix_xs_msgs/srv/_operating_modes.py
[55.493s] -- Installing: /home/adam/URC/install/interbotix_xs_msgs/lib/python3.8/site-packages/interbotix_xs_msgs/srv/_robot_info_s.c
[55.493s] -- Installing: /home/adam/URC/install/interbotix_xs_msgs/lib/python3.8/site-packages/interbotix_xs_msgs/srv/_torque_enable_s.c
[55.493s] -- Installing: /home/adam/URC/install/interbotix_xs_msgs/lib/python3.8/site-packages/interbotix_xs_msgs/interbotix_xs_msgs_s__rosidl_typesupport_fastrtps_c.cpython-38-x86_64-linux-gnu.so
[55.494s] -- Set runtime path of "/home/adam/URC/install/interbotix_xs_msgs/lib/python3.8/site-packages/interbotix_xs_msgs/interbotix_xs_msgs_s__rosidl_typesupport_fastrtps_c.cpython-38-x86_64-linux-gnu.so" to ""
[55.494s] -- Installing: /home/adam/URC/install/interbotix_xs_msgs/lib/python3.8/site-packages/interbotix_xs_msgs/interbotix_xs_msgs_s__rosidl_typesupport_introspection_c.cpython-38-x86_64-linux-gnu.so
[55.495s] -- Set runtime path of "/home/adam/URC/install/interbotix_xs_msgs/lib/python3.8/site-packages/interbotix_xs_msgs/interbotix_xs_msgs_s__rosidl_typesupport_introspection_c.cpython-38-x86_64-linux-gnu.so" to ""
[55.495s] -- Installing: /home/adam/URC/install/interbotix_xs_msgs/lib/python3.8/site-packages/interbotix_xs_msgs/interbotix_xs_msgs_s__rosidl_typesupport_c.cpython-38-x86_64-linux-gnu.so
[55.496s] -- Set runtime path of "/home/adam/URC/install/interbotix_xs_msgs/lib/python3.8/site-packages/interbotix_xs_msgs/interbotix_xs_msgs_s__rosidl_typesupport_c.cpython-38-x86_64-linux-gnu.so" to ""
[55.496s] -- Installing: /home/adam/URC/install/interbotix_xs_msgs/lib/libinterbotix_xs_msgs__python.so
[55.498s] -- Set runtime path of "/home/adam/URC/install/interbotix_xs_msgs/lib/libinterbotix_xs_msgs__python.so" to ""
[55.498s] -- Installing: /home/adam/URC/install/interbotix_xs_msgs/share/interbotix_xs_msgs/msg/ArmJoy.idl
[55.498s] -- Installing: /home/adam/URC/install/interbotix_xs_msgs/share/interbotix_xs_msgs/msg/HexJoy.idl
[55.498s] -- Installing: /home/adam/URC/install/interbotix_xs_msgs/share/interbotix_xs_msgs/msg/JointGroupCommand.idl
[55.498s] -- Installing: /home/adam/URC/install/interbotix_xs_msgs/share/interbotix_xs_msgs/msg/JointSingleCommand.idl
[55.498s] -- Installing: /home/adam/URC/install/interbotix_xs_msgs/share/interbotix_xs_msgs/msg/JointTemps.idl
[55.498s] -- Installing: /home/adam/URC/install/interbotix_xs_msgs/share/interbotix_xs_msgs/msg/JointTrajectoryCommand.idl
[55.498s] -- Installing: /home/adam/URC/install/interbotix_xs_msgs/share/interbotix_xs_msgs/msg/LocobotJoy.idl
[55.499s] -- Installing: /home/adam/URC/install/interbotix_xs_msgs/share/interbotix_xs_msgs/msg/TurretJoy.idl
[55.499s] -- Installing: /home/adam/URC/install/interbotix_xs_msgs/share/interbotix_xs_msgs/srv/MotorGains.idl
[55.499s] -- Installing: /home/adam/URC/install/interbotix_xs_msgs/share/interbotix_xs_msgs/srv/OperatingModes.idl
[55.499s] -- Installing: /home/adam/URC/install/interbotix_xs_msgs/share/interbotix_xs_msgs/srv/Reboot.idl
[55.499s] -- Installing: /home/adam/URC/install/interbotix_xs_msgs/share/interbotix_xs_msgs/srv/RegisterValues.idl
[55.499s] -- Installing: /home/adam/URC/install/interbotix_xs_msgs/share/interbotix_xs_msgs/srv/RobotInfo.idl
[55.499s] -- Installing: /home/adam/URC/install/interbotix_xs_msgs/share/interbotix_xs_msgs/srv/TorqueEnable.idl
[55.499s] -- Installing: /home/adam/URC/install/interbotix_xs_msgs/share/interbotix_xs_msgs/msg/ArmJoy.msg
[55.500s] -- Installing: /home/adam/URC/install/interbotix_xs_msgs/share/interbotix_xs_msgs/msg/HexJoy.msg
[55.500s] -- Installing: /home/adam/URC/install/interbotix_xs_msgs/share/interbotix_xs_msgs/msg/JointGroupCommand.msg
[55.500s] -- Installing: /home/adam/URC/install/interbotix_xs_msgs/share/interbotix_xs_msgs/msg/JointSingleCommand.msg
[55.500s] -- Installing: /home/adam/URC/install/interbotix_xs_msgs/share/interbotix_xs_msgs/msg/JointTemps.msg
[55.500s] -- Installing: /home/adam/URC/install/interbotix_xs_msgs/share/interbotix_xs_msgs/msg/JointTrajectoryCommand.msg
[55.500s] -- Installing: /home/adam/URC/install/interbotix_xs_msgs/share/interbotix_xs_msgs/msg/LocobotJoy.msg
[55.501s] -- Installing: /home/adam/URC/install/interbotix_xs_msgs/share/interbotix_xs_msgs/msg/TurretJoy.msg
[55.501s] -- Installing: /home/adam/URC/install/interbotix_xs_msgs/share/interbotix_xs_msgs/srv/MotorGains.srv
[55.501s] -- Installing: /home/adam/URC/install/interbotix_xs_msgs/share/interbotix_xs_msgs/srv/MotorGains_Request.msg
[55.501s] -- Installing: /home/adam/URC/install/interbotix_xs_msgs/share/interbotix_xs_msgs/srv/MotorGains_Response.msg
[55.501s] -- Installing: /home/adam/URC/install/interbotix_xs_msgs/share/interbotix_xs_msgs/srv/OperatingModes.srv
[55.501s] -- Installing: /home/adam/URC/install/interbotix_xs_msgs/share/interbotix_xs_msgs/srv/OperatingModes_Request.msg
[55.502s] -- Installing: /home/adam/URC/install/interbotix_xs_msgs/share/interbotix_xs_msgs/srv/OperatingModes_Response.msg
[55.502s] -- Installing: /home/adam/URC/install/interbotix_xs_msgs/share/interbotix_xs_msgs/srv/Reboot.srv
[55.502s] -- Installing: /home/adam/URC/install/interbotix_xs_msgs/share/interbotix_xs_msgs/srv/Reboot_Request.msg
[55.502s] -- Installing: /home/adam/URC/install/interbotix_xs_msgs/share/interbotix_xs_msgs/srv/Reboot_Response.msg
[55.502s] -- Installing: /home/adam/URC/install/interbotix_xs_msgs/share/interbotix_xs_msgs/srv/RegisterValues.srv
[55.502s] -- Installing: /home/adam/URC/install/interbotix_xs_msgs/share/interbotix_xs_msgs/srv/RegisterValues_Request.msg
[55.503s] -- Installing: /home/adam/URC/install/interbotix_xs_msgs/share/interbotix_xs_msgs/srv/RegisterValues_Response.msg
[55.503s] -- Installing: /home/adam/URC/install/interbotix_xs_msgs/share/interbotix_xs_msgs/srv/RobotInfo.srv
[55.503s] -- Installing: /home/adam/URC/install/interbotix_xs_msgs/share/interbotix_xs_msgs/srv/RobotInfo_Request.msg
[55.503s] -- Installing: /home/adam/URC/install/interbotix_xs_msgs/share/interbotix_xs_msgs/srv/RobotInfo_Response.msg
[55.503s] -- Installing: /home/adam/URC/install/interbotix_xs_msgs/share/interbotix_xs_msgs/srv/TorqueEnable.srv
[55.503s] -- Installing: /home/adam/URC/install/interbotix_xs_msgs/share/interbotix_xs_msgs/srv/TorqueEnable_Request.msg
[55.504s] -- Installing: /home/adam/URC/install/interbotix_xs_msgs/share/interbotix_xs_msgs/srv/TorqueEnable_Response.msg
[55.504s] -- Installing: /home/adam/URC/install/interbotix_xs_msgs/share/ament_index/resource_index/package_run_dependencies/interbotix_xs_msgs
[55.504s] -- Installing: /home/adam/URC/install/interbotix_xs_msgs/share/ament_index/resource_index/parent_prefix_path/interbotix_xs_msgs
[55.504s] -- Installing: /home/adam/URC/install/interbotix_xs_msgs/share/interbotix_xs_msgs/environment/ament_prefix_path.sh
[55.504s] -- Installing: /home/adam/URC/install/interbotix_xs_msgs/share/interbotix_xs_msgs/environment/ament_prefix_path.dsv
[55.505s] -- Installing: /home/adam/URC/install/interbotix_xs_msgs/share/interbotix_xs_msgs/environment/path.sh
[55.505s] -- Installing: /home/adam/URC/install/interbotix_xs_msgs/share/interbotix_xs_msgs/environment/path.dsv
[55.505s] -- Installing: /home/adam/URC/install/interbotix_xs_msgs/share/interbotix_xs_msgs/local_setup.bash
[55.505s] -- Installing: /home/adam/URC/install/interbotix_xs_msgs/share/interbotix_xs_msgs/local_setup.sh
[55.505s] -- Installing: /home/adam/URC/install/interbotix_xs_msgs/share/interbotix_xs_msgs/local_setup.zsh
[55.505s] -- Installing: /home/adam/URC/install/interbotix_xs_msgs/share/interbotix_xs_msgs/local_setup.dsv
[55.506s] -- Installing: /home/adam/URC/install/interbotix_xs_msgs/share/interbotix_xs_msgs/package.dsv
[55.506s] -- Installing: /home/adam/URC/install/interbotix_xs_msgs/share/ament_index/resource_index/packages/interbotix_xs_msgs
[55.506s] -- Installing: /home/adam/URC/install/interbotix_xs_msgs/share/interbotix_xs_msgs/cmake/interbotix_xs_msgs__rosidl_generator_cExport.cmake
[55.506s] -- Installing: /home/adam/URC/install/interbotix_xs_msgs/share/interbotix_xs_msgs/cmake/interbotix_xs_msgs__rosidl_generator_cExport-noconfig.cmake
[55.506s] -- Installing: /home/adam/URC/install/interbotix_xs_msgs/share/interbotix_xs_msgs/cmake/interbotix_xs_msgs__rosidl_typesupport_introspection_cExport.cmake
[55.507s] -- Installing: /home/adam/URC/install/interbotix_xs_msgs/share/interbotix_xs_msgs/cmake/interbotix_xs_msgs__rosidl_typesupport_introspection_cExport-noconfig.cmake
[55.507s] -- Installing: /home/adam/URC/install/interbotix_xs_msgs/share/interbotix_xs_msgs/cmake/interbotix_xs_msgs__rosidl_typesupport_cExport.cmake
[55.507s] -- Installing: /home/adam/URC/install/interbotix_xs_msgs/share/interbotix_xs_msgs/cmake/interbotix_xs_msgs__rosidl_typesupport_cExport-noconfig.cmake
[55.507s] -- Installing: /home/adam/URC/install/interbotix_xs_msgs/share/interbotix_xs_msgs/cmake/interbotix_xs_msgs__rosidl_generator_cppExport.cmake
[55.508s] -- Installing: /home/adam/URC/install/interbotix_xs_msgs/share/interbotix_xs_msgs/cmake/interbotix_xs_msgs__rosidl_typesupport_introspection_cppExport.cmake
[55.508s] -- Installing: /home/adam/URC/install/interbotix_xs_msgs/share/interbotix_xs_msgs/cmake/interbotix_xs_msgs__rosidl_typesupport_introspection_cppExport-noconfig.cmake
[55.508s] -- Installing: /home/adam/URC/install/interbotix_xs_msgs/share/interbotix_xs_msgs/cmake/interbotix_xs_msgs__rosidl_typesupport_cppExport.cmake
[55.508s] -- Installing: /home/adam/URC/install/interbotix_xs_msgs/share/interbotix_xs_msgs/cmake/interbotix_xs_msgs__rosidl_typesupport_cppExport-noconfig.cmake
[55.508s] -- Installing: /home/adam/URC/install/interbotix_xs_msgs/share/interbotix_xs_msgs/cmake/rosidl_cmake-extras.cmake
[55.508s] -- Installing: /home/adam/URC/install/interbotix_xs_msgs/share/interbotix_xs_msgs/cmake/ament_cmake_export_dependencies-extras.cmake
[55.509s] -- Installing: /home/adam/URC/install/interbotix_xs_msgs/share/interbotix_xs_msgs/cmake/ament_cmake_export_libraries-extras.cmake
[55.509s] -- Installing: /home/adam/URC/install/interbotix_xs_msgs/share/interbotix_xs_msgs/cmake/ament_cmake_export_targets-extras.cmake
[55.509s] -- Installing: /home/adam/URC/install/interbotix_xs_msgs/share/interbotix_xs_msgs/cmake/ament_cmake_export_include_directories-extras.cmake
[55.509s] -- Installing: /home/adam/URC/install/interbotix_xs_msgs/share/interbotix_xs_msgs/cmake/rosidl_cmake_export_typesupport_libraries-extras.cmake
[55.509s] -- Installing: /home/adam/URC/install/interbotix_xs_msgs/share/interbotix_xs_msgs/cmake/rosidl_cmake_export_typesupport_targets-extras.cmake
[55.510s] -- Installing: /home/adam/URC/install/interbotix_xs_msgs/share/interbotix_xs_msgs/cmake/interbotix_xs_msgsConfig.cmake
[55.510s] -- Installing: /home/adam/URC/install/interbotix_xs_msgs/share/interbotix_xs_msgs/cmake/interbotix_xs_msgsConfig-version.cmake
[55.510s] -- Installing: /home/adam/URC/install/interbotix_xs_msgs/share/interbotix_xs_msgs/package.xml
[55.514s] Invoked command in '/home/adam/URC/build/interbotix_xs_msgs' returned '0': CMAKE_PREFIX_PATH=${CMAKE_PREFIX_PATH}:/home/adam/interbotix_ws/install/interbotix_xs_modules:/home/adam/interbotix_ws/install/interbotix_perception_modules:/home/adam/interbotix_ws/install/interbotix_common_modules:/opt/ros/galactic /usr/bin/cmake --install /home/adam/URC/build/interbotix_xs_msgs
