[1.555s] DEBUG:colcon:Command line arguments: ['/usr/bin/colcon', 'build', '--packages-select', 'interbotix_xsarm_control']
[1.556s] DEBUG:colcon:Parsed command line arguments: Namespace(log_base=None, log_level=None, verb_name='build', build_base='build', install_base='install', merge_install=False, symlink_install=False, test_result_base=None, continue_on_error=False, executor='parallel', parallel_workers=4, event_handlers=None, ignore_user_meta=False, metas=['./colcon.meta'], base_paths=['.'], packages_ignore=None, packages_ignore_regex=None, paths=None, packages_up_to=None, packages_up_to_regex=None, packages_above=None, packages_above_and_dependencies=None, packages_above_depth=None, packages_select_by_dep=None, packages_skip_by_dep=None, packages_skip_up_to=None, packages_select_build_failed=False, packages_skip_build_finished=False, packages_select_test_failures=False, packages_skip_test_passed=False, packages_select=['interbotix_xsarm_control'], packages_skip=None, packages_select_regex=None, packages_skip_regex=None, packages_start=None, packages_end=None, allow_overriding=[], cmake_args=None, cmake_target=None, cmake_target_skip_unavailable=False, cmake_clean_cache=False, cmake_clean_first=False, cmake_force_configure=False, ament_cmake_args=None, catkin_cmake_args=None, catkin_skip_building_tests=False, mixin_files=None, mixin=None, verb_parser=<colcon_mixin.mixin.mixin_argument.MixinArgumentDecorator object at 0xffffa2818fe0>, verb_extension=<colcon_core.verb.build.BuildVerb object at 0xffffa29e16d0>, main=<bound method BuildVerb.main of <colcon_core.verb.build.BuildVerb object at 0xffffa29e16d0>>, mixin_verb=('build',))
[1.952s] Level 1:colcon.colcon_core.package_discovery:discover_packages(colcon_meta) check parameters
[1.953s] Level 1:colcon.colcon_core.package_discovery:discover_packages(recursive) check parameters
[1.958s] Level 1:colcon.colcon_core.package_discovery:discover_packages(ignore) check parameters
[1.958s] Level 1:colcon.colcon_core.package_discovery:discover_packages(path) check parameters
[1.958s] Level 1:colcon.colcon_core.package_discovery:discover_packages(colcon_meta) discover
[1.959s] Level 1:colcon.colcon_core.package_discovery:discover_packages(recursive) discover
[1.959s] INFO:colcon.colcon_core.package_discovery:Crawling recursively for packages in '/home/admin1/URC'
[1.960s] Level 1:colcon.colcon_core.package_identification:_identify(.) by extensions ['ignore', 'ignore_ament_install']
[1.960s] Level 1:colcon.colcon_core.package_identification:_identify(.) by extension 'ignore'
[1.961s] Level 1:colcon.colcon_core.package_identification:_identify(.) by extension 'ignore_ament_install'
[1.961s] Level 1:colcon.colcon_core.package_identification:_identify(.) by extensions ['colcon_pkg']
[1.961s] Level 1:colcon.colcon_core.package_identification:_identify(.) by extension 'colcon_pkg'
[1.962s] Level 1:colcon.colcon_core.package_identification:_identify(.) by extensions ['colcon_meta']
[1.962s] Level 1:colcon.colcon_core.package_identification:_identify(.) by extension 'colcon_meta'
[1.962s] Level 1:colcon.colcon_core.package_identification:_identify(.) by extensions ['ros']
[1.963s] Level 1:colcon.colcon_core.package_identification:_identify(.) by extension 'ros'
[2.235s] Level 1:colcon.colcon_core.package_identification:_identify(.) by extensions ['cmake', 'python']
[2.236s] Level 1:colcon.colcon_core.package_identification:_identify(.) by extension 'cmake'
[2.238s] Level 1:colcon.colcon_core.package_identification:_identify(.) by extension 'python'
[2.239s] Level 1:colcon.colcon_core.package_identification:_identify(.) by extensions ['python_setup_py']
[2.240s] Level 1:colcon.colcon_core.package_identification:_identify(.) by extension 'python_setup_py'
[2.242s] Level 1:colcon.colcon_core.package_identification:_identify(EspFirmware) by extensions ['ignore', 'ignore_ament_install']
[2.243s] Level 1:colcon.colcon_core.package_identification:_identify(EspFirmware) by extension 'ignore'
[2.244s] Level 1:colcon.colcon_core.package_identification:_identify(EspFirmware) by extension 'ignore_ament_install'
[2.245s] Level 1:colcon.colcon_core.package_identification:_identify(EspFirmware) by extensions ['colcon_pkg']
[2.246s] Level 1:colcon.colcon_core.package_identification:_identify(EspFirmware) by extension 'colcon_pkg'
[2.246s] Level 1:colcon.colcon_core.package_identification:_identify(EspFirmware) by extensions ['colcon_meta']
[2.247s] Level 1:colcon.colcon_core.package_identification:_identify(EspFirmware) by extension 'colcon_meta'
[2.247s] Level 1:colcon.colcon_core.package_identification:_identify(EspFirmware) by extensions ['ros']
[2.247s] Level 1:colcon.colcon_core.package_identification:_identify(EspFirmware) by extension 'ros'
[2.248s] Level 1:colcon.colcon_core.package_identification:_identify(EspFirmware) by extensions ['cmake', 'python']
[2.249s] Level 1:colcon.colcon_core.package_identification:_identify(EspFirmware) by extension 'cmake'
[2.249s] Level 1:colcon.colcon_core.package_identification:_identify(EspFirmware) by extension 'python'
[2.250s] Level 1:colcon.colcon_core.package_identification:_identify(EspFirmware) by extensions ['python_setup_py']
[2.250s] Level 1:colcon.colcon_core.package_identification:_identify(EspFirmware) by extension 'python_setup_py'
[2.251s] Level 1:colcon.colcon_core.package_identification:_identify(EspFirmware/ArmController) by extensions ['ignore', 'ignore_ament_install']
[2.252s] Level 1:colcon.colcon_core.package_identification:_identify(EspFirmware/ArmController) by extension 'ignore'
[2.253s] Level 1:colcon.colcon_core.package_identification:_identify(EspFirmware/ArmController) by extension 'ignore_ament_install'
[2.253s] Level 1:colcon.colcon_core.package_identification:_identify(EspFirmware/ArmController) by extensions ['colcon_pkg']
[2.254s] Level 1:colcon.colcon_core.package_identification:_identify(EspFirmware/ArmController) by extension 'colcon_pkg'
[2.254s] Level 1:colcon.colcon_core.package_identification:_identify(EspFirmware/ArmController) by extensions ['colcon_meta']
[2.255s] Level 1:colcon.colcon_core.package_identification:_identify(EspFirmware/ArmController) by extension 'colcon_meta'
[2.255s] Level 1:colcon.colcon_core.package_identification:_identify(EspFirmware/ArmController) by extensions ['ros']
[2.255s] Level 1:colcon.colcon_core.package_identification:_identify(EspFirmware/ArmController) by extension 'ros'
[2.256s] Level 1:colcon.colcon_core.package_identification:_identify(EspFirmware/ArmController) by extensions ['cmake', 'python']
[2.257s] Level 1:colcon.colcon_core.package_identification:_identify(EspFirmware/ArmController) by extension 'cmake'
[2.258s] Level 1:colcon.colcon_core.package_identification:_identify(EspFirmware/ArmController) by extension 'python'
[2.259s] Level 1:colcon.colcon_core.package_identification:_identify(EspFirmware/ArmController) by extensions ['python_setup_py']
[2.261s] Level 1:colcon.colcon_core.package_identification:_identify(EspFirmware/ArmController) by extension 'python_setup_py'
[2.263s] Level 1:colcon.colcon_core.package_identification:_identify(EspFirmware/ArmController/build) by extensions ['ignore', 'ignore_ament_install']
[2.265s] Level 1:colcon.colcon_core.package_identification:_identify(EspFirmware/ArmController/build) by extension 'ignore'
[2.267s] Level 1:colcon.colcon_core.package_identification:_identify(EspFirmware/ArmController/build) ignored
[2.268s] Level 1:colcon.colcon_core.package_identification:_identify(EspFirmware/ArmController/include) by extensions ['ignore', 'ignore_ament_install']
[2.270s] Level 1:colcon.colcon_core.package_identification:_identify(EspFirmware/ArmController/include) by extension 'ignore'
[2.271s] Level 1:colcon.colcon_core.package_identification:_identify(EspFirmware/ArmController/include) by extension 'ignore_ament_install'
[2.271s] Level 1:colcon.colcon_core.package_identification:_identify(EspFirmware/ArmController/include) by extensions ['colcon_pkg']
[2.272s] Level 1:colcon.colcon_core.package_identification:_identify(EspFirmware/ArmController/include) by extension 'colcon_pkg'
[2.272s] Level 1:colcon.colcon_core.package_identification:_identify(EspFirmware/ArmController/include) by extensions ['colcon_meta']
[2.273s] Level 1:colcon.colcon_core.package_identification:_identify(EspFirmware/ArmController/include) by extension 'colcon_meta'
[2.273s] Level 1:colcon.colcon_core.package_identification:_identify(EspFirmware/ArmController/include) by extensions ['ros']
[2.274s] Level 1:colcon.colcon_core.package_identification:_identify(EspFirmware/ArmController/include) by extension 'ros'
[2.275s] Level 1:colcon.colcon_core.package_identification:_identify(EspFirmware/ArmController/include) by extensions ['cmake', 'python']
[2.276s] Level 1:colcon.colcon_core.package_identification:_identify(EspFirmware/ArmController/include) by extension 'cmake'
[2.277s] Level 1:colcon.colcon_core.package_identification:_identify(EspFirmware/ArmController/include) by extension 'python'
[2.277s] Level 1:colcon.colcon_core.package_identification:_identify(EspFirmware/ArmController/include) by extensions ['python_setup_py']
[2.278s] Level 1:colcon.colcon_core.package_identification:_identify(EspFirmware/ArmController/include) by extension 'python_setup_py'
[2.279s] Level 1:colcon.colcon_core.package_identification:_identify(EspFirmware/ArmController/install) by extensions ['ignore', 'ignore_ament_install']
[2.280s] Level 1:colcon.colcon_core.package_identification:_identify(EspFirmware/ArmController/install) by extension 'ignore'
[2.280s] Level 1:colcon.colcon_core.package_identification:_identify(EspFirmware/ArmController/install) ignored
[2.281s] Level 1:colcon.colcon_core.package_identification:_identify(EspFirmware/ArmController/lib) by extensions ['ignore', 'ignore_ament_install']
[2.282s] Level 1:colcon.colcon_core.package_identification:_identify(EspFirmware/ArmController/lib) by extension 'ignore'
[2.283s] Level 1:colcon.colcon_core.package_identification:_identify(EspFirmware/ArmController/lib) by extension 'ignore_ament_install'
[2.283s] Level 1:colcon.colcon_core.package_identification:_identify(EspFirmware/ArmController/lib) by extensions ['colcon_pkg']
[2.284s] Level 1:colcon.colcon_core.package_identification:_identify(EspFirmware/ArmController/lib) by extension 'colcon_pkg'
[2.284s] Level 1:colcon.colcon_core.package_identification:_identify(EspFirmware/ArmController/lib) by extensions ['colcon_meta']
[2.285s] Level 1:colcon.colcon_core.package_identification:_identify(EspFirmware/ArmController/lib) by extension 'colcon_meta'
[2.285s] Level 1:colcon.colcon_core.package_identification:_identify(EspFirmware/ArmController/lib) by extensions ['ros']
[2.286s] Level 1:colcon.colcon_core.package_identification:_identify(EspFirmware/ArmController/lib) by extension 'ros'
[2.286s] Level 1:colcon.colcon_core.package_identification:_identify(EspFirmware/ArmController/lib) by extensions ['cmake', 'python']
[2.287s] Level 1:colcon.colcon_core.package_identification:_identify(EspFirmware/ArmController/lib) by extension 'cmake'
[2.287s] Level 1:colcon.colcon_core.package_identification:_identify(EspFirmware/ArmController/lib) by extension 'python'
[2.288s] Level 1:colcon.colcon_core.package_identification:_identify(EspFirmware/ArmController/lib) by extensions ['python_setup_py']
[2.288s] Level 1:colcon.colcon_core.package_identification:_identify(EspFirmware/ArmController/lib) by extension 'python_setup_py'
[2.289s] Level 1:colcon.colcon_core.package_identification:_identify(EspFirmware/ArmController/log) by extensions ['ignore', 'ignore_ament_install']
[2.290s] Level 1:colcon.colcon_core.package_identification:_identify(EspFirmware/ArmController/log) by extension 'ignore'
[2.291s] Level 1:colcon.colcon_core.package_identification:_identify(EspFirmware/ArmController/log) ignored
[2.291s] Level 1:colcon.colcon_core.package_identification:_identify(EspFirmware/ArmController/src) by extensions ['ignore', 'ignore_ament_install']
[2.292s] Level 1:colcon.colcon_core.package_identification:_identify(EspFirmware/ArmController/src) by extension 'ignore'
[2.294s] Level 1:colcon.colcon_core.package_identification:_identify(EspFirmware/ArmController/src) by extension 'ignore_ament_install'
[2.296s] Level 1:colcon.colcon_core.package_identification:_identify(EspFirmware/ArmController/src) by extensions ['colcon_pkg']
[2.296s] Level 1:colcon.colcon_core.package_identification:_identify(EspFirmware/ArmController/src) by extension 'colcon_pkg'
[2.296s] Level 1:colcon.colcon_core.package_identification:_identify(EspFirmware/ArmController/src) by extensions ['colcon_meta']
[2.297s] Level 1:colcon.colcon_core.package_identification:_identify(EspFirmware/ArmController/src) by extension 'colcon_meta'
[2.297s] Level 1:colcon.colcon_core.package_identification:_identify(EspFirmware/ArmController/src) by extensions ['ros']
[2.298s] Level 1:colcon.colcon_core.package_identification:_identify(EspFirmware/ArmController/src) by extension 'ros'
[2.301s] Level 1:colcon.colcon_core.package_identification:_identify(EspFirmware/ArmController/src) by extensions ['cmake', 'python']
[2.302s] Level 1:colcon.colcon_core.package_identification:_identify(EspFirmware/ArmController/src) by extension 'cmake'
[2.305s] Level 1:colcon.colcon_core.package_identification:_identify(EspFirmware/ArmController/src) by extension 'python'
[2.308s] Level 1:colcon.colcon_core.package_identification:_identify(EspFirmware/ArmController/src) by extensions ['python_setup_py']
[2.310s] Level 1:colcon.colcon_core.package_identification:_identify(EspFirmware/ArmController/src) by extension 'python_setup_py'
[2.312s] Level 1:colcon.colcon_core.package_identification:_identify(EspFirmware/ArmController/test) by extensions ['ignore', 'ignore_ament_install']
[2.313s] Level 1:colcon.colcon_core.package_identification:_identify(EspFirmware/ArmController/test) by extension 'ignore'
[2.315s] Level 1:colcon.colcon_core.package_identification:_identify(EspFirmware/ArmController/test) by extension 'ignore_ament_install'
[2.317s] Level 1:colcon.colcon_core.package_identification:_identify(EspFirmware/ArmController/test) by extensions ['colcon_pkg']
[2.317s] Level 1:colcon.colcon_core.package_identification:_identify(EspFirmware/ArmController/test) by extension 'colcon_pkg'
[2.318s] Level 1:colcon.colcon_core.package_identification:_identify(EspFirmware/ArmController/test) by extensions ['colcon_meta']
[2.318s] Level 1:colcon.colcon_core.package_identification:_identify(EspFirmware/ArmController/test) by extension 'colcon_meta'
[2.319s] Level 1:colcon.colcon_core.package_identification:_identify(EspFirmware/ArmController/test) by extensions ['ros']
[2.319s] Level 1:colcon.colcon_core.package_identification:_identify(EspFirmware/ArmController/test) by extension 'ros'
[2.320s] Level 1:colcon.colcon_core.package_identification:_identify(EspFirmware/ArmController/test) by extensions ['cmake', 'python']
[2.320s] Level 1:colcon.colcon_core.package_identification:_identify(EspFirmware/ArmController/test) by extension 'cmake'
[2.321s] Level 1:colcon.colcon_core.package_identification:_identify(EspFirmware/ArmController/test) by extension 'python'
[2.321s] Level 1:colcon.colcon_core.package_identification:_identify(EspFirmware/ArmController/test) by extensions ['python_setup_py']
[2.323s] Level 1:colcon.colcon_core.package_identification:_identify(EspFirmware/ArmController/test) by extension 'python_setup_py'
[2.324s] Level 1:colcon.colcon_core.package_identification:_identify(EspFirmware/HandController) by extensions ['ignore', 'ignore_ament_install']
[2.325s] Level 1:colcon.colcon_core.package_identification:_identify(EspFirmware/HandController) by extension 'ignore'
[2.325s] Level 1:colcon.colcon_core.package_identification:_identify(EspFirmware/HandController) by extension 'ignore_ament_install'
[2.326s] Level 1:colcon.colcon_core.package_identification:_identify(EspFirmware/HandController) by extensions ['colcon_pkg']
[2.326s] Level 1:colcon.colcon_core.package_identification:_identify(EspFirmware/HandController) by extension 'colcon_pkg'
[2.327s] Level 1:colcon.colcon_core.package_identification:_identify(EspFirmware/HandController) by extensions ['colcon_meta']
[2.327s] Level 1:colcon.colcon_core.package_identification:_identify(EspFirmware/HandController) by extension 'colcon_meta'
[2.328s] Level 1:colcon.colcon_core.package_identification:_identify(EspFirmware/HandController) by extensions ['ros']
[2.329s] Level 1:colcon.colcon_core.package_identification:_identify(EspFirmware/HandController) by extension 'ros'
[2.331s] Level 1:colcon.colcon_core.package_identification:_identify(EspFirmware/HandController) by extensions ['cmake', 'python']
[2.332s] Level 1:colcon.colcon_core.package_identification:_identify(EspFirmware/HandController) by extension 'cmake'
[2.334s] Level 1:colcon.colcon_core.package_identification:_identify(EspFirmware/HandController) by extension 'python'
[2.336s] Level 1:colcon.colcon_core.package_identification:_identify(EspFirmware/HandController) by extensions ['python_setup_py']
[2.336s] Level 1:colcon.colcon_core.package_identification:_identify(EspFirmware/HandController) by extension 'python_setup_py'
[2.340s] Level 1:colcon.colcon_core.package_identification:_identify(EspFirmware/HandController/include) by extensions ['ignore', 'ignore_ament_install']
[2.342s] Level 1:colcon.colcon_core.package_identification:_identify(EspFirmware/HandController/include) by extension 'ignore'
[2.342s] Level 1:colcon.colcon_core.package_identification:_identify(EspFirmware/HandController/include) by extension 'ignore_ament_install'
[2.343s] Level 1:colcon.colcon_core.package_identification:_identify(EspFirmware/HandController/include) by extensions ['colcon_pkg']
[2.345s] Level 1:colcon.colcon_core.package_identification:_identify(EspFirmware/HandController/include) by extension 'colcon_pkg'
[2.346s] Level 1:colcon.colcon_core.package_identification:_identify(EspFirmware/HandController/include) by extensions ['colcon_meta']
[2.347s] Level 1:colcon.colcon_core.package_identification:_identify(EspFirmware/HandController/include) by extension 'colcon_meta'
[2.347s] Level 1:colcon.colcon_core.package_identification:_identify(EspFirmware/HandController/include) by extensions ['ros']
[2.348s] Level 1:colcon.colcon_core.package_identification:_identify(EspFirmware/HandController/include) by extension 'ros'
[2.351s] Level 1:colcon.colcon_core.package_identification:_identify(EspFirmware/HandController/include) by extensions ['cmake', 'python']
[2.351s] Level 1:colcon.colcon_core.package_identification:_identify(EspFirmware/HandController/include) by extension 'cmake'
[2.353s] Level 1:colcon.colcon_core.package_identification:_identify(EspFirmware/HandController/include) by extension 'python'
[2.354s] Level 1:colcon.colcon_core.package_identification:_identify(EspFirmware/HandController/include) by extensions ['python_setup_py']
[2.355s] Level 1:colcon.colcon_core.package_identification:_identify(EspFirmware/HandController/include) by extension 'python_setup_py'
[2.358s] Level 1:colcon.colcon_core.package_identification:_identify(EspFirmware/HandController/lib) by extensions ['ignore', 'ignore_ament_install']
[2.360s] Level 1:colcon.colcon_core.package_identification:_identify(EspFirmware/HandController/lib) by extension 'ignore'
[2.362s] Level 1:colcon.colcon_core.package_identification:_identify(EspFirmware/HandController/lib) by extension 'ignore_ament_install'
[2.363s] Level 1:colcon.colcon_core.package_identification:_identify(EspFirmware/HandController/lib) by extensions ['colcon_pkg']
[2.363s] Level 1:colcon.colcon_core.package_identification:_identify(EspFirmware/HandController/lib) by extension 'colcon_pkg'
[2.364s] Level 1:colcon.colcon_core.package_identification:_identify(EspFirmware/HandController/lib) by extensions ['colcon_meta']
[2.365s] Level 1:colcon.colcon_core.package_identification:_identify(EspFirmware/HandController/lib) by extension 'colcon_meta'
[2.365s] Level 1:colcon.colcon_core.package_identification:_identify(EspFirmware/HandController/lib) by extensions ['ros']
[2.366s] Level 1:colcon.colcon_core.package_identification:_identify(EspFirmware/HandController/lib) by extension 'ros'
[2.367s] Level 1:colcon.colcon_core.package_identification:_identify(EspFirmware/HandController/lib) by extensions ['cmake', 'python']
[2.367s] Level 1:colcon.colcon_core.package_identification:_identify(EspFirmware/HandController/lib) by extension 'cmake'
[2.368s] Level 1:colcon.colcon_core.package_identification:_identify(EspFirmware/HandController/lib) by extension 'python'
[2.368s] Level 1:colcon.colcon_core.package_identification:_identify(EspFirmware/HandController/lib) by extensions ['python_setup_py']
[2.369s] Level 1:colcon.colcon_core.package_identification:_identify(EspFirmware/HandController/lib) by extension 'python_setup_py'
[2.370s] Level 1:colcon.colcon_core.package_identification:_identify(EspFirmware/HandController/src) by extensions ['ignore', 'ignore_ament_install']
[2.371s] Level 1:colcon.colcon_core.package_identification:_identify(EspFirmware/HandController/src) by extension 'ignore'
[2.371s] Level 1:colcon.colcon_core.package_identification:_identify(EspFirmware/HandController/src) by extension 'ignore_ament_install'
[2.372s] Level 1:colcon.colcon_core.package_identification:_identify(EspFirmware/HandController/src) by extensions ['colcon_pkg']
[2.372s] Level 1:colcon.colcon_core.package_identification:_identify(EspFirmware/HandController/src) by extension 'colcon_pkg'
[2.373s] Level 1:colcon.colcon_core.package_identification:_identify(EspFirmware/HandController/src) by extensions ['colcon_meta']
[2.373s] Level 1:colcon.colcon_core.package_identification:_identify(EspFirmware/HandController/src) by extension 'colcon_meta'
[2.374s] Level 1:colcon.colcon_core.package_identification:_identify(EspFirmware/HandController/src) by extensions ['ros']
[2.374s] Level 1:colcon.colcon_core.package_identification:_identify(EspFirmware/HandController/src) by extension 'ros'
[2.375s] Level 1:colcon.colcon_core.package_identification:_identify(EspFirmware/HandController/src) by extensions ['cmake', 'python']
[2.377s] Level 1:colcon.colcon_core.package_identification:_identify(EspFirmware/HandController/src) by extension 'cmake'
[2.377s] Level 1:colcon.colcon_core.package_identification:_identify(EspFirmware/HandController/src) by extension 'python'
[2.378s] Level 1:colcon.colcon_core.package_identification:_identify(EspFirmware/HandController/src) by extensions ['python_setup_py']
[2.378s] Level 1:colcon.colcon_core.package_identification:_identify(EspFirmware/HandController/src) by extension 'python_setup_py'
[2.380s] Level 1:colcon.colcon_core.package_identification:_identify(EspFirmware/HandController/test) by extensions ['ignore', 'ignore_ament_install']
[2.381s] Level 1:colcon.colcon_core.package_identification:_identify(EspFirmware/HandController/test) by extension 'ignore'
[2.383s] Level 1:colcon.colcon_core.package_identification:_identify(EspFirmware/HandController/test) by extension 'ignore_ament_install'
[2.384s] Level 1:colcon.colcon_core.package_identification:_identify(EspFirmware/HandController/test) by extensions ['colcon_pkg']
[2.385s] Level 1:colcon.colcon_core.package_identification:_identify(EspFirmware/HandController/test) by extension 'colcon_pkg'
[2.386s] Level 1:colcon.colcon_core.package_identification:_identify(EspFirmware/HandController/test) by extensions ['colcon_meta']
[2.388s] Level 1:colcon.colcon_core.package_identification:_identify(EspFirmware/HandController/test) by extension 'colcon_meta'
[2.389s] Level 1:colcon.colcon_core.package_identification:_identify(EspFirmware/HandController/test) by extensions ['ros']
[2.390s] Level 1:colcon.colcon_core.package_identification:_identify(EspFirmware/HandController/test) by extension 'ros'
[2.391s] Level 1:colcon.colcon_core.package_identification:_identify(EspFirmware/HandController/test) by extensions ['cmake', 'python']
[2.392s] Level 1:colcon.colcon_core.package_identification:_identify(EspFirmware/HandController/test) by extension 'cmake'
[2.393s] Level 1:colcon.colcon_core.package_identification:_identify(EspFirmware/HandController/test) by extension 'python'
[2.394s] Level 1:colcon.colcon_core.package_identification:_identify(EspFirmware/HandController/test) by extensions ['python_setup_py']
[2.395s] Level 1:colcon.colcon_core.package_identification:_identify(EspFirmware/HandController/test) by extension 'python_setup_py'
[2.396s] Level 1:colcon.colcon_core.package_identification:_identify(EspFirmware/ReceiverBoard) by extensions ['ignore', 'ignore_ament_install']
[2.398s] Level 1:colcon.colcon_core.package_identification:_identify(EspFirmware/ReceiverBoard) by extension 'ignore'
[2.399s] Level 1:colcon.colcon_core.package_identification:_identify(EspFirmware/ReceiverBoard) by extension 'ignore_ament_install'
[2.400s] Level 1:colcon.colcon_core.package_identification:_identify(EspFirmware/ReceiverBoard) by extensions ['colcon_pkg']
[2.401s] Level 1:colcon.colcon_core.package_identification:_identify(EspFirmware/ReceiverBoard) by extension 'colcon_pkg'
[2.401s] Level 1:colcon.colcon_core.package_identification:_identify(EspFirmware/ReceiverBoard) by extensions ['colcon_meta']
[2.402s] Level 1:colcon.colcon_core.package_identification:_identify(EspFirmware/ReceiverBoard) by extension 'colcon_meta'
[2.402s] Level 1:colcon.colcon_core.package_identification:_identify(EspFirmware/ReceiverBoard) by extensions ['ros']
[2.402s] Level 1:colcon.colcon_core.package_identification:_identify(EspFirmware/ReceiverBoard) by extension 'ros'
[2.404s] Level 1:colcon.colcon_core.package_identification:_identify(EspFirmware/ReceiverBoard) by extensions ['cmake', 'python']
[2.405s] Level 1:colcon.colcon_core.package_identification:_identify(EspFirmware/ReceiverBoard) by extension 'cmake'
[2.406s] Level 1:colcon.colcon_core.package_identification:_identify(EspFirmware/ReceiverBoard) by extension 'python'
[2.407s] Level 1:colcon.colcon_core.package_identification:_identify(EspFirmware/ReceiverBoard) by extensions ['python_setup_py']
[2.408s] Level 1:colcon.colcon_core.package_identification:_identify(EspFirmware/ReceiverBoard) by extension 'python_setup_py'
[2.411s] Level 1:colcon.colcon_core.package_identification:_identify(EspFirmware/ReceiverBoard/include) by extensions ['ignore', 'ignore_ament_install']
[2.412s] Level 1:colcon.colcon_core.package_identification:_identify(EspFirmware/ReceiverBoard/include) by extension 'ignore'
[2.414s] Level 1:colcon.colcon_core.package_identification:_identify(EspFirmware/ReceiverBoard/include) by extension 'ignore_ament_install'
[2.418s] Level 1:colcon.colcon_core.package_identification:_identify(EspFirmware/ReceiverBoard/include) by extensions ['colcon_pkg']
[2.421s] Level 1:colcon.colcon_core.package_identification:_identify(EspFirmware/ReceiverBoard/include) by extension 'colcon_pkg'
[2.422s] Level 1:colcon.colcon_core.package_identification:_identify(EspFirmware/ReceiverBoard/include) by extensions ['colcon_meta']
[2.423s] Level 1:colcon.colcon_core.package_identification:_identify(EspFirmware/ReceiverBoard/include) by extension 'colcon_meta'
[2.423s] Level 1:colcon.colcon_core.package_identification:_identify(EspFirmware/ReceiverBoard/include) by extensions ['ros']
[2.423s] Level 1:colcon.colcon_core.package_identification:_identify(EspFirmware/ReceiverBoard/include) by extension 'ros'
[2.424s] Level 1:colcon.colcon_core.package_identification:_identify(EspFirmware/ReceiverBoard/include) by extensions ['cmake', 'python']
[2.425s] Level 1:colcon.colcon_core.package_identification:_identify(EspFirmware/ReceiverBoard/include) by extension 'cmake'
[2.425s] Level 1:colcon.colcon_core.package_identification:_identify(EspFirmware/ReceiverBoard/include) by extension 'python'
[2.427s] Level 1:colcon.colcon_core.package_identification:_identify(EspFirmware/ReceiverBoard/include) by extensions ['python_setup_py']
[2.428s] Level 1:colcon.colcon_core.package_identification:_identify(EspFirmware/ReceiverBoard/include) by extension 'python_setup_py'
[2.430s] Level 1:colcon.colcon_core.package_identification:_identify(EspFirmware/ReceiverBoard/lib) by extensions ['ignore', 'ignore_ament_install']
[2.432s] Level 1:colcon.colcon_core.package_identification:_identify(EspFirmware/ReceiverBoard/lib) by extension 'ignore'
[2.433s] Level 1:colcon.colcon_core.package_identification:_identify(EspFirmware/ReceiverBoard/lib) by extension 'ignore_ament_install'
[2.433s] Level 1:colcon.colcon_core.package_identification:_identify(EspFirmware/ReceiverBoard/lib) by extensions ['colcon_pkg']
[2.434s] Level 1:colcon.colcon_core.package_identification:_identify(EspFirmware/ReceiverBoard/lib) by extension 'colcon_pkg'
[2.435s] Level 1:colcon.colcon_core.package_identification:_identify(EspFirmware/ReceiverBoard/lib) by extensions ['colcon_meta']
[2.436s] Level 1:colcon.colcon_core.package_identification:_identify(EspFirmware/ReceiverBoard/lib) by extension 'colcon_meta'
[2.436s] Level 1:colcon.colcon_core.package_identification:_identify(EspFirmware/ReceiverBoard/lib) by extensions ['ros']
[2.437s] Level 1:colcon.colcon_core.package_identification:_identify(EspFirmware/ReceiverBoard/lib) by extension 'ros'
[2.445s] Level 1:colcon.colcon_core.package_identification:_identify(EspFirmware/ReceiverBoard/lib) by extensions ['cmake', 'python']
[2.447s] Level 1:colcon.colcon_core.package_identification:_identify(EspFirmware/ReceiverBoard/lib) by extension 'cmake'
[2.449s] Level 1:colcon.colcon_core.package_identification:_identify(EspFirmware/ReceiverBoard/lib) by extension 'python'
[2.450s] Level 1:colcon.colcon_core.package_identification:_identify(EspFirmware/ReceiverBoard/lib) by extensions ['python_setup_py']
[2.450s] Level 1:colcon.colcon_core.package_identification:_identify(EspFirmware/ReceiverBoard/lib) by extension 'python_setup_py'
[2.452s] Level 1:colcon.colcon_core.package_identification:_identify(EspFirmware/ReceiverBoard/src) by extensions ['ignore', 'ignore_ament_install']
[2.457s] Level 1:colcon.colcon_core.package_identification:_identify(EspFirmware/ReceiverBoard/src) by extension 'ignore'
[2.458s] Level 1:colcon.colcon_core.package_identification:_identify(EspFirmware/ReceiverBoard/src) by extension 'ignore_ament_install'
[2.459s] Level 1:colcon.colcon_core.package_identification:_identify(EspFirmware/ReceiverBoard/src) by extensions ['colcon_pkg']
[2.462s] Level 1:colcon.colcon_core.package_identification:_identify(EspFirmware/ReceiverBoard/src) by extension 'colcon_pkg'
[2.463s] Level 1:colcon.colcon_core.package_identification:_identify(EspFirmware/ReceiverBoard/src) by extensions ['colcon_meta']
[2.463s] Level 1:colcon.colcon_core.package_identification:_identify(EspFirmware/ReceiverBoard/src) by extension 'colcon_meta'
[2.464s] Level 1:colcon.colcon_core.package_identification:_identify(EspFirmware/ReceiverBoard/src) by extensions ['ros']
[2.467s] Level 1:colcon.colcon_core.package_identification:_identify(EspFirmware/ReceiverBoard/src) by extension 'ros'
[2.476s] Level 1:colcon.colcon_core.package_identification:_identify(EspFirmware/ReceiverBoard/src) by extensions ['cmake', 'python']
[2.478s] Level 1:colcon.colcon_core.package_identification:_identify(EspFirmware/ReceiverBoard/src) by extension 'cmake'
[2.481s] Level 1:colcon.colcon_core.package_identification:_identify(EspFirmware/ReceiverBoard/src) by extension 'python'
[2.483s] Level 1:colcon.colcon_core.package_identification:_identify(EspFirmware/ReceiverBoard/src) by extensions ['python_setup_py']
[2.484s] Level 1:colcon.colcon_core.package_identification:_identify(EspFirmware/ReceiverBoard/src) by extension 'python_setup_py'
[2.489s] Level 1:colcon.colcon_core.package_identification:_identify(EspFirmware/ReceiverBoard/test) by extensions ['ignore', 'ignore_ament_install']
[2.490s] Level 1:colcon.colcon_core.package_identification:_identify(EspFirmware/ReceiverBoard/test) by extension 'ignore'
[2.490s] Level 1:colcon.colcon_core.package_identification:_identify(EspFirmware/ReceiverBoard/test) by extension 'ignore_ament_install'
[2.491s] Level 1:colcon.colcon_core.package_identification:_identify(EspFirmware/ReceiverBoard/test) by extensions ['colcon_pkg']
[2.492s] Level 1:colcon.colcon_core.package_identification:_identify(EspFirmware/ReceiverBoard/test) by extension 'colcon_pkg'
[2.493s] Level 1:colcon.colcon_core.package_identification:_identify(EspFirmware/ReceiverBoard/test) by extensions ['colcon_meta']
[2.493s] Level 1:colcon.colcon_core.package_identification:_identify(EspFirmware/ReceiverBoard/test) by extension 'colcon_meta'
[2.494s] Level 1:colcon.colcon_core.package_identification:_identify(EspFirmware/ReceiverBoard/test) by extensions ['ros']
[2.494s] Level 1:colcon.colcon_core.package_identification:_identify(EspFirmware/ReceiverBoard/test) by extension 'ros'
[2.495s] Level 1:colcon.colcon_core.package_identification:_identify(EspFirmware/ReceiverBoard/test) by extensions ['cmake', 'python']
[2.496s] Level 1:colcon.colcon_core.package_identification:_identify(EspFirmware/ReceiverBoard/test) by extension 'cmake'
[2.496s] Level 1:colcon.colcon_core.package_identification:_identify(EspFirmware/ReceiverBoard/test) by extension 'python'
[2.497s] Level 1:colcon.colcon_core.package_identification:_identify(EspFirmware/ReceiverBoard/test) by extensions ['python_setup_py']
[2.497s] Level 1:colcon.colcon_core.package_identification:_identify(EspFirmware/ReceiverBoard/test) by extension 'python_setup_py'
[2.498s] Level 1:colcon.colcon_core.package_identification:_identify(EspFirmware/microRos_sender) by extensions ['ignore', 'ignore_ament_install']
[2.499s] Level 1:colcon.colcon_core.package_identification:_identify(EspFirmware/microRos_sender) by extension 'ignore'
[2.500s] Level 1:colcon.colcon_core.package_identification:_identify(EspFirmware/microRos_sender) by extension 'ignore_ament_install'
[2.501s] Level 1:colcon.colcon_core.package_identification:_identify(EspFirmware/microRos_sender) by extensions ['colcon_pkg']
[2.502s] Level 1:colcon.colcon_core.package_identification:_identify(EspFirmware/microRos_sender) by extension 'colcon_pkg'
[2.502s] Level 1:colcon.colcon_core.package_identification:_identify(EspFirmware/microRos_sender) by extensions ['colcon_meta']
[2.503s] Level 1:colcon.colcon_core.package_identification:_identify(EspFirmware/microRos_sender) by extension 'colcon_meta'
[2.503s] Level 1:colcon.colcon_core.package_identification:_identify(EspFirmware/microRos_sender) by extensions ['ros']
[2.503s] Level 1:colcon.colcon_core.package_identification:_identify(EspFirmware/microRos_sender) by extension 'ros'
[2.505s] Level 1:colcon.colcon_core.package_identification:_identify(EspFirmware/microRos_sender) by extensions ['cmake', 'python']
[2.505s] Level 1:colcon.colcon_core.package_identification:_identify(EspFirmware/microRos_sender) by extension 'cmake'
[2.508s] Level 1:colcon.colcon_core.package_identification:_identify(EspFirmware/microRos_sender) by extension 'python'
[2.509s] Level 1:colcon.colcon_core.package_identification:_identify(EspFirmware/microRos_sender) by extensions ['python_setup_py']
[2.510s] Level 1:colcon.colcon_core.package_identification:_identify(EspFirmware/microRos_sender) by extension 'python_setup_py'
[2.513s] Level 1:colcon.colcon_core.package_identification:_identify(EspFirmware/microRos_sender/include) by extensions ['ignore', 'ignore_ament_install']
[2.516s] Level 1:colcon.colcon_core.package_identification:_identify(EspFirmware/microRos_sender/include) by extension 'ignore'
[2.518s] Level 1:colcon.colcon_core.package_identification:_identify(EspFirmware/microRos_sender/include) by extension 'ignore_ament_install'
[2.519s] Level 1:colcon.colcon_core.package_identification:_identify(EspFirmware/microRos_sender/include) by extensions ['colcon_pkg']
[2.519s] Level 1:colcon.colcon_core.package_identification:_identify(EspFirmware/microRos_sender/include) by extension 'colcon_pkg'
[2.520s] Level 1:colcon.colcon_core.package_identification:_identify(EspFirmware/microRos_sender/include) by extensions ['colcon_meta']
[2.520s] Level 1:colcon.colcon_core.package_identification:_identify(EspFirmware/microRos_sender/include) by extension 'colcon_meta'
[2.521s] Level 1:colcon.colcon_core.package_identification:_identify(EspFirmware/microRos_sender/include) by extensions ['ros']
[2.522s] Level 1:colcon.colcon_core.package_identification:_identify(EspFirmware/microRos_sender/include) by extension 'ros'
[2.523s] Level 1:colcon.colcon_core.package_identification:_identify(EspFirmware/microRos_sender/include) by extensions ['cmake', 'python']
[2.523s] Level 1:colcon.colcon_core.package_identification:_identify(EspFirmware/microRos_sender/include) by extension 'cmake'
[2.524s] Level 1:colcon.colcon_core.package_identification:_identify(EspFirmware/microRos_sender/include) by extension 'python'
[2.525s] Level 1:colcon.colcon_core.package_identification:_identify(EspFirmware/microRos_sender/include) by extensions ['python_setup_py']
[2.525s] Level 1:colcon.colcon_core.package_identification:_identify(EspFirmware/microRos_sender/include) by extension 'python_setup_py'
[2.526s] Level 1:colcon.colcon_core.package_identification:_identify(EspFirmware/microRos_sender/lib) by extensions ['ignore', 'ignore_ament_install']
[2.528s] Level 1:colcon.colcon_core.package_identification:_identify(EspFirmware/microRos_sender/lib) by extension 'ignore'
[2.530s] Level 1:colcon.colcon_core.package_identification:_identify(EspFirmware/microRos_sender/lib) by extension 'ignore_ament_install'
[2.531s] Level 1:colcon.colcon_core.package_identification:_identify(EspFirmware/microRos_sender/lib) by extensions ['colcon_pkg']
[2.531s] Level 1:colcon.colcon_core.package_identification:_identify(EspFirmware/microRos_sender/lib) by extension 'colcon_pkg'
[2.532s] Level 1:colcon.colcon_core.package_identification:_identify(EspFirmware/microRos_sender/lib) by extensions ['colcon_meta']
[2.532s] Level 1:colcon.colcon_core.package_identification:_identify(EspFirmware/microRos_sender/lib) by extension 'colcon_meta'
[2.533s] Level 1:colcon.colcon_core.package_identification:_identify(EspFirmware/microRos_sender/lib) by extensions ['ros']
[2.534s] Level 1:colcon.colcon_core.package_identification:_identify(EspFirmware/microRos_sender/lib) by extension 'ros'
[2.535s] Level 1:colcon.colcon_core.package_identification:_identify(EspFirmware/microRos_sender/lib) by extensions ['cmake', 'python']
[2.538s] Level 1:colcon.colcon_core.package_identification:_identify(EspFirmware/microRos_sender/lib) by extension 'cmake'
[2.539s] Level 1:colcon.colcon_core.package_identification:_identify(EspFirmware/microRos_sender/lib) by extension 'python'
[2.541s] Level 1:colcon.colcon_core.package_identification:_identify(EspFirmware/microRos_sender/lib) by extensions ['python_setup_py']
[2.541s] Level 1:colcon.colcon_core.package_identification:_identify(EspFirmware/microRos_sender/lib) by extension 'python_setup_py'
[2.542s] Level 1:colcon.colcon_core.package_identification:_identify(EspFirmware/microRos_sender/src) by extensions ['ignore', 'ignore_ament_install']
[2.543s] Level 1:colcon.colcon_core.package_identification:_identify(EspFirmware/microRos_sender/src) by extension 'ignore'
[2.545s] Level 1:colcon.colcon_core.package_identification:_identify(EspFirmware/microRos_sender/src) by extension 'ignore_ament_install'
[2.547s] Level 1:colcon.colcon_core.package_identification:_identify(EspFirmware/microRos_sender/src) by extensions ['colcon_pkg']
[2.549s] Level 1:colcon.colcon_core.package_identification:_identify(EspFirmware/microRos_sender/src) by extension 'colcon_pkg'
[2.551s] Level 1:colcon.colcon_core.package_identification:_identify(EspFirmware/microRos_sender/src) by extensions ['colcon_meta']
[2.554s] Level 1:colcon.colcon_core.package_identification:_identify(EspFirmware/microRos_sender/src) by extension 'colcon_meta'
[2.557s] Level 1:colcon.colcon_core.package_identification:_identify(EspFirmware/microRos_sender/src) by extensions ['ros']
[2.558s] Level 1:colcon.colcon_core.package_identification:_identify(EspFirmware/microRos_sender/src) by extension 'ros'
[2.561s] Level 1:colcon.colcon_core.package_identification:_identify(EspFirmware/microRos_sender/src) by extensions ['cmake', 'python']
[2.562s] Level 1:colcon.colcon_core.package_identification:_identify(EspFirmware/microRos_sender/src) by extension 'cmake'
[2.563s] Level 1:colcon.colcon_core.package_identification:_identify(EspFirmware/microRos_sender/src) by extension 'python'
[2.564s] Level 1:colcon.colcon_core.package_identification:_identify(EspFirmware/microRos_sender/src) by extensions ['python_setup_py']
[2.565s] Level 1:colcon.colcon_core.package_identification:_identify(EspFirmware/microRos_sender/src) by extension 'python_setup_py'
[2.566s] Level 1:colcon.colcon_core.package_identification:_identify(EspFirmware/microRos_sender/test) by extensions ['ignore', 'ignore_ament_install']
[2.569s] Level 1:colcon.colcon_core.package_identification:_identify(EspFirmware/microRos_sender/test) by extension 'ignore'
[2.572s] Level 1:colcon.colcon_core.package_identification:_identify(EspFirmware/microRos_sender/test) by extension 'ignore_ament_install'
[2.575s] Level 1:colcon.colcon_core.package_identification:_identify(EspFirmware/microRos_sender/test) by extensions ['colcon_pkg']
[2.585s] Level 1:colcon.colcon_core.package_identification:_identify(EspFirmware/microRos_sender/test) by extension 'colcon_pkg'
[2.587s] Level 1:colcon.colcon_core.package_identification:_identify(EspFirmware/microRos_sender/test) by extensions ['colcon_meta']
[2.591s] Level 1:colcon.colcon_core.package_identification:_identify(EspFirmware/microRos_sender/test) by extension 'colcon_meta'
[2.592s] Level 1:colcon.colcon_core.package_identification:_identify(EspFirmware/microRos_sender/test) by extensions ['ros']
[2.592s] Level 1:colcon.colcon_core.package_identification:_identify(EspFirmware/microRos_sender/test) by extension 'ros'
[2.602s] Level 1:colcon.colcon_core.package_identification:_identify(EspFirmware/microRos_sender/test) by extensions ['cmake', 'python']
[2.603s] Level 1:colcon.colcon_core.package_identification:_identify(EspFirmware/microRos_sender/test) by extension 'cmake'
[2.616s] Level 1:colcon.colcon_core.package_identification:_identify(EspFirmware/microRos_sender/test) by extension 'python'
[2.617s] Level 1:colcon.colcon_core.package_identification:_identify(EspFirmware/microRos_sender/test) by extensions ['python_setup_py']
[2.622s] Level 1:colcon.colcon_core.package_identification:_identify(EspFirmware/microRos_sender/test) by extension 'python_setup_py'
[2.631s] Level 1:colcon.colcon_core.package_identification:_identify(build) by extensions ['ignore', 'ignore_ament_install']
[2.639s] Level 1:colcon.colcon_core.package_identification:_identify(build) by extension 'ignore'
[2.639s] Level 1:colcon.colcon_core.package_identification:_identify(build) ignored
[2.644s] Level 1:colcon.colcon_core.package_identification:_identify(install) by extensions ['ignore', 'ignore_ament_install']
[2.645s] Level 1:colcon.colcon_core.package_identification:_identify(install) by extension 'ignore'
[2.645s] Level 1:colcon.colcon_core.package_identification:_identify(install) ignored
[2.652s] Level 1:colcon.colcon_core.package_identification:_identify(log) by extensions ['ignore', 'ignore_ament_install']
[2.659s] Level 1:colcon.colcon_core.package_identification:_identify(log) by extension 'ignore'
[2.660s] Level 1:colcon.colcon_core.package_identification:_identify(log) ignored
[2.665s] Level 1:colcon.colcon_core.package_identification:_identify(urc_ws_interbotix) by extensions ['ignore', 'ignore_ament_install']
[2.667s] Level 1:colcon.colcon_core.package_identification:_identify(urc_ws_interbotix) by extension 'ignore'
[2.667s] Level 1:colcon.colcon_core.package_identification:_identify(urc_ws_interbotix) by extension 'ignore_ament_install'
[2.671s] Level 1:colcon.colcon_core.package_identification:_identify(urc_ws_interbotix) by extensions ['colcon_pkg']
[2.672s] Level 1:colcon.colcon_core.package_identification:_identify(urc_ws_interbotix) by extension 'colcon_pkg'
[2.673s] Level 1:colcon.colcon_core.package_identification:_identify(urc_ws_interbotix) by extensions ['colcon_meta']
[2.675s] Level 1:colcon.colcon_core.package_identification:_identify(urc_ws_interbotix) by extension 'colcon_meta'
[2.677s] Level 1:colcon.colcon_core.package_identification:_identify(urc_ws_interbotix) by extensions ['ros']
[2.681s] Level 1:colcon.colcon_core.package_identification:_identify(urc_ws_interbotix) by extension 'ros'
[2.689s] Level 1:colcon.colcon_core.package_identification:_identify(urc_ws_interbotix) by extensions ['cmake', 'python']
[2.693s] Level 1:colcon.colcon_core.package_identification:_identify(urc_ws_interbotix) by extension 'cmake'
[2.694s] Level 1:colcon.colcon_core.package_identification:_identify(urc_ws_interbotix) by extension 'python'
[2.694s] Level 1:colcon.colcon_core.package_identification:_identify(urc_ws_interbotix) by extensions ['python_setup_py']
[2.695s] Level 1:colcon.colcon_core.package_identification:_identify(urc_ws_interbotix) by extension 'python_setup_py'
[2.699s] Level 1:colcon.colcon_core.package_identification:_identify(urc_ws_interbotix/src) by extensions ['ignore', 'ignore_ament_install']
[2.700s] Level 1:colcon.colcon_core.package_identification:_identify(urc_ws_interbotix/src) by extension 'ignore'
[2.703s] Level 1:colcon.colcon_core.package_identification:_identify(urc_ws_interbotix/src) by extension 'ignore_ament_install'
[2.704s] Level 1:colcon.colcon_core.package_identification:_identify(urc_ws_interbotix/src) by extensions ['colcon_pkg']
[2.704s] Level 1:colcon.colcon_core.package_identification:_identify(urc_ws_interbotix/src) by extension 'colcon_pkg'
[2.705s] Level 1:colcon.colcon_core.package_identification:_identify(urc_ws_interbotix/src) by extensions ['colcon_meta']
[2.710s] Level 1:colcon.colcon_core.package_identification:_identify(urc_ws_interbotix/src) by extension 'colcon_meta'
[2.712s] Level 1:colcon.colcon_core.package_identification:_identify(urc_ws_interbotix/src) by extensions ['ros']
[2.714s] Level 1:colcon.colcon_core.package_identification:_identify(urc_ws_interbotix/src) by extension 'ros'
[2.715s] Level 1:colcon.colcon_core.package_identification:_identify(urc_ws_interbotix/src) by extensions ['cmake', 'python']
[2.715s] Level 1:colcon.colcon_core.package_identification:_identify(urc_ws_interbotix/src) by extension 'cmake'
[2.719s] Level 1:colcon.colcon_core.package_identification:_identify(urc_ws_interbotix/src) by extension 'python'
[2.721s] Level 1:colcon.colcon_core.package_identification:_identify(urc_ws_interbotix/src) by extensions ['python_setup_py']
[2.721s] Level 1:colcon.colcon_core.package_identification:_identify(urc_ws_interbotix/src) by extension 'python_setup_py'
[2.723s] Level 1:colcon.colcon_core.package_identification:_identify(urc_ws_interbotix/src/IMU_control) by extensions ['ignore', 'ignore_ament_install']
[2.724s] Level 1:colcon.colcon_core.package_identification:_identify(urc_ws_interbotix/src/IMU_control) by extension 'ignore'
[2.724s] Level 1:colcon.colcon_core.package_identification:_identify(urc_ws_interbotix/src/IMU_control) by extension 'ignore_ament_install'
[2.725s] Level 1:colcon.colcon_core.package_identification:_identify(urc_ws_interbotix/src/IMU_control) by extensions ['colcon_pkg']
[2.726s] Level 1:colcon.colcon_core.package_identification:_identify(urc_ws_interbotix/src/IMU_control) by extension 'colcon_pkg'
[2.727s] Level 1:colcon.colcon_core.package_identification:_identify(urc_ws_interbotix/src/IMU_control) by extensions ['colcon_meta']
[2.727s] Level 1:colcon.colcon_core.package_identification:_identify(urc_ws_interbotix/src/IMU_control) by extension 'colcon_meta'
[2.728s] Level 1:colcon.colcon_core.package_identification:_identify(urc_ws_interbotix/src/IMU_control) by extensions ['ros']
[2.730s] Level 1:colcon.colcon_core.package_identification:_identify(urc_ws_interbotix/src/IMU_control) by extension 'ros'
[2.755s] DEBUG:colcon.colcon_core.package_identification:Package 'urc_ws_interbotix/src/IMU_control' with type 'ros.ament_python' and name 'IMU_control'
[2.757s] Level 1:colcon.colcon_core.package_identification:_identify(urc_ws_interbotix/src/dynamixel-workbench) by extensions ['ignore', 'ignore_ament_install']
[2.758s] Level 1:colcon.colcon_core.package_identification:_identify(urc_ws_interbotix/src/dynamixel-workbench) by extension 'ignore'
[2.761s] Level 1:colcon.colcon_core.package_identification:_identify(urc_ws_interbotix/src/dynamixel-workbench) by extension 'ignore_ament_install'
[2.764s] Level 1:colcon.colcon_core.package_identification:_identify(urc_ws_interbotix/src/dynamixel-workbench) by extensions ['colcon_pkg']
[2.766s] Level 1:colcon.colcon_core.package_identification:_identify(urc_ws_interbotix/src/dynamixel-workbench) by extension 'colcon_pkg'
[2.769s] Level 1:colcon.colcon_core.package_identification:_identify(urc_ws_interbotix/src/dynamixel-workbench) by extensions ['colcon_meta']
[2.770s] Level 1:colcon.colcon_core.package_identification:_identify(urc_ws_interbotix/src/dynamixel-workbench) by extension 'colcon_meta'
[2.776s] Level 1:colcon.colcon_core.package_identification:_identify(urc_ws_interbotix/src/dynamixel-workbench) by extensions ['ros']
[2.778s] Level 1:colcon.colcon_core.package_identification:_identify(urc_ws_interbotix/src/dynamixel-workbench) by extension 'ros'
[2.784s] DEBUG:colcon.colcon_core.package_identification:Package 'urc_ws_interbotix/src/dynamixel-workbench' with type 'ros.ament_cmake' and name 'dynamixel_workbench_toolbox'
[2.788s] Level 1:colcon.colcon_core.package_identification:_identify(urc_ws_interbotix/src/dynamixel_sdk) by extensions ['ignore', 'ignore_ament_install']
[2.805s] Level 1:colcon.colcon_core.package_identification:_identify(urc_ws_interbotix/src/dynamixel_sdk) by extension 'ignore'
[2.809s] Level 1:colcon.colcon_core.package_identification:_identify(urc_ws_interbotix/src/dynamixel_sdk) by extension 'ignore_ament_install'
[2.812s] Level 1:colcon.colcon_core.package_identification:_identify(urc_ws_interbotix/src/dynamixel_sdk) by extensions ['colcon_pkg']
[2.812s] Level 1:colcon.colcon_core.package_identification:_identify(urc_ws_interbotix/src/dynamixel_sdk) by extension 'colcon_pkg'
[2.813s] Level 1:colcon.colcon_core.package_identification:_identify(urc_ws_interbotix/src/dynamixel_sdk) by extensions ['colcon_meta']
[2.818s] Level 1:colcon.colcon_core.package_identification:_identify(urc_ws_interbotix/src/dynamixel_sdk) by extension 'colcon_meta'
[2.819s] Level 1:colcon.colcon_core.package_identification:_identify(urc_ws_interbotix/src/dynamixel_sdk) by extensions ['ros']
[2.820s] Level 1:colcon.colcon_core.package_identification:_identify(urc_ws_interbotix/src/dynamixel_sdk) by extension 'ros'
[2.834s] DEBUG:colcon.colcon_core.package_identification:Package 'urc_ws_interbotix/src/dynamixel_sdk' with type 'ros.ament_cmake' and name 'dynamixel_sdk'
[2.836s] Level 1:colcon.colcon_core.package_identification:_identify(urc_ws_interbotix/src/dynamixel_sdk_custom_interfaces) by extensions ['ignore', 'ignore_ament_install']
[2.839s] Level 1:colcon.colcon_core.package_identification:_identify(urc_ws_interbotix/src/dynamixel_sdk_custom_interfaces) by extension 'ignore'
[2.841s] Level 1:colcon.colcon_core.package_identification:_identify(urc_ws_interbotix/src/dynamixel_sdk_custom_interfaces) by extension 'ignore_ament_install'
[2.843s] Level 1:colcon.colcon_core.package_identification:_identify(urc_ws_interbotix/src/dynamixel_sdk_custom_interfaces) by extensions ['colcon_pkg']
[2.845s] Level 1:colcon.colcon_core.package_identification:_identify(urc_ws_interbotix/src/dynamixel_sdk_custom_interfaces) by extension 'colcon_pkg'
[2.847s] Level 1:colcon.colcon_core.package_identification:_identify(urc_ws_interbotix/src/dynamixel_sdk_custom_interfaces) by extensions ['colcon_meta']
[2.848s] Level 1:colcon.colcon_core.package_identification:_identify(urc_ws_interbotix/src/dynamixel_sdk_custom_interfaces) by extension 'colcon_meta'
[2.849s] Level 1:colcon.colcon_core.package_identification:_identify(urc_ws_interbotix/src/dynamixel_sdk_custom_interfaces) by extensions ['ros']
[2.850s] Level 1:colcon.colcon_core.package_identification:_identify(urc_ws_interbotix/src/dynamixel_sdk_custom_interfaces) by extension 'ros'
[2.854s] DEBUG:colcon.colcon_core.package_identification:Package 'urc_ws_interbotix/src/dynamixel_sdk_custom_interfaces' with type 'ros.ament_cmake' and name 'dynamixel_sdk_custom_interfaces'
[2.855s] Level 1:colcon.colcon_core.package_identification:_identify(urc_ws_interbotix/src/interbotix_common_modules) by extensions ['ignore', 'ignore_ament_install']
[2.856s] Level 1:colcon.colcon_core.package_identification:_identify(urc_ws_interbotix/src/interbotix_common_modules) by extension 'ignore'
[2.856s] Level 1:colcon.colcon_core.package_identification:_identify(urc_ws_interbotix/src/interbotix_common_modules) by extension 'ignore_ament_install'
[2.857s] Level 1:colcon.colcon_core.package_identification:_identify(urc_ws_interbotix/src/interbotix_common_modules) by extensions ['colcon_pkg']
[2.858s] Level 1:colcon.colcon_core.package_identification:_identify(urc_ws_interbotix/src/interbotix_common_modules) by extension 'colcon_pkg'
[2.858s] Level 1:colcon.colcon_core.package_identification:_identify(urc_ws_interbotix/src/interbotix_common_modules) by extensions ['colcon_meta']
[2.859s] Level 1:colcon.colcon_core.package_identification:_identify(urc_ws_interbotix/src/interbotix_common_modules) by extension 'colcon_meta'
[2.860s] Level 1:colcon.colcon_core.package_identification:_identify(urc_ws_interbotix/src/interbotix_common_modules) by extensions ['ros']
[2.860s] Level 1:colcon.colcon_core.package_identification:_identify(urc_ws_interbotix/src/interbotix_common_modules) by extension 'ros'
[2.868s] DEBUG:colcon.colcon_core.package_identification:Package 'urc_ws_interbotix/src/interbotix_common_modules' with type 'ros.ament_python' and name 'interbotix_common_modules'
[2.870s] Level 1:colcon.colcon_core.package_identification:_identify(urc_ws_interbotix/src/interbotix_xs_driver) by extensions ['ignore', 'ignore_ament_install']
[2.871s] Level 1:colcon.colcon_core.package_identification:_identify(urc_ws_interbotix/src/interbotix_xs_driver) by extension 'ignore'
[2.872s] Level 1:colcon.colcon_core.package_identification:_identify(urc_ws_interbotix/src/interbotix_xs_driver) by extension 'ignore_ament_install'
[2.874s] Level 1:colcon.colcon_core.package_identification:_identify(urc_ws_interbotix/src/interbotix_xs_driver) by extensions ['colcon_pkg']
[2.874s] Level 1:colcon.colcon_core.package_identification:_identify(urc_ws_interbotix/src/interbotix_xs_driver) by extension 'colcon_pkg'
[2.875s] Level 1:colcon.colcon_core.package_identification:_identify(urc_ws_interbotix/src/interbotix_xs_driver) by extensions ['colcon_meta']
[2.875s] Level 1:colcon.colcon_core.package_identification:_identify(urc_ws_interbotix/src/interbotix_xs_driver) by extension 'colcon_meta'
[2.876s] Level 1:colcon.colcon_core.package_identification:_identify(urc_ws_interbotix/src/interbotix_xs_driver) by extensions ['ros']
[2.876s] Level 1:colcon.colcon_core.package_identification:_identify(urc_ws_interbotix/src/interbotix_xs_driver) by extension 'ros'
[2.882s] DEBUG:colcon.colcon_core.package_identification:Package 'urc_ws_interbotix/src/interbotix_xs_driver' with type 'ros.ament_cmake' and name 'interbotix_xs_driver'
[2.883s] Level 1:colcon.colcon_core.package_identification:_identify(urc_ws_interbotix/src/interbotix_xs_modules) by extensions ['ignore', 'ignore_ament_install']
[2.884s] Level 1:colcon.colcon_core.package_identification:_identify(urc_ws_interbotix/src/interbotix_xs_modules) by extension 'ignore'
[2.885s] Level 1:colcon.colcon_core.package_identification:_identify(urc_ws_interbotix/src/interbotix_xs_modules) by extension 'ignore_ament_install'
[2.886s] Level 1:colcon.colcon_core.package_identification:_identify(urc_ws_interbotix/src/interbotix_xs_modules) by extensions ['colcon_pkg']
[2.886s] Level 1:colcon.colcon_core.package_identification:_identify(urc_ws_interbotix/src/interbotix_xs_modules) by extension 'colcon_pkg'
[2.886s] Level 1:colcon.colcon_core.package_identification:_identify(urc_ws_interbotix/src/interbotix_xs_modules) by extensions ['colcon_meta']
[2.887s] Level 1:colcon.colcon_core.package_identification:_identify(urc_ws_interbotix/src/interbotix_xs_modules) by extension 'colcon_meta'
[2.887s] Level 1:colcon.colcon_core.package_identification:_identify(urc_ws_interbotix/src/interbotix_xs_modules) by extensions ['ros']
[2.887s] Level 1:colcon.colcon_core.package_identification:_identify(urc_ws_interbotix/src/interbotix_xs_modules) by extension 'ros'
[2.894s] DEBUG:colcon.colcon_core.package_identification:Package 'urc_ws_interbotix/src/interbotix_xs_modules' with type 'ros.ament_python' and name 'interbotix_xs_modules'
[2.897s] Level 1:colcon.colcon_core.package_identification:_identify(urc_ws_interbotix/src/interbotix_xs_msgs) by extensions ['ignore', 'ignore_ament_install']
[2.900s] Level 1:colcon.colcon_core.package_identification:_identify(urc_ws_interbotix/src/interbotix_xs_msgs) by extension 'ignore'
[2.902s] Level 1:colcon.colcon_core.package_identification:_identify(urc_ws_interbotix/src/interbotix_xs_msgs) by extension 'ignore_ament_install'
[2.904s] Level 1:colcon.colcon_core.package_identification:_identify(urc_ws_interbotix/src/interbotix_xs_msgs) by extensions ['colcon_pkg']
[2.904s] Level 1:colcon.colcon_core.package_identification:_identify(urc_ws_interbotix/src/interbotix_xs_msgs) by extension 'colcon_pkg'
[2.906s] Level 1:colcon.colcon_core.package_identification:_identify(urc_ws_interbotix/src/interbotix_xs_msgs) by extensions ['colcon_meta']
[2.907s] Level 1:colcon.colcon_core.package_identification:_identify(urc_ws_interbotix/src/interbotix_xs_msgs) by extension 'colcon_meta'
[2.908s] Level 1:colcon.colcon_core.package_identification:_identify(urc_ws_interbotix/src/interbotix_xs_msgs) by extensions ['ros']
[2.909s] Level 1:colcon.colcon_core.package_identification:_identify(urc_ws_interbotix/src/interbotix_xs_msgs) by extension 'ros'
[2.915s] DEBUG:colcon.colcon_core.package_identification:Package 'urc_ws_interbotix/src/interbotix_xs_msgs' with type 'ros.ament_cmake' and name 'interbotix_xs_msgs'
[2.917s] Level 1:colcon.colcon_core.package_identification:_identify(urc_ws_interbotix/src/interbotix_xs_sdk) by extensions ['ignore', 'ignore_ament_install']
[2.918s] Level 1:colcon.colcon_core.package_identification:_identify(urc_ws_interbotix/src/interbotix_xs_sdk) by extension 'ignore'
[2.919s] Level 1:colcon.colcon_core.package_identification:_identify(urc_ws_interbotix/src/interbotix_xs_sdk) by extension 'ignore_ament_install'
[2.921s] Level 1:colcon.colcon_core.package_identification:_identify(urc_ws_interbotix/src/interbotix_xs_sdk) by extensions ['colcon_pkg']
[2.922s] Level 1:colcon.colcon_core.package_identification:_identify(urc_ws_interbotix/src/interbotix_xs_sdk) by extension 'colcon_pkg'
[2.923s] Level 1:colcon.colcon_core.package_identification:_identify(urc_ws_interbotix/src/interbotix_xs_sdk) by extensions ['colcon_meta']
[2.923s] Level 1:colcon.colcon_core.package_identification:_identify(urc_ws_interbotix/src/interbotix_xs_sdk) by extension 'colcon_meta'
[2.924s] Level 1:colcon.colcon_core.package_identification:_identify(urc_ws_interbotix/src/interbotix_xs_sdk) by extensions ['ros']
[2.925s] Level 1:colcon.colcon_core.package_identification:_identify(urc_ws_interbotix/src/interbotix_xs_sdk) by extension 'ros'
[2.932s] DEBUG:colcon.colcon_core.package_identification:Package 'urc_ws_interbotix/src/interbotix_xs_sdk' with type 'ros.ament_cmake' and name 'interbotix_xs_sdk'
[2.933s] Level 1:colcon.colcon_core.package_identification:_identify(urc_ws_interbotix/src/interbotix_xsarm_control) by extensions ['ignore', 'ignore_ament_install']
[2.935s] Level 1:colcon.colcon_core.package_identification:_identify(urc_ws_interbotix/src/interbotix_xsarm_control) by extension 'ignore'
[2.936s] Level 1:colcon.colcon_core.package_identification:_identify(urc_ws_interbotix/src/interbotix_xsarm_control) by extension 'ignore_ament_install'
[2.940s] Level 1:colcon.colcon_core.package_identification:_identify(urc_ws_interbotix/src/interbotix_xsarm_control) by extensions ['colcon_pkg']
[2.941s] Level 1:colcon.colcon_core.package_identification:_identify(urc_ws_interbotix/src/interbotix_xsarm_control) by extension 'colcon_pkg'
[2.942s] Level 1:colcon.colcon_core.package_identification:_identify(urc_ws_interbotix/src/interbotix_xsarm_control) by extensions ['colcon_meta']
[2.943s] Level 1:colcon.colcon_core.package_identification:_identify(urc_ws_interbotix/src/interbotix_xsarm_control) by extension 'colcon_meta'
[2.943s] Level 1:colcon.colcon_core.package_identification:_identify(urc_ws_interbotix/src/interbotix_xsarm_control) by extensions ['ros']
[2.944s] Level 1:colcon.colcon_core.package_identification:_identify(urc_ws_interbotix/src/interbotix_xsarm_control) by extension 'ros'
[2.949s] DEBUG:colcon.colcon_core.package_identification:Package 'urc_ws_interbotix/src/interbotix_xsarm_control' with type 'ros.ament_cmake' and name 'interbotix_xsarm_control'
[2.950s] Level 1:colcon.colcon_core.package_identification:_identify(urc_ws_interbotix/src/interbotix_xsarm_descriptions) by extensions ['ignore', 'ignore_ament_install']
[2.951s] Level 1:colcon.colcon_core.package_identification:_identify(urc_ws_interbotix/src/interbotix_xsarm_descriptions) by extension 'ignore'
[2.952s] Level 1:colcon.colcon_core.package_identification:_identify(urc_ws_interbotix/src/interbotix_xsarm_descriptions) by extension 'ignore_ament_install'
[2.953s] Level 1:colcon.colcon_core.package_identification:_identify(urc_ws_interbotix/src/interbotix_xsarm_descriptions) by extensions ['colcon_pkg']
[2.955s] Level 1:colcon.colcon_core.package_identification:_identify(urc_ws_interbotix/src/interbotix_xsarm_descriptions) by extension 'colcon_pkg'
[2.956s] Level 1:colcon.colcon_core.package_identification:_identify(urc_ws_interbotix/src/interbotix_xsarm_descriptions) by extensions ['colcon_meta']
[2.957s] Level 1:colcon.colcon_core.package_identification:_identify(urc_ws_interbotix/src/interbotix_xsarm_descriptions) by extension 'colcon_meta'
[2.958s] Level 1:colcon.colcon_core.package_identification:_identify(urc_ws_interbotix/src/interbotix_xsarm_descriptions) by extensions ['ros']
[2.960s] Level 1:colcon.colcon_core.package_identification:_identify(urc_ws_interbotix/src/interbotix_xsarm_descriptions) by extension 'ros'
[2.996s] DEBUG:colcon.colcon_core.package_identification:Package 'urc_ws_interbotix/src/interbotix_xsarm_descriptions' with type 'ros.ament_cmake' and name 'interbotix_xsarm_descriptions'
[2.998s] Level 1:colcon.colcon_core.package_identification:_identify(urc_ws_interbotix/src/modern_robotics) by extensions ['ignore', 'ignore_ament_install']
[3.005s] Level 1:colcon.colcon_core.package_identification:_identify(urc_ws_interbotix/src/modern_robotics) by extension 'ignore'
[3.014s] Level 1:colcon.colcon_core.package_identification:_identify(urc_ws_interbotix/src/modern_robotics) by extension 'ignore_ament_install'
[3.017s] Level 1:colcon.colcon_core.package_identification:_identify(urc_ws_interbotix/src/modern_robotics) by extensions ['colcon_pkg']
[3.018s] Level 1:colcon.colcon_core.package_identification:_identify(urc_ws_interbotix/src/modern_robotics) by extension 'colcon_pkg'
[3.018s] Level 1:colcon.colcon_core.package_identification:_identify(urc_ws_interbotix/src/modern_robotics) by extensions ['colcon_meta']
[3.023s] Level 1:colcon.colcon_core.package_identification:_identify(urc_ws_interbotix/src/modern_robotics) by extension 'colcon_meta'
[3.025s] Level 1:colcon.colcon_core.package_identification:_identify(urc_ws_interbotix/src/modern_robotics) by extensions ['ros']
[3.030s] Level 1:colcon.colcon_core.package_identification:_identify(urc_ws_interbotix/src/modern_robotics) by extension 'ros'
[3.040s] DEBUG:colcon.colcon_core.package_identification:Package 'urc_ws_interbotix/src/modern_robotics' with type 'ros.ament_python' and name 'modern_robotics'
[3.043s] Level 1:colcon.colcon_core.package_identification:_identify(urc_ws_interbotix/src/piReceiver) by extensions ['ignore', 'ignore_ament_install']
[3.044s] Level 1:colcon.colcon_core.package_identification:_identify(urc_ws_interbotix/src/piReceiver) by extension 'ignore'
[3.048s] Level 1:colcon.colcon_core.package_identification:_identify(urc_ws_interbotix/src/piReceiver) by extension 'ignore_ament_install'
[3.055s] Level 1:colcon.colcon_core.package_identification:_identify(urc_ws_interbotix/src/piReceiver) by extensions ['colcon_pkg']
[3.055s] Level 1:colcon.colcon_core.package_identification:_identify(urc_ws_interbotix/src/piReceiver) by extension 'colcon_pkg'
[3.056s] Level 1:colcon.colcon_core.package_identification:_identify(urc_ws_interbotix/src/piReceiver) by extensions ['colcon_meta']
[3.061s] Level 1:colcon.colcon_core.package_identification:_identify(urc_ws_interbotix/src/piReceiver) by extension 'colcon_meta'
[3.062s] Level 1:colcon.colcon_core.package_identification:_identify(urc_ws_interbotix/src/piReceiver) by extensions ['ros']
[3.063s] Level 1:colcon.colcon_core.package_identification:_identify(urc_ws_interbotix/src/piReceiver) by extension 'ros'
[3.074s] DEBUG:colcon.colcon_core.package_identification:Package 'urc_ws_interbotix/src/piReceiver' with type 'ros.ament_cmake' and name 'piReceiver'
[3.076s] Level 1:colcon.colcon_core.package_identification:_identify(urc_ws_interbotix/src/receiver) by extensions ['ignore', 'ignore_ament_install']
[3.090s] Level 1:colcon.colcon_core.package_identification:_identify(urc_ws_interbotix/src/receiver) by extension 'ignore'
[3.092s] Level 1:colcon.colcon_core.package_identification:_identify(urc_ws_interbotix/src/receiver) by extension 'ignore_ament_install'
[3.099s] Level 1:colcon.colcon_core.package_identification:_identify(urc_ws_interbotix/src/receiver) by extensions ['colcon_pkg']
[3.100s] Level 1:colcon.colcon_core.package_identification:_identify(urc_ws_interbotix/src/receiver) by extension 'colcon_pkg'
[3.102s] Level 1:colcon.colcon_core.package_identification:_identify(urc_ws_interbotix/src/receiver) by extensions ['colcon_meta']
[3.103s] Level 1:colcon.colcon_core.package_identification:_identify(urc_ws_interbotix/src/receiver) by extension 'colcon_meta'
[3.103s] Level 1:colcon.colcon_core.package_identification:_identify(urc_ws_interbotix/src/receiver) by extensions ['ros']
[3.104s] Level 1:colcon.colcon_core.package_identification:_identify(urc_ws_interbotix/src/receiver) by extension 'ros'
[3.108s] DEBUG:colcon.colcon_core.package_identification:Package 'urc_ws_interbotix/src/receiver' with type 'ros.ament_cmake' and name 'receiver'
[3.110s] Level 1:colcon.colcon_core.package_discovery:discover_packages(recursive) using defaults
[3.110s] Level 1:colcon.colcon_core.package_discovery:discover_packages(ignore) discover
[3.111s] Level 1:colcon.colcon_core.package_discovery:discover_packages(ignore) using defaults
[3.112s] Level 1:colcon.colcon_core.package_discovery:discover_packages(path) discover
[3.113s] Level 1:colcon.colcon_core.package_discovery:discover_packages(path) using defaults
[3.308s] INFO:colcon.colcon_core.package_selection:Skipping not selected package 'IMU_control' in 'urc_ws_interbotix/src/IMU_control'
[3.308s] INFO:colcon.colcon_core.package_selection:Skipping not selected package 'dynamixel_sdk' in 'urc_ws_interbotix/src/dynamixel_sdk'
[3.309s] INFO:colcon.colcon_core.package_selection:Skipping not selected package 'dynamixel_sdk_custom_interfaces' in 'urc_ws_interbotix/src/dynamixel_sdk_custom_interfaces'
[3.310s] INFO:colcon.colcon_core.package_selection:Skipping not selected package 'interbotix_common_modules' in 'urc_ws_interbotix/src/interbotix_common_modules'
[3.311s] INFO:colcon.colcon_core.package_selection:Skipping not selected package 'interbotix_xs_msgs' in 'urc_ws_interbotix/src/interbotix_xs_msgs'
[3.313s] INFO:colcon.colcon_core.package_selection:Skipping not selected package 'modern_robotics' in 'urc_ws_interbotix/src/modern_robotics'
[3.313s] INFO:colcon.colcon_core.package_selection:Skipping not selected package 'piReceiver' in 'urc_ws_interbotix/src/piReceiver'
[3.314s] INFO:colcon.colcon_core.package_selection:Skipping not selected package 'receiver' in 'urc_ws_interbotix/src/receiver'
[3.315s] INFO:colcon.colcon_core.package_selection:Skipping not selected package 'dynamixel_workbench_toolbox' in 'urc_ws_interbotix/src/dynamixel-workbench'
[3.315s] INFO:colcon.colcon_core.package_selection:Skipping not selected package 'interbotix_xs_driver' in 'urc_ws_interbotix/src/interbotix_xs_driver'
[3.316s] INFO:colcon.colcon_core.package_selection:Skipping not selected package 'interbotix_xs_sdk' in 'urc_ws_interbotix/src/interbotix_xs_sdk'
[3.317s] INFO:colcon.colcon_core.package_selection:Skipping not selected package 'interbotix_xs_modules' in 'urc_ws_interbotix/src/interbotix_xs_modules'
[3.317s] INFO:colcon.colcon_core.package_selection:Skipping not selected package 'interbotix_xsarm_descriptions' in 'urc_ws_interbotix/src/interbotix_xsarm_descriptions'
[3.323s] Level 1:colcon.colcon_core.package_discovery:discover_packages(prefix_path) check parameters
[3.325s] Level 1:colcon.colcon_core.package_discovery:discover_packages(prefix_path) discover
[3.358s] DEBUG:colcon.colcon_installed_package_information.package_discovery:Found 14 installed packages in /home/admin1/URC/install
[3.372s] DEBUG:colcon.colcon_installed_package_information.package_discovery:Found 288 installed packages in /opt/ros/jazzy
[3.380s] Level 1:colcon.colcon_core.package_discovery:discover_packages(prefix_path) using defaults
[3.897s] Level 5:colcon.colcon_core.verb:set package 'interbotix_xsarm_control' build argument 'cmake_args' from command line to 'None'
[3.897s] Level 5:colcon.colcon_core.verb:set package 'interbotix_xsarm_control' build argument 'cmake_target' from command line to 'None'
[3.898s] Level 5:colcon.colcon_core.verb:set package 'interbotix_xsarm_control' build argument 'cmake_target_skip_unavailable' from command line to 'False'
[3.898s] Level 5:colcon.colcon_core.verb:set package 'interbotix_xsarm_control' build argument 'cmake_clean_cache' from command line to 'False'
[3.898s] Level 5:colcon.colcon_core.verb:set package 'interbotix_xsarm_control' build argument 'cmake_clean_first' from command line to 'False'
[3.898s] Level 5:colcon.colcon_core.verb:set package 'interbotix_xsarm_control' build argument 'cmake_force_configure' from command line to 'False'
[3.899s] Level 5:colcon.colcon_core.verb:set package 'interbotix_xsarm_control' build argument 'ament_cmake_args' from command line to 'None'
[3.899s] Level 5:colcon.colcon_core.verb:set package 'interbotix_xsarm_control' build argument 'catkin_cmake_args' from command line to 'None'
[3.899s] Level 5:colcon.colcon_core.verb:set package 'interbotix_xsarm_control' build argument 'catkin_skip_building_tests' from command line to 'False'
[3.899s] DEBUG:colcon.colcon_core.verb:Building package 'interbotix_xsarm_control' with the following arguments: {'ament_cmake_args': None, 'build_base': '/home/admin1/URC/build/interbotix_xsarm_control', 'catkin_cmake_args': None, 'catkin_skip_building_tests': False, 'cmake_args': None, 'cmake_clean_cache': False, 'cmake_clean_first': False, 'cmake_force_configure': False, 'cmake_target': None, 'cmake_target_skip_unavailable': False, 'install_base': '/home/admin1/URC/install/interbotix_xsarm_control', 'merge_install': False, 'path': '/home/admin1/URC/urc_ws_interbotix/src/interbotix_xsarm_control', 'symlink_install': False, 'test_result_base': None}
[3.901s] INFO:colcon.colcon_core.executor:Executing jobs using 'parallel' executor
[3.910s] DEBUG:colcon.colcon_parallel_executor.executor.parallel:run_until_complete
[3.915s] INFO:colcon.colcon_ros.task.ament_cmake.build:Building ROS package in '/home/admin1/URC/urc_ws_interbotix/src/interbotix_xsarm_control' with build type 'ament_cmake'
[3.919s] INFO:colcon.colcon_cmake.task.cmake.build:Building CMake package in '/home/admin1/URC/urc_ws_interbotix/src/interbotix_xsarm_control'
[3.961s] INFO:colcon.colcon_core.plugin_system:Skipping extension 'colcon_core.shell.bat': Not used on non-Windows systems
[3.968s] INFO:colcon.colcon_core.shell:Skip shell extension 'powershell' for command environment: Not usable outside of PowerShell
[3.969s] DEBUG:colcon.colcon_core.shell:Skip shell extension 'dsv' for command environment
[4.356s] DEBUG:colcon.colcon_core.event_handler.log_command:Invoking command in '/home/admin1/URC/build/interbotix_xsarm_control': AMENT_PREFIX_PATH=/home/admin1/URC/install/interbotix_xs_modules:/home/admin1/URC/install/interbotix_common_modules:/home/admin1/URC/install/receiver:/home/admin1/URC/install/piReceiver:/home/admin1/URC/install/modern_robotics:/home/admin1/URC/install/interbotix_xsarm_control:/home/admin1/URC/install/interbotix_xsarm_descriptions:/home/admin1/URC/install/interbotix_xs_sdk:/home/admin1/URC/install/interbotix_xs_msgs:/home/admin1/URC/install/interbotix_xs_driver:/home/admin1/URC/install/dynamixel_workbench_toolbox:/home/admin1/URC/install/dynamixel_sdk_custom_interfaces:/home/admin1/URC/install/dynamixel_sdk:/home/admin1/URC/install/IMU_control:/opt/ros/jazzy CMAKE_PREFIX_PATH=/home/admin1/URC/install/interbotix_xsarm_descriptions:/home/admin1/URC/install/interbotix_xs_sdk:/home/admin1/URC/install/interbotix_xs_driver:/home/admin1/URC/install/dynamixel_workbench_toolbox:/home/admin1/URC/install/interbotix_xs_msgs:/home/admin1/URC/install/dynamixel_sdk:/home/admin1/URC/install/receiver:/home/admin1/URC/install/piReceiver:/home/admin1/URC/install/interbotix_xsarm_control:/home/admin1/URC/install/dynamixel_sdk_custom_interfaces:/opt/ros/jazzy/opt/gz_math_vendor:/opt/ros/jazzy/opt/gz_utils_vendor:/opt/ros/jazzy/opt/gz_cmake_vendor:/home/admin1/URC/install/modern_robotics:/home/admin1/URC/install/interbotix_xs_modules:/home/admin1/URC/install/interbotix_common_modules:/home/admin1/URC/install/IMU_control:/opt/ros/jazzy DEBUGINFOD_URLS=https://debuginfod.ubuntu.com LD_LIBRARY_PATH=/home/admin1/URC/install/interbotix_xs_driver/lib:/home/admin1/URC/install/dynamixel_workbench_toolbox/lib:/home/admin1/URC/install/interbotix_xs_msgs/lib:/home/admin1/URC/install/dynamixel_sdk/lib:/home/admin1/URC/install/dynamixel_sdk_custom_interfaces/lib:/opt/ros/jazzy/opt/rviz_ogre_vendor/lib:/opt/ros/jazzy/lib/aarch64-linux-gnu:/opt/ros/jazzy/opt/gz_math_vendor/lib:/opt/ros/jazzy/opt/gz_utils_vendor/lib:/opt/ros/jazzy/opt/gz_cmake_vendor/lib:/opt/ros/jazzy/lib PYTHONPATH=/home/admin1/URC/install/interbotix_xs_modules/lib/python3.12/site-packages:/home/admin1/URC/install/interbotix_xs_msgs/lib/python3.12/site-packages:/home/admin1/URC/install/interbotix_common_modules/lib/python3.12/site-packages:/home/admin1/URC/install/dynamixel_sdk/lib/python3.12/site-packages:/home/admin1/URC/install/modern_robotics/lib/python3.12/site-packages:/home/admin1/URC/install/dynamixel_sdk_custom_interfaces/lib/python3.12/site-packages:/home/admin1/URC/install/IMU_control/lib/python3.12/site-packages:/opt/ros/jazzy/lib/python3.12/site-packages /usr/bin/cmake --build /home/admin1/URC/build/interbotix_xsarm_control -- -j4 -l4
[4.947s] DEBUG:colcon.colcon_core.event_handler.log_command:Invoked command in '/home/admin1/URC/build/interbotix_xsarm_control' returned '0': AMENT_PREFIX_PATH=/home/admin1/URC/install/interbotix_xs_modules:/home/admin1/URC/install/interbotix_common_modules:/home/admin1/URC/install/receiver:/home/admin1/URC/install/piReceiver:/home/admin1/URC/install/modern_robotics:/home/admin1/URC/install/interbotix_xsarm_control:/home/admin1/URC/install/interbotix_xsarm_descriptions:/home/admin1/URC/install/interbotix_xs_sdk:/home/admin1/URC/install/interbotix_xs_msgs:/home/admin1/URC/install/interbotix_xs_driver:/home/admin1/URC/install/dynamixel_workbench_toolbox:/home/admin1/URC/install/dynamixel_sdk_custom_interfaces:/home/admin1/URC/install/dynamixel_sdk:/home/admin1/URC/install/IMU_control:/opt/ros/jazzy CMAKE_PREFIX_PATH=/home/admin1/URC/install/interbotix_xsarm_descriptions:/home/admin1/URC/install/interbotix_xs_sdk:/home/admin1/URC/install/interbotix_xs_driver:/home/admin1/URC/install/dynamixel_workbench_toolbox:/home/admin1/URC/install/interbotix_xs_msgs:/home/admin1/URC/install/dynamixel_sdk:/home/admin1/URC/install/receiver:/home/admin1/URC/install/piReceiver:/home/admin1/URC/install/interbotix_xsarm_control:/home/admin1/URC/install/dynamixel_sdk_custom_interfaces:/opt/ros/jazzy/opt/gz_math_vendor:/opt/ros/jazzy/opt/gz_utils_vendor:/opt/ros/jazzy/opt/gz_cmake_vendor:/home/admin1/URC/install/modern_robotics:/home/admin1/URC/install/interbotix_xs_modules:/home/admin1/URC/install/interbotix_common_modules:/home/admin1/URC/install/IMU_control:/opt/ros/jazzy DEBUGINFOD_URLS=https://debuginfod.ubuntu.com LD_LIBRARY_PATH=/home/admin1/URC/install/interbotix_xs_driver/lib:/home/admin1/URC/install/dynamixel_workbench_toolbox/lib:/home/admin1/URC/install/interbotix_xs_msgs/lib:/home/admin1/URC/install/dynamixel_sdk/lib:/home/admin1/URC/install/dynamixel_sdk_custom_interfaces/lib:/opt/ros/jazzy/opt/rviz_ogre_vendor/lib:/opt/ros/jazzy/lib/aarch64-linux-gnu:/opt/ros/jazzy/opt/gz_math_vendor/lib:/opt/ros/jazzy/opt/gz_utils_vendor/lib:/opt/ros/jazzy/opt/gz_cmake_vendor/lib:/opt/ros/jazzy/lib PYTHONPATH=/home/admin1/URC/install/interbotix_xs_modules/lib/python3.12/site-packages:/home/admin1/URC/install/interbotix_xs_msgs/lib/python3.12/site-packages:/home/admin1/URC/install/interbotix_common_modules/lib/python3.12/site-packages:/home/admin1/URC/install/dynamixel_sdk/lib/python3.12/site-packages:/home/admin1/URC/install/modern_robotics/lib/python3.12/site-packages:/home/admin1/URC/install/dynamixel_sdk_custom_interfaces/lib/python3.12/site-packages:/home/admin1/URC/install/IMU_control/lib/python3.12/site-packages:/opt/ros/jazzy/lib/python3.12/site-packages /usr/bin/cmake --build /home/admin1/URC/build/interbotix_xsarm_control -- -j4 -l4
[5.079s] DEBUG:colcon.colcon_core.event_handler.log_command:Invoking command in '/home/admin1/URC/build/interbotix_xsarm_control': AMENT_PREFIX_PATH=/home/admin1/URC/install/interbotix_xs_modules:/home/admin1/URC/install/interbotix_common_modules:/home/admin1/URC/install/receiver:/home/admin1/URC/install/piReceiver:/home/admin1/URC/install/modern_robotics:/home/admin1/URC/install/interbotix_xsarm_control:/home/admin1/URC/install/interbotix_xsarm_descriptions:/home/admin1/URC/install/interbotix_xs_sdk:/home/admin1/URC/install/interbotix_xs_msgs:/home/admin1/URC/install/interbotix_xs_driver:/home/admin1/URC/install/dynamixel_workbench_toolbox:/home/admin1/URC/install/dynamixel_sdk_custom_interfaces:/home/admin1/URC/install/dynamixel_sdk:/home/admin1/URC/install/IMU_control:/opt/ros/jazzy CMAKE_PREFIX_PATH=/home/admin1/URC/install/interbotix_xsarm_descriptions:/home/admin1/URC/install/interbotix_xs_sdk:/home/admin1/URC/install/interbotix_xs_driver:/home/admin1/URC/install/dynamixel_workbench_toolbox:/home/admin1/URC/install/interbotix_xs_msgs:/home/admin1/URC/install/dynamixel_sdk:/home/admin1/URC/install/receiver:/home/admin1/URC/install/piReceiver:/home/admin1/URC/install/interbotix_xsarm_control:/home/admin1/URC/install/dynamixel_sdk_custom_interfaces:/opt/ros/jazzy/opt/gz_math_vendor:/opt/ros/jazzy/opt/gz_utils_vendor:/opt/ros/jazzy/opt/gz_cmake_vendor:/home/admin1/URC/install/modern_robotics:/home/admin1/URC/install/interbotix_xs_modules:/home/admin1/URC/install/interbotix_common_modules:/home/admin1/URC/install/IMU_control:/opt/ros/jazzy DEBUGINFOD_URLS=https://debuginfod.ubuntu.com LD_LIBRARY_PATH=/home/admin1/URC/install/interbotix_xs_driver/lib:/home/admin1/URC/install/dynamixel_workbench_toolbox/lib:/home/admin1/URC/install/interbotix_xs_msgs/lib:/home/admin1/URC/install/dynamixel_sdk/lib:/home/admin1/URC/install/dynamixel_sdk_custom_interfaces/lib:/opt/ros/jazzy/opt/rviz_ogre_vendor/lib:/opt/ros/jazzy/lib/aarch64-linux-gnu:/opt/ros/jazzy/opt/gz_math_vendor/lib:/opt/ros/jazzy/opt/gz_utils_vendor/lib:/opt/ros/jazzy/opt/gz_cmake_vendor/lib:/opt/ros/jazzy/lib PYTHONPATH=/home/admin1/URC/install/interbotix_xs_modules/lib/python3.12/site-packages:/home/admin1/URC/install/interbotix_xs_msgs/lib/python3.12/site-packages:/home/admin1/URC/install/interbotix_common_modules/lib/python3.12/site-packages:/home/admin1/URC/install/dynamixel_sdk/lib/python3.12/site-packages:/home/admin1/URC/install/modern_robotics/lib/python3.12/site-packages:/home/admin1/URC/install/dynamixel_sdk_custom_interfaces/lib/python3.12/site-packages:/home/admin1/URC/install/IMU_control/lib/python3.12/site-packages:/opt/ros/jazzy/lib/python3.12/site-packages /usr/bin/cmake --install /home/admin1/URC/build/interbotix_xsarm_control
[5.348s] Level 1:colcon.colcon_core.environment:create_environment_scripts_only(interbotix_xsarm_control)
[5.445s] Level 1:colcon.colcon_core.environment:checking '/home/admin1/URC/install/interbotix_xsarm_control' for CMake module files
[5.482s] Level 1:colcon.colcon_core.environment:checking '/home/admin1/URC/install/interbotix_xsarm_control' for CMake config files
[5.495s] Level 1:colcon.colcon_core.shell:create_environment_hook('interbotix_xsarm_control', 'cmake_prefix_path')
[5.504s] INFO:colcon.colcon_core.shell:Creating environment hook '/home/admin1/URC/install/interbotix_xsarm_control/share/interbotix_xsarm_control/hook/cmake_prefix_path.ps1'
[5.529s] INFO:colcon.colcon_core.shell:Creating environment descriptor '/home/admin1/URC/install/interbotix_xsarm_control/share/interbotix_xsarm_control/hook/cmake_prefix_path.dsv'
[5.546s] INFO:colcon.colcon_core.shell:Creating environment hook '/home/admin1/URC/install/interbotix_xsarm_control/share/interbotix_xsarm_control/hook/cmake_prefix_path.sh'
[5.571s] Level 1:colcon.colcon_core.environment:checking '/home/admin1/URC/install/interbotix_xsarm_control/lib'
[5.580s] Level 1:colcon.colcon_core.environment:checking '/home/admin1/URC/install/interbotix_xsarm_control/bin'
[5.586s] Level 1:colcon.colcon_core.environment:checking '/home/admin1/URC/install/interbotix_xsarm_control/lib/pkgconfig/interbotix_xsarm_control.pc'
[5.590s] Level 1:colcon.colcon_core.environment:checking '/home/admin1/URC/install/interbotix_xsarm_control/lib/python3.12/site-packages'
[5.600s] Level 1:colcon.colcon_core.environment:checking '/home/admin1/URC/install/interbotix_xsarm_control/bin'
[5.603s] INFO:colcon.colcon_core.shell:Creating package script '/home/admin1/URC/install/interbotix_xsarm_control/share/interbotix_xsarm_control/package.ps1'
[5.604s] DEBUG:colcon.colcon_core.event_handler.log_command:Invoked command in '/home/admin1/URC/build/interbotix_xsarm_control' returned '0': AMENT_PREFIX_PATH=/home/admin1/URC/install/interbotix_xs_modules:/home/admin1/URC/install/interbotix_common_modules:/home/admin1/URC/install/receiver:/home/admin1/URC/install/piReceiver:/home/admin1/URC/install/modern_robotics:/home/admin1/URC/install/interbotix_xsarm_control:/home/admin1/URC/install/interbotix_xsarm_descriptions:/home/admin1/URC/install/interbotix_xs_sdk:/home/admin1/URC/install/interbotix_xs_msgs:/home/admin1/URC/install/interbotix_xs_driver:/home/admin1/URC/install/dynamixel_workbench_toolbox:/home/admin1/URC/install/dynamixel_sdk_custom_interfaces:/home/admin1/URC/install/dynamixel_sdk:/home/admin1/URC/install/IMU_control:/opt/ros/jazzy CMAKE_PREFIX_PATH=/home/admin1/URC/install/interbotix_xsarm_descriptions:/home/admin1/URC/install/interbotix_xs_sdk:/home/admin1/URC/install/interbotix_xs_driver:/home/admin1/URC/install/dynamixel_workbench_toolbox:/home/admin1/URC/install/interbotix_xs_msgs:/home/admin1/URC/install/dynamixel_sdk:/home/admin1/URC/install/receiver:/home/admin1/URC/install/piReceiver:/home/admin1/URC/install/interbotix_xsarm_control:/home/admin1/URC/install/dynamixel_sdk_custom_interfaces:/opt/ros/jazzy/opt/gz_math_vendor:/opt/ros/jazzy/opt/gz_utils_vendor:/opt/ros/jazzy/opt/gz_cmake_vendor:/home/admin1/URC/install/modern_robotics:/home/admin1/URC/install/interbotix_xs_modules:/home/admin1/URC/install/interbotix_common_modules:/home/admin1/URC/install/IMU_control:/opt/ros/jazzy DEBUGINFOD_URLS=https://debuginfod.ubuntu.com LD_LIBRARY_PATH=/home/admin1/URC/install/interbotix_xs_driver/lib:/home/admin1/URC/install/dynamixel_workbench_toolbox/lib:/home/admin1/URC/install/interbotix_xs_msgs/lib:/home/admin1/URC/install/dynamixel_sdk/lib:/home/admin1/URC/install/dynamixel_sdk_custom_interfaces/lib:/opt/ros/jazzy/opt/rviz_ogre_vendor/lib:/opt/ros/jazzy/lib/aarch64-linux-gnu:/opt/ros/jazzy/opt/gz_math_vendor/lib:/opt/ros/jazzy/opt/gz_utils_vendor/lib:/opt/ros/jazzy/opt/gz_cmake_vendor/lib:/opt/ros/jazzy/lib PYTHONPATH=/home/admin1/URC/install/interbotix_xs_modules/lib/python3.12/site-packages:/home/admin1/URC/install/interbotix_xs_msgs/lib/python3.12/site-packages:/home/admin1/URC/install/interbotix_common_modules/lib/python3.12/site-packages:/home/admin1/URC/install/dynamixel_sdk/lib/python3.12/site-packages:/home/admin1/URC/install/modern_robotics/lib/python3.12/site-packages:/home/admin1/URC/install/dynamixel_sdk_custom_interfaces/lib/python3.12/site-packages:/home/admin1/URC/install/IMU_control/lib/python3.12/site-packages:/opt/ros/jazzy/lib/python3.12/site-packages /usr/bin/cmake --install /home/admin1/URC/build/interbotix_xsarm_control
[5.617s] INFO:colcon.colcon_core.shell:Creating package descriptor '/home/admin1/URC/install/interbotix_xsarm_control/share/interbotix_xsarm_control/package.dsv'
[5.633s] INFO:colcon.colcon_core.shell:Creating package script '/home/admin1/URC/install/interbotix_xsarm_control/share/interbotix_xsarm_control/package.sh'
[5.645s] INFO:colcon.colcon_core.shell:Creating package script '/home/admin1/URC/install/interbotix_xsarm_control/share/interbotix_xsarm_control/package.bash'
[5.662s] INFO:colcon.colcon_core.shell:Creating package script '/home/admin1/URC/install/interbotix_xsarm_control/share/interbotix_xsarm_control/package.zsh'
[5.671s] Level 1:colcon.colcon_core.environment:create_file_with_runtime_dependencies(/home/admin1/URC/install/interbotix_xsarm_control/share/colcon-core/packages/interbotix_xsarm_control)
[5.683s] Level 1:colcon.colcon_core.environment:create_environment_scripts_only(interbotix_xsarm_control)
[5.686s] Level 1:colcon.colcon_core.environment:checking '/home/admin1/URC/install/interbotix_xsarm_control' for CMake module files
[5.703s] Level 1:colcon.colcon_core.environment:checking '/home/admin1/URC/install/interbotix_xsarm_control' for CMake config files
[5.712s] Level 1:colcon.colcon_core.shell:create_environment_hook('interbotix_xsarm_control', 'cmake_prefix_path')
[5.715s] INFO:colcon.colcon_core.shell:Creating environment hook '/home/admin1/URC/install/interbotix_xsarm_control/share/interbotix_xsarm_control/hook/cmake_prefix_path.ps1'
[5.728s] INFO:colcon.colcon_core.shell:Creating environment descriptor '/home/admin1/URC/install/interbotix_xsarm_control/share/interbotix_xsarm_control/hook/cmake_prefix_path.dsv'
[5.738s] INFO:colcon.colcon_core.shell:Creating environment hook '/home/admin1/URC/install/interbotix_xsarm_control/share/interbotix_xsarm_control/hook/cmake_prefix_path.sh'
[5.747s] Level 1:colcon.colcon_core.environment:checking '/home/admin1/URC/install/interbotix_xsarm_control/lib'
[5.748s] Level 1:colcon.colcon_core.environment:checking '/home/admin1/URC/install/interbotix_xsarm_control/bin'
[5.753s] Level 1:colcon.colcon_core.environment:checking '/home/admin1/URC/install/interbotix_xsarm_control/lib/pkgconfig/interbotix_xsarm_control.pc'
[5.759s] Level 1:colcon.colcon_core.environment:checking '/home/admin1/URC/install/interbotix_xsarm_control/lib/python3.12/site-packages'
[5.765s] Level 1:colcon.colcon_core.environment:checking '/home/admin1/URC/install/interbotix_xsarm_control/bin'
[5.776s] INFO:colcon.colcon_core.shell:Creating package script '/home/admin1/URC/install/interbotix_xsarm_control/share/interbotix_xsarm_control/package.ps1'
[5.794s] INFO:colcon.colcon_core.shell:Creating package descriptor '/home/admin1/URC/install/interbotix_xsarm_control/share/interbotix_xsarm_control/package.dsv'
[5.816s] INFO:colcon.colcon_core.shell:Creating package script '/home/admin1/URC/install/interbotix_xsarm_control/share/interbotix_xsarm_control/package.sh'
[5.840s] INFO:colcon.colcon_core.shell:Creating package script '/home/admin1/URC/install/interbotix_xsarm_control/share/interbotix_xsarm_control/package.bash'
[5.854s] INFO:colcon.colcon_core.shell:Creating package script '/home/admin1/URC/install/interbotix_xsarm_control/share/interbotix_xsarm_control/package.zsh'
[5.865s] Level 1:colcon.colcon_core.environment:create_file_with_runtime_dependencies(/home/admin1/URC/install/interbotix_xsarm_control/share/colcon-core/packages/interbotix_xsarm_control)
[5.869s] DEBUG:colcon.colcon_parallel_executor.executor.parallel:closing loop
[5.869s] DEBUG:colcon.colcon_parallel_executor.executor.parallel:loop closed
[5.871s] DEBUG:colcon.colcon_parallel_executor.executor.parallel:run_until_complete finished with '0'
[5.874s] DEBUG:colcon.colcon_core.event_reactor:joining thread
[5.980s] INFO:colcon.colcon_core.plugin_system:Skipping extension 'colcon_notification.desktop_notification.terminal_notifier': Not used on non-Darwin systems
[5.980s] INFO:colcon.colcon_core.plugin_system:Skipping extension 'colcon_notification.desktop_notification.win32': Not used on non-Windows systems
[5.982s] INFO:colcon.colcon_notification.desktop_notification:Sending desktop notification using 'notify2'
[6.187s] DEBUG:colcon.colcon_core.event_reactor:joined thread
[6.189s] INFO:colcon.colcon_core.shell:Creating prefix script '/home/admin1/URC/install/local_setup.ps1'
[6.198s] INFO:colcon.colcon_core.shell:Creating prefix util module '/home/admin1/URC/install/_local_setup_util_ps1.py'
[6.219s] INFO:colcon.colcon_core.shell:Creating prefix chain script '/home/admin1/URC/install/setup.ps1'
[6.247s] INFO:colcon.colcon_core.shell:Creating prefix script '/home/admin1/URC/install/local_setup.sh'
[6.254s] INFO:colcon.colcon_core.shell:Creating prefix util module '/home/admin1/URC/install/_local_setup_util_sh.py'
[6.262s] INFO:colcon.colcon_core.shell:Creating prefix chain script '/home/admin1/URC/install/setup.sh'
[6.285s] INFO:colcon.colcon_core.shell:Creating prefix script '/home/admin1/URC/install/local_setup.bash'
[6.290s] INFO:colcon.colcon_core.shell:Creating prefix chain script '/home/admin1/URC/install/setup.bash'
[6.316s] INFO:colcon.colcon_core.shell:Creating prefix script '/home/admin1/URC/install/local_setup.zsh'
[6.322s] INFO:colcon.colcon_core.shell:Creating prefix chain script '/home/admin1/URC/install/setup.zsh'
