running egg_info
creating ../../../build/IMU_control/IMU_control.egg-info
writing ../../../build/IMU_control/IMU_control.egg-info/PKG-INFO
writing dependency_links to ../../../build/IMU_control/IMU_control.egg-info/dependency_links.txt
writing entry points to ../../../build/IMU_control/IMU_control.egg-info/entry_points.txt
writing requirements to ../../../build/IMU_control/IMU_control.egg-info/requires.txt
writing top-level names to ../../../build/IMU_control/IMU_control.egg-info/top_level.txt
writing manifest file '../../../build/IMU_control/IMU_control.egg-info/SOURCES.txt'
reading manifest file '../../../build/IMU_control/IMU_control.egg-info/SOURCES.txt'
writing manifest file '../../../build/IMU_control/IMU_control.egg-info/SOURCES.txt'
running build
running build_py
creating /home/adam/URC/build/IMU_control/build
creating /home/adam/URC/build/IMU_control/build/lib
creating /home/adam/URC/build/IMU_control/build/lib/IMU_control
copying IMU_control/__init__.py -> /home/adam/URC/build/IMU_control/build/lib/IMU_control
copying IMU_control/main.py -> /home/adam/URC/build/IMU_control/build/lib/IMU_control
running install
running install_lib
creating /home/adam/URC/install/IMU_control/lib/python3.8/site-packages/IMU_control
copying /home/adam/URC/build/IMU_control/build/lib/IMU_control/__init__.py -> /home/adam/URC/install/IMU_control/lib/python3.8/site-packages/IMU_control
copying /home/adam/URC/build/IMU_control/build/lib/IMU_control/main.py -> /home/adam/URC/install/IMU_control/lib/python3.8/site-packages/IMU_control
byte-compiling /home/adam/URC/install/IMU_control/lib/python3.8/site-packages/IMU_control/__init__.py to __init__.cpython-38.pyc
byte-compiling /home/adam/URC/install/IMU_control/lib/python3.8/site-packages/IMU_control/main.py to main.cpython-38.pyc
running install_data
creating /home/adam/URC/install/IMU_control/share/ament_index
creating /home/adam/URC/install/IMU_control/share/ament_index/resource_index
creating /home/adam/URC/install/IMU_control/share/ament_index/resource_index/packages
copying resource/IMU_control -> /home/adam/URC/install/IMU_control/share/ament_index/resource_index/packages
copying package.xml -> /home/adam/URC/install/IMU_control/share/IMU_control
running install_egg_info
Copying ../../../build/IMU_control/IMU_control.egg-info to /home/adam/URC/install/IMU_control/lib/python3.8/site-packages/IMU_control-0.0.0-py3.8.egg-info
running install_scripts
Installing IMU_control script to /home/adam/URC/install/IMU_control/lib/IMU_control
writing list of installed files to '/home/adam/URC/build/IMU_control/install.log'
