[1.857s] Invoking command in '/home/adam/URC/urc_ws_interbotix/src/IMU_control': PYTHONPATH=/home/adam/URC/build/IMU_control/prefix_override:/usr/lib/python3/dist-packages/colcon_core/task/python/colcon_distutils_commands:/home/adam/URC/install/IMU_control/lib/python3.8/site-packages:${PYTHONPATH} /usr/bin/python3 -W ignore:setup.py install is deprecated -W ignore:easy_install command is deprecated setup.py egg_info --egg-base ../../../build/IMU_control build --build-base /home/adam/URC/build/IMU_control/build install --record /home/adam/URC/build/IMU_control/install.log --single-version-externally-managed install_data
[2.558s] running egg_info
[2.559s] creating ../../../build/IMU_control/IMU_control.egg-info
[2.560s] writing ../../../build/IMU_control/IMU_control.egg-info/PKG-INFO
[2.560s] writing dependency_links to ../../../build/IMU_control/IMU_control.egg-info/dependency_links.txt
[2.565s] writing entry points to ../../../build/IMU_control/IMU_control.egg-info/entry_points.txt
[2.565s] writing requirements to ../../../build/IMU_control/IMU_control.egg-info/requires.txt
[2.565s] writing top-level names to ../../../build/IMU_control/IMU_control.egg-info/top_level.txt
[2.567s] writing manifest file '../../../build/IMU_control/IMU_control.egg-info/SOURCES.txt'
[2.729s] reading manifest file '../../../build/IMU_control/IMU_control.egg-info/SOURCES.txt'
[2.731s] writing manifest file '../../../build/IMU_control/IMU_control.egg-info/SOURCES.txt'
[2.731s] running build
[2.731s] running build_py
[2.731s] creating /home/adam/URC/build/IMU_control/build
[2.731s] creating /home/adam/URC/build/IMU_control/build/lib
[2.731s] creating /home/adam/URC/build/IMU_control/build/lib/IMU_control
[2.731s] copying IMU_control/__init__.py -> /home/adam/URC/build/IMU_control/build/lib/IMU_control
[2.732s] copying IMU_control/main.py -> /home/adam/URC/build/IMU_control/build/lib/IMU_control
[2.732s] running install
[2.732s] running install_lib
[2.738s] creating /home/adam/URC/install/IMU_control/lib/python3.8/site-packages/IMU_control
[2.738s] copying /home/adam/URC/build/IMU_control/build/lib/IMU_control/__init__.py -> /home/adam/URC/install/IMU_control/lib/python3.8/site-packages/IMU_control
[2.738s] copying /home/adam/URC/build/IMU_control/build/lib/IMU_control/main.py -> /home/adam/URC/install/IMU_control/lib/python3.8/site-packages/IMU_control
[2.739s] byte-compiling /home/adam/URC/install/IMU_control/lib/python3.8/site-packages/IMU_control/__init__.py to __init__.cpython-38.pyc
[2.744s] byte-compiling /home/adam/URC/install/IMU_control/lib/python3.8/site-packages/IMU_control/main.py to main.cpython-38.pyc
[2.745s] running install_data
[2.745s] creating /home/adam/URC/install/IMU_control/share/ament_index
[2.745s] creating /home/adam/URC/install/IMU_control/share/ament_index/resource_index
[2.746s] creating /home/adam/URC/install/IMU_control/share/ament_index/resource_index/packages
[2.746s] copying resource/IMU_control -> /home/adam/URC/install/IMU_control/share/ament_index/resource_index/packages
[2.746s] copying package.xml -> /home/adam/URC/install/IMU_control/share/IMU_control
[2.746s] running install_egg_info
[2.755s] Copying ../../../build/IMU_control/IMU_control.egg-info to /home/adam/URC/install/IMU_control/lib/python3.8/site-packages/IMU_control-0.0.0-py3.8.egg-info
[2.759s] running install_scripts
[2.828s] Installing IMU_control script to /home/adam/URC/install/IMU_control/lib/IMU_control
[2.830s] writing list of installed files to '/home/adam/URC/build/IMU_control/install.log'
[2.888s] Invoked command in '/home/adam/URC/urc_ws_interbotix/src/IMU_control' returned '0': PYTHONPATH=/home/adam/URC/build/IMU_control/prefix_override:/usr/lib/python3/dist-packages/colcon_core/task/python/colcon_distutils_commands:/home/adam/URC/install/IMU_control/lib/python3.8/site-packages:${PYTHONPATH} /usr/bin/python3 -W ignore:setup.py install is deprecated -W ignore:easy_install command is deprecated setup.py egg_info --egg-base ../../../build/IMU_control build --build-base /home/adam/URC/build/IMU_control/build install --record /home/adam/URC/build/IMU_control/install.log --single-version-externally-managed install_data
