[0.072s] Invoking command in '/home/adam/URC/build/dynamixel_sdk': CMAKE_PREFIX_PATH=${CMAKE_PREFIX_PATH}:/home/adam/interbotix_ws/install/interbotix_xs_modules:/home/adam/interbotix_ws/install/interbotix_perception_modules:/home/adam/interbotix_ws/install/interbotix_common_modules:/opt/ros/galactic /usr/bin/cmake /home/adam/URC/urc_ws_interbotix/src/dynamixel_sdk -DCMAKE_INSTALL_PREFIX=/home/adam/URC/install/dynamixel_sdk
[0.537s] -- The C compiler identification is GNU 9.4.0
[0.538s] -- The CXX compiler identification is GNU 9.4.0
[0.539s] -- Check for working C compiler: /usr/bin/cc
[0.539s] -- Check for working C compiler: /usr/bin/cc -- works
[0.539s] -- Detecting C compiler ABI info
[0.611s] -- Detecting C compiler ABI info - done
[0.622s] -- Detecting C compile features
[0.624s] -- Detecting C compile features - done
[0.627s] -- Check for working CXX compiler: /usr/bin/c++
[0.782s] -- Check for working CXX compiler: /usr/bin/c++ -- works
[0.794s] -- Detecting CXX compiler ABI info
[1.021s] -- Detecting CXX compiler ABI info - done
[1.059s] -- Detecting CXX compile features
[1.060s] -- Detecting CXX compile features - done
[1.078s] -- Found ament_cmake: 1.1.6 (/opt/ros/galactic/share/ament_cmake/cmake)
[1.159s] -- Found PythonInterp: /usr/bin/python3 (found suitable version "3.8.10", minimum required is "3") 
[1.159s] -- Using PYTHON_EXECUTABLE: /usr/bin/python3
[1.977s] -- Configuring done
[2.039s] -- Generating done
[2.057s] -- Build files have been written to: /home/adam/URC/build/dynamixel_sdk
[2.066s] Invoked command in '/home/adam/URC/build/dynamixel_sdk' returned '0': CMAKE_PREFIX_PATH=${CMAKE_PREFIX_PATH}:/home/adam/interbotix_ws/install/interbotix_xs_modules:/home/adam/interbotix_ws/install/interbotix_perception_modules:/home/adam/interbotix_ws/install/interbotix_common_modules:/opt/ros/galactic /usr/bin/cmake /home/adam/URC/urc_ws_interbotix/src/dynamixel_sdk -DCMAKE_INSTALL_PREFIX=/home/adam/URC/install/dynamixel_sdk
[2.068s] Invoking command in '/home/adam/URC/build/dynamixel_sdk': CMAKE_PREFIX_PATH=${CMAKE_PREFIX_PATH}:/home/adam/interbotix_ws/install/interbotix_xs_modules:/home/adam/interbotix_ws/install/interbotix_perception_modules:/home/adam/interbotix_ws/install/interbotix_common_modules:/opt/ros/galactic /usr/bin/cmake --build /home/adam/URC/build/dynamixel_sdk -- -j4 -l4
[2.196s] [35m[1mScanning dependencies of target ament_cmake_python_copy_dynamixel_sdk[0m
[2.198s] [35m[1mScanning dependencies of target dynamixel_sdk[0m
[2.263s] [35m[1mScanning dependencies of target ament_cmake_python_copy_dynamixel_easy_sdk[0m
[2.324s] [  0%] Built target ament_cmake_python_copy_dynamixel_sdk
[2.330s] [  5%] [32mBuilding CXX object CMakeFiles/dynamixel_sdk.dir/src/dynamixel_sdk/packet_handler.cpp.o[0m
[2.338s] [ 11%] [32mBuilding CXX object CMakeFiles/dynamixel_sdk.dir/src/dynamixel_sdk/protocol1_packet_handler.cpp.o[0m
[2.397s] [35m[1mScanning dependencies of target ament_cmake_python_build_dynamixel_sdk_egg[0m
[2.413s] [ 11%] Built target ament_cmake_python_copy_dynamixel_easy_sdk
[2.445s] [35m[1mScanning dependencies of target ament_cmake_python_build_dynamixel_easy_sdk_egg[0m
[2.807s] [ 16%] [32mBuilding CXX object CMakeFiles/dynamixel_sdk.dir/src/dynamixel_sdk/protocol2_packet_handler.cpp.o[0m
[3.144s] [ 22%] [32mBuilding CXX object CMakeFiles/dynamixel_sdk.dir/src/dynamixel_sdk/group_sync_read.cpp.o[0m
[3.410s] running egg_info
[3.411s] creating dynamixel_easy_sdk.egg-info
[3.412s] writing dynamixel_easy_sdk.egg-info/PKG-INFO
[3.412s] writing dependency_links to dynamixel_easy_sdk.egg-info/dependency_links.txt
[3.412s] writing top-level names to dynamixel_easy_sdk.egg-info/top_level.txt
[3.415s] writing manifest file 'dynamixel_easy_sdk.egg-info/SOURCES.txt'
[3.481s] reading manifest file 'dynamixel_easy_sdk.egg-info/SOURCES.txt'
[3.484s] writing manifest file 'dynamixel_easy_sdk.egg-info/SOURCES.txt'
[3.583s] [ 22%] Built target ament_cmake_python_build_dynamixel_easy_sdk_egg
[3.622s] [ 27%] [32mBuilding CXX object CMakeFiles/dynamixel_sdk.dir/src/dynamixel_sdk/group_sync_write.cpp.o[0m
[3.904s] running egg_info
[3.914s] creating dynamixel_sdk.egg-info
[3.914s] writing dynamixel_sdk.egg-info/PKG-INFO
[3.915s] writing dependency_links to dynamixel_sdk.egg-info/dependency_links.txt
[3.921s] writing top-level names to dynamixel_sdk.egg-info/top_level.txt
[3.921s] writing manifest file 'dynamixel_sdk.egg-info/SOURCES.txt'
[4.046s] [ 33%] [32mBuilding CXX object CMakeFiles/dynamixel_sdk.dir/src/dynamixel_sdk/group_bulk_read.cpp.o[0m
[4.105s] reading manifest file 'dynamixel_sdk.egg-info/SOURCES.txt'
[4.109s] writing manifest file 'dynamixel_sdk.egg-info/SOURCES.txt'
[4.205s] [ 33%] Built target ament_cmake_python_build_dynamixel_sdk_egg
[4.302s] [ 38%] [32mBuilding CXX object CMakeFiles/dynamixel_sdk.dir/src/dynamixel_sdk/group_bulk_write.cpp.o[0m
[6.095s] [ 44%] [32mBuilding CXX object CMakeFiles/dynamixel_sdk.dir/src/dynamixel_sdk/group_fast_bulk_read.cpp.o[0m
[6.248s] [ 50%] [32mBuilding CXX object CMakeFiles/dynamixel_sdk.dir/src/dynamixel_sdk/group_fast_sync_read.cpp.o[0m
[6.522s] [ 55%] [32mBuilding CXX object CMakeFiles/dynamixel_sdk.dir/src/dynamixel_sdk/group_handler.cpp.o[0m
[7.384s] [ 61%] [32mBuilding CXX object CMakeFiles/dynamixel_sdk.dir/src/dynamixel_sdk/port_handler.cpp.o[0m
[7.500s] [ 66%] [32mBuilding CXX object CMakeFiles/dynamixel_sdk.dir/src/dynamixel_easy_sdk/connector.cpp.o[0m
[7.567s] [ 72%] [32mBuilding CXX object CMakeFiles/dynamixel_sdk.dir/src/dynamixel_easy_sdk/control_table.cpp.o[0m
[7.746s] [ 77%] [32mBuilding CXX object CMakeFiles/dynamixel_sdk.dir/src/dynamixel_easy_sdk/dynamixel_error.cpp.o[0m
[8.355s] [ 83%] [32mBuilding CXX object CMakeFiles/dynamixel_sdk.dir/src/dynamixel_easy_sdk/group_executor.cpp.o[0m
[8.387s] [ 88%] [32mBuilding CXX object CMakeFiles/dynamixel_sdk.dir/src/dynamixel_easy_sdk/motor.cpp.o[0m
[9.598s] [ 94%] [32mBuilding CXX object CMakeFiles/dynamixel_sdk.dir/src/dynamixel_sdk/port_handler_linux.cpp.o[0m
[11.440s] [100%] [32m[1mLinking CXX shared library libdynamixel_sdk.so[0m
[12.187s] [100%] Built target dynamixel_sdk
[12.293s] Invoked command in '/home/adam/URC/build/dynamixel_sdk' returned '0': CMAKE_PREFIX_PATH=${CMAKE_PREFIX_PATH}:/home/adam/interbotix_ws/install/interbotix_xs_modules:/home/adam/interbotix_ws/install/interbotix_perception_modules:/home/adam/interbotix_ws/install/interbotix_common_modules:/opt/ros/galactic /usr/bin/cmake --build /home/adam/URC/build/dynamixel_sdk -- -j4 -l4
[12.348s] Invoking command in '/home/adam/URC/build/dynamixel_sdk': CMAKE_PREFIX_PATH=${CMAKE_PREFIX_PATH}:/home/adam/interbotix_ws/install/interbotix_xs_modules:/home/adam/interbotix_ws/install/interbotix_perception_modules:/home/adam/interbotix_ws/install/interbotix_common_modules:/opt/ros/galactic /usr/bin/cmake --install /home/adam/URC/build/dynamixel_sdk
[12.470s] -- Install configuration: ""
[12.471s] -- Installing: /home/adam/URC/install/dynamixel_sdk/include/
[12.472s] -- Installing: /home/adam/URC/install/dynamixel_sdk/include//dynamixel_easy_sdk
[12.472s] -- Installing: /home/adam/URC/install/dynamixel_sdk/include//dynamixel_easy_sdk/motor.hpp
[12.480s] -- Installing: /home/adam/URC/install/dynamixel_sdk/include//dynamixel_easy_sdk/control_table.hpp
[12.481s] -- Installing: /home/adam/URC/install/dynamixel_sdk/include//dynamixel_easy_sdk/dynamixel_error.hpp
[12.481s] -- Installing: /home/adam/URC/install/dynamixel_sdk/include//dynamixel_easy_sdk/group_executor.hpp
[12.482s] -- Installing: /home/adam/URC/install/dynamixel_sdk/include//dynamixel_easy_sdk/connector.hpp
[12.482s] -- Installing: /home/adam/URC/install/dynamixel_sdk/include//dynamixel_easy_sdk/data_types.hpp
[12.482s] -- Installing: /home/adam/URC/install/dynamixel_sdk/include//dynamixel_easy_sdk/dynamixel_easy_sdk.hpp
[12.483s] -- Installing: /home/adam/URC/install/dynamixel_sdk/include//dynamixel_sdk
[12.483s] -- Installing: /home/adam/URC/install/dynamixel_sdk/include//dynamixel_sdk/group_fast_bulk_read.h
[12.483s] -- Installing: /home/adam/URC/install/dynamixel_sdk/include//dynamixel_sdk/group_handler.h
[12.484s] -- Installing: /home/adam/URC/install/dynamixel_sdk/include//dynamixel_sdk/protocol1_packet_handler.h
[12.486s] -- Installing: /home/adam/URC/install/dynamixel_sdk/include//dynamixel_sdk/port_handler_arduino.h
[12.487s] -- Installing: /home/adam/URC/install/dynamixel_sdk/include//dynamixel_sdk/group_bulk_write.h
[12.491s] -- Installing: /home/adam/URC/install/dynamixel_sdk/include//dynamixel_sdk/group_sync_read.h
[12.491s] -- Installing: /home/adam/URC/install/dynamixel_sdk/include//dynamixel_sdk/group_bulk_read.h
[12.493s] -- Installing: /home/adam/URC/install/dynamixel_sdk/include//dynamixel_sdk/packet_handler.h
[12.495s] -- Installing: /home/adam/URC/install/dynamixel_sdk/include//dynamixel_sdk/port_handler_mac.h
[12.496s] -- Installing: /home/adam/URC/install/dynamixel_sdk/include//dynamixel_sdk/port_handler.h
[12.496s] -- Installing: /home/adam/URC/install/dynamixel_sdk/include//dynamixel_sdk/protocol2_packet_handler.h
[12.497s] -- Installing: /home/adam/URC/install/dynamixel_sdk/include//dynamixel_sdk/group_sync_write.h
[12.497s] -- Installing: /home/adam/URC/install/dynamixel_sdk/include//dynamixel_sdk/group_fast_sync_read.h
[12.498s] -- Installing: /home/adam/URC/install/dynamixel_sdk/include//dynamixel_sdk/port_handler_linux.h
[12.498s] -- Installing: /home/adam/URC/install/dynamixel_sdk/include//dynamixel_sdk/port_handler_windows.h
[12.499s] -- Installing: /home/adam/URC/install/dynamixel_sdk/include//dynamixel_sdk/dynamixel_sdk.h
[12.500s] -- Installing: /home/adam/URC/install/dynamixel_sdk/lib/libdynamixel_sdk.so
[12.514s] -- Installing: /home/adam/URC/install/dynamixel_sdk/share/dynamixel_sdk/control_table
[12.516s] -- Installing: /home/adam/URC/install/dynamixel_sdk/share/dynamixel_sdk/control_table/mx_64.model
[12.517s] -- Installing: /home/adam/URC/install/dynamixel_sdk/share/dynamixel_sdk/control_table/pm54_060_s250.model
[12.518s] -- Installing: /home/adam/URC/install/dynamixel_sdk/share/dynamixel_sdk/control_table/xc330_m181_fw52.model
[12.520s] -- Installing: /home/adam/URC/install/dynamixel_sdk/share/dynamixel_sdk/control_table/xc330_m181.model
[12.521s] -- Installing: /home/adam/URC/install/dynamixel_sdk/share/dynamixel_sdk/control_table/xw430_t333.model
[12.523s] -- Installing: /home/adam/URC/install/dynamixel_sdk/share/dynamixel_sdk/control_table/m54_40_s250_ra.model
[12.524s] -- Installing: /home/adam/URC/install/dynamixel_sdk/share/dynamixel_sdk/control_table/xc330_t181_fw52.model
[12.526s] -- Installing: /home/adam/URC/install/dynamixel_sdk/share/dynamixel_sdk/control_table/xd430_t350.model
[12.533s] -- Installing: /home/adam/URC/install/dynamixel_sdk/share/dynamixel_sdk/control_table/xm430_w210.model
[12.533s] -- Installing: /home/adam/URC/install/dynamixel_sdk/share/dynamixel_sdk/control_table/pm42_010_s260.model
[12.534s] -- Installing: /home/adam/URC/install/dynamixel_sdk/share/dynamixel_sdk/control_table/xl330_m077.model
[12.534s] -- Installing: /home/adam/URC/install/dynamixel_sdk/share/dynamixel_sdk/control_table/ym080_230_r051.model
[12.535s] -- Installing: /home/adam/URC/install/dynamixel_sdk/share/dynamixel_sdk/control_table/xh540_v270.model
[12.536s] -- Installing: /home/adam/URC/install/dynamixel_sdk/share/dynamixel_sdk/control_table/dynamixel.model
[12.539s] -- Installing: /home/adam/URC/install/dynamixel_sdk/share/dynamixel_sdk/control_table/xl320.model
[12.539s] -- Installing: /home/adam/URC/install/dynamixel_sdk/share/dynamixel_sdk/control_table/ym080_230_a099.model
[12.540s] -- Installing: /home/adam/URC/install/dynamixel_sdk/share/dynamixel_sdk/control_table/ph54_200_s500.model
[12.540s] -- Installing: /home/adam/URC/install/dynamixel_sdk/share/dynamixel_sdk/control_table/ph54_100_s500.model
[12.541s] -- Installing: /home/adam/URC/install/dynamixel_sdk/share/dynamixel_sdk/control_table/xl330_m288.model
[12.547s] -- Installing: /home/adam/URC/install/dynamixel_sdk/share/dynamixel_sdk/control_table/mx_106.model
[12.548s] -- Installing: /home/adam/URC/install/dynamixel_sdk/share/dynamixel_sdk/control_table/2xl430_w250.model
[12.551s] -- Installing: /home/adam/URC/install/dynamixel_sdk/share/dynamixel_sdk/control_table/ym070_210_a099.model
[12.552s] -- Installing: /home/adam/URC/install/dynamixel_sdk/share/dynamixel_sdk/control_table/xl330_m077_fw52.model
[12.552s] -- Installing: /home/adam/URC/install/dynamixel_sdk/share/dynamixel_sdk/control_table/xw430_t200.model
[12.552s] -- Installing: /home/adam/URC/install/dynamixel_sdk/share/dynamixel_sdk/control_table/xd540_t270.model
[12.553s] -- Installing: /home/adam/URC/install/dynamixel_sdk/share/dynamixel_sdk/control_table/xw540_t260.model
[12.553s] -- Installing: /home/adam/URC/install/dynamixel_sdk/share/dynamixel_sdk/control_table/xh540_w270.model
[12.554s] -- Installing: /home/adam/URC/install/dynamixel_sdk/share/dynamixel_sdk/control_table/xc330_t181.model
[12.554s] -- Installing: /home/adam/URC/install/dynamixel_sdk/share/dynamixel_sdk/control_table/ym070_210_b001.model
[12.554s] -- Installing: /home/adam/URC/install/dynamixel_sdk/share/dynamixel_sdk/control_table/xc430_w150.model
[12.555s] -- Installing: /home/adam/URC/install/dynamixel_sdk/share/dynamixel_sdk/control_table/ph42_020_s300.model
[12.557s] -- Installing: /home/adam/URC/install/dynamixel_sdk/share/dynamixel_sdk/control_table/xm430_w350.model
[12.557s] -- Installing: /home/adam/URC/install/dynamixel_sdk/share/dynamixel_sdk/control_table/xl430_w250.model
[12.558s] -- Installing: /home/adam/URC/install/dynamixel_sdk/share/dynamixel_sdk/control_table/xc430_w240.model
[12.563s] -- Installing: /home/adam/URC/install/dynamixel_sdk/share/dynamixel_sdk/control_table/xd430_t210.model
[12.564s] -- Installing: /home/adam/URC/install/dynamixel_sdk/share/dynamixel_sdk/control_table/ym080_230_m001.model
[12.565s] -- Installing: /home/adam/URC/install/dynamixel_sdk/share/dynamixel_sdk/control_table/xl330_m288_fw52.model
[12.565s] -- Installing: /home/adam/URC/install/dynamixel_sdk/share/dynamixel_sdk/control_table/rh_p12_rn.model
[12.570s] -- Installing: /home/adam/URC/install/dynamixel_sdk/share/dynamixel_sdk/control_table/xd540_t150.model
[12.570s] -- Installing: /home/adam/URC/install/dynamixel_sdk/share/dynamixel_sdk/control_table/xm540_w270.model
[12.571s] -- Installing: /home/adam/URC/install/dynamixel_sdk/share/dynamixel_sdk/control_table/h42_20_s300_ra.model
[12.577s] -- Installing: /home/adam/URC/install/dynamixel_sdk/share/dynamixel_sdk/control_table/xw540_t140.model
[12.582s] -- Installing: /home/adam/URC/install/dynamixel_sdk/share/dynamixel_sdk/control_table/ym080_230_b001.model
[12.583s] -- Installing: /home/adam/URC/install/dynamixel_sdk/share/dynamixel_sdk/control_table/xc330_m288.model
[12.585s] -- Installing: /home/adam/URC/install/dynamixel_sdk/share/dynamixel_sdk/control_table/xm540_w150.model
[12.585s] -- Installing: /home/adam/URC/install/dynamixel_sdk/share/dynamixel_sdk/control_table/h54_200_s500_ra.model
[12.585s] -- Installing: /home/adam/URC/install/dynamixel_sdk/share/dynamixel_sdk/control_table/xh540_v150.model
[12.586s] -- Installing: /home/adam/URC/install/dynamixel_sdk/share/dynamixel_sdk/control_table/ym070_210_r099.model
[12.586s] -- Installing: /home/adam/URC/install/dynamixel_sdk/share/dynamixel_sdk/control_table/xh430_w210.model
[12.589s] -- Installing: /home/adam/URC/install/dynamixel_sdk/share/dynamixel_sdk/control_table/m42_10_s260_ra.model
[12.589s] -- Installing: /home/adam/URC/install/dynamixel_sdk/share/dynamixel_sdk/control_table/ym080_230_a051.model
[12.590s] -- Installing: /home/adam/URC/install/dynamixel_sdk/share/dynamixel_sdk/control_table/m54_60_s250_ra.model
[12.591s] -- Installing: /home/adam/URC/install/dynamixel_sdk/share/dynamixel_sdk/control_table/xw540_h260.model
[12.592s] -- Installing: /home/adam/URC/install/dynamixel_sdk/share/dynamixel_sdk/control_table/xh540_w150.model
[12.592s] -- Installing: /home/adam/URC/install/dynamixel_sdk/share/dynamixel_sdk/control_table/xh430_v210.model
[12.593s] -- Installing: /home/adam/URC/install/dynamixel_sdk/share/dynamixel_sdk/control_table/xc330_t288.model
[12.597s] -- Installing: /home/adam/URC/install/dynamixel_sdk/share/dynamixel_sdk/control_table/xc330_m288_fw52.model
[12.598s] -- Installing: /home/adam/URC/install/dynamixel_sdk/share/dynamixel_sdk/control_table/ym070_210_m001.model
[12.598s] -- Installing: /home/adam/URC/install/dynamixel_sdk/share/dynamixel_sdk/control_table/mx_28.model
[12.599s] -- Installing: /home/adam/URC/install/dynamixel_sdk/share/dynamixel_sdk/control_table/xh430_v350.model
[12.599s] -- Installing: /home/adam/URC/install/dynamixel_sdk/share/dynamixel_sdk/control_table/pm54_040_s250.model
[12.600s] -- Installing: /home/adam/URC/install/dynamixel_sdk/share/dynamixel_sdk/control_table/xc330_t288_fw52.model
[12.600s] -- Installing: /home/adam/URC/install/dynamixel_sdk/share/dynamixel_sdk/control_table/2xc430_w250.model
[12.600s] -- Installing: /home/adam/URC/install/dynamixel_sdk/share/dynamixel_sdk/control_table/ym070_210_r051.model
[12.601s] -- Installing: /home/adam/URC/install/dynamixel_sdk/share/dynamixel_sdk/control_table/xh430_w350.model
[12.601s] -- Installing: /home/adam/URC/install/dynamixel_sdk/share/dynamixel_sdk/control_table/ym070_210_a051.model
[12.605s] -- Installing: /home/adam/URC/install/dynamixel_sdk/share/dynamixel_sdk/control_table/ym080_230_r099.model
[12.608s] -- Installing: /home/adam/URC/install/dynamixel_sdk/share/dynamixel_sdk/control_table/h54_100_s500_ra.model
[12.609s] -- Installing: /home/adam/URC/install/dynamixel_sdk/share/dynamixel_sdk/environment/pythonpath.sh
[12.616s] -- Installing: /home/adam/URC/install/dynamixel_sdk/share/dynamixel_sdk/environment/pythonpath.dsv
[12.616s] -- Installing: /home/adam/URC/install/dynamixel_sdk/lib/python3.8/site-packages//dynamixel_sdk.egg-info
[12.617s] -- Installing: /home/adam/URC/install/dynamixel_sdk/lib/python3.8/site-packages//dynamixel_sdk.egg-info/dependency_links.txt
[12.624s] -- Installing: /home/adam/URC/install/dynamixel_sdk/lib/python3.8/site-packages//dynamixel_sdk.egg-info/SOURCES.txt
[12.624s] -- Installing: /home/adam/URC/install/dynamixel_sdk/lib/python3.8/site-packages//dynamixel_sdk.egg-info/top_level.txt
[12.625s] -- Installing: /home/adam/URC/install/dynamixel_sdk/lib/python3.8/site-packages//dynamixel_sdk.egg-info/PKG-INFO
[12.625s] -- Installing: /home/adam/URC/install/dynamixel_sdk/lib/python3.8/site-packages/dynamixel_sdk
[12.626s] -- Installing: /home/adam/URC/install/dynamixel_sdk/lib/python3.8/site-packages/dynamixel_sdk/protocol2_packet_handler.cpp
[12.629s] -- Installing: /home/adam/URC/install/dynamixel_sdk/lib/python3.8/site-packages/dynamixel_sdk/protocol2_packet_handler.py
[12.629s] -- Installing: /home/adam/URC/install/dynamixel_sdk/lib/python3.8/site-packages/dynamixel_sdk/group_fast_bulk_read.cpp
[12.630s] -- Installing: /home/adam/URC/install/dynamixel_sdk/lib/python3.8/site-packages/dynamixel_sdk/port_handler.py
[12.630s] -- Installing: /home/adam/URC/install/dynamixel_sdk/lib/python3.8/site-packages/dynamixel_sdk/packet_handler.py
[12.630s] -- Installing: /home/adam/URC/install/dynamixel_sdk/lib/python3.8/site-packages/dynamixel_sdk/__init__.py
[12.631s] -- Installing: /home/adam/URC/install/dynamixel_sdk/lib/python3.8/site-packages/dynamixel_sdk/port_handler_mac.cpp
[12.631s] -- Installing: /home/adam/URC/install/dynamixel_sdk/lib/python3.8/site-packages/dynamixel_sdk/group_fast_sync_read.cpp
[12.635s] -- Installing: /home/adam/URC/install/dynamixel_sdk/lib/python3.8/site-packages/dynamixel_sdk/protocol1_packet_handler.py
[12.636s] -- Installing: /home/adam/URC/install/dynamixel_sdk/lib/python3.8/site-packages/dynamixel_sdk/port_handler_linux.cpp
[12.636s] -- Installing: /home/adam/URC/install/dynamixel_sdk/lib/python3.8/site-packages/dynamixel_sdk/group_bulk_read.cpp
[12.637s] -- Installing: /home/adam/URC/install/dynamixel_sdk/lib/python3.8/site-packages/dynamixel_sdk/group_sync_write.cpp
[12.638s] -- Installing: /home/adam/URC/install/dynamixel_sdk/lib/python3.8/site-packages/dynamixel_sdk/robotis_def.py
[12.638s] -- Installing: /home/adam/URC/install/dynamixel_sdk/lib/python3.8/site-packages/dynamixel_sdk/group_sync_write.py
[12.638s] -- Installing: /home/adam/URC/install/dynamixel_sdk/lib/python3.8/site-packages/dynamixel_sdk/group_sync_read.cpp
[12.648s] -- Installing: /home/adam/URC/install/dynamixel_sdk/lib/python3.8/site-packages/dynamixel_sdk/protocol1_packet_handler.cpp
[12.648s] -- Installing: /home/adam/URC/install/dynamixel_sdk/lib/python3.8/site-packages/dynamixel_sdk/group_handler.cpp
[12.649s] -- Installing: /home/adam/URC/install/dynamixel_sdk/lib/python3.8/site-packages/dynamixel_sdk/port_handler_arduino.cpp
[12.649s] -- Installing: /home/adam/URC/install/dynamixel_sdk/lib/python3.8/site-packages/dynamixel_sdk/group_bulk_write.cpp
[12.650s] -- Installing: /home/adam/URC/install/dynamixel_sdk/lib/python3.8/site-packages/dynamixel_sdk/packet_handler.cpp
[12.650s] -- Installing: /home/adam/URC/install/dynamixel_sdk/lib/python3.8/site-packages/dynamixel_sdk/group_bulk_read.py
[12.650s] -- Installing: /home/adam/URC/install/dynamixel_sdk/lib/python3.8/site-packages/dynamixel_sdk/group_sync_read.py
[12.651s] -- Installing: /home/adam/URC/install/dynamixel_sdk/lib/python3.8/site-packages/dynamixel_sdk/group_bulk_write.py
[12.653s] -- Installing: /home/adam/URC/install/dynamixel_sdk/lib/python3.8/site-packages/dynamixel_sdk/port_handler.cpp
[12.653s] -- Installing: /home/adam/URC/install/dynamixel_sdk/lib/python3.8/site-packages/dynamixel_sdk/port_handler_windows.cpp
[12.933s] Listing '/home/adam/URC/install/dynamixel_sdk/lib/python3.8/site-packages/dynamixel_sdk'...
[12.933s] Compiling '/home/adam/URC/install/dynamixel_sdk/lib/python3.8/site-packages/dynamixel_sdk/__init__.py'...
[12.933s] Compiling '/home/adam/URC/install/dynamixel_sdk/lib/python3.8/site-packages/dynamixel_sdk/group_bulk_read.py'...
[12.933s] Compiling '/home/adam/URC/install/dynamixel_sdk/lib/python3.8/site-packages/dynamixel_sdk/group_bulk_write.py'...
[12.934s] Compiling '/home/adam/URC/install/dynamixel_sdk/lib/python3.8/site-packages/dynamixel_sdk/group_sync_read.py'...
[12.934s] Compiling '/home/adam/URC/install/dynamixel_sdk/lib/python3.8/site-packages/dynamixel_sdk/group_sync_write.py'...
[12.934s] Compiling '/home/adam/URC/install/dynamixel_sdk/lib/python3.8/site-packages/dynamixel_sdk/packet_handler.py'...
[12.934s] Compiling '/home/adam/URC/install/dynamixel_sdk/lib/python3.8/site-packages/dynamixel_sdk/port_handler.py'...
[12.934s] Compiling '/home/adam/URC/install/dynamixel_sdk/lib/python3.8/site-packages/dynamixel_sdk/protocol1_packet_handler.py'...
[12.934s] Compiling '/home/adam/URC/install/dynamixel_sdk/lib/python3.8/site-packages/dynamixel_sdk/protocol2_packet_handler.py'...
[12.934s] Compiling '/home/adam/URC/install/dynamixel_sdk/lib/python3.8/site-packages/dynamixel_sdk/robotis_def.py'...
[12.965s] -- Installing: /home/adam/URC/install/dynamixel_sdk/lib/python3.8/site-packages//dynamixel_easy_sdk.egg-info
[12.965s] -- Installing: /home/adam/URC/install/dynamixel_sdk/lib/python3.8/site-packages//dynamixel_easy_sdk.egg-info/dependency_links.txt
[12.966s] -- Installing: /home/adam/URC/install/dynamixel_sdk/lib/python3.8/site-packages//dynamixel_easy_sdk.egg-info/SOURCES.txt
[12.969s] -- Installing: /home/adam/URC/install/dynamixel_sdk/lib/python3.8/site-packages//dynamixel_easy_sdk.egg-info/top_level.txt
[12.969s] -- Installing: /home/adam/URC/install/dynamixel_sdk/lib/python3.8/site-packages//dynamixel_easy_sdk.egg-info/PKG-INFO
[12.970s] -- Installing: /home/adam/URC/install/dynamixel_sdk/lib/python3.8/site-packages/dynamixel_easy_sdk
[12.971s] -- Installing: /home/adam/URC/install/dynamixel_sdk/lib/python3.8/site-packages/dynamixel_easy_sdk/connector.py
[12.972s] -- Installing: /home/adam/URC/install/dynamixel_sdk/lib/python3.8/site-packages/dynamixel_easy_sdk/group_executor.cpp
[12.976s] -- Installing: /home/adam/URC/install/dynamixel_sdk/lib/python3.8/site-packages/dynamixel_easy_sdk/control_table.py
[12.977s] -- Installing: /home/adam/URC/install/dynamixel_sdk/lib/python3.8/site-packages/dynamixel_easy_sdk/group_executor.py
[12.977s] -- Installing: /home/adam/URC/install/dynamixel_sdk/lib/python3.8/site-packages/dynamixel_easy_sdk/data_types.py
[12.978s] -- Installing: /home/adam/URC/install/dynamixel_sdk/lib/python3.8/site-packages/dynamixel_easy_sdk/dynamixel_error.py
[12.978s] -- Installing: /home/adam/URC/install/dynamixel_sdk/lib/python3.8/site-packages/dynamixel_easy_sdk/__init__.py
[12.978s] -- Installing: /home/adam/URC/install/dynamixel_sdk/lib/python3.8/site-packages/dynamixel_easy_sdk/dynamixel_error.cpp
[12.979s] -- Installing: /home/adam/URC/install/dynamixel_sdk/lib/python3.8/site-packages/dynamixel_easy_sdk/motor.py
[12.979s] -- Installing: /home/adam/URC/install/dynamixel_sdk/lib/python3.8/site-packages/dynamixel_easy_sdk/motor.cpp
[12.979s] -- Installing: /home/adam/URC/install/dynamixel_sdk/lib/python3.8/site-packages/dynamixel_easy_sdk/control_table.cpp
[12.980s] -- Installing: /home/adam/URC/install/dynamixel_sdk/lib/python3.8/site-packages/dynamixel_easy_sdk/connector.cpp
[13.226s] Listing '/home/adam/URC/install/dynamixel_sdk/lib/python3.8/site-packages/dynamixel_easy_sdk'...
[13.226s] Compiling '/home/adam/URC/install/dynamixel_sdk/lib/python3.8/site-packages/dynamixel_easy_sdk/__init__.py'...
[13.226s] Compiling '/home/adam/URC/install/dynamixel_sdk/lib/python3.8/site-packages/dynamixel_easy_sdk/connector.py'...
[13.226s] Compiling '/home/adam/URC/install/dynamixel_sdk/lib/python3.8/site-packages/dynamixel_easy_sdk/control_table.py'...
[13.227s] Compiling '/home/adam/URC/install/dynamixel_sdk/lib/python3.8/site-packages/dynamixel_easy_sdk/data_types.py'...
[13.227s] Compiling '/home/adam/URC/install/dynamixel_sdk/lib/python3.8/site-packages/dynamixel_easy_sdk/dynamixel_error.py'...
[13.227s] Compiling '/home/adam/URC/install/dynamixel_sdk/lib/python3.8/site-packages/dynamixel_easy_sdk/group_executor.py'...
[13.227s] Compiling '/home/adam/URC/install/dynamixel_sdk/lib/python3.8/site-packages/dynamixel_easy_sdk/motor.py'...
[13.265s] -- Installing: /home/adam/URC/install/dynamixel_sdk/share/dynamixel_sdk/environment/library_path.sh
[13.266s] -- Installing: /home/adam/URC/install/dynamixel_sdk/share/dynamixel_sdk/environment/library_path.dsv
[13.267s] -- Installing: /home/adam/URC/install/dynamixel_sdk/share/ament_index/resource_index/package_run_dependencies/dynamixel_sdk
[13.269s] -- Installing: /home/adam/URC/install/dynamixel_sdk/share/ament_index/resource_index/parent_prefix_path/dynamixel_sdk
[13.277s] -- Installing: /home/adam/URC/install/dynamixel_sdk/share/dynamixel_sdk/environment/ament_prefix_path.sh
[13.277s] -- Installing: /home/adam/URC/install/dynamixel_sdk/share/dynamixel_sdk/environment/ament_prefix_path.dsv
[13.278s] -- Installing: /home/adam/URC/install/dynamixel_sdk/share/dynamixel_sdk/environment/path.sh
[13.278s] -- Installing: /home/adam/URC/install/dynamixel_sdk/share/dynamixel_sdk/environment/path.dsv
[13.279s] -- Installing: /home/adam/URC/install/dynamixel_sdk/share/dynamixel_sdk/local_setup.bash
[13.279s] -- Installing: /home/adam/URC/install/dynamixel_sdk/share/dynamixel_sdk/local_setup.sh
[13.280s] -- Installing: /home/adam/URC/install/dynamixel_sdk/share/dynamixel_sdk/local_setup.zsh
[13.280s] -- Installing: /home/adam/URC/install/dynamixel_sdk/share/dynamixel_sdk/local_setup.dsv
[13.281s] -- Installing: /home/adam/URC/install/dynamixel_sdk/share/dynamixel_sdk/package.dsv
[13.286s] -- Installing: /home/adam/URC/install/dynamixel_sdk/share/ament_index/resource_index/packages/dynamixel_sdk
[13.287s] -- Installing: /home/adam/URC/install/dynamixel_sdk/share/dynamixel_sdk/cmake/dynamixel_sdkExport.cmake
[13.288s] -- Installing: /home/adam/URC/install/dynamixel_sdk/share/dynamixel_sdk/cmake/dynamixel_sdkExport-noconfig.cmake
[13.291s] -- Installing: /home/adam/URC/install/dynamixel_sdk/share/dynamixel_sdk/cmake/ament_cmake_export_targets-extras.cmake
[13.295s] -- Installing: /home/adam/URC/install/dynamixel_sdk/share/dynamixel_sdk/cmake/ament_cmake_export_include_directories-extras.cmake
[13.296s] -- Installing: /home/adam/URC/install/dynamixel_sdk/share/dynamixel_sdk/cmake/ament_cmake_export_libraries-extras.cmake
[13.297s] -- Installing: /home/adam/URC/install/dynamixel_sdk/share/dynamixel_sdk/cmake/dynamixel_sdkConfig.cmake
[13.297s] -- Installing: /home/adam/URC/install/dynamixel_sdk/share/dynamixel_sdk/cmake/dynamixel_sdkConfig-version.cmake
[13.298s] -- Installing: /home/adam/URC/install/dynamixel_sdk/share/dynamixel_sdk/package.xml
[13.316s] Invoked command in '/home/adam/URC/build/dynamixel_sdk' returned '0': CMAKE_PREFIX_PATH=${CMAKE_PREFIX_PATH}:/home/adam/interbotix_ws/install/interbotix_xs_modules:/home/adam/interbotix_ws/install/interbotix_perception_modules:/home/adam/interbotix_ws/install/interbotix_common_modules:/opt/ros/galactic /usr/bin/cmake --install /home/adam/URC/build/dynamixel_sdk
