[0.180s] Invoking command in '/home/admin1/URC/build/receiver': CMAKE_PREFIX_PATH=${CMAKE_PREFIX_PATH}:/opt/ros/jazzy DEBUGINFOD_URLS=https://debuginfod.ubuntu.com /usr/bin/cmake /home/admin1/URC/urc_ws_interbotix/src/receiver -DCMAKE_INSTALL_PREFIX=/home/admin1/URC/install/receiver
[1.445s] -- The C compiler identification is GNU 13.3.0
[1.978s] -- The CXX compiler identification is GNU 13.3.0
[2.424s] -- Detecting C compiler ABI info
[3.720s] -- Detecting C compiler ABI info - done
[3.787s] -- Check for working C compiler: /usr/bin/cc - skipped
[3.793s] -- Detecting C compile features
[3.801s] -- Detecting C compile features - done
[3.923s] -- Detecting CXX compiler ABI info
[5.205s] -- Detecting CXX compiler ABI info - done
[5.277s] -- Check for working CXX compiler: /usr/bin/c++ - skipped
[5.281s] -- Detecting CXX compile features
[5.288s] -- Detecting CXX compile features - done
[5.364s] -- Found ament_cmake: 2.5.5 (/opt/ros/jazzy/share/ament_cmake/cmake)
[6.860s] -- Found Python3: /usr/bin/python3 (found version "3.12.3") found components: Interpreter 
[8.124s] -- Found rclcpp: 28.1.16 (/opt/ros/jazzy/share/rclcpp/cmake)
[8.733s] -- Found rosidl_generator_c: 4.6.7 (/opt/ros/jazzy/share/rosidl_generator_c/cmake)
[8.903s] -- Found rosidl_generator_cpp: 4.6.7 (/opt/ros/jazzy/share/rosidl_generator_cpp/cmake)
[9.113s] -- Using all available rosidl_typesupport_c: rosidl_typesupport_fastrtps_c;rosidl_typesupport_introspection_c
[9.343s] -- Using all available rosidl_typesupport_cpp: rosidl_typesupport_fastrtps_cpp;rosidl_typesupport_introspection_cpp
[10.141s] -- Found rmw_implementation_cmake: 7.3.3 (/opt/ros/jazzy/share/rmw_implementation_cmake/cmake)
[10.177s] -- Found rmw_fastrtps_cpp: 8.4.3 (/opt/ros/jazzy/share/rmw_fastrtps_cpp/cmake)
[10.975s] -- Found OpenSSL: /usr/lib/aarch64-linux-gnu/libcrypto.so (found version "3.0.13")  
[11.124s] -- Found FastRTPS: /opt/ros/jazzy/include (Required is at least version "2.13") 
[11.314s] -- Using RMW implementation 'rmw_fastrtps_cpp' as default
[12.022s] -- Found sensor_msgs: 5.3.6 (/opt/ros/jazzy/share/sensor_msgs/cmake)
[12.520s] -- Found ament_lint_auto: 0.17.4 (/opt/ros/jazzy/share/ament_lint_auto/cmake)
[13.482s] -- Added test 'cppcheck' to perform static code analysis on C / C++ code
[13.483s] -- Configured cppcheck include dirs: 
[13.484s] -- Configured cppcheck exclude dirs and/or files: 
[13.492s] -- Added test 'flake8' to check Python code syntax and style conventions
[13.492s] -- Configured 'flake8' exclude dirs and/or files: 
[13.495s] -- Added test 'lint_cmake' to check CMake code style
[13.499s] -- Added test 'pep257' to check Python code against some of the docstring style conventions in PEP 257
[13.507s] -- Added test 'uncrustify' to check C / C++ code style
[13.507s] -- Configured uncrustify additional arguments: 
[13.514s] -- Added test 'xmllint' to check XML markup files
[13.526s] -- Configuring done (13.2s)
[13.630s] -- Generating done (0.1s)
[13.656s] -- Build files have been written to: /home/admin1/URC/build/receiver
[13.726s] Invoked command in '/home/admin1/URC/build/receiver' returned '0': CMAKE_PREFIX_PATH=${CMAKE_PREFIX_PATH}:/opt/ros/jazzy DEBUGINFOD_URLS=https://debuginfod.ubuntu.com /usr/bin/cmake /home/admin1/URC/urc_ws_interbotix/src/receiver -DCMAKE_INSTALL_PREFIX=/home/admin1/URC/install/receiver
[13.739s] Invoking command in '/home/admin1/URC/build/receiver': CMAKE_PREFIX_PATH=${CMAKE_PREFIX_PATH}:/opt/ros/jazzy DEBUGINFOD_URLS=https://debuginfod.ubuntu.com /usr/bin/cmake --build /home/admin1/URC/build/receiver -- -j4 -l4
[14.144s] [ 50%] [32mBuilding CXX object CMakeFiles/receive.dir/src/receive.cpp.o[0m
[60.047s] [100%] [32m[1mLinking CXX executable receive[0m
[62.188s] [100%] Built target receive
[62.262s] Invoked command in '/home/admin1/URC/build/receiver' returned '0': CMAKE_PREFIX_PATH=${CMAKE_PREFIX_PATH}:/opt/ros/jazzy DEBUGINFOD_URLS=https://debuginfod.ubuntu.com /usr/bin/cmake --build /home/admin1/URC/build/receiver -- -j4 -l4
[62.264s] Invoking command in '/home/admin1/URC/build/receiver': CMAKE_PREFIX_PATH=${CMAKE_PREFIX_PATH}:/opt/ros/jazzy DEBUGINFOD_URLS=https://debuginfod.ubuntu.com /usr/bin/cmake --install /home/admin1/URC/build/receiver
[62.320s] -- Install configuration: ""
[62.322s] -- Installing: /home/admin1/URC/install/receiver/share/receiver/launch
[62.322s] -- Installing: /home/admin1/URC/install/receiver/share/receiver/launch/receiver_launch.py
[62.328s] -- Installing: /home/admin1/URC/install/receiver/lib/receiver/receive
[62.363s] -- Set non-toolchain portion of runtime path of "/home/admin1/URC/install/receiver/lib/receiver/receive" to ""
[62.364s] -- Installing: /home/admin1/URC/install/receiver/share/ament_index/resource_index/package_run_dependencies/receiver
[62.366s] -- Installing: /home/admin1/URC/install/receiver/share/ament_index/resource_index/parent_prefix_path/receiver
[62.368s] -- Installing: /home/admin1/URC/install/receiver/share/receiver/environment/ament_prefix_path.sh
[62.369s] -- Installing: /home/admin1/URC/install/receiver/share/receiver/environment/ament_prefix_path.dsv
[62.370s] -- Installing: /home/admin1/URC/install/receiver/share/receiver/environment/path.sh
[62.372s] -- Installing: /home/admin1/URC/install/receiver/share/receiver/environment/path.dsv
[62.373s] -- Installing: /home/admin1/URC/install/receiver/share/receiver/local_setup.bash
[62.375s] -- Installing: /home/admin1/URC/install/receiver/share/receiver/local_setup.sh
[62.376s] -- Installing: /home/admin1/URC/install/receiver/share/receiver/local_setup.zsh
[62.378s] -- Installing: /home/admin1/URC/install/receiver/share/receiver/local_setup.dsv
[62.380s] -- Installing: /home/admin1/URC/install/receiver/share/receiver/package.dsv
[62.383s] -- Installing: /home/admin1/URC/install/receiver/share/ament_index/resource_index/packages/receiver
[62.384s] -- Installing: /home/admin1/URC/install/receiver/share/receiver/cmake/receiverConfig.cmake
[62.386s] -- Installing: /home/admin1/URC/install/receiver/share/receiver/cmake/receiverConfig-version.cmake
[62.387s] -- Installing: /home/admin1/URC/install/receiver/share/receiver/package.xml
[62.396s] Invoked command in '/home/admin1/URC/build/receiver' returned '0': CMAKE_PREFIX_PATH=${CMAKE_PREFIX_PATH}:/opt/ros/jazzy DEBUGINFOD_URLS=https://debuginfod.ubuntu.com /usr/bin/cmake --install /home/admin1/URC/build/receiver
