[0.320s] Invoking command in '/home/admin1/URC/build/interbotix_xs_msgs': CMAKE_PREFIX_PATH=${CMAKE_PREFIX_PATH}:/opt/ros/jazzy DEBUGINFOD_URLS=https://debuginfod.ubuntu.com /usr/bin/cmake --build /home/admin1/URC/build/interbotix_xs_msgs -- -j4 -l4
[5.867s] [  0%] Built target interbotix_xs_msgs__rosidl_generator_type_description
[5.868s] [  0%] Built target ament_cmake_python_copy_interbotix_xs_msgs
[5.886s] [ 27%] Built target interbotix_xs_msgs__rosidl_generator_c
[7.926s] running egg_info
[8.492s] writing interbotix_xs_msgs.egg-info/PKG-INFO
[8.497s] writing dependency_links to interbotix_xs_msgs.egg-info/dependency_links.txt
[8.498s] writing top-level names to interbotix_xs_msgs.egg-info/top_level.txt
[9.896s] reading manifest file 'interbotix_xs_msgs.egg-info/SOURCES.txt'
[9.906s] writing manifest file 'interbotix_xs_msgs.egg-info/SOURCES.txt'
[10.411s] [ 27%] Built target ament_cmake_python_build_interbotix_xs_msgs_egg
[10.723s] [ 37%] Built target interbotix_xs_msgs__rosidl_typesupport_introspection_c
[11.295s] [ 47%] Built target interbotix_xs_msgs__rosidl_typesupport_c
[11.833s] [ 57%] Built target interbotix_xs_msgs__rosidl_typesupport_fastrtps_c
[12.092s] [ 57%] Built target interbotix_xs_msgs__cpp
[12.471s] [ 67%] Built target interbotix_xs_msgs__rosidl_typesupport_cpp
[12.893s] [ 77%] Built target interbotix_xs_msgs__rosidl_typesupport_introspection_cpp
[13.252s] [ 86%] Built target interbotix_xs_msgs__rosidl_typesupport_fastrtps_cpp
[13.448s] [ 86%] Built target interbotix_xs_msgs
[13.710s] [ 87%] Built target interbotix_xs_msgs__py
[13.971s] [ 96%] Built target interbotix_xs_msgs__rosidl_generator_py
[14.247s] [ 97%] Built target interbotix_xs_msgs_s__rosidl_typesupport_fastrtps_c
[14.500s] [ 98%] Built target interbotix_xs_msgs_s__rosidl_typesupport_c
[14.722s] [100%] Built target interbotix_xs_msgs_s__rosidl_typesupport_introspection_c
[14.934s] Invoked command in '/home/admin1/URC/build/interbotix_xs_msgs' returned '0': CMAKE_PREFIX_PATH=${CMAKE_PREFIX_PATH}:/opt/ros/jazzy DEBUGINFOD_URLS=https://debuginfod.ubuntu.com /usr/bin/cmake --build /home/admin1/URC/build/interbotix_xs_msgs -- -j4 -l4
[15.059s] Invoking command in '/home/admin1/URC/build/interbotix_xs_msgs': CMAKE_PREFIX_PATH=${CMAKE_PREFIX_PATH}:/opt/ros/jazzy DEBUGINFOD_URLS=https://debuginfod.ubuntu.com /usr/bin/cmake --install /home/admin1/URC/build/interbotix_xs_msgs
[15.197s] -- Install configuration: ""
[15.209s] -- Up-to-date: /home/admin1/URC/install/interbotix_xs_msgs/share/ament_index/resource_index/rosidl_interfaces/interbotix_xs_msgs
[15.221s] -- Up-to-date: /home/admin1/URC/install/interbotix_xs_msgs/share/interbotix_xs_msgs/msg/ArmJoy.json
[15.222s] -- Up-to-date: /home/admin1/URC/install/interbotix_xs_msgs/share/interbotix_xs_msgs/msg/HexJoy.json
[15.225s] -- Up-to-date: /home/admin1/URC/install/interbotix_xs_msgs/share/interbotix_xs_msgs/msg/JointGroupCommand.json
[15.227s] -- Up-to-date: /home/admin1/URC/install/interbotix_xs_msgs/share/interbotix_xs_msgs/msg/JointSingleCommand.json
[15.228s] -- Up-to-date: /home/admin1/URC/install/interbotix_xs_msgs/share/interbotix_xs_msgs/msg/JointTemps.json
[15.235s] -- Up-to-date: /home/admin1/URC/install/interbotix_xs_msgs/share/interbotix_xs_msgs/msg/JointTrajectoryCommand.json
[15.240s] -- Up-to-date: /home/admin1/URC/install/interbotix_xs_msgs/share/interbotix_xs_msgs/msg/LocobotJoy.json
[15.244s] -- Up-to-date: /home/admin1/URC/install/interbotix_xs_msgs/share/interbotix_xs_msgs/msg/TurretJoy.json
[15.244s] -- Up-to-date: /home/admin1/URC/install/interbotix_xs_msgs/share/interbotix_xs_msgs/srv/MotorGains.json
[15.250s] -- Up-to-date: /home/admin1/URC/install/interbotix_xs_msgs/share/interbotix_xs_msgs/srv/OperatingModes.json
[15.251s] -- Up-to-date: /home/admin1/URC/install/interbotix_xs_msgs/share/interbotix_xs_msgs/srv/Reboot.json
[15.258s] -- Up-to-date: /home/admin1/URC/install/interbotix_xs_msgs/share/interbotix_xs_msgs/srv/RegisterValues.json
[15.262s] -- Up-to-date: /home/admin1/URC/install/interbotix_xs_msgs/share/interbotix_xs_msgs/srv/RobotInfo.json
[15.269s] -- Up-to-date: /home/admin1/URC/install/interbotix_xs_msgs/share/interbotix_xs_msgs/srv/TorqueEnable.json
[15.270s] -- Up-to-date: /home/admin1/URC/install/interbotix_xs_msgs/include/interbotix_xs_msgs/interbotix_xs_msgs
[15.276s] -- Up-to-date: /home/admin1/URC/install/interbotix_xs_msgs/include/interbotix_xs_msgs/interbotix_xs_msgs/msg
[15.277s] -- Up-to-date: /home/admin1/URC/install/interbotix_xs_msgs/include/interbotix_xs_msgs/interbotix_xs_msgs/msg/joint_temps.h
[15.277s] -- Up-to-date: /home/admin1/URC/install/interbotix_xs_msgs/include/interbotix_xs_msgs/interbotix_xs_msgs/msg/arm_joy.h
[15.278s] -- Up-to-date: /home/admin1/URC/install/interbotix_xs_msgs/include/interbotix_xs_msgs/interbotix_xs_msgs/msg/hex_joy.h
[15.288s] -- Up-to-date: /home/admin1/URC/install/interbotix_xs_msgs/include/interbotix_xs_msgs/interbotix_xs_msgs/msg/joint_trajectory_command.h
[15.289s] -- Up-to-date: /home/admin1/URC/install/interbotix_xs_msgs/include/interbotix_xs_msgs/interbotix_xs_msgs/msg/joint_single_command.h
[15.289s] -- Up-to-date: /home/admin1/URC/install/interbotix_xs_msgs/include/interbotix_xs_msgs/interbotix_xs_msgs/msg/turret_joy.h
[15.290s] -- Up-to-date: /home/admin1/URC/install/interbotix_xs_msgs/include/interbotix_xs_msgs/interbotix_xs_msgs/msg/joint_group_command.h
[15.298s] -- Up-to-date: /home/admin1/URC/install/interbotix_xs_msgs/include/interbotix_xs_msgs/interbotix_xs_msgs/msg/rosidl_generator_c__visibility_control.h
[15.300s] -- Up-to-date: /home/admin1/URC/install/interbotix_xs_msgs/include/interbotix_xs_msgs/interbotix_xs_msgs/msg/detail
[15.300s] -- Up-to-date: /home/admin1/URC/install/interbotix_xs_msgs/include/interbotix_xs_msgs/interbotix_xs_msgs/msg/detail/joint_single_command__type_support.h
[15.306s] -- Up-to-date: /home/admin1/URC/install/interbotix_xs_msgs/include/interbotix_xs_msgs/interbotix_xs_msgs/msg/detail/joint_trajectory_command__functions.c
[15.307s] -- Up-to-date: /home/admin1/URC/install/interbotix_xs_msgs/include/interbotix_xs_msgs/interbotix_xs_msgs/msg/detail/joint_single_command__struct.h
[15.314s] -- Up-to-date: /home/admin1/URC/install/interbotix_xs_msgs/include/interbotix_xs_msgs/interbotix_xs_msgs/msg/detail/joint_single_command__functions.c
[15.315s] -- Up-to-date: /home/admin1/URC/install/interbotix_xs_msgs/include/interbotix_xs_msgs/interbotix_xs_msgs/msg/detail/locobot_joy__description.c
[15.316s] -- Up-to-date: /home/admin1/URC/install/interbotix_xs_msgs/include/interbotix_xs_msgs/interbotix_xs_msgs/msg/detail/joint_temps__type_support.h
[15.322s] -- Up-to-date: /home/admin1/URC/install/interbotix_xs_msgs/include/interbotix_xs_msgs/interbotix_xs_msgs/msg/detail/arm_joy__description.c
[15.323s] -- Up-to-date: /home/admin1/URC/install/interbotix_xs_msgs/include/interbotix_xs_msgs/interbotix_xs_msgs/msg/detail/joint_trajectory_command__functions.h
[15.330s] -- Up-to-date: /home/admin1/URC/install/interbotix_xs_msgs/include/interbotix_xs_msgs/interbotix_xs_msgs/msg/detail/hex_joy__functions.c
[15.331s] -- Installing: /home/admin1/URC/install/interbotix_xs_msgs/include/interbotix_xs_msgs/interbotix_xs_msgs/msg/detail/hex_joy__type_support.c
[15.332s] -- Up-to-date: /home/admin1/URC/install/interbotix_xs_msgs/include/interbotix_xs_msgs/interbotix_xs_msgs/msg/detail/hex_joy__type_support.h
[15.341s] -- Up-to-date: /home/admin1/URC/install/interbotix_xs_msgs/include/interbotix_xs_msgs/interbotix_xs_msgs/msg/detail/joint_group_command__struct.h
[15.352s] -- Up-to-date: /home/admin1/URC/install/interbotix_xs_msgs/include/interbotix_xs_msgs/interbotix_xs_msgs/msg/detail/turret_joy__functions.c
[15.353s] -- Up-to-date: /home/admin1/URC/install/interbotix_xs_msgs/include/interbotix_xs_msgs/interbotix_xs_msgs/msg/detail/joint_temps__functions.c
[15.353s] -- Up-to-date: /home/admin1/URC/install/interbotix_xs_msgs/include/interbotix_xs_msgs/interbotix_xs_msgs/msg/detail/joint_single_command__description.c
[15.354s] -- Up-to-date: /home/admin1/URC/install/interbotix_xs_msgs/include/interbotix_xs_msgs/interbotix_xs_msgs/msg/detail/turret_joy__functions.h
[15.367s] -- Installing: /home/admin1/URC/install/interbotix_xs_msgs/include/interbotix_xs_msgs/interbotix_xs_msgs/msg/detail/turret_joy__type_support.c
[15.371s] -- Up-to-date: /home/admin1/URC/install/interbotix_xs_msgs/include/interbotix_xs_msgs/interbotix_xs_msgs/msg/detail/joint_trajectory_command__type_support.h
[15.376s] -- Up-to-date: /home/admin1/URC/install/interbotix_xs_msgs/include/interbotix_xs_msgs/interbotix_xs_msgs/msg/detail/joint_group_command__type_support.h
[15.381s] -- Up-to-date: /home/admin1/URC/install/interbotix_xs_msgs/include/interbotix_xs_msgs/interbotix_xs_msgs/msg/detail/turret_joy__type_support.h
[15.389s] -- Installing: /home/admin1/URC/install/interbotix_xs_msgs/include/interbotix_xs_msgs/interbotix_xs_msgs/msg/detail/joint_temps__type_support.c
[15.390s] -- Up-to-date: /home/admin1/URC/install/interbotix_xs_msgs/include/interbotix_xs_msgs/interbotix_xs_msgs/msg/detail/joint_group_command__functions.c
[15.397s] -- Up-to-date: /home/admin1/URC/install/interbotix_xs_msgs/include/interbotix_xs_msgs/interbotix_xs_msgs/msg/detail/turret_joy__struct.h
[15.398s] -- Up-to-date: /home/admin1/URC/install/interbotix_xs_msgs/include/interbotix_xs_msgs/interbotix_xs_msgs/msg/detail/joint_temps__functions.h
[15.405s] -- Up-to-date: /home/admin1/URC/install/interbotix_xs_msgs/include/interbotix_xs_msgs/interbotix_xs_msgs/msg/detail/locobot_joy__functions.h
[15.406s] -- Installing: /home/admin1/URC/install/interbotix_xs_msgs/include/interbotix_xs_msgs/interbotix_xs_msgs/msg/detail/joint_group_command__type_support.c
[15.416s] -- Installing: /home/admin1/URC/install/interbotix_xs_msgs/include/interbotix_xs_msgs/interbotix_xs_msgs/msg/detail/locobot_joy__type_support.c
[15.417s] -- Up-to-date: /home/admin1/URC/install/interbotix_xs_msgs/include/interbotix_xs_msgs/interbotix_xs_msgs/msg/detail/joint_trajectory_command__description.c
[15.417s] -- Up-to-date: /home/admin1/URC/install/interbotix_xs_msgs/include/interbotix_xs_msgs/interbotix_xs_msgs/msg/detail/turret_joy__description.c
[15.418s] -- Up-to-date: /home/admin1/URC/install/interbotix_xs_msgs/include/interbotix_xs_msgs/interbotix_xs_msgs/msg/detail/joint_temps__struct.h
[15.418s] -- Up-to-date: /home/admin1/URC/install/interbotix_xs_msgs/include/interbotix_xs_msgs/interbotix_xs_msgs/msg/detail/locobot_joy__type_support.h
[15.430s] -- Up-to-date: /home/admin1/URC/install/interbotix_xs_msgs/include/interbotix_xs_msgs/interbotix_xs_msgs/msg/detail/arm_joy__functions.h
[15.435s] -- Installing: /home/admin1/URC/install/interbotix_xs_msgs/include/interbotix_xs_msgs/interbotix_xs_msgs/msg/detail/arm_joy__type_support.c
[15.440s] -- Up-to-date: /home/admin1/URC/install/interbotix_xs_msgs/include/interbotix_xs_msgs/interbotix_xs_msgs/msg/detail/joint_group_command__description.c
[15.443s] -- Up-to-date: /home/admin1/URC/install/interbotix_xs_msgs/include/interbotix_xs_msgs/interbotix_xs_msgs/msg/detail/locobot_joy__functions.c
[15.449s] -- Up-to-date: /home/admin1/URC/install/interbotix_xs_msgs/include/interbotix_xs_msgs/interbotix_xs_msgs/msg/detail/hex_joy__struct.h
[15.452s] -- Up-to-date: /home/admin1/URC/install/interbotix_xs_msgs/include/interbotix_xs_msgs/interbotix_xs_msgs/msg/detail/arm_joy__type_support.h
[15.452s] -- Up-to-date: /home/admin1/URC/install/interbotix_xs_msgs/include/interbotix_xs_msgs/interbotix_xs_msgs/msg/detail/joint_group_command__functions.h
[15.455s] -- Up-to-date: /home/admin1/URC/install/interbotix_xs_msgs/include/interbotix_xs_msgs/interbotix_xs_msgs/msg/detail/hex_joy__functions.h
[15.456s] -- Up-to-date: /home/admin1/URC/install/interbotix_xs_msgs/include/interbotix_xs_msgs/interbotix_xs_msgs/msg/detail/joint_single_command__functions.h
[15.462s] -- Installing: /home/admin1/URC/install/interbotix_xs_msgs/include/interbotix_xs_msgs/interbotix_xs_msgs/msg/detail/joint_trajectory_command__type_support.c
[15.462s] -- Up-to-date: /home/admin1/URC/install/interbotix_xs_msgs/include/interbotix_xs_msgs/interbotix_xs_msgs/msg/detail/locobot_joy__struct.h
[15.469s] -- Installing: /home/admin1/URC/install/interbotix_xs_msgs/include/interbotix_xs_msgs/interbotix_xs_msgs/msg/detail/joint_single_command__type_support.c
[15.470s] -- Up-to-date: /home/admin1/URC/install/interbotix_xs_msgs/include/interbotix_xs_msgs/interbotix_xs_msgs/msg/detail/hex_joy__description.c
[15.473s] -- Up-to-date: /home/admin1/URC/install/interbotix_xs_msgs/include/interbotix_xs_msgs/interbotix_xs_msgs/msg/detail/arm_joy__struct.h
[15.474s] -- Up-to-date: /home/admin1/URC/install/interbotix_xs_msgs/include/interbotix_xs_msgs/interbotix_xs_msgs/msg/detail/arm_joy__functions.c
[15.474s] -- Up-to-date: /home/admin1/URC/install/interbotix_xs_msgs/include/interbotix_xs_msgs/interbotix_xs_msgs/msg/detail/joint_temps__description.c
[15.475s] -- Up-to-date: /home/admin1/URC/install/interbotix_xs_msgs/include/interbotix_xs_msgs/interbotix_xs_msgs/msg/detail/joint_trajectory_command__struct.h
[15.479s] -- Up-to-date: /home/admin1/URC/install/interbotix_xs_msgs/include/interbotix_xs_msgs/interbotix_xs_msgs/msg/locobot_joy.h
[15.479s] -- Up-to-date: /home/admin1/URC/install/interbotix_xs_msgs/include/interbotix_xs_msgs/interbotix_xs_msgs/srv
[15.480s] -- Up-to-date: /home/admin1/URC/install/interbotix_xs_msgs/include/interbotix_xs_msgs/interbotix_xs_msgs/srv/torque_enable.h
[15.481s] -- Up-to-date: /home/admin1/URC/install/interbotix_xs_msgs/include/interbotix_xs_msgs/interbotix_xs_msgs/srv/reboot.h
[15.481s] -- Up-to-date: /home/admin1/URC/install/interbotix_xs_msgs/include/interbotix_xs_msgs/interbotix_xs_msgs/srv/operating_modes.h
[15.485s] -- Up-to-date: /home/admin1/URC/install/interbotix_xs_msgs/include/interbotix_xs_msgs/interbotix_xs_msgs/srv/register_values.h
[15.486s] -- Up-to-date: /home/admin1/URC/install/interbotix_xs_msgs/include/interbotix_xs_msgs/interbotix_xs_msgs/srv/robot_info.h
[15.486s] -- Up-to-date: /home/admin1/URC/install/interbotix_xs_msgs/include/interbotix_xs_msgs/interbotix_xs_msgs/srv/detail
[15.487s] -- Up-to-date: /home/admin1/URC/install/interbotix_xs_msgs/include/interbotix_xs_msgs/interbotix_xs_msgs/srv/detail/reboot__description.c
[15.488s] -- Up-to-date: /home/admin1/URC/install/interbotix_xs_msgs/include/interbotix_xs_msgs/interbotix_xs_msgs/srv/detail/operating_modes__type_support.h
[15.488s] -- Up-to-date: /home/admin1/URC/install/interbotix_xs_msgs/include/interbotix_xs_msgs/interbotix_xs_msgs/srv/detail/register_values__type_support.h
[15.489s] -- Up-to-date: /home/admin1/URC/install/interbotix_xs_msgs/include/interbotix_xs_msgs/interbotix_xs_msgs/srv/detail/motor_gains__functions.h
[15.493s] -- Installing: /home/admin1/URC/install/interbotix_xs_msgs/include/interbotix_xs_msgs/interbotix_xs_msgs/srv/detail/register_values__type_support.c
[15.493s] -- Up-to-date: /home/admin1/URC/install/interbotix_xs_msgs/include/interbotix_xs_msgs/interbotix_xs_msgs/srv/detail/reboot__functions.c
[15.494s] -- Installing: /home/admin1/URC/install/interbotix_xs_msgs/include/interbotix_xs_msgs/interbotix_xs_msgs/srv/detail/motor_gains__type_support.c
[15.494s] -- Up-to-date: /home/admin1/URC/install/interbotix_xs_msgs/include/interbotix_xs_msgs/interbotix_xs_msgs/srv/detail/reboot__struct.h
[15.498s] -- Up-to-date: /home/admin1/URC/install/interbotix_xs_msgs/include/interbotix_xs_msgs/interbotix_xs_msgs/srv/detail/register_values__description.c
[15.504s] -- Up-to-date: /home/admin1/URC/install/interbotix_xs_msgs/include/interbotix_xs_msgs/interbotix_xs_msgs/srv/detail/robot_info__description.c
[15.505s] -- Installing: /home/admin1/URC/install/interbotix_xs_msgs/include/interbotix_xs_msgs/interbotix_xs_msgs/srv/detail/robot_info__type_support.c
[15.505s] -- Up-to-date: /home/admin1/URC/install/interbotix_xs_msgs/include/interbotix_xs_msgs/interbotix_xs_msgs/srv/detail/operating_modes__struct.h
[15.509s] -- Up-to-date: /home/admin1/URC/install/interbotix_xs_msgs/include/interbotix_xs_msgs/interbotix_xs_msgs/srv/detail/torque_enable__description.c
[15.513s] -- Up-to-date: /home/admin1/URC/install/interbotix_xs_msgs/include/interbotix_xs_msgs/interbotix_xs_msgs/srv/detail/operating_modes__description.c
[15.518s] -- Up-to-date: /home/admin1/URC/install/interbotix_xs_msgs/include/interbotix_xs_msgs/interbotix_xs_msgs/srv/detail/register_values__functions.h
[15.522s] -- Up-to-date: /home/admin1/URC/install/interbotix_xs_msgs/include/interbotix_xs_msgs/interbotix_xs_msgs/srv/detail/motor_gains__description.c
[15.525s] -- Up-to-date: /home/admin1/URC/install/interbotix_xs_msgs/include/interbotix_xs_msgs/interbotix_xs_msgs/srv/detail/reboot__type_support.h
[15.530s] -- Up-to-date: /home/admin1/URC/install/interbotix_xs_msgs/include/interbotix_xs_msgs/interbotix_xs_msgs/srv/detail/robot_info__functions.h
[15.531s] -- Up-to-date: /home/admin1/URC/install/interbotix_xs_msgs/include/interbotix_xs_msgs/interbotix_xs_msgs/srv/detail/torque_enable__functions.h
[15.532s] -- Up-to-date: /home/admin1/URC/install/interbotix_xs_msgs/include/interbotix_xs_msgs/interbotix_xs_msgs/srv/detail/torque_enable__type_support.h
[15.532s] -- Installing: /home/admin1/URC/install/interbotix_xs_msgs/include/interbotix_xs_msgs/interbotix_xs_msgs/srv/detail/torque_enable__type_support.c
[15.535s] -- Up-to-date: /home/admin1/URC/install/interbotix_xs_msgs/include/interbotix_xs_msgs/interbotix_xs_msgs/srv/detail/operating_modes__functions.c
[15.540s] -- Up-to-date: /home/admin1/URC/install/interbotix_xs_msgs/include/interbotix_xs_msgs/interbotix_xs_msgs/srv/detail/motor_gains__functions.c
[15.541s] -- Up-to-date: /home/admin1/URC/install/interbotix_xs_msgs/include/interbotix_xs_msgs/interbotix_xs_msgs/srv/detail/robot_info__functions.c
[15.541s] -- Up-to-date: /home/admin1/URC/install/interbotix_xs_msgs/include/interbotix_xs_msgs/interbotix_xs_msgs/srv/detail/operating_modes__functions.h
[15.542s] -- Up-to-date: /home/admin1/URC/install/interbotix_xs_msgs/include/interbotix_xs_msgs/interbotix_xs_msgs/srv/detail/register_values__functions.c
[15.542s] -- Up-to-date: /home/admin1/URC/install/interbotix_xs_msgs/include/interbotix_xs_msgs/interbotix_xs_msgs/srv/detail/torque_enable__struct.h
[15.547s] -- Up-to-date: /home/admin1/URC/install/interbotix_xs_msgs/include/interbotix_xs_msgs/interbotix_xs_msgs/srv/detail/robot_info__struct.h
[15.548s] -- Up-to-date: /home/admin1/URC/install/interbotix_xs_msgs/include/interbotix_xs_msgs/interbotix_xs_msgs/srv/detail/motor_gains__struct.h
[15.549s] -- Up-to-date: /home/admin1/URC/install/interbotix_xs_msgs/include/interbotix_xs_msgs/interbotix_xs_msgs/srv/detail/register_values__struct.h
[15.552s] -- Up-to-date: /home/admin1/URC/install/interbotix_xs_msgs/include/interbotix_xs_msgs/interbotix_xs_msgs/srv/detail/motor_gains__type_support.h
[15.553s] -- Up-to-date: /home/admin1/URC/install/interbotix_xs_msgs/include/interbotix_xs_msgs/interbotix_xs_msgs/srv/detail/torque_enable__functions.c
[15.554s] -- Installing: /home/admin1/URC/install/interbotix_xs_msgs/include/interbotix_xs_msgs/interbotix_xs_msgs/srv/detail/operating_modes__type_support.c
[15.554s] -- Installing: /home/admin1/URC/install/interbotix_xs_msgs/include/interbotix_xs_msgs/interbotix_xs_msgs/srv/detail/reboot__type_support.c
[15.560s] -- Up-to-date: /home/admin1/URC/install/interbotix_xs_msgs/include/interbotix_xs_msgs/interbotix_xs_msgs/srv/detail/reboot__functions.h
[15.561s] -- Up-to-date: /home/admin1/URC/install/interbotix_xs_msgs/include/interbotix_xs_msgs/interbotix_xs_msgs/srv/detail/robot_info__type_support.h
[15.561s] -- Up-to-date: /home/admin1/URC/install/interbotix_xs_msgs/include/interbotix_xs_msgs/interbotix_xs_msgs/srv/motor_gains.h
[15.562s] -- Up-to-date: /home/admin1/URC/install/interbotix_xs_msgs/share/interbotix_xs_msgs/environment/library_path.sh
[15.562s] -- Up-to-date: /home/admin1/URC/install/interbotix_xs_msgs/share/interbotix_xs_msgs/environment/library_path.dsv
[15.563s] -- Up-to-date: /home/admin1/URC/install/interbotix_xs_msgs/lib/libinterbotix_xs_msgs__rosidl_generator_c.so
[15.564s] -- Up-to-date: /home/admin1/URC/install/interbotix_xs_msgs/include/interbotix_xs_msgs/interbotix_xs_msgs
[15.564s] -- Up-to-date: /home/admin1/URC/install/interbotix_xs_msgs/include/interbotix_xs_msgs/interbotix_xs_msgs/msg
[15.565s] -- Up-to-date: /home/admin1/URC/install/interbotix_xs_msgs/include/interbotix_xs_msgs/interbotix_xs_msgs/msg/rosidl_typesupport_fastrtps_c__visibility_control.h
[15.565s] -- Up-to-date: /home/admin1/URC/install/interbotix_xs_msgs/include/interbotix_xs_msgs/interbotix_xs_msgs/msg/detail
[15.566s] -- Up-to-date: /home/admin1/URC/install/interbotix_xs_msgs/include/interbotix_xs_msgs/interbotix_xs_msgs/msg/detail/joint_trajectory_command__rosidl_typesupport_fastrtps_c.h
[15.567s] -- Up-to-date: /home/admin1/URC/install/interbotix_xs_msgs/include/interbotix_xs_msgs/interbotix_xs_msgs/msg/detail/hex_joy__rosidl_typesupport_fastrtps_c.h
[15.567s] -- Up-to-date: /home/admin1/URC/install/interbotix_xs_msgs/include/interbotix_xs_msgs/interbotix_xs_msgs/msg/detail/arm_joy__rosidl_typesupport_fastrtps_c.h
[15.568s] -- Up-to-date: /home/admin1/URC/install/interbotix_xs_msgs/include/interbotix_xs_msgs/interbotix_xs_msgs/msg/detail/locobot_joy__rosidl_typesupport_fastrtps_c.h
[15.568s] -- Up-to-date: /home/admin1/URC/install/interbotix_xs_msgs/include/interbotix_xs_msgs/interbotix_xs_msgs/msg/detail/joint_temps__rosidl_typesupport_fastrtps_c.h
[15.569s] -- Up-to-date: /home/admin1/URC/install/interbotix_xs_msgs/include/interbotix_xs_msgs/interbotix_xs_msgs/msg/detail/joint_single_command__rosidl_typesupport_fastrtps_c.h
[15.570s] -- Up-to-date: /home/admin1/URC/install/interbotix_xs_msgs/include/interbotix_xs_msgs/interbotix_xs_msgs/msg/detail/joint_group_command__rosidl_typesupport_fastrtps_c.h
[15.571s] -- Up-to-date: /home/admin1/URC/install/interbotix_xs_msgs/include/interbotix_xs_msgs/interbotix_xs_msgs/msg/detail/turret_joy__rosidl_typesupport_fastrtps_c.h
[15.571s] -- Up-to-date: /home/admin1/URC/install/interbotix_xs_msgs/include/interbotix_xs_msgs/interbotix_xs_msgs/srv
[15.572s] -- Up-to-date: /home/admin1/URC/install/interbotix_xs_msgs/include/interbotix_xs_msgs/interbotix_xs_msgs/srv/detail
[15.572s] -- Up-to-date: /home/admin1/URC/install/interbotix_xs_msgs/include/interbotix_xs_msgs/interbotix_xs_msgs/srv/detail/reboot__rosidl_typesupport_fastrtps_c.h
[15.573s] -- Up-to-date: /home/admin1/URC/install/interbotix_xs_msgs/include/interbotix_xs_msgs/interbotix_xs_msgs/srv/detail/motor_gains__rosidl_typesupport_fastrtps_c.h
[15.573s] -- Up-to-date: /home/admin1/URC/install/interbotix_xs_msgs/include/interbotix_xs_msgs/interbotix_xs_msgs/srv/detail/register_values__rosidl_typesupport_fastrtps_c.h
[15.574s] -- Up-to-date: /home/admin1/URC/install/interbotix_xs_msgs/include/interbotix_xs_msgs/interbotix_xs_msgs/srv/detail/torque_enable__rosidl_typesupport_fastrtps_c.h
[15.575s] -- Up-to-date: /home/admin1/URC/install/interbotix_xs_msgs/include/interbotix_xs_msgs/interbotix_xs_msgs/srv/detail/robot_info__rosidl_typesupport_fastrtps_c.h
[15.575s] -- Up-to-date: /home/admin1/URC/install/interbotix_xs_msgs/include/interbotix_xs_msgs/interbotix_xs_msgs/srv/detail/operating_modes__rosidl_typesupport_fastrtps_c.h
[15.576s] -- Up-to-date: /home/admin1/URC/install/interbotix_xs_msgs/lib/libinterbotix_xs_msgs__rosidl_typesupport_fastrtps_c.so
[15.577s] -- Up-to-date: /home/admin1/URC/install/interbotix_xs_msgs/include/interbotix_xs_msgs/interbotix_xs_msgs
[15.577s] -- Up-to-date: /home/admin1/URC/install/interbotix_xs_msgs/include/interbotix_xs_msgs/interbotix_xs_msgs/msg
[15.578s] -- Up-to-date: /home/admin1/URC/install/interbotix_xs_msgs/include/interbotix_xs_msgs/interbotix_xs_msgs/msg/rosidl_typesupport_introspection_c__visibility_control.h
[15.578s] -- Up-to-date: /home/admin1/URC/install/interbotix_xs_msgs/include/interbotix_xs_msgs/interbotix_xs_msgs/msg/detail
[15.579s] -- Up-to-date: /home/admin1/URC/install/interbotix_xs_msgs/include/interbotix_xs_msgs/interbotix_xs_msgs/msg/detail/turret_joy__rosidl_typesupport_introspection_c.h
[15.580s] -- Up-to-date: /home/admin1/URC/install/interbotix_xs_msgs/include/interbotix_xs_msgs/interbotix_xs_msgs/msg/detail/arm_joy__rosidl_typesupport_introspection_c.h
[15.581s] -- Installing: /home/admin1/URC/install/interbotix_xs_msgs/include/interbotix_xs_msgs/interbotix_xs_msgs/msg/detail/hex_joy__type_support.c
[15.581s] -- Up-to-date: /home/admin1/URC/install/interbotix_xs_msgs/include/interbotix_xs_msgs/interbotix_xs_msgs/msg/detail/joint_group_command__rosidl_typesupport_introspection_c.h
[15.582s] -- Up-to-date: /home/admin1/URC/install/interbotix_xs_msgs/include/interbotix_xs_msgs/interbotix_xs_msgs/msg/detail/joint_temps__rosidl_typesupport_introspection_c.h
[15.583s] -- Installing: /home/admin1/URC/install/interbotix_xs_msgs/include/interbotix_xs_msgs/interbotix_xs_msgs/msg/detail/turret_joy__type_support.c
[15.583s] -- Installing: /home/admin1/URC/install/interbotix_xs_msgs/include/interbotix_xs_msgs/interbotix_xs_msgs/msg/detail/joint_temps__type_support.c
[15.584s] -- Up-to-date: /home/admin1/URC/install/interbotix_xs_msgs/include/interbotix_xs_msgs/interbotix_xs_msgs/msg/detail/locobot_joy__rosidl_typesupport_introspection_c.h
[15.585s] -- Up-to-date: /home/admin1/URC/install/interbotix_xs_msgs/include/interbotix_xs_msgs/interbotix_xs_msgs/msg/detail/joint_single_command__rosidl_typesupport_introspection_c.h
[15.586s] -- Installing: /home/admin1/URC/install/interbotix_xs_msgs/include/interbotix_xs_msgs/interbotix_xs_msgs/msg/detail/joint_group_command__type_support.c
[15.586s] -- Installing: /home/admin1/URC/install/interbotix_xs_msgs/include/interbotix_xs_msgs/interbotix_xs_msgs/msg/detail/locobot_joy__type_support.c
[15.587s] -- Up-to-date: /home/admin1/URC/install/interbotix_xs_msgs/include/interbotix_xs_msgs/interbotix_xs_msgs/msg/detail/hex_joy__rosidl_typesupport_introspection_c.h
[15.587s] -- Installing: /home/admin1/URC/install/interbotix_xs_msgs/include/interbotix_xs_msgs/interbotix_xs_msgs/msg/detail/arm_joy__type_support.c
[15.588s] -- Installing: /home/admin1/URC/install/interbotix_xs_msgs/include/interbotix_xs_msgs/interbotix_xs_msgs/msg/detail/joint_trajectory_command__type_support.c
[15.589s] -- Installing: /home/admin1/URC/install/interbotix_xs_msgs/include/interbotix_xs_msgs/interbotix_xs_msgs/msg/detail/joint_single_command__type_support.c
[15.590s] -- Up-to-date: /home/admin1/URC/install/interbotix_xs_msgs/include/interbotix_xs_msgs/interbotix_xs_msgs/msg/detail/joint_trajectory_command__rosidl_typesupport_introspection_c.h
[15.591s] -- Up-to-date: /home/admin1/URC/install/interbotix_xs_msgs/include/interbotix_xs_msgs/interbotix_xs_msgs/srv
[15.591s] -- Up-to-date: /home/admin1/URC/install/interbotix_xs_msgs/include/interbotix_xs_msgs/interbotix_xs_msgs/srv/detail
[15.592s] -- Up-to-date: /home/admin1/URC/install/interbotix_xs_msgs/include/interbotix_xs_msgs/interbotix_xs_msgs/srv/detail/register_values__rosidl_typesupport_introspection_c.h
[15.593s] -- Up-to-date: /home/admin1/URC/install/interbotix_xs_msgs/include/interbotix_xs_msgs/interbotix_xs_msgs/srv/detail/robot_info__rosidl_typesupport_introspection_c.h
[15.594s] -- Installing: /home/admin1/URC/install/interbotix_xs_msgs/include/interbotix_xs_msgs/interbotix_xs_msgs/srv/detail/register_values__type_support.c
[15.594s] -- Installing: /home/admin1/URC/install/interbotix_xs_msgs/include/interbotix_xs_msgs/interbotix_xs_msgs/srv/detail/motor_gains__type_support.c
[15.595s] -- Up-to-date: /home/admin1/URC/install/interbotix_xs_msgs/include/interbotix_xs_msgs/interbotix_xs_msgs/srv/detail/torque_enable__rosidl_typesupport_introspection_c.h
[15.595s] -- Up-to-date: /home/admin1/URC/install/interbotix_xs_msgs/include/interbotix_xs_msgs/interbotix_xs_msgs/srv/detail/motor_gains__rosidl_typesupport_introspection_c.h
[15.596s] -- Installing: /home/admin1/URC/install/interbotix_xs_msgs/include/interbotix_xs_msgs/interbotix_xs_msgs/srv/detail/robot_info__type_support.c
[15.597s] -- Up-to-date: /home/admin1/URC/install/interbotix_xs_msgs/include/interbotix_xs_msgs/interbotix_xs_msgs/srv/detail/operating_modes__rosidl_typesupport_introspection_c.h
[15.598s] -- Installing: /home/admin1/URC/install/interbotix_xs_msgs/include/interbotix_xs_msgs/interbotix_xs_msgs/srv/detail/torque_enable__type_support.c
[15.598s] -- Up-to-date: /home/admin1/URC/install/interbotix_xs_msgs/include/interbotix_xs_msgs/interbotix_xs_msgs/srv/detail/reboot__rosidl_typesupport_introspection_c.h
[15.599s] -- Installing: /home/admin1/URC/install/interbotix_xs_msgs/include/interbotix_xs_msgs/interbotix_xs_msgs/srv/detail/operating_modes__type_support.c
[15.603s] -- Installing: /home/admin1/URC/install/interbotix_xs_msgs/include/interbotix_xs_msgs/interbotix_xs_msgs/srv/detail/reboot__type_support.c
[15.604s] -- Up-to-date: /home/admin1/URC/install/interbotix_xs_msgs/lib/libinterbotix_xs_msgs__rosidl_typesupport_introspection_c.so
[15.605s] -- Up-to-date: /home/admin1/URC/install/interbotix_xs_msgs/lib/libinterbotix_xs_msgs__rosidl_typesupport_c.so
[15.606s] -- Up-to-date: /home/admin1/URC/install/interbotix_xs_msgs/include/interbotix_xs_msgs/interbotix_xs_msgs
[15.606s] -- Up-to-date: /home/admin1/URC/install/interbotix_xs_msgs/include/interbotix_xs_msgs/interbotix_xs_msgs/msg
[15.608s] -- Up-to-date: /home/admin1/URC/install/interbotix_xs_msgs/include/interbotix_xs_msgs/interbotix_xs_msgs/msg/turret_joy.hpp
[15.608s] -- Up-to-date: /home/admin1/URC/install/interbotix_xs_msgs/include/interbotix_xs_msgs/interbotix_xs_msgs/msg/joint_group_command.hpp
[15.609s] -- Up-to-date: /home/admin1/URC/install/interbotix_xs_msgs/include/interbotix_xs_msgs/interbotix_xs_msgs/msg/rosidl_generator_cpp__visibility_control.hpp
[15.611s] -- Up-to-date: /home/admin1/URC/install/interbotix_xs_msgs/include/interbotix_xs_msgs/interbotix_xs_msgs/msg/locobot_joy.hpp
[15.611s] -- Up-to-date: /home/admin1/URC/install/interbotix_xs_msgs/include/interbotix_xs_msgs/interbotix_xs_msgs/msg/detail
[15.612s] -- Up-to-date: /home/admin1/URC/install/interbotix_xs_msgs/include/interbotix_xs_msgs/interbotix_xs_msgs/msg/detail/joint_single_command__type_support.hpp
[15.616s] -- Up-to-date: /home/admin1/URC/install/interbotix_xs_msgs/include/interbotix_xs_msgs/interbotix_xs_msgs/msg/detail/turret_joy__type_support.hpp
[15.617s] -- Up-to-date: /home/admin1/URC/install/interbotix_xs_msgs/include/interbotix_xs_msgs/interbotix_xs_msgs/msg/detail/locobot_joy__builder.hpp
[15.618s] -- Up-to-date: /home/admin1/URC/install/interbotix_xs_msgs/include/interbotix_xs_msgs/interbotix_xs_msgs/msg/detail/joint_group_command__traits.hpp
[15.625s] -- Up-to-date: /home/admin1/URC/install/interbotix_xs_msgs/include/interbotix_xs_msgs/interbotix_xs_msgs/msg/detail/turret_joy__struct.hpp
[15.626s] -- Up-to-date: /home/admin1/URC/install/interbotix_xs_msgs/include/interbotix_xs_msgs/interbotix_xs_msgs/msg/detail/joint_trajectory_command__builder.hpp
[15.626s] -- Up-to-date: /home/admin1/URC/install/interbotix_xs_msgs/include/interbotix_xs_msgs/interbotix_xs_msgs/msg/detail/joint_group_command__type_support.hpp
[15.627s] -- Up-to-date: /home/admin1/URC/install/interbotix_xs_msgs/include/interbotix_xs_msgs/interbotix_xs_msgs/msg/detail/arm_joy__traits.hpp
[15.631s] -- Up-to-date: /home/admin1/URC/install/interbotix_xs_msgs/include/interbotix_xs_msgs/interbotix_xs_msgs/msg/detail/arm_joy__struct.hpp
[15.632s] -- Up-to-date: /home/admin1/URC/install/interbotix_xs_msgs/include/interbotix_xs_msgs/interbotix_xs_msgs/msg/detail/joint_group_command__builder.hpp
[15.632s] -- Up-to-date: /home/admin1/URC/install/interbotix_xs_msgs/include/interbotix_xs_msgs/interbotix_xs_msgs/msg/detail/turret_joy__builder.hpp
[15.638s] -- Up-to-date: /home/admin1/URC/install/interbotix_xs_msgs/include/interbotix_xs_msgs/interbotix_xs_msgs/msg/detail/hex_joy__traits.hpp
[15.642s] -- Up-to-date: /home/admin1/URC/install/interbotix_xs_msgs/include/interbotix_xs_msgs/interbotix_xs_msgs/msg/detail/arm_joy__builder.hpp
[15.642s] -- Up-to-date: /home/admin1/URC/install/interbotix_xs_msgs/include/interbotix_xs_msgs/interbotix_xs_msgs/msg/detail/joint_trajectory_command__struct.hpp
[15.644s] -- Up-to-date: /home/admin1/URC/install/interbotix_xs_msgs/include/interbotix_xs_msgs/interbotix_xs_msgs/msg/detail/locobot_joy__type_support.hpp
[15.646s] -- Up-to-date: /home/admin1/URC/install/interbotix_xs_msgs/include/interbotix_xs_msgs/interbotix_xs_msgs/msg/detail/turret_joy__traits.hpp
[15.649s] -- Up-to-date: /home/admin1/URC/install/interbotix_xs_msgs/include/interbotix_xs_msgs/interbotix_xs_msgs/msg/detail/joint_single_command__struct.hpp
[15.650s] -- Up-to-date: /home/admin1/URC/install/interbotix_xs_msgs/include/interbotix_xs_msgs/interbotix_xs_msgs/msg/detail/joint_temps__struct.hpp
[15.654s] -- Up-to-date: /home/admin1/URC/install/interbotix_xs_msgs/include/interbotix_xs_msgs/interbotix_xs_msgs/msg/detail/locobot_joy__struct.hpp
[15.655s] -- Up-to-date: /home/admin1/URC/install/interbotix_xs_msgs/include/interbotix_xs_msgs/interbotix_xs_msgs/msg/detail/joint_single_command__traits.hpp
[15.655s] -- Up-to-date: /home/admin1/URC/install/interbotix_xs_msgs/include/interbotix_xs_msgs/interbotix_xs_msgs/msg/detail/hex_joy__struct.hpp
[15.656s] -- Up-to-date: /home/admin1/URC/install/interbotix_xs_msgs/include/interbotix_xs_msgs/interbotix_xs_msgs/msg/detail/joint_temps__type_support.hpp
[15.660s] -- Up-to-date: /home/admin1/URC/install/interbotix_xs_msgs/include/interbotix_xs_msgs/interbotix_xs_msgs/msg/detail/arm_joy__type_support.hpp
[15.660s] -- Up-to-date: /home/admin1/URC/install/interbotix_xs_msgs/include/interbotix_xs_msgs/interbotix_xs_msgs/msg/detail/joint_temps__builder.hpp
[15.661s] -- Up-to-date: /home/admin1/URC/install/interbotix_xs_msgs/include/interbotix_xs_msgs/interbotix_xs_msgs/msg/detail/joint_trajectory_command__traits.hpp
[15.661s] -- Up-to-date: /home/admin1/URC/install/interbotix_xs_msgs/include/interbotix_xs_msgs/interbotix_xs_msgs/msg/detail/hex_joy__type_support.hpp
[15.662s] -- Up-to-date: /home/admin1/URC/install/interbotix_xs_msgs/include/interbotix_xs_msgs/interbotix_xs_msgs/msg/detail/locobot_joy__traits.hpp
[15.662s] -- Up-to-date: /home/admin1/URC/install/interbotix_xs_msgs/include/interbotix_xs_msgs/interbotix_xs_msgs/msg/detail/joint_group_command__struct.hpp
[15.663s] -- Up-to-date: /home/admin1/URC/install/interbotix_xs_msgs/include/interbotix_xs_msgs/interbotix_xs_msgs/msg/detail/joint_temps__traits.hpp
[15.663s] -- Up-to-date: /home/admin1/URC/install/interbotix_xs_msgs/include/interbotix_xs_msgs/interbotix_xs_msgs/msg/detail/joint_trajectory_command__type_support.hpp
[15.667s] -- Up-to-date: /home/admin1/URC/install/interbotix_xs_msgs/include/interbotix_xs_msgs/interbotix_xs_msgs/msg/detail/joint_single_command__builder.hpp
[15.668s] -- Up-to-date: /home/admin1/URC/install/interbotix_xs_msgs/include/interbotix_xs_msgs/interbotix_xs_msgs/msg/detail/hex_joy__builder.hpp
[15.669s] -- Up-to-date: /home/admin1/URC/install/interbotix_xs_msgs/include/interbotix_xs_msgs/interbotix_xs_msgs/msg/joint_trajectory_command.hpp
[15.670s] -- Up-to-date: /home/admin1/URC/install/interbotix_xs_msgs/include/interbotix_xs_msgs/interbotix_xs_msgs/msg/joint_single_command.hpp
[15.671s] -- Up-to-date: /home/admin1/URC/install/interbotix_xs_msgs/include/interbotix_xs_msgs/interbotix_xs_msgs/msg/arm_joy.hpp
[15.671s] -- Up-to-date: /home/admin1/URC/install/interbotix_xs_msgs/include/interbotix_xs_msgs/interbotix_xs_msgs/msg/hex_joy.hpp
[15.676s] -- Up-to-date: /home/admin1/URC/install/interbotix_xs_msgs/include/interbotix_xs_msgs/interbotix_xs_msgs/msg/joint_temps.hpp
[15.677s] -- Up-to-date: /home/admin1/URC/install/interbotix_xs_msgs/include/interbotix_xs_msgs/interbotix_xs_msgs/srv
[15.677s] -- Up-to-date: /home/admin1/URC/install/interbotix_xs_msgs/include/interbotix_xs_msgs/interbotix_xs_msgs/srv/register_values.hpp
[15.678s] -- Up-to-date: /home/admin1/URC/install/interbotix_xs_msgs/include/interbotix_xs_msgs/interbotix_xs_msgs/srv/motor_gains.hpp
[15.683s] -- Up-to-date: /home/admin1/URC/install/interbotix_xs_msgs/include/interbotix_xs_msgs/interbotix_xs_msgs/srv/operating_modes.hpp
[15.683s] -- Up-to-date: /home/admin1/URC/install/interbotix_xs_msgs/include/interbotix_xs_msgs/interbotix_xs_msgs/srv/robot_info.hpp
[15.684s] -- Up-to-date: /home/admin1/URC/install/interbotix_xs_msgs/include/interbotix_xs_msgs/interbotix_xs_msgs/srv/reboot.hpp
[15.685s] -- Up-to-date: /home/admin1/URC/install/interbotix_xs_msgs/include/interbotix_xs_msgs/interbotix_xs_msgs/srv/detail
[15.685s] -- Up-to-date: /home/admin1/URC/install/interbotix_xs_msgs/include/interbotix_xs_msgs/interbotix_xs_msgs/srv/detail/robot_info__traits.hpp
[15.689s] -- Up-to-date: /home/admin1/URC/install/interbotix_xs_msgs/include/interbotix_xs_msgs/interbotix_xs_msgs/srv/detail/motor_gains__type_support.hpp
[15.692s] -- Up-to-date: /home/admin1/URC/install/interbotix_xs_msgs/include/interbotix_xs_msgs/interbotix_xs_msgs/srv/detail/register_values__struct.hpp
[15.692s] -- Up-to-date: /home/admin1/URC/install/interbotix_xs_msgs/include/interbotix_xs_msgs/interbotix_xs_msgs/srv/detail/register_values__traits.hpp
[15.696s] -- Up-to-date: /home/admin1/URC/install/interbotix_xs_msgs/include/interbotix_xs_msgs/interbotix_xs_msgs/srv/detail/motor_gains__traits.hpp
[15.697s] -- Up-to-date: /home/admin1/URC/install/interbotix_xs_msgs/include/interbotix_xs_msgs/interbotix_xs_msgs/srv/detail/robot_info__builder.hpp
[15.697s] -- Up-to-date: /home/admin1/URC/install/interbotix_xs_msgs/include/interbotix_xs_msgs/interbotix_xs_msgs/srv/detail/register_values__type_support.hpp
[15.701s] -- Up-to-date: /home/admin1/URC/install/interbotix_xs_msgs/include/interbotix_xs_msgs/interbotix_xs_msgs/srv/detail/operating_modes__builder.hpp
[15.702s] -- Up-to-date: /home/admin1/URC/install/interbotix_xs_msgs/include/interbotix_xs_msgs/interbotix_xs_msgs/srv/detail/operating_modes__struct.hpp
[15.703s] -- Up-to-date: /home/admin1/URC/install/interbotix_xs_msgs/include/interbotix_xs_msgs/interbotix_xs_msgs/srv/detail/robot_info__struct.hpp
[15.706s] -- Up-to-date: /home/admin1/URC/install/interbotix_xs_msgs/include/interbotix_xs_msgs/interbotix_xs_msgs/srv/detail/torque_enable__struct.hpp
[15.707s] -- Up-to-date: /home/admin1/URC/install/interbotix_xs_msgs/include/interbotix_xs_msgs/interbotix_xs_msgs/srv/detail/reboot__builder.hpp
[15.713s] -- Up-to-date: /home/admin1/URC/install/interbotix_xs_msgs/include/interbotix_xs_msgs/interbotix_xs_msgs/srv/detail/operating_modes__type_support.hpp
[15.714s] -- Up-to-date: /home/admin1/URC/install/interbotix_xs_msgs/include/interbotix_xs_msgs/interbotix_xs_msgs/srv/detail/torque_enable__type_support.hpp
[15.715s] -- Up-to-date: /home/admin1/URC/install/interbotix_xs_msgs/include/interbotix_xs_msgs/interbotix_xs_msgs/srv/detail/torque_enable__traits.hpp
[15.716s] -- Up-to-date: /home/admin1/URC/install/interbotix_xs_msgs/include/interbotix_xs_msgs/interbotix_xs_msgs/srv/detail/reboot__type_support.hpp
[15.716s] -- Up-to-date: /home/admin1/URC/install/interbotix_xs_msgs/include/interbotix_xs_msgs/interbotix_xs_msgs/srv/detail/torque_enable__builder.hpp
[15.717s] -- Up-to-date: /home/admin1/URC/install/interbotix_xs_msgs/include/interbotix_xs_msgs/interbotix_xs_msgs/srv/detail/robot_info__type_support.hpp
[15.718s] -- Up-to-date: /home/admin1/URC/install/interbotix_xs_msgs/include/interbotix_xs_msgs/interbotix_xs_msgs/srv/detail/reboot__traits.hpp
[15.722s] -- Up-to-date: /home/admin1/URC/install/interbotix_xs_msgs/include/interbotix_xs_msgs/interbotix_xs_msgs/srv/detail/motor_gains__struct.hpp
[15.723s] -- Up-to-date: /home/admin1/URC/install/interbotix_xs_msgs/include/interbotix_xs_msgs/interbotix_xs_msgs/srv/detail/motor_gains__builder.hpp
[15.723s] -- Up-to-date: /home/admin1/URC/install/interbotix_xs_msgs/include/interbotix_xs_msgs/interbotix_xs_msgs/srv/detail/reboot__struct.hpp
[15.724s] -- Up-to-date: /home/admin1/URC/install/interbotix_xs_msgs/include/interbotix_xs_msgs/interbotix_xs_msgs/srv/detail/operating_modes__traits.hpp
[15.733s] -- Up-to-date: /home/admin1/URC/install/interbotix_xs_msgs/include/interbotix_xs_msgs/interbotix_xs_msgs/srv/detail/register_values__builder.hpp
[15.734s] -- Up-to-date: /home/admin1/URC/install/interbotix_xs_msgs/include/interbotix_xs_msgs/interbotix_xs_msgs/srv/torque_enable.hpp
[15.735s] -- Up-to-date: /home/admin1/URC/install/interbotix_xs_msgs/include/interbotix_xs_msgs/interbotix_xs_msgs
[15.741s] -- Up-to-date: /home/admin1/URC/install/interbotix_xs_msgs/include/interbotix_xs_msgs/interbotix_xs_msgs/msg
[15.742s] -- Up-to-date: /home/admin1/URC/install/interbotix_xs_msgs/include/interbotix_xs_msgs/interbotix_xs_msgs/msg/rosidl_typesupport_fastrtps_cpp__visibility_control.h
[15.743s] -- Up-to-date: /home/admin1/URC/install/interbotix_xs_msgs/include/interbotix_xs_msgs/interbotix_xs_msgs/msg/detail
[15.747s] -- Up-to-date: /home/admin1/URC/install/interbotix_xs_msgs/include/interbotix_xs_msgs/interbotix_xs_msgs/msg/detail/joint_temps__rosidl_typesupport_fastrtps_cpp.hpp
[15.748s] -- Up-to-date: /home/admin1/URC/install/interbotix_xs_msgs/include/interbotix_xs_msgs/interbotix_xs_msgs/msg/detail/joint_trajectory_command__rosidl_typesupport_fastrtps_cpp.hpp
[15.749s] -- Up-to-date: /home/admin1/URC/install/interbotix_xs_msgs/include/interbotix_xs_msgs/interbotix_xs_msgs/msg/detail/joint_group_command__rosidl_typesupport_fastrtps_cpp.hpp
[15.751s] -- Up-to-date: /home/admin1/URC/install/interbotix_xs_msgs/include/interbotix_xs_msgs/interbotix_xs_msgs/msg/detail/dds_fastrtps
[15.752s] -- Up-to-date: /home/admin1/URC/install/interbotix_xs_msgs/include/interbotix_xs_msgs/interbotix_xs_msgs/msg/detail/turret_joy__rosidl_typesupport_fastrtps_cpp.hpp
[15.753s] -- Up-to-date: /home/admin1/URC/install/interbotix_xs_msgs/include/interbotix_xs_msgs/interbotix_xs_msgs/msg/detail/joint_single_command__rosidl_typesupport_fastrtps_cpp.hpp
[15.754s] -- Up-to-date: /home/admin1/URC/install/interbotix_xs_msgs/include/interbotix_xs_msgs/interbotix_xs_msgs/msg/detail/locobot_joy__rosidl_typesupport_fastrtps_cpp.hpp
[15.758s] -- Up-to-date: /home/admin1/URC/install/interbotix_xs_msgs/include/interbotix_xs_msgs/interbotix_xs_msgs/msg/detail/arm_joy__rosidl_typesupport_fastrtps_cpp.hpp
[15.763s] -- Up-to-date: /home/admin1/URC/install/interbotix_xs_msgs/include/interbotix_xs_msgs/interbotix_xs_msgs/msg/detail/hex_joy__rosidl_typesupport_fastrtps_cpp.hpp
[15.764s] -- Up-to-date: /home/admin1/URC/install/interbotix_xs_msgs/include/interbotix_xs_msgs/interbotix_xs_msgs/srv
[15.766s] -- Up-to-date: /home/admin1/URC/install/interbotix_xs_msgs/include/interbotix_xs_msgs/interbotix_xs_msgs/srv/detail
[15.766s] -- Up-to-date: /home/admin1/URC/install/interbotix_xs_msgs/include/interbotix_xs_msgs/interbotix_xs_msgs/srv/detail/register_values__rosidl_typesupport_fastrtps_cpp.hpp
[15.771s] -- Up-to-date: /home/admin1/URC/install/interbotix_xs_msgs/include/interbotix_xs_msgs/interbotix_xs_msgs/srv/detail/robot_info__rosidl_typesupport_fastrtps_cpp.hpp
[15.772s] -- Up-to-date: /home/admin1/URC/install/interbotix_xs_msgs/include/interbotix_xs_msgs/interbotix_xs_msgs/srv/detail/torque_enable__rosidl_typesupport_fastrtps_cpp.hpp
[15.772s] -- Up-to-date: /home/admin1/URC/install/interbotix_xs_msgs/include/interbotix_xs_msgs/interbotix_xs_msgs/srv/detail/reboot__rosidl_typesupport_fastrtps_cpp.hpp
[15.775s] -- Up-to-date: /home/admin1/URC/install/interbotix_xs_msgs/include/interbotix_xs_msgs/interbotix_xs_msgs/srv/detail/operating_modes__rosidl_typesupport_fastrtps_cpp.hpp
[15.776s] -- Up-to-date: /home/admin1/URC/install/interbotix_xs_msgs/include/interbotix_xs_msgs/interbotix_xs_msgs/srv/detail/dds_fastrtps
[15.777s] -- Up-to-date: /home/admin1/URC/install/interbotix_xs_msgs/include/interbotix_xs_msgs/interbotix_xs_msgs/srv/detail/motor_gains__rosidl_typesupport_fastrtps_cpp.hpp
[15.781s] -- Up-to-date: /home/admin1/URC/install/interbotix_xs_msgs/lib/libinterbotix_xs_msgs__rosidl_typesupport_fastrtps_cpp.so
[15.781s] -- Up-to-date: /home/admin1/URC/install/interbotix_xs_msgs/include/interbotix_xs_msgs/interbotix_xs_msgs
[15.782s] -- Up-to-date: /home/admin1/URC/install/interbotix_xs_msgs/include/interbotix_xs_msgs/interbotix_xs_msgs/msg
[15.786s] -- Up-to-date: /home/admin1/URC/install/interbotix_xs_msgs/include/interbotix_xs_msgs/interbotix_xs_msgs/msg/detail
[15.787s] -- Up-to-date: /home/admin1/URC/install/interbotix_xs_msgs/include/interbotix_xs_msgs/interbotix_xs_msgs/msg/detail/joint_group_command__type_support.cpp
[15.787s] -- Up-to-date: /home/admin1/URC/install/interbotix_xs_msgs/include/interbotix_xs_msgs/interbotix_xs_msgs/msg/detail/joint_trajectory_command__rosidl_typesupport_introspection_cpp.hpp
[15.789s] -- Up-to-date: /home/admin1/URC/install/interbotix_xs_msgs/include/interbotix_xs_msgs/interbotix_xs_msgs/msg/detail/locobot_joy__rosidl_typesupport_introspection_cpp.hpp
[15.789s] -- Up-to-date: /home/admin1/URC/install/interbotix_xs_msgs/include/interbotix_xs_msgs/interbotix_xs_msgs/msg/detail/joint_temps__rosidl_typesupport_introspection_cpp.hpp
[15.790s] -- Up-to-date: /home/admin1/URC/install/interbotix_xs_msgs/include/interbotix_xs_msgs/interbotix_xs_msgs/msg/detail/joint_trajectory_command__type_support.cpp
[15.794s] -- Up-to-date: /home/admin1/URC/install/interbotix_xs_msgs/include/interbotix_xs_msgs/interbotix_xs_msgs/msg/detail/joint_single_command__type_support.cpp
[15.794s] -- Up-to-date: /home/admin1/URC/install/interbotix_xs_msgs/include/interbotix_xs_msgs/interbotix_xs_msgs/msg/detail/arm_joy__rosidl_typesupport_introspection_cpp.hpp
[15.797s] -- Up-to-date: /home/admin1/URC/install/interbotix_xs_msgs/include/interbotix_xs_msgs/interbotix_xs_msgs/msg/detail/arm_joy__type_support.cpp
[15.799s] -- Up-to-date: /home/admin1/URC/install/interbotix_xs_msgs/include/interbotix_xs_msgs/interbotix_xs_msgs/msg/detail/hex_joy__type_support.cpp
[15.800s] -- Up-to-date: /home/admin1/URC/install/interbotix_xs_msgs/include/interbotix_xs_msgs/interbotix_xs_msgs/msg/detail/joint_group_command__rosidl_typesupport_introspection_cpp.hpp
[15.802s] -- Up-to-date: /home/admin1/URC/install/interbotix_xs_msgs/include/interbotix_xs_msgs/interbotix_xs_msgs/msg/detail/turret_joy__rosidl_typesupport_introspection_cpp.hpp
[15.807s] -- Up-to-date: /home/admin1/URC/install/interbotix_xs_msgs/include/interbotix_xs_msgs/interbotix_xs_msgs/msg/detail/locobot_joy__type_support.cpp
[15.810s] -- Up-to-date: /home/admin1/URC/install/interbotix_xs_msgs/include/interbotix_xs_msgs/interbotix_xs_msgs/msg/detail/joint_single_command__rosidl_typesupport_introspection_cpp.hpp
[15.811s] -- Up-to-date: /home/admin1/URC/install/interbotix_xs_msgs/include/interbotix_xs_msgs/interbotix_xs_msgs/msg/detail/joint_temps__type_support.cpp
[15.814s] -- Up-to-date: /home/admin1/URC/install/interbotix_xs_msgs/include/interbotix_xs_msgs/interbotix_xs_msgs/msg/detail/hex_joy__rosidl_typesupport_introspection_cpp.hpp
[15.817s] -- Up-to-date: /home/admin1/URC/install/interbotix_xs_msgs/include/interbotix_xs_msgs/interbotix_xs_msgs/msg/detail/turret_joy__type_support.cpp
[15.819s] -- Up-to-date: /home/admin1/URC/install/interbotix_xs_msgs/include/interbotix_xs_msgs/interbotix_xs_msgs/srv
[15.823s] -- Up-to-date: /home/admin1/URC/install/interbotix_xs_msgs/include/interbotix_xs_msgs/interbotix_xs_msgs/srv/detail
[15.825s] -- Up-to-date: /home/admin1/URC/install/interbotix_xs_msgs/include/interbotix_xs_msgs/interbotix_xs_msgs/srv/detail/robot_info__rosidl_typesupport_introspection_cpp.hpp
[15.826s] -- Up-to-date: /home/admin1/URC/install/interbotix_xs_msgs/include/interbotix_xs_msgs/interbotix_xs_msgs/srv/detail/torque_enable__rosidl_typesupport_introspection_cpp.hpp
[15.829s] -- Up-to-date: /home/admin1/URC/install/interbotix_xs_msgs/include/interbotix_xs_msgs/interbotix_xs_msgs/srv/detail/torque_enable__type_support.cpp
[15.830s] -- Up-to-date: /home/admin1/URC/install/interbotix_xs_msgs/include/interbotix_xs_msgs/interbotix_xs_msgs/srv/detail/operating_modes__rosidl_typesupport_introspection_cpp.hpp
[15.831s] -- Up-to-date: /home/admin1/URC/install/interbotix_xs_msgs/include/interbotix_xs_msgs/interbotix_xs_msgs/srv/detail/motor_gains__type_support.cpp
[15.832s] -- Up-to-date: /home/admin1/URC/install/interbotix_xs_msgs/include/interbotix_xs_msgs/interbotix_xs_msgs/srv/detail/robot_info__type_support.cpp
[15.836s] -- Up-to-date: /home/admin1/URC/install/interbotix_xs_msgs/include/interbotix_xs_msgs/interbotix_xs_msgs/srv/detail/reboot__type_support.cpp
[15.836s] -- Up-to-date: /home/admin1/URC/install/interbotix_xs_msgs/include/interbotix_xs_msgs/interbotix_xs_msgs/srv/detail/register_values__type_support.cpp
[15.839s] -- Up-to-date: /home/admin1/URC/install/interbotix_xs_msgs/include/interbotix_xs_msgs/interbotix_xs_msgs/srv/detail/reboot__rosidl_typesupport_introspection_cpp.hpp
[15.840s] -- Up-to-date: /home/admin1/URC/install/interbotix_xs_msgs/include/interbotix_xs_msgs/interbotix_xs_msgs/srv/detail/operating_modes__type_support.cpp
[15.844s] -- Up-to-date: /home/admin1/URC/install/interbotix_xs_msgs/include/interbotix_xs_msgs/interbotix_xs_msgs/srv/detail/motor_gains__rosidl_typesupport_introspection_cpp.hpp
[15.845s] -- Up-to-date: /home/admin1/URC/install/interbotix_xs_msgs/include/interbotix_xs_msgs/interbotix_xs_msgs/srv/detail/register_values__rosidl_typesupport_introspection_cpp.hpp
[15.846s] -- Up-to-date: /home/admin1/URC/install/interbotix_xs_msgs/lib/libinterbotix_xs_msgs__rosidl_typesupport_introspection_cpp.so
[15.850s] -- Up-to-date: /home/admin1/URC/install/interbotix_xs_msgs/lib/libinterbotix_xs_msgs__rosidl_typesupport_cpp.so
[15.851s] -- Up-to-date: /home/admin1/URC/install/interbotix_xs_msgs/share/interbotix_xs_msgs/environment/pythonpath.sh
[15.856s] -- Up-to-date: /home/admin1/URC/install/interbotix_xs_msgs/share/interbotix_xs_msgs/environment/pythonpath.dsv
[15.857s] -- Up-to-date: /home/admin1/URC/install/interbotix_xs_msgs/lib/python3.12/site-packages/interbotix_xs_msgs-0.0.0-py3.12.egg-info
[15.857s] -- Installing: /home/admin1/URC/install/interbotix_xs_msgs/lib/python3.12/site-packages/interbotix_xs_msgs-0.0.0-py3.12.egg-info/top_level.txt
[15.858s] -- Installing: /home/admin1/URC/install/interbotix_xs_msgs/lib/python3.12/site-packages/interbotix_xs_msgs-0.0.0-py3.12.egg-info/PKG-INFO
[15.858s] -- Installing: /home/admin1/URC/install/interbotix_xs_msgs/lib/python3.12/site-packages/interbotix_xs_msgs-0.0.0-py3.12.egg-info/SOURCES.txt
[15.859s] -- Installing: /home/admin1/URC/install/interbotix_xs_msgs/lib/python3.12/site-packages/interbotix_xs_msgs-0.0.0-py3.12.egg-info/dependency_links.txt
[15.864s] -- Up-to-date: /home/admin1/URC/install/interbotix_xs_msgs/lib/python3.12/site-packages/interbotix_xs_msgs
[15.867s] -- Up-to-date: /home/admin1/URC/install/interbotix_xs_msgs/lib/python3.12/site-packages/interbotix_xs_msgs/interbotix_xs_msgs_s__rosidl_typesupport_introspection_c.so
[15.868s] -- Up-to-date: /home/admin1/URC/install/interbotix_xs_msgs/lib/python3.12/site-packages/interbotix_xs_msgs/_interbotix_xs_msgs_s.ep.rosidl_typesupport_introspection_c.c
[15.871s] -- Up-to-date: /home/admin1/URC/install/interbotix_xs_msgs/lib/python3.12/site-packages/interbotix_xs_msgs/msg
[15.873s] -- Up-to-date: /home/admin1/URC/install/interbotix_xs_msgs/lib/python3.12/site-packages/interbotix_xs_msgs/msg/_joint_temps_s.c
[15.875s] -- Up-to-date: /home/admin1/URC/install/interbotix_xs_msgs/lib/python3.12/site-packages/interbotix_xs_msgs/msg/_joint_temps.py
[15.875s] -- Up-to-date: /home/admin1/URC/install/interbotix_xs_msgs/lib/python3.12/site-packages/interbotix_xs_msgs/msg/_hex_joy.py
[15.881s] -- Up-to-date: /home/admin1/URC/install/interbotix_xs_msgs/lib/python3.12/site-packages/interbotix_xs_msgs/msg/_joint_trajectory_command_s.c
[15.882s] -- Up-to-date: /home/admin1/URC/install/interbotix_xs_msgs/lib/python3.12/site-packages/interbotix_xs_msgs/msg/__init__.py
[15.888s] -- Up-to-date: /home/admin1/URC/install/interbotix_xs_msgs/lib/python3.12/site-packages/interbotix_xs_msgs/msg/_arm_joy.py
[15.889s] -- Up-to-date: /home/admin1/URC/install/interbotix_xs_msgs/lib/python3.12/site-packages/interbotix_xs_msgs/msg/_hex_joy_s.c
[15.890s] -- Up-to-date: /home/admin1/URC/install/interbotix_xs_msgs/lib/python3.12/site-packages/interbotix_xs_msgs/msg/_arm_joy_s.c
[15.893s] -- Up-to-date: /home/admin1/URC/install/interbotix_xs_msgs/lib/python3.12/site-packages/interbotix_xs_msgs/msg/_turret_joy.py
[15.895s] -- Up-to-date: /home/admin1/URC/install/interbotix_xs_msgs/lib/python3.12/site-packages/interbotix_xs_msgs/msg/_joint_single_command.py
[15.895s] -- Up-to-date: /home/admin1/URC/install/interbotix_xs_msgs/lib/python3.12/site-packages/interbotix_xs_msgs/msg/_joint_group_command_s.c
[15.896s] -- Up-to-date: /home/admin1/URC/install/interbotix_xs_msgs/lib/python3.12/site-packages/interbotix_xs_msgs/msg/_joint_group_command.py
[15.900s] -- Up-to-date: /home/admin1/URC/install/interbotix_xs_msgs/lib/python3.12/site-packages/interbotix_xs_msgs/msg/_locobot_joy_s.c
[15.902s] -- Up-to-date: /home/admin1/URC/install/interbotix_xs_msgs/lib/python3.12/site-packages/interbotix_xs_msgs/msg/_joint_single_command_s.c
[15.905s] -- Up-to-date: /home/admin1/URC/install/interbotix_xs_msgs/lib/python3.12/site-packages/interbotix_xs_msgs/msg/_joint_trajectory_command.py
[15.910s] -- Up-to-date: /home/admin1/URC/install/interbotix_xs_msgs/lib/python3.12/site-packages/interbotix_xs_msgs/msg/_locobot_joy.py
[15.911s] -- Up-to-date: /home/admin1/URC/install/interbotix_xs_msgs/lib/python3.12/site-packages/interbotix_xs_msgs/msg/_turret_joy_s.c
[15.911s] -- Up-to-date: /home/admin1/URC/install/interbotix_xs_msgs/lib/python3.12/site-packages/interbotix_xs_msgs/__init__.py
[15.914s] -- Up-to-date: /home/admin1/URC/install/interbotix_xs_msgs/lib/python3.12/site-packages/interbotix_xs_msgs/_interbotix_xs_msgs_s.ep.rosidl_typesupport_fastrtps_c.c
[15.915s] -- Up-to-date: /home/admin1/URC/install/interbotix_xs_msgs/lib/python3.12/site-packages/interbotix_xs_msgs/srv
[15.916s] -- Up-to-date: /home/admin1/URC/install/interbotix_xs_msgs/lib/python3.12/site-packages/interbotix_xs_msgs/srv/_register_values_s.c
[15.920s] -- Up-to-date: /home/admin1/URC/install/interbotix_xs_msgs/lib/python3.12/site-packages/interbotix_xs_msgs/srv/_torque_enable_s.c
[15.921s] -- Up-to-date: /home/admin1/URC/install/interbotix_xs_msgs/lib/python3.12/site-packages/interbotix_xs_msgs/srv/_register_values.py
[15.922s] -- Up-to-date: /home/admin1/URC/install/interbotix_xs_msgs/lib/python3.12/site-packages/interbotix_xs_msgs/srv/_operating_modes_s.c
[15.923s] -- Up-to-date: /home/admin1/URC/install/interbotix_xs_msgs/lib/python3.12/site-packages/interbotix_xs_msgs/srv/__init__.py
[15.923s] -- Up-to-date: /home/admin1/URC/install/interbotix_xs_msgs/lib/python3.12/site-packages/interbotix_xs_msgs/srv/_motor_gains.py
[15.927s] -- Up-to-date: /home/admin1/URC/install/interbotix_xs_msgs/lib/python3.12/site-packages/interbotix_xs_msgs/srv/_reboot.py
[15.928s] -- Up-to-date: /home/admin1/URC/install/interbotix_xs_msgs/lib/python3.12/site-packages/interbotix_xs_msgs/srv/_motor_gains_s.c
[15.929s] -- Up-to-date: /home/admin1/URC/install/interbotix_xs_msgs/lib/python3.12/site-packages/interbotix_xs_msgs/srv/_robot_info_s.c
[15.933s] -- Up-to-date: /home/admin1/URC/install/interbotix_xs_msgs/lib/python3.12/site-packages/interbotix_xs_msgs/srv/_reboot_s.c
[15.956s] -- Up-to-date: /home/admin1/URC/install/interbotix_xs_msgs/lib/python3.12/site-packages/interbotix_xs_msgs/srv/_operating_modes.py
[15.960s] -- Up-to-date: /home/admin1/URC/install/interbotix_xs_msgs/lib/python3.12/site-packages/interbotix_xs_msgs/srv/_robot_info.py
[15.963s] -- Up-to-date: /home/admin1/URC/install/interbotix_xs_msgs/lib/python3.12/site-packages/interbotix_xs_msgs/srv/_torque_enable.py
[15.966s] -- Up-to-date: /home/admin1/URC/install/interbotix_xs_msgs/lib/python3.12/site-packages/interbotix_xs_msgs/interbotix_xs_msgs_s__rosidl_typesupport_c.so
[15.967s] -- Up-to-date: /home/admin1/URC/install/interbotix_xs_msgs/lib/python3.12/site-packages/interbotix_xs_msgs/interbotix_xs_msgs_s__rosidl_typesupport_fastrtps_c.so
[15.971s] -- Up-to-date: /home/admin1/URC/install/interbotix_xs_msgs/lib/python3.12/site-packages/interbotix_xs_msgs/_interbotix_xs_msgs_s.ep.rosidl_typesupport_c.c
[16.495s] Listing '/home/admin1/URC/install/interbotix_xs_msgs/lib/python3.12/site-packages/interbotix_xs_msgs'...
[16.496s] Listing '/home/admin1/URC/install/interbotix_xs_msgs/lib/python3.12/site-packages/interbotix_xs_msgs/msg'...
[16.498s] Listing '/home/admin1/URC/install/interbotix_xs_msgs/lib/python3.12/site-packages/interbotix_xs_msgs/srv'...
[16.666s] -- Up-to-date: /home/admin1/URC/install/interbotix_xs_msgs/lib/python3.12/site-packages/interbotix_xs_msgs/interbotix_xs_msgs_s__rosidl_typesupport_fastrtps_c.so
[16.691s] -- Up-to-date: /home/admin1/URC/install/interbotix_xs_msgs/lib/python3.12/site-packages/interbotix_xs_msgs/interbotix_xs_msgs_s__rosidl_typesupport_introspection_c.so
[16.712s] -- Up-to-date: /home/admin1/URC/install/interbotix_xs_msgs/lib/python3.12/site-packages/interbotix_xs_msgs/interbotix_xs_msgs_s__rosidl_typesupport_c.so
[16.721s] -- Up-to-date: /home/admin1/URC/install/interbotix_xs_msgs/lib/libinterbotix_xs_msgs__rosidl_generator_py.so
[16.724s] -- Up-to-date: /home/admin1/URC/install/interbotix_xs_msgs/share/interbotix_xs_msgs/msg/ArmJoy.idl
[16.733s] -- Up-to-date: /home/admin1/URC/install/interbotix_xs_msgs/share/interbotix_xs_msgs/msg/HexJoy.idl
[16.735s] -- Up-to-date: /home/admin1/URC/install/interbotix_xs_msgs/share/interbotix_xs_msgs/msg/JointGroupCommand.idl
[16.745s] -- Up-to-date: /home/admin1/URC/install/interbotix_xs_msgs/share/interbotix_xs_msgs/msg/JointSingleCommand.idl
[16.746s] -- Up-to-date: /home/admin1/URC/install/interbotix_xs_msgs/share/interbotix_xs_msgs/msg/JointTemps.idl
[16.755s] -- Up-to-date: /home/admin1/URC/install/interbotix_xs_msgs/share/interbotix_xs_msgs/msg/JointTrajectoryCommand.idl
[16.759s] -- Up-to-date: /home/admin1/URC/install/interbotix_xs_msgs/share/interbotix_xs_msgs/msg/LocobotJoy.idl
[16.769s] -- Up-to-date: /home/admin1/URC/install/interbotix_xs_msgs/share/interbotix_xs_msgs/msg/TurretJoy.idl
[16.774s] -- Up-to-date: /home/admin1/URC/install/interbotix_xs_msgs/share/interbotix_xs_msgs/srv/MotorGains.idl
[16.775s] -- Up-to-date: /home/admin1/URC/install/interbotix_xs_msgs/share/interbotix_xs_msgs/srv/OperatingModes.idl
[16.776s] -- Up-to-date: /home/admin1/URC/install/interbotix_xs_msgs/share/interbotix_xs_msgs/srv/Reboot.idl
[16.789s] -- Up-to-date: /home/admin1/URC/install/interbotix_xs_msgs/share/interbotix_xs_msgs/srv/RegisterValues.idl
[16.789s] -- Up-to-date: /home/admin1/URC/install/interbotix_xs_msgs/share/interbotix_xs_msgs/srv/RobotInfo.idl
[16.795s] -- Up-to-date: /home/admin1/URC/install/interbotix_xs_msgs/share/interbotix_xs_msgs/srv/TorqueEnable.idl
[16.805s] -- Up-to-date: /home/admin1/URC/install/interbotix_xs_msgs/share/interbotix_xs_msgs/msg/ArmJoy.msg
[16.809s] -- Up-to-date: /home/admin1/URC/install/interbotix_xs_msgs/share/interbotix_xs_msgs/msg/HexJoy.msg
[16.810s] -- Up-to-date: /home/admin1/URC/install/interbotix_xs_msgs/share/interbotix_xs_msgs/msg/JointGroupCommand.msg
[16.816s] -- Up-to-date: /home/admin1/URC/install/interbotix_xs_msgs/share/interbotix_xs_msgs/msg/JointSingleCommand.msg
[16.820s] -- Up-to-date: /home/admin1/URC/install/interbotix_xs_msgs/share/interbotix_xs_msgs/msg/JointTemps.msg
[16.826s] -- Up-to-date: /home/admin1/URC/install/interbotix_xs_msgs/share/interbotix_xs_msgs/msg/JointTrajectoryCommand.msg
[16.838s] -- Up-to-date: /home/admin1/URC/install/interbotix_xs_msgs/share/interbotix_xs_msgs/msg/LocobotJoy.msg
[16.849s] -- Up-to-date: /home/admin1/URC/install/interbotix_xs_msgs/share/interbotix_xs_msgs/msg/TurretJoy.msg
[16.850s] -- Up-to-date: /home/admin1/URC/install/interbotix_xs_msgs/share/interbotix_xs_msgs/srv/MotorGains.srv
[16.851s] -- Up-to-date: /home/admin1/URC/install/interbotix_xs_msgs/share/interbotix_xs_msgs/srv/OperatingModes.srv
[16.855s] -- Up-to-date: /home/admin1/URC/install/interbotix_xs_msgs/share/interbotix_xs_msgs/srv/Reboot.srv
[16.856s] -- Up-to-date: /home/admin1/URC/install/interbotix_xs_msgs/share/interbotix_xs_msgs/srv/RegisterValues.srv
[16.857s] -- Up-to-date: /home/admin1/URC/install/interbotix_xs_msgs/share/interbotix_xs_msgs/srv/RobotInfo.srv
[16.861s] -- Up-to-date: /home/admin1/URC/install/interbotix_xs_msgs/share/interbotix_xs_msgs/srv/TorqueEnable.srv
[16.862s] -- Up-to-date: /home/admin1/URC/install/interbotix_xs_msgs/share/ament_index/resource_index/package_run_dependencies/interbotix_xs_msgs
[16.863s] -- Up-to-date: /home/admin1/URC/install/interbotix_xs_msgs/share/ament_index/resource_index/parent_prefix_path/interbotix_xs_msgs
[16.867s] -- Up-to-date: /home/admin1/URC/install/interbotix_xs_msgs/share/interbotix_xs_msgs/environment/ament_prefix_path.sh
[16.868s] -- Up-to-date: /home/admin1/URC/install/interbotix_xs_msgs/share/interbotix_xs_msgs/environment/ament_prefix_path.dsv
[16.869s] -- Up-to-date: /home/admin1/URC/install/interbotix_xs_msgs/share/interbotix_xs_msgs/environment/path.sh
[16.875s] -- Up-to-date: /home/admin1/URC/install/interbotix_xs_msgs/share/interbotix_xs_msgs/environment/path.dsv
[16.883s] -- Up-to-date: /home/admin1/URC/install/interbotix_xs_msgs/share/interbotix_xs_msgs/local_setup.bash
[16.883s] -- Up-to-date: /home/admin1/URC/install/interbotix_xs_msgs/share/interbotix_xs_msgs/local_setup.sh
[16.891s] -- Up-to-date: /home/admin1/URC/install/interbotix_xs_msgs/share/interbotix_xs_msgs/local_setup.zsh
[16.897s] -- Up-to-date: /home/admin1/URC/install/interbotix_xs_msgs/share/interbotix_xs_msgs/local_setup.dsv
[16.899s] -- Installing: /home/admin1/URC/install/interbotix_xs_msgs/share/interbotix_xs_msgs/package.dsv
[16.902s] -- Up-to-date: /home/admin1/URC/install/interbotix_xs_msgs/share/ament_index/resource_index/packages/interbotix_xs_msgs
[16.905s] -- Up-to-date: /home/admin1/URC/install/interbotix_xs_msgs/share/interbotix_xs_msgs/cmake/export_interbotix_xs_msgs__rosidl_generator_cExport.cmake
[16.995s] -- Up-to-date: /home/admin1/URC/install/interbotix_xs_msgs/share/interbotix_xs_msgs/cmake/export_interbotix_xs_msgs__rosidl_generator_cExport-noconfig.cmake
[17.012s] -- Up-to-date: /home/admin1/URC/install/interbotix_xs_msgs/share/interbotix_xs_msgs/cmake/export_interbotix_xs_msgs__rosidl_typesupport_fastrtps_cExport.cmake
[17.018s] -- Up-to-date: /home/admin1/URC/install/interbotix_xs_msgs/share/interbotix_xs_msgs/cmake/export_interbotix_xs_msgs__rosidl_typesupport_fastrtps_cExport-noconfig.cmake
[17.035s] -- Up-to-date: /home/admin1/URC/install/interbotix_xs_msgs/share/interbotix_xs_msgs/cmake/interbotix_xs_msgs__rosidl_typesupport_introspection_cExport.cmake
[17.043s] -- Up-to-date: /home/admin1/URC/install/interbotix_xs_msgs/share/interbotix_xs_msgs/cmake/interbotix_xs_msgs__rosidl_typesupport_introspection_cExport-noconfig.cmake
[17.044s] -- Up-to-date: /home/admin1/URC/install/interbotix_xs_msgs/share/interbotix_xs_msgs/cmake/interbotix_xs_msgs__rosidl_typesupport_cExport.cmake
[17.044s] -- Up-to-date: /home/admin1/URC/install/interbotix_xs_msgs/share/interbotix_xs_msgs/cmake/interbotix_xs_msgs__rosidl_typesupport_cExport-noconfig.cmake
[17.092s] -- Up-to-date: /home/admin1/URC/install/interbotix_xs_msgs/share/interbotix_xs_msgs/cmake/export_interbotix_xs_msgs__rosidl_generator_cppExport.cmake
[17.112s] -- Up-to-date: /home/admin1/URC/install/interbotix_xs_msgs/share/interbotix_xs_msgs/cmake/export_interbotix_xs_msgs__rosidl_typesupport_fastrtps_cppExport.cmake
[17.114s] -- Up-to-date: /home/admin1/URC/install/interbotix_xs_msgs/share/interbotix_xs_msgs/cmake/export_interbotix_xs_msgs__rosidl_typesupport_fastrtps_cppExport-noconfig.cmake
[17.121s] -- Up-to-date: /home/admin1/URC/install/interbotix_xs_msgs/share/interbotix_xs_msgs/cmake/interbotix_xs_msgs__rosidl_typesupport_introspection_cppExport.cmake
[17.121s] -- Up-to-date: /home/admin1/URC/install/interbotix_xs_msgs/share/interbotix_xs_msgs/cmake/interbotix_xs_msgs__rosidl_typesupport_introspection_cppExport-noconfig.cmake
[17.171s] -- Up-to-date: /home/admin1/URC/install/interbotix_xs_msgs/share/interbotix_xs_msgs/cmake/interbotix_xs_msgs__rosidl_typesupport_cppExport.cmake
[17.186s] -- Up-to-date: /home/admin1/URC/install/interbotix_xs_msgs/share/interbotix_xs_msgs/cmake/interbotix_xs_msgs__rosidl_typesupport_cppExport-noconfig.cmake
[17.192s] -- Up-to-date: /home/admin1/URC/install/interbotix_xs_msgs/share/interbotix_xs_msgs/cmake/export_interbotix_xs_msgs__rosidl_generator_pyExport.cmake
[17.198s] -- Up-to-date: /home/admin1/URC/install/interbotix_xs_msgs/share/interbotix_xs_msgs/cmake/export_interbotix_xs_msgs__rosidl_generator_pyExport-noconfig.cmake
[17.208s] -- Up-to-date: /home/admin1/URC/install/interbotix_xs_msgs/share/interbotix_xs_msgs/cmake/rosidl_cmake-extras.cmake
[17.227s] -- Up-to-date: /home/admin1/URC/install/interbotix_xs_msgs/share/interbotix_xs_msgs/cmake/ament_cmake_export_dependencies-extras.cmake
[17.231s] -- Up-to-date: /home/admin1/URC/install/interbotix_xs_msgs/share/interbotix_xs_msgs/cmake/ament_cmake_export_include_directories-extras.cmake
[17.231s] -- Up-to-date: /home/admin1/URC/install/interbotix_xs_msgs/share/interbotix_xs_msgs/cmake/ament_cmake_export_libraries-extras.cmake
[17.232s] -- Up-to-date: /home/admin1/URC/install/interbotix_xs_msgs/share/interbotix_xs_msgs/cmake/ament_cmake_export_targets-extras.cmake
[17.236s] -- Up-to-date: /home/admin1/URC/install/interbotix_xs_msgs/share/interbotix_xs_msgs/cmake/rosidl_cmake_export_typesupport_targets-extras.cmake
[17.251s] -- Up-to-date: /home/admin1/URC/install/interbotix_xs_msgs/share/interbotix_xs_msgs/cmake/rosidl_cmake_export_typesupport_libraries-extras.cmake
[17.252s] -- Up-to-date: /home/admin1/URC/install/interbotix_xs_msgs/share/interbotix_xs_msgs/cmake/interbotix_xs_msgsConfig.cmake
[17.258s] -- Up-to-date: /home/admin1/URC/install/interbotix_xs_msgs/share/interbotix_xs_msgs/cmake/interbotix_xs_msgsConfig-version.cmake
[17.263s] -- Up-to-date: /home/admin1/URC/install/interbotix_xs_msgs/share/interbotix_xs_msgs/package.xml
[17.398s] Invoked command in '/home/admin1/URC/build/interbotix_xs_msgs' returned '0': CMAKE_PREFIX_PATH=${CMAKE_PREFIX_PATH}:/opt/ros/jazzy DEBUGINFOD_URLS=https://debuginfod.ubuntu.com /usr/bin/cmake --install /home/admin1/URC/build/interbotix_xs_msgs
