[0.029s] Invoking command in '/home/ayaan/URC/URC/build/dynamixel_sdk': CMAKE_PREFIX_PATH=${CMAKE_PREFIX_PATH}:/home/ayaan/imprimis/imprimis_ws/install/utils:/home/ayaan/imprimis/imprimis_ws/install/map_goal_to_odom:/home/ayaan/imprimis/imprimis_ws/install/gps_nav_bridge:/opt/ros/jazzy DEBUGINFOD_URLS=https://debuginfod.ubuntu.com /usr/bin/cmake /home/ayaan/URC/URC/urc_ws_interbotix/src/dynamixel_sdk -DCMAKE_INSTALL_PREFIX=/home/ayaan/URC/URC/install/dynamixel_sdk
[0.476s] -- The C compiler identification is GNU 13.3.0
[0.477s] -- The CXX compiler identification is GNU 13.3.0
[0.477s] -- Detecting C compiler ABI info
[0.477s] -- Detecting C compiler ABI info - done
[0.477s] -- Check for working C compiler: /usr/bin/cc - skipped
[0.477s] -- Detecting C compile features
[0.477s] -- Detecting C compile features - done
[0.477s] -- Detecting CXX compiler ABI info
[0.477s] -- Detecting CXX compiler ABI info - done
[0.477s] -- Check for working CXX compiler: /usr/bin/c++ - skipped
[0.477s] -- Detecting CXX compile features
[0.477s] -- Detecting CXX compile features - done
[0.477s] -- Found ament_cmake: 2.5.5 (/opt/ros/jazzy/share/ament_cmake/cmake)
[0.477s] -- Found Python3: /usr/bin/python3 (found version "3.12.3") found components: Interpreter 
[0.801s] -- Configuring done (0.8s)
[0.809s] -- Generating done (0.0s)
[0.812s] -- Build files have been written to: /home/ayaan/URC/URC/build/dynamixel_sdk
[0.818s] Invoked command in '/home/ayaan/URC/URC/build/dynamixel_sdk' returned '0': CMAKE_PREFIX_PATH=${CMAKE_PREFIX_PATH}:/home/ayaan/imprimis/imprimis_ws/install/utils:/home/ayaan/imprimis/imprimis_ws/install/map_goal_to_odom:/home/ayaan/imprimis/imprimis_ws/install/gps_nav_bridge:/opt/ros/jazzy DEBUGINFOD_URLS=https://debuginfod.ubuntu.com /usr/bin/cmake /home/ayaan/URC/URC/urc_ws_interbotix/src/dynamixel_sdk -DCMAKE_INSTALL_PREFIX=/home/ayaan/URC/URC/install/dynamixel_sdk
[0.819s] Invoking command in '/home/ayaan/URC/URC/build/dynamixel_sdk': CMAKE_PREFIX_PATH=${CMAKE_PREFIX_PATH}:/home/ayaan/imprimis/imprimis_ws/install/utils:/home/ayaan/imprimis/imprimis_ws/install/map_goal_to_odom:/home/ayaan/imprimis/imprimis_ws/install/gps_nav_bridge:/opt/ros/jazzy DEBUGINFOD_URLS=https://debuginfod.ubuntu.com /usr/bin/cmake --build /home/ayaan/URC/URC/build/dynamixel_sdk -- -j16 -l16
[0.858s] [ 16%] [32mBuilding CXX object CMakeFiles/dynamixel_sdk.dir/src/dynamixel_sdk/group_sync_write.cpp.o[0m
[0.858s] [ 16%] [32mBuilding CXX object CMakeFiles/dynamixel_sdk.dir/src/dynamixel_sdk/group_fast_bulk_read.cpp.o[0m
[0.858s] [ 16%] [32mBuilding CXX object CMakeFiles/dynamixel_sdk.dir/src/dynamixel_sdk/protocol1_packet_handler.cpp.o[0m
[0.860s] [ 22%] [32mBuilding CXX object CMakeFiles/dynamixel_sdk.dir/src/dynamixel_sdk/packet_handler.cpp.o[0m
[0.860s] [ 27%] [32mBuilding CXX object CMakeFiles/dynamixel_sdk.dir/src/dynamixel_easy_sdk/connector.cpp.o[0m
[0.861s] [ 33%] [32mBuilding CXX object CMakeFiles/dynamixel_sdk.dir/src/dynamixel_sdk/protocol2_packet_handler.cpp.o[0m
[0.862s] [ 44%] [32mBuilding CXX object CMakeFiles/dynamixel_sdk.dir/src/dynamixel_sdk/group_handler.cpp.o[0m
[0.862s] [ 44%] [32mBuilding CXX object CMakeFiles/dynamixel_sdk.dir/src/dynamixel_sdk/group_bulk_read.cpp.o[0m
[0.863s] [ 50%] [32mBuilding CXX object CMakeFiles/dynamixel_sdk.dir/src/dynamixel_sdk/group_fast_sync_read.cpp.o[0m
[0.863s] [ 55%] [32mBuilding CXX object CMakeFiles/dynamixel_sdk.dir/src/dynamixel_sdk/group_sync_read.cpp.o[0m
[0.872s] [ 61%] [32mBuilding CXX object CMakeFiles/dynamixel_sdk.dir/src/dynamixel_sdk/port_handler.cpp.o[0m
[0.872s] [ 66%] [32mBuilding CXX object CMakeFiles/dynamixel_sdk.dir/src/dynamixel_sdk/group_bulk_write.cpp.o[0m
[0.872s] [ 72%] [32mBuilding CXX object CMakeFiles/dynamixel_sdk.dir/src/dynamixel_easy_sdk/control_table.cpp.o[0m
[0.879s] [ 77%] [32mBuilding CXX object CMakeFiles/dynamixel_sdk.dir/src/dynamixel_easy_sdk/dynamixel_error.cpp.o[0m
[0.896s] [ 77%] Built target ament_cmake_python_copy_dynamixel_sdk
[0.905s] [ 77%] Built target ament_cmake_python_copy_dynamixel_easy_sdk
[0.913s] [ 83%] [32mBuilding CXX object CMakeFiles/dynamixel_sdk.dir/src/dynamixel_easy_sdk/group_executor.cpp.o[0m
[0.960s] [ 88%] [32mBuilding CXX object CMakeFiles/dynamixel_sdk.dir/src/dynamixel_easy_sdk/motor.cpp.o[0m
[1.067s] [ 94%] [32mBuilding CXX object CMakeFiles/dynamixel_sdk.dir/src/dynamixel_sdk/port_handler_linux.cpp.o[0m
[1.191s] running egg_info
[1.192s] creating dynamixel_easy_sdk.egg-info
[1.210s] writing dynamixel_easy_sdk.egg-info/PKG-INFO
[1.213s] writing dependency_links to dynamixel_easy_sdk.egg-info/dependency_links.txt
[1.213s] writing top-level names to dynamixel_easy_sdk.egg-info/top_level.txt
[1.213s] writing manifest file 'dynamixel_easy_sdk.egg-info/SOURCES.txt'
[1.233s] running egg_info
[1.234s] creating dynamixel_sdk.egg-info
[1.249s] writing dynamixel_sdk.egg-info/PKG-INFO
[1.249s] writing dependency_links to dynamixel_sdk.egg-info/dependency_links.txt
[1.249s] writing top-level names to dynamixel_sdk.egg-info/top_level.txt
[1.249s] writing manifest file 'dynamixel_sdk.egg-info/SOURCES.txt'
[1.285s] reading manifest file 'dynamixel_easy_sdk.egg-info/SOURCES.txt'
[1.286s] writing manifest file 'dynamixel_easy_sdk.egg-info/SOURCES.txt'
[1.294s] reading manifest file 'dynamixel_sdk.egg-info/SOURCES.txt'
[1.294s] writing manifest file 'dynamixel_sdk.egg-info/SOURCES.txt'
[1.347s] [ 94%] Built target ament_cmake_python_build_dynamixel_easy_sdk_egg
[1.347s] [ 94%] Built target ament_cmake_python_build_dynamixel_sdk_egg
[1.872s] [100%] [32m[1mLinking CXX shared library libdynamixel_sdk.so[0m
[1.936s] [100%] Built target dynamixel_sdk
