[0.016s] Invoking command in '/home/ayaan/URC/URC/build/interbotix_xsarm_descriptions': AMENT_PREFIX_PATH=/home/ayaan/URC/URC/install/interbotix_xs_modules:/home/ayaan/URC/URC/install/interbotix_xs_sdk:/home/ayaan/URC/URC/install/interbotix_xs_driver:/home/ayaan/URC/URC/install/dynamixel_workbench_toolbox:/home/ayaan/URC/URC/install/interbotix_xs_msgs:/home/ayaan/URC/URC/install/interbotix_common_modules:/home/ayaan/URC/URC/install/dynamixel_sdk:${AMENT_PREFIX_PATH} CMAKE_PREFIX_PATH=/home/ayaan/URC/URC/install/interbotix_xs_sdk:/home/ayaan/URC/URC/install/interbotix_xs_driver:/home/ayaan/URC/URC/install/dynamixel_workbench_toolbox:/home/ayaan/URC/URC/install/interbotix_xs_msgs:/home/ayaan/URC/URC/install/dynamixel_sdk:/home/ayaan/imprimis/imprimis_ws/install/umx_driver:/home/ayaan/imprimis/imprimis_ws/install/imprimis_hardware_platform:/home/ayaan/imprimis/imprimis_ws/install/serial:/home/ayaan/imprimis/imprimis_ws/install/scanmatcher:/home/ayaan/imprimis/imprimis_ws/install/graph_based_slam:/home/ayaan/imprimis/imprimis_ws/install/ndt_omp_ros2:/home/ayaan/imprimis/imprimis_ws/install/lidarslam_msgs:/home/ayaan/imprimis/imprimis_ws/install/imprimis_navigation:/home/ayaan/imprimis/imprimis_ws/install/imprimis_description:/home/ayaan/ros2_ws/install/turtlesim:/opt/ros/jazzy/opt/gz_sim_vendor:/opt/ros/jazzy/opt/gz_sensors_vendor:/opt/ros/jazzy/opt/gz_physics_vendor:/opt/ros/jazzy/opt/sdformat_vendor:/opt/ros/jazzy/opt/gz_gui_vendor:/opt/ros/jazzy/opt/gz_transport_vendor:/opt/ros/jazzy/opt/gz_rendering_vendor:/opt/ros/jazzy/opt/gz_plugin_vendor:/opt/ros/jazzy/opt/gz_fuel_tools_vendor:/opt/ros/jazzy/opt/gz_msgs_vendor:/opt/ros/jazzy/opt/gz_common_vendor:/opt/ros/jazzy/opt/gz_math_vendor:/opt/ros/jazzy/opt/gz_utils_vendor:/opt/ros/jazzy/opt/gz_tools_vendor:/opt/ros/jazzy/opt/gz_ogre_next_vendor:/opt/ros/jazzy/opt/gz_dartsim_vendor:/opt/ros/jazzy/opt/gz_cmake_vendor:/home/ayaan/imprimis/imprimis_ws/install/utils:/home/ayaan/imprimis/imprimis_ws/install/map_goal_to_odom:/home/ayaan/imprimis/imprimis_ws/install/gps_nav_bridge:/opt/ros/jazzy DEBUGINFOD_URLS=https://debuginfod.ubuntu.com LD_LIBRARY_PATH=/home/ayaan/URC/URC/install/interbotix_xs_driver/lib:/home/ayaan/URC/URC/install/dynamixel_workbench_toolbox/lib:/home/ayaan/URC/URC/install/interbotix_xs_msgs/lib:/home/ayaan/URC/URC/install/dynamixel_sdk/lib:${LD_LIBRARY_PATH} PYTHONPATH=/home/ayaan/URC/URC/install/interbotix_xs_modules/lib/python3.12/site-packages:/home/ayaan/URC/URC/install/interbotix_xs_msgs/lib/python3.12/site-packages:/home/ayaan/URC/URC/install/interbotix_common_modules/lib/python3.12/site-packages:/home/ayaan/URC/URC/install/dynamixel_sdk/lib/python3.12/site-packages:${PYTHONPATH} /usr/bin/cmake /home/ayaan/URC/URC/urc_ws_interbotix/src/interbotix_xsarm_descriptions -DCMAKE_INSTALL_PREFIX=/home/ayaan/URC/URC/install/interbotix_xsarm_descriptions
[0.054s] -- The C compiler identification is GNU 13.3.0
[0.089s] -- The CXX compiler identification is GNU 13.3.0
[0.100s] -- Detecting C compiler ABI info
[0.157s] -- Detecting C compiler ABI info - done
[0.162s] -- Check for working C compiler: /usr/bin/cc - skipped
[0.162s] -- Detecting C compile features
[0.162s] -- Detecting C compile features - done
[0.168s] -- Detecting CXX compiler ABI info
[0.227s] -- Detecting CXX compiler ABI info - done
[0.236s] -- Check for working CXX compiler: /usr/bin/c++ - skipped
[0.236s] -- Detecting CXX compile features
[0.237s] -- Detecting CXX compile features - done
[0.241s] -- Found ament_cmake: 2.5.5 (/opt/ros/jazzy/share/ament_cmake/cmake)
[0.349s] -- Found Python3: /usr/bin/python3 (found version "3.12.3") found components: Interpreter 
[0.426s] -- Found robot_state_publisher: 3.3.3 (/opt/ros/jazzy/share/robot_state_publisher/cmake)
[0.456s] -- Found rosidl_generator_c: 4.6.7 (/opt/ros/jazzy/share/rosidl_generator_c/cmake)
[0.466s] -- Found rosidl_generator_cpp: 4.6.7 (/opt/ros/jazzy/share/rosidl_generator_cpp/cmake)
[0.476s] -- Using all available rosidl_typesupport_c: rosidl_typesupport_fastrtps_c;rosidl_typesupport_introspection_c
[0.488s] -- Using all available rosidl_typesupport_cpp: rosidl_typesupport_fastrtps_cpp;rosidl_typesupport_introspection_cpp
[0.550s] -- Found rmw_implementation_cmake: 7.3.3 (/opt/ros/jazzy/share/rmw_implementation_cmake/cmake)
[0.553s] -- Found rmw_fastrtps_cpp: 8.4.3 (/opt/ros/jazzy/share/rmw_fastrtps_cpp/cmake)
[0.613s] -- Found OpenSSL: /usr/lib/x86_64-linux-gnu/libcrypto.so (found version "3.0.13")  
[0.630s] -- Found FastRTPS: /opt/ros/jazzy/include (Required is at least version "2.13") 
[0.648s] -- Using RMW implementation 'rmw_fastrtps_cpp' as default
[0.865s] -- Found rviz2: 14.1.19 (/opt/ros/jazzy/share/rviz2/cmake)
[0.867s] -- Found xacro: 2.1.1 (/opt/ros/jazzy/share/xacro/cmake)
[0.869s] -- Found ament_lint_auto: 0.17.4 (/opt/ros/jazzy/share/ament_lint_auto/cmake)
[0.944s] -- Added test 'copyright' to check source files copyright and LICENSE
[0.948s] -- Added test 'flake8' to check Python code syntax and style conventions
[0.949s] -- Configured 'flake8' exclude dirs and/or files: 
[0.949s] -- Added test 'lint_cmake' to check CMake code style
[0.950s] -- Added test 'pep257' to check Python code against some of the docstring style conventions in PEP 257
[0.953s] -- Added test 'xmllint' to check XML markup files
[0.954s] -- Configuring done (0.9s)
[0.956s] -- Generating done (0.0s)
[0.957s] -- Build files have been written to: /home/ayaan/URC/URC/build/interbotix_xsarm_descriptions
[0.966s] Invoked command in '/home/ayaan/URC/URC/build/interbotix_xsarm_descriptions' returned '0': AMENT_PREFIX_PATH=/home/ayaan/URC/URC/install/interbotix_xs_modules:/home/ayaan/URC/URC/install/interbotix_xs_sdk:/home/ayaan/URC/URC/install/interbotix_xs_driver:/home/ayaan/URC/URC/install/dynamixel_workbench_toolbox:/home/ayaan/URC/URC/install/interbotix_xs_msgs:/home/ayaan/URC/URC/install/interbotix_common_modules:/home/ayaan/URC/URC/install/dynamixel_sdk:${AMENT_PREFIX_PATH} CMAKE_PREFIX_PATH=/home/ayaan/URC/URC/install/interbotix_xs_sdk:/home/ayaan/URC/URC/install/interbotix_xs_driver:/home/ayaan/URC/URC/install/dynamixel_workbench_toolbox:/home/ayaan/URC/URC/install/interbotix_xs_msgs:/home/ayaan/URC/URC/install/dynamixel_sdk:/home/ayaan/imprimis/imprimis_ws/install/umx_driver:/home/ayaan/imprimis/imprimis_ws/install/imprimis_hardware_platform:/home/ayaan/imprimis/imprimis_ws/install/serial:/home/ayaan/imprimis/imprimis_ws/install/scanmatcher:/home/ayaan/imprimis/imprimis_ws/install/graph_based_slam:/home/ayaan/imprimis/imprimis_ws/install/ndt_omp_ros2:/home/ayaan/imprimis/imprimis_ws/install/lidarslam_msgs:/home/ayaan/imprimis/imprimis_ws/install/imprimis_navigation:/home/ayaan/imprimis/imprimis_ws/install/imprimis_description:/home/ayaan/ros2_ws/install/turtlesim:/opt/ros/jazzy/opt/gz_sim_vendor:/opt/ros/jazzy/opt/gz_sensors_vendor:/opt/ros/jazzy/opt/gz_physics_vendor:/opt/ros/jazzy/opt/sdformat_vendor:/opt/ros/jazzy/opt/gz_gui_vendor:/opt/ros/jazzy/opt/gz_transport_vendor:/opt/ros/jazzy/opt/gz_rendering_vendor:/opt/ros/jazzy/opt/gz_plugin_vendor:/opt/ros/jazzy/opt/gz_fuel_tools_vendor:/opt/ros/jazzy/opt/gz_msgs_vendor:/opt/ros/jazzy/opt/gz_common_vendor:/opt/ros/jazzy/opt/gz_math_vendor:/opt/ros/jazzy/opt/gz_utils_vendor:/opt/ros/jazzy/opt/gz_tools_vendor:/opt/ros/jazzy/opt/gz_ogre_next_vendor:/opt/ros/jazzy/opt/gz_dartsim_vendor:/opt/ros/jazzy/opt/gz_cmake_vendor:/home/ayaan/imprimis/imprimis_ws/install/utils:/home/ayaan/imprimis/imprimis_ws/install/map_goal_to_odom:/home/ayaan/imprimis/imprimis_ws/install/gps_nav_bridge:/opt/ros/jazzy DEBUGINFOD_URLS=https://debuginfod.ubuntu.com LD_LIBRARY_PATH=/home/ayaan/URC/URC/install/interbotix_xs_driver/lib:/home/ayaan/URC/URC/install/dynamixel_workbench_toolbox/lib:/home/ayaan/URC/URC/install/interbotix_xs_msgs/lib:/home/ayaan/URC/URC/install/dynamixel_sdk/lib:${LD_LIBRARY_PATH} PYTHONPATH=/home/ayaan/URC/URC/install/interbotix_xs_modules/lib/python3.12/site-packages:/home/ayaan/URC/URC/install/interbotix_xs_msgs/lib/python3.12/site-packages:/home/ayaan/URC/URC/install/interbotix_common_modules/lib/python3.12/site-packages:/home/ayaan/URC/URC/install/dynamixel_sdk/lib/python3.12/site-packages:${PYTHONPATH} /usr/bin/cmake /home/ayaan/URC/URC/urc_ws_interbotix/src/interbotix_xsarm_descriptions -DCMAKE_INSTALL_PREFIX=/home/ayaan/URC/URC/install/interbotix_xsarm_descriptions
[0.967s] Invoking command in '/home/ayaan/URC/URC/build/interbotix_xsarm_descriptions': AMENT_PREFIX_PATH=/home/ayaan/URC/URC/install/interbotix_xs_modules:/home/ayaan/URC/URC/install/interbotix_xs_sdk:/home/ayaan/URC/URC/install/interbotix_xs_driver:/home/ayaan/URC/URC/install/dynamixel_workbench_toolbox:/home/ayaan/URC/URC/install/interbotix_xs_msgs:/home/ayaan/URC/URC/install/interbotix_common_modules:/home/ayaan/URC/URC/install/dynamixel_sdk:${AMENT_PREFIX_PATH} CMAKE_PREFIX_PATH=/home/ayaan/URC/URC/install/interbotix_xs_sdk:/home/ayaan/URC/URC/install/interbotix_xs_driver:/home/ayaan/URC/URC/install/dynamixel_workbench_toolbox:/home/ayaan/URC/URC/install/interbotix_xs_msgs:/home/ayaan/URC/URC/install/dynamixel_sdk:/home/ayaan/imprimis/imprimis_ws/install/umx_driver:/home/ayaan/imprimis/imprimis_ws/install/imprimis_hardware_platform:/home/ayaan/imprimis/imprimis_ws/install/serial:/home/ayaan/imprimis/imprimis_ws/install/scanmatcher:/home/ayaan/imprimis/imprimis_ws/install/graph_based_slam:/home/ayaan/imprimis/imprimis_ws/install/ndt_omp_ros2:/home/ayaan/imprimis/imprimis_ws/install/lidarslam_msgs:/home/ayaan/imprimis/imprimis_ws/install/imprimis_navigation:/home/ayaan/imprimis/imprimis_ws/install/imprimis_description:/home/ayaan/ros2_ws/install/turtlesim:/opt/ros/jazzy/opt/gz_sim_vendor:/opt/ros/jazzy/opt/gz_sensors_vendor:/opt/ros/jazzy/opt/gz_physics_vendor:/opt/ros/jazzy/opt/sdformat_vendor:/opt/ros/jazzy/opt/gz_gui_vendor:/opt/ros/jazzy/opt/gz_transport_vendor:/opt/ros/jazzy/opt/gz_rendering_vendor:/opt/ros/jazzy/opt/gz_plugin_vendor:/opt/ros/jazzy/opt/gz_fuel_tools_vendor:/opt/ros/jazzy/opt/gz_msgs_vendor:/opt/ros/jazzy/opt/gz_common_vendor:/opt/ros/jazzy/opt/gz_math_vendor:/opt/ros/jazzy/opt/gz_utils_vendor:/opt/ros/jazzy/opt/gz_tools_vendor:/opt/ros/jazzy/opt/gz_ogre_next_vendor:/opt/ros/jazzy/opt/gz_dartsim_vendor:/opt/ros/jazzy/opt/gz_cmake_vendor:/home/ayaan/imprimis/imprimis_ws/install/utils:/home/ayaan/imprimis/imprimis_ws/install/map_goal_to_odom:/home/ayaan/imprimis/imprimis_ws/install/gps_nav_bridge:/opt/ros/jazzy DEBUGINFOD_URLS=https://debuginfod.ubuntu.com LD_LIBRARY_PATH=/home/ayaan/URC/URC/install/interbotix_xs_driver/lib:/home/ayaan/URC/URC/install/dynamixel_workbench_toolbox/lib:/home/ayaan/URC/URC/install/interbotix_xs_msgs/lib:/home/ayaan/URC/URC/install/dynamixel_sdk/lib:${LD_LIBRARY_PATH} PYTHONPATH=/home/ayaan/URC/URC/install/interbotix_xs_modules/lib/python3.12/site-packages:/home/ayaan/URC/URC/install/interbotix_xs_msgs/lib/python3.12/site-packages:/home/ayaan/URC/URC/install/interbotix_common_modules/lib/python3.12/site-packages:/home/ayaan/URC/URC/install/dynamixel_sdk/lib/python3.12/site-packages:${PYTHONPATH} /usr/bin/cmake --build /home/ayaan/URC/URC/build/interbotix_xsarm_descriptions -- -j16 -l16
[0.997s] Invoked command in '/home/ayaan/URC/URC/build/interbotix_xsarm_descriptions' returned '0': AMENT_PREFIX_PATH=/home/ayaan/URC/URC/install/interbotix_xs_modules:/home/ayaan/URC/URC/install/interbotix_xs_sdk:/home/ayaan/URC/URC/install/interbotix_xs_driver:/home/ayaan/URC/URC/install/dynamixel_workbench_toolbox:/home/ayaan/URC/URC/install/interbotix_xs_msgs:/home/ayaan/URC/URC/install/interbotix_common_modules:/home/ayaan/URC/URC/install/dynamixel_sdk:${AMENT_PREFIX_PATH} CMAKE_PREFIX_PATH=/home/ayaan/URC/URC/install/interbotix_xs_sdk:/home/ayaan/URC/URC/install/interbotix_xs_driver:/home/ayaan/URC/URC/install/dynamixel_workbench_toolbox:/home/ayaan/URC/URC/install/interbotix_xs_msgs:/home/ayaan/URC/URC/install/dynamixel_sdk:/home/ayaan/imprimis/imprimis_ws/install/umx_driver:/home/ayaan/imprimis/imprimis_ws/install/imprimis_hardware_platform:/home/ayaan/imprimis/imprimis_ws/install/serial:/home/ayaan/imprimis/imprimis_ws/install/scanmatcher:/home/ayaan/imprimis/imprimis_ws/install/graph_based_slam:/home/ayaan/imprimis/imprimis_ws/install/ndt_omp_ros2:/home/ayaan/imprimis/imprimis_ws/install/lidarslam_msgs:/home/ayaan/imprimis/imprimis_ws/install/imprimis_navigation:/home/ayaan/imprimis/imprimis_ws/install/imprimis_description:/home/ayaan/ros2_ws/install/turtlesim:/opt/ros/jazzy/opt/gz_sim_vendor:/opt/ros/jazzy/opt/gz_sensors_vendor:/opt/ros/jazzy/opt/gz_physics_vendor:/opt/ros/jazzy/opt/sdformat_vendor:/opt/ros/jazzy/opt/gz_gui_vendor:/opt/ros/jazzy/opt/gz_transport_vendor:/opt/ros/jazzy/opt/gz_rendering_vendor:/opt/ros/jazzy/opt/gz_plugin_vendor:/opt/ros/jazzy/opt/gz_fuel_tools_vendor:/opt/ros/jazzy/opt/gz_msgs_vendor:/opt/ros/jazzy/opt/gz_common_vendor:/opt/ros/jazzy/opt/gz_math_vendor:/opt/ros/jazzy/opt/gz_utils_vendor:/opt/ros/jazzy/opt/gz_tools_vendor:/opt/ros/jazzy/opt/gz_ogre_next_vendor:/opt/ros/jazzy/opt/gz_dartsim_vendor:/opt/ros/jazzy/opt/gz_cmake_vendor:/home/ayaan/imprimis/imprimis_ws/install/utils:/home/ayaan/imprimis/imprimis_ws/install/map_goal_to_odom:/home/ayaan/imprimis/imprimis_ws/install/gps_nav_bridge:/opt/ros/jazzy DEBUGINFOD_URLS=https://debuginfod.ubuntu.com LD_LIBRARY_PATH=/home/ayaan/URC/URC/install/interbotix_xs_driver/lib:/home/ayaan/URC/URC/install/dynamixel_workbench_toolbox/lib:/home/ayaan/URC/URC/install/interbotix_xs_msgs/lib:/home/ayaan/URC/URC/install/dynamixel_sdk/lib:${LD_LIBRARY_PATH} PYTHONPATH=/home/ayaan/URC/URC/install/interbotix_xs_modules/lib/python3.12/site-packages:/home/ayaan/URC/URC/install/interbotix_xs_msgs/lib/python3.12/site-packages:/home/ayaan/URC/URC/install/interbotix_common_modules/lib/python3.12/site-packages:/home/ayaan/URC/URC/install/dynamixel_sdk/lib/python3.12/site-packages:${PYTHONPATH} /usr/bin/cmake --build /home/ayaan/URC/URC/build/interbotix_xsarm_descriptions -- -j16 -l16
[0.998s] Invoking command in '/home/ayaan/URC/URC/build/interbotix_xsarm_descriptions': AMENT_PREFIX_PATH=/home/ayaan/URC/URC/install/interbotix_xs_modules:/home/ayaan/URC/URC/install/interbotix_xs_sdk:/home/ayaan/URC/URC/install/interbotix_xs_driver:/home/ayaan/URC/URC/install/dynamixel_workbench_toolbox:/home/ayaan/URC/URC/install/interbotix_xs_msgs:/home/ayaan/URC/URC/install/interbotix_common_modules:/home/ayaan/URC/URC/install/dynamixel_sdk:${AMENT_PREFIX_PATH} CMAKE_PREFIX_PATH=/home/ayaan/URC/URC/install/interbotix_xs_sdk:/home/ayaan/URC/URC/install/interbotix_xs_driver:/home/ayaan/URC/URC/install/dynamixel_workbench_toolbox:/home/ayaan/URC/URC/install/interbotix_xs_msgs:/home/ayaan/URC/URC/install/dynamixel_sdk:/home/ayaan/imprimis/imprimis_ws/install/umx_driver:/home/ayaan/imprimis/imprimis_ws/install/imprimis_hardware_platform:/home/ayaan/imprimis/imprimis_ws/install/serial:/home/ayaan/imprimis/imprimis_ws/install/scanmatcher:/home/ayaan/imprimis/imprimis_ws/install/graph_based_slam:/home/ayaan/imprimis/imprimis_ws/install/ndt_omp_ros2:/home/ayaan/imprimis/imprimis_ws/install/lidarslam_msgs:/home/ayaan/imprimis/imprimis_ws/install/imprimis_navigation:/home/ayaan/imprimis/imprimis_ws/install/imprimis_description:/home/ayaan/ros2_ws/install/turtlesim:/opt/ros/jazzy/opt/gz_sim_vendor:/opt/ros/jazzy/opt/gz_sensors_vendor:/opt/ros/jazzy/opt/gz_physics_vendor:/opt/ros/jazzy/opt/sdformat_vendor:/opt/ros/jazzy/opt/gz_gui_vendor:/opt/ros/jazzy/opt/gz_transport_vendor:/opt/ros/jazzy/opt/gz_rendering_vendor:/opt/ros/jazzy/opt/gz_plugin_vendor:/opt/ros/jazzy/opt/gz_fuel_tools_vendor:/opt/ros/jazzy/opt/gz_msgs_vendor:/opt/ros/jazzy/opt/gz_common_vendor:/opt/ros/jazzy/opt/gz_math_vendor:/opt/ros/jazzy/opt/gz_utils_vendor:/opt/ros/jazzy/opt/gz_tools_vendor:/opt/ros/jazzy/opt/gz_ogre_next_vendor:/opt/ros/jazzy/opt/gz_dartsim_vendor:/opt/ros/jazzy/opt/gz_cmake_vendor:/home/ayaan/imprimis/imprimis_ws/install/utils:/home/ayaan/imprimis/imprimis_ws/install/map_goal_to_odom:/home/ayaan/imprimis/imprimis_ws/install/gps_nav_bridge:/opt/ros/jazzy DEBUGINFOD_URLS=https://debuginfod.ubuntu.com LD_LIBRARY_PATH=/home/ayaan/URC/URC/install/interbotix_xs_driver/lib:/home/ayaan/URC/URC/install/dynamixel_workbench_toolbox/lib:/home/ayaan/URC/URC/install/interbotix_xs_msgs/lib:/home/ayaan/URC/URC/install/dynamixel_sdk/lib:${LD_LIBRARY_PATH} PYTHONPATH=/home/ayaan/URC/URC/install/interbotix_xs_modules/lib/python3.12/site-packages:/home/ayaan/URC/URC/install/interbotix_xs_msgs/lib/python3.12/site-packages:/home/ayaan/URC/URC/install/interbotix_common_modules/lib/python3.12/site-packages:/home/ayaan/URC/URC/install/dynamixel_sdk/lib/python3.12/site-packages:${PYTHONPATH} /usr/bin/cmake --install /home/ayaan/URC/URC/build/interbotix_xsarm_descriptions
[1.002s] -- Install configuration: ""
[1.002s] -- Installing: /home/ayaan/URC/URC/install/interbotix_xsarm_descriptions/share/interbotix_xsarm_descriptions//urdf
[1.002s] -- Installing: /home/ayaan/URC/URC/install/interbotix_xsarm_descriptions/share/interbotix_xsarm_descriptions//urdf/vx250.urdf.xacro
[1.003s] -- Installing: /home/ayaan/URC/URC/install/interbotix_xsarm_descriptions/share/interbotix_xsarm_descriptions//urdf/px150.urdf.xacro
[1.004s] -- Installing: /home/ayaan/URC/URC/install/interbotix_xsarm_descriptions/share/interbotix_xsarm_descriptions//urdf/aloha_vx300s.urdf.xacro
[1.004s] -- Installing: /home/ayaan/URC/URC/install/interbotix_xsarm_descriptions/share/interbotix_xsarm_descriptions//urdf/wx250.urdf.xacro
[1.004s] -- Installing: /home/ayaan/URC/URC/install/interbotix_xsarm_descriptions/share/interbotix_xsarm_descriptions//urdf/wx200.urdf.xacro
[1.005s] -- Installing: /home/ayaan/URC/URC/install/interbotix_xsarm_descriptions/share/interbotix_xsarm_descriptions//urdf/control.urdf.xacro
[1.005s] -- Installing: /home/ayaan/URC/URC/install/interbotix_xsarm_descriptions/share/interbotix_xsarm_descriptions//urdf/wx250s.urdf.xacro
[1.005s] -- Installing: /home/ayaan/URC/URC/install/interbotix_xsarm_descriptions/share/interbotix_xsarm_descriptions//urdf/rx150.urdf.xacro
[1.005s] -- Installing: /home/ayaan/URC/URC/install/interbotix_xsarm_descriptions/share/interbotix_xsarm_descriptions//urdf/mobile_wx250s.urdf.xacro
[1.006s] -- Installing: /home/ayaan/URC/URC/install/interbotix_xsarm_descriptions/share/interbotix_xsarm_descriptions//urdf/rx200.urdf.xacro
[1.006s] -- Installing: /home/ayaan/URC/URC/install/interbotix_xsarm_descriptions/share/interbotix_xsarm_descriptions//urdf/vx300s.urdf.xacro
[1.006s] -- Installing: /home/ayaan/URC/URC/install/interbotix_xsarm_descriptions/share/interbotix_xsarm_descriptions//urdf/px100.urdf.xacro
[1.006s] -- Installing: /home/ayaan/URC/URC/install/interbotix_xsarm_descriptions/share/interbotix_xsarm_descriptions//urdf/gazebo_configs.urdf.xacro
[1.006s] -- Installing: /home/ayaan/URC/URC/install/interbotix_xsarm_descriptions/share/interbotix_xsarm_descriptions//urdf/aloha_wx250s.urdf.xacro
[1.007s] -- Installing: /home/ayaan/URC/URC/install/interbotix_xsarm_descriptions/share/interbotix_xsarm_descriptions//urdf/mobile_px100.urdf.xacro
[1.007s] -- Installing: /home/ayaan/URC/URC/install/interbotix_xsarm_descriptions/share/interbotix_xsarm_descriptions//urdf/vx300.urdf.xacro
[1.007s] -- Installing: /home/ayaan/URC/URC/install/interbotix_xsarm_descriptions/share/interbotix_xsarm_descriptions//urdf/ar_tag.urdf.xacro
[1.007s] -- Installing: /home/ayaan/URC/URC/install/interbotix_xsarm_descriptions/share/interbotix_xsarm_descriptions//urdf/mobile_wx200.urdf.xacro
[1.007s] -- Installing: /home/ayaan/URC/URC/install/interbotix_xsarm_descriptions/share/interbotix_xsarm_descriptions//launch
[1.008s] -- Installing: /home/ayaan/URC/URC/install/interbotix_xsarm_descriptions/share/interbotix_xsarm_descriptions//launch/remote_view.launch.py
[1.008s] -- Installing: /home/ayaan/URC/URC/install/interbotix_xsarm_descriptions/share/interbotix_xsarm_descriptions//launch/xsarm_description.launch.py
[1.008s] -- Installing: /home/ayaan/URC/URC/install/interbotix_xsarm_descriptions/share/interbotix_xsarm_descriptions//meshes
[1.008s] -- Installing: /home/ayaan/URC/URC/install/interbotix_xsarm_descriptions/share/interbotix_xsarm_descriptions//meshes/rx200_meshes
[1.008s] -- Installing: /home/ayaan/URC/URC/install/interbotix_xsarm_descriptions/share/interbotix_xsarm_descriptions//meshes/rx200_meshes/gripper_finger.stl
[1.008s] -- Installing: /home/ayaan/URC/URC/install/interbotix_xsarm_descriptions/share/interbotix_xsarm_descriptions//meshes/rx200_meshes/wrist.stl
[1.008s] -- Installing: /home/ayaan/URC/URC/install/interbotix_xsarm_descriptions/share/interbotix_xsarm_descriptions//meshes/rx200_meshes/gripper_prop.stl
[1.008s] -- Installing: /home/ayaan/URC/URC/install/interbotix_xsarm_descriptions/share/interbotix_xsarm_descriptions//meshes/rx200_meshes/upper_arm.stl
[1.009s] -- Installing: /home/ayaan/URC/URC/install/interbotix_xsarm_descriptions/share/interbotix_xsarm_descriptions//meshes/rx200_meshes/base.stl
[1.010s] -- Installing: /home/ayaan/URC/URC/install/interbotix_xsarm_descriptions/share/interbotix_xsarm_descriptions//meshes/rx200_meshes/forearm.stl
[1.010s] -- Installing: /home/ayaan/URC/URC/install/interbotix_xsarm_descriptions/share/interbotix_xsarm_descriptions//meshes/rx200_meshes/gripper.stl
[1.010s] -- Installing: /home/ayaan/URC/URC/install/interbotix_xsarm_descriptions/share/interbotix_xsarm_descriptions//meshes/rx200_meshes/gripper_bar.stl
[1.010s] -- Installing: /home/ayaan/URC/URC/install/interbotix_xsarm_descriptions/share/interbotix_xsarm_descriptions//meshes/rx200_meshes/shoulder.stl
[1.011s] -- Installing: /home/ayaan/URC/URC/install/interbotix_xsarm_descriptions/share/interbotix_xsarm_descriptions//meshes/vx300s_meshes
[1.011s] -- Installing: /home/ayaan/URC/URC/install/interbotix_xsarm_descriptions/share/interbotix_xsarm_descriptions//meshes/vx300s_meshes/gripper_finger.stl
[1.011s] -- Installing: /home/ayaan/URC/URC/install/interbotix_xsarm_descriptions/share/interbotix_xsarm_descriptions//meshes/vx300s_meshes/wrist.stl
[1.012s] -- Installing: /home/ayaan/URC/URC/install/interbotix_xsarm_descriptions/share/interbotix_xsarm_descriptions//meshes/vx300s_meshes/gripper_prop.stl
[1.012s] -- Installing: /home/ayaan/URC/URC/install/interbotix_xsarm_descriptions/share/interbotix_xsarm_descriptions//meshes/vx300s_meshes/upper_arm.stl
[1.013s] -- Installing: /home/ayaan/URC/URC/install/interbotix_xsarm_descriptions/share/interbotix_xsarm_descriptions//meshes/vx300s_meshes/lower_forearm.stl
[1.013s] -- Installing: /home/ayaan/URC/URC/install/interbotix_xsarm_descriptions/share/interbotix_xsarm_descriptions//meshes/vx300s_meshes/upper_forearm.stl
[1.014s] -- Installing: /home/ayaan/URC/URC/install/interbotix_xsarm_descriptions/share/interbotix_xsarm_descriptions//meshes/vx300s_meshes/base.stl
[1.014s] -- Installing: /home/ayaan/URC/URC/install/interbotix_xsarm_descriptions/share/interbotix_xsarm_descriptions//meshes/vx300s_meshes/gripper.stl
[1.016s] -- Installing: /home/ayaan/URC/URC/install/interbotix_xsarm_descriptions/share/interbotix_xsarm_descriptions//meshes/vx300s_meshes/gripper_bar.stl
[1.016s] -- Installing: /home/ayaan/URC/URC/install/interbotix_xsarm_descriptions/share/interbotix_xsarm_descriptions//meshes/vx300s_meshes/shoulder.stl
[1.017s] -- Installing: /home/ayaan/URC/URC/install/interbotix_xsarm_descriptions/share/interbotix_xsarm_descriptions//meshes/wx200_meshes
[1.017s] -- Installing: /home/ayaan/URC/URC/install/interbotix_xsarm_descriptions/share/interbotix_xsarm_descriptions//meshes/wx200_meshes/gripper_finger.stl
[1.017s] -- Installing: /home/ayaan/URC/URC/install/interbotix_xsarm_descriptions/share/interbotix_xsarm_descriptions//meshes/wx200_meshes/wrist.stl
[1.017s] -- Installing: /home/ayaan/URC/URC/install/interbotix_xsarm_descriptions/share/interbotix_xsarm_descriptions//meshes/wx200_meshes/gripper_prop.stl
[1.017s] -- Installing: /home/ayaan/URC/URC/install/interbotix_xsarm_descriptions/share/interbotix_xsarm_descriptions//meshes/wx200_meshes/upper_arm.stl
[1.018s] -- Installing: /home/ayaan/URC/URC/install/interbotix_xsarm_descriptions/share/interbotix_xsarm_descriptions//meshes/wx200_meshes/base.stl
[1.018s] -- Installing: /home/ayaan/URC/URC/install/interbotix_xsarm_descriptions/share/interbotix_xsarm_descriptions//meshes/wx200_meshes/forearm.stl
[1.019s] -- Installing: /home/ayaan/URC/URC/install/interbotix_xsarm_descriptions/share/interbotix_xsarm_descriptions//meshes/wx200_meshes/gripper.stl
[1.019s] -- Installing: /home/ayaan/URC/URC/install/interbotix_xsarm_descriptions/share/interbotix_xsarm_descriptions//meshes/wx200_meshes/gripper_bar.stl
[1.019s] -- Installing: /home/ayaan/URC/URC/install/interbotix_xsarm_descriptions/share/interbotix_xsarm_descriptions//meshes/wx200_meshes/shoulder.stl
[1.019s] -- Installing: /home/ayaan/URC/URC/install/interbotix_xsarm_descriptions/share/interbotix_xsarm_descriptions//meshes/px100_meshes
[1.019s] -- Installing: /home/ayaan/URC/URC/install/interbotix_xsarm_descriptions/share/interbotix_xsarm_descriptions//meshes/px100_meshes/gripper_finger.stl
[1.019s] -- Installing: /home/ayaan/URC/URC/install/interbotix_xsarm_descriptions/share/interbotix_xsarm_descriptions//meshes/px100_meshes/gripper_prop.stl
[1.020s] -- Installing: /home/ayaan/URC/URC/install/interbotix_xsarm_descriptions/share/interbotix_xsarm_descriptions//meshes/px100_meshes/upper_arm.stl
[1.020s] -- Installing: /home/ayaan/URC/URC/install/interbotix_xsarm_descriptions/share/interbotix_xsarm_descriptions//meshes/px100_meshes/base.stl
[1.020s] -- Installing: /home/ayaan/URC/URC/install/interbotix_xsarm_descriptions/share/interbotix_xsarm_descriptions//meshes/px100_meshes/forearm.stl
[1.021s] -- Installing: /home/ayaan/URC/URC/install/interbotix_xsarm_descriptions/share/interbotix_xsarm_descriptions//meshes/px100_meshes/gripper.stl
[1.021s] -- Installing: /home/ayaan/URC/URC/install/interbotix_xsarm_descriptions/share/interbotix_xsarm_descriptions//meshes/px100_meshes/gripper_bar.stl
[1.022s] -- Installing: /home/ayaan/URC/URC/install/interbotix_xsarm_descriptions/share/interbotix_xsarm_descriptions//meshes/px100_meshes/shoulder.stl
[1.022s] -- Installing: /home/ayaan/URC/URC/install/interbotix_xsarm_descriptions/share/interbotix_xsarm_descriptions//meshes/mobile_px100_meshes
[1.022s] -- Installing: /home/ayaan/URC/URC/install/interbotix_xsarm_descriptions/share/interbotix_xsarm_descriptions//meshes/mobile_px100_meshes/gripper_finger.stl
[1.022s] -- Installing: /home/ayaan/URC/URC/install/interbotix_xsarm_descriptions/share/interbotix_xsarm_descriptions//meshes/mobile_px100_meshes/gripper_prop.stl
[1.022s] -- Installing: /home/ayaan/URC/URC/install/interbotix_xsarm_descriptions/share/interbotix_xsarm_descriptions//meshes/mobile_px100_meshes/upper_arm.stl
[1.023s] -- Installing: /home/ayaan/URC/URC/install/interbotix_xsarm_descriptions/share/interbotix_xsarm_descriptions//meshes/mobile_px100_meshes/base.stl
[1.024s] -- Installing: /home/ayaan/URC/URC/install/interbotix_xsarm_descriptions/share/interbotix_xsarm_descriptions//meshes/mobile_px100_meshes/forearm.stl
[1.025s] -- Installing: /home/ayaan/URC/URC/install/interbotix_xsarm_descriptions/share/interbotix_xsarm_descriptions//meshes/mobile_px100_meshes/gripper.stl
[1.025s] -- Installing: /home/ayaan/URC/URC/install/interbotix_xsarm_descriptions/share/interbotix_xsarm_descriptions//meshes/mobile_px100_meshes/gripper_bar.stl
[1.026s] -- Installing: /home/ayaan/URC/URC/install/interbotix_xsarm_descriptions/share/interbotix_xsarm_descriptions//meshes/mobile_px100_meshes/shoulder.stl
[1.026s] -- Installing: /home/ayaan/URC/URC/install/interbotix_xsarm_descriptions/share/interbotix_xsarm_descriptions//meshes/vx300_meshes
[1.026s] -- Installing: /home/ayaan/URC/URC/install/interbotix_xsarm_descriptions/share/interbotix_xsarm_descriptions//meshes/vx300_meshes/gripper_finger.stl
[1.026s] -- Installing: /home/ayaan/URC/URC/install/interbotix_xsarm_descriptions/share/interbotix_xsarm_descriptions//meshes/vx300_meshes/wrist.stl
[1.027s] -- Installing: /home/ayaan/URC/URC/install/interbotix_xsarm_descriptions/share/interbotix_xsarm_descriptions//meshes/vx300_meshes/gripper_prop.stl
[1.027s] -- Installing: /home/ayaan/URC/URC/install/interbotix_xsarm_descriptions/share/interbotix_xsarm_descriptions//meshes/vx300_meshes/upper_arm.stl
[1.028s] -- Installing: /home/ayaan/URC/URC/install/interbotix_xsarm_descriptions/share/interbotix_xsarm_descriptions//meshes/vx300_meshes/base.stl
[1.028s] -- Installing: /home/ayaan/URC/URC/install/interbotix_xsarm_descriptions/share/interbotix_xsarm_descriptions//meshes/vx300_meshes/forearm.stl
[1.029s] -- Installing: /home/ayaan/URC/URC/install/interbotix_xsarm_descriptions/share/interbotix_xsarm_descriptions//meshes/vx300_meshes/gripper.stl
[1.030s] -- Installing: /home/ayaan/URC/URC/install/interbotix_xsarm_descriptions/share/interbotix_xsarm_descriptions//meshes/vx300_meshes/gripper_bar.stl
[1.031s] -- Installing: /home/ayaan/URC/URC/install/interbotix_xsarm_descriptions/share/interbotix_xsarm_descriptions//meshes/vx300_meshes/shoulder.stl
[1.032s] -- Installing: /home/ayaan/URC/URC/install/interbotix_xsarm_descriptions/share/interbotix_xsarm_descriptions//meshes/ar_tag.stl
[1.032s] -- Installing: /home/ayaan/URC/URC/install/interbotix_xsarm_descriptions/share/interbotix_xsarm_descriptions//meshes/px150_meshes
[1.032s] -- Installing: /home/ayaan/URC/URC/install/interbotix_xsarm_descriptions/share/interbotix_xsarm_descriptions//meshes/px150_meshes/gripper_finger.stl
[1.032s] -- Installing: /home/ayaan/URC/URC/install/interbotix_xsarm_descriptions/share/interbotix_xsarm_descriptions//meshes/px150_meshes/wrist.stl
[1.032s] -- Installing: /home/ayaan/URC/URC/install/interbotix_xsarm_descriptions/share/interbotix_xsarm_descriptions//meshes/px150_meshes/gripper_prop.stl
[1.033s] -- Installing: /home/ayaan/URC/URC/install/interbotix_xsarm_descriptions/share/interbotix_xsarm_descriptions//meshes/px150_meshes/upper_arm.stl
[1.033s] -- Installing: /home/ayaan/URC/URC/install/interbotix_xsarm_descriptions/share/interbotix_xsarm_descriptions//meshes/px150_meshes/base.stl
[1.034s] -- Installing: /home/ayaan/URC/URC/install/interbotix_xsarm_descriptions/share/interbotix_xsarm_descriptions//meshes/px150_meshes/forearm.stl
[1.034s] -- Installing: /home/ayaan/URC/URC/install/interbotix_xsarm_descriptions/share/interbotix_xsarm_descriptions//meshes/px150_meshes/gripper.stl
[1.035s] -- Installing: /home/ayaan/URC/URC/install/interbotix_xsarm_descriptions/share/interbotix_xsarm_descriptions//meshes/px150_meshes/gripper_bar.stl
[1.035s] -- Installing: /home/ayaan/URC/URC/install/interbotix_xsarm_descriptions/share/interbotix_xsarm_descriptions//meshes/px150_meshes/shoulder.stl
[1.035s] -- Installing: /home/ayaan/URC/URC/install/interbotix_xsarm_descriptions/share/interbotix_xsarm_descriptions//meshes/mobile_wx200_meshes
[1.035s] -- Installing: /home/ayaan/URC/URC/install/interbotix_xsarm_descriptions/share/interbotix_xsarm_descriptions//meshes/mobile_wx200_meshes/gripper_finger.stl
[1.036s] -- Installing: /home/ayaan/URC/URC/install/interbotix_xsarm_descriptions/share/interbotix_xsarm_descriptions//meshes/mobile_wx200_meshes/wrist.stl
[1.036s] -- Installing: /home/ayaan/URC/URC/install/interbotix_xsarm_descriptions/share/interbotix_xsarm_descriptions//meshes/mobile_wx200_meshes/gripper_prop.stl
[1.036s] -- Installing: /home/ayaan/URC/URC/install/interbotix_xsarm_descriptions/share/interbotix_xsarm_descriptions//meshes/mobile_wx200_meshes/upper_arm.stl
[1.036s] -- Installing: /home/ayaan/URC/URC/install/interbotix_xsarm_descriptions/share/interbotix_xsarm_descriptions//meshes/mobile_wx200_meshes/base.stl
[1.038s] -- Installing: /home/ayaan/URC/URC/install/interbotix_xsarm_descriptions/share/interbotix_xsarm_descriptions//meshes/mobile_wx200_meshes/forearm.stl
[1.038s] -- Installing: /home/ayaan/URC/URC/install/interbotix_xsarm_descriptions/share/interbotix_xsarm_descriptions//meshes/mobile_wx200_meshes/gripper.stl
[1.038s] -- Installing: /home/ayaan/URC/URC/install/interbotix_xsarm_descriptions/share/interbotix_xsarm_descriptions//meshes/mobile_wx200_meshes/gripper_bar.stl
[1.038s] -- Installing: /home/ayaan/URC/URC/install/interbotix_xsarm_descriptions/share/interbotix_xsarm_descriptions//meshes/mobile_wx200_meshes/shoulder.stl
[1.038s] -- Installing: /home/ayaan/URC/URC/install/interbotix_xsarm_descriptions/share/interbotix_xsarm_descriptions//meshes/interbotix_black.png
[1.039s] -- Installing: /home/ayaan/URC/URC/install/interbotix_xsarm_descriptions/share/interbotix_xsarm_descriptions//meshes/wx250s_meshes
[1.039s] -- Installing: /home/ayaan/URC/URC/install/interbotix_xsarm_descriptions/share/interbotix_xsarm_descriptions//meshes/wx250s_meshes/gripper_finger.stl
[1.039s] -- Installing: /home/ayaan/URC/URC/install/interbotix_xsarm_descriptions/share/interbotix_xsarm_descriptions//meshes/wx250s_meshes/wrist.stl
[1.039s] -- Installing: /home/ayaan/URC/URC/install/interbotix_xsarm_descriptions/share/interbotix_xsarm_descriptions//meshes/wx250s_meshes/gripper_prop.stl
[1.040s] -- Installing: /home/ayaan/URC/URC/install/interbotix_xsarm_descriptions/share/interbotix_xsarm_descriptions//meshes/wx250s_meshes/upper_arm.stl
[1.040s] -- Installing: /home/ayaan/URC/URC/install/interbotix_xsarm_descriptions/share/interbotix_xsarm_descriptions//meshes/wx250s_meshes/lower_forearm.stl
[1.041s] -- Installing: /home/ayaan/URC/URC/install/interbotix_xsarm_descriptions/share/interbotix_xsarm_descriptions//meshes/wx250s_meshes/upper_forearm.stl
[1.041s] -- Installing: /home/ayaan/URC/URC/install/interbotix_xsarm_descriptions/share/interbotix_xsarm_descriptions//meshes/wx250s_meshes/base.stl
[1.041s] -- Installing: /home/ayaan/URC/URC/install/interbotix_xsarm_descriptions/share/interbotix_xsarm_descriptions//meshes/wx250s_meshes/gripper.stl
[1.042s] -- Installing: /home/ayaan/URC/URC/install/interbotix_xsarm_descriptions/share/interbotix_xsarm_descriptions//meshes/wx250s_meshes/gripper_bar.stl
[1.042s] -- Installing: /home/ayaan/URC/URC/install/interbotix_xsarm_descriptions/share/interbotix_xsarm_descriptions//meshes/wx250s_meshes/shoulder.stl
[1.042s] -- Installing: /home/ayaan/URC/URC/install/interbotix_xsarm_descriptions/share/interbotix_xsarm_descriptions//meshes/aloha_wx250s_meshes
[1.042s] -- Installing: /home/ayaan/URC/URC/install/interbotix_xsarm_descriptions/share/interbotix_xsarm_descriptions//meshes/aloha_wx250s_meshes/gripper_finger.stl
[1.043s] -- Installing: /home/ayaan/URC/URC/install/interbotix_xsarm_descriptions/share/interbotix_xsarm_descriptions//meshes/aloha_wx250s_meshes/wrist.stl
[1.043s] -- Installing: /home/ayaan/URC/URC/install/interbotix_xsarm_descriptions/share/interbotix_xsarm_descriptions//meshes/aloha_wx250s_meshes/gripper_prop.stl
[1.043s] -- Installing: /home/ayaan/URC/URC/install/interbotix_xsarm_descriptions/share/interbotix_xsarm_descriptions//meshes/aloha_wx250s_meshes/upper_arm.stl
[1.044s] -- Installing: /home/ayaan/URC/URC/install/interbotix_xsarm_descriptions/share/interbotix_xsarm_descriptions//meshes/aloha_wx250s_meshes/lower_forearm.stl
[1.044s] -- Installing: /home/ayaan/URC/URC/install/interbotix_xsarm_descriptions/share/interbotix_xsarm_descriptions//meshes/aloha_wx250s_meshes/upper_forearm.stl
[1.045s] -- Installing: /home/ayaan/URC/URC/install/interbotix_xsarm_descriptions/share/interbotix_xsarm_descriptions//meshes/aloha_wx250s_meshes/base.stl
[1.046s] -- Installing: /home/ayaan/URC/URC/install/interbotix_xsarm_descriptions/share/interbotix_xsarm_descriptions//meshes/aloha_wx250s_meshes/gripper.stl
[1.046s] -- Installing: /home/ayaan/URC/URC/install/interbotix_xsarm_descriptions/share/interbotix_xsarm_descriptions//meshes/aloha_wx250s_meshes/gripper_bar.stl
[1.046s] -- Installing: /home/ayaan/URC/URC/install/interbotix_xsarm_descriptions/share/interbotix_xsarm_descriptions//meshes/aloha_wx250s_meshes/shoulder.stl
[1.047s] -- Installing: /home/ayaan/URC/URC/install/interbotix_xsarm_descriptions/share/interbotix_xsarm_descriptions//meshes/wx250_meshes
[1.047s] -- Installing: /home/ayaan/URC/URC/install/interbotix_xsarm_descriptions/share/interbotix_xsarm_descriptions//meshes/wx250_meshes/gripper_finger.stl
[1.047s] -- Installing: /home/ayaan/URC/URC/install/interbotix_xsarm_descriptions/share/interbotix_xsarm_descriptions//meshes/wx250_meshes/wrist.stl
[1.048s] -- Installing: /home/ayaan/URC/URC/install/interbotix_xsarm_descriptions/share/interbotix_xsarm_descriptions//meshes/wx250_meshes/gripper_prop.stl
[1.048s] -- Installing: /home/ayaan/URC/URC/install/interbotix_xsarm_descriptions/share/interbotix_xsarm_descriptions//meshes/wx250_meshes/upper_arm.stl
[1.048s] -- Installing: /home/ayaan/URC/URC/install/interbotix_xsarm_descriptions/share/interbotix_xsarm_descriptions//meshes/wx250_meshes/base.stl
[1.049s] -- Installing: /home/ayaan/URC/URC/install/interbotix_xsarm_descriptions/share/interbotix_xsarm_descriptions//meshes/wx250_meshes/forearm.stl
[1.049s] -- Installing: /home/ayaan/URC/URC/install/interbotix_xsarm_descriptions/share/interbotix_xsarm_descriptions//meshes/wx250_meshes/gripper.stl
[1.050s] -- Installing: /home/ayaan/URC/URC/install/interbotix_xsarm_descriptions/share/interbotix_xsarm_descriptions//meshes/wx250_meshes/gripper_bar.stl
[1.050s] -- Installing: /home/ayaan/URC/URC/install/interbotix_xsarm_descriptions/share/interbotix_xsarm_descriptions//meshes/wx250_meshes/shoulder.stl
[1.050s] -- Installing: /home/ayaan/URC/URC/install/interbotix_xsarm_descriptions/share/interbotix_xsarm_descriptions//meshes/mobile_wx250s_meshes
[1.050s] -- Installing: /home/ayaan/URC/URC/install/interbotix_xsarm_descriptions/share/interbotix_xsarm_descriptions//meshes/mobile_wx250s_meshes/gripper_finger.stl
[1.050s] -- Installing: /home/ayaan/URC/URC/install/interbotix_xsarm_descriptions/share/interbotix_xsarm_descriptions//meshes/mobile_wx250s_meshes/wrist.stl
[1.051s] -- Installing: /home/ayaan/URC/URC/install/interbotix_xsarm_descriptions/share/interbotix_xsarm_descriptions//meshes/mobile_wx250s_meshes/gripper_prop.stl
[1.051s] -- Installing: /home/ayaan/URC/URC/install/interbotix_xsarm_descriptions/share/interbotix_xsarm_descriptions//meshes/mobile_wx250s_meshes/upper_arm.stl
[1.052s] -- Installing: /home/ayaan/URC/URC/install/interbotix_xsarm_descriptions/share/interbotix_xsarm_descriptions//meshes/mobile_wx250s_meshes/lower_forearm.stl
[1.053s] -- Installing: /home/ayaan/URC/URC/install/interbotix_xsarm_descriptions/share/interbotix_xsarm_descriptions//meshes/mobile_wx250s_meshes/upper_forearm.stl
[1.053s] -- Installing: /home/ayaan/URC/URC/install/interbotix_xsarm_descriptions/share/interbotix_xsarm_descriptions//meshes/mobile_wx250s_meshes/base.stl
[1.055s] -- Installing: /home/ayaan/URC/URC/install/interbotix_xsarm_descriptions/share/interbotix_xsarm_descriptions//meshes/mobile_wx250s_meshes/gripper.stl
[1.055s] -- Installing: /home/ayaan/URC/URC/install/interbotix_xsarm_descriptions/share/interbotix_xsarm_descriptions//meshes/mobile_wx250s_meshes/gripper_bar.stl
[1.056s] -- Installing: /home/ayaan/URC/URC/install/interbotix_xsarm_descriptions/share/interbotix_xsarm_descriptions//meshes/mobile_wx250s_meshes/shoulder.stl
[1.056s] -- Installing: /home/ayaan/URC/URC/install/interbotix_xsarm_descriptions/share/interbotix_xsarm_descriptions//meshes/rx150_meshes
[1.056s] -- Installing: /home/ayaan/URC/URC/install/interbotix_xsarm_descriptions/share/interbotix_xsarm_descriptions//meshes/rx150_meshes/gripper_finger.stl
[1.056s] -- Installing: /home/ayaan/URC/URC/install/interbotix_xsarm_descriptions/share/interbotix_xsarm_descriptions//meshes/rx150_meshes/wrist.stl
[1.057s] -- Installing: /home/ayaan/URC/URC/install/interbotix_xsarm_descriptions/share/interbotix_xsarm_descriptions//meshes/rx150_meshes/gripper_prop.stl
[1.057s] -- Installing: /home/ayaan/URC/URC/install/interbotix_xsarm_descriptions/share/interbotix_xsarm_descriptions//meshes/rx150_meshes/upper_arm.stl
[1.057s] -- Installing: /home/ayaan/URC/URC/install/interbotix_xsarm_descriptions/share/interbotix_xsarm_descriptions//meshes/rx150_meshes/base.stl
[1.058s] -- Installing: /home/ayaan/URC/URC/install/interbotix_xsarm_descriptions/share/interbotix_xsarm_descriptions//meshes/rx150_meshes/forearm.stl
[1.059s] -- Installing: /home/ayaan/URC/URC/install/interbotix_xsarm_descriptions/share/interbotix_xsarm_descriptions//meshes/rx150_meshes/gripper.stl
[1.059s] -- Installing: /home/ayaan/URC/URC/install/interbotix_xsarm_descriptions/share/interbotix_xsarm_descriptions//meshes/rx150_meshes/gripper_bar.stl
[1.060s] -- Installing: /home/ayaan/URC/URC/install/interbotix_xsarm_descriptions/share/interbotix_xsarm_descriptions//meshes/rx150_meshes/shoulder.stl
[1.060s] -- Installing: /home/ayaan/URC/URC/install/interbotix_xsarm_descriptions/share/interbotix_xsarm_descriptions//meshes/aloha_vx300s_meshes
[1.060s] -- Installing: /home/ayaan/URC/URC/install/interbotix_xsarm_descriptions/share/interbotix_xsarm_descriptions//meshes/aloha_vx300s_meshes/gripper_finger.stl
[1.061s] -- Installing: /home/ayaan/URC/URC/install/interbotix_xsarm_descriptions/share/interbotix_xsarm_descriptions//meshes/aloha_vx300s_meshes/wrist.stl
[1.061s] -- Installing: /home/ayaan/URC/URC/install/interbotix_xsarm_descriptions/share/interbotix_xsarm_descriptions//meshes/aloha_vx300s_meshes/gripper_prop.stl
[1.061s] -- Installing: /home/ayaan/URC/URC/install/interbotix_xsarm_descriptions/share/interbotix_xsarm_descriptions//meshes/aloha_vx300s_meshes/upper_arm.stl
[1.062s] -- Installing: /home/ayaan/URC/URC/install/interbotix_xsarm_descriptions/share/interbotix_xsarm_descriptions//meshes/aloha_vx300s_meshes/lower_forearm.stl
[1.062s] -- Installing: /home/ayaan/URC/URC/install/interbotix_xsarm_descriptions/share/interbotix_xsarm_descriptions//meshes/aloha_vx300s_meshes/upper_forearm.stl
[1.063s] -- Installing: /home/ayaan/URC/URC/install/interbotix_xsarm_descriptions/share/interbotix_xsarm_descriptions//meshes/aloha_vx300s_meshes/base.stl
[1.063s] -- Installing: /home/ayaan/URC/URC/install/interbotix_xsarm_descriptions/share/interbotix_xsarm_descriptions//meshes/aloha_vx300s_meshes/gripper.stl
[1.064s] -- Installing: /home/ayaan/URC/URC/install/interbotix_xsarm_descriptions/share/interbotix_xsarm_descriptions//meshes/aloha_vx300s_meshes/gripper_bar.stl
[1.065s] -- Installing: /home/ayaan/URC/URC/install/interbotix_xsarm_descriptions/share/interbotix_xsarm_descriptions//meshes/aloha_vx300s_meshes/shoulder.stl
[1.066s] -- Installing: /home/ayaan/URC/URC/install/interbotix_xsarm_descriptions/share/interbotix_xsarm_descriptions//meshes/vx250_meshes
[1.066s] -- Installing: /home/ayaan/URC/URC/install/interbotix_xsarm_descriptions/share/interbotix_xsarm_descriptions//meshes/vx250_meshes/gripper_finger.stl
[1.066s] -- Installing: /home/ayaan/URC/URC/install/interbotix_xsarm_descriptions/share/interbotix_xsarm_descriptions//meshes/vx250_meshes/wrist.stl
[1.067s] -- Installing: /home/ayaan/URC/URC/install/interbotix_xsarm_descriptions/share/interbotix_xsarm_descriptions//meshes/vx250_meshes/gripper_prop.stl
[1.067s] -- Installing: /home/ayaan/URC/URC/install/interbotix_xsarm_descriptions/share/interbotix_xsarm_descriptions//meshes/vx250_meshes/upper_arm.stl
[1.067s] -- Installing: /home/ayaan/URC/URC/install/interbotix_xsarm_descriptions/share/interbotix_xsarm_descriptions//meshes/vx250_meshes/base.stl
[1.068s] -- Installing: /home/ayaan/URC/URC/install/interbotix_xsarm_descriptions/share/interbotix_xsarm_descriptions//meshes/vx250_meshes/forearm.stl
[1.068s] -- Installing: /home/ayaan/URC/URC/install/interbotix_xsarm_descriptions/share/interbotix_xsarm_descriptions//meshes/vx250_meshes/gripper.stl
[1.068s] -- Installing: /home/ayaan/URC/URC/install/interbotix_xsarm_descriptions/share/interbotix_xsarm_descriptions//meshes/vx250_meshes/gripper_bar.stl
[1.069s] -- Installing: /home/ayaan/URC/URC/install/interbotix_xsarm_descriptions/share/interbotix_xsarm_descriptions//meshes/vx250_meshes/shoulder.stl
[1.069s] -- Installing: /home/ayaan/URC/URC/install/interbotix_xsarm_descriptions/share/interbotix_xsarm_descriptions//rviz
[1.069s] -- Installing: /home/ayaan/URC/URC/install/interbotix_xsarm_descriptions/share/interbotix_xsarm_descriptions//rviz/xsarm_description.rviz
[1.069s] -- Installing: /home/ayaan/URC/URC/install/interbotix_xsarm_descriptions/share/ament_index/resource_index/package_run_dependencies/interbotix_xsarm_descriptions
[1.069s] -- Installing: /home/ayaan/URC/URC/install/interbotix_xsarm_descriptions/share/ament_index/resource_index/parent_prefix_path/interbotix_xsarm_descriptions
[1.069s] -- Installing: /home/ayaan/URC/URC/install/interbotix_xsarm_descriptions/share/interbotix_xsarm_descriptions/environment/ament_prefix_path.sh
[1.070s] -- Installing: /home/ayaan/URC/URC/install/interbotix_xsarm_descriptions/share/interbotix_xsarm_descriptions/environment/ament_prefix_path.dsv
[1.070s] -- Installing: /home/ayaan/URC/URC/install/interbotix_xsarm_descriptions/share/interbotix_xsarm_descriptions/environment/path.sh
[1.070s] -- Installing: /home/ayaan/URC/URC/install/interbotix_xsarm_descriptions/share/interbotix_xsarm_descriptions/environment/path.dsv
[1.070s] -- Installing: /home/ayaan/URC/URC/install/interbotix_xsarm_descriptions/share/interbotix_xsarm_descriptions/local_setup.bash
[1.070s] -- Installing: /home/ayaan/URC/URC/install/interbotix_xsarm_descriptions/share/interbotix_xsarm_descriptions/local_setup.sh
[1.070s] -- Installing: /home/ayaan/URC/URC/install/interbotix_xsarm_descriptions/share/interbotix_xsarm_descriptions/local_setup.zsh
[1.070s] -- Installing: /home/ayaan/URC/URC/install/interbotix_xsarm_descriptions/share/interbotix_xsarm_descriptions/local_setup.dsv
[1.070s] -- Installing: /home/ayaan/URC/URC/install/interbotix_xsarm_descriptions/share/interbotix_xsarm_descriptions/package.dsv
[1.070s] -- Installing: /home/ayaan/URC/URC/install/interbotix_xsarm_descriptions/share/ament_index/resource_index/packages/interbotix_xsarm_descriptions
[1.070s] -- Installing: /home/ayaan/URC/URC/install/interbotix_xsarm_descriptions/share/interbotix_xsarm_descriptions/cmake/interbotix_xsarm_descriptionsConfig.cmake
[1.070s] -- Installing: /home/ayaan/URC/URC/install/interbotix_xsarm_descriptions/share/interbotix_xsarm_descriptions/cmake/interbotix_xsarm_descriptionsConfig-version.cmake
[1.070s] -- Installing: /home/ayaan/URC/URC/install/interbotix_xsarm_descriptions/share/interbotix_xsarm_descriptions/package.xml
[1.072s] Invoked command in '/home/ayaan/URC/URC/build/interbotix_xsarm_descriptions' returned '0': AMENT_PREFIX_PATH=/home/ayaan/URC/URC/install/interbotix_xs_modules:/home/ayaan/URC/URC/install/interbotix_xs_sdk:/home/ayaan/URC/URC/install/interbotix_xs_driver:/home/ayaan/URC/URC/install/dynamixel_workbench_toolbox:/home/ayaan/URC/URC/install/interbotix_xs_msgs:/home/ayaan/URC/URC/install/interbotix_common_modules:/home/ayaan/URC/URC/install/dynamixel_sdk:${AMENT_PREFIX_PATH} CMAKE_PREFIX_PATH=/home/ayaan/URC/URC/install/interbotix_xs_sdk:/home/ayaan/URC/URC/install/interbotix_xs_driver:/home/ayaan/URC/URC/install/dynamixel_workbench_toolbox:/home/ayaan/URC/URC/install/interbotix_xs_msgs:/home/ayaan/URC/URC/install/dynamixel_sdk:/home/ayaan/imprimis/imprimis_ws/install/umx_driver:/home/ayaan/imprimis/imprimis_ws/install/imprimis_hardware_platform:/home/ayaan/imprimis/imprimis_ws/install/serial:/home/ayaan/imprimis/imprimis_ws/install/scanmatcher:/home/ayaan/imprimis/imprimis_ws/install/graph_based_slam:/home/ayaan/imprimis/imprimis_ws/install/ndt_omp_ros2:/home/ayaan/imprimis/imprimis_ws/install/lidarslam_msgs:/home/ayaan/imprimis/imprimis_ws/install/imprimis_navigation:/home/ayaan/imprimis/imprimis_ws/install/imprimis_description:/home/ayaan/ros2_ws/install/turtlesim:/opt/ros/jazzy/opt/gz_sim_vendor:/opt/ros/jazzy/opt/gz_sensors_vendor:/opt/ros/jazzy/opt/gz_physics_vendor:/opt/ros/jazzy/opt/sdformat_vendor:/opt/ros/jazzy/opt/gz_gui_vendor:/opt/ros/jazzy/opt/gz_transport_vendor:/opt/ros/jazzy/opt/gz_rendering_vendor:/opt/ros/jazzy/opt/gz_plugin_vendor:/opt/ros/jazzy/opt/gz_fuel_tools_vendor:/opt/ros/jazzy/opt/gz_msgs_vendor:/opt/ros/jazzy/opt/gz_common_vendor:/opt/ros/jazzy/opt/gz_math_vendor:/opt/ros/jazzy/opt/gz_utils_vendor:/opt/ros/jazzy/opt/gz_tools_vendor:/opt/ros/jazzy/opt/gz_ogre_next_vendor:/opt/ros/jazzy/opt/gz_dartsim_vendor:/opt/ros/jazzy/opt/gz_cmake_vendor:/home/ayaan/imprimis/imprimis_ws/install/utils:/home/ayaan/imprimis/imprimis_ws/install/map_goal_to_odom:/home/ayaan/imprimis/imprimis_ws/install/gps_nav_bridge:/opt/ros/jazzy DEBUGINFOD_URLS=https://debuginfod.ubuntu.com LD_LIBRARY_PATH=/home/ayaan/URC/URC/install/interbotix_xs_driver/lib:/home/ayaan/URC/URC/install/dynamixel_workbench_toolbox/lib:/home/ayaan/URC/URC/install/interbotix_xs_msgs/lib:/home/ayaan/URC/URC/install/dynamixel_sdk/lib:${LD_LIBRARY_PATH} PYTHONPATH=/home/ayaan/URC/URC/install/interbotix_xs_modules/lib/python3.12/site-packages:/home/ayaan/URC/URC/install/interbotix_xs_msgs/lib/python3.12/site-packages:/home/ayaan/URC/URC/install/interbotix_common_modules/lib/python3.12/site-packages:/home/ayaan/URC/URC/install/dynamixel_sdk/lib/python3.12/site-packages:${PYTHONPATH} /usr/bin/cmake --install /home/ayaan/URC/URC/build/interbotix_xsarm_descriptions
