[2.183s] Invoking command in '/home/ayaan/URC/URC/build/receiver': CMAKE_PREFIX_PATH=${CMAKE_PREFIX_PATH}:/home/ayaan/imprimis/imprimis_ws/install/utils:/home/ayaan/imprimis/imprimis_ws/install/map_goal_to_odom:/home/ayaan/imprimis/imprimis_ws/install/gps_nav_bridge:/opt/ros/jazzy DEBUGINFOD_URLS=https://debuginfod.ubuntu.com /usr/bin/cmake --build /home/ayaan/URC/URC/build/receiver -- -j16 -l16
[2.412s] [100%] Built target receive
[2.448s] Invoked command in '/home/ayaan/URC/URC/build/receiver' returned '0': CMAKE_PREFIX_PATH=${CMAKE_PREFIX_PATH}:/home/ayaan/imprimis/imprimis_ws/install/utils:/home/ayaan/imprimis/imprimis_ws/install/map_goal_to_odom:/home/ayaan/imprimis/imprimis_ws/install/gps_nav_bridge:/opt/ros/jazzy DEBUGINFOD_URLS=https://debuginfod.ubuntu.com /usr/bin/cmake --build /home/ayaan/URC/URC/build/receiver -- -j16 -l16
[2.454s] Invoking command in '/home/ayaan/URC/URC/build/receiver': CMAKE_PREFIX_PATH=${CMAKE_PREFIX_PATH}:/home/ayaan/imprimis/imprimis_ws/install/utils:/home/ayaan/imprimis/imprimis_ws/install/map_goal_to_odom:/home/ayaan/imprimis/imprimis_ws/install/gps_nav_bridge:/opt/ros/jazzy DEBUGINFOD_URLS=https://debuginfod.ubuntu.com /usr/bin/cmake --install /home/ayaan/URC/URC/build/receiver
[2.485s] -- Install configuration: ""
[2.485s] -- Up-to-date: /home/ayaan/URC/URC/install/receiver/share/receiver/launch
[2.486s] -- Installing: /home/ayaan/URC/URC/install/receiver/share/receiver/launch/receiver_launch.py
[2.486s] -- Up-to-date: /home/ayaan/URC/URC/install/receiver/lib/receiver/receive
[2.487s] -- Up-to-date: /home/ayaan/URC/URC/install/receiver/share/ament_index/resource_index/package_run_dependencies/receiver
[2.487s] -- Up-to-date: /home/ayaan/URC/URC/install/receiver/share/ament_index/resource_index/parent_prefix_path/receiver
[2.487s] -- Up-to-date: /home/ayaan/URC/URC/install/receiver/share/receiver/environment/ament_prefix_path.sh
[2.488s] -- Up-to-date: /home/ayaan/URC/URC/install/receiver/share/receiver/environment/ament_prefix_path.dsv
[2.488s] -- Up-to-date: /home/ayaan/URC/URC/install/receiver/share/receiver/environment/path.sh
[2.489s] -- Up-to-date: /home/ayaan/URC/URC/install/receiver/share/receiver/environment/path.dsv
[2.489s] -- Up-to-date: /home/ayaan/URC/URC/install/receiver/share/receiver/local_setup.bash
[2.489s] -- Up-to-date: /home/ayaan/URC/URC/install/receiver/share/receiver/local_setup.sh
[2.490s] -- Up-to-date: /home/ayaan/URC/URC/install/receiver/share/receiver/local_setup.zsh
[2.490s] -- Up-to-date: /home/ayaan/URC/URC/install/receiver/share/receiver/local_setup.dsv
[2.490s] -- Installing: /home/ayaan/URC/URC/install/receiver/share/receiver/package.dsv
[2.491s] -- Up-to-date: /home/ayaan/URC/URC/install/receiver/share/ament_index/resource_index/packages/receiver
[2.491s] -- Up-to-date: /home/ayaan/URC/URC/install/receiver/share/receiver/cmake/receiverConfig.cmake
[2.491s] -- Up-to-date: /home/ayaan/URC/URC/install/receiver/share/receiver/cmake/receiverConfig-version.cmake
[2.492s] -- Up-to-date: /home/ayaan/URC/URC/install/receiver/share/receiver/package.xml
[2.495s] Invoked command in '/home/ayaan/URC/URC/build/receiver' returned '0': CMAKE_PREFIX_PATH=${CMAKE_PREFIX_PATH}:/home/ayaan/imprimis/imprimis_ws/install/utils:/home/ayaan/imprimis/imprimis_ws/install/map_goal_to_odom:/home/ayaan/imprimis/imprimis_ws/install/gps_nav_bridge:/opt/ros/jazzy DEBUGINFOD_URLS=https://debuginfod.ubuntu.com /usr/bin/cmake --install /home/ayaan/URC/URC/build/receiver
