[0.012s] Invoking command in '/home/ayaan/URC/URC/build/interbotix_xsarm_descriptions': AMENT_PREFIX_PATH=/home/ayaan/URC/URC/install/interbotix_xs_modules:/home/ayaan/URC/URC/install/interbotix_xs_sdk:/home/ayaan/URC/URC/install/interbotix_xs_driver:/home/ayaan/URC/URC/install/dynamixel_workbench_toolbox:/home/ayaan/URC/URC/install/interbotix_xs_msgs:/home/ayaan/URC/URC/install/interbotix_common_modules:/home/ayaan/URC/URC/install/dynamixel_sdk:${AMENT_PREFIX_PATH} CMAKE_PREFIX_PATH=/home/ayaan/URC/URC/install/interbotix_xs_sdk:/home/ayaan/URC/URC/install/interbotix_xs_driver:/home/ayaan/URC/URC/install/dynamixel_workbench_toolbox:/home/ayaan/URC/URC/install/interbotix_xs_msgs:/home/ayaan/URC/URC/install/dynamixel_sdk:/home/ayaan/imprimis/imprimis_ws/install/umx_driver:/home/ayaan/imprimis/imprimis_ws/install/imprimis_hardware_platform:/home/ayaan/imprimis/imprimis_ws/install/serial:/home/ayaan/imprimis/imprimis_ws/install/scanmatcher:/home/ayaan/imprimis/imprimis_ws/install/graph_based_slam:/home/ayaan/imprimis/imprimis_ws/install/ndt_omp_ros2:/home/ayaan/imprimis/imprimis_ws/install/lidarslam_msgs:/home/ayaan/imprimis/imprimis_ws/install/imprimis_navigation:/home/ayaan/imprimis/imprimis_ws/install/imprimis_description:/home/ayaan/ros2_ws/install/turtlesim:/opt/ros/jazzy/opt/gz_sim_vendor:/opt/ros/jazzy/opt/gz_sensors_vendor:/opt/ros/jazzy/opt/gz_physics_vendor:/opt/ros/jazzy/opt/sdformat_vendor:/opt/ros/jazzy/opt/gz_gui_vendor:/opt/ros/jazzy/opt/gz_transport_vendor:/opt/ros/jazzy/opt/gz_rendering_vendor:/opt/ros/jazzy/opt/gz_plugin_vendor:/opt/ros/jazzy/opt/gz_fuel_tools_vendor:/opt/ros/jazzy/opt/gz_msgs_vendor:/opt/ros/jazzy/opt/gz_common_vendor:/opt/ros/jazzy/opt/gz_math_vendor:/opt/ros/jazzy/opt/gz_utils_vendor:/opt/ros/jazzy/opt/gz_tools_vendor:/opt/ros/jazzy/opt/gz_ogre_next_vendor:/opt/ros/jazzy/opt/gz_dartsim_vendor:/opt/ros/jazzy/opt/gz_cmake_vendor:/home/ayaan/imprimis/imprimis_ws/install/utils:/home/ayaan/imprimis/imprimis_ws/install/map_goal_to_odom:/home/ayaan/imprimis/imprimis_ws/install/gps_nav_bridge:/opt/ros/jazzy DEBUGINFOD_URLS=https://debuginfod.ubuntu.com LD_LIBRARY_PATH=/home/ayaan/URC/URC/install/interbotix_xs_driver/lib:/home/ayaan/URC/URC/install/dynamixel_workbench_toolbox/lib:/home/ayaan/URC/URC/install/interbotix_xs_msgs/lib:/home/ayaan/URC/URC/install/dynamixel_sdk/lib:${LD_LIBRARY_PATH} PYTHONPATH=/home/ayaan/URC/URC/install/interbotix_xs_modules/lib/python3.12/site-packages:/home/ayaan/URC/URC/install/interbotix_xs_msgs/lib/python3.12/site-packages:/home/ayaan/URC/URC/install/interbotix_common_modules/lib/python3.12/site-packages:/home/ayaan/URC/URC/install/dynamixel_sdk/lib/python3.12/site-packages:${PYTHONPATH} /usr/bin/cmake --build /home/ayaan/URC/URC/build/interbotix_xsarm_descriptions -- -j16 -l16
[0.039s] Invoked command in '/home/ayaan/URC/URC/build/interbotix_xsarm_descriptions' returned '0': AMENT_PREFIX_PATH=/home/ayaan/URC/URC/install/interbotix_xs_modules:/home/ayaan/URC/URC/install/interbotix_xs_sdk:/home/ayaan/URC/URC/install/interbotix_xs_driver:/home/ayaan/URC/URC/install/dynamixel_workbench_toolbox:/home/ayaan/URC/URC/install/interbotix_xs_msgs:/home/ayaan/URC/URC/install/interbotix_common_modules:/home/ayaan/URC/URC/install/dynamixel_sdk:${AMENT_PREFIX_PATH} CMAKE_PREFIX_PATH=/home/ayaan/URC/URC/install/interbotix_xs_sdk:/home/ayaan/URC/URC/install/interbotix_xs_driver:/home/ayaan/URC/URC/install/dynamixel_workbench_toolbox:/home/ayaan/URC/URC/install/interbotix_xs_msgs:/home/ayaan/URC/URC/install/dynamixel_sdk:/home/ayaan/imprimis/imprimis_ws/install/umx_driver:/home/ayaan/imprimis/imprimis_ws/install/imprimis_hardware_platform:/home/ayaan/imprimis/imprimis_ws/install/serial:/home/ayaan/imprimis/imprimis_ws/install/scanmatcher:/home/ayaan/imprimis/imprimis_ws/install/graph_based_slam:/home/ayaan/imprimis/imprimis_ws/install/ndt_omp_ros2:/home/ayaan/imprimis/imprimis_ws/install/lidarslam_msgs:/home/ayaan/imprimis/imprimis_ws/install/imprimis_navigation:/home/ayaan/imprimis/imprimis_ws/install/imprimis_description:/home/ayaan/ros2_ws/install/turtlesim:/opt/ros/jazzy/opt/gz_sim_vendor:/opt/ros/jazzy/opt/gz_sensors_vendor:/opt/ros/jazzy/opt/gz_physics_vendor:/opt/ros/jazzy/opt/sdformat_vendor:/opt/ros/jazzy/opt/gz_gui_vendor:/opt/ros/jazzy/opt/gz_transport_vendor:/opt/ros/jazzy/opt/gz_rendering_vendor:/opt/ros/jazzy/opt/gz_plugin_vendor:/opt/ros/jazzy/opt/gz_fuel_tools_vendor:/opt/ros/jazzy/opt/gz_msgs_vendor:/opt/ros/jazzy/opt/gz_common_vendor:/opt/ros/jazzy/opt/gz_math_vendor:/opt/ros/jazzy/opt/gz_utils_vendor:/opt/ros/jazzy/opt/gz_tools_vendor:/opt/ros/jazzy/opt/gz_ogre_next_vendor:/opt/ros/jazzy/opt/gz_dartsim_vendor:/opt/ros/jazzy/opt/gz_cmake_vendor:/home/ayaan/imprimis/imprimis_ws/install/utils:/home/ayaan/imprimis/imprimis_ws/install/map_goal_to_odom:/home/ayaan/imprimis/imprimis_ws/install/gps_nav_bridge:/opt/ros/jazzy DEBUGINFOD_URLS=https://debuginfod.ubuntu.com LD_LIBRARY_PATH=/home/ayaan/URC/URC/install/interbotix_xs_driver/lib:/home/ayaan/URC/URC/install/dynamixel_workbench_toolbox/lib:/home/ayaan/URC/URC/install/interbotix_xs_msgs/lib:/home/ayaan/URC/URC/install/dynamixel_sdk/lib:${LD_LIBRARY_PATH} PYTHONPATH=/home/ayaan/URC/URC/install/interbotix_xs_modules/lib/python3.12/site-packages:/home/ayaan/URC/URC/install/interbotix_xs_msgs/lib/python3.12/site-packages:/home/ayaan/URC/URC/install/interbotix_common_modules/lib/python3.12/site-packages:/home/ayaan/URC/URC/install/dynamixel_sdk/lib/python3.12/site-packages:${PYTHONPATH} /usr/bin/cmake --build /home/ayaan/URC/URC/build/interbotix_xsarm_descriptions -- -j16 -l16
[0.040s] Invoking command in '/home/ayaan/URC/URC/build/interbotix_xsarm_descriptions': AMENT_PREFIX_PATH=/home/ayaan/URC/URC/install/interbotix_xs_modules:/home/ayaan/URC/URC/install/interbotix_xs_sdk:/home/ayaan/URC/URC/install/interbotix_xs_driver:/home/ayaan/URC/URC/install/dynamixel_workbench_toolbox:/home/ayaan/URC/URC/install/interbotix_xs_msgs:/home/ayaan/URC/URC/install/interbotix_common_modules:/home/ayaan/URC/URC/install/dynamixel_sdk:${AMENT_PREFIX_PATH} CMAKE_PREFIX_PATH=/home/ayaan/URC/URC/install/interbotix_xs_sdk:/home/ayaan/URC/URC/install/interbotix_xs_driver:/home/ayaan/URC/URC/install/dynamixel_workbench_toolbox:/home/ayaan/URC/URC/install/interbotix_xs_msgs:/home/ayaan/URC/URC/install/dynamixel_sdk:/home/ayaan/imprimis/imprimis_ws/install/umx_driver:/home/ayaan/imprimis/imprimis_ws/install/imprimis_hardware_platform:/home/ayaan/imprimis/imprimis_ws/install/serial:/home/ayaan/imprimis/imprimis_ws/install/scanmatcher:/home/ayaan/imprimis/imprimis_ws/install/graph_based_slam:/home/ayaan/imprimis/imprimis_ws/install/ndt_omp_ros2:/home/ayaan/imprimis/imprimis_ws/install/lidarslam_msgs:/home/ayaan/imprimis/imprimis_ws/install/imprimis_navigation:/home/ayaan/imprimis/imprimis_ws/install/imprimis_description:/home/ayaan/ros2_ws/install/turtlesim:/opt/ros/jazzy/opt/gz_sim_vendor:/opt/ros/jazzy/opt/gz_sensors_vendor:/opt/ros/jazzy/opt/gz_physics_vendor:/opt/ros/jazzy/opt/sdformat_vendor:/opt/ros/jazzy/opt/gz_gui_vendor:/opt/ros/jazzy/opt/gz_transport_vendor:/opt/ros/jazzy/opt/gz_rendering_vendor:/opt/ros/jazzy/opt/gz_plugin_vendor:/opt/ros/jazzy/opt/gz_fuel_tools_vendor:/opt/ros/jazzy/opt/gz_msgs_vendor:/opt/ros/jazzy/opt/gz_common_vendor:/opt/ros/jazzy/opt/gz_math_vendor:/opt/ros/jazzy/opt/gz_utils_vendor:/opt/ros/jazzy/opt/gz_tools_vendor:/opt/ros/jazzy/opt/gz_ogre_next_vendor:/opt/ros/jazzy/opt/gz_dartsim_vendor:/opt/ros/jazzy/opt/gz_cmake_vendor:/home/ayaan/imprimis/imprimis_ws/install/utils:/home/ayaan/imprimis/imprimis_ws/install/map_goal_to_odom:/home/ayaan/imprimis/imprimis_ws/install/gps_nav_bridge:/opt/ros/jazzy DEBUGINFOD_URLS=https://debuginfod.ubuntu.com LD_LIBRARY_PATH=/home/ayaan/URC/URC/install/interbotix_xs_driver/lib:/home/ayaan/URC/URC/install/dynamixel_workbench_toolbox/lib:/home/ayaan/URC/URC/install/interbotix_xs_msgs/lib:/home/ayaan/URC/URC/install/dynamixel_sdk/lib:${LD_LIBRARY_PATH} PYTHONPATH=/home/ayaan/URC/URC/install/interbotix_xs_modules/lib/python3.12/site-packages:/home/ayaan/URC/URC/install/interbotix_xs_msgs/lib/python3.12/site-packages:/home/ayaan/URC/URC/install/interbotix_common_modules/lib/python3.12/site-packages:/home/ayaan/URC/URC/install/dynamixel_sdk/lib/python3.12/site-packages:${PYTHONPATH} /usr/bin/cmake --install /home/ayaan/URC/URC/build/interbotix_xsarm_descriptions
[0.044s] -- Install configuration: ""
[0.044s] -- Up-to-date: /home/ayaan/URC/URC/install/interbotix_xsarm_descriptions/share/interbotix_xsarm_descriptions//urdf
[0.044s] -- Up-to-date: /home/ayaan/URC/URC/install/interbotix_xsarm_descriptions/share/interbotix_xsarm_descriptions//urdf/vx250.urdf.xacro
[0.044s] -- Up-to-date: /home/ayaan/URC/URC/install/interbotix_xsarm_descriptions/share/interbotix_xsarm_descriptions//urdf/px150.urdf.xacro
[0.044s] -- Up-to-date: /home/ayaan/URC/URC/install/interbotix_xsarm_descriptions/share/interbotix_xsarm_descriptions//urdf/aloha_vx300s.urdf.xacro
[0.044s] -- Up-to-date: /home/ayaan/URC/URC/install/interbotix_xsarm_descriptions/share/interbotix_xsarm_descriptions//urdf/wx250.urdf.xacro
[0.044s] -- Up-to-date: /home/ayaan/URC/URC/install/interbotix_xsarm_descriptions/share/interbotix_xsarm_descriptions//urdf/wx200.urdf.xacro
[0.044s] -- Up-to-date: /home/ayaan/URC/URC/install/interbotix_xsarm_descriptions/share/interbotix_xsarm_descriptions//urdf/control.urdf.xacro
[0.045s] -- Up-to-date: /home/ayaan/URC/URC/install/interbotix_xsarm_descriptions/share/interbotix_xsarm_descriptions//urdf/wx250s.urdf.xacro
[0.045s] -- Up-to-date: /home/ayaan/URC/URC/install/interbotix_xsarm_descriptions/share/interbotix_xsarm_descriptions//urdf/rx150.urdf.xacro
[0.045s] -- Up-to-date: /home/ayaan/URC/URC/install/interbotix_xsarm_descriptions/share/interbotix_xsarm_descriptions//urdf/mobile_wx250s.urdf.xacro
[0.045s] -- Up-to-date: /home/ayaan/URC/URC/install/interbotix_xsarm_descriptions/share/interbotix_xsarm_descriptions//urdf/rx200.urdf.xacro
[0.045s] -- Up-to-date: /home/ayaan/URC/URC/install/interbotix_xsarm_descriptions/share/interbotix_xsarm_descriptions//urdf/vx300s.urdf.xacro
[0.045s] -- Up-to-date: /home/ayaan/URC/URC/install/interbotix_xsarm_descriptions/share/interbotix_xsarm_descriptions//urdf/px100.urdf.xacro
[0.045s] -- Up-to-date: /home/ayaan/URC/URC/install/interbotix_xsarm_descriptions/share/interbotix_xsarm_descriptions//urdf/gazebo_configs.urdf.xacro
[0.045s] -- Up-to-date: /home/ayaan/URC/URC/install/interbotix_xsarm_descriptions/share/interbotix_xsarm_descriptions//urdf/aloha_wx250s.urdf.xacro
[0.045s] -- Up-to-date: /home/ayaan/URC/URC/install/interbotix_xsarm_descriptions/share/interbotix_xsarm_descriptions//urdf/mobile_px100.urdf.xacro
[0.045s] -- Up-to-date: /home/ayaan/URC/URC/install/interbotix_xsarm_descriptions/share/interbotix_xsarm_descriptions//urdf/vx300.urdf.xacro
[0.045s] -- Up-to-date: /home/ayaan/URC/URC/install/interbotix_xsarm_descriptions/share/interbotix_xsarm_descriptions//urdf/ar_tag.urdf.xacro
[0.045s] -- Up-to-date: /home/ayaan/URC/URC/install/interbotix_xsarm_descriptions/share/interbotix_xsarm_descriptions//urdf/mobile_wx200.urdf.xacro
[0.045s] -- Up-to-date: /home/ayaan/URC/URC/install/interbotix_xsarm_descriptions/share/interbotix_xsarm_descriptions//launch
[0.045s] -- Up-to-date: /home/ayaan/URC/URC/install/interbotix_xsarm_descriptions/share/interbotix_xsarm_descriptions//launch/remote_view.launch.py
[0.045s] -- Up-to-date: /home/ayaan/URC/URC/install/interbotix_xsarm_descriptions/share/interbotix_xsarm_descriptions//launch/xsarm_description.launch.py
[0.045s] -- Up-to-date: /home/ayaan/URC/URC/install/interbotix_xsarm_descriptions/share/interbotix_xsarm_descriptions//meshes
[0.045s] -- Up-to-date: /home/ayaan/URC/URC/install/interbotix_xsarm_descriptions/share/interbotix_xsarm_descriptions//meshes/rx200_meshes
[0.045s] -- Up-to-date: /home/ayaan/URC/URC/install/interbotix_xsarm_descriptions/share/interbotix_xsarm_descriptions//meshes/rx200_meshes/gripper_finger.stl
[0.045s] -- Up-to-date: /home/ayaan/URC/URC/install/interbotix_xsarm_descriptions/share/interbotix_xsarm_descriptions//meshes/rx200_meshes/wrist.stl
[0.045s] -- Up-to-date: /home/ayaan/URC/URC/install/interbotix_xsarm_descriptions/share/interbotix_xsarm_descriptions//meshes/rx200_meshes/gripper_prop.stl
[0.045s] -- Up-to-date: /home/ayaan/URC/URC/install/interbotix_xsarm_descriptions/share/interbotix_xsarm_descriptions//meshes/rx200_meshes/upper_arm.stl
[0.045s] -- Up-to-date: /home/ayaan/URC/URC/install/interbotix_xsarm_descriptions/share/interbotix_xsarm_descriptions//meshes/rx200_meshes/base.stl
[0.045s] -- Up-to-date: /home/ayaan/URC/URC/install/interbotix_xsarm_descriptions/share/interbotix_xsarm_descriptions//meshes/rx200_meshes/forearm.stl
[0.045s] -- Up-to-date: /home/ayaan/URC/URC/install/interbotix_xsarm_descriptions/share/interbotix_xsarm_descriptions//meshes/rx200_meshes/gripper.stl
[0.045s] -- Up-to-date: /home/ayaan/URC/URC/install/interbotix_xsarm_descriptions/share/interbotix_xsarm_descriptions//meshes/rx200_meshes/gripper_bar.stl
[0.045s] -- Up-to-date: /home/ayaan/URC/URC/install/interbotix_xsarm_descriptions/share/interbotix_xsarm_descriptions//meshes/rx200_meshes/shoulder.stl
[0.045s] -- Up-to-date: /home/ayaan/URC/URC/install/interbotix_xsarm_descriptions/share/interbotix_xsarm_descriptions//meshes/vx300s_meshes
[0.045s] -- Up-to-date: /home/ayaan/URC/URC/install/interbotix_xsarm_descriptions/share/interbotix_xsarm_descriptions//meshes/vx300s_meshes/gripper_finger.stl
[0.045s] -- Up-to-date: /home/ayaan/URC/URC/install/interbotix_xsarm_descriptions/share/interbotix_xsarm_descriptions//meshes/vx300s_meshes/wrist.stl
[0.045s] -- Up-to-date: /home/ayaan/URC/URC/install/interbotix_xsarm_descriptions/share/interbotix_xsarm_descriptions//meshes/vx300s_meshes/gripper_prop.stl
[0.045s] -- Up-to-date: /home/ayaan/URC/URC/install/interbotix_xsarm_descriptions/share/interbotix_xsarm_descriptions//meshes/vx300s_meshes/upper_arm.stl
[0.045s] -- Up-to-date: /home/ayaan/URC/URC/install/interbotix_xsarm_descriptions/share/interbotix_xsarm_descriptions//meshes/vx300s_meshes/lower_forearm.stl
[0.045s] -- Up-to-date: /home/ayaan/URC/URC/install/interbotix_xsarm_descriptions/share/interbotix_xsarm_descriptions//meshes/vx300s_meshes/upper_forearm.stl
[0.045s] -- Up-to-date: /home/ayaan/URC/URC/install/interbotix_xsarm_descriptions/share/interbotix_xsarm_descriptions//meshes/vx300s_meshes/base.stl
[0.046s] -- Up-to-date: /home/ayaan/URC/URC/install/interbotix_xsarm_descriptions/share/interbotix_xsarm_descriptions//meshes/vx300s_meshes/gripper.stl
[0.046s] -- Up-to-date: /home/ayaan/URC/URC/install/interbotix_xsarm_descriptions/share/interbotix_xsarm_descriptions//meshes/vx300s_meshes/gripper_bar.stl
[0.046s] -- Up-to-date: /home/ayaan/URC/URC/install/interbotix_xsarm_descriptions/share/interbotix_xsarm_descriptions//meshes/vx300s_meshes/shoulder.stl
[0.046s] -- Up-to-date: /home/ayaan/URC/URC/install/interbotix_xsarm_descriptions/share/interbotix_xsarm_descriptions//meshes/wx200_meshes
[0.046s] -- Up-to-date: /home/ayaan/URC/URC/install/interbotix_xsarm_descriptions/share/interbotix_xsarm_descriptions//meshes/wx200_meshes/gripper_finger.stl
[0.046s] -- Up-to-date: /home/ayaan/URC/URC/install/interbotix_xsarm_descriptions/share/interbotix_xsarm_descriptions//meshes/wx200_meshes/wrist.stl
[0.046s] -- Up-to-date: /home/ayaan/URC/URC/install/interbotix_xsarm_descriptions/share/interbotix_xsarm_descriptions//meshes/wx200_meshes/gripper_prop.stl
[0.046s] -- Up-to-date: /home/ayaan/URC/URC/install/interbotix_xsarm_descriptions/share/interbotix_xsarm_descriptions//meshes/wx200_meshes/upper_arm.stl
[0.046s] -- Up-to-date: /home/ayaan/URC/URC/install/interbotix_xsarm_descriptions/share/interbotix_xsarm_descriptions//meshes/wx200_meshes/base.stl
[0.046s] -- Up-to-date: /home/ayaan/URC/URC/install/interbotix_xsarm_descriptions/share/interbotix_xsarm_descriptions//meshes/wx200_meshes/forearm.stl
[0.046s] -- Up-to-date: /home/ayaan/URC/URC/install/interbotix_xsarm_descriptions/share/interbotix_xsarm_descriptions//meshes/wx200_meshes/gripper.stl
[0.046s] -- Up-to-date: /home/ayaan/URC/URC/install/interbotix_xsarm_descriptions/share/interbotix_xsarm_descriptions//meshes/wx200_meshes/gripper_bar.stl
[0.046s] -- Up-to-date: /home/ayaan/URC/URC/install/interbotix_xsarm_descriptions/share/interbotix_xsarm_descriptions//meshes/wx200_meshes/shoulder.stl
[0.046s] -- Up-to-date: /home/ayaan/URC/URC/install/interbotix_xsarm_descriptions/share/interbotix_xsarm_descriptions//meshes/px100_meshes
[0.046s] -- Up-to-date: /home/ayaan/URC/URC/install/interbotix_xsarm_descriptions/share/interbotix_xsarm_descriptions//meshes/px100_meshes/gripper_finger.stl
[0.046s] -- Up-to-date: /home/ayaan/URC/URC/install/interbotix_xsarm_descriptions/share/interbotix_xsarm_descriptions//meshes/px100_meshes/gripper_prop.stl
[0.046s] -- Up-to-date: /home/ayaan/URC/URC/install/interbotix_xsarm_descriptions/share/interbotix_xsarm_descriptions//meshes/px100_meshes/upper_arm.stl
[0.046s] -- Up-to-date: /home/ayaan/URC/URC/install/interbotix_xsarm_descriptions/share/interbotix_xsarm_descriptions//meshes/px100_meshes/base.stl
[0.046s] -- Up-to-date: /home/ayaan/URC/URC/install/interbotix_xsarm_descriptions/share/interbotix_xsarm_descriptions//meshes/px100_meshes/forearm.stl
[0.046s] -- Up-to-date: /home/ayaan/URC/URC/install/interbotix_xsarm_descriptions/share/interbotix_xsarm_descriptions//meshes/px100_meshes/gripper.stl
[0.046s] -- Up-to-date: /home/ayaan/URC/URC/install/interbotix_xsarm_descriptions/share/interbotix_xsarm_descriptions//meshes/px100_meshes/gripper_bar.stl
[0.046s] -- Up-to-date: /home/ayaan/URC/URC/install/interbotix_xsarm_descriptions/share/interbotix_xsarm_descriptions//meshes/px100_meshes/shoulder.stl
[0.046s] -- Up-to-date: /home/ayaan/URC/URC/install/interbotix_xsarm_descriptions/share/interbotix_xsarm_descriptions//meshes/mobile_px100_meshes
[0.046s] -- Up-to-date: /home/ayaan/URC/URC/install/interbotix_xsarm_descriptions/share/interbotix_xsarm_descriptions//meshes/mobile_px100_meshes/gripper_finger.stl
[0.046s] -- Up-to-date: /home/ayaan/URC/URC/install/interbotix_xsarm_descriptions/share/interbotix_xsarm_descriptions//meshes/mobile_px100_meshes/gripper_prop.stl
[0.046s] -- Up-to-date: /home/ayaan/URC/URC/install/interbotix_xsarm_descriptions/share/interbotix_xsarm_descriptions//meshes/mobile_px100_meshes/upper_arm.stl
[0.046s] -- Up-to-date: /home/ayaan/URC/URC/install/interbotix_xsarm_descriptions/share/interbotix_xsarm_descriptions//meshes/mobile_px100_meshes/base.stl
[0.046s] -- Up-to-date: /home/ayaan/URC/URC/install/interbotix_xsarm_descriptions/share/interbotix_xsarm_descriptions//meshes/mobile_px100_meshes/forearm.stl
[0.046s] -- Up-to-date: /home/ayaan/URC/URC/install/interbotix_xsarm_descriptions/share/interbotix_xsarm_descriptions//meshes/mobile_px100_meshes/gripper.stl
[0.046s] -- Up-to-date: /home/ayaan/URC/URC/install/interbotix_xsarm_descriptions/share/interbotix_xsarm_descriptions//meshes/mobile_px100_meshes/gripper_bar.stl
[0.046s] -- Up-to-date: /home/ayaan/URC/URC/install/interbotix_xsarm_descriptions/share/interbotix_xsarm_descriptions//meshes/mobile_px100_meshes/shoulder.stl
[0.046s] -- Up-to-date: /home/ayaan/URC/URC/install/interbotix_xsarm_descriptions/share/interbotix_xsarm_descriptions//meshes/vx300_meshes
[0.046s] -- Up-to-date: /home/ayaan/URC/URC/install/interbotix_xsarm_descriptions/share/interbotix_xsarm_descriptions//meshes/vx300_meshes/gripper_finger.stl
[0.046s] -- Up-to-date: /home/ayaan/URC/URC/install/interbotix_xsarm_descriptions/share/interbotix_xsarm_descriptions//meshes/vx300_meshes/wrist.stl
[0.046s] -- Up-to-date: /home/ayaan/URC/URC/install/interbotix_xsarm_descriptions/share/interbotix_xsarm_descriptions//meshes/vx300_meshes/gripper_prop.stl
[0.046s] -- Up-to-date: /home/ayaan/URC/URC/install/interbotix_xsarm_descriptions/share/interbotix_xsarm_descriptions//meshes/vx300_meshes/upper_arm.stl
[0.046s] -- Up-to-date: /home/ayaan/URC/URC/install/interbotix_xsarm_descriptions/share/interbotix_xsarm_descriptions//meshes/vx300_meshes/base.stl
[0.046s] -- Up-to-date: /home/ayaan/URC/URC/install/interbotix_xsarm_descriptions/share/interbotix_xsarm_descriptions//meshes/vx300_meshes/forearm.stl
[0.047s] -- Up-to-date: /home/ayaan/URC/URC/install/interbotix_xsarm_descriptions/share/interbotix_xsarm_descriptions//meshes/vx300_meshes/gripper.stl
[0.047s] -- Up-to-date: /home/ayaan/URC/URC/install/interbotix_xsarm_descriptions/share/interbotix_xsarm_descriptions//meshes/vx300_meshes/gripper_bar.stl
[0.047s] -- Up-to-date: /home/ayaan/URC/URC/install/interbotix_xsarm_descriptions/share/interbotix_xsarm_descriptions//meshes/vx300_meshes/shoulder.stl
[0.047s] -- Up-to-date: /home/ayaan/URC/URC/install/interbotix_xsarm_descriptions/share/interbotix_xsarm_descriptions//meshes/ar_tag.stl
[0.047s] -- Up-to-date: /home/ayaan/URC/URC/install/interbotix_xsarm_descriptions/share/interbotix_xsarm_descriptions//meshes/px150_meshes
[0.047s] -- Up-to-date: /home/ayaan/URC/URC/install/interbotix_xsarm_descriptions/share/interbotix_xsarm_descriptions//meshes/px150_meshes/gripper_finger.stl
[0.047s] -- Up-to-date: /home/ayaan/URC/URC/install/interbotix_xsarm_descriptions/share/interbotix_xsarm_descriptions//meshes/px150_meshes/wrist.stl
[0.047s] -- Up-to-date: /home/ayaan/URC/URC/install/interbotix_xsarm_descriptions/share/interbotix_xsarm_descriptions//meshes/px150_meshes/gripper_prop.stl
[0.047s] -- Up-to-date: /home/ayaan/URC/URC/install/interbotix_xsarm_descriptions/share/interbotix_xsarm_descriptions//meshes/px150_meshes/upper_arm.stl
[0.047s] -- Up-to-date: /home/ayaan/URC/URC/install/interbotix_xsarm_descriptions/share/interbotix_xsarm_descriptions//meshes/px150_meshes/base.stl
[0.047s] -- Up-to-date: /home/ayaan/URC/URC/install/interbotix_xsarm_descriptions/share/interbotix_xsarm_descriptions//meshes/px150_meshes/forearm.stl
[0.047s] -- Up-to-date: /home/ayaan/URC/URC/install/interbotix_xsarm_descriptions/share/interbotix_xsarm_descriptions//meshes/px150_meshes/gripper.stl
[0.047s] -- Up-to-date: /home/ayaan/URC/URC/install/interbotix_xsarm_descriptions/share/interbotix_xsarm_descriptions//meshes/px150_meshes/gripper_bar.stl
[0.047s] -- Up-to-date: /home/ayaan/URC/URC/install/interbotix_xsarm_descriptions/share/interbotix_xsarm_descriptions//meshes/px150_meshes/shoulder.stl
[0.047s] -- Up-to-date: /home/ayaan/URC/URC/install/interbotix_xsarm_descriptions/share/interbotix_xsarm_descriptions//meshes/mobile_wx200_meshes
[0.047s] -- Up-to-date: /home/ayaan/URC/URC/install/interbotix_xsarm_descriptions/share/interbotix_xsarm_descriptions//meshes/mobile_wx200_meshes/gripper_finger.stl
[0.047s] -- Up-to-date: /home/ayaan/URC/URC/install/interbotix_xsarm_descriptions/share/interbotix_xsarm_descriptions//meshes/mobile_wx200_meshes/wrist.stl
[0.047s] -- Up-to-date: /home/ayaan/URC/URC/install/interbotix_xsarm_descriptions/share/interbotix_xsarm_descriptions//meshes/mobile_wx200_meshes/gripper_prop.stl
[0.047s] -- Up-to-date: /home/ayaan/URC/URC/install/interbotix_xsarm_descriptions/share/interbotix_xsarm_descriptions//meshes/mobile_wx200_meshes/upper_arm.stl
[0.047s] -- Up-to-date: /home/ayaan/URC/URC/install/interbotix_xsarm_descriptions/share/interbotix_xsarm_descriptions//meshes/mobile_wx200_meshes/base.stl
[0.047s] -- Up-to-date: /home/ayaan/URC/URC/install/interbotix_xsarm_descriptions/share/interbotix_xsarm_descriptions//meshes/mobile_wx200_meshes/forearm.stl
[0.047s] -- Up-to-date: /home/ayaan/URC/URC/install/interbotix_xsarm_descriptions/share/interbotix_xsarm_descriptions//meshes/mobile_wx200_meshes/gripper.stl
[0.048s] -- Up-to-date: /home/ayaan/URC/URC/install/interbotix_xsarm_descriptions/share/interbotix_xsarm_descriptions//meshes/mobile_wx200_meshes/gripper_bar.stl
[0.048s] -- Up-to-date: /home/ayaan/URC/URC/install/interbotix_xsarm_descriptions/share/interbotix_xsarm_descriptions//meshes/mobile_wx200_meshes/shoulder.stl
[0.048s] -- Up-to-date: /home/ayaan/URC/URC/install/interbotix_xsarm_descriptions/share/interbotix_xsarm_descriptions//meshes/interbotix_black.png
[0.048s] -- Up-to-date: /home/ayaan/URC/URC/install/interbotix_xsarm_descriptions/share/interbotix_xsarm_descriptions//meshes/wx250s_meshes
[0.048s] -- Up-to-date: /home/ayaan/URC/URC/install/interbotix_xsarm_descriptions/share/interbotix_xsarm_descriptions//meshes/wx250s_meshes/gripper_finger.stl
[0.048s] -- Up-to-date: /home/ayaan/URC/URC/install/interbotix_xsarm_descriptions/share/interbotix_xsarm_descriptions//meshes/wx250s_meshes/wrist.stl
[0.048s] -- Up-to-date: /home/ayaan/URC/URC/install/interbotix_xsarm_descriptions/share/interbotix_xsarm_descriptions//meshes/wx250s_meshes/gripper_prop.stl
[0.048s] -- Up-to-date: /home/ayaan/URC/URC/install/interbotix_xsarm_descriptions/share/interbotix_xsarm_descriptions//meshes/wx250s_meshes/upper_arm.stl
[0.048s] -- Up-to-date: /home/ayaan/URC/URC/install/interbotix_xsarm_descriptions/share/interbotix_xsarm_descriptions//meshes/wx250s_meshes/lower_forearm.stl
[0.048s] -- Up-to-date: /home/ayaan/URC/URC/install/interbotix_xsarm_descriptions/share/interbotix_xsarm_descriptions//meshes/wx250s_meshes/upper_forearm.stl
[0.048s] -- Up-to-date: /home/ayaan/URC/URC/install/interbotix_xsarm_descriptions/share/interbotix_xsarm_descriptions//meshes/wx250s_meshes/base.stl
[0.048s] -- Up-to-date: /home/ayaan/URC/URC/install/interbotix_xsarm_descriptions/share/interbotix_xsarm_descriptions//meshes/wx250s_meshes/gripper.stl
[0.048s] -- Up-to-date: /home/ayaan/URC/URC/install/interbotix_xsarm_descriptions/share/interbotix_xsarm_descriptions//meshes/wx250s_meshes/gripper_bar.stl
[0.048s] -- Up-to-date: /home/ayaan/URC/URC/install/interbotix_xsarm_descriptions/share/interbotix_xsarm_descriptions//meshes/wx250s_meshes/shoulder.stl
[0.048s] -- Up-to-date: /home/ayaan/URC/URC/install/interbotix_xsarm_descriptions/share/interbotix_xsarm_descriptions//meshes/aloha_wx250s_meshes
[0.048s] -- Up-to-date: /home/ayaan/URC/URC/install/interbotix_xsarm_descriptions/share/interbotix_xsarm_descriptions//meshes/aloha_wx250s_meshes/gripper_finger.stl
[0.048s] -- Up-to-date: /home/ayaan/URC/URC/install/interbotix_xsarm_descriptions/share/interbotix_xsarm_descriptions//meshes/aloha_wx250s_meshes/wrist.stl
[0.048s] -- Up-to-date: /home/ayaan/URC/URC/install/interbotix_xsarm_descriptions/share/interbotix_xsarm_descriptions//meshes/aloha_wx250s_meshes/gripper_prop.stl
[0.048s] -- Up-to-date: /home/ayaan/URC/URC/install/interbotix_xsarm_descriptions/share/interbotix_xsarm_descriptions//meshes/aloha_wx250s_meshes/upper_arm.stl
[0.048s] -- Up-to-date: /home/ayaan/URC/URC/install/interbotix_xsarm_descriptions/share/interbotix_xsarm_descriptions//meshes/aloha_wx250s_meshes/lower_forearm.stl
[0.048s] -- Up-to-date: /home/ayaan/URC/URC/install/interbotix_xsarm_descriptions/share/interbotix_xsarm_descriptions//meshes/aloha_wx250s_meshes/upper_forearm.stl
[0.049s] -- Up-to-date: /home/ayaan/URC/URC/install/interbotix_xsarm_descriptions/share/interbotix_xsarm_descriptions//meshes/aloha_wx250s_meshes/base.stl
[0.049s] -- Up-to-date: /home/ayaan/URC/URC/install/interbotix_xsarm_descriptions/share/interbotix_xsarm_descriptions//meshes/aloha_wx250s_meshes/gripper.stl
[0.049s] -- Up-to-date: /home/ayaan/URC/URC/install/interbotix_xsarm_descriptions/share/interbotix_xsarm_descriptions//meshes/aloha_wx250s_meshes/gripper_bar.stl
[0.049s] -- Up-to-date: /home/ayaan/URC/URC/install/interbotix_xsarm_descriptions/share/interbotix_xsarm_descriptions//meshes/aloha_wx250s_meshes/shoulder.stl
[0.049s] -- Up-to-date: /home/ayaan/URC/URC/install/interbotix_xsarm_descriptions/share/interbotix_xsarm_descriptions//meshes/wx250_meshes
[0.049s] -- Up-to-date: /home/ayaan/URC/URC/install/interbotix_xsarm_descriptions/share/interbotix_xsarm_descriptions//meshes/wx250_meshes/gripper_finger.stl
[0.049s] -- Up-to-date: /home/ayaan/URC/URC/install/interbotix_xsarm_descriptions/share/interbotix_xsarm_descriptions//meshes/wx250_meshes/wrist.stl
[0.049s] -- Up-to-date: /home/ayaan/URC/URC/install/interbotix_xsarm_descriptions/share/interbotix_xsarm_descriptions//meshes/wx250_meshes/gripper_prop.stl
[0.049s] -- Up-to-date: /home/ayaan/URC/URC/install/interbotix_xsarm_descriptions/share/interbotix_xsarm_descriptions//meshes/wx250_meshes/upper_arm.stl
[0.049s] -- Up-to-date: /home/ayaan/URC/URC/install/interbotix_xsarm_descriptions/share/interbotix_xsarm_descriptions//meshes/wx250_meshes/base.stl
[0.049s] -- Up-to-date: /home/ayaan/URC/URC/install/interbotix_xsarm_descriptions/share/interbotix_xsarm_descriptions//meshes/wx250_meshes/forearm.stl
[0.049s] -- Up-to-date: /home/ayaan/URC/URC/install/interbotix_xsarm_descriptions/share/interbotix_xsarm_descriptions//meshes/wx250_meshes/gripper.stl
[0.049s] -- Up-to-date: /home/ayaan/URC/URC/install/interbotix_xsarm_descriptions/share/interbotix_xsarm_descriptions//meshes/wx250_meshes/gripper_bar.stl
[0.049s] -- Up-to-date: /home/ayaan/URC/URC/install/interbotix_xsarm_descriptions/share/interbotix_xsarm_descriptions//meshes/wx250_meshes/shoulder.stl
[0.049s] -- Up-to-date: /home/ayaan/URC/URC/install/interbotix_xsarm_descriptions/share/interbotix_xsarm_descriptions//meshes/mobile_wx250s_meshes
[0.049s] -- Up-to-date: /home/ayaan/URC/URC/install/interbotix_xsarm_descriptions/share/interbotix_xsarm_descriptions//meshes/mobile_wx250s_meshes/gripper_finger.stl
[0.049s] -- Up-to-date: /home/ayaan/URC/URC/install/interbotix_xsarm_descriptions/share/interbotix_xsarm_descriptions//meshes/mobile_wx250s_meshes/wrist.stl
[0.049s] -- Up-to-date: /home/ayaan/URC/URC/install/interbotix_xsarm_descriptions/share/interbotix_xsarm_descriptions//meshes/mobile_wx250s_meshes/gripper_prop.stl
[0.049s] -- Up-to-date: /home/ayaan/URC/URC/install/interbotix_xsarm_descriptions/share/interbotix_xsarm_descriptions//meshes/mobile_wx250s_meshes/upper_arm.stl
[0.049s] -- Up-to-date: /home/ayaan/URC/URC/install/interbotix_xsarm_descriptions/share/interbotix_xsarm_descriptions//meshes/mobile_wx250s_meshes/lower_forearm.stl
[0.049s] -- Up-to-date: /home/ayaan/URC/URC/install/interbotix_xsarm_descriptions/share/interbotix_xsarm_descriptions//meshes/mobile_wx250s_meshes/upper_forearm.stl
[0.049s] -- Up-to-date: /home/ayaan/URC/URC/install/interbotix_xsarm_descriptions/share/interbotix_xsarm_descriptions//meshes/mobile_wx250s_meshes/base.stl
[0.049s] -- Up-to-date: /home/ayaan/URC/URC/install/interbotix_xsarm_descriptions/share/interbotix_xsarm_descriptions//meshes/mobile_wx250s_meshes/gripper.stl
[0.049s] -- Up-to-date: /home/ayaan/URC/URC/install/interbotix_xsarm_descriptions/share/interbotix_xsarm_descriptions//meshes/mobile_wx250s_meshes/gripper_bar.stl
[0.049s] -- Up-to-date: /home/ayaan/URC/URC/install/interbotix_xsarm_descriptions/share/interbotix_xsarm_descriptions//meshes/mobile_wx250s_meshes/shoulder.stl
[0.049s] -- Up-to-date: /home/ayaan/URC/URC/install/interbotix_xsarm_descriptions/share/interbotix_xsarm_descriptions//meshes/rx150_meshes
[0.049s] -- Up-to-date: /home/ayaan/URC/URC/install/interbotix_xsarm_descriptions/share/interbotix_xsarm_descriptions//meshes/rx150_meshes/gripper_finger.stl
[0.049s] -- Up-to-date: /home/ayaan/URC/URC/install/interbotix_xsarm_descriptions/share/interbotix_xsarm_descriptions//meshes/rx150_meshes/wrist.stl
[0.049s] -- Up-to-date: /home/ayaan/URC/URC/install/interbotix_xsarm_descriptions/share/interbotix_xsarm_descriptions//meshes/rx150_meshes/gripper_prop.stl
[0.049s] -- Up-to-date: /home/ayaan/URC/URC/install/interbotix_xsarm_descriptions/share/interbotix_xsarm_descriptions//meshes/rx150_meshes/upper_arm.stl
[0.049s] -- Up-to-date: /home/ayaan/URC/URC/install/interbotix_xsarm_descriptions/share/interbotix_xsarm_descriptions//meshes/rx150_meshes/base.stl
[0.049s] -- Up-to-date: /home/ayaan/URC/URC/install/interbotix_xsarm_descriptions/share/interbotix_xsarm_descriptions//meshes/rx150_meshes/forearm.stl
[0.049s] -- Up-to-date: /home/ayaan/URC/URC/install/interbotix_xsarm_descriptions/share/interbotix_xsarm_descriptions//meshes/rx150_meshes/gripper.stl
[0.049s] -- Up-to-date: /home/ayaan/URC/URC/install/interbotix_xsarm_descriptions/share/interbotix_xsarm_descriptions//meshes/rx150_meshes/gripper_bar.stl
[0.049s] -- Up-to-date: /home/ayaan/URC/URC/install/interbotix_xsarm_descriptions/share/interbotix_xsarm_descriptions//meshes/rx150_meshes/shoulder.stl
[0.049s] -- Up-to-date: /home/ayaan/URC/URC/install/interbotix_xsarm_descriptions/share/interbotix_xsarm_descriptions//meshes/aloha_vx300s_meshes
[0.049s] -- Up-to-date: /home/ayaan/URC/URC/install/interbotix_xsarm_descriptions/share/interbotix_xsarm_descriptions//meshes/aloha_vx300s_meshes/gripper_finger.stl
[0.049s] -- Up-to-date: /home/ayaan/URC/URC/install/interbotix_xsarm_descriptions/share/interbotix_xsarm_descriptions//meshes/aloha_vx300s_meshes/wrist.stl
[0.049s] -- Up-to-date: /home/ayaan/URC/URC/install/interbotix_xsarm_descriptions/share/interbotix_xsarm_descriptions//meshes/aloha_vx300s_meshes/gripper_prop.stl
[0.049s] -- Up-to-date: /home/ayaan/URC/URC/install/interbotix_xsarm_descriptions/share/interbotix_xsarm_descriptions//meshes/aloha_vx300s_meshes/upper_arm.stl
[0.049s] -- Up-to-date: /home/ayaan/URC/URC/install/interbotix_xsarm_descriptions/share/interbotix_xsarm_descriptions//meshes/aloha_vx300s_meshes/lower_forearm.stl
[0.050s] -- Up-to-date: /home/ayaan/URC/URC/install/interbotix_xsarm_descriptions/share/interbotix_xsarm_descriptions//meshes/aloha_vx300s_meshes/upper_forearm.stl
[0.050s] -- Up-to-date: /home/ayaan/URC/URC/install/interbotix_xsarm_descriptions/share/interbotix_xsarm_descriptions//meshes/aloha_vx300s_meshes/base.stl
[0.050s] -- Up-to-date: /home/ayaan/URC/URC/install/interbotix_xsarm_descriptions/share/interbotix_xsarm_descriptions//meshes/aloha_vx300s_meshes/gripper.stl
[0.050s] -- Up-to-date: /home/ayaan/URC/URC/install/interbotix_xsarm_descriptions/share/interbotix_xsarm_descriptions//meshes/aloha_vx300s_meshes/gripper_bar.stl
[0.050s] -- Up-to-date: /home/ayaan/URC/URC/install/interbotix_xsarm_descriptions/share/interbotix_xsarm_descriptions//meshes/aloha_vx300s_meshes/shoulder.stl
[0.050s] -- Up-to-date: /home/ayaan/URC/URC/install/interbotix_xsarm_descriptions/share/interbotix_xsarm_descriptions//meshes/vx250_meshes
[0.050s] -- Up-to-date: /home/ayaan/URC/URC/install/interbotix_xsarm_descriptions/share/interbotix_xsarm_descriptions//meshes/vx250_meshes/gripper_finger.stl
[0.050s] -- Up-to-date: /home/ayaan/URC/URC/install/interbotix_xsarm_descriptions/share/interbotix_xsarm_descriptions//meshes/vx250_meshes/wrist.stl
[0.050s] -- Up-to-date: /home/ayaan/URC/URC/install/interbotix_xsarm_descriptions/share/interbotix_xsarm_descriptions//meshes/vx250_meshes/gripper_prop.stl
[0.050s] -- Up-to-date: /home/ayaan/URC/URC/install/interbotix_xsarm_descriptions/share/interbotix_xsarm_descriptions//meshes/vx250_meshes/upper_arm.stl
[0.050s] -- Up-to-date: /home/ayaan/URC/URC/install/interbotix_xsarm_descriptions/share/interbotix_xsarm_descriptions//meshes/vx250_meshes/base.stl
[0.050s] -- Up-to-date: /home/ayaan/URC/URC/install/interbotix_xsarm_descriptions/share/interbotix_xsarm_descriptions//meshes/vx250_meshes/forearm.stl
[0.050s] -- Up-to-date: /home/ayaan/URC/URC/install/interbotix_xsarm_descriptions/share/interbotix_xsarm_descriptions//meshes/vx250_meshes/gripper.stl
[0.050s] -- Up-to-date: /home/ayaan/URC/URC/install/interbotix_xsarm_descriptions/share/interbotix_xsarm_descriptions//meshes/vx250_meshes/gripper_bar.stl
[0.050s] -- Up-to-date: /home/ayaan/URC/URC/install/interbotix_xsarm_descriptions/share/interbotix_xsarm_descriptions//meshes/vx250_meshes/shoulder.stl
[0.050s] -- Up-to-date: /home/ayaan/URC/URC/install/interbotix_xsarm_descriptions/share/interbotix_xsarm_descriptions//rviz
[0.050s] -- Up-to-date: /home/ayaan/URC/URC/install/interbotix_xsarm_descriptions/share/interbotix_xsarm_descriptions//rviz/xsarm_description.rviz
[0.050s] -- Up-to-date: /home/ayaan/URC/URC/install/interbotix_xsarm_descriptions/share/ament_index/resource_index/package_run_dependencies/interbotix_xsarm_descriptions
[0.050s] -- Up-to-date: /home/ayaan/URC/URC/install/interbotix_xsarm_descriptions/share/ament_index/resource_index/parent_prefix_path/interbotix_xsarm_descriptions
[0.050s] -- Up-to-date: /home/ayaan/URC/URC/install/interbotix_xsarm_descriptions/share/interbotix_xsarm_descriptions/environment/ament_prefix_path.sh
[0.050s] -- Up-to-date: /home/ayaan/URC/URC/install/interbotix_xsarm_descriptions/share/interbotix_xsarm_descriptions/environment/ament_prefix_path.dsv
[0.050s] -- Up-to-date: /home/ayaan/URC/URC/install/interbotix_xsarm_descriptions/share/interbotix_xsarm_descriptions/environment/path.sh
[0.050s] -- Up-to-date: /home/ayaan/URC/URC/install/interbotix_xsarm_descriptions/share/interbotix_xsarm_descriptions/environment/path.dsv
[0.050s] -- Up-to-date: /home/ayaan/URC/URC/install/interbotix_xsarm_descriptions/share/interbotix_xsarm_descriptions/local_setup.bash
[0.050s] -- Up-to-date: /home/ayaan/URC/URC/install/interbotix_xsarm_descriptions/share/interbotix_xsarm_descriptions/local_setup.sh
[0.050s] -- Up-to-date: /home/ayaan/URC/URC/install/interbotix_xsarm_descriptions/share/interbotix_xsarm_descriptions/local_setup.zsh
[0.051s] -- Up-to-date: /home/ayaan/URC/URC/install/interbotix_xsarm_descriptions/share/interbotix_xsarm_descriptions/local_setup.dsv
[0.051s] -- Up-to-date: /home/ayaan/URC/URC/install/interbotix_xsarm_descriptions/share/interbotix_xsarm_descriptions/package.dsv
[0.051s] -- Up-to-date: /home/ayaan/URC/URC/install/interbotix_xsarm_descriptions/share/ament_index/resource_index/packages/interbotix_xsarm_descriptions
[0.051s] -- Up-to-date: /home/ayaan/URC/URC/install/interbotix_xsarm_descriptions/share/interbotix_xsarm_descriptions/cmake/interbotix_xsarm_descriptionsConfig.cmake
[0.051s] -- Up-to-date: /home/ayaan/URC/URC/install/interbotix_xsarm_descriptions/share/interbotix_xsarm_descriptions/cmake/interbotix_xsarm_descriptionsConfig-version.cmake
[0.051s] -- Up-to-date: /home/ayaan/URC/URC/install/interbotix_xsarm_descriptions/share/interbotix_xsarm_descriptions/package.xml
[0.051s] Invoked command in '/home/ayaan/URC/URC/build/interbotix_xsarm_descriptions' returned '0': AMENT_PREFIX_PATH=/home/ayaan/URC/URC/install/interbotix_xs_modules:/home/ayaan/URC/URC/install/interbotix_xs_sdk:/home/ayaan/URC/URC/install/interbotix_xs_driver:/home/ayaan/URC/URC/install/dynamixel_workbench_toolbox:/home/ayaan/URC/URC/install/interbotix_xs_msgs:/home/ayaan/URC/URC/install/interbotix_common_modules:/home/ayaan/URC/URC/install/dynamixel_sdk:${AMENT_PREFIX_PATH} CMAKE_PREFIX_PATH=/home/ayaan/URC/URC/install/interbotix_xs_sdk:/home/ayaan/URC/URC/install/interbotix_xs_driver:/home/ayaan/URC/URC/install/dynamixel_workbench_toolbox:/home/ayaan/URC/URC/install/interbotix_xs_msgs:/home/ayaan/URC/URC/install/dynamixel_sdk:/home/ayaan/imprimis/imprimis_ws/install/umx_driver:/home/ayaan/imprimis/imprimis_ws/install/imprimis_hardware_platform:/home/ayaan/imprimis/imprimis_ws/install/serial:/home/ayaan/imprimis/imprimis_ws/install/scanmatcher:/home/ayaan/imprimis/imprimis_ws/install/graph_based_slam:/home/ayaan/imprimis/imprimis_ws/install/ndt_omp_ros2:/home/ayaan/imprimis/imprimis_ws/install/lidarslam_msgs:/home/ayaan/imprimis/imprimis_ws/install/imprimis_navigation:/home/ayaan/imprimis/imprimis_ws/install/imprimis_description:/home/ayaan/ros2_ws/install/turtlesim:/opt/ros/jazzy/opt/gz_sim_vendor:/opt/ros/jazzy/opt/gz_sensors_vendor:/opt/ros/jazzy/opt/gz_physics_vendor:/opt/ros/jazzy/opt/sdformat_vendor:/opt/ros/jazzy/opt/gz_gui_vendor:/opt/ros/jazzy/opt/gz_transport_vendor:/opt/ros/jazzy/opt/gz_rendering_vendor:/opt/ros/jazzy/opt/gz_plugin_vendor:/opt/ros/jazzy/opt/gz_fuel_tools_vendor:/opt/ros/jazzy/opt/gz_msgs_vendor:/opt/ros/jazzy/opt/gz_common_vendor:/opt/ros/jazzy/opt/gz_math_vendor:/opt/ros/jazzy/opt/gz_utils_vendor:/opt/ros/jazzy/opt/gz_tools_vendor:/opt/ros/jazzy/opt/gz_ogre_next_vendor:/opt/ros/jazzy/opt/gz_dartsim_vendor:/opt/ros/jazzy/opt/gz_cmake_vendor:/home/ayaan/imprimis/imprimis_ws/install/utils:/home/ayaan/imprimis/imprimis_ws/install/map_goal_to_odom:/home/ayaan/imprimis/imprimis_ws/install/gps_nav_bridge:/opt/ros/jazzy DEBUGINFOD_URLS=https://debuginfod.ubuntu.com LD_LIBRARY_PATH=/home/ayaan/URC/URC/install/interbotix_xs_driver/lib:/home/ayaan/URC/URC/install/dynamixel_workbench_toolbox/lib:/home/ayaan/URC/URC/install/interbotix_xs_msgs/lib:/home/ayaan/URC/URC/install/dynamixel_sdk/lib:${LD_LIBRARY_PATH} PYTHONPATH=/home/ayaan/URC/URC/install/interbotix_xs_modules/lib/python3.12/site-packages:/home/ayaan/URC/URC/install/interbotix_xs_msgs/lib/python3.12/site-packages:/home/ayaan/URC/URC/install/interbotix_common_modules/lib/python3.12/site-packages:/home/ayaan/URC/URC/install/dynamixel_sdk/lib/python3.12/site-packages:${PYTHONPATH} /usr/bin/cmake --install /home/ayaan/URC/URC/build/interbotix_xsarm_descriptions
