[0.414s] Invoking command in '/home/admin1/URC/build/receiver': CMAKE_PREFIX_PATH=${CMAKE_PREFIX_PATH}:/home/admin1/URC/install/modern_robotics:/home/admin1/URC/install/interbotix_xs_modules:/home/admin1/URC/install/interbotix_common_modules:/home/admin1/URC/install/IMU_control:/opt/ros/jazzy DEBUGINFOD_URLS=https://debuginfod.ubuntu.com /usr/bin/cmake --build /home/admin1/URC/build/receiver -- -j4 -l4
[1.742s] [100%] Built target receive
[2.061s] Invoked command in '/home/admin1/URC/build/receiver' returned '0': CMAKE_PREFIX_PATH=${CMAKE_PREFIX_PATH}:/home/admin1/URC/install/modern_robotics:/home/admin1/URC/install/interbotix_xs_modules:/home/admin1/URC/install/interbotix_common_modules:/home/admin1/URC/install/IMU_control:/opt/ros/jazzy DEBUGINFOD_URLS=https://debuginfod.ubuntu.com /usr/bin/cmake --build /home/admin1/URC/build/receiver -- -j4 -l4
[2.094s] Invoking command in '/home/admin1/URC/build/receiver': CMAKE_PREFIX_PATH=${CMAKE_PREFIX_PATH}:/home/admin1/URC/install/modern_robotics:/home/admin1/URC/install/interbotix_xs_modules:/home/admin1/URC/install/interbotix_common_modules:/home/admin1/URC/install/IMU_control:/opt/ros/jazzy DEBUGINFOD_URLS=https://debuginfod.ubuntu.com /usr/bin/cmake --install /home/admin1/URC/build/receiver
[2.215s] -- Install configuration: ""
[2.216s] -- Up-to-date: /home/admin1/URC/install/receiver/share/receiver/launch
[2.219s] -- Up-to-date: /home/admin1/URC/install/receiver/share/receiver/launch/receiver_launch.py
[2.222s] -- Up-to-date: /home/admin1/URC/install/receiver/lib/receiver/receive
[2.298s] -- Up-to-date: /home/admin1/URC/install/receiver/share/ament_index/resource_index/package_run_dependencies/receiver
[2.299s] -- Up-to-date: /home/admin1/URC/install/receiver/share/ament_index/resource_index/parent_prefix_path/receiver
[2.309s] -- Up-to-date: /home/admin1/URC/install/receiver/share/receiver/environment/ament_prefix_path.sh
[2.320s] -- Up-to-date: /home/admin1/URC/install/receiver/share/receiver/environment/ament_prefix_path.dsv
[2.331s] -- Up-to-date: /home/admin1/URC/install/receiver/share/receiver/environment/path.sh
[2.331s] -- Up-to-date: /home/admin1/URC/install/receiver/share/receiver/environment/path.dsv
[2.337s] -- Up-to-date: /home/admin1/URC/install/receiver/share/receiver/local_setup.bash
[2.338s] -- Up-to-date: /home/admin1/URC/install/receiver/share/receiver/local_setup.sh
[2.338s] -- Up-to-date: /home/admin1/URC/install/receiver/share/receiver/local_setup.zsh
[2.339s] -- Up-to-date: /home/admin1/URC/install/receiver/share/receiver/local_setup.dsv
[2.344s] -- Installing: /home/admin1/URC/install/receiver/share/receiver/package.dsv
[2.344s] -- Up-to-date: /home/admin1/URC/install/receiver/share/ament_index/resource_index/packages/receiver
[2.355s] -- Up-to-date: /home/admin1/URC/install/receiver/share/receiver/cmake/receiverConfig.cmake
[2.357s] -- Up-to-date: /home/admin1/URC/install/receiver/share/receiver/cmake/receiverConfig-version.cmake
[2.361s] -- Up-to-date: /home/admin1/URC/install/receiver/share/receiver/package.xml
[2.364s] Invoked command in '/home/admin1/URC/build/receiver' returned '0': CMAKE_PREFIX_PATH=${CMAKE_PREFIX_PATH}:/home/admin1/URC/install/modern_robotics:/home/admin1/URC/install/interbotix_xs_modules:/home/admin1/URC/install/interbotix_common_modules:/home/admin1/URC/install/IMU_control:/opt/ros/jazzy DEBUGINFOD_URLS=https://debuginfod.ubuntu.com /usr/bin/cmake --install /home/admin1/URC/build/receiver
