[1.129s] Invoking command in '/home/ayaan/URC/urc_ws_interbotix/src/interbotix_common_modules': DEBUGINFOD_URLS=https://debuginfod.ubuntu.com PYTHONPATH=/home/ayaan/URC/build/interbotix_common_modules/prefix_override:/usr/lib/python3/dist-packages/colcon_core/task/python/colcon_distutils_commands:/home/ayaan/URC/install/interbotix_common_modules/lib/python3.12/site-packages:${PYTHONPATH} /usr/bin/python3 -W ignore:setup.py install is deprecated -W ignore:easy_install command is deprecated setup.py egg_info --egg-base ../../../build/interbotix_common_modules build --build-base /home/ayaan/URC/build/interbotix_common_modules/build install --record /home/ayaan/URC/build/interbotix_common_modules/install.log --single-version-externally-managed install_data
[1.530s] running egg_info
[1.530s] creating ../../../build/interbotix_common_modules/interbotix_common_modules.egg-info
[1.553s] writing ../../../build/interbotix_common_modules/interbotix_common_modules.egg-info/PKG-INFO
[1.553s] writing dependency_links to ../../../build/interbotix_common_modules/interbotix_common_modules.egg-info/dependency_links.txt
[1.553s] writing requirements to ../../../build/interbotix_common_modules/interbotix_common_modules.egg-info/requires.txt
[1.553s] writing top-level names to ../../../build/interbotix_common_modules/interbotix_common_modules.egg-info/top_level.txt
[1.554s] writing manifest file '../../../build/interbotix_common_modules/interbotix_common_modules.egg-info/SOURCES.txt'
[1.595s] reading manifest file '../../../build/interbotix_common_modules/interbotix_common_modules.egg-info/SOURCES.txt'
[1.596s] writing manifest file '../../../build/interbotix_common_modules/interbotix_common_modules.egg-info/SOURCES.txt'
[1.597s] running build
[1.597s] running build_py
[1.597s] creating /home/ayaan/URC/build/interbotix_common_modules/build
[1.597s] creating /home/ayaan/URC/build/interbotix_common_modules/build/lib
[1.598s] creating /home/ayaan/URC/build/interbotix_common_modules/build/lib/interbotix_common_modules
[1.598s] copying interbotix_common_modules/__init__.py -> /home/ayaan/URC/build/interbotix_common_modules/build/lib/interbotix_common_modules
[1.598s] creating /home/ayaan/URC/build/interbotix_common_modules/build/lib/interbotix_common_modules/launch
[1.598s] copying interbotix_common_modules/launch/__init__.py -> /home/ayaan/URC/build/interbotix_common_modules/build/lib/interbotix_common_modules/launch
[1.598s] copying interbotix_common_modules/launch/and_condition.py -> /home/ayaan/URC/build/interbotix_common_modules/build/lib/interbotix_common_modules/launch
[1.598s] copying interbotix_common_modules/launch/or_condition.py -> /home/ayaan/URC/build/interbotix_common_modules/build/lib/interbotix_common_modules/launch
[1.599s] creating /home/ayaan/URC/build/interbotix_common_modules/build/lib/interbotix_common_modules/angle_manipulation
[1.599s] copying interbotix_common_modules/angle_manipulation/angle_manipulation.py -> /home/ayaan/URC/build/interbotix_common_modules/build/lib/interbotix_common_modules/angle_manipulation
[1.599s] copying interbotix_common_modules/angle_manipulation/__init__.py -> /home/ayaan/URC/build/interbotix_common_modules/build/lib/interbotix_common_modules/angle_manipulation
[1.599s] creating /home/ayaan/URC/build/interbotix_common_modules/build/lib/interbotix_common_modules/py_common
[1.599s] copying interbotix_common_modules/py_common/__init__.py -> /home/ayaan/URC/build/interbotix_common_modules/build/lib/interbotix_common_modules/py_common
[1.599s] copying interbotix_common_modules/py_common/params.py -> /home/ayaan/URC/build/interbotix_common_modules/build/lib/interbotix_common_modules/py_common
[1.599s] creating /home/ayaan/URC/build/interbotix_common_modules/build/lib/interbotix_common_modules/common_robot
[1.599s] copying interbotix_common_modules/common_robot/robot.py -> /home/ayaan/URC/build/interbotix_common_modules/build/lib/interbotix_common_modules/common_robot
[1.599s] copying interbotix_common_modules/common_robot/exceptions.py -> /home/ayaan/URC/build/interbotix_common_modules/build/lib/interbotix_common_modules/common_robot
[1.600s] copying interbotix_common_modules/common_robot/__init__.py -> /home/ayaan/URC/build/interbotix_common_modules/build/lib/interbotix_common_modules/common_robot
[1.600s] running install
[1.609s] running install_lib
[1.623s] creating /home/ayaan/URC/install/interbotix_common_modules/lib/python3.12/site-packages/interbotix_common_modules
[1.623s] copying /home/ayaan/URC/build/interbotix_common_modules/build/lib/interbotix_common_modules/__init__.py -> /home/ayaan/URC/install/interbotix_common_modules/lib/python3.12/site-packages/interbotix_common_modules
[1.623s] creating /home/ayaan/URC/install/interbotix_common_modules/lib/python3.12/site-packages/interbotix_common_modules/launch
[1.623s] copying /home/ayaan/URC/build/interbotix_common_modules/build/lib/interbotix_common_modules/launch/__init__.py -> /home/ayaan/URC/install/interbotix_common_modules/lib/python3.12/site-packages/interbotix_common_modules/launch
[1.624s] copying /home/ayaan/URC/build/interbotix_common_modules/build/lib/interbotix_common_modules/launch/and_condition.py -> /home/ayaan/URC/install/interbotix_common_modules/lib/python3.12/site-packages/interbotix_common_modules/launch
[1.624s] copying /home/ayaan/URC/build/interbotix_common_modules/build/lib/interbotix_common_modules/launch/or_condition.py -> /home/ayaan/URC/install/interbotix_common_modules/lib/python3.12/site-packages/interbotix_common_modules/launch
[1.624s] creating /home/ayaan/URC/install/interbotix_common_modules/lib/python3.12/site-packages/interbotix_common_modules/angle_manipulation
[1.624s] copying /home/ayaan/URC/build/interbotix_common_modules/build/lib/interbotix_common_modules/angle_manipulation/angle_manipulation.py -> /home/ayaan/URC/install/interbotix_common_modules/lib/python3.12/site-packages/interbotix_common_modules/angle_manipulation
[1.624s] copying /home/ayaan/URC/build/interbotix_common_modules/build/lib/interbotix_common_modules/angle_manipulation/__init__.py -> /home/ayaan/URC/install/interbotix_common_modules/lib/python3.12/site-packages/interbotix_common_modules/angle_manipulation
[1.624s] creating /home/ayaan/URC/install/interbotix_common_modules/lib/python3.12/site-packages/interbotix_common_modules/py_common
[1.624s] copying /home/ayaan/URC/build/interbotix_common_modules/build/lib/interbotix_common_modules/py_common/__init__.py -> /home/ayaan/URC/install/interbotix_common_modules/lib/python3.12/site-packages/interbotix_common_modules/py_common
[1.624s] copying /home/ayaan/URC/build/interbotix_common_modules/build/lib/interbotix_common_modules/py_common/params.py -> /home/ayaan/URC/install/interbotix_common_modules/lib/python3.12/site-packages/interbotix_common_modules/py_common
[1.624s] creating /home/ayaan/URC/install/interbotix_common_modules/lib/python3.12/site-packages/interbotix_common_modules/common_robot
[1.624s] copying /home/ayaan/URC/build/interbotix_common_modules/build/lib/interbotix_common_modules/common_robot/robot.py -> /home/ayaan/URC/install/interbotix_common_modules/lib/python3.12/site-packages/interbotix_common_modules/common_robot
[1.624s] copying /home/ayaan/URC/build/interbotix_common_modules/build/lib/interbotix_common_modules/common_robot/exceptions.py -> /home/ayaan/URC/install/interbotix_common_modules/lib/python3.12/site-packages/interbotix_common_modules/common_robot
[1.624s] copying /home/ayaan/URC/build/interbotix_common_modules/build/lib/interbotix_common_modules/common_robot/__init__.py -> /home/ayaan/URC/install/interbotix_common_modules/lib/python3.12/site-packages/interbotix_common_modules/common_robot
[1.625s] byte-compiling /home/ayaan/URC/install/interbotix_common_modules/lib/python3.12/site-packages/interbotix_common_modules/__init__.py to __init__.cpython-312.pyc
[1.625s] byte-compiling /home/ayaan/URC/install/interbotix_common_modules/lib/python3.12/site-packages/interbotix_common_modules/launch/__init__.py to __init__.cpython-312.pyc
[1.625s] byte-compiling /home/ayaan/URC/install/interbotix_common_modules/lib/python3.12/site-packages/interbotix_common_modules/launch/and_condition.py to and_condition.cpython-312.pyc
[1.626s] byte-compiling /home/ayaan/URC/install/interbotix_common_modules/lib/python3.12/site-packages/interbotix_common_modules/launch/or_condition.py to or_condition.cpython-312.pyc
[1.627s] byte-compiling /home/ayaan/URC/install/interbotix_common_modules/lib/python3.12/site-packages/interbotix_common_modules/angle_manipulation/angle_manipulation.py to angle_manipulation.cpython-312.pyc
[1.627s] byte-compiling /home/ayaan/URC/install/interbotix_common_modules/lib/python3.12/site-packages/interbotix_common_modules/angle_manipulation/__init__.py to __init__.cpython-312.pyc
[1.628s] byte-compiling /home/ayaan/URC/install/interbotix_common_modules/lib/python3.12/site-packages/interbotix_common_modules/py_common/__init__.py to __init__.cpython-312.pyc
[1.628s] byte-compiling /home/ayaan/URC/install/interbotix_common_modules/lib/python3.12/site-packages/interbotix_common_modules/py_common/params.py to params.cpython-312.pyc
[1.628s] byte-compiling /home/ayaan/URC/install/interbotix_common_modules/lib/python3.12/site-packages/interbotix_common_modules/common_robot/robot.py to robot.cpython-312.pyc
[1.629s] byte-compiling /home/ayaan/URC/install/interbotix_common_modules/lib/python3.12/site-packages/interbotix_common_modules/common_robot/exceptions.py to exceptions.cpython-312.pyc
[1.629s] byte-compiling /home/ayaan/URC/install/interbotix_common_modules/lib/python3.12/site-packages/interbotix_common_modules/common_robot/__init__.py to __init__.cpython-312.pyc
[1.630s] running install_data
[1.630s] creating /home/ayaan/URC/install/interbotix_common_modules/share/ament_index
[1.630s] creating /home/ayaan/URC/install/interbotix_common_modules/share/ament_index/resource_index
[1.630s] creating /home/ayaan/URC/install/interbotix_common_modules/share/ament_index/resource_index/packages
[1.630s] copying resource/interbotix_common_modules -> /home/ayaan/URC/install/interbotix_common_modules/share/ament_index/resource_index/packages
[1.630s] copying package.xml -> /home/ayaan/URC/install/interbotix_common_modules/share/interbotix_common_modules
[1.630s] running install_egg_info
[1.648s] Copying ../../../build/interbotix_common_modules/interbotix_common_modules.egg-info to /home/ayaan/URC/install/interbotix_common_modules/lib/python3.12/site-packages/interbotix_common_modules-0.0.0-py3.12.egg-info
[1.649s] running install_scripts
[1.755s] writing list of installed files to '/home/ayaan/URC/build/interbotix_common_modules/install.log'
[1.814s] Invoked command in '/home/ayaan/URC/urc_ws_interbotix/src/interbotix_common_modules' returned '0': DEBUGINFOD_URLS=https://debuginfod.ubuntu.com PYTHONPATH=/home/ayaan/URC/build/interbotix_common_modules/prefix_override:/usr/lib/python3/dist-packages/colcon_core/task/python/colcon_distutils_commands:/home/ayaan/URC/install/interbotix_common_modules/lib/python3.12/site-packages:${PYTHONPATH} /usr/bin/python3 -W ignore:setup.py install is deprecated -W ignore:easy_install command is deprecated setup.py egg_info --egg-base ../../../build/interbotix_common_modules build --build-base /home/ayaan/URC/build/interbotix_common_modules/build install --record /home/ayaan/URC/build/interbotix_common_modules/install.log --single-version-externally-managed install_data
